create: (g=0): rw=read, bs=(R) 4096B-4096B, (W) 4096B-4096B, (T) 4096B-4096B, ioengine=filecreate, iodepth=1
...
fio-3.41
Starting 15 threads

create: (groupid=0, jobs=15): err= 0: pid=707237: Sat Mar 14 07:56:03 2026
  read: IOPS=8941, BW=34.9MiB/s (36.6MB/s)(469MiB/13421msec)
    clat (usec): min=37, max=66408, avg=1147.38, stdev=1158.96
    clat percentiles (usec):
     |  1.00th=[   47],  5.00th=[   51], 10.00th=[   53], 20.00th=[   63],
     | 30.00th=[   97], 40.00th=[ 1205], 50.00th=[ 1483], 60.00th=[ 1647],
     | 70.00th=[ 1778], 80.00th=[ 1909], 90.00th=[ 2057], 95.00th=[ 2180],
     | 99.00th=[ 2343], 99.50th=[ 2409], 99.90th=[ 2638], 99.95th=[ 6718],
     | 99.99th=[52167]
   bw (  KiB/s): min=25517, max=47800, per=99.84%, avg=35706.13, stdev=336.12, samples=385
   iops        : min= 6373, max=11949, avg=8926.21, stdev=84.06, samples=385
  cpu          : usr=25.72%, sys=2.82%, ctx=616523, majf=0, minf=0
  IO depths    : 1=100.0%, 2=0.0%, 4=0.0%, 8=0.0%, 16=0.0%, 32=0.0%, >=64=0.0%
     submit    : 0=0.0%, 4=100.0%, 8=0.0%, 16=0.0%, 32=0.0%, 64=0.0%, >=64=0.0%
     complete  : 0=0.0%, 4=100.0%, 8=0.0%, 16=0.0%, 32=0.0%, 64=0.0%, >=64=0.0%
     issued rwts: total=120000,0,0,0 short=0,0,0,0 dropped=0,0,0,0
     latency   : target=0, window=0, percentile=100.00%, depth=1

Run status group 0 (all jobs):
   READ: bw=34.9MiB/s (36.6MB/s), 34.9MiB/s-34.9MiB/s (36.6MB/s-36.6MB/s), io=469MiB (492MB), run=13421-13421msec
