create: (g=0): rw=read, bs=(R) 4096B-4096B, (W) 4096B-4096B, (T) 4096B-4096B, ioengine=filecreate, iodepth=1
...
fio-3.41
Starting 11 threads

create: (groupid=0, jobs=11): err= 0: pid=687129: Sat Mar 14 06:44:26 2026
  read: IOPS=11.3k, BW=44.1MiB/s (46.2MB/s)(344MiB/7803msec)
    clat (usec): min=35, max=37787, avg=320.20, stdev=543.58
    clat percentiles (usec):
     |  1.00th=[   43],  5.00th=[   46], 10.00th=[   48], 20.00th=[   51],
     | 30.00th=[   59], 40.00th=[   77], 50.00th=[   96], 60.00th=[  131],
     | 70.00th=[  192], 80.00th=[  807], 90.00th=[ 1045], 95.00th=[ 1156],
     | 99.00th=[ 1336], 99.50th=[ 1401], 99.90th=[ 1614], 99.95th=[ 2343],
     | 99.99th=[27657]
   bw (  KiB/s): min=29084, max=116306, per=100.00%, avg=56659.63, stdev=2121.38, samples=134
   iops        : min= 7267, max=29076, avg=14164.33, stdev=530.38, samples=134
  cpu          : usr=53.11%, sys=4.28%, ctx=432908, majf=0, minf=0
  IO depths    : 1=100.0%, 2=0.0%, 4=0.0%, 8=0.0%, 16=0.0%, 32=0.0%, >=64=0.0%
     submit    : 0=0.0%, 4=100.0%, 8=0.0%, 16=0.0%, 32=0.0%, 64=0.0%, >=64=0.0%
     complete  : 0=0.0%, 4=100.0%, 8=0.0%, 16=0.0%, 32=0.0%, 64=0.0%, >=64=0.0%
     issued rwts: total=88000,0,0,0 short=0,0,0,0 dropped=0,0,0,0
     latency   : target=0, window=0, percentile=100.00%, depth=1

Run status group 0 (all jobs):
   READ: bw=44.1MiB/s (46.2MB/s), 44.1MiB/s-44.1MiB/s (46.2MB/s-46.2MB/s), io=344MiB (360MB), run=7803-7803msec
