create: (g=0): rw=read, bs=(R) 4096B-4096B, (W) 4096B-4096B, (T) 4096B-4096B, ioengine=filecreate, iodepth=1
...
fio-3.41
Starting 7 threads

create: (groupid=0, jobs=7): err= 0: pid=679344: Sat Mar 14 06:20:17 2026
  read: IOPS=7981, BW=31.2MiB/s (32.7MB/s)(219MiB/7016msec)
    clat (usec): min=36, max=42947, avg=72.95, stdev=284.22
    clat percentiles (usec):
     |  1.00th=[   42],  5.00th=[   45], 10.00th=[   47], 20.00th=[   48],
     | 30.00th=[   49], 40.00th=[   50], 50.00th=[   53], 60.00th=[   61],
     | 70.00th=[   73], 80.00th=[   90], 90.00th=[  117], 95.00th=[  143],
     | 99.00th=[  200], 99.50th=[  227], 99.90th=[  545], 99.95th=[  922],
     | 99.99th=[ 4015]
   bw (  KiB/s): min=15763, max=93144, per=100.00%, avg=38039.40, stdev=3013.83, samples=77
   iops        : min= 3938, max=23286, avg=9509.35, stdev=753.50, samples=77
  cpu          : usr=81.67%, sys=3.84%, ctx=249942, majf=0, minf=0
  IO depths    : 1=100.0%, 2=0.0%, 4=0.0%, 8=0.0%, 16=0.0%, 32=0.0%, >=64=0.0%
     submit    : 0=0.0%, 4=100.0%, 8=0.0%, 16=0.0%, 32=0.0%, 64=0.0%, >=64=0.0%
     complete  : 0=0.0%, 4=100.0%, 8=0.0%, 16=0.0%, 32=0.0%, 64=0.0%, >=64=0.0%
     issued rwts: total=56000,0,0,0 short=0,0,0,0 dropped=0,0,0,0
     latency   : target=0, window=0, percentile=100.00%, depth=1

Run status group 0 (all jobs):
   READ: bw=31.2MiB/s (32.7MB/s), 31.2MiB/s-31.2MiB/s (32.7MB/s-32.7MB/s), io=219MiB (229MB), run=7016-7016msec
