create: (g=0): rw=read, bs=(R) 4096B-4096B, (W) 4096B-4096B, (T) 4096B-4096B, ioengine=filecreate, iodepth=1
...
fio-3.41
Starting 5 threads

create: (groupid=0, jobs=5): err= 0: pid=705921: Sat Mar 14 07:54:07 2026
  read: IOPS=8066, BW=31.5MiB/s (33.0MB/s)(156MiB/4959msec)
    clat (usec): min=34, max=52944, avg=67.08, stdev=266.61
    clat percentiles (usec):
     |  1.00th=[   40],  5.00th=[   42], 10.00th=[   45], 20.00th=[   47],
     | 30.00th=[   49], 40.00th=[   50], 50.00th=[   52], 60.00th=[   59],
     | 70.00th=[   70], 80.00th=[   85], 90.00th=[  103], 95.00th=[  126],
     | 99.00th=[  169], 99.50th=[  186], 99.90th=[  388], 99.95th=[  652],
     | 99.99th=[ 1020]
   bw (  KiB/s): min=15268, max=61640, per=96.80%, avg=31232.32, stdev=2845.98, samples=39
   iops        : min= 3816, max=15410, avg=7807.94, stdev=711.53, samples=39
  cpu          : usr=74.72%, sys=4.55%, ctx=177222, majf=0, minf=0
  IO depths    : 1=100.0%, 2=0.0%, 4=0.0%, 8=0.0%, 16=0.0%, 32=0.0%, >=64=0.0%
     submit    : 0=0.0%, 4=100.0%, 8=0.0%, 16=0.0%, 32=0.0%, 64=0.0%, >=64=0.0%
     complete  : 0=0.0%, 4=100.0%, 8=0.0%, 16=0.0%, 32=0.0%, 64=0.0%, >=64=0.0%
     issued rwts: total=40000,0,0,0 short=0,0,0,0 dropped=0,0,0,0
     latency   : target=0, window=0, percentile=100.00%, depth=1

Run status group 0 (all jobs):
   READ: bw=31.5MiB/s (33.0MB/s), 31.5MiB/s-31.5MiB/s (33.0MB/s-33.0MB/s), io=156MiB (164MB), run=4959-4959msec
