create: (g=0): rw=read, bs=(R) 4096B-4096B, (W) 4096B-4096B, (T) 4096B-4096B, ioengine=filecreate, iodepth=1
...
fio-3.41
Starting 30 threads

create: (groupid=0, jobs=30): err= 0: pid=669788: Sat Mar 14 05:43:18 2026
  read: IOPS=5736, BW=22.4MiB/s (23.5MB/s)(938MiB/41836msec)
    clat (usec): min=38, max=57197, avg=4652.50, stdev=2756.12
    clat percentiles (usec):
     |  1.00th=[   60],  5.00th=[   86], 10.00th=[  115], 20.00th=[ 3654],
     | 30.00th=[ 4490], 40.00th=[ 4948], 50.00th=[ 5211], 60.00th=[ 5604],
     | 70.00th=[ 6128], 80.00th=[ 6456], 90.00th=[ 6783], 95.00th=[ 7046],
     | 99.00th=[ 7504], 99.50th=[ 7701], 99.90th=[33817], 99.95th=[49546],
     | 99.99th=[54789]
   bw (  KiB/s): min=16480, max=29304, per=100.00%, avg=23019.48, stdev=90.96, samples=2478
   iops        : min= 4118, max= 7326, avg=5754.78, stdev=22.74, samples=2478
  cpu          : usr=9.17%, sys=1.65%, ctx=1261778, majf=0, minf=0
  IO depths    : 1=100.0%, 2=0.0%, 4=0.0%, 8=0.0%, 16=0.0%, 32=0.0%, >=64=0.0%
     submit    : 0=0.0%, 4=100.0%, 8=0.0%, 16=0.0%, 32=0.0%, 64=0.0%, >=64=0.0%
     complete  : 0=0.0%, 4=100.0%, 8=0.0%, 16=0.0%, 32=0.0%, 64=0.0%, >=64=0.0%
     issued rwts: total=240000,0,0,0 short=0,0,0,0 dropped=0,0,0,0
     latency   : target=0, window=0, percentile=100.00%, depth=1

Run status group 0 (all jobs):
   READ: bw=22.4MiB/s (23.5MB/s), 22.4MiB/s-22.4MiB/s (23.5MB/s-23.5MB/s), io=938MiB (983MB), run=41836-41836msec
