create: (g=0): rw=read, bs=(R) 4096B-4096B, (W) 4096B-4096B, (T) 4096B-4096B, ioengine=filecreate, iodepth=1
...
fio-3.41
Starting 40 threads

create: (groupid=0, jobs=40): err= 0: pid=663768: Sat Mar 14 05:23:30 2026
  read: IOPS=5855, BW=22.9MiB/s (24.0MB/s)(1250MiB/54653msec)
    clat (usec): min=41, max=59142, avg=6155.40, stdev=3288.46
    clat percentiles (usec):
     |  1.00th=[   64],  5.00th=[   91], 10.00th=[  120], 20.00th=[ 5604],
     | 30.00th=[ 6259], 40.00th=[ 6652], 50.00th=[ 6980], 60.00th=[ 7308],
     | 70.00th=[ 7767], 80.00th=[ 8291], 90.00th=[ 8717], 95.00th=[ 9110],
     | 99.00th=[ 9765], 99.50th=[10028], 99.90th=[38536], 99.95th=[46924],
     | 99.99th=[53740]
   bw (  KiB/s): min=15592, max=30952, per=100.00%, avg=23424.27, stdev=62.51, samples=4368
   iops        : min= 3898, max= 7738, avg=5856.07, stdev=15.63, samples=4368
  cpu          : usr=8.51%, sys=1.25%, ctx=1691987, majf=0, minf=0
  IO depths    : 1=100.0%, 2=0.0%, 4=0.0%, 8=0.0%, 16=0.0%, 32=0.0%, >=64=0.0%
     submit    : 0=0.0%, 4=100.0%, 8=0.0%, 16=0.0%, 32=0.0%, 64=0.0%, >=64=0.0%
     complete  : 0=0.0%, 4=100.0%, 8=0.0%, 16=0.0%, 32=0.0%, 64=0.0%, >=64=0.0%
     issued rwts: total=320000,0,0,0 short=0,0,0,0 dropped=0,0,0,0
     latency   : target=0, window=0, percentile=100.00%, depth=1

Run status group 0 (all jobs):
   READ: bw=22.9MiB/s (24.0MB/s), 22.9MiB/s-22.9MiB/s (24.0MB/s-24.0MB/s), io=1250MiB (1311MB), run=54653-54653msec
