create: (g=0): rw=read, bs=(R) 4096B-4096B, (W) 4096B-4096B, (T) 4096B-4096B, ioengine=filecreate, iodepth=1
...
fio-3.41
Starting 60 threads

create: (groupid=0, jobs=60): err= 0: pid=711474: Sat Mar 14 08:15:19 2026
  read: IOPS=5651, BW=22.1MiB/s (23.1MB/s)(1875MiB/84928msec)
    clat (usec): min=43, max=101346, avg=9584.15, stdev=4424.41
    clat percentiles (usec):
     |  1.00th=[   75],  5.00th=[  109], 10.00th=[  135], 20.00th=[ 9110],
     | 30.00th=[ 9634], 40.00th=[10028], 50.00th=[10683], 60.00th=[11338],
     | 70.00th=[11863], 80.00th=[12387], 90.00th=[12911], 95.00th=[13173],
     | 99.00th=[13698], 99.50th=[14091], 99.90th=[37487], 99.95th=[51119],
     | 99.99th=[99091]
   bw (  KiB/s): min=15599, max=33650, per=100.00%, avg=22709.04, stdev=41.02, samples=10120
   iops        : min= 3899, max= 8412, avg=5677.20, stdev=10.26, samples=10120
  cpu          : usr=8.50%, sys=0.87%, ctx=2544208, majf=0, minf=0
  IO depths    : 1=100.0%, 2=0.0%, 4=0.0%, 8=0.0%, 16=0.0%, 32=0.0%, >=64=0.0%
     submit    : 0=0.0%, 4=100.0%, 8=0.0%, 16=0.0%, 32=0.0%, 64=0.0%, >=64=0.0%
     complete  : 0=0.0%, 4=100.0%, 8=0.0%, 16=0.0%, 32=0.0%, 64=0.0%, >=64=0.0%
     issued rwts: total=480000,0,0,0 short=0,0,0,0 dropped=0,0,0,0
     latency   : target=0, window=0, percentile=100.00%, depth=1

Run status group 0 (all jobs):
   READ: bw=22.1MiB/s (23.1MB/s), 22.1MiB/s-22.1MiB/s (23.1MB/s-23.1MB/s), io=1875MiB (1966MB), run=84928-84928msec
