create: (g=0): rw=read, bs=(R) 4096B-4096B, (W) 4096B-4096B, (T) 4096B-4096B, ioengine=filecreate, iodepth=1
...
fio-3.41
Starting 18 threads

create: (groupid=0, jobs=18): err= 0: pid=688152: Sat Mar 14 06:46:32 2026
  read: IOPS=7682, BW=30.0MiB/s (31.5MB/s)(563MiB/18745msec)
    clat (usec): min=40, max=53251, avg=1880.57, stdev=1418.65
    clat percentiles (usec):
     |  1.00th=[   51],  5.00th=[   56], 10.00th=[   67], 20.00th=[   97],
     | 30.00th=[ 1713], 40.00th=[ 2008], 50.00th=[ 2212], 60.00th=[ 2409],
     | 70.00th=[ 2573], 80.00th=[ 2704], 90.00th=[ 2868], 95.00th=[ 2999],
     | 99.00th=[ 3195], 99.50th=[ 3261], 99.90th=[ 7898], 99.95th=[31065],
     | 99.99th=[46924]
   bw (  KiB/s): min=22325, max=35864, per=100.00%, avg=30861.69, stdev=143.84, samples=659
   iops        : min= 5581, max= 8966, avg=7715.42, stdev=35.96, samples=659
  cpu          : usr=15.87%, sys=2.57%, ctx=754919, majf=0, minf=0
  IO depths    : 1=100.0%, 2=0.0%, 4=0.0%, 8=0.0%, 16=0.0%, 32=0.0%, >=64=0.0%
     submit    : 0=0.0%, 4=100.0%, 8=0.0%, 16=0.0%, 32=0.0%, 64=0.0%, >=64=0.0%
     complete  : 0=0.0%, 4=100.0%, 8=0.0%, 16=0.0%, 32=0.0%, 64=0.0%, >=64=0.0%
     issued rwts: total=144000,0,0,0 short=0,0,0,0 dropped=0,0,0,0
     latency   : target=0, window=0, percentile=100.00%, depth=1

Run status group 0 (all jobs):
   READ: bw=30.0MiB/s (31.5MB/s), 30.0MiB/s-30.0MiB/s (31.5MB/s-31.5MB/s), io=563MiB (590MB), run=18745-18745msec
