create: (g=0): rw=read, bs=(R) 4096B-4096B, (W) 4096B-4096B, (T) 4096B-4096B, ioengine=filecreate, iodepth=1
...
fio-3.41
Starting 48 threads

create: (groupid=0, jobs=48): err= 0: pid=649794: Sat Mar 14 04:38:54 2026
  read: IOPS=5663, BW=22.1MiB/s (23.2MB/s)(1500MiB/67802msec)
    clat (usec): min=45, max=101130, avg=7495.09, stdev=3912.31
    clat percentiles (usec):
     |  1.00th=[    72],  5.00th=[   102], 10.00th=[   128], 20.00th=[  6718],
     | 30.00th=[  7439], 40.00th=[  7963], 50.00th=[  8455], 60.00th=[  8979],
     | 70.00th=[  9372], 80.00th=[  9765], 90.00th=[ 10159], 95.00th=[ 10552],
     | 99.00th=[ 11076], 99.50th=[ 11338], 99.90th=[ 43779], 99.95th=[ 60556],
     | 99.99th=[100140]
   bw (  KiB/s): min=15535, max=34184, per=100.00%, avg=22921.49, stdev=55.84, samples=6393
   iops        : min= 3883, max= 8546, avg=5730.36, stdev=13.96, samples=6393
  cpu          : usr=9.33%, sys=1.08%, ctx=2029122, majf=0, minf=0
  IO depths    : 1=100.0%, 2=0.0%, 4=0.0%, 8=0.0%, 16=0.0%, 32=0.0%, >=64=0.0%
     submit    : 0=0.0%, 4=100.0%, 8=0.0%, 16=0.0%, 32=0.0%, 64=0.0%, >=64=0.0%
     complete  : 0=0.0%, 4=100.0%, 8=0.0%, 16=0.0%, 32=0.0%, 64=0.0%, >=64=0.0%
     issued rwts: total=384000,0,0,0 short=0,0,0,0 dropped=0,0,0,0
     latency   : target=0, window=0, percentile=100.00%, depth=1

Run status group 0 (all jobs):
   READ: bw=22.1MiB/s (23.2MB/s), 22.1MiB/s-22.1MiB/s (23.2MB/s-23.2MB/s), io=1500MiB (1573MB), run=67802-67802msec
