create: (g=0): rw=read, bs=(R) 4096B-4096B, (W) 4096B-4096B, (T) 4096B-4096B, ioengine=filecreate, iodepth=1
...
fio-3.41
Starting 6 threads

create: (groupid=0, jobs=6): err= 0: pid=686480: Sat Mar 14 06:43:37 2026
  read: IOPS=11.7k, BW=45.9MiB/s (48.1MB/s)(188MiB/4088msec)
    clat (usec): min=36, max=32426, avg=83.43, stdev=282.06
    clat percentiles (usec):
     |  1.00th=[   42],  5.00th=[   45], 10.00th=[   47], 20.00th=[   49],
     | 30.00th=[   50], 40.00th=[   53], 50.00th=[   64], 60.00th=[   80],
     | 70.00th=[   93], 80.00th=[  113], 90.00th=[  139], 95.00th=[  161],
     | 99.00th=[  202], 99.50th=[  219], 99.90th=[  644], 99.95th=[  807],
     | 99.99th=[16450]
   bw (  KiB/s): min=25577, max=70392, per=96.22%, avg=45193.69, stdev=2468.04, samples=37
   iops        : min= 6393, max=17598, avg=11298.20, stdev=617.06, samples=37
  cpu          : usr=69.56%, sys=6.14%, ctx=223695, majf=0, minf=0
  IO depths    : 1=100.0%, 2=0.0%, 4=0.0%, 8=0.0%, 16=0.0%, 32=0.0%, >=64=0.0%
     submit    : 0=0.0%, 4=100.0%, 8=0.0%, 16=0.0%, 32=0.0%, 64=0.0%, >=64=0.0%
     complete  : 0=0.0%, 4=100.0%, 8=0.0%, 16=0.0%, 32=0.0%, 64=0.0%, >=64=0.0%
     issued rwts: total=48000,0,0,0 short=0,0,0,0 dropped=0,0,0,0
     latency   : target=0, window=0, percentile=100.00%, depth=1

Run status group 0 (all jobs):
   READ: bw=45.9MiB/s (48.1MB/s), 45.9MiB/s-45.9MiB/s (48.1MB/s-48.1MB/s), io=188MiB (197MB), run=4088-4088msec
