create: (g=0): rw=read, bs=(R) 4096B-4096B, (W) 4096B-4096B, (T) 4096B-4096B, ioengine=filecreate, iodepth=1
...
fio-3.41
Starting 10 threads

create: (groupid=0, jobs=10): err= 0: pid=700048: Sat Mar 14 07:31:22 2026
  read: IOPS=12.0k, BW=47.0MiB/s (49.3MB/s)(313MiB/6649msec)
    clat (usec): min=37, max=53867, avg=296.51, stdev=720.33
    clat percentiles (usec):
     |  1.00th=[   46],  5.00th=[   48], 10.00th=[   49], 20.00th=[   53],
     | 30.00th=[   68], 40.00th=[   87], 50.00th=[  109], 60.00th=[  141],
     | 70.00th=[  186], 80.00th=[  701], 90.00th=[  938], 95.00th=[ 1045],
     | 99.00th=[ 1205], 99.50th=[ 1254], 99.90th=[ 1434], 99.95th=[ 1893],
     | 99.99th=[40633]
   bw (  KiB/s): min=27639, max=98368, per=100.00%, avg=56429.73, stdev=1915.11, samples=115
   iops        : min= 6909, max=24592, avg=14107.23, stdev=478.80, samples=115
  cpu          : usr=51.63%, sys=4.73%, ctx=398912, majf=0, minf=0
  IO depths    : 1=100.0%, 2=0.0%, 4=0.0%, 8=0.0%, 16=0.0%, 32=0.0%, >=64=0.0%
     submit    : 0=0.0%, 4=100.0%, 8=0.0%, 16=0.0%, 32=0.0%, 64=0.0%, >=64=0.0%
     complete  : 0=0.0%, 4=100.0%, 8=0.0%, 16=0.0%, 32=0.0%, 64=0.0%, >=64=0.0%
     issued rwts: total=80000,0,0,0 short=0,0,0,0 dropped=0,0,0,0
     latency   : target=0, window=0, percentile=100.00%, depth=1

Run status group 0 (all jobs):
   READ: bw=47.0MiB/s (49.3MB/s), 47.0MiB/s-47.0MiB/s (49.3MB/s-49.3MB/s), io=313MiB (328MB), run=6649-6649msec
