create: (g=0): rw=read, bs=(R) 4096B-4096B, (W) 4096B-4096B, (T) 4096B-4096B, ioengine=filecreate, iodepth=1
...
fio-3.41
Starting 14 threads

create: (groupid=0, jobs=14): err= 0: pid=673763: Sat Mar 14 05:58:03 2026
  read: IOPS=8802, BW=34.4MiB/s (36.1MB/s)(438MiB/12723msec)
    clat (usec): min=38, max=49522, avg=1156.58, stdev=1022.39
    clat percentiles (usec):
     |  1.00th=[   49],  5.00th=[   52], 10.00th=[   56], 20.00th=[   72],
     | 30.00th=[  750], 40.00th=[ 1221], 50.00th=[ 1401], 60.00th=[ 1549],
     | 70.00th=[ 1663], 80.00th=[ 1795], 90.00th=[ 1942], 95.00th=[ 2040],
     | 99.00th=[ 2212], 99.50th=[ 2278], 99.90th=[ 2933], 99.95th=[ 9896],
     | 99.99th=[40633]
   bw (  KiB/s): min=27328, max=52232, per=100.00%, avg=35757.49, stdev=379.51, samples=341
   iops        : min= 6829, max=13058, avg=8939.18, stdev=94.89, samples=341
  cpu          : usr=21.63%, sys=3.20%, ctx=583317, majf=0, minf=0
  IO depths    : 1=100.0%, 2=0.0%, 4=0.0%, 8=0.0%, 16=0.0%, 32=0.0%, >=64=0.0%
     submit    : 0=0.0%, 4=100.0%, 8=0.0%, 16=0.0%, 32=0.0%, 64=0.0%, >=64=0.0%
     complete  : 0=0.0%, 4=100.0%, 8=0.0%, 16=0.0%, 32=0.0%, 64=0.0%, >=64=0.0%
     issued rwts: total=112000,0,0,0 short=0,0,0,0 dropped=0,0,0,0
     latency   : target=0, window=0, percentile=100.00%, depth=1

Run status group 0 (all jobs):
   READ: bw=34.4MiB/s (36.1MB/s), 34.4MiB/s-34.4MiB/s (36.1MB/s-36.1MB/s), io=438MiB (459MB), run=12723-12723msec
