create: (g=0): rw=read, bs=(R) 4096B-4096B, (W) 4096B-4096B, (T) 4096B-4096B, ioengine=filecreate, iodepth=1
...
fio-3.41
Starting 6 threads

create: (groupid=0, jobs=6): err= 0: pid=679219: Sat Mar 14 06:20:08 2026
  read: IOPS=12.3k, BW=47.9MiB/s (50.2MB/s)(188MiB/3915msec)
    clat (usec): min=36, max=30346, avg=77.97, stdev=186.08
    clat percentiles (usec):
     |  1.00th=[   44],  5.00th=[   46], 10.00th=[   47], 20.00th=[   49],
     | 30.00th=[   50], 40.00th=[   53], 50.00th=[   63], 60.00th=[   74],
     | 70.00th=[   87], 80.00th=[   99], 90.00th=[  127], 95.00th=[  145],
     | 99.00th=[  190], 99.50th=[  210], 99.90th=[  619], 99.95th=[  857],
     | 99.99th=[ 1942]
   bw (  KiB/s): min=26828, max=88555, per=99.81%, avg=48949.87, stdev=3361.78, samples=38
   iops        : min= 6706, max=22138, avg=12237.20, stdev=840.43, samples=38
  cpu          : usr=69.77%, sys=6.73%, ctx=223030, majf=0, minf=0
  IO depths    : 1=100.0%, 2=0.0%, 4=0.0%, 8=0.0%, 16=0.0%, 32=0.0%, >=64=0.0%
     submit    : 0=0.0%, 4=100.0%, 8=0.0%, 16=0.0%, 32=0.0%, 64=0.0%, >=64=0.0%
     complete  : 0=0.0%, 4=100.0%, 8=0.0%, 16=0.0%, 32=0.0%, 64=0.0%, >=64=0.0%
     issued rwts: total=48000,0,0,0 short=0,0,0,0 dropped=0,0,0,0
     latency   : target=0, window=0, percentile=100.00%, depth=1

Run status group 0 (all jobs):
   READ: bw=47.9MiB/s (50.2MB/s), 47.9MiB/s-47.9MiB/s (50.2MB/s-50.2MB/s), io=188MiB (197MB), run=3915-3915msec
