create: (g=0): rw=read, bs=(R) 4096B-4096B, (W) 4096B-4096B, (T) 4096B-4096B, ioengine=filecreate, iodepth=1
...
fio-3.41
Starting 22 threads

create: (groupid=0, jobs=22): err= 0: pid=655173: Sat Mar 14 04:50:36 2026
  read: IOPS=6714, BW=26.2MiB/s (27.5MB/s)(688MiB/26210msec)
    clat (usec): min=40, max=52487, avg=2780.34, stdev=1874.30
    clat percentiles (usec):
     |  1.00th=[   52],  5.00th=[   64], 10.00th=[   82], 20.00th=[  277],
     | 30.00th=[ 2540], 40.00th=[ 2835], 50.00th=[ 3064], 60.00th=[ 3326],
     | 70.00th=[ 3720], 80.00th=[ 4047], 90.00th=[ 4359], 95.00th=[ 4621],
     | 99.00th=[ 5080], 99.50th=[ 5211], 99.90th=[15533], 99.95th=[41157],
     | 99.99th=[48497]
   bw (  KiB/s): min=19235, max=32960, per=100.00%, avg=27012.54, stdev=156.75, samples=1137
   iops        : min= 4806, max= 8240, avg=6752.98, stdev=39.19, samples=1137
  cpu          : usr=12.58%, sys=2.12%, ctx=923713, majf=0, minf=0
  IO depths    : 1=100.0%, 2=0.0%, 4=0.0%, 8=0.0%, 16=0.0%, 32=0.0%, >=64=0.0%
     submit    : 0=0.0%, 4=100.0%, 8=0.0%, 16=0.0%, 32=0.0%, 64=0.0%, >=64=0.0%
     complete  : 0=0.0%, 4=100.0%, 8=0.0%, 16=0.0%, 32=0.0%, 64=0.0%, >=64=0.0%
     issued rwts: total=176000,0,0,0 short=0,0,0,0 dropped=0,0,0,0
     latency   : target=0, window=0, percentile=100.00%, depth=1

Run status group 0 (all jobs):
   READ: bw=26.2MiB/s (27.5MB/s), 26.2MiB/s-26.2MiB/s (27.5MB/s-27.5MB/s), io=688MiB (721MB), run=26210-26210msec
