create: (g=0): rw=read, bs=(R) 4096B-4096B, (W) 4096B-4096B, (T) 4096B-4096B, ioengine=filecreate, iodepth=1
...
fio-3.41
Starting 17 threads

create: (groupid=0, jobs=17): err= 0: pid=674197: Sat Mar 14 05:59:02 2026
  read: IOPS=7542, BW=29.5MiB/s (30.9MB/s)(531MiB/18031msec)
    clat (usec): min=40, max=56258, avg=1803.16, stdev=1455.20
    clat percentiles (usec):
     |  1.00th=[   51],  5.00th=[   56], 10.00th=[   69], 20.00th=[  102],
     | 30.00th=[ 1663], 40.00th=[ 1909], 50.00th=[ 2114], 60.00th=[ 2278],
     | 70.00th=[ 2409], 80.00th=[ 2573], 90.00th=[ 2737], 95.00th=[ 2835],
     | 99.00th=[ 3032], 99.50th=[ 3097], 99.90th=[10159], 99.95th=[31589],
     | 99.99th=[55313]
   bw (  KiB/s): min=20956, max=34736, per=100.00%, avg=30316.11, stdev=145.03, samples=601
   iops        : min= 5232, max= 8684, avg=7578.83, stdev=36.30, samples=601
  cpu          : usr=16.69%, sys=2.65%, ctx=712762, majf=0, minf=0
  IO depths    : 1=100.0%, 2=0.0%, 4=0.0%, 8=0.0%, 16=0.0%, 32=0.0%, >=64=0.0%
     submit    : 0=0.0%, 4=100.0%, 8=0.0%, 16=0.0%, 32=0.0%, 64=0.0%, >=64=0.0%
     complete  : 0=0.0%, 4=100.0%, 8=0.0%, 16=0.0%, 32=0.0%, 64=0.0%, >=64=0.0%
     issued rwts: total=136000,0,0,0 short=0,0,0,0 dropped=0,0,0,0
     latency   : target=0, window=0, percentile=100.00%, depth=1

Run status group 0 (all jobs):
   READ: bw=29.5MiB/s (30.9MB/s), 29.5MiB/s-29.5MiB/s (30.9MB/s-30.9MB/s), io=531MiB (557MB), run=18031-18031msec
