create: (g=0): rw=read, bs=(R) 4096B-4096B, (W) 4096B-4096B, (T) 4096B-4096B, ioengine=filecreate, iodepth=1
...
fio-3.41
Starting 14 threads

create: (groupid=0, jobs=14): err= 0: pid=644692: Sat Mar 14 04:23:56 2026
  read: IOPS=9142, BW=35.7MiB/s (37.4MB/s)(438MiB/12250msec)
    clat (usec): min=37, max=55457, avg=1059.08, stdev=950.28
    clat percentiles (usec):
     |  1.00th=[   48],  5.00th=[   51], 10.00th=[   54], 20.00th=[   69],
     | 30.00th=[  147], 40.00th=[ 1074], 50.00th=[ 1319], 60.00th=[ 1483],
     | 70.00th=[ 1614], 80.00th=[ 1745], 90.00th=[ 1893], 95.00th=[ 2008],
     | 99.00th=[ 2180], 99.50th=[ 2245], 99.90th=[ 2802], 99.95th=[ 6128],
     | 99.99th=[41157]
   bw (  KiB/s): min=25955, max=64976, per=100.00%, avg=36805.38, stdev=550.50, samples=326
   iops        : min= 6488, max=16244, avg=9201.31, stdev=137.63, samples=326
  cpu          : usr=23.82%, sys=3.13%, ctx=580769, majf=0, minf=0
  IO depths    : 1=100.0%, 2=0.0%, 4=0.0%, 8=0.0%, 16=0.0%, 32=0.0%, >=64=0.0%
     submit    : 0=0.0%, 4=100.0%, 8=0.0%, 16=0.0%, 32=0.0%, 64=0.0%, >=64=0.0%
     complete  : 0=0.0%, 4=100.0%, 8=0.0%, 16=0.0%, 32=0.0%, 64=0.0%, >=64=0.0%
     issued rwts: total=112000,0,0,0 short=0,0,0,0 dropped=0,0,0,0
     latency   : target=0, window=0, percentile=100.00%, depth=1

Run status group 0 (all jobs):
   READ: bw=35.7MiB/s (37.4MB/s), 35.7MiB/s-35.7MiB/s (37.4MB/s-37.4MB/s), io=438MiB (459MB), run=12250-12250msec
