create: (g=0): rw=read, bs=(R) 4096B-4096B, (W) 4096B-4096B, (T) 4096B-4096B, ioengine=filecreate, iodepth=1
...
fio-3.41
Starting 22 threads

create: (groupid=0, jobs=22): err= 0: pid=647305: Sat Mar 14 04:27:07 2026
  read: IOPS=6824, BW=26.7MiB/s (28.0MB/s)(688MiB/25790msec)
    clat (usec): min=41, max=56576, avg=2720.67, stdev=2057.72
    clat percentiles (usec):
     |  1.00th=[   52],  5.00th=[   62], 10.00th=[   78], 20.00th=[  141],
     | 30.00th=[ 2409], 40.00th=[ 2737], 50.00th=[ 2966], 60.00th=[ 3195],
     | 70.00th=[ 3490], 80.00th=[ 3982], 90.00th=[ 4490], 95.00th=[ 4817],
     | 99.00th=[ 5211], 99.50th=[ 5342], 99.90th=[14353], 99.95th=[46924],
     | 99.99th=[52691]
   bw (  KiB/s): min=17730, max=33328, per=100.00%, avg=27431.31, stdev=174.56, samples=1115
   iops        : min= 4429, max= 8332, avg=6857.71, stdev=43.65, samples=1115
  cpu          : usr=12.97%, sys=2.11%, ctx=923724, majf=0, minf=0
  IO depths    : 1=100.0%, 2=0.0%, 4=0.0%, 8=0.0%, 16=0.0%, 32=0.0%, >=64=0.0%
     submit    : 0=0.0%, 4=100.0%, 8=0.0%, 16=0.0%, 32=0.0%, 64=0.0%, >=64=0.0%
     complete  : 0=0.0%, 4=100.0%, 8=0.0%, 16=0.0%, 32=0.0%, 64=0.0%, >=64=0.0%
     issued rwts: total=176000,0,0,0 short=0,0,0,0 dropped=0,0,0,0
     latency   : target=0, window=0, percentile=100.00%, depth=1

Run status group 0 (all jobs):
   READ: bw=26.7MiB/s (28.0MB/s), 26.7MiB/s-26.7MiB/s (28.0MB/s-28.0MB/s), io=688MiB (721MB), run=25790-25790msec
