create: (g=0): rw=read, bs=(R) 4096B-4096B, (W) 4096B-4096B, (T) 4096B-4096B, ioengine=filecreate, iodepth=1
...
fio-3.41
Starting 27 threads

create: (groupid=0, jobs=27): err= 0: pid=669273: Sat Mar 14 05:40:56 2026
  read: IOPS=6031, BW=23.6MiB/s (24.7MB/s)(844MiB/35811msec)
    clat (usec): min=41, max=53177, avg=3921.96, stdev=2374.02
    clat percentiles (usec):
     |  1.00th=[   55],  5.00th=[   76], 10.00th=[  106], 20.00th=[ 2966],
     | 30.00th=[ 3720], 40.00th=[ 4015], 50.00th=[ 4293], 60.00th=[ 4621],
     | 70.00th=[ 5211], 80.00th=[ 5669], 90.00th=[ 5932], 95.00th=[ 6194],
     | 99.00th=[ 6587], 99.50th=[ 6718], 99.90th=[31589], 99.95th=[40633],
     | 99.99th=[52691]
   bw (  KiB/s): min=18148, max=30403, per=100.00%, avg=24245.55, stdev=110.69, samples=1913
   iops        : min= 4537, max= 7600, avg=6061.36, stdev=27.67, samples=1913
  cpu          : usr=10.21%, sys=1.79%, ctx=1135598, majf=0, minf=0
  IO depths    : 1=100.0%, 2=0.0%, 4=0.0%, 8=0.0%, 16=0.0%, 32=0.0%, >=64=0.0%
     submit    : 0=0.0%, 4=100.0%, 8=0.0%, 16=0.0%, 32=0.0%, 64=0.0%, >=64=0.0%
     complete  : 0=0.0%, 4=100.0%, 8=0.0%, 16=0.0%, 32=0.0%, 64=0.0%, >=64=0.0%
     issued rwts: total=216000,0,0,0 short=0,0,0,0 dropped=0,0,0,0
     latency   : target=0, window=0, percentile=100.00%, depth=1

Run status group 0 (all jobs):
   READ: bw=23.6MiB/s (24.7MB/s), 23.6MiB/s-23.6MiB/s (24.7MB/s-24.7MB/s), io=844MiB (885MB), run=35811-35811msec
