create: (g=0): rw=read, bs=(R) 4096B-4096B, (W) 4096B-4096B, (T) 4096B-4096B, ioengine=filecreate, iodepth=1
...
fio-3.41
Starting 8 threads

create: (groupid=0, jobs=8): err= 0: pid=699758: Sat Mar 14 07:31:04 2026
  read: IOPS=11.0k, BW=43.1MiB/s (45.2MB/s)(250MiB/5794msec)
    clat (usec): min=37, max=55279, avg=88.26, stdev=355.41
    clat percentiles (usec):
     |  1.00th=[   42],  5.00th=[   46], 10.00th=[   47], 20.00th=[   49],
     | 30.00th=[   50], 40.00th=[   54], 50.00th=[   64], 60.00th=[   78],
     | 70.00th=[   94], 80.00th=[  120], 90.00th=[  153], 95.00th=[  182],
     | 99.00th=[  237], 99.50th=[  265], 99.90th=[  799], 99.95th=[ 1057],
     | 99.99th=[16712]
   bw (  KiB/s): min=27008, max=101136, per=100.00%, avg=53801.45, stdev=2687.38, samples=66
   iops        : min= 6752, max=25284, avg=13450.36, stdev=671.84, samples=66
  cpu          : usr=74.25%, sys=5.04%, ctx=297976, majf=0, minf=0
  IO depths    : 1=100.0%, 2=0.0%, 4=0.0%, 8=0.0%, 16=0.0%, 32=0.0%, >=64=0.0%
     submit    : 0=0.0%, 4=100.0%, 8=0.0%, 16=0.0%, 32=0.0%, 64=0.0%, >=64=0.0%
     complete  : 0=0.0%, 4=100.0%, 8=0.0%, 16=0.0%, 32=0.0%, 64=0.0%, >=64=0.0%
     issued rwts: total=64000,0,0,0 short=0,0,0,0 dropped=0,0,0,0
     latency   : target=0, window=0, percentile=100.00%, depth=1

Run status group 0 (all jobs):
   READ: bw=43.1MiB/s (45.2MB/s), 43.1MiB/s-43.1MiB/s (45.2MB/s-45.2MB/s), io=250MiB (262MB), run=5794-5794msec
