create: (g=0): rw=read, bs=(R) 4096B-4096B, (W) 4096B-4096B, (T) 4096B-4096B, ioengine=filecreate, iodepth=1
...
fio-3.41
Starting 64 threads

create: (groupid=0, jobs=64): err= 0: pid=678412: Sat Mar 14 06:19:34 2026
  read: IOPS=5562, BW=21.7MiB/s (22.8MB/s)(2000MiB/92043msec)
    clat (usec): min=45, max=123973, avg=10392.57, stdev=4805.36
    clat percentiles (usec):
     |  1.00th=[    77],  5.00th=[   111], 10.00th=[   139], 20.00th=[  9896],
     | 30.00th=[ 10421], 40.00th=[ 11076], 50.00th=[ 11600], 60.00th=[ 12125],
     | 70.00th=[ 12780], 80.00th=[ 13304], 90.00th=[ 13829], 95.00th=[ 14091],
     | 99.00th=[ 14746], 99.50th=[ 15139], 99.90th=[ 41157], 99.95th=[ 61080],
     | 99.99th=[122160]
   bw (  KiB/s): min=15152, max=36266, per=100.00%, avg=22374.20, stdev=39.44, samples=11684
   iops        : min= 3782, max= 9063, avg=5593.49, stdev= 9.86, samples=11684
  cpu          : usr=8.42%, sys=0.83%, ctx=2715275, majf=0, minf=0
  IO depths    : 1=100.0%, 2=0.0%, 4=0.0%, 8=0.0%, 16=0.0%, 32=0.0%, >=64=0.0%
     submit    : 0=0.0%, 4=100.0%, 8=0.0%, 16=0.0%, 32=0.0%, 64=0.0%, >=64=0.0%
     complete  : 0=0.0%, 4=100.0%, 8=0.0%, 16=0.0%, 32=0.0%, 64=0.0%, >=64=0.0%
     issued rwts: total=512000,0,0,0 short=0,0,0,0 dropped=0,0,0,0
     latency   : target=0, window=0, percentile=100.00%, depth=1

Run status group 0 (all jobs):
   READ: bw=21.7MiB/s (22.8MB/s), 21.7MiB/s-21.7MiB/s (22.8MB/s-22.8MB/s), io=2000MiB (2097MB), run=92043-92043msec
