create: (g=0): rw=read, bs=(R) 4096B-4096B, (W) 4096B-4096B, (T) 4096B-4096B, ioengine=filecreate, iodepth=1
...
fio-3.41
Starting 20 threads

create: (groupid=0, jobs=20): err= 0: pid=701474: Sat Mar 14 07:34:28 2026
  read: IOPS=7684, BW=30.0MiB/s (31.5MB/s)(625MiB/20820msec)
    clat (usec): min=38, max=56297, avg=2152.44, stdev=1543.53
    clat percentiles (usec):
     |  1.00th=[   51],  5.00th=[   57], 10.00th=[   67], 20.00th=[   98],
     | 30.00th=[ 2057], 40.00th=[ 2343], 50.00th=[ 2540], 60.00th=[ 2737],
     | 70.00th=[ 2868], 80.00th=[ 3032], 90.00th=[ 3228], 95.00th=[ 3392],
     | 99.00th=[ 3621], 99.50th=[ 3687], 99.90th=[12649], 99.95th=[20055],
     | 99.99th=[48497]
   bw (  KiB/s): min=24382, max=35806, per=100.00%, avg=30884.35, stdev=107.90, samples=811
   iops        : min= 6090, max= 8949, avg=7720.78, stdev=26.99, samples=811
  cpu          : usr=14.20%, sys=2.28%, ctx=838874, majf=0, minf=0
  IO depths    : 1=100.0%, 2=0.0%, 4=0.0%, 8=0.0%, 16=0.0%, 32=0.0%, >=64=0.0%
     submit    : 0=0.0%, 4=100.0%, 8=0.0%, 16=0.0%, 32=0.0%, 64=0.0%, >=64=0.0%
     complete  : 0=0.0%, 4=100.0%, 8=0.0%, 16=0.0%, 32=0.0%, 64=0.0%, >=64=0.0%
     issued rwts: total=160000,0,0,0 short=0,0,0,0 dropped=0,0,0,0
     latency   : target=0, window=0, percentile=100.00%, depth=1

Run status group 0 (all jobs):
   READ: bw=30.0MiB/s (31.5MB/s), 30.0MiB/s-30.0MiB/s (31.5MB/s-31.5MB/s), io=625MiB (655MB), run=20820-20820msec
