create: (g=0): rw=read, bs=(R) 4096B-4096B, (W) 4096B-4096B, (T) 4096B-4096B, ioengine=filecreate, iodepth=1
...
fio-3.41
Starting 23 threads

create: (groupid=0, jobs=23): err= 0: pid=647464: Sat Mar 14 04:27:40 2026
  read: IOPS=6745, BW=26.3MiB/s (27.6MB/s)(719MiB/27279msec)
    clat (usec): min=40, max=59585, avg=2892.19, stdev=2127.51
    clat percentiles (usec):
     |  1.00th=[   52],  5.00th=[   62], 10.00th=[   79], 20.00th=[  161],
     | 30.00th=[ 2606], 40.00th=[ 2933], 50.00th=[ 3195], 60.00th=[ 3425],
     | 70.00th=[ 3720], 80.00th=[ 4113], 90.00th=[ 4686], 95.00th=[ 5014],
     | 99.00th=[ 5407], 99.50th=[ 5604], 99.90th=[16188], 99.95th=[46924],
     | 99.99th=[58983]
   bw (  KiB/s): min=18725, max=33160, per=100.00%, avg=27175.07, stdev=152.89, samples=1225
   iops        : min= 4680, max= 8290, avg=6793.57, stdev=38.23, samples=1225
  cpu          : usr=12.52%, sys=2.01%, ctx=966377, majf=0, minf=0
  IO depths    : 1=100.0%, 2=0.0%, 4=0.0%, 8=0.0%, 16=0.0%, 32=0.0%, >=64=0.0%
     submit    : 0=0.0%, 4=100.0%, 8=0.0%, 16=0.0%, 32=0.0%, 64=0.0%, >=64=0.0%
     complete  : 0=0.0%, 4=100.0%, 8=0.0%, 16=0.0%, 32=0.0%, 64=0.0%, >=64=0.0%
     issued rwts: total=184000,0,0,0 short=0,0,0,0 dropped=0,0,0,0
     latency   : target=0, window=0, percentile=100.00%, depth=1

Run status group 0 (all jobs):
   READ: bw=26.3MiB/s (27.6MB/s), 26.3MiB/s-26.3MiB/s (27.6MB/s-27.6MB/s), io=719MiB (754MB), run=27279-27279msec
