create: (g=0): rw=read, bs=(R) 4096B-4096B, (W) 4096B-4096B, (T) 4096B-4096B, ioengine=filecreate, iodepth=1
...
fio-3.41
Starting 3 threads

create: (groupid=0, jobs=3): err= 0: pid=699152: Sat Mar 14 07:30:27 2026
  read: IOPS=6116, BW=23.9MiB/s (25.1MB/s)(93.8MiB/3924msec)
    clat (usec): min=35, max=32117, avg=59.09, stdev=282.91
    clat percentiles (usec):
     |  1.00th=[   42],  5.00th=[   43], 10.00th=[   44], 20.00th=[   45],
     | 30.00th=[   46], 40.00th=[   47], 50.00th=[   48], 60.00th=[   50],
     | 70.00th=[   57], 80.00th=[   65], 90.00th=[   82], 95.00th=[   93],
     | 99.00th=[  125], 99.50th=[  137], 99.90th=[  223], 99.95th=[  355],
     | 99.99th=[20841]
   bw (  KiB/s): min=13562, max=35456, per=86.86%, avg=21250.51, stdev=2526.10, samples=19
   iops        : min= 3389, max= 8864, avg=5312.37, stdev=631.61, samples=19
  cpu          : usr=76.99%, sys=5.61%, ctx=102754, majf=0, minf=0
  IO depths    : 1=100.0%, 2=0.0%, 4=0.0%, 8=0.0%, 16=0.0%, 32=0.0%, >=64=0.0%
     submit    : 0=0.0%, 4=100.0%, 8=0.0%, 16=0.0%, 32=0.0%, 64=0.0%, >=64=0.0%
     complete  : 0=0.0%, 4=100.0%, 8=0.0%, 16=0.0%, 32=0.0%, 64=0.0%, >=64=0.0%
     issued rwts: total=24000,0,0,0 short=0,0,0,0 dropped=0,0,0,0
     latency   : target=0, window=0, percentile=100.00%, depth=1

Run status group 0 (all jobs):
   READ: bw=23.9MiB/s (25.1MB/s), 23.9MiB/s-23.9MiB/s (25.1MB/s-25.1MB/s), io=93.8MiB (98.3MB), run=3924-3924msec
