create: (g=0): rw=read, bs=(R) 4096B-4096B, (W) 4096B-4096B, (T) 4096B-4096B, ioengine=filecreate, iodepth=1
...
fio-3.41
Starting 36 threads

create: (groupid=0, jobs=36): err= 0: pid=703693: Sat Mar 14 07:43:43 2026
  read: IOPS=5792, BW=22.6MiB/s (23.7MB/s)(1125MiB/49721msec)
    clat (usec): min=40, max=56217, avg=5605.26, stdev=3108.67
    clat percentiles (usec):
     |  1.00th=[   63],  5.00th=[   89], 10.00th=[  117], 20.00th=[ 4948],
     | 30.00th=[ 5604], 40.00th=[ 5997], 50.00th=[ 6325], 60.00th=[ 6783],
     | 70.00th=[ 7242], 80.00th=[ 7570], 90.00th=[ 8029], 95.00th=[ 8291],
     | 99.00th=[ 8848], 99.50th=[ 9110], 99.90th=[32900], 99.95th=[52691],
     | 99.99th=[55837]
   bw (  KiB/s): min=13318, max=29032, per=100.00%, avg=23200.12, stdev=71.64, samples=3554
   iops        : min= 3328, max= 7257, avg=5799.91, stdev=17.91, samples=3554
  cpu          : usr=8.29%, sys=1.36%, ctx=1516658, majf=0, minf=0
  IO depths    : 1=100.0%, 2=0.0%, 4=0.0%, 8=0.0%, 16=0.0%, 32=0.0%, >=64=0.0%
     submit    : 0=0.0%, 4=100.0%, 8=0.0%, 16=0.0%, 32=0.0%, 64=0.0%, >=64=0.0%
     complete  : 0=0.0%, 4=100.0%, 8=0.0%, 16=0.0%, 32=0.0%, 64=0.0%, >=64=0.0%
     issued rwts: total=288000,0,0,0 short=0,0,0,0 dropped=0,0,0,0
     latency   : target=0, window=0, percentile=100.00%, depth=1

Run status group 0 (all jobs):
   READ: bw=22.6MiB/s (23.7MB/s), 22.6MiB/s-22.6MiB/s (23.7MB/s-23.7MB/s), io=1125MiB (1180MB), run=49721-49721msec
