create: (g=0): rw=read, bs=(R) 4096B-4096B, (W) 4096B-4096B, (T) 4096B-4096B, ioengine=filecreate, iodepth=1
...
fio-3.41
Starting 12 threads

create: (groupid=0, jobs=12): err= 0: pid=693805: Sat Mar 14 07:08:10 2026
  read: IOPS=9760, BW=38.1MiB/s (40.0MB/s)(375MiB/9836msec)
    clat (usec): min=34, max=42866, avg=575.50, stdev=742.14
    clat percentiles (usec):
     |  1.00th=[   46],  5.00th=[   49], 10.00th=[   50], 20.00th=[   55],
     | 30.00th=[   71], 40.00th=[   95], 50.00th=[  157], 60.00th=[  840],
     | 70.00th=[ 1090], 80.00th=[ 1221], 90.00th=[ 1352], 95.00th=[ 1450],
     | 99.00th=[ 1614], 99.50th=[ 1663], 99.90th=[ 1827], 99.95th=[ 2606],
     | 99.99th=[41157]
   bw (  KiB/s): min=26306, max=78475, per=100.00%, avg=44304.56, stdev=1088.84, samples=206
   iops        : min= 6572, max=19618, avg=11075.31, stdev=272.21, samples=206
  cpu          : usr=41.80%, sys=3.71%, ctx=482044, majf=0, minf=0
  IO depths    : 1=100.0%, 2=0.0%, 4=0.0%, 8=0.0%, 16=0.0%, 32=0.0%, >=64=0.0%
     submit    : 0=0.0%, 4=100.0%, 8=0.0%, 16=0.0%, 32=0.0%, 64=0.0%, >=64=0.0%
     complete  : 0=0.0%, 4=100.0%, 8=0.0%, 16=0.0%, 32=0.0%, 64=0.0%, >=64=0.0%
     issued rwts: total=96000,0,0,0 short=0,0,0,0 dropped=0,0,0,0
     latency   : target=0, window=0, percentile=100.00%, depth=1

Run status group 0 (all jobs):
   READ: bw=38.1MiB/s (40.0MB/s), 38.1MiB/s-38.1MiB/s (40.0MB/s-40.0MB/s), io=375MiB (393MB), run=9836-9836msec
