create: (g=0): rw=read, bs=(R) 4096B-4096B, (W) 4096B-4096B, (T) 4096B-4096B, ioengine=filecreate, iodepth=1
...
fio-3.41
Starting 18 threads

create: (groupid=0, jobs=18): err= 0: pid=646688: Sat Mar 14 04:25:17 2026
  read: IOPS=8182, BW=32.0MiB/s (33.5MB/s)(563MiB/17599msec)
    clat (usec): min=40, max=60389, avg=1763.10, stdev=1430.75
    clat percentiles (usec):
     |  1.00th=[   50],  5.00th=[   54], 10.00th=[   58], 20.00th=[   84],
     | 30.00th=[ 1614], 40.00th=[ 1909], 50.00th=[ 2114], 60.00th=[ 2278],
     | 70.00th=[ 2442], 80.00th=[ 2573], 90.00th=[ 2737], 95.00th=[ 2868],
     | 99.00th=[ 3064], 99.50th=[ 3130], 99.90th=[ 8029], 99.95th=[32113],
     | 99.99th=[43779]
   bw (  KiB/s): min=20520, max=42768, per=100.00%, avg=32802.54, stdev=208.99, samples=621
   iops        : min= 5130, max=10692, avg=8200.64, stdev=52.25, samples=621
  cpu          : usr=16.42%, sys=2.43%, ctx=752616, majf=0, minf=0
  IO depths    : 1=100.0%, 2=0.0%, 4=0.0%, 8=0.0%, 16=0.0%, 32=0.0%, >=64=0.0%
     submit    : 0=0.0%, 4=100.0%, 8=0.0%, 16=0.0%, 32=0.0%, 64=0.0%, >=64=0.0%
     complete  : 0=0.0%, 4=100.0%, 8=0.0%, 16=0.0%, 32=0.0%, 64=0.0%, >=64=0.0%
     issued rwts: total=144000,0,0,0 short=0,0,0,0 dropped=0,0,0,0
     latency   : target=0, window=0, percentile=100.00%, depth=1

Run status group 0 (all jobs):
   READ: bw=32.0MiB/s (33.5MB/s), 32.0MiB/s-32.0MiB/s (33.5MB/s-33.5MB/s), io=563MiB (590MB), run=17599-17599msec
