create: (g=0): rw=read, bs=(R) 4096B-4096B, (W) 4096B-4096B, (T) 4096B-4096B, ioengine=filecreate, iodepth=1
...
fio-3.41
Starting 2 threads

create: (groupid=0, jobs=2): err= 0: pid=652424: Sat Mar 14 04:45:27 2026
  read: IOPS=4698, BW=18.4MiB/s (19.2MB/s)(62.5MiB/3405msec)
    clat (usec): min=39, max=46751, avg=56.11, stdev=546.91
    clat percentiles (usec):
     |  1.00th=[   41],  5.00th=[   42], 10.00th=[   43], 20.00th=[   44],
     | 30.00th=[   44], 40.00th=[   45], 50.00th=[   46], 60.00th=[   47],
     | 70.00th=[   49], 80.00th=[   54], 90.00th=[   59], 95.00th=[   66],
     | 99.00th=[   92], 99.50th=[  100], 99.90th=[  151], 99.95th=[  334],
     | 99.99th=[41681]
   bw (  KiB/s): min= 8592, max=24704, per=79.38%, avg=14921.33, stdev=2683.98, samples=12
   iops        : min= 2148, max= 6176, avg=3730.33, stdev=670.99, samples=12
  cpu          : usr=75.12%, sys=5.77%, ctx=66168, majf=0, minf=0
  IO depths    : 1=100.0%, 2=0.0%, 4=0.0%, 8=0.0%, 16=0.0%, 32=0.0%, >=64=0.0%
     submit    : 0=0.0%, 4=100.0%, 8=0.0%, 16=0.0%, 32=0.0%, 64=0.0%, >=64=0.0%
     complete  : 0=0.0%, 4=100.0%, 8=0.0%, 16=0.0%, 32=0.0%, 64=0.0%, >=64=0.0%
     issued rwts: total=16000,0,0,0 short=0,0,0,0 dropped=0,0,0,0
     latency   : target=0, window=0, percentile=100.00%, depth=1

Run status group 0 (all jobs):
   READ: bw=18.4MiB/s (19.2MB/s), 18.4MiB/s-18.4MiB/s (19.2MB/s-19.2MB/s), io=62.5MiB (65.5MB), run=3405-3405msec
