create: (g=0): rw=read, bs=(R) 4096B-4096B, (W) 4096B-4096B, (T) 4096B-4096B, ioengine=filecreate, iodepth=1
...
fio-3.41
Starting 25 threads

create: (groupid=0, jobs=25): err= 0: pid=662149: Sat Mar 14 05:15:59 2026
  read: IOPS=6464, BW=25.3MiB/s (26.5MB/s)(781MiB/30939msec)
    clat (usec): min=42, max=53678, avg=3336.85, stdev=2126.54
    clat percentiles (usec):
     |  1.00th=[   54],  5.00th=[   70], 10.00th=[   93], 20.00th=[ 2180],
     | 30.00th=[ 3064], 40.00th=[ 3392], 50.00th=[ 3752], 60.00th=[ 4113],
     | 70.00th=[ 4424], 80.00th=[ 4686], 90.00th=[ 5145], 95.00th=[ 5473],
     | 99.00th=[ 5866], 99.50th=[ 6063], 99.90th=[27132], 99.95th=[34341],
     | 99.99th=[49546]
   bw (  KiB/s): min=19682, max=33920, per=100.00%, avg=26063.72, stdev=125.93, samples=1522
   iops        : min= 4920, max= 8480, avg=6515.91, stdev=31.48, samples=1522
  cpu          : usr=11.26%, sys=1.91%, ctx=1051086, majf=0, minf=0
  IO depths    : 1=100.0%, 2=0.0%, 4=0.0%, 8=0.0%, 16=0.0%, 32=0.0%, >=64=0.0%
     submit    : 0=0.0%, 4=100.0%, 8=0.0%, 16=0.0%, 32=0.0%, 64=0.0%, >=64=0.0%
     complete  : 0=0.0%, 4=100.0%, 8=0.0%, 16=0.0%, 32=0.0%, 64=0.0%, >=64=0.0%
     issued rwts: total=200000,0,0,0 short=0,0,0,0 dropped=0,0,0,0
     latency   : target=0, window=0, percentile=100.00%, depth=1

Run status group 0 (all jobs):
   READ: bw=25.3MiB/s (26.5MB/s), 25.3MiB/s-25.3MiB/s (26.5MB/s-26.5MB/s), io=781MiB (819MB), run=30939-30939msec
