create: (g=0): rw=read, bs=(R) 4096B-4096B, (W) 4096B-4096B, (T) 4096B-4096B, ioengine=filecreate, iodepth=1
...
fio-3.41
Starting 31 threads

create: (groupid=0, jobs=31): err= 0: pid=709812: Sat Mar 14 08:05:19 2026
  read: IOPS=5744, BW=22.4MiB/s (23.5MB/s)(969MiB/43171msec)
    clat (usec): min=44, max=56656, avg=4807.11, stdev=2772.34
    clat percentiles (usec):
     |  1.00th=[   61],  5.00th=[   86], 10.00th=[  115], 20.00th=[ 3982],
     | 30.00th=[ 4686], 40.00th=[ 5080], 50.00th=[ 5407], 60.00th=[ 5800],
     | 70.00th=[ 6325], 80.00th=[ 6652], 90.00th=[ 6980], 95.00th=[ 7242],
     | 99.00th=[ 7701], 99.50th=[ 7898], 99.90th=[30540], 99.95th=[44827],
     | 99.99th=[54789]
   bw (  KiB/s): min=17132, max=28792, per=100.00%, avg=23079.70, stdev=83.44, samples=2645
   iops        : min= 4279, max= 7198, avg=5769.86, stdev=20.86, samples=2645
  cpu          : usr=9.04%, sys=1.55%, ctx=1304033, majf=0, minf=0
  IO depths    : 1=100.0%, 2=0.0%, 4=0.0%, 8=0.0%, 16=0.0%, 32=0.0%, >=64=0.0%
     submit    : 0=0.0%, 4=100.0%, 8=0.0%, 16=0.0%, 32=0.0%, 64=0.0%, >=64=0.0%
     complete  : 0=0.0%, 4=100.0%, 8=0.0%, 16=0.0%, 32=0.0%, 64=0.0%, >=64=0.0%
     issued rwts: total=248000,0,0,0 short=0,0,0,0 dropped=0,0,0,0
     latency   : target=0, window=0, percentile=100.00%, depth=1

Run status group 0 (all jobs):
   READ: bw=22.4MiB/s (23.5MB/s), 22.4MiB/s-22.4MiB/s (23.5MB/s-23.5MB/s), io=969MiB (1016MB), run=43171-43171msec
