create: (g=0): rw=read, bs=(R) 4096B-4096B, (W) 4096B-4096B, (T) 4096B-4096B, ioengine=filecreate, iodepth=1
...
fio-3.41
Starting 17 threads

create: (groupid=0, jobs=17): err= 0: pid=707528: Sat Mar 14 07:56:44 2026
  read: IOPS=7640, BW=29.8MiB/s (31.3MB/s)(531MiB/17801msec)
    clat (usec): min=38, max=53025, avg=1755.43, stdev=1343.00
    clat percentiles (usec):
     |  1.00th=[   52],  5.00th=[   57], 10.00th=[   69], 20.00th=[  104],
     | 30.00th=[ 1598], 40.00th=[ 1860], 50.00th=[ 2057], 60.00th=[ 2212],
     | 70.00th=[ 2376], 80.00th=[ 2540], 90.00th=[ 2671], 95.00th=[ 2769],
     | 99.00th=[ 2966], 99.50th=[ 3032], 99.90th=[ 7832], 99.95th=[30278],
     | 99.99th=[47973]
   bw (  KiB/s): min=18857, max=34544, per=100.00%, avg=30636.66, stdev=156.59, samples=594
   iops        : min= 4710, max= 8636, avg=7659.04, stdev=39.18, samples=594
  cpu          : usr=17.12%, sys=2.75%, ctx=713074, majf=0, minf=0
  IO depths    : 1=100.0%, 2=0.0%, 4=0.0%, 8=0.0%, 16=0.0%, 32=0.0%, >=64=0.0%
     submit    : 0=0.0%, 4=100.0%, 8=0.0%, 16=0.0%, 32=0.0%, 64=0.0%, >=64=0.0%
     complete  : 0=0.0%, 4=100.0%, 8=0.0%, 16=0.0%, 32=0.0%, 64=0.0%, >=64=0.0%
     issued rwts: total=136000,0,0,0 short=0,0,0,0 dropped=0,0,0,0
     latency   : target=0, window=0, percentile=100.00%, depth=1

Run status group 0 (all jobs):
   READ: bw=29.8MiB/s (31.3MB/s), 29.8MiB/s-29.8MiB/s (31.3MB/s-31.3MB/s), io=531MiB (557MB), run=17801-17801msec
