create: (g=0): rw=read, bs=(R) 4096B-4096B, (W) 4096B-4096B, (T) 4096B-4096B, ioengine=filecreate, iodepth=1
...
fio-3.41
Starting 15 threads

create: (groupid=0, jobs=15): err= 0: pid=654119: Sat Mar 14 04:47:40 2026
  read: IOPS=8782, BW=34.3MiB/s (36.0MB/s)(469MiB/13664msec)
    clat (usec): min=38, max=53523, avg=1195.21, stdev=1162.69
    clat percentiles (usec):
     |  1.00th=[   48],  5.00th=[   51], 10.00th=[   54], 20.00th=[   66],
     | 30.00th=[  111], 40.00th=[ 1270], 50.00th=[ 1532], 60.00th=[ 1696],
     | 70.00th=[ 1844], 80.00th=[ 1975], 90.00th=[ 2114], 95.00th=[ 2212],
     | 99.00th=[ 2409], 99.50th=[ 2474], 99.90th=[ 2835], 99.95th=[10421],
     | 99.99th=[50594]
   bw (  KiB/s): min=27836, max=51008, per=100.00%, avg=35276.73, stdev=343.23, samples=397
   iops        : min= 6956, max=12752, avg=8819.01, stdev=85.82, samples=397
  cpu          : usr=25.20%, sys=2.88%, ctx=618567, majf=0, minf=0
  IO depths    : 1=100.0%, 2=0.0%, 4=0.0%, 8=0.0%, 16=0.0%, 32=0.0%, >=64=0.0%
     submit    : 0=0.0%, 4=100.0%, 8=0.0%, 16=0.0%, 32=0.0%, 64=0.0%, >=64=0.0%
     complete  : 0=0.0%, 4=100.0%, 8=0.0%, 16=0.0%, 32=0.0%, 64=0.0%, >=64=0.0%
     issued rwts: total=120000,0,0,0 short=0,0,0,0 dropped=0,0,0,0
     latency   : target=0, window=0, percentile=100.00%, depth=1

Run status group 0 (all jobs):
   READ: bw=34.3MiB/s (36.0MB/s), 34.3MiB/s-34.3MiB/s (36.0MB/s-36.0MB/s), io=469MiB (492MB), run=13664-13664msec
