create: (g=0): rw=read, bs=(R) 4096B-4096B, (W) 4096B-4096B, (T) 4096B-4096B, ioengine=filecreate, iodepth=1
...
fio-3.41
Starting 31 threads

create: (groupid=0, jobs=31): err= 0: pid=703325: Sat Mar 14 07:41:51 2026
  read: IOPS=5810, BW=22.7MiB/s (23.8MB/s)(969MiB/42679msec)
    clat (usec): min=41, max=60142, avg=4745.15, stdev=2756.37
    clat percentiles (usec):
     |  1.00th=[   59],  5.00th=[   85], 10.00th=[  114], 20.00th=[ 3785],
     | 30.00th=[ 4555], 40.00th=[ 4948], 50.00th=[ 5342], 60.00th=[ 5800],
     | 70.00th=[ 6259], 80.00th=[ 6652], 90.00th=[ 6980], 95.00th=[ 7242],
     | 99.00th=[ 7701], 99.50th=[ 7832], 99.90th=[32375], 99.95th=[43254],
     | 99.99th=[60031]
   bw (  KiB/s): min=16372, max=29934, per=100.00%, avg=23346.03, stdev=90.87, samples=2614
   iops        : min= 4090, max= 7482, avg=5836.45, stdev=22.72, samples=2614
  cpu          : usr=9.17%, sys=1.59%, ctx=1304339, majf=0, minf=0
  IO depths    : 1=100.0%, 2=0.0%, 4=0.0%, 8=0.0%, 16=0.0%, 32=0.0%, >=64=0.0%
     submit    : 0=0.0%, 4=100.0%, 8=0.0%, 16=0.0%, 32=0.0%, 64=0.0%, >=64=0.0%
     complete  : 0=0.0%, 4=100.0%, 8=0.0%, 16=0.0%, 32=0.0%, 64=0.0%, >=64=0.0%
     issued rwts: total=248000,0,0,0 short=0,0,0,0 dropped=0,0,0,0
     latency   : target=0, window=0, percentile=100.00%, depth=1

Run status group 0 (all jobs):
   READ: bw=22.7MiB/s (23.8MB/s), 22.7MiB/s-22.7MiB/s (23.8MB/s-23.8MB/s), io=969MiB (1016MB), run=42679-42679msec
