create: (g=0): rw=read, bs=(R) 4096B-4096B, (W) 4096B-4096B, (T) 4096B-4096B, ioengine=filecreate, iodepth=1
...
fio-3.41
Starting 30 threads

create: (groupid=0, jobs=30): err= 0: pid=663001: Sat Mar 14 05:19:42 2026
  read: IOPS=5763, BW=22.5MiB/s (23.6MB/s)(938MiB/41640msec)
    clat (usec): min=44, max=59847, avg=4618.17, stdev=2752.91
    clat percentiles (usec):
     |  1.00th=[   60],  5.00th=[   85], 10.00th=[  114], 20.00th=[ 3687],
     | 30.00th=[ 4490], 40.00th=[ 4883], 50.00th=[ 5211], 60.00th=[ 5538],
     | 70.00th=[ 6063], 80.00th=[ 6456], 90.00th=[ 6783], 95.00th=[ 6980],
     | 99.00th=[ 7439], 99.50th=[ 7635], 99.90th=[31065], 99.95th=[49546],
     | 99.99th=[59507]
   bw (  KiB/s): min=15598, max=31683, per=100.00%, avg=23156.81, stdev=95.86, samples=2463
   iops        : min= 3896, max= 7917, avg=5789.12, stdev=23.96, samples=2463
  cpu          : usr=9.40%, sys=1.63%, ctx=1261564, majf=0, minf=0
  IO depths    : 1=100.0%, 2=0.0%, 4=0.0%, 8=0.0%, 16=0.0%, 32=0.0%, >=64=0.0%
     submit    : 0=0.0%, 4=100.0%, 8=0.0%, 16=0.0%, 32=0.0%, 64=0.0%, >=64=0.0%
     complete  : 0=0.0%, 4=100.0%, 8=0.0%, 16=0.0%, 32=0.0%, 64=0.0%, >=64=0.0%
     issued rwts: total=240000,0,0,0 short=0,0,0,0 dropped=0,0,0,0
     latency   : target=0, window=0, percentile=100.00%, depth=1

Run status group 0 (all jobs):
   READ: bw=22.5MiB/s (23.6MB/s), 22.5MiB/s-22.5MiB/s (23.6MB/s-23.6MB/s), io=938MiB (983MB), run=41640-41640msec
