create: (g=0): rw=read, bs=(R) 4096B-4096B, (W) 4096B-4096B, (T) 4096B-4096B, ioengine=filecreate, iodepth=1
...
fio-3.41
Starting 5 threads

create: (groupid=0, jobs=5): err= 0: pid=686359: Sat Mar 14 06:43:31 2026
  read: IOPS=7190, BW=28.1MiB/s (29.5MB/s)(156MiB/5563msec)
    clat (usec): min=36, max=25287, avg=59.78, stdev=194.44
    clat percentiles (usec):
     |  1.00th=[   41],  5.00th=[   42], 10.00th=[   44], 20.00th=[   46],
     | 30.00th=[   47], 40.00th=[   48], 50.00th=[   50], 60.00th=[   51],
     | 70.00th=[   57], 80.00th=[   67], 90.00th=[   88], 95.00th=[  100],
     | 99.00th=[  139], 99.50th=[  153], 99.90th=[  347], 99.95th=[  611],
     | 99.99th=[ 1860]
   bw (  KiB/s): min=17792, max=72597, per=100.00%, avg=34360.86, stdev=3344.80, samples=40
   iops        : min= 4448, max=18149, avg=8590.19, stdev=836.18, samples=40
  cpu          : usr=80.22%, sys=4.96%, ctx=171356, majf=0, minf=0
  IO depths    : 1=100.0%, 2=0.0%, 4=0.0%, 8=0.0%, 16=0.0%, 32=0.0%, >=64=0.0%
     submit    : 0=0.0%, 4=100.0%, 8=0.0%, 16=0.0%, 32=0.0%, 64=0.0%, >=64=0.0%
     complete  : 0=0.0%, 4=100.0%, 8=0.0%, 16=0.0%, 32=0.0%, 64=0.0%, >=64=0.0%
     issued rwts: total=40000,0,0,0 short=0,0,0,0 dropped=0,0,0,0
     latency   : target=0, window=0, percentile=100.00%, depth=1

Run status group 0 (all jobs):
   READ: bw=28.1MiB/s (29.5MB/s), 28.1MiB/s-28.1MiB/s (29.5MB/s-29.5MB/s), io=156MiB (164MB), run=5563-5563msec
