create: (g=0): rw=read, bs=(R) 4096B-4096B, (W) 4096B-4096B, (T) 4096B-4096B, ioengine=filecreate, iodepth=1
...
fio-3.41
Starting 26 threads

create: (groupid=0, jobs=26): err= 0: pid=695932: Sat Mar 14 07:14:23 2026
  read: IOPS=6186, BW=24.2MiB/s (25.3MB/s)(813MiB/33623msec)
    clat (usec): min=44, max=49974, avg=3631.91, stdev=2233.01
    clat percentiles (usec):
     |  1.00th=[   55],  5.00th=[   73], 10.00th=[  102], 20.00th=[ 2311],
     | 30.00th=[ 3326], 40.00th=[ 3785], 50.00th=[ 4146], 60.00th=[ 4490],
     | 70.00th=[ 4752], 80.00th=[ 5145], 90.00th=[ 5538], 95.00th=[ 5866],
     | 99.00th=[ 6259], 99.50th=[ 6456], 99.90th=[16712], 99.95th=[40109],
     | 99.99th=[48497]
   bw (  KiB/s): min=19056, max=32384, per=100.00%, avg=24925.08, stdev=113.16, samples=1723
   iops        : min= 4764, max= 8096, avg=6231.20, stdev=28.29, samples=1723
  cpu          : usr=11.11%, sys=1.86%, ctx=1093276, majf=0, minf=0
  IO depths    : 1=100.0%, 2=0.0%, 4=0.0%, 8=0.0%, 16=0.0%, 32=0.0%, >=64=0.0%
     submit    : 0=0.0%, 4=100.0%, 8=0.0%, 16=0.0%, 32=0.0%, 64=0.0%, >=64=0.0%
     complete  : 0=0.0%, 4=100.0%, 8=0.0%, 16=0.0%, 32=0.0%, 64=0.0%, >=64=0.0%
     issued rwts: total=208000,0,0,0 short=0,0,0,0 dropped=0,0,0,0
     latency   : target=0, window=0, percentile=100.00%, depth=1

Run status group 0 (all jobs):
   READ: bw=24.2MiB/s (25.3MB/s), 24.2MiB/s-24.2MiB/s (25.3MB/s-25.3MB/s), io=813MiB (852MB), run=33623-33623msec
