create: (g=0): rw=read, bs=(R) 4096B-4096B, (W) 4096B-4096B, (T) 4096B-4096B, ioengine=filecreate, iodepth=1
...
fio-3.41
Starting 11 threads

create: (groupid=0, jobs=11): err= 0: pid=700180: Sat Mar 14 07:31:33 2026
  read: IOPS=12.1k, BW=47.2MiB/s (49.5MB/s)(344MiB/7285msec)
    clat (usec): min=37, max=59198, avg=247.76, stdev=757.07
    clat percentiles (usec):
     |  1.00th=[   43],  5.00th=[   47], 10.00th=[   48], 20.00th=[   51],
     | 30.00th=[   58], 40.00th=[   75], 50.00th=[   94], 60.00th=[  122],
     | 70.00th=[  161], 80.00th=[  231], 90.00th=[  906], 95.00th=[ 1074],
     | 99.00th=[ 1270], 99.50th=[ 1336], 99.90th=[ 1614], 99.95th=[ 2212],
     | 99.99th=[51643]
   bw (  KiB/s): min=30120, max=111038, per=100.00%, avg=60134.77, stdev=2045.62, samples=127
   iops        : min= 7527, max=27759, avg=15033.31, stdev=511.42, samples=127
  cpu          : usr=58.92%, sys=4.47%, ctx=430949, majf=0, minf=0
  IO depths    : 1=100.0%, 2=0.0%, 4=0.0%, 8=0.0%, 16=0.0%, 32=0.0%, >=64=0.0%
     submit    : 0=0.0%, 4=100.0%, 8=0.0%, 16=0.0%, 32=0.0%, 64=0.0%, >=64=0.0%
     complete  : 0=0.0%, 4=100.0%, 8=0.0%, 16=0.0%, 32=0.0%, 64=0.0%, >=64=0.0%
     issued rwts: total=88000,0,0,0 short=0,0,0,0 dropped=0,0,0,0
     latency   : target=0, window=0, percentile=100.00%, depth=1

Run status group 0 (all jobs):
   READ: bw=47.2MiB/s (49.5MB/s), 47.2MiB/s-47.2MiB/s (49.5MB/s-49.5MB/s), io=344MiB (360MB), run=7285-7285msec
