create: (g=0): rw=read, bs=(R) 4096B-4096B, (W) 4096B-4096B, (T) 4096B-4096B, ioengine=filecreate, iodepth=1
...
fio-3.41
Starting 36 threads

create: (groupid=0, jobs=36): err= 0: pid=657054: Sat Mar 14 04:58:51 2026
  read: IOPS=5781, BW=22.6MiB/s (23.7MB/s)(1125MiB/49814msec)
    clat (usec): min=45, max=64817, avg=5591.81, stdev=3172.80
    clat percentiles (usec):
     |  1.00th=[   64],  5.00th=[   90], 10.00th=[  118], 20.00th=[ 4883],
     | 30.00th=[ 5604], 40.00th=[ 5932], 50.00th=[ 6325], 60.00th=[ 6783],
     | 70.00th=[ 7242], 80.00th=[ 7570], 90.00th=[ 7963], 95.00th=[ 8225],
     | 99.00th=[ 8717], 99.50th=[ 8979], 99.90th=[34341], 99.95th=[52167],
     | 99.99th=[64226]
   bw (  KiB/s): min=16286, max=30580, per=100.00%, avg=23223.50, stdev=70.50, samples=3560
   iops        : min= 4071, max= 7645, avg=5805.86, stdev=17.63, samples=3560
  cpu          : usr=8.51%, sys=1.37%, ctx=1517252, majf=0, minf=0
  IO depths    : 1=100.0%, 2=0.0%, 4=0.0%, 8=0.0%, 16=0.0%, 32=0.0%, >=64=0.0%
     submit    : 0=0.0%, 4=100.0%, 8=0.0%, 16=0.0%, 32=0.0%, 64=0.0%, >=64=0.0%
     complete  : 0=0.0%, 4=100.0%, 8=0.0%, 16=0.0%, 32=0.0%, 64=0.0%, >=64=0.0%
     issued rwts: total=288000,0,0,0 short=0,0,0,0 dropped=0,0,0,0
     latency   : target=0, window=0, percentile=100.00%, depth=1

Run status group 0 (all jobs):
   READ: bw=22.6MiB/s (23.7MB/s), 22.6MiB/s-22.6MiB/s (23.7MB/s-23.7MB/s), io=1125MiB (1180MB), run=49814-49814msec
