create: (g=0): rw=read, bs=(R) 4096B-4096B, (W) 4096B-4096B, (T) 4096B-4096B, ioengine=filecreate, iodepth=1
...
fio-3.41
Starting 52 threads

create: (groupid=0, jobs=52): err= 0: pid=650019: Sat Mar 14 04:40:18 2026
  read: IOPS=5778, BW=22.6MiB/s (23.7MB/s)(1625MiB/71993msec)
    clat (usec): min=41, max=98055, avg=8066.29, stdev=3959.59
    clat percentiles (usec):
     |  1.00th=[   70],  5.00th=[  102], 10.00th=[  128], 20.00th=[ 7570],
     | 30.00th=[ 8160], 40.00th=[ 8586], 50.00th=[ 8979], 60.00th=[ 9503],
     | 70.00th=[10028], 80.00th=[10552], 90.00th=[11076], 95.00th=[11469],
     | 99.00th=[11994], 99.50th=[12387], 99.90th=[37487], 99.95th=[49021],
     | 99.99th=[96994]
   bw (  KiB/s): min=17029, max=37213, per=100.00%, avg=23259.94, stdev=50.77, samples=7387
   iops        : min= 4255, max= 9303, avg=5814.85, stdev=12.69, samples=7387
  cpu          : usr=8.69%, sys=1.02%, ctx=2199061, majf=0, minf=0
  IO depths    : 1=100.0%, 2=0.0%, 4=0.0%, 8=0.0%, 16=0.0%, 32=0.0%, >=64=0.0%
     submit    : 0=0.0%, 4=100.0%, 8=0.0%, 16=0.0%, 32=0.0%, 64=0.0%, >=64=0.0%
     complete  : 0=0.0%, 4=100.0%, 8=0.0%, 16=0.0%, 32=0.0%, 64=0.0%, >=64=0.0%
     issued rwts: total=416000,0,0,0 short=0,0,0,0 dropped=0,0,0,0
     latency   : target=0, window=0, percentile=100.00%, depth=1

Run status group 0 (all jobs):
   READ: bw=22.6MiB/s (23.7MB/s), 22.6MiB/s-22.6MiB/s (23.7MB/s-23.7MB/s), io=1625MiB (1704MB), run=71993-71993msec
