create: (g=0): rw=read, bs=(R) 4096B-4096B, (W) 4096B-4096B, (T) 4096B-4096B, ioengine=filecreate, iodepth=1
...
fio-3.41
Starting 8 threads

create: (groupid=0, jobs=8): err= 0: pid=659665: Sat Mar 14 05:09:43 2026
  read: IOPS=10.5k, BW=41.0MiB/s (43.0MB/s)(250MiB/6103msec)
    clat (usec): min=35, max=34505, avg=79.20, stdev=260.37
    clat percentiles (usec):
     |  1.00th=[   43],  5.00th=[   45], 10.00th=[   46], 20.00th=[   48],
     | 30.00th=[   49], 40.00th=[   51], 50.00th=[   59], 60.00th=[   69],
     | 70.00th=[   82], 80.00th=[   98], 90.00th=[  133], 95.00th=[  163],
     | 99.00th=[  229], 99.50th=[  260], 99.90th=[  865], 99.95th=[ 1303],
     | 99.99th=[ 2835]
   bw (  KiB/s): min=28624, max=98599, per=100.00%, avg=53251.32, stdev=2633.85, samples=65
   iops        : min= 7156, max=24649, avg=13312.63, stdev=658.42, samples=65
  cpu          : usr=75.68%, sys=5.09%, ctx=292599, majf=0, minf=0
  IO depths    : 1=100.0%, 2=0.0%, 4=0.0%, 8=0.0%, 16=0.0%, 32=0.0%, >=64=0.0%
     submit    : 0=0.0%, 4=100.0%, 8=0.0%, 16=0.0%, 32=0.0%, 64=0.0%, >=64=0.0%
     complete  : 0=0.0%, 4=100.0%, 8=0.0%, 16=0.0%, 32=0.0%, 64=0.0%, >=64=0.0%
     issued rwts: total=64000,0,0,0 short=0,0,0,0 dropped=0,0,0,0
     latency   : target=0, window=0, percentile=100.00%, depth=1

Run status group 0 (all jobs):
   READ: bw=41.0MiB/s (43.0MB/s), 41.0MiB/s-41.0MiB/s (43.0MB/s-43.0MB/s), io=250MiB (262MB), run=6103-6103msec
