create: (g=0): rw=read, bs=(R) 4096B-4096B, (W) 4096B-4096B, (T) 4096B-4096B, ioengine=filecreate, iodepth=1
...
fio-3.41
Starting 7 threads

create: (groupid=0, jobs=7): err= 0: pid=653018: Sat Mar 14 04:46:00 2026
  read: IOPS=7886, BW=30.8MiB/s (32.3MB/s)(219MiB/7101msec)
    clat (usec): min=36, max=40904, avg=69.05, stdev=242.23
    clat percentiles (usec):
     |  1.00th=[   44],  5.00th=[   46], 10.00th=[   47], 20.00th=[   48],
     | 30.00th=[   49], 40.00th=[   50], 50.00th=[   52], 60.00th=[   60],
     | 70.00th=[   71], 80.00th=[   85], 90.00th=[  101], 95.00th=[  125],
     | 99.00th=[  174], 99.50th=[  196], 99.90th=[  586], 99.95th=[  857],
     | 99.99th=[ 2835]
   bw (  KiB/s): min=15586, max=84896, per=100.00%, avg=35588.34, stdev=2666.73, samples=80
   iops        : min= 3896, max=21223, avg=8896.80, stdev=666.67, samples=80
  cpu          : usr=83.24%, sys=3.45%, ctx=249465, majf=0, minf=0
  IO depths    : 1=100.0%, 2=0.0%, 4=0.0%, 8=0.0%, 16=0.0%, 32=0.0%, >=64=0.0%
     submit    : 0=0.0%, 4=100.0%, 8=0.0%, 16=0.0%, 32=0.0%, 64=0.0%, >=64=0.0%
     complete  : 0=0.0%, 4=100.0%, 8=0.0%, 16=0.0%, 32=0.0%, 64=0.0%, >=64=0.0%
     issued rwts: total=56000,0,0,0 short=0,0,0,0 dropped=0,0,0,0
     latency   : target=0, window=0, percentile=100.00%, depth=1

Run status group 0 (all jobs):
   READ: bw=30.8MiB/s (32.3MB/s), 30.8MiB/s-30.8MiB/s (32.3MB/s-32.3MB/s), io=219MiB (229MB), run=7101-7101msec
