create: (g=0): rw=read, bs=(R) 4096B-4096B, (W) 4096B-4096B, (T) 4096B-4096B, ioengine=filecreate, iodepth=1
...
fio-3.41
Starting 23 threads

create: (groupid=0, jobs=23): err= 0: pid=661822: Sat Mar 14 05:14:46 2026
  read: IOPS=6672, BW=26.1MiB/s (27.3MB/s)(719MiB/27575msec)
    clat (usec): min=39, max=57068, avg=2939.09, stdev=2048.68
    clat percentiles (usec):
     |  1.00th=[   53],  5.00th=[   64], 10.00th=[   82], 20.00th=[  996],
     | 30.00th=[ 2671], 40.00th=[ 2966], 50.00th=[ 3228], 60.00th=[ 3556],
     | 70.00th=[ 3916], 80.00th=[ 4228], 90.00th=[ 4555], 95.00th=[ 4883],
     | 99.00th=[ 5276], 99.50th=[ 5407], 99.90th=[28705], 99.95th=[42730],
     | 99.99th=[56886]
   bw (  KiB/s): min=19284, max=33392, per=100.00%, avg=26862.18, stdev=149.28, samples=1247
   iops        : min= 4820, max= 8348, avg=6715.48, stdev=37.32, samples=1247
  cpu          : usr=12.15%, sys=2.06%, ctx=965764, majf=0, minf=0
  IO depths    : 1=100.0%, 2=0.0%, 4=0.0%, 8=0.0%, 16=0.0%, 32=0.0%, >=64=0.0%
     submit    : 0=0.0%, 4=100.0%, 8=0.0%, 16=0.0%, 32=0.0%, 64=0.0%, >=64=0.0%
     complete  : 0=0.0%, 4=100.0%, 8=0.0%, 16=0.0%, 32=0.0%, 64=0.0%, >=64=0.0%
     issued rwts: total=184000,0,0,0 short=0,0,0,0 dropped=0,0,0,0
     latency   : target=0, window=0, percentile=100.00%, depth=1

Run status group 0 (all jobs):
   READ: bw=26.1MiB/s (27.3MB/s), 26.1MiB/s-26.1MiB/s (27.3MB/s-27.3MB/s), io=719MiB (754MB), run=27575-27575msec
