create: (g=0): rw=read, bs=(R) 4096B-4096B, (W) 4096B-4096B, (T) 4096B-4096B, ioengine=filecreate, iodepth=1
...
fio-3.41
Starting 60 threads

create: (groupid=0, jobs=60): err= 0: pid=678168: Sat Mar 14 06:17:46 2026
  read: IOPS=5620, BW=22.0MiB/s (23.0MB/s)(1875MiB/85406msec)
    clat (usec): min=45, max=113131, avg=9649.42, stdev=4505.79
    clat percentiles (usec):
     |  1.00th=[    75],  5.00th=[   110], 10.00th=[   135], 20.00th=[  9110],
     | 30.00th=[  9634], 40.00th=[ 10159], 50.00th=[ 10814], 60.00th=[ 11338],
     | 70.00th=[ 11863], 80.00th=[ 12387], 90.00th=[ 12911], 95.00th=[ 13304],
     | 99.00th=[ 13829], 99.50th=[ 14222], 99.90th=[ 44827], 99.95th=[ 53216],
     | 99.99th=[112722]
   bw (  KiB/s): min=15622, max=32123, per=100.00%, avg=22574.30, stdev=38.40, samples=10175
   iops        : min= 3904, max= 8029, avg=5643.48, stdev= 9.60, samples=10175
  cpu          : usr=8.39%, sys=0.88%, ctx=2543807, majf=0, minf=0
  IO depths    : 1=100.0%, 2=0.0%, 4=0.0%, 8=0.0%, 16=0.0%, 32=0.0%, >=64=0.0%
     submit    : 0=0.0%, 4=100.0%, 8=0.0%, 16=0.0%, 32=0.0%, 64=0.0%, >=64=0.0%
     complete  : 0=0.0%, 4=100.0%, 8=0.0%, 16=0.0%, 32=0.0%, 64=0.0%, >=64=0.0%
     issued rwts: total=480000,0,0,0 short=0,0,0,0 dropped=0,0,0,0
     latency   : target=0, window=0, percentile=100.00%, depth=1

Run status group 0 (all jobs):
   READ: bw=22.0MiB/s (23.0MB/s), 22.0MiB/s-22.0MiB/s (23.0MB/s-23.0MB/s), io=1875MiB (1966MB), run=85406-85406msec
