create: (g=0): rw=read, bs=(R) 4096B-4096B, (W) 4096B-4096B, (T) 4096B-4096B, ioengine=filecreate, iodepth=1
...
fio-3.41
Starting 30 threads

create: (groupid=0, jobs=30): err= 0: pid=696619: Sat Mar 14 07:17:28 2026
  read: IOPS=5762, BW=22.5MiB/s (23.6MB/s)(938MiB/41649msec)
    clat (usec): min=41, max=62685, avg=4635.08, stdev=2767.19
    clat percentiles (usec):
     |  1.00th=[   60],  5.00th=[   85], 10.00th=[  114], 20.00th=[ 3818],
     | 30.00th=[ 4490], 40.00th=[ 4883], 50.00th=[ 5211], 60.00th=[ 5604],
     | 70.00th=[ 6063], 80.00th=[ 6456], 90.00th=[ 6718], 95.00th=[ 6980],
     | 99.00th=[ 7439], 99.50th=[ 7635], 99.90th=[31851], 99.95th=[49546],
     | 99.99th=[62129]
   bw (  KiB/s): min=12110, max=28960, per=99.95%, avg=23039.16, stdev=95.02, samples=2495
   iops        : min= 3017, max= 7240, avg=5759.64, stdev=23.78, samples=2495
  cpu          : usr=9.14%, sys=1.63%, ctx=1263124, majf=0, minf=0
  IO depths    : 1=100.0%, 2=0.0%, 4=0.0%, 8=0.0%, 16=0.0%, 32=0.0%, >=64=0.0%
     submit    : 0=0.0%, 4=100.0%, 8=0.0%, 16=0.0%, 32=0.0%, 64=0.0%, >=64=0.0%
     complete  : 0=0.0%, 4=100.0%, 8=0.0%, 16=0.0%, 32=0.0%, 64=0.0%, >=64=0.0%
     issued rwts: total=240000,0,0,0 short=0,0,0,0 dropped=0,0,0,0
     latency   : target=0, window=0, percentile=100.00%, depth=1

Run status group 0 (all jobs):
   READ: bw=22.5MiB/s (23.6MB/s), 22.5MiB/s-22.5MiB/s (23.6MB/s-23.6MB/s), io=938MiB (983MB), run=41649-41649msec
