create: (g=0): rw=read, bs=(R) 4096B-4096B, (W) 4096B-4096B, (T) 4096B-4096B, ioengine=filecreate, iodepth=1
...
fio-3.41
Starting 19 threads

create: (groupid=0, jobs=19): err= 0: pid=681003: Sat Mar 14 06:23:24 2026
  read: IOPS=8005, BW=31.3MiB/s (32.8MB/s)(594MiB/18987msec)
    clat (usec): min=39, max=55778, avg=1991.79, stdev=1558.09
    clat percentiles (usec):
     |  1.00th=[   50],  5.00th=[   55], 10.00th=[   60], 20.00th=[   91],
     | 30.00th=[ 1958], 40.00th=[ 2180], 50.00th=[ 2343], 60.00th=[ 2474],
     | 70.00th=[ 2638], 80.00th=[ 2802], 90.00th=[ 2966], 95.00th=[ 3097],
     | 99.00th=[ 3294], 99.50th=[ 3392], 99.90th=[13566], 99.95th=[38011],
     | 99.99th=[52167]
   bw (  KiB/s): min=25280, max=36560, per=100.00%, avg=32134.70, stdev=133.32, samples=703
   iops        : min= 6318, max= 9140, avg=8033.62, stdev=33.34, samples=703
  cpu          : usr=13.66%, sys=2.27%, ctx=796060, majf=0, minf=0
  IO depths    : 1=100.0%, 2=0.0%, 4=0.0%, 8=0.0%, 16=0.0%, 32=0.0%, >=64=0.0%
     submit    : 0=0.0%, 4=100.0%, 8=0.0%, 16=0.0%, 32=0.0%, 64=0.0%, >=64=0.0%
     complete  : 0=0.0%, 4=100.0%, 8=0.0%, 16=0.0%, 32=0.0%, 64=0.0%, >=64=0.0%
     issued rwts: total=152000,0,0,0 short=0,0,0,0 dropped=0,0,0,0
     latency   : target=0, window=0, percentile=100.00%, depth=1

Run status group 0 (all jobs):
   READ: bw=31.3MiB/s (32.8MB/s), 31.3MiB/s-31.3MiB/s (32.8MB/s-32.8MB/s), io=594MiB (623MB), run=18987-18987msec
