create: (g=0): rw=read, bs=(R) 4096B-4096B, (W) 4096B-4096B, (T) 4096B-4096B, ioengine=filecreate, iodepth=1
...
fio-3.41
Starting 17 threads

create: (groupid=0, jobs=17): err= 0: pid=680705: Sat Mar 14 06:22:37 2026
  read: IOPS=8065, BW=31.5MiB/s (33.0MB/s)(531MiB/16862msec)
    clat (usec): min=40, max=59853, avg=1704.68, stdev=1522.22
    clat percentiles (usec):
     |  1.00th=[   51],  5.00th=[   55], 10.00th=[   59], 20.00th=[   86],
     | 30.00th=[ 1614], 40.00th=[ 1844], 50.00th=[ 2008], 60.00th=[ 2147],
     | 70.00th=[ 2278], 80.00th=[ 2409], 90.00th=[ 2573], 95.00th=[ 2671],
     | 99.00th=[ 2868], 99.50th=[ 2933], 99.90th=[ 7701], 99.95th=[42206],
     | 99.99th=[59507]
   bw (  KiB/s): min=24349, max=36832, per=100.00%, avg=32362.33, stdev=161.30, samples=561
   iops        : min= 6082, max= 9208, avg=8090.30, stdev=40.37, samples=561
  cpu          : usr=15.70%, sys=2.66%, ctx=711759, majf=0, minf=0
  IO depths    : 1=100.0%, 2=0.0%, 4=0.0%, 8=0.0%, 16=0.0%, 32=0.0%, >=64=0.0%
     submit    : 0=0.0%, 4=100.0%, 8=0.0%, 16=0.0%, 32=0.0%, 64=0.0%, >=64=0.0%
     complete  : 0=0.0%, 4=100.0%, 8=0.0%, 16=0.0%, 32=0.0%, 64=0.0%, >=64=0.0%
     issued rwts: total=136000,0,0,0 short=0,0,0,0 dropped=0,0,0,0
     latency   : target=0, window=0, percentile=100.00%, depth=1

Run status group 0 (all jobs):
   READ: bw=31.5MiB/s (33.0MB/s), 31.5MiB/s-31.5MiB/s (33.0MB/s-33.0MB/s), io=531MiB (557MB), run=16862-16862msec
