create: (g=0): rw=read, bs=(R) 4096B-4096B, (W) 4096B-4096B, (T) 4096B-4096B, ioengine=filecreate, iodepth=1
...
fio-3.41
Starting 17 threads

create: (groupid=0, jobs=17): err= 0: pid=694515: Sat Mar 14 07:09:37 2026
  read: IOPS=8254, BW=32.2MiB/s (33.8MB/s)(531MiB/16476msec)
    clat (usec): min=40, max=54377, avg=1594.00, stdev=1182.10
    clat percentiles (usec):
     |  1.00th=[   49],  5.00th=[   53], 10.00th=[   57], 20.00th=[   81],
     | 30.00th=[ 1434], 40.00th=[ 1745], 50.00th=[ 1942], 60.00th=[ 2114],
     | 70.00th=[ 2245], 80.00th=[ 2376], 90.00th=[ 2507], 95.00th=[ 2638],
     | 99.00th=[ 2802], 99.50th=[ 2900], 99.90th=[ 3752], 99.95th=[ 8291],
     | 99.99th=[42730]
   bw (  KiB/s): min=24528, max=44704, per=100.00%, avg=33159.34, stdev=228.29, samples=538
   iops        : min= 6132, max=11176, avg=8289.83, stdev=57.07, samples=538
  cpu          : usr=17.82%, sys=2.66%, ctx=709942, majf=0, minf=0
  IO depths    : 1=100.0%, 2=0.0%, 4=0.0%, 8=0.0%, 16=0.0%, 32=0.0%, >=64=0.0%
     submit    : 0=0.0%, 4=100.0%, 8=0.0%, 16=0.0%, 32=0.0%, 64=0.0%, >=64=0.0%
     complete  : 0=0.0%, 4=100.0%, 8=0.0%, 16=0.0%, 32=0.0%, 64=0.0%, >=64=0.0%
     issued rwts: total=136000,0,0,0 short=0,0,0,0 dropped=0,0,0,0
     latency   : target=0, window=0, percentile=100.00%, depth=1

Run status group 0 (all jobs):
   READ: bw=32.2MiB/s (33.8MB/s), 32.2MiB/s-32.2MiB/s (33.8MB/s-33.8MB/s), io=531MiB (557MB), run=16476-16476msec
