create: (g=0): rw=read, bs=(R) 4096B-4096B, (W) 4096B-4096B, (T) 4096B-4096B, ioengine=filecreate, iodepth=1
...
fio-3.41
Starting 31 threads

create: (groupid=0, jobs=31): err= 0: pid=669966: Sat Mar 14 05:44:08 2026
  read: IOPS=5739, BW=22.4MiB/s (23.5MB/s)(969MiB/43206msec)
    clat (usec): min=40, max=55999, avg=4804.05, stdev=2788.30
    clat percentiles (usec):
     |  1.00th=[   60],  5.00th=[   86], 10.00th=[  115], 20.00th=[ 3949],
     | 30.00th=[ 4621], 40.00th=[ 5080], 50.00th=[ 5407], 60.00th=[ 5866],
     | 70.00th=[ 6325], 80.00th=[ 6652], 90.00th=[ 6980], 95.00th=[ 7242],
     | 99.00th=[ 7701], 99.50th=[ 7898], 99.90th=[33817], 99.95th=[45351],
     | 99.99th=[55313]
   bw (  KiB/s): min=15220, max=29904, per=100.00%, avg=23104.40, stdev=90.59, samples=2637
   iops        : min= 3804, max= 7476, avg=5775.97, stdev=22.65, samples=2637
  cpu          : usr=9.02%, sys=1.56%, ctx=1304051, majf=0, minf=0
  IO depths    : 1=100.0%, 2=0.0%, 4=0.0%, 8=0.0%, 16=0.0%, 32=0.0%, >=64=0.0%
     submit    : 0=0.0%, 4=100.0%, 8=0.0%, 16=0.0%, 32=0.0%, 64=0.0%, >=64=0.0%
     complete  : 0=0.0%, 4=100.0%, 8=0.0%, 16=0.0%, 32=0.0%, 64=0.0%, >=64=0.0%
     issued rwts: total=248000,0,0,0 short=0,0,0,0 dropped=0,0,0,0
     latency   : target=0, window=0, percentile=100.00%, depth=1

Run status group 0 (all jobs):
   READ: bw=22.4MiB/s (23.5MB/s), 22.4MiB/s-22.4MiB/s (23.5MB/s-23.5MB/s), io=969MiB (1016MB), run=43206-43206msec
