create: (g=0): rw=read, bs=(R) 4096B-4096B, (W) 4096B-4096B, (T) 4096B-4096B, ioengine=filecreate, iodepth=1
...
fio-3.41
Starting 31 threads

create: (groupid=0, jobs=31): err= 0: pid=656692: Sat Mar 14 04:56:58 2026
  read: IOPS=5731, BW=22.4MiB/s (23.5MB/s)(969MiB/43266msec)
    clat (usec): min=41, max=64427, avg=4823.35, stdev=2870.62
    clat percentiles (usec):
     |  1.00th=[   60],  5.00th=[   86], 10.00th=[  114], 20.00th=[ 3949],
     | 30.00th=[ 4621], 40.00th=[ 5014], 50.00th=[ 5407], 60.00th=[ 5866],
     | 70.00th=[ 6390], 80.00th=[ 6718], 90.00th=[ 7046], 95.00th=[ 7242],
     | 99.00th=[ 7701], 99.50th=[ 7898], 99.90th=[37487], 99.95th=[48497],
     | 99.99th=[63701]
   bw (  KiB/s): min=15235, max=28728, per=100.00%, avg=23005.79, stdev=90.63, samples=2648
   iops        : min= 3807, max= 7182, avg=5751.37, stdev=22.66, samples=2648
  cpu          : usr=8.99%, sys=1.58%, ctx=1304113, majf=0, minf=0
  IO depths    : 1=100.0%, 2=0.0%, 4=0.0%, 8=0.0%, 16=0.0%, 32=0.0%, >=64=0.0%
     submit    : 0=0.0%, 4=100.0%, 8=0.0%, 16=0.0%, 32=0.0%, 64=0.0%, >=64=0.0%
     complete  : 0=0.0%, 4=100.0%, 8=0.0%, 16=0.0%, 32=0.0%, 64=0.0%, >=64=0.0%
     issued rwts: total=248000,0,0,0 short=0,0,0,0 dropped=0,0,0,0
     latency   : target=0, window=0, percentile=100.00%, depth=1

Run status group 0 (all jobs):
   READ: bw=22.4MiB/s (23.5MB/s), 22.4MiB/s-22.4MiB/s (23.5MB/s-23.5MB/s), io=969MiB (1016MB), run=43266-43266msec
