create: (g=0): rw=read, bs=(R) 4096B-4096B, (W) 4096B-4096B, (T) 4096B-4096B, ioengine=filecreate, iodepth=1
...
fio-3.41
Starting 26 threads

create: (groupid=0, jobs=26): err= 0: pid=675610: Sat Mar 14 06:03:49 2026
  read: IOPS=6101, BW=23.8MiB/s (25.0MB/s)(813MiB/34091msec)
    clat (usec): min=41, max=53664, avg=3699.58, stdev=2302.70
    clat percentiles (usec):
     |  1.00th=[   55],  5.00th=[   73], 10.00th=[  104], 20.00th=[ 2540],
     | 30.00th=[ 3425], 40.00th=[ 3851], 50.00th=[ 4228], 60.00th=[ 4555],
     | 70.00th=[ 4817], 80.00th=[ 5211], 90.00th=[ 5604], 95.00th=[ 5932],
     | 99.00th=[ 6325], 99.50th=[ 6456], 99.90th=[23462], 99.95th=[41681],
     | 99.99th=[50070]
   bw (  KiB/s): min=18465, max=30976, per=100.00%, avg=24563.36, stdev=109.71, samples=1747
   iops        : min= 4614, max= 7744, avg=6140.76, stdev=27.43, samples=1747
  cpu          : usr=10.99%, sys=1.81%, ctx=1092975, majf=0, minf=0
  IO depths    : 1=100.0%, 2=0.0%, 4=0.0%, 8=0.0%, 16=0.0%, 32=0.0%, >=64=0.0%
     submit    : 0=0.0%, 4=100.0%, 8=0.0%, 16=0.0%, 32=0.0%, 64=0.0%, >=64=0.0%
     complete  : 0=0.0%, 4=100.0%, 8=0.0%, 16=0.0%, 32=0.0%, 64=0.0%, >=64=0.0%
     issued rwts: total=208000,0,0,0 short=0,0,0,0 dropped=0,0,0,0
     latency   : target=0, window=0, percentile=100.00%, depth=1

Run status group 0 (all jobs):
   READ: bw=23.8MiB/s (25.0MB/s), 23.8MiB/s-23.8MiB/s (25.0MB/s-25.0MB/s), io=813MiB (852MB), run=34091-34091msec
