create: (g=0): rw=read, bs=(R) 4096B-4096B, (W) 4096B-4096B, (T) 4096B-4096B, ioengine=filecreate, iodepth=1
...
fio-3.41
Starting 8 threads

create: (groupid=0, jobs=8): err= 0: pid=706295: Sat Mar 14 07:54:32 2026
  read: IOPS=10.0k, BW=39.1MiB/s (41.0MB/s)(250MiB/6395msec)
    clat (usec): min=33, max=59437, avg=85.38, stdev=475.77
    clat percentiles (usec):
     |  1.00th=[   40],  5.00th=[   43], 10.00th=[   47], 20.00th=[   49],
     | 30.00th=[   50], 40.00th=[   52], 50.00th=[   62], 60.00th=[   77],
     | 70.00th=[   91], 80.00th=[  111], 90.00th=[  141], 95.00th=[  172],
     | 99.00th=[  231], 99.50th=[  265], 99.90th=[  709], 99.95th=[ 1020],
     | 99.99th=[ 3261]
   bw (  KiB/s): min=23723, max=101752, per=100.00%, avg=51082.78, stdev=2982.15, samples=68
   iops        : min= 5928, max=25438, avg=12770.17, stdev=745.59, samples=68
  cpu          : usr=74.05%, sys=4.58%, ctx=296580, majf=0, minf=0
  IO depths    : 1=100.0%, 2=0.0%, 4=0.0%, 8=0.0%, 16=0.0%, 32=0.0%, >=64=0.0%
     submit    : 0=0.0%, 4=100.0%, 8=0.0%, 16=0.0%, 32=0.0%, 64=0.0%, >=64=0.0%
     complete  : 0=0.0%, 4=100.0%, 8=0.0%, 16=0.0%, 32=0.0%, 64=0.0%, >=64=0.0%
     issued rwts: total=64000,0,0,0 short=0,0,0,0 dropped=0,0,0,0
     latency   : target=0, window=0, percentile=100.00%, depth=1

Run status group 0 (all jobs):
   READ: bw=39.1MiB/s (41.0MB/s), 39.1MiB/s-39.1MiB/s (41.0MB/s-41.0MB/s), io=250MiB (262MB), run=6395-6395msec
