create: (g=0): rw=read, bs=(R) 4096B-4096B, (W) 4096B-4096B, (T) 4096B-4096B, ioengine=filecreate, iodepth=1
...
fio-3.41
Starting 15 threads

create: (groupid=0, jobs=15): err= 0: pid=645240: Sat Mar 14 04:24:13 2026
  read: IOPS=8720, BW=34.1MiB/s (35.7MB/s)(469MiB/13761msec)
    clat (usec): min=38, max=54478, avg=1206.67, stdev=1141.93
    clat percentiles (usec):
     |  1.00th=[   48],  5.00th=[   51], 10.00th=[   54], 20.00th=[   67],
     | 30.00th=[  121], 40.00th=[ 1303], 50.00th=[ 1532], 60.00th=[ 1680],
     | 70.00th=[ 1811], 80.00th=[ 1942], 90.00th=[ 2114], 95.00th=[ 2212],
     | 99.00th=[ 2409], 99.50th=[ 2474], 99.90th=[ 3359], 99.95th=[11338],
     | 99.99th=[51119]
   bw (  KiB/s): min=25372, max=50504, per=100.00%, avg=35143.27, stdev=321.72, samples=399
   iops        : min= 6343, max=12626, avg=8785.82, stdev=80.43, samples=399
  cpu          : usr=24.18%, sys=2.84%, ctx=619626, majf=0, minf=0
  IO depths    : 1=100.0%, 2=0.0%, 4=0.0%, 8=0.0%, 16=0.0%, 32=0.0%, >=64=0.0%
     submit    : 0=0.0%, 4=100.0%, 8=0.0%, 16=0.0%, 32=0.0%, 64=0.0%, >=64=0.0%
     complete  : 0=0.0%, 4=100.0%, 8=0.0%, 16=0.0%, 32=0.0%, 64=0.0%, >=64=0.0%
     issued rwts: total=120000,0,0,0 short=0,0,0,0 dropped=0,0,0,0
     latency   : target=0, window=0, percentile=100.00%, depth=1

Run status group 0 (all jobs):
   READ: bw=34.1MiB/s (35.7MB/s), 34.1MiB/s-34.1MiB/s (35.7MB/s-35.7MB/s), io=469MiB (492MB), run=13761-13761msec
