create: (g=0): rw=read, bs=(R) 4096B-4096B, (W) 4096B-4096B, (T) 4096B-4096B, ioengine=filecreate, iodepth=1
...
fio-3.41
Starting 16 threads

create: (groupid=0, jobs=16): err= 0: pid=654261: Sat Mar 14 04:48:00 2026
  read: IOPS=8572, BW=33.5MiB/s (35.1MB/s)(500MiB/14931msec)
    clat (usec): min=39, max=53302, avg=1407.79, stdev=979.09
    clat percentiles (usec):
     |  1.00th=[   50],  5.00th=[   53], 10.00th=[   56], 20.00th=[   75],
     | 30.00th=[ 1237], 40.00th=[ 1549], 50.00th=[ 1729], 60.00th=[ 1876],
     | 70.00th=[ 1991], 80.00th=[ 2114], 90.00th=[ 2245], 95.00th=[ 2343],
     | 99.00th=[ 2507], 99.50th=[ 2606], 99.90th=[ 3228], 99.95th=[ 7242],
     | 99.99th=[31327]
   bw (  KiB/s): min=24787, max=45240, per=100.00%, avg=34723.26, stdev=278.79, samples=459
   iops        : min= 6190, max=11310, avg=8680.55, stdev=69.73, samples=459
  cpu          : usr=19.67%, sys=2.77%, ctx=666616, majf=0, minf=0
  IO depths    : 1=100.0%, 2=0.0%, 4=0.0%, 8=0.0%, 16=0.0%, 32=0.0%, >=64=0.0%
     submit    : 0=0.0%, 4=100.0%, 8=0.0%, 16=0.0%, 32=0.0%, 64=0.0%, >=64=0.0%
     complete  : 0=0.0%, 4=100.0%, 8=0.0%, 16=0.0%, 32=0.0%, 64=0.0%, >=64=0.0%
     issued rwts: total=128000,0,0,0 short=0,0,0,0 dropped=0,0,0,0
     latency   : target=0, window=0, percentile=100.00%, depth=1

Run status group 0 (all jobs):
   READ: bw=33.5MiB/s (35.1MB/s), 33.5MiB/s-33.5MiB/s (35.1MB/s-35.1MB/s), io=500MiB (524MB), run=14931-14931msec
