create: (g=0): rw=read, bs=(R) 4096B-4096B, (W) 4096B-4096B, (T) 4096B-4096B, ioengine=filecreate, iodepth=1
...
fio-3.41
Starting 14 threads

create: (groupid=0, jobs=14): err= 0: pid=680273: Sat Mar 14 06:21:39 2026
  read: IOPS=8753, BW=34.2MiB/s (35.9MB/s)(438MiB/12795msec)
    clat (usec): min=38, max=44989, avg=1173.92, stdev=990.88
    clat percentiles (usec):
     |  1.00th=[   49],  5.00th=[   52], 10.00th=[   55], 20.00th=[   73],
     | 30.00th=[  816], 40.00th=[ 1270], 50.00th=[ 1434], 60.00th=[ 1565],
     | 70.00th=[ 1680], 80.00th=[ 1811], 90.00th=[ 1958], 95.00th=[ 2057],
     | 99.00th=[ 2245], 99.50th=[ 2278], 99.90th=[ 2638], 99.95th=[11469],
     | 99.99th=[41157]
   bw (  KiB/s): min=27936, max=55576, per=100.00%, avg=35448.64, stdev=392.89, samples=346
   iops        : min= 6981, max=13894, avg=8861.99, stdev=98.23, samples=346
  cpu          : usr=21.53%, sys=3.16%, ctx=583135, majf=0, minf=0
  IO depths    : 1=100.0%, 2=0.0%, 4=0.0%, 8=0.0%, 16=0.0%, 32=0.0%, >=64=0.0%
     submit    : 0=0.0%, 4=100.0%, 8=0.0%, 16=0.0%, 32=0.0%, 64=0.0%, >=64=0.0%
     complete  : 0=0.0%, 4=100.0%, 8=0.0%, 16=0.0%, 32=0.0%, 64=0.0%, >=64=0.0%
     issued rwts: total=112000,0,0,0 short=0,0,0,0 dropped=0,0,0,0
     latency   : target=0, window=0, percentile=100.00%, depth=1

Run status group 0 (all jobs):
   READ: bw=34.2MiB/s (35.9MB/s), 34.2MiB/s-34.2MiB/s (35.9MB/s-35.9MB/s), io=438MiB (459MB), run=12795-12795msec
