create: (g=0): rw=read, bs=(R) 4096B-4096B, (W) 4096B-4096B, (T) 4096B-4096B, ioengine=filecreate, iodepth=1
...
fio-3.41
Starting 23 threads

create: (groupid=0, jobs=23): err= 0: pid=681624: Sat Mar 14 06:25:24 2026
  read: IOPS=6559, BW=25.6MiB/s (26.9MB/s)(719MiB/28049msec)
    clat (usec): min=41, max=55928, avg=3003.60, stdev=2129.69
    clat percentiles (usec):
     |  1.00th=[   52],  5.00th=[   65], 10.00th=[   83], 20.00th=[ 1876],
     | 30.00th=[ 2769], 40.00th=[ 3064], 50.00th=[ 3294], 60.00th=[ 3621],
     | 70.00th=[ 3982], 80.00th=[ 4228], 90.00th=[ 4555], 95.00th=[ 4883],
     | 99.00th=[ 5342], 99.50th=[ 5473], 99.90th=[15139], 99.95th=[49021],
     | 99.99th=[54789]
   bw (  KiB/s): min=17892, max=32336, per=100.00%, avg=26391.84, stdev=140.57, samples=1271
   iops        : min= 4469, max= 8084, avg=6597.88, stdev=35.15, samples=1271
  cpu          : usr=11.82%, sys=2.07%, ctx=965558, majf=0, minf=0
  IO depths    : 1=100.0%, 2=0.0%, 4=0.0%, 8=0.0%, 16=0.0%, 32=0.0%, >=64=0.0%
     submit    : 0=0.0%, 4=100.0%, 8=0.0%, 16=0.0%, 32=0.0%, 64=0.0%, >=64=0.0%
     complete  : 0=0.0%, 4=100.0%, 8=0.0%, 16=0.0%, 32=0.0%, 64=0.0%, >=64=0.0%
     issued rwts: total=184000,0,0,0 short=0,0,0,0 dropped=0,0,0,0
     latency   : target=0, window=0, percentile=100.00%, depth=1

Run status group 0 (all jobs):
   READ: bw=25.6MiB/s (26.9MB/s), 25.6MiB/s-25.6MiB/s (26.9MB/s-26.9MB/s), io=719MiB (754MB), run=28049-28049msec
