create: (g=0): rw=read, bs=(R) 4096B-4096B, (W) 4096B-4096B, (T) 4096B-4096B, ioengine=filecreate, iodepth=1
...
fio-3.41
Starting 13 threads

create: (groupid=0, jobs=13): err= 0: pid=687399: Sat Mar 14 06:44:54 2026
  read: IOPS=9588, BW=37.5MiB/s (39.3MB/s)(406MiB/10846msec)
    clat (usec): min=37, max=60410, avg=795.18, stdev=902.63
    clat percentiles (usec):
     |  1.00th=[   47],  5.00th=[   50], 10.00th=[   52], 20.00th=[   61],
     | 30.00th=[   86], 40.00th=[  145], 50.00th=[  955], 60.00th=[ 1188],
     | 70.00th=[ 1336], 80.00th=[ 1483], 90.00th=[ 1647], 95.00th=[ 1762],
     | 99.00th=[ 1958], 99.50th=[ 2024], 99.90th=[ 2278], 99.95th=[ 3195],
     | 99.99th=[30016]
   bw (  KiB/s): min=24800, max=69256, per=100.00%, avg=40434.03, stdev=942.22, samples=255
   iops        : min= 6197, max=17314, avg=10107.99, stdev=235.54, samples=255
  cpu          : usr=31.27%, sys=3.51%, ctx=530939, majf=0, minf=0
  IO depths    : 1=100.0%, 2=0.0%, 4=0.0%, 8=0.0%, 16=0.0%, 32=0.0%, >=64=0.0%
     submit    : 0=0.0%, 4=100.0%, 8=0.0%, 16=0.0%, 32=0.0%, 64=0.0%, >=64=0.0%
     complete  : 0=0.0%, 4=100.0%, 8=0.0%, 16=0.0%, 32=0.0%, 64=0.0%, >=64=0.0%
     issued rwts: total=104000,0,0,0 short=0,0,0,0 dropped=0,0,0,0
     latency   : target=0, window=0, percentile=100.00%, depth=1

Run status group 0 (all jobs):
   READ: bw=37.5MiB/s (39.3MB/s), 37.5MiB/s-37.5MiB/s (39.3MB/s-39.3MB/s), io=406MiB (426MB), run=10846-10846msec
