create: (g=0): rw=read, bs=(R) 4096B-4096B, (W) 4096B-4096B, (T) 4096B-4096B, ioengine=filecreate, iodepth=1
...
fio-3.41
Starting 40 threads

create: (groupid=0, jobs=40): err= 0: pid=677063: Sat Mar 14 06:10:42 2026
  read: IOPS=5792, BW=22.6MiB/s (23.7MB/s)(1250MiB/55244msec)
    clat (usec): min=41, max=61792, avg=6175.04, stdev=3294.65
    clat percentiles (usec):
     |  1.00th=[   65],  5.00th=[   93], 10.00th=[  121], 20.00th=[ 5276],
     | 30.00th=[ 5932], 40.00th=[ 6456], 50.00th=[ 7111], 60.00th=[ 7635],
     | 70.00th=[ 8029], 80.00th=[ 8455], 90.00th=[ 8717], 95.00th=[ 9110],
     | 99.00th=[ 9634], 99.50th=[ 9896], 99.90th=[35390], 99.95th=[46924],
     | 99.99th=[61080]
   bw (  KiB/s): min=17872, max=35724, per=100.00%, avg=23282.97, stdev=73.92, samples=4360
   iops        : min= 4468, max= 8927, avg=5820.69, stdev=18.47, samples=4360
  cpu          : usr=8.70%, sys=1.27%, ctx=1688124, majf=0, minf=0
  IO depths    : 1=100.0%, 2=0.0%, 4=0.0%, 8=0.0%, 16=0.0%, 32=0.0%, >=64=0.0%
     submit    : 0=0.0%, 4=100.0%, 8=0.0%, 16=0.0%, 32=0.0%, 64=0.0%, >=64=0.0%
     complete  : 0=0.0%, 4=100.0%, 8=0.0%, 16=0.0%, 32=0.0%, 64=0.0%, >=64=0.0%
     issued rwts: total=320000,0,0,0 short=0,0,0,0 dropped=0,0,0,0
     latency   : target=0, window=0, percentile=100.00%, depth=1

Run status group 0 (all jobs):
   READ: bw=22.6MiB/s (23.7MB/s), 22.6MiB/s-22.6MiB/s (23.7MB/s-23.7MB/s), io=1250MiB (1311MB), run=55244-55244msec
