create: (g=0): rw=read, bs=(R) 4096B-4096B, (W) 4096B-4096B, (T) 4096B-4096B, ioengine=filecreate, iodepth=1
...
fio-3.41
Starting 24 threads

create: (groupid=0, jobs=24): err= 0: pid=675280: Sat Mar 14 06:02:30 2026
  read: IOPS=6365, BW=24.9MiB/s (26.1MB/s)(750MiB/30161msec)
    clat (usec): min=43, max=59496, avg=3261.20, stdev=2165.15
    clat percentiles (usec):
     |  1.00th=[   53],  5.00th=[   69], 10.00th=[   91], 20.00th=[ 2278],
     | 30.00th=[ 3032], 40.00th=[ 3326], 50.00th=[ 3621], 60.00th=[ 3982],
     | 70.00th=[ 4293], 80.00th=[ 4621], 90.00th=[ 5014], 95.00th=[ 5276],
     | 99.00th=[ 5604], 99.50th=[ 5800], 99.90th=[24773], 99.95th=[45351],
     | 99.99th=[53740]
   bw (  KiB/s): min=17275, max=31872, per=100.00%, avg=25586.10, stdev=129.51, samples=1428
   iops        : min= 4313, max= 7968, avg=6396.43, stdev=32.39, samples=1428
  cpu          : usr=11.12%, sys=2.00%, ctx=1008259, majf=0, minf=0
  IO depths    : 1=100.0%, 2=0.0%, 4=0.0%, 8=0.0%, 16=0.0%, 32=0.0%, >=64=0.0%
     submit    : 0=0.0%, 4=100.0%, 8=0.0%, 16=0.0%, 32=0.0%, 64=0.0%, >=64=0.0%
     complete  : 0=0.0%, 4=100.0%, 8=0.0%, 16=0.0%, 32=0.0%, 64=0.0%, >=64=0.0%
     issued rwts: total=192000,0,0,0 short=0,0,0,0 dropped=0,0,0,0
     latency   : target=0, window=0, percentile=100.00%, depth=1

Run status group 0 (all jobs):
   READ: bw=24.9MiB/s (26.1MB/s), 24.9MiB/s-24.9MiB/s (26.1MB/s-26.1MB/s), io=750MiB (786MB), run=30161-30161msec
