create: (g=0): rw=read, bs=(R) 4096B-4096B, (W) 4096B-4096B, (T) 4096B-4096B, ioengine=filecreate, iodepth=1
...
fio-3.41
Starting 52 threads

create: (groupid=0, jobs=52): err= 0: pid=664403: Sat Mar 14 05:27:22 2026
  read: IOPS=5781, BW=22.6MiB/s (23.7MB/s)(1625MiB/71948msec)
    clat (usec): min=43, max=105369, avg=8056.05, stdev=4022.29
    clat percentiles (usec):
     |  1.00th=[    70],  5.00th=[   102], 10.00th=[   127], 20.00th=[  7570],
     | 30.00th=[  8160], 40.00th=[  8586], 50.00th=[  8979], 60.00th=[  9503],
     | 70.00th=[ 10028], 80.00th=[ 10552], 90.00th=[ 11076], 95.00th=[ 11469],
     | 99.00th=[ 12125], 99.50th=[ 12387], 99.90th=[ 36439], 99.95th=[ 55837],
     | 99.99th=[104334]
   bw (  KiB/s): min=15696, max=37490, per=100.00%, avg=23262.32, stdev=51.78, samples=7390
   iops        : min= 3924, max= 9370, avg=5815.49, stdev=12.94, samples=7390
  cpu          : usr=8.81%, sys=0.99%, ctx=2199975, majf=0, minf=0
  IO depths    : 1=100.0%, 2=0.0%, 4=0.0%, 8=0.0%, 16=0.0%, 32=0.0%, >=64=0.0%
     submit    : 0=0.0%, 4=100.0%, 8=0.0%, 16=0.0%, 32=0.0%, 64=0.0%, >=64=0.0%
     complete  : 0=0.0%, 4=100.0%, 8=0.0%, 16=0.0%, 32=0.0%, 64=0.0%, >=64=0.0%
     issued rwts: total=416000,0,0,0 short=0,0,0,0 dropped=0,0,0,0
     latency   : target=0, window=0, percentile=100.00%, depth=1

Run status group 0 (all jobs):
   READ: bw=22.6MiB/s (23.7MB/s), 22.6MiB/s-22.6MiB/s (23.7MB/s-23.7MB/s), io=1625MiB (1704MB), run=71948-71948msec
