create: (g=0): rw=read, bs=(R) 4096B-4096B, (W) 4096B-4096B, (T) 4096B-4096B, ioengine=filecreate, iodepth=1
...
fio-3.41
Starting 64 threads

create: (groupid=0, jobs=64): err= 0: pid=685707: Sat Mar 14 06:43:03 2026
  read: IOPS=5570, BW=21.8MiB/s (22.8MB/s)(2000MiB/91905msec)
    clat (usec): min=46, max=117458, avg=10426.78, stdev=4820.54
    clat percentiles (usec):
     |  1.00th=[    77],  5.00th=[   112], 10.00th=[   139], 20.00th=[ 10028],
     | 30.00th=[ 10552], 40.00th=[ 11207], 50.00th=[ 11600], 60.00th=[ 12125],
     | 70.00th=[ 12649], 80.00th=[ 13173], 90.00th=[ 13829], 95.00th=[ 14091],
     | 99.00th=[ 14746], 99.50th=[ 15139], 99.90th=[ 50594], 99.95th=[ 58459],
     | 99.99th=[115868]
   bw (  KiB/s): min=13536, max=34346, per=100.00%, avg=22324.31, stdev=38.10, samples=11721
   iops        : min= 3384, max= 8585, avg=5581.00, stdev= 9.52, samples=11721
  cpu          : usr=8.20%, sys=0.83%, ctx=2717788, majf=0, minf=0
  IO depths    : 1=100.0%, 2=0.0%, 4=0.0%, 8=0.0%, 16=0.0%, 32=0.0%, >=64=0.0%
     submit    : 0=0.0%, 4=100.0%, 8=0.0%, 16=0.0%, 32=0.0%, 64=0.0%, >=64=0.0%
     complete  : 0=0.0%, 4=100.0%, 8=0.0%, 16=0.0%, 32=0.0%, 64=0.0%, >=64=0.0%
     issued rwts: total=512000,0,0,0 short=0,0,0,0 dropped=0,0,0,0
     latency   : target=0, window=0, percentile=100.00%, depth=1

Run status group 0 (all jobs):
   READ: bw=21.8MiB/s (22.8MB/s), 21.8MiB/s-21.8MiB/s (22.8MB/s-22.8MB/s), io=2000MiB (2097MB), run=91905-91905msec
