create: (g=0): rw=read, bs=(R) 4096B-4096B, (W) 4096B-4096B, (T) 4096B-4096B, ioengine=filecreate, iodepth=1
...
fio-3.41
Starting 7 threads

create: (groupid=0, jobs=7): err= 0: pid=672835: Sat Mar 14 05:56:41 2026
  read: IOPS=7107, BW=27.8MiB/s (29.1MB/s)(219MiB/7879msec)
    clat (usec): min=34, max=29407, avg=70.16, stdev=177.98
    clat percentiles (usec):
     |  1.00th=[   42],  5.00th=[   46], 10.00th=[   47], 20.00th=[   48],
     | 30.00th=[   49], 40.00th=[   50], 50.00th=[   52], 60.00th=[   59],
     | 70.00th=[   72], 80.00th=[   90], 90.00th=[  115], 95.00th=[  137],
     | 99.00th=[  182], 99.50th=[  200], 99.90th=[  578], 99.95th=[ 1074],
     | 99.99th=[ 1762]
   bw (  KiB/s): min=15317, max=96399, per=100.00%, avg=36417.76, stdev=3099.91, samples=88
   iops        : min= 3827, max=24097, avg=9103.96, stdev=774.94, samples=88
  cpu          : usr=84.01%, sys=3.53%, ctx=249115, majf=0, minf=0
  IO depths    : 1=100.0%, 2=0.0%, 4=0.0%, 8=0.0%, 16=0.0%, 32=0.0%, >=64=0.0%
     submit    : 0=0.0%, 4=100.0%, 8=0.0%, 16=0.0%, 32=0.0%, 64=0.0%, >=64=0.0%
     complete  : 0=0.0%, 4=100.0%, 8=0.0%, 16=0.0%, 32=0.0%, 64=0.0%, >=64=0.0%
     issued rwts: total=56000,0,0,0 short=0,0,0,0 dropped=0,0,0,0
     latency   : target=0, window=0, percentile=100.00%, depth=1

Run status group 0 (all jobs):
   READ: bw=27.8MiB/s (29.1MB/s), 27.8MiB/s-27.8MiB/s (29.1MB/s-29.1MB/s), io=219MiB (229MB), run=7879-7879msec
