create: (g=0): rw=read, bs=(R) 4096B-4096B, (W) 4096B-4096B, (T) 4096B-4096B, ioengine=filecreate, iodepth=1
...
fio-3.41
Starting 19 threads

create: (groupid=0, jobs=19): err= 0: pid=688302: Sat Mar 14 06:46:58 2026
  read: IOPS=7243, BW=28.3MiB/s (29.7MB/s)(594MiB/20984msec)
    clat (usec): min=40, max=61379, avg=2149.47, stdev=1737.80
    clat percentiles (usec):
     |  1.00th=[   52],  5.00th=[   58], 10.00th=[   72], 20.00th=[  122],
     | 30.00th=[ 1975], 40.00th=[ 2278], 50.00th=[ 2507], 60.00th=[ 2704],
     | 70.00th=[ 2868], 80.00th=[ 3032], 90.00th=[ 3228], 95.00th=[ 3359],
     | 99.00th=[ 3621], 99.50th=[ 3720], 99.90th=[14091], 99.95th=[47449],
     | 99.99th=[53216]
   bw (  KiB/s): min=17562, max=35320, per=100.00%, avg=29134.41, stdev=150.09, samples=784
   iops        : min= 4388, max= 8830, avg=7283.54, stdev=37.53, samples=784
  cpu          : usr=15.06%, sys=2.48%, ctx=797558, majf=0, minf=0
  IO depths    : 1=100.0%, 2=0.0%, 4=0.0%, 8=0.0%, 16=0.0%, 32=0.0%, >=64=0.0%
     submit    : 0=0.0%, 4=100.0%, 8=0.0%, 16=0.0%, 32=0.0%, 64=0.0%, >=64=0.0%
     complete  : 0=0.0%, 4=100.0%, 8=0.0%, 16=0.0%, 32=0.0%, 64=0.0%, >=64=0.0%
     issued rwts: total=152000,0,0,0 short=0,0,0,0 dropped=0,0,0,0
     latency   : target=0, window=0, percentile=100.00%, depth=1

Run status group 0 (all jobs):
   READ: bw=28.3MiB/s (29.7MB/s), 28.3MiB/s-28.3MiB/s (29.7MB/s-29.7MB/s), io=594MiB (623MB), run=20984-20984msec
