create: (g=0): rw=read, bs=(R) 4096B-4096B, (W) 4096B-4096B, (T) 4096B-4096B, ioengine=filecreate, iodepth=1
...
fio-3.41
Starting 15 threads

create: (groupid=0, jobs=15): err= 0: pid=687681: Sat Mar 14 06:45:28 2026
  read: IOPS=8686, BW=33.9MiB/s (35.6MB/s)(469MiB/13814msec)
    clat (usec): min=38, max=63441, avg=1242.19, stdev=1126.32
    clat percentiles (usec):
     |  1.00th=[   49],  5.00th=[   52], 10.00th=[   55], 20.00th=[   68],
     | 30.00th=[  137], 40.00th=[ 1369], 50.00th=[ 1565], 60.00th=[ 1729],
     | 70.00th=[ 1860], 80.00th=[ 1991], 90.00th=[ 2114], 95.00th=[ 2212],
     | 99.00th=[ 2409], 99.50th=[ 2474], 99.90th=[ 3195], 99.95th=[10290],
     | 99.99th=[49546]
   bw (  KiB/s): min=25772, max=46128, per=100.00%, avg=34780.84, stdev=275.90, samples=404
   iops        : min= 6436, max=11532, avg=8694.92, stdev=69.02, samples=404
  cpu          : usr=23.13%, sys=2.91%, ctx=620036, majf=0, minf=0
  IO depths    : 1=100.0%, 2=0.0%, 4=0.0%, 8=0.0%, 16=0.0%, 32=0.0%, >=64=0.0%
     submit    : 0=0.0%, 4=100.0%, 8=0.0%, 16=0.0%, 32=0.0%, 64=0.0%, >=64=0.0%
     complete  : 0=0.0%, 4=100.0%, 8=0.0%, 16=0.0%, 32=0.0%, 64=0.0%, >=64=0.0%
     issued rwts: total=120000,0,0,0 short=0,0,0,0 dropped=0,0,0,0
     latency   : target=0, window=0, percentile=100.00%, depth=1

Run status group 0 (all jobs):
   READ: bw=33.9MiB/s (35.6MB/s), 33.9MiB/s-33.9MiB/s (35.6MB/s-35.6MB/s), io=469MiB (492MB), run=13814-13814msec
