create: (g=0): rw=read, bs=(R) 4096B-4096B, (W) 4096B-4096B, (T) 4096B-4096B, ioengine=filecreate, iodepth=1
...
fio-3.41
Starting 30 threads

create: (groupid=0, jobs=30): err= 0: pid=703151: Sat Mar 14 07:41:01 2026
  read: IOPS=5839, BW=22.8MiB/s (23.9MB/s)(938MiB/41096msec)
    clat (usec): min=43, max=63446, avg=4563.38, stdev=2726.11
    clat percentiles (usec):
     |  1.00th=[   59],  5.00th=[   83], 10.00th=[  112], 20.00th=[ 3752],
     | 30.00th=[ 4424], 40.00th=[ 4817], 50.00th=[ 5145], 60.00th=[ 5473],
     | 70.00th=[ 5932], 80.00th=[ 6390], 90.00th=[ 6652], 95.00th=[ 6915],
     | 99.00th=[ 7439], 99.50th=[ 7635], 99.90th=[38011], 99.95th=[46400],
     | 99.99th=[63177]
   bw (  KiB/s): min=12966, max=29528, per=100.00%, avg=23406.36, stdev=99.60, samples=2453
   iops        : min= 3240, max= 7382, avg=5851.56, stdev=24.90, samples=2453
  cpu          : usr=9.20%, sys=1.64%, ctx=1262052, majf=0, minf=0
  IO depths    : 1=100.0%, 2=0.0%, 4=0.0%, 8=0.0%, 16=0.0%, 32=0.0%, >=64=0.0%
     submit    : 0=0.0%, 4=100.0%, 8=0.0%, 16=0.0%, 32=0.0%, 64=0.0%, >=64=0.0%
     complete  : 0=0.0%, 4=100.0%, 8=0.0%, 16=0.0%, 32=0.0%, 64=0.0%, >=64=0.0%
     issued rwts: total=240000,0,0,0 short=0,0,0,0 dropped=0,0,0,0
     latency   : target=0, window=0, percentile=100.00%, depth=1

Run status group 0 (all jobs):
   READ: bw=22.8MiB/s (23.9MB/s), 22.8MiB/s-22.8MiB/s (23.9MB/s-23.9MB/s), io=938MiB (983MB), run=41096-41096msec
