create: (g=0): rw=read, bs=(R) 4096B-4096B, (W) 4096B-4096B, (T) 4096B-4096B, ioengine=filecreate, iodepth=1
...
fio-3.41
Starting 3 threads

create: (groupid=0, jobs=3): err= 0: pid=686123: Sat Mar 14 06:43:18 2026
  read: IOPS=6469, BW=25.3MiB/s (26.5MB/s)(93.8MiB/3710msec)
    clat (usec): min=35, max=36699, avg=57.81, stdev=311.91
    clat percentiles (usec):
     |  1.00th=[   42],  5.00th=[   44], 10.00th=[   44], 20.00th=[   46],
     | 30.00th=[   46], 40.00th=[   47], 50.00th=[   48], 60.00th=[   49],
     | 70.00th=[   53], 80.00th=[   62], 90.00th=[   78], 95.00th=[   89],
     | 99.00th=[  111], 99.50th=[  126], 99.90th=[  180], 99.95th=[  281],
     | 99.99th=[16909]
   bw (  KiB/s): min=12646, max=48410, per=92.11%, avg=23834.10, stdev=4016.01, samples=20
   iops        : min= 3160, max=12101, avg=5958.10, stdev=1003.90, samples=20
  cpu          : usr=76.30%, sys=5.86%, ctx=101646, majf=0, minf=0
  IO depths    : 1=100.0%, 2=0.0%, 4=0.0%, 8=0.0%, 16=0.0%, 32=0.0%, >=64=0.0%
     submit    : 0=0.0%, 4=100.0%, 8=0.0%, 16=0.0%, 32=0.0%, 64=0.0%, >=64=0.0%
     complete  : 0=0.0%, 4=100.0%, 8=0.0%, 16=0.0%, 32=0.0%, 64=0.0%, >=64=0.0%
     issued rwts: total=24000,0,0,0 short=0,0,0,0 dropped=0,0,0,0
     latency   : target=0, window=0, percentile=100.00%, depth=1

Run status group 0 (all jobs):
   READ: bw=25.3MiB/s (26.5MB/s), 25.3MiB/s-25.3MiB/s (26.5MB/s-26.5MB/s), io=93.8MiB (98.3MB), run=3710-3710msec
