create: (g=0): rw=read, bs=(R) 4096B-4096B, (W) 4096B-4096B, (T) 4096B-4096B, ioengine=filecreate, iodepth=1
...
fio-3.41
Starting 29 threads

create: (groupid=0, jobs=29): err= 0: pid=676125: Sat Mar 14 06:06:03 2026
  read: IOPS=5876, BW=23.0MiB/s (24.1MB/s)(906MiB/39479msec)
    clat (usec): min=40, max=54283, avg=4367.40, stdev=2610.30
    clat percentiles (usec):
     |  1.00th=[   57],  5.00th=[   81], 10.00th=[  111], 20.00th=[ 3458],
     | 30.00th=[ 4178], 40.00th=[ 4490], 50.00th=[ 4817], 60.00th=[ 5211],
     | 70.00th=[ 5866], 80.00th=[ 6194], 90.00th=[ 6521], 95.00th=[ 6718],
     | 99.00th=[ 7111], 99.50th=[ 7308], 99.90th=[30802], 99.95th=[49546],
     | 99.99th=[53740]
   bw (  KiB/s): min=17220, max=29408, per=100.00%, avg=23583.11, stdev=100.00, samples=2256
   iops        : min= 4302, max= 7352, avg=5895.59, stdev=25.00, samples=2256
  cpu          : usr=9.54%, sys=1.69%, ctx=1219202, majf=0, minf=0
  IO depths    : 1=100.0%, 2=0.0%, 4=0.0%, 8=0.0%, 16=0.0%, 32=0.0%, >=64=0.0%
     submit    : 0=0.0%, 4=100.0%, 8=0.0%, 16=0.0%, 32=0.0%, 64=0.0%, >=64=0.0%
     complete  : 0=0.0%, 4=100.0%, 8=0.0%, 16=0.0%, 32=0.0%, 64=0.0%, >=64=0.0%
     issued rwts: total=232000,0,0,0 short=0,0,0,0 dropped=0,0,0,0
     latency   : target=0, window=0, percentile=100.00%, depth=1

Run status group 0 (all jobs):
   READ: bw=23.0MiB/s (24.1MB/s), 23.0MiB/s-23.0MiB/s (24.1MB/s-24.1MB/s), io=906MiB (950MB), run=39479-39479msec
