create: (g=0): rw=read, bs=(R) 4096B-4096B, (W) 4096B-4096B, (T) 4096B-4096B, ioengine=filecreate, iodepth=1
...
fio-3.41
Starting 9 threads

create: (groupid=0, jobs=9): err= 0: pid=706423: Sat Mar 14 07:54:42 2026
  read: IOPS=10.2k, BW=39.9MiB/s (41.8MB/s)(281MiB/7055msec)
    clat (usec): min=34, max=58975, avg=98.49, stdev=612.06
    clat percentiles (usec):
     |  1.00th=[   42],  5.00th=[   46], 10.00th=[   47], 20.00th=[   49],
     | 30.00th=[   50], 40.00th=[   55], 50.00th=[   66], 60.00th=[   81],
     | 70.00th=[   95], 80.00th=[  122], 90.00th=[  167], 95.00th=[  212],
     | 99.00th=[  359], 99.50th=[  474], 99.90th=[  881], 99.95th=[ 1270],
     | 99.99th=[48497]
   bw (  KiB/s): min=24672, max=108584, per=100.00%, avg=60489.11, stdev=2696.48, samples=85
   iops        : min= 6166, max=27146, avg=15122.12, stdev=674.14, samples=85
  cpu          : usr=72.79%, sys=4.68%, ctx=337037, majf=0, minf=0
  IO depths    : 1=100.0%, 2=0.0%, 4=0.0%, 8=0.0%, 16=0.0%, 32=0.0%, >=64=0.0%
     submit    : 0=0.0%, 4=100.0%, 8=0.0%, 16=0.0%, 32=0.0%, 64=0.0%, >=64=0.0%
     complete  : 0=0.0%, 4=100.0%, 8=0.0%, 16=0.0%, 32=0.0%, 64=0.0%, >=64=0.0%
     issued rwts: total=72000,0,0,0 short=0,0,0,0 dropped=0,0,0,0
     latency   : target=0, window=0, percentile=100.00%, depth=1

Run status group 0 (all jobs):
   READ: bw=39.9MiB/s (41.8MB/s), 39.9MiB/s-39.9MiB/s (41.8MB/s-41.8MB/s), io=281MiB (295MB), run=7055-7055msec
