create: (g=0): rw=read, bs=(R) 4096B-4096B, (W) 4096B-4096B, (T) 4096B-4096B, ioengine=filecreate, iodepth=1
...
fio-3.41
Starting 18 threads

create: (groupid=0, jobs=18): err= 0: pid=701172: Sat Mar 14 07:33:38 2026
  read: IOPS=8026, BW=31.4MiB/s (32.9MB/s)(563MiB/17940msec)
    clat (usec): min=40, max=54375, avg=1812.60, stdev=1497.26
    clat percentiles (usec):
     |  1.00th=[   50],  5.00th=[   54], 10.00th=[   58], 20.00th=[   88],
     | 30.00th=[ 1696], 40.00th=[ 1958], 50.00th=[ 2147], 60.00th=[ 2311],
     | 70.00th=[ 2474], 80.00th=[ 2606], 90.00th=[ 2769], 95.00th=[ 2868],
     | 99.00th=[ 3064], 99.50th=[ 3130], 99.90th=[10552], 99.95th=[41157],
     | 99.99th=[53740]
   bw (  KiB/s): min=20335, max=38736, per=100.00%, avg=32162.78, stdev=186.12, samples=629
   iops        : min= 5076, max= 9684, avg=8040.47, stdev=46.57, samples=629
  cpu          : usr=15.90%, sys=2.39%, ctx=752629, majf=0, minf=0
  IO depths    : 1=100.0%, 2=0.0%, 4=0.0%, 8=0.0%, 16=0.0%, 32=0.0%, >=64=0.0%
     submit    : 0=0.0%, 4=100.0%, 8=0.0%, 16=0.0%, 32=0.0%, 64=0.0%, >=64=0.0%
     complete  : 0=0.0%, 4=100.0%, 8=0.0%, 16=0.0%, 32=0.0%, 64=0.0%, >=64=0.0%
     issued rwts: total=144000,0,0,0 short=0,0,0,0 dropped=0,0,0,0
     latency   : target=0, window=0, percentile=100.00%, depth=1

Run status group 0 (all jobs):
   READ: bw=31.4MiB/s (32.9MB/s), 31.4MiB/s-31.4MiB/s (32.9MB/s-32.9MB/s), io=563MiB (590MB), run=17940-17940msec
