create: (g=0): rw=read, bs=(R) 4096B-4096B, (W) 4096B-4096B, (T) 4096B-4096B, ioengine=filecreate, iodepth=1
...
fio-3.41
Starting 19 threads

create: (groupid=0, jobs=19): err= 0: pid=674496: Sat Mar 14 05:59:49 2026
  read: IOPS=7785, BW=30.4MiB/s (31.9MB/s)(594MiB/19524msec)
    clat (usec): min=39, max=54078, avg=2010.84, stdev=1495.63
    clat percentiles (usec):
     |  1.00th=[   51],  5.00th=[   56], 10.00th=[   64], 20.00th=[   91],
     | 30.00th=[ 1909], 40.00th=[ 2180], 50.00th=[ 2376], 60.00th=[ 2540],
     | 70.00th=[ 2704], 80.00th=[ 2868], 90.00th=[ 3064], 95.00th=[ 3163],
     | 99.00th=[ 3392], 99.50th=[ 3458], 99.90th=[ 8160], 99.95th=[34341],
     | 99.99th=[46400]
   bw (  KiB/s): min=23314, max=38688, per=100.00%, avg=31314.66, stdev=153.57, samples=725
   iops        : min= 5826, max= 9672, avg=7828.59, stdev=38.40, samples=725
  cpu          : usr=14.48%, sys=2.35%, ctx=796533, majf=0, minf=0
  IO depths    : 1=100.0%, 2=0.0%, 4=0.0%, 8=0.0%, 16=0.0%, 32=0.0%, >=64=0.0%
     submit    : 0=0.0%, 4=100.0%, 8=0.0%, 16=0.0%, 32=0.0%, 64=0.0%, >=64=0.0%
     complete  : 0=0.0%, 4=100.0%, 8=0.0%, 16=0.0%, 32=0.0%, 64=0.0%, >=64=0.0%
     issued rwts: total=152000,0,0,0 short=0,0,0,0 dropped=0,0,0,0
     latency   : target=0, window=0, percentile=100.00%, depth=1

Run status group 0 (all jobs):
   READ: bw=30.4MiB/s (31.9MB/s), 30.4MiB/s-30.4MiB/s (31.9MB/s-31.9MB/s), io=594MiB (623MB), run=19524-19524msec
