create: (g=0): rw=read, bs=(R) 4096B-4096B, (W) 4096B-4096B, (T) 4096B-4096B, ioengine=filecreate, iodepth=1
...
fio-3.41
Starting 3 threads

create: (groupid=0, jobs=3): err= 0: pid=640911: Sat Mar 14 04:22:07 2026
  read: IOPS=6046, BW=23.6MiB/s (24.8MB/s)(93.8MiB/3969msec)
    clat (usec): min=36, max=34886, avg=62.25, stdev=226.17
    clat percentiles (usec):
     |  1.00th=[   42],  5.00th=[   44], 10.00th=[   45], 20.00th=[   46],
     | 30.00th=[   47], 40.00th=[   48], 50.00th=[   50], 60.00th=[   54],
     | 70.00th=[   64], 80.00th=[   77], 90.00th=[   94], 95.00th=[  108],
     | 99.00th=[  133], 99.50th=[  143], 99.90th=[  188], 99.95th=[  351],
     | 99.99th=[  873]
   bw (  KiB/s): min=11728, max=39488, per=89.88%, avg=21739.43, stdev=3096.96, samples=21
   iops        : min= 2932, max= 9872, avg=5434.86, stdev=774.24, samples=21
  cpu          : usr=75.83%, sys=5.44%, ctx=105377, majf=0, minf=0
  IO depths    : 1=100.0%, 2=0.0%, 4=0.0%, 8=0.0%, 16=0.0%, 32=0.0%, >=64=0.0%
     submit    : 0=0.0%, 4=100.0%, 8=0.0%, 16=0.0%, 32=0.0%, 64=0.0%, >=64=0.0%
     complete  : 0=0.0%, 4=100.0%, 8=0.0%, 16=0.0%, 32=0.0%, 64=0.0%, >=64=0.0%
     issued rwts: total=24000,0,0,0 short=0,0,0,0 dropped=0,0,0,0
     latency   : target=0, window=0, percentile=100.00%, depth=1

Run status group 0 (all jobs):
   READ: bw=23.6MiB/s (24.8MB/s), 23.6MiB/s-23.6MiB/s (24.8MB/s-24.8MB/s), io=93.8MiB (98.3MB), run=3969-3969msec
