create: (g=0): rw=read, bs=(R) 4096B-4096B, (W) 4096B-4096B, (T) 4096B-4096B, ioengine=filecreate, iodepth=1
...
fio-3.41
Starting 7 threads

create: (groupid=0, jobs=7): err= 0: pid=686606: Sat Mar 14 06:43:47 2026
  read: IOPS=7122, BW=27.8MiB/s (29.2MB/s)(219MiB/7862msec)
    clat (usec): min=36, max=49412, avg=66.19, stdev=353.97
    clat percentiles (usec):
     |  1.00th=[   40],  5.00th=[   43], 10.00th=[   46], 20.00th=[   47],
     | 30.00th=[   48], 40.00th=[   50], 50.00th=[   51], 60.00th=[   53],
     | 70.00th=[   62], 80.00th=[   77], 90.00th=[   96], 95.00th=[  116],
     | 99.00th=[  159], 99.50th=[  186], 99.90th=[  506], 99.95th=[  930],
     | 99.99th=[16057]
   bw (  KiB/s): min=17020, max=98128, per=100.00%, avg=37134.08, stdev=3328.52, samples=81
   iops        : min= 4255, max=24532, avg=9283.36, stdev=832.13, samples=81
  cpu          : usr=84.15%, sys=3.33%, ctx=243471, majf=0, minf=0
  IO depths    : 1=100.0%, 2=0.0%, 4=0.0%, 8=0.0%, 16=0.0%, 32=0.0%, >=64=0.0%
     submit    : 0=0.0%, 4=100.0%, 8=0.0%, 16=0.0%, 32=0.0%, 64=0.0%, >=64=0.0%
     complete  : 0=0.0%, 4=100.0%, 8=0.0%, 16=0.0%, 32=0.0%, 64=0.0%, >=64=0.0%
     issued rwts: total=56000,0,0,0 short=0,0,0,0 dropped=0,0,0,0
     latency   : target=0, window=0, percentile=100.00%, depth=1

Run status group 0 (all jobs):
   READ: bw=27.8MiB/s (29.2MB/s), 27.8MiB/s-27.8MiB/s (29.2MB/s-29.2MB/s), io=219MiB (229MB), run=7862-7862msec
