create: (g=0): rw=read, bs=(R) 4096B-4096B, (W) 4096B-4096B, (T) 4096B-4096B, ioengine=filecreate, iodepth=1
...
fio-3.41
Starting 25 threads

create: (groupid=0, jobs=25): err= 0: pid=681956: Sat Mar 14 06:26:38 2026
  read: IOPS=6241, BW=24.4MiB/s (25.6MB/s)(781MiB/32043msec)
    clat (usec): min=43, max=56122, avg=3470.14, stdev=2302.43
    clat percentiles (usec):
     |  1.00th=[   54],  5.00th=[   71], 10.00th=[   97], 20.00th=[ 2376],
     | 30.00th=[ 3195], 40.00th=[ 3556], 50.00th=[ 3916], 60.00th=[ 4228],
     | 70.00th=[ 4555], 80.00th=[ 4883], 90.00th=[ 5276], 95.00th=[ 5604],
     | 99.00th=[ 5997], 99.50th=[ 6194], 99.90th=[30278], 99.95th=[50594],
     | 99.99th=[55313]
   bw (  KiB/s): min=18834, max=32440, per=100.00%, avg=25128.95, stdev=118.11, samples=1574
   iops        : min= 4708, max= 8110, avg=6282.20, stdev=29.53, samples=1574
  cpu          : usr=11.00%, sys=1.91%, ctx=1050808, majf=0, minf=0
  IO depths    : 1=100.0%, 2=0.0%, 4=0.0%, 8=0.0%, 16=0.0%, 32=0.0%, >=64=0.0%
     submit    : 0=0.0%, 4=100.0%, 8=0.0%, 16=0.0%, 32=0.0%, 64=0.0%, >=64=0.0%
     complete  : 0=0.0%, 4=100.0%, 8=0.0%, 16=0.0%, 32=0.0%, 64=0.0%, >=64=0.0%
     issued rwts: total=200000,0,0,0 short=0,0,0,0 dropped=0,0,0,0
     latency   : target=0, window=0, percentile=100.00%, depth=1

Run status group 0 (all jobs):
   READ: bw=24.4MiB/s (25.6MB/s), 24.4MiB/s-24.4MiB/s (25.6MB/s-25.6MB/s), io=781MiB (819MB), run=32043-32043msec
