create: (g=0): rw=read, bs=(R) 4096B-4096B, (W) 4096B-4096B, (T) 4096B-4096B, ioengine=filecreate, iodepth=1
...
fio-3.41
Starting 31 threads

create: (groupid=0, jobs=31): err= 0: pid=663180: Sat Mar 14 05:20:33 2026
  read: IOPS=5688, BW=22.2MiB/s (23.3MB/s)(969MiB/43598msec)
    clat (usec): min=43, max=57653, avg=4874.12, stdev=2793.02
    clat percentiles (usec):
     |  1.00th=[   62],  5.00th=[   87], 10.00th=[  116], 20.00th=[ 4178],
     | 30.00th=[ 4817], 40.00th=[ 5145], 50.00th=[ 5538], 60.00th=[ 5932],
     | 70.00th=[ 6390], 80.00th=[ 6718], 90.00th=[ 6980], 95.00th=[ 7242],
     | 99.00th=[ 7701], 99.50th=[ 7898], 99.90th=[33424], 99.95th=[48497],
     | 99.99th=[57410]
   bw (  KiB/s): min=17129, max=29044, per=100.00%, avg=22851.01, stdev=82.12, samples=2676
   iops        : min= 4278, max= 7261, avg=5712.68, stdev=20.54, samples=2676
  cpu          : usr=8.75%, sys=1.58%, ctx=1304658, majf=0, minf=0
  IO depths    : 1=100.0%, 2=0.0%, 4=0.0%, 8=0.0%, 16=0.0%, 32=0.0%, >=64=0.0%
     submit    : 0=0.0%, 4=100.0%, 8=0.0%, 16=0.0%, 32=0.0%, 64=0.0%, >=64=0.0%
     complete  : 0=0.0%, 4=100.0%, 8=0.0%, 16=0.0%, 32=0.0%, 64=0.0%, >=64=0.0%
     issued rwts: total=248000,0,0,0 short=0,0,0,0 dropped=0,0,0,0
     latency   : target=0, window=0, percentile=100.00%, depth=1

Run status group 0 (all jobs):
   READ: bw=22.2MiB/s (23.3MB/s), 22.2MiB/s-22.2MiB/s (23.3MB/s-23.3MB/s), io=969MiB (1016MB), run=43598-43598msec
