create: (g=0): rw=read, bs=(R) 4096B-4096B, (W) 4096B-4096B, (T) 4096B-4096B, ioengine=filecreate, iodepth=1
...
fio-3.41
Starting 9 threads

create: (groupid=0, jobs=9): err= 0: pid=642680: Sat Mar 14 04:22:53 2026
  read: IOPS=11.7k, BW=45.7MiB/s (47.9MB/s)(281MiB/6156msec)
    clat (usec): min=37, max=59454, avg=115.90, stdev=431.05
    clat percentiles (usec):
     |  1.00th=[   42],  5.00th=[   47], 10.00th=[   48], 20.00th=[   49],
     | 30.00th=[   52], 40.00th=[   63], 50.00th=[   79], 60.00th=[   95],
     | 70.00th=[  123], 80.00th=[  151], 90.00th=[  194], 95.00th=[  243],
     | 99.00th=[  725], 99.50th=[  857], 99.90th=[ 1139], 99.95th=[ 1647],
     | 99.99th=[ 3064]
   bw (  KiB/s): min=31362, max=109296, per=100.00%, avg=63743.85, stdev=2634.55, samples=80
   iops        : min= 7840, max=27324, avg=15935.88, stdev=658.65, samples=80
  cpu          : usr=69.38%, sys=5.07%, ctx=344713, majf=0, minf=0
  IO depths    : 1=100.0%, 2=0.0%, 4=0.0%, 8=0.0%, 16=0.0%, 32=0.0%, >=64=0.0%
     submit    : 0=0.0%, 4=100.0%, 8=0.0%, 16=0.0%, 32=0.0%, 64=0.0%, >=64=0.0%
     complete  : 0=0.0%, 4=100.0%, 8=0.0%, 16=0.0%, 32=0.0%, 64=0.0%, >=64=0.0%
     issued rwts: total=72000,0,0,0 short=0,0,0,0 dropped=0,0,0,0
     latency   : target=0, window=0, percentile=100.00%, depth=1

Run status group 0 (all jobs):
   READ: bw=45.7MiB/s (47.9MB/s), 45.7MiB/s-45.7MiB/s (47.9MB/s-47.9MB/s), io=281MiB (295MB), run=6156-6156msec
