create: (g=0): rw=read, bs=(R) 4096B-4096B, (W) 4096B-4096B, (T) 4096B-4096B, ioengine=filecreate, iodepth=1
...
fio-3.41
Starting 10 threads

create: (groupid=0, jobs=10): err= 0: pid=686997: Sat Mar 14 06:44:15 2026
  read: IOPS=12.4k, BW=48.5MiB/s (50.8MB/s)(313MiB/6449msec)
    clat (usec): min=35, max=43924, avg=210.17, stdev=517.43
    clat percentiles (usec):
     |  1.00th=[   42],  5.00th=[   47], 10.00th=[   49], 20.00th=[   51],
     | 30.00th=[   60], 40.00th=[   77], 50.00th=[   95], 60.00th=[  125],
     | 70.00th=[  161], 80.00th=[  221], 90.00th=[  709], 95.00th=[  881],
     | 99.00th=[ 1090], 99.50th=[ 1172], 99.90th=[ 1418], 99.95th=[ 1827],
     | 99.99th=[35914]
   bw (  KiB/s): min=28383, max=118512, per=100.00%, avg=60854.56, stdev=2544.44, samples=102
   iops        : min= 7093, max=29628, avg=15213.24, stdev=636.14, samples=102
  cpu          : usr=59.57%, sys=4.77%, ctx=392540, majf=0, minf=0
  IO depths    : 1=100.0%, 2=0.0%, 4=0.0%, 8=0.0%, 16=0.0%, 32=0.0%, >=64=0.0%
     submit    : 0=0.0%, 4=100.0%, 8=0.0%, 16=0.0%, 32=0.0%, 64=0.0%, >=64=0.0%
     complete  : 0=0.0%, 4=100.0%, 8=0.0%, 16=0.0%, 32=0.0%, 64=0.0%, >=64=0.0%
     issued rwts: total=80000,0,0,0 short=0,0,0,0 dropped=0,0,0,0
     latency   : target=0, window=0, percentile=100.00%, depth=1

Run status group 0 (all jobs):
   READ: bw=48.5MiB/s (50.8MB/s), 48.5MiB/s-48.5MiB/s (50.8MB/s-50.8MB/s), io=313MiB (328MB), run=6449-6449msec
