create: (g=0): rw=read, bs=(R) 4096B-4096B, (W) 4096B-4096B, (T) 4096B-4096B, ioengine=filecreate, iodepth=1
...
fio-3.41
Starting 12 threads

create: (groupid=0, jobs=12): err= 0: pid=687263: Sat Mar 14 06:44:40 2026
  read: IOPS=9620, BW=37.6MiB/s (39.4MB/s)(375MiB/9979msec)
    clat (usec): min=37, max=47452, avg=608.90, stdev=785.76
    clat percentiles (usec):
     |  1.00th=[   47],  5.00th=[   49], 10.00th=[   50], 20.00th=[   56],
     | 30.00th=[   72], 40.00th=[   99], 50.00th=[  174], 60.00th=[  938],
     | 70.00th=[ 1123], 80.00th=[ 1254], 90.00th=[ 1401], 95.00th=[ 1500],
     | 99.00th=[ 1663], 99.50th=[ 1729], 99.90th=[ 1909], 99.95th=[ 2802],
     | 99.99th=[44303]
   bw (  KiB/s): min=26194, max=65399, per=100.00%, avg=42273.55, stdev=896.12, samples=212
   iops        : min= 6545, max=16348, avg=10567.85, stdev=224.03, samples=212
  cpu          : usr=41.07%, sys=3.71%, ctx=483214, majf=0, minf=0
  IO depths    : 1=100.0%, 2=0.0%, 4=0.0%, 8=0.0%, 16=0.0%, 32=0.0%, >=64=0.0%
     submit    : 0=0.0%, 4=100.0%, 8=0.0%, 16=0.0%, 32=0.0%, 64=0.0%, >=64=0.0%
     complete  : 0=0.0%, 4=100.0%, 8=0.0%, 16=0.0%, 32=0.0%, 64=0.0%, >=64=0.0%
     issued rwts: total=96000,0,0,0 short=0,0,0,0 dropped=0,0,0,0
     latency   : target=0, window=0, percentile=100.00%, depth=1

Run status group 0 (all jobs):
   READ: bw=37.6MiB/s (39.4MB/s), 37.6MiB/s-37.6MiB/s (39.4MB/s-39.4MB/s), io=375MiB (393MB), run=9979-9979msec
