create: (g=0): rw=read, bs=(R) 4096B-4096B, (W) 4096B-4096B, (T) 4096B-4096B, ioengine=filecreate, iodepth=1
...
fio-3.41
Starting 10 threads

create: (groupid=0, jobs=10): err= 0: pid=659924: Sat Mar 14 05:10:02 2026
  read: IOPS=13.2k, BW=51.5MiB/s (54.1MB/s)(313MiB/6062msec)
    clat (usec): min=37, max=54503, avg=155.94, stdev=515.31
    clat percentiles (usec):
     |  1.00th=[   43],  5.00th=[   46], 10.00th=[   48], 20.00th=[   50],
     | 30.00th=[   55], 40.00th=[   68], 50.00th=[   86], 60.00th=[  103],
     | 70.00th=[  133], 80.00th=[  169], 90.00th=[  247], 95.00th=[  685],
     | 99.00th=[  988], 99.50th=[ 1057], 99.90th=[ 1287], 99.95th=[ 2704],
     | 99.99th=[29492]
   bw (  KiB/s): min=27994, max=113091, per=100.00%, avg=61234.29, stdev=2563.46, samples=95
   iops        : min= 6995, max=28272, avg=15308.11, stdev=640.89, samples=95
  cpu          : usr=65.50%, sys=5.19%, ctx=387988, majf=0, minf=0
  IO depths    : 1=100.0%, 2=0.0%, 4=0.0%, 8=0.0%, 16=0.0%, 32=0.0%, >=64=0.0%
     submit    : 0=0.0%, 4=100.0%, 8=0.0%, 16=0.0%, 32=0.0%, 64=0.0%, >=64=0.0%
     complete  : 0=0.0%, 4=100.0%, 8=0.0%, 16=0.0%, 32=0.0%, 64=0.0%, >=64=0.0%
     issued rwts: total=80000,0,0,0 short=0,0,0,0 dropped=0,0,0,0
     latency   : target=0, window=0, percentile=100.00%, depth=1

Run status group 0 (all jobs):
   READ: bw=51.5MiB/s (54.1MB/s), 51.5MiB/s-51.5MiB/s (54.1MB/s-54.1MB/s), io=313MiB (328MB), run=6062-6062msec
