create: (g=0): rw=read, bs=(R) 4096B-4096B, (W) 4096B-4096B, (T) 4096B-4096B, ioengine=filecreate, iodepth=1
...
fio-3.41
Starting 8 threads

create: (groupid=0, jobs=8): err= 0: pid=666452: Sat Mar 14 05:33:15 2026
  read: IOPS=10.7k, BW=41.6MiB/s (43.6MB/s)(250MiB/6009msec)
    clat (usec): min=37, max=51418, avg=91.11, stdev=657.90
    clat percentiles (usec):
     |  1.00th=[   44],  5.00th=[   46], 10.00th=[   47], 20.00th=[   49],
     | 30.00th=[   50], 40.00th=[   53], 50.00th=[   63], 60.00th=[   75],
     | 70.00th=[   90], 80.00th=[  113], 90.00th=[  143], 95.00th=[  174],
     | 99.00th=[  231], 99.50th=[  255], 99.90th=[  799], 99.95th=[ 1237],
     | 99.99th=[51119]
   bw (  KiB/s): min=25356, max=106536, per=100.00%, avg=55147.44, stdev=2860.72, samples=67
   iops        : min= 6337, max=26634, avg=13786.24, stdev=715.22, samples=67
  cpu          : usr=74.82%, sys=4.91%, ctx=296799, majf=0, minf=0
  IO depths    : 1=100.0%, 2=0.0%, 4=0.0%, 8=0.0%, 16=0.0%, 32=0.0%, >=64=0.0%
     submit    : 0=0.0%, 4=100.0%, 8=0.0%, 16=0.0%, 32=0.0%, 64=0.0%, >=64=0.0%
     complete  : 0=0.0%, 4=100.0%, 8=0.0%, 16=0.0%, 32=0.0%, 64=0.0%, >=64=0.0%
     issued rwts: total=64000,0,0,0 short=0,0,0,0 dropped=0,0,0,0
     latency   : target=0, window=0, percentile=100.00%, depth=1

Run status group 0 (all jobs):
   READ: bw=41.6MiB/s (43.6MB/s), 41.6MiB/s-41.6MiB/s (43.6MB/s-43.6MB/s), io=250MiB (262MB), run=6009-6009msec
