create: (g=0): rw=read, bs=(R) 4096B-4096B, (W) 4096B-4096B, (T) 4096B-4096B, ioengine=filecreate, iodepth=1
...
fio-3.41
Starting 25 threads

create: (groupid=0, jobs=25): err= 0: pid=655659: Sat Mar 14 04:52:25 2026
  read: IOPS=6229, BW=24.3MiB/s (25.5MB/s)(781MiB/32104msec)
    clat (usec): min=41, max=54755, avg=3465.00, stdev=2235.12
    clat percentiles (usec):
     |  1.00th=[   54],  5.00th=[   71], 10.00th=[   97], 20.00th=[ 2212],
     | 30.00th=[ 3163], 40.00th=[ 3556], 50.00th=[ 3949], 60.00th=[ 4293],
     | 70.00th=[ 4555], 80.00th=[ 4883], 90.00th=[ 5342], 95.00th=[ 5604],
     | 99.00th=[ 6063], 99.50th=[ 6194], 99.90th=[21890], 99.95th=[47449],
     | 99.99th=[54264]
   bw (  KiB/s): min=18968, max=31878, per=100.00%, avg=25115.77, stdev=119.93, samples=1578
   iops        : min= 4741, max= 7969, avg=6278.85, stdev=29.99, samples=1578
  cpu          : usr=11.29%, sys=1.88%, ctx=1050404, majf=0, minf=0
  IO depths    : 1=100.0%, 2=0.0%, 4=0.0%, 8=0.0%, 16=0.0%, 32=0.0%, >=64=0.0%
     submit    : 0=0.0%, 4=100.0%, 8=0.0%, 16=0.0%, 32=0.0%, 64=0.0%, >=64=0.0%
     complete  : 0=0.0%, 4=100.0%, 8=0.0%, 16=0.0%, 32=0.0%, 64=0.0%, >=64=0.0%
     issued rwts: total=200000,0,0,0 short=0,0,0,0 dropped=0,0,0,0
     latency   : target=0, window=0, percentile=100.00%, depth=1

Run status group 0 (all jobs):
   READ: bw=24.3MiB/s (25.5MB/s), 24.3MiB/s-24.3MiB/s (25.5MB/s-25.5MB/s), io=781MiB (819MB), run=32104-32104msec
