create: (g=0): rw=read, bs=(R) 4096B-4096B, (W) 4096B-4096B, (T) 4096B-4096B, ioengine=filecreate, iodepth=1
...
fio-3.41
Starting 7 threads

create: (groupid=0, jobs=7): err= 0: pid=699630: Sat Mar 14 07:30:55 2026
  read: IOPS=7955, BW=31.1MiB/s (32.6MB/s)(219MiB/7039msec)
    clat (usec): min=36, max=2631, avg=65.80, stdev=43.81
    clat percentiles (usec):
     |  1.00th=[   44],  5.00th=[   46], 10.00th=[   47], 20.00th=[   48],
     | 30.00th=[   49], 40.00th=[   50], 50.00th=[   52], 60.00th=[   59],
     | 70.00th=[   68], 80.00th=[   83], 90.00th=[   99], 95.00th=[  121],
     | 99.00th=[  167], 99.50th=[  188], 99.90th=[  482], 99.95th=[  840],
     | 99.99th=[ 1827]
   bw (  KiB/s): min=18176, max=84736, per=100.00%, avg=36381.47, stdev=2692.65, samples=79
   iops        : min= 4544, max=21184, avg=9095.33, stdev=673.16, samples=79
  cpu          : usr=83.67%, sys=3.51%, ctx=248288, majf=0, minf=0
  IO depths    : 1=100.0%, 2=0.0%, 4=0.0%, 8=0.0%, 16=0.0%, 32=0.0%, >=64=0.0%
     submit    : 0=0.0%, 4=100.0%, 8=0.0%, 16=0.0%, 32=0.0%, 64=0.0%, >=64=0.0%
     complete  : 0=0.0%, 4=100.0%, 8=0.0%, 16=0.0%, 32=0.0%, 64=0.0%, >=64=0.0%
     issued rwts: total=56000,0,0,0 short=0,0,0,0 dropped=0,0,0,0
     latency   : target=0, window=0, percentile=100.00%, depth=1

Run status group 0 (all jobs):
   READ: bw=31.1MiB/s (32.6MB/s), 31.1MiB/s-31.1MiB/s (32.6MB/s-32.6MB/s), io=219MiB (229MB), run=7039-7039msec
