create: (g=0): rw=read, bs=(R) 4096B-4096B, (W) 4096B-4096B, (T) 4096B-4096B, ioengine=filecreate, iodepth=1
...
fio-3.41
Starting 56 threads

create: (groupid=0, jobs=56): err= 0: pid=677928: Sat Mar 14 06:16:06 2026
  read: IOPS=5721, BW=22.3MiB/s (23.4MB/s)(1750MiB/78307msec)
    clat (usec): min=42, max=90086, avg=8862.34, stdev=4239.70
    clat percentiles (usec):
     |  1.00th=[   73],  5.00th=[  108], 10.00th=[  130], 20.00th=[ 8455],
     | 30.00th=[ 8979], 40.00th=[ 9372], 50.00th=[ 9765], 60.00th=[10421],
     | 70.00th=[10945], 80.00th=[11469], 90.00th=[11994], 95.00th=[12387],
     | 99.00th=[12911], 99.50th=[13304], 99.90th=[46400], 99.95th=[50594],
     | 99.99th=[89654]
   bw (  KiB/s): min=15158, max=32838, per=100.00%, avg=22974.02, stdev=43.62, samples=8701
   iops        : min= 3788, max= 8209, avg=5743.41, stdev=10.90, samples=8701
  cpu          : usr=8.16%, sys=0.93%, ctx=2370522, majf=0, minf=0
  IO depths    : 1=100.0%, 2=0.0%, 4=0.0%, 8=0.0%, 16=0.0%, 32=0.0%, >=64=0.0%
     submit    : 0=0.0%, 4=100.0%, 8=0.0%, 16=0.0%, 32=0.0%, 64=0.0%, >=64=0.0%
     complete  : 0=0.0%, 4=100.0%, 8=0.0%, 16=0.0%, 32=0.0%, 64=0.0%, >=64=0.0%
     issued rwts: total=448000,0,0,0 short=0,0,0,0 dropped=0,0,0,0
     latency   : target=0, window=0, percentile=100.00%, depth=1

Run status group 0 (all jobs):
   READ: bw=22.3MiB/s (23.4MB/s), 22.3MiB/s-22.3MiB/s (23.4MB/s-23.4MB/s), io=1750MiB (1835MB), run=78307-78307msec
