create: (g=0): rw=read, bs=(R) 4096B-4096B, (W) 4096B-4096B, (T) 4096B-4096B, ioengine=filecreate, iodepth=1
...
fio-3.41
Starting 22 threads

create: (groupid=0, jobs=22): err= 0: pid=668447: Sat Mar 14 05:37:45 2026
  read: IOPS=6763, BW=26.4MiB/s (27.7MB/s)(688MiB/26023msec)
    clat (usec): min=40, max=67530, avg=2725.27, stdev=1950.55
    clat percentiles (usec):
     |  1.00th=[   52],  5.00th=[   62], 10.00th=[   78], 20.00th=[  153],
     | 30.00th=[ 2474], 40.00th=[ 2802], 50.00th=[ 3032], 60.00th=[ 3326],
     | 70.00th=[ 3687], 80.00th=[ 3982], 90.00th=[ 4228], 95.00th=[ 4359],
     | 99.00th=[ 4686], 99.50th=[ 4883], 99.90th=[14091], 99.95th=[42206],
     | 99.99th=[51119]
   bw (  KiB/s): min=17956, max=37152, per=100.00%, avg=27353.89, stdev=166.73, samples=1119
   iops        : min= 4486, max= 9288, avg=6838.40, stdev=41.69, samples=1119
  cpu          : usr=13.13%, sys=2.14%, ctx=923292, majf=0, minf=0
  IO depths    : 1=100.0%, 2=0.0%, 4=0.0%, 8=0.0%, 16=0.0%, 32=0.0%, >=64=0.0%
     submit    : 0=0.0%, 4=100.0%, 8=0.0%, 16=0.0%, 32=0.0%, 64=0.0%, >=64=0.0%
     complete  : 0=0.0%, 4=100.0%, 8=0.0%, 16=0.0%, 32=0.0%, 64=0.0%, >=64=0.0%
     issued rwts: total=176000,0,0,0 short=0,0,0,0 dropped=0,0,0,0
     latency   : target=0, window=0, percentile=100.00%, depth=1

Run status group 0 (all jobs):
   READ: bw=26.4MiB/s (27.7MB/s), 26.4MiB/s-26.4MiB/s (27.7MB/s-27.7MB/s), io=688MiB (721MB), run=26023-26023msec
