create: (g=0): rw=read, bs=(R) 4096B-4096B, (W) 4096B-4096B, (T) 4096B-4096B, ioengine=filecreate, iodepth=1
...
fio-3.41
Starting 4 threads

create: (groupid=0, jobs=4): err= 0: pid=672472: Sat Mar 14 05:56:18 2026
  read: IOPS=7228, BW=28.2MiB/s (29.6MB/s)(125MiB/4427msec)
    clat (usec): min=34, max=38310, avg=62.11, stdev=238.20
    clat percentiles (usec):
     |  1.00th=[   42],  5.00th=[   43], 10.00th=[   44], 20.00th=[   46],
     | 30.00th=[   47], 40.00th=[   48], 50.00th=[   49], 60.00th=[   52],
     | 70.00th=[   61], 80.00th=[   75], 90.00th=[   92], 95.00th=[  110],
     | 99.00th=[  143], 99.50th=[  159], 99.90th=[  251], 99.95th=[  685],
     | 99.99th=[ 1385]
   bw (  KiB/s): min=15645, max=54932, per=100.00%, avg=30134.72, stdev=3125.84, samples=27
   iops        : min= 3911, max=13733, avg=7533.65, stdev=781.47, samples=27
  cpu          : usr=75.43%, sys=5.81%, ctx=139153, majf=0, minf=0
  IO depths    : 1=100.0%, 2=0.0%, 4=0.0%, 8=0.0%, 16=0.0%, 32=0.0%, >=64=0.0%
     submit    : 0=0.0%, 4=100.0%, 8=0.0%, 16=0.0%, 32=0.0%, 64=0.0%, >=64=0.0%
     complete  : 0=0.0%, 4=100.0%, 8=0.0%, 16=0.0%, 32=0.0%, 64=0.0%, >=64=0.0%
     issued rwts: total=32000,0,0,0 short=0,0,0,0 dropped=0,0,0,0
     latency   : target=0, window=0, percentile=100.00%, depth=1

Run status group 0 (all jobs):
   READ: bw=28.2MiB/s (29.6MB/s), 28.2MiB/s-28.2MiB/s (29.6MB/s-29.6MB/s), io=125MiB (131MB), run=4427-4427msec
