create: (g=0): rw=read, bs=(R) 4096B-4096B, (W) 4096B-4096B, (T) 4096B-4096B, ioengine=filecreate, iodepth=1
...
fio-3.41
Starting 56 threads

create: (groupid=0, jobs=56): err= 0: pid=664631: Sat Mar 14 05:28:53 2026
  read: IOPS=5761, BW=22.5MiB/s (23.6MB/s)(1750MiB/77756msec)
    clat (usec): min=44, max=120691, avg=8795.74, stdev=4292.04
    clat percentiles (usec):
     |  1.00th=[    72],  5.00th=[   106], 10.00th=[   129], 20.00th=[  8291],
     | 30.00th=[  8848], 40.00th=[  9241], 50.00th=[  9765], 60.00th=[ 10290],
     | 70.00th=[ 10945], 80.00th=[ 11469], 90.00th=[ 11994], 95.00th=[ 12387],
     | 99.00th=[ 12911], 99.50th=[ 13173], 99.90th=[ 43254], 99.95th=[ 49546],
     | 99.99th=[120062]
   bw (  KiB/s): min=15230, max=33325, per=100.00%, avg=23126.44, stdev=43.88, samples=8629
   iops        : min= 3806, max= 8329, avg=5781.51, stdev=10.97, samples=8629
  cpu          : usr=8.22%, sys=0.94%, ctx=2370332, majf=0, minf=0
  IO depths    : 1=100.0%, 2=0.0%, 4=0.0%, 8=0.0%, 16=0.0%, 32=0.0%, >=64=0.0%
     submit    : 0=0.0%, 4=100.0%, 8=0.0%, 16=0.0%, 32=0.0%, 64=0.0%, >=64=0.0%
     complete  : 0=0.0%, 4=100.0%, 8=0.0%, 16=0.0%, 32=0.0%, 64=0.0%, >=64=0.0%
     issued rwts: total=448000,0,0,0 short=0,0,0,0 dropped=0,0,0,0
     latency   : target=0, window=0, percentile=100.00%, depth=1

Run status group 0 (all jobs):
   READ: bw=22.5MiB/s (23.6MB/s), 22.5MiB/s-22.5MiB/s (23.6MB/s-23.6MB/s), io=1750MiB (1835MB), run=77756-77756msec
