create: (g=0): rw=read, bs=(R) 4096B-4096B, (W) 4096B-4096B, (T) 4096B-4096B, ioengine=filecreate, iodepth=1
...
fio-3.41
Starting 24 threads

create: (groupid=0, jobs=24): err= 0: pid=668772: Sat Mar 14 05:38:55 2026
  read: IOPS=6401, BW=25.0MiB/s (26.2MB/s)(750MiB/29991msec)
    clat (usec): min=41, max=49885, avg=3227.45, stdev=2051.59
    clat percentiles (usec):
     |  1.00th=[   53],  5.00th=[   68], 10.00th=[   90], 20.00th=[ 1582],
     | 30.00th=[ 2900], 40.00th=[ 3261], 50.00th=[ 3589], 60.00th=[ 3982],
     | 70.00th=[ 4293], 80.00th=[ 4621], 90.00th=[ 5014], 95.00th=[ 5276],
     | 99.00th=[ 5735], 99.50th=[ 5866], 99.90th=[15533], 99.95th=[36439],
     | 99.99th=[49546]
   bw (  KiB/s): min=19552, max=32560, per=100.00%, avg=25769.31, stdev=135.36, samples=1411
   iops        : min= 4888, max= 8140, avg=6442.23, stdev=33.84, samples=1411
  cpu          : usr=11.56%, sys=1.97%, ctx=1008093, majf=0, minf=0
  IO depths    : 1=100.0%, 2=0.0%, 4=0.0%, 8=0.0%, 16=0.0%, 32=0.0%, >=64=0.0%
     submit    : 0=0.0%, 4=100.0%, 8=0.0%, 16=0.0%, 32=0.0%, 64=0.0%, >=64=0.0%
     complete  : 0=0.0%, 4=100.0%, 8=0.0%, 16=0.0%, 32=0.0%, 64=0.0%, >=64=0.0%
     issued rwts: total=192000,0,0,0 short=0,0,0,0 dropped=0,0,0,0
     latency   : target=0, window=0, percentile=100.00%, depth=1

Run status group 0 (all jobs):
   READ: bw=25.0MiB/s (26.2MB/s), 25.0MiB/s-25.0MiB/s (26.2MB/s-26.2MB/s), io=750MiB (786MB), run=29991-29991msec
