create: (g=0): rw=read, bs=(R) 4096B-4096B, (W) 4096B-4096B, (T) 4096B-4096B, ioengine=filecreate, iodepth=1
...
fio-3.41
Starting 8 threads

create: (groupid=0, jobs=8): err= 0: pid=672963: Sat Mar 14 05:56:51 2026
  read: IOPS=8732, BW=34.1MiB/s (35.8MB/s)(250MiB/7329msec)
    clat (usec): min=36, max=42589, avg=75.24, stdev=305.70
    clat percentiles (usec):
     |  1.00th=[   40],  5.00th=[   44], 10.00th=[   47], 20.00th=[   48],
     | 30.00th=[   49], 40.00th=[   51], 50.00th=[   54], 60.00th=[   64],
     | 70.00th=[   78], 80.00th=[   95], 90.00th=[  124], 95.00th=[  147],
     | 99.00th=[  202], 99.50th=[  235], 99.90th=[  603], 99.95th=[  938],
     | 99.99th=[ 2769]
   bw (  KiB/s): min=25849, max=123888, per=100.00%, avg=52744.20, stdev=3449.80, samples=80
   iops        : min= 6458, max=30971, avg=13185.37, stdev=862.47, samples=80
  cpu          : usr=79.97%, sys=4.08%, ctx=289571, majf=0, minf=0
  IO depths    : 1=100.0%, 2=0.0%, 4=0.0%, 8=0.0%, 16=0.0%, 32=0.0%, >=64=0.0%
     submit    : 0=0.0%, 4=100.0%, 8=0.0%, 16=0.0%, 32=0.0%, 64=0.0%, >=64=0.0%
     complete  : 0=0.0%, 4=100.0%, 8=0.0%, 16=0.0%, 32=0.0%, 64=0.0%, >=64=0.0%
     issued rwts: total=64000,0,0,0 short=0,0,0,0 dropped=0,0,0,0
     latency   : target=0, window=0, percentile=100.00%, depth=1

Run status group 0 (all jobs):
   READ: bw=34.1MiB/s (35.8MB/s), 34.1MiB/s-34.1MiB/s (35.8MB/s-35.8MB/s), io=250MiB (262MB), run=7329-7329msec
