create: (g=0): rw=read, bs=(R) 4096B-4096B, (W) 4096B-4096B, (T) 4096B-4096B, ioengine=filecreate, iodepth=1
...
fio-3.41
Starting 5 threads

create: (groupid=0, jobs=5): err= 0: pid=672591: Sat Mar 14 05:56:25 2026
  read: IOPS=7241, BW=28.3MiB/s (29.7MB/s)(156MiB/5524msec)
    clat (usec): min=34, max=61476, avg=62.95, stdev=308.67
    clat percentiles (usec):
     |  1.00th=[   39],  5.00th=[   41], 10.00th=[   43], 20.00th=[   46],
     | 30.00th=[   48], 40.00th=[   49], 50.00th=[   50], 60.00th=[   52],
     | 70.00th=[   61], 80.00th=[   75], 90.00th=[   95], 95.00th=[  114],
     | 99.00th=[  159], 99.50th=[  184], 99.90th=[  338], 99.95th=[  570],
     | 99.99th=[  930]
   bw (  KiB/s): min=16871, max=60542, per=100.00%, avg=30889.17, stdev=2716.88, samples=40
   iops        : min= 4217, max=15135, avg=7722.14, stdev=679.20, samples=40
  cpu          : usr=78.45%, sys=5.31%, ctx=173589, majf=0, minf=0
  IO depths    : 1=100.0%, 2=0.0%, 4=0.0%, 8=0.0%, 16=0.0%, 32=0.0%, >=64=0.0%
     submit    : 0=0.0%, 4=100.0%, 8=0.0%, 16=0.0%, 32=0.0%, 64=0.0%, >=64=0.0%
     complete  : 0=0.0%, 4=100.0%, 8=0.0%, 16=0.0%, 32=0.0%, 64=0.0%, >=64=0.0%
     issued rwts: total=40000,0,0,0 short=0,0,0,0 dropped=0,0,0,0
     latency   : target=0, window=0, percentile=100.00%, depth=1

Run status group 0 (all jobs):
   READ: bw=28.3MiB/s (29.7MB/s), 28.3MiB/s-28.3MiB/s (29.7MB/s-29.7MB/s), io=156MiB (164MB), run=5524-5524msec
