create: (g=0): rw=read, bs=(R) 4096B-4096B, (W) 4096B-4096B, (T) 4096B-4096B, ioengine=filecreate, iodepth=1
...
fio-3.41
Starting 11 threads

create: (groupid=0, jobs=11): err= 0: pid=693671: Sat Mar 14 07:07:56 2026
  read: IOPS=11.7k, BW=45.7MiB/s (47.9MB/s)(344MiB/7521msec)
    clat (usec): min=36, max=47909, avg=302.36, stdev=514.64
    clat percentiles (usec):
     |  1.00th=[   43],  5.00th=[   47], 10.00th=[   49], 20.00th=[   52],
     | 30.00th=[   62], 40.00th=[   80], 50.00th=[   99], 60.00th=[  135],
     | 70.00th=[  192], 80.00th=[  709], 90.00th=[ 1012], 95.00th=[ 1139],
     | 99.00th=[ 1336], 99.50th=[ 1418], 99.90th=[ 1598], 99.95th=[ 1762],
     | 99.99th=[ 4752]
   bw (  KiB/s): min=29870, max=127928, per=100.00%, avg=58606.77, stdev=2609.19, samples=134
   iops        : min= 7466, max=31982, avg=14651.44, stdev=652.32, samples=134
  cpu          : usr=53.65%, sys=4.63%, ctx=434957, majf=0, minf=0
  IO depths    : 1=100.0%, 2=0.0%, 4=0.0%, 8=0.0%, 16=0.0%, 32=0.0%, >=64=0.0%
     submit    : 0=0.0%, 4=100.0%, 8=0.0%, 16=0.0%, 32=0.0%, 64=0.0%, >=64=0.0%
     complete  : 0=0.0%, 4=100.0%, 8=0.0%, 16=0.0%, 32=0.0%, 64=0.0%, >=64=0.0%
     issued rwts: total=88000,0,0,0 short=0,0,0,0 dropped=0,0,0,0
     latency   : target=0, window=0, percentile=100.00%, depth=1

Run status group 0 (all jobs):
   READ: bw=45.7MiB/s (47.9MB/s), 45.7MiB/s-45.7MiB/s (47.9MB/s-47.9MB/s), io=344MiB (360MB), run=7521-7521msec
