create: (g=0): rw=read, bs=(R) 4096B-4096B, (W) 4096B-4096B, (T) 4096B-4096B, ioengine=filecreate, iodepth=1
...
fio-3.41
Starting 29 threads

create: (groupid=0, jobs=29): err= 0: pid=709456: Sat Mar 14 08:03:39 2026
  read: IOPS=5975, BW=23.3MiB/s (24.5MB/s)(906MiB/38824msec)
    clat (usec): min=44, max=56562, avg=4295.47, stdev=2609.03
    clat percentiles (usec):
     |  1.00th=[   57],  5.00th=[   80], 10.00th=[  110], 20.00th=[ 3523],
     | 30.00th=[ 4228], 40.00th=[ 4555], 50.00th=[ 4883], 60.00th=[ 5145],
     | 70.00th=[ 5473], 80.00th=[ 5932], 90.00th=[ 6390], 95.00th=[ 6652],
     | 99.00th=[ 7111], 99.50th=[ 7242], 99.90th=[42206], 99.95th=[44827],
     | 99.99th=[55837]
   bw (  KiB/s): min=16952, max=29728, per=100.00%, avg=24001.67, stdev=88.41, samples=2222
   iops        : min= 4232, max= 7432, avg=6000.34, stdev=22.11, samples=2222
  cpu          : usr=9.40%, sys=1.70%, ctx=1219415, majf=0, minf=0
  IO depths    : 1=100.0%, 2=0.0%, 4=0.0%, 8=0.0%, 16=0.0%, 32=0.0%, >=64=0.0%
     submit    : 0=0.0%, 4=100.0%, 8=0.0%, 16=0.0%, 32=0.0%, 64=0.0%, >=64=0.0%
     complete  : 0=0.0%, 4=100.0%, 8=0.0%, 16=0.0%, 32=0.0%, 64=0.0%, >=64=0.0%
     issued rwts: total=232000,0,0,0 short=0,0,0,0 dropped=0,0,0,0
     latency   : target=0, window=0, percentile=100.00%, depth=1

Run status group 0 (all jobs):
   READ: bw=23.3MiB/s (24.5MB/s), 23.3MiB/s-23.3MiB/s (24.5MB/s-24.5MB/s), io=906MiB (950MB), run=38824-38824msec
