create: (g=0): rw=read, bs=(R) 4096B-4096B, (W) 4096B-4096B, (T) 4096B-4096B, ioengine=filecreate, iodepth=1
...
fio-3.41
Starting 22 threads

create: (groupid=0, jobs=22): err= 0: pid=708289: Sat Mar 14 07:58:59 2026
  read: IOPS=6740, BW=26.3MiB/s (27.6MB/s)(688MiB/26109msec)
    clat (usec): min=41, max=51036, avg=2736.43, stdev=1958.65
    clat percentiles (usec):
     |  1.00th=[   52],  5.00th=[   63], 10.00th=[   81], 20.00th=[ 1237],
     | 30.00th=[ 2442], 40.00th=[ 2769], 50.00th=[ 2999], 60.00th=[ 3294],
     | 70.00th=[ 3687], 80.00th=[ 4015], 90.00th=[ 4293], 95.00th=[ 4490],
     | 99.00th=[ 4817], 99.50th=[ 4948], 99.90th=[14484], 99.95th=[45351],
     | 99.99th=[50594]
   bw (  KiB/s): min=19027, max=33933, per=100.00%, avg=27276.73, stdev=160.05, samples=1121
   iops        : min= 4754, max= 8481, avg=6819.06, stdev=40.01, samples=1121
  cpu          : usr=13.19%, sys=2.12%, ctx=923390, majf=0, minf=0
  IO depths    : 1=100.0%, 2=0.0%, 4=0.0%, 8=0.0%, 16=0.0%, 32=0.0%, >=64=0.0%
     submit    : 0=0.0%, 4=100.0%, 8=0.0%, 16=0.0%, 32=0.0%, 64=0.0%, >=64=0.0%
     complete  : 0=0.0%, 4=100.0%, 8=0.0%, 16=0.0%, 32=0.0%, 64=0.0%, >=64=0.0%
     issued rwts: total=176000,0,0,0 short=0,0,0,0 dropped=0,0,0,0
     latency   : target=0, window=0, percentile=100.00%, depth=1

Run status group 0 (all jobs):
   READ: bw=26.3MiB/s (27.6MB/s), 26.3MiB/s-26.3MiB/s (27.6MB/s-27.6MB/s), io=688MiB (721MB), run=26109-26109msec
