create: (g=0): rw=read, bs=(R) 4096B-4096B, (W) 4096B-4096B, (T) 4096B-4096B, ioengine=filecreate, iodepth=1
...
fio-3.41
Starting 56 threads

create: (groupid=0, jobs=56): err= 0: pid=457477: Thu Mar 12 23:56:23 2026
  read: IOPS=26.8k, BW=105MiB/s (110MB/s)(1750MiB/16729msec)
    clat (usec): min=18, max=71350, avg=736.84, stdev=863.71
    clat percentiles (usec):
     |  1.00th=[   31],  5.00th=[   60], 10.00th=[  110], 20.00th=[  249],
     | 30.00th=[  400], 40.00th=[  562], 50.00th=[  717], 60.00th=[  840],
     | 70.00th=[  963], 80.00th=[ 1106], 90.00th=[ 1221], 95.00th=[ 1303],
     | 99.00th=[ 1467], 99.50th=[ 5800], 99.90th=[11207], 99.95th=[11863],
     | 99.99th=[22938]
   bw (  KiB/s): min=83953, max=281815, per=100.00%, avg=136744.21, stdev=885.12, samples=1530
   iops        : min=20979, max=70449, avg=34184.43, stdev=221.26, samples=1530
  cpu          : usr=58.05%, sys=38.71%, ctx=204078, majf=0, minf=0
  IO depths    : 1=100.0%, 2=0.0%, 4=0.0%, 8=0.0%, 16=0.0%, 32=0.0%, >=64=0.0%
     submit    : 0=0.0%, 4=100.0%, 8=0.0%, 16=0.0%, 32=0.0%, 64=0.0%, >=64=0.0%
     complete  : 0=0.0%, 4=100.0%, 8=0.0%, 16=0.0%, 32=0.0%, 64=0.0%, >=64=0.0%
     issued rwts: total=448000,0,0,0 short=0,0,0,0 dropped=0,0,0,0
     latency   : target=0, window=0, percentile=100.00%, depth=1

Run status group 0 (all jobs):
   READ: bw=105MiB/s (110MB/s), 105MiB/s-105MiB/s (110MB/s-110MB/s), io=1750MiB (1835MB), run=16729-16729msec
