create: (g=0): rw=read, bs=(R) 4096B-4096B, (W) 4096B-4096B, (T) 4096B-4096B, ioengine=filecreate, iodepth=1
...
fio-3.41
Starting 64 threads

create: (groupid=0, jobs=64): err= 0: pid=288652: Thu Mar 12 22:32:42 2026
  read: IOPS=17.9k, BW=70.1MiB/s (73.5MB/s)(2000MiB/28538msec)
    clat (usec): min=22, max=336123, avg=2347.60, stdev=4842.82
    clat percentiles (usec):
     |  1.00th=[    39],  5.00th=[    61], 10.00th=[   108], 20.00th=[   281],
     | 30.00th=[   857], 40.00th=[  1663], 50.00th=[  2114], 60.00th=[  2442],
     | 70.00th=[  2671], 80.00th=[  2835], 90.00th=[  3032], 95.00th=[  3359],
     | 99.00th=[ 18482], 99.50th=[ 21103], 99.90th=[ 25822], 99.95th=[ 27657],
     | 99.99th=[333448]
   bw (  KiB/s): min=49403, max=151440, per=100.00%, avg=76061.10, stdev=341.78, samples=3419
   iops        : min=12348, max=37854, avg=19011.35, stdev=85.45, samples=3419
  cpu          : usr=29.82%, sys=50.06%, ctx=429074, majf=0, minf=0
  IO depths    : 1=100.0%, 2=0.0%, 4=0.0%, 8=0.0%, 16=0.0%, 32=0.0%, >=64=0.0%
     submit    : 0=0.0%, 4=100.0%, 8=0.0%, 16=0.0%, 32=0.0%, 64=0.0%, >=64=0.0%
     complete  : 0=0.0%, 4=100.0%, 8=0.0%, 16=0.0%, 32=0.0%, 64=0.0%, >=64=0.0%
     issued rwts: total=512000,0,0,0 short=0,0,0,0 dropped=0,0,0,0
     latency   : target=0, window=0, percentile=100.00%, depth=1

Run status group 0 (all jobs):
   READ: bw=70.1MiB/s (73.5MB/s), 70.1MiB/s-70.1MiB/s (73.5MB/s-73.5MB/s), io=2000MiB (2097MB), run=28538-28538msec
