create: (g=0): rw=read, bs=(R) 4096B-4096B, (W) 4096B-4096B, (T) 4096B-4096B, ioengine=filecreate, iodepth=1
...
fio-3.41
Starting 12 threads

create: (groupid=0, jobs=12): err= 0: pid=679743: Fri Mar 13 01:45:55 2026
  read: IOPS=15.9k, BW=62.1MiB/s (65.1MB/s)(375MiB/6040msec)
    clat (usec): min=16, max=8986, avg=45.46, stdev=82.53
    clat percentiles (usec):
     |  1.00th=[   22],  5.00th=[   25], 10.00th=[   26], 20.00th=[   28],
     | 30.00th=[   30], 40.00th=[   32], 50.00th=[   34], 60.00th=[   38],
     | 70.00th=[   46], 80.00th=[   56], 90.00th=[   75], 95.00th=[   95],
     | 99.00th=[  141], 99.50th=[  159], 99.90th=[  906], 99.95th=[ 1090],
     | 99.99th=[ 4359]
   bw (  KiB/s): min=39982, max=151636, per=100.00%, avg=65919.75, stdev=3023.13, samples=110
   iops        : min= 9991, max=37907, avg=16479.27, stdev=755.74, samples=110
  cpu          : usr=92.42%, sys=7.06%, ctx=983, majf=0, minf=0
  IO depths    : 1=100.0%, 2=0.0%, 4=0.0%, 8=0.0%, 16=0.0%, 32=0.0%, >=64=0.0%
     submit    : 0=0.0%, 4=100.0%, 8=0.0%, 16=0.0%, 32=0.0%, 64=0.0%, >=64=0.0%
     complete  : 0=0.0%, 4=100.0%, 8=0.0%, 16=0.0%, 32=0.0%, 64=0.0%, >=64=0.0%
     issued rwts: total=96000,0,0,0 short=0,0,0,0 dropped=0,0,0,0
     latency   : target=0, window=0, percentile=100.00%, depth=1

Run status group 0 (all jobs):
   READ: bw=62.1MiB/s (65.1MB/s), 62.1MiB/s-62.1MiB/s (65.1MB/s-65.1MB/s), io=375MiB (393MB), run=6040-6040msec
