create: (g=0): rw=read, bs=(R) 4096B-4096B, (W) 4096B-4096B, (T) 4096B-4096B, ioengine=filecreate, iodepth=1
...
fio-3.41
Starting 8 threads

create: (groupid=0, jobs=8): err= 0: pid=210593: Thu Mar 12 21:54:20 2026
  read: IOPS=10.8k, BW=42.3MiB/s (44.4MB/s)(250MiB/5910msec)
    clat (usec): min=15, max=3974, avg=35.85, stdev=52.42
    clat percentiles (usec):
     |  1.00th=[   21],  5.00th=[   24], 10.00th=[   26], 20.00th=[   28],
     | 30.00th=[   29], 40.00th=[   30], 50.00th=[   31], 60.00th=[   32],
     | 70.00th=[   34], 80.00th=[   41], 90.00th=[   50], 95.00th=[   59],
     | 99.00th=[   80], 99.50th=[   91], 99.90th=[  709], 99.95th=[  898],
     | 99.99th=[ 3752]
   bw (  KiB/s): min=43568, max=116320, per=100.00%, avg=65234.99, stdev=2997.51, samples=60
   iops        : min=10892, max=29080, avg=16308.29, stdev=749.38, samples=60
  cpu          : usr=92.45%, sys=7.12%, ctx=606, majf=0, minf=0
  IO depths    : 1=100.0%, 2=0.0%, 4=0.0%, 8=0.0%, 16=0.0%, 32=0.0%, >=64=0.0%
     submit    : 0=0.0%, 4=100.0%, 8=0.0%, 16=0.0%, 32=0.0%, 64=0.0%, >=64=0.0%
     complete  : 0=0.0%, 4=100.0%, 8=0.0%, 16=0.0%, 32=0.0%, 64=0.0%, >=64=0.0%
     issued rwts: total=64000,0,0,0 short=0,0,0,0 dropped=0,0,0,0
     latency   : target=0, window=0, percentile=100.00%, depth=1

Run status group 0 (all jobs):
   READ: bw=42.3MiB/s (44.4MB/s), 42.3MiB/s-42.3MiB/s (44.4MB/s-44.4MB/s), io=250MiB (262MB), run=5910-5910msec
