create: (g=0): rw=read, bs=(R) 4096B-4096B, (W) 4096B-4096B, (T) 4096B-4096B, ioengine=filecreate, iodepth=1
...
fio-3.41
Starting 2 threads

create: (groupid=0, jobs=2): err= 0: pid=479169: Fri Mar 13 00:06:42 2026
  read: IOPS=4897, BW=19.1MiB/s (20.1MB/s)(62.5MiB/3267msec)
    clat (usec): min=10, max=113, avg=17.36, stdev= 5.99
    clat percentiles (usec):
     |  1.00th=[   13],  5.00th=[   14], 10.00th=[   15], 20.00th=[   15],
     | 30.00th=[   16], 40.00th=[   16], 50.00th=[   16], 60.00th=[   17],
     | 70.00th=[   18], 80.00th=[   18], 90.00th=[   21], 95.00th=[   28],
     | 99.00th=[   51], 99.50th=[   60], 99.90th=[   71], 99.95th=[   83],
     | 99.99th=[  104]
   bw (  KiB/s): min=10328, max=26880, per=80.38%, avg=15747.67, stdev=2925.10, samples=12
   iops        : min= 2582, max= 6720, avg=3936.67, stdev=731.34, samples=12
  cpu          : usr=95.59%, sys=4.00%, ctx=712, majf=0, minf=0
  IO depths    : 1=100.0%, 2=0.0%, 4=0.0%, 8=0.0%, 16=0.0%, 32=0.0%, >=64=0.0%
     submit    : 0=0.0%, 4=100.0%, 8=0.0%, 16=0.0%, 32=0.0%, 64=0.0%, >=64=0.0%
     complete  : 0=0.0%, 4=100.0%, 8=0.0%, 16=0.0%, 32=0.0%, 64=0.0%, >=64=0.0%
     issued rwts: total=16000,0,0,0 short=0,0,0,0 dropped=0,0,0,0
     latency   : target=0, window=0, percentile=100.00%, depth=1

Run status group 0 (all jobs):
   READ: bw=19.1MiB/s (20.1MB/s), 19.1MiB/s-19.1MiB/s (20.1MB/s-20.1MB/s), io=62.5MiB (65.5MB), run=3267-3267msec
