create: (g=0): rw=read, bs=(R) 4096B-4096B, (W) 4096B-4096B, (T) 4096B-4096B, ioengine=filecreate, iodepth=1
...
fio-3.41
Starting 36 threads

create: (groupid=0, jobs=36): err= 0: pid=53597: Thu Mar 12 20:37:09 2026
  read: IOPS=30.2k, BW=118MiB/s (124MB/s)(1125MiB/9541msec)
    clat (usec): min=11, max=4484, avg=34.35, stdev=68.86
    clat percentiles (usec):
     |  1.00th=[   15],  5.00th=[   17], 10.00th=[   18], 20.00th=[   19],
     | 30.00th=[   20], 40.00th=[   22], 50.00th=[   26], 60.00th=[   30],
     | 70.00th=[   35], 80.00th=[   43], 90.00th=[   59], 95.00th=[   76],
     | 99.00th=[  116], 99.50th=[  135], 99.90th=[  210], 99.95th=[ 1500],
     | 99.99th=[ 3458]
   bw (  KiB/s): min=75830, max=430945, per=100.00%, avg=144176.46, stdev=2836.46, samples=493
   iops        : min=18950, max=107736, avg=36043.62, stdev=709.12, samples=493
  cpu          : usr=95.92%, sys=3.68%, ctx=2504, majf=0, minf=0
  IO depths    : 1=100.0%, 2=0.0%, 4=0.0%, 8=0.0%, 16=0.0%, 32=0.0%, >=64=0.0%
     submit    : 0=0.0%, 4=100.0%, 8=0.0%, 16=0.0%, 32=0.0%, 64=0.0%, >=64=0.0%
     complete  : 0=0.0%, 4=100.0%, 8=0.0%, 16=0.0%, 32=0.0%, 64=0.0%, >=64=0.0%
     issued rwts: total=288000,0,0,0 short=0,0,0,0 dropped=0,0,0,0
     latency   : target=0, window=0, percentile=100.00%, depth=1

Run status group 0 (all jobs):
   READ: bw=118MiB/s (124MB/s), 118MiB/s-118MiB/s (124MB/s-124MB/s), io=1125MiB (1180MB), run=9541-9541msec
