create: (g=0): rw=read, bs=(R) 4096B-4096B, (W) 4096B-4096B, (T) 4096B-4096B, ioengine=filecreate, iodepth=1
...
fio-3.41
Starting 32 threads

create: (groupid=0, jobs=32): err= 0: pid=516403: Fri Mar 13 00:25:43 2026
  read: IOPS=27.8k, BW=109MiB/s (114MB/s)(1000MiB/9199msec)
    clat (usec): min=9, max=493, avg=33.70, stdev=24.19
    clat percentiles (usec):
     |  1.00th=[   13],  5.00th=[   15], 10.00th=[   16], 20.00th=[   18],
     | 30.00th=[   20], 40.00th=[   22], 50.00th=[   26], 60.00th=[   30],
     | 70.00th=[   36], 80.00th=[   45], 90.00th=[   63], 95.00th=[   84],
     | 99.00th=[  133], 99.50th=[  149], 99.90th=[  182], 99.95th=[  194],
     | 99.99th=[  243]
   bw (  KiB/s): min=62764, max=363393, per=100.00%, avg=116847.39, stdev=2641.05, samples=450
   iops        : min=15686, max=90846, avg=29210.76, stdev=660.24, samples=450
  cpu          : usr=96.38%, sys=3.41%, ctx=2485, majf=0, minf=0
  IO depths    : 1=100.0%, 2=0.0%, 4=0.0%, 8=0.0%, 16=0.0%, 32=0.0%, >=64=0.0%
     submit    : 0=0.0%, 4=100.0%, 8=0.0%, 16=0.0%, 32=0.0%, 64=0.0%, >=64=0.0%
     complete  : 0=0.0%, 4=100.0%, 8=0.0%, 16=0.0%, 32=0.0%, 64=0.0%, >=64=0.0%
     issued rwts: total=256000,0,0,0 short=0,0,0,0 dropped=0,0,0,0
     latency   : target=0, window=0, percentile=100.00%, depth=1

Run status group 0 (all jobs):
   READ: bw=109MiB/s (114MB/s), 109MiB/s-109MiB/s (114MB/s-114MB/s), io=1000MiB (1049MB), run=9199-9199msec
