create: (g=0): rw=read, bs=(R) 4096B-4096B, (W) 4096B-4096B, (T) 4096B-4096B, ioengine=filecreate, iodepth=1
...
fio-3.41
Starting 36 threads

create: (groupid=0, jobs=36): err= 0: pid=803576: Fri Mar 13 02:46:13 2026
  read: IOPS=21.6k, BW=84.4MiB/s (88.5MB/s)(1125MiB/13322msec)
    clat (usec): min=16, max=341900, avg=624.76, stdev=4106.98
    clat percentiles (usec):
     |  1.00th=[    26],  5.00th=[    31], 10.00th=[    35], 20.00th=[    56],
     | 30.00th=[    94], 40.00th=[   186], 50.00th=[   433], 60.00th=[   635],
     | 70.00th=[   734], 80.00th=[   824], 90.00th=[   914], 95.00th=[   979],
     | 99.00th=[  2507], 99.50th=[ 16057], 99.90th=[ 21103], 99.95th=[ 22938],
     | 99.99th=[337642]
   bw (  KiB/s): min=65160, max=219838, per=100.00%, avg=105080.46, stdev=1154.84, samples=761
   iops        : min=16287, max=54957, avg=26268.58, stdev=288.72, samples=761
  cpu          : usr=54.33%, sys=31.81%, ctx=46332, majf=0, minf=0
  IO depths    : 1=100.0%, 2=0.0%, 4=0.0%, 8=0.0%, 16=0.0%, 32=0.0%, >=64=0.0%
     submit    : 0=0.0%, 4=100.0%, 8=0.0%, 16=0.0%, 32=0.0%, 64=0.0%, >=64=0.0%
     complete  : 0=0.0%, 4=100.0%, 8=0.0%, 16=0.0%, 32=0.0%, 64=0.0%, >=64=0.0%
     issued rwts: total=288000,0,0,0 short=0,0,0,0 dropped=0,0,0,0
     latency   : target=0, window=0, percentile=100.00%, depth=1

Run status group 0 (all jobs):
   READ: bw=84.4MiB/s (88.5MB/s), 84.4MiB/s-84.4MiB/s (88.5MB/s-88.5MB/s), io=1125MiB (1180MB), run=13322-13322msec
