create: (g=0): rw=read, bs=(R) 4096B-4096B, (W) 4096B-4096B, (T) 4096B-4096B, ioengine=filecreate, iodepth=1
...
fio-3.41
Starting 32 threads

create: (groupid=0, jobs=32): err= 0: pid=517435: Fri Mar 13 00:26:16 2026
  read: IOPS=21.8k, BW=85.2MiB/s (89.4MB/s)(1000MiB/11732msec)
    clat (usec): min=17, max=339585, avg=521.38, stdev=4079.29
    clat percentiles (usec):
     |  1.00th=[    26],  5.00th=[    30], 10.00th=[    32], 20.00th=[    47],
     | 30.00th=[    78], 40.00th=[   153], 50.00th=[   289], 60.00th=[   469],
     | 70.00th=[   586], 80.00th=[   652], 90.00th=[   709], 95.00th=[   750],
     | 99.00th=[  1565], 99.50th=[ 11076], 99.90th=[ 26346], 99.95th=[ 27132],
     | 99.99th=[337642]
   bw (  KiB/s): min=60684, max=209169, per=100.00%, avg=106660.99, stdev=1373.22, samples=603
   iops        : min=15162, max=52292, avg=26662.91, stdev=343.32, samples=603
  cpu          : usr=57.49%, sys=27.42%, ctx=74456, majf=0, minf=0
  IO depths    : 1=100.0%, 2=0.0%, 4=0.0%, 8=0.0%, 16=0.0%, 32=0.0%, >=64=0.0%
     submit    : 0=0.0%, 4=100.0%, 8=0.0%, 16=0.0%, 32=0.0%, 64=0.0%, >=64=0.0%
     complete  : 0=0.0%, 4=100.0%, 8=0.0%, 16=0.0%, 32=0.0%, 64=0.0%, >=64=0.0%
     issued rwts: total=256000,0,0,0 short=0,0,0,0 dropped=0,0,0,0
     latency   : target=0, window=0, percentile=100.00%, depth=1

Run status group 0 (all jobs):
   READ: bw=85.2MiB/s (89.4MB/s), 85.2MiB/s-85.2MiB/s (89.4MB/s-89.4MB/s), io=1000MiB (1049MB), run=11732-11732msec
