create: (g=0): rw=read, bs=(R) 4096B-4096B, (W) 4096B-4096B, (T) 4096B-4096B, ioengine=filecreate, iodepth=1
...
fio-3.41
Starting 20 threads

create: (groupid=0, jobs=20): err= 0: pid=35733: Thu Mar 12 20:28:21 2026
  read: IOPS=20.8k, BW=81.3MiB/s (85.2MB/s)(625MiB/7690msec)
    clat (usec): min=17, max=15994, avg=57.30, stdev=197.51
    clat percentiles (usec):
     |  1.00th=[   21],  5.00th=[   24], 10.00th=[   24], 20.00th=[   26],
     | 30.00th=[   28], 40.00th=[   31], 50.00th=[   38], 60.00th=[   46],
     | 70.00th=[   58], 80.00th=[   77], 90.00th=[  111], 95.00th=[  145],
     | 99.00th=[  210], 99.50th=[  235], 99.90th=[  334], 99.95th=[ 1172],
     | 99.99th=[15008]
   bw (  KiB/s): min=49799, max=231575, per=100.00%, avg=89265.21, stdev=2708.82, samples=234
   iops        : min=12443, max=57893, avg=22315.63, stdev=677.21, samples=234
  cpu          : usr=92.50%, sys=6.86%, ctx=5177, majf=0, minf=0
  IO depths    : 1=100.0%, 2=0.0%, 4=0.0%, 8=0.0%, 16=0.0%, 32=0.0%, >=64=0.0%
     submit    : 0=0.0%, 4=100.0%, 8=0.0%, 16=0.0%, 32=0.0%, 64=0.0%, >=64=0.0%
     complete  : 0=0.0%, 4=100.0%, 8=0.0%, 16=0.0%, 32=0.0%, 64=0.0%, >=64=0.0%
     issued rwts: total=160000,0,0,0 short=0,0,0,0 dropped=0,0,0,0
     latency   : target=0, window=0, percentile=100.00%, depth=1

Run status group 0 (all jobs):
   READ: bw=81.3MiB/s (85.2MB/s), 81.3MiB/s-81.3MiB/s (85.2MB/s-85.2MB/s), io=625MiB (655MB), run=7690-7690msec
