create: (g=0): rw=read, bs=(R) 4096B-4096B, (W) 4096B-4096B, (T) 4096B-4096B, ioengine=filecreate, iodepth=1
...
fio-3.41
Starting 44 threads

create: (groupid=0, jobs=44): err= 0: pid=718949: Fri Mar 13 02:04:14 2026
  read: IOPS=33.5k, BW=131MiB/s (137MB/s)(1375MiB/10503msec)
    clat (usec): min=11, max=10221, avg=46.41, stdev=59.76
    clat percentiles (usec):
     |  1.00th=[   15],  5.00th=[   17], 10.00th=[   18], 20.00th=[   21],
     | 30.00th=[   25], 40.00th=[   28], 50.00th=[   33], 60.00th=[   40],
     | 70.00th=[   50], 80.00th=[   66], 90.00th=[   94], 95.00th=[  122],
     | 99.00th=[  182], 99.50th=[  204], 99.90th=[  258], 99.95th=[  285],
     | 99.99th=[ 1172]
   bw (  KiB/s): min=76694, max=507118, per=100.00%, avg=155969.60, stdev=2689.32, samples=682
   iops        : min=19161, max=126773, avg=38991.08, stdev=672.30, samples=682
  cpu          : usr=95.08%, sys=4.64%, ctx=3680, majf=0, minf=0
  IO depths    : 1=100.0%, 2=0.0%, 4=0.0%, 8=0.0%, 16=0.0%, 32=0.0%, >=64=0.0%
     submit    : 0=0.0%, 4=100.0%, 8=0.0%, 16=0.0%, 32=0.0%, 64=0.0%, >=64=0.0%
     complete  : 0=0.0%, 4=100.0%, 8=0.0%, 16=0.0%, 32=0.0%, 64=0.0%, >=64=0.0%
     issued rwts: total=352000,0,0,0 short=0,0,0,0 dropped=0,0,0,0
     latency   : target=0, window=0, percentile=100.00%, depth=1

Run status group 0 (all jobs):
   READ: bw=131MiB/s (137MB/s), 131MiB/s-131MiB/s (137MB/s-137MB/s), io=1375MiB (1442MB), run=10503-10503msec
