create: (g=0): rw=read, bs=(R) 4096B-4096B, (W) 4096B-4096B, (T) 4096B-4096B, ioengine=filecreate, iodepth=1
...
fio-3.41
Starting 24 threads

create: (groupid=0, jobs=24): err= 0: pid=38537: Thu Mar 12 20:29:48 2026
  read: IOPS=21.1k, BW=82.3MiB/s (86.2MB/s)(750MiB/9118msec)
    clat (usec): min=12, max=4445, avg=26.78, stdev=53.93
    clat percentiles (usec):
     |  1.00th=[   15],  5.00th=[   16], 10.00th=[   17], 20.00th=[   18],
     | 30.00th=[   19], 40.00th=[   19], 50.00th=[   20], 60.00th=[   22],
     | 70.00th=[   27], 80.00th=[   32], 90.00th=[   42], 95.00th=[   55],
     | 99.00th=[   84], 99.50th=[   96], 99.90th=[  143], 99.95th=[  865],
     | 99.99th=[ 2638]
   bw (  KiB/s): min=53115, max=282435, per=100.00%, avg=100570.11, stdev=2919.12, samples=305
   iops        : min=13276, max=70608, avg=25141.64, stdev=729.77, samples=305
  cpu          : usr=96.58%, sys=3.10%, ctx=1767, majf=0, minf=0
  IO depths    : 1=100.0%, 2=0.0%, 4=0.0%, 8=0.0%, 16=0.0%, 32=0.0%, >=64=0.0%
     submit    : 0=0.0%, 4=100.0%, 8=0.0%, 16=0.0%, 32=0.0%, 64=0.0%, >=64=0.0%
     complete  : 0=0.0%, 4=100.0%, 8=0.0%, 16=0.0%, 32=0.0%, 64=0.0%, >=64=0.0%
     issued rwts: total=192000,0,0,0 short=0,0,0,0 dropped=0,0,0,0
     latency   : target=0, window=0, percentile=100.00%, depth=1

Run status group 0 (all jobs):
   READ: bw=82.3MiB/s (86.2MB/s), 82.3MiB/s-82.3MiB/s (86.2MB/s-86.2MB/s), io=750MiB (786MB), run=9118-9118msec
