create: (g=0): rw=read, bs=(R) 4096B-4096B, (W) 4096B-4096B, (T) 4096B-4096B, ioengine=filecreate, iodepth=1
...
fio-3.41
Starting 12 threads

create: (groupid=0, jobs=12): err= 0: pid=678059: Fri Mar 13 01:45:03 2026
  read: IOPS=16.4k, BW=64.1MiB/s (67.3MB/s)(375MiB/5846msec)
    clat (usec): min=16, max=19925, avg=36.00, stdev=169.04
    clat percentiles (usec):
     |  1.00th=[   19],  5.00th=[   22], 10.00th=[   23], 20.00th=[   24],
     | 30.00th=[   24], 40.00th=[   25], 50.00th=[   26], 60.00th=[   30],
     | 70.00th=[   37], 80.00th=[   44], 90.00th=[   59], 95.00th=[   74],
     | 99.00th=[  103], 99.50th=[  115], 99.90th=[  151], 99.95th=[  180],
     | 99.99th=[  799]
   bw (  KiB/s): min=39500, max=147749, per=100.00%, avg=65974.49, stdev=2778.20, samples=109
   iops        : min= 9872, max=36935, avg=16492.94, stdev=694.52, samples=109
  cpu          : usr=94.11%, sys=5.43%, ctx=566, majf=0, minf=0
  IO depths    : 1=100.0%, 2=0.0%, 4=0.0%, 8=0.0%, 16=0.0%, 32=0.0%, >=64=0.0%
     submit    : 0=0.0%, 4=100.0%, 8=0.0%, 16=0.0%, 32=0.0%, 64=0.0%, >=64=0.0%
     complete  : 0=0.0%, 4=100.0%, 8=0.0%, 16=0.0%, 32=0.0%, 64=0.0%, >=64=0.0%
     issued rwts: total=96000,0,0,0 short=0,0,0,0 dropped=0,0,0,0
     latency   : target=0, window=0, percentile=100.00%, depth=1

Run status group 0 (all jobs):
   READ: bw=64.1MiB/s (67.3MB/s), 64.1MiB/s-64.1MiB/s (67.3MB/s-67.3MB/s), io=375MiB (393MB), run=5846-5846msec
