create: (g=0): rw=read, bs=(R) 4096B-4096B, (W) 4096B-4096B, (T) 4096B-4096B, ioengine=filecreate, iodepth=1
...
fio-3.41
Starting 2 threads

create: (groupid=0, jobs=2): err= 0: pid=108169: Thu Mar 12 21:03:19 2026
  read: IOPS=5436, BW=21.2MiB/s (22.3MB/s)(62.5MiB/2943msec)
    clat (nsec): min=10895, max=98301, avg=16887.04, stdev=5806.27
    clat percentiles (nsec):
     |  1.00th=[12608],  5.00th=[13120], 10.00th=[13632], 20.00th=[14144],
     | 30.00th=[14656], 40.00th=[15168], 50.00th=[15680], 60.00th=[16192],
     | 70.00th=[16768], 80.00th=[17536], 90.00th=[19584], 95.00th=[25984],
     | 99.00th=[48384], 99.50th=[56064], 99.90th=[74240], 99.95th=[80384],
     | 99.99th=[94720]
   bw (  KiB/s): min=11288, max=23864, per=74.26%, avg=16148.80, stdev=2326.13, samples=10
   iops        : min= 2822, max= 5966, avg=4037.20, stdev=581.53, samples=10
  cpu          : usr=94.77%, sys=4.89%, ctx=608, majf=0, minf=0
  IO depths    : 1=100.0%, 2=0.0%, 4=0.0%, 8=0.0%, 16=0.0%, 32=0.0%, >=64=0.0%
     submit    : 0=0.0%, 4=100.0%, 8=0.0%, 16=0.0%, 32=0.0%, 64=0.0%, >=64=0.0%
     complete  : 0=0.0%, 4=100.0%, 8=0.0%, 16=0.0%, 32=0.0%, 64=0.0%, >=64=0.0%
     issued rwts: total=16000,0,0,0 short=0,0,0,0 dropped=0,0,0,0
     latency   : target=0, window=0, percentile=100.00%, depth=1

Run status group 0 (all jobs):
   READ: bw=21.2MiB/s (22.3MB/s), 21.2MiB/s-21.2MiB/s (22.3MB/s-22.3MB/s), io=62.5MiB (65.5MB), run=2943-2943msec
