create: (g=0): rw=read, bs=(R) 4096B-4096B, (W) 4096B-4096B, (T) 4096B-4096B, ioengine=filecreate, iodepth=1
...
fio-3.41
Starting 20 threads

create: (groupid=0, jobs=20): err= 0: pid=223842: Thu Mar 12 22:00:57 2026
  read: IOPS=17.6k, BW=68.8MiB/s (72.1MB/s)(625MiB/9087msec)
    clat (usec): min=16, max=329050, avg=154.66, stdev=3724.92
    clat percentiles (usec):
     |  1.00th=[    23],  5.00th=[    27], 10.00th=[    29], 20.00th=[    32],
     | 30.00th=[    35], 40.00th=[    39], 50.00th=[    49], 60.00th=[    63],
     | 70.00th=[    86], 80.00th=[   135], 90.00th=[   217], 95.00th=[   281],
     | 99.00th=[   424], 99.50th=[   523], 99.90th=[ 14615], 99.95th=[ 18744],
     | 99.99th=[329253]
   bw (  KiB/s): min=41918, max=191059, per=100.00%, avg=82689.97, stdev=2031.50, samples=269
   iops        : min=10478, max=47764, avg=20672.02, stdev=507.88, samples=269
  cpu          : usr=82.20%, sys=9.88%, ctx=11969, majf=0, minf=0
  IO depths    : 1=100.0%, 2=0.0%, 4=0.0%, 8=0.0%, 16=0.0%, 32=0.0%, >=64=0.0%
     submit    : 0=0.0%, 4=100.0%, 8=0.0%, 16=0.0%, 32=0.0%, 64=0.0%, >=64=0.0%
     complete  : 0=0.0%, 4=100.0%, 8=0.0%, 16=0.0%, 32=0.0%, 64=0.0%, >=64=0.0%
     issued rwts: total=160000,0,0,0 short=0,0,0,0 dropped=0,0,0,0
     latency   : target=0, window=0, percentile=100.00%, depth=1

Run status group 0 (all jobs):
   READ: bw=68.8MiB/s (72.1MB/s), 68.8MiB/s-68.8MiB/s (72.1MB/s-72.1MB/s), io=625MiB (655MB), run=9087-9087msec
