create: (g=0): rw=read, bs=(R) 4096B-4096B, (W) 4096B-4096B, (T) 4096B-4096B, ioengine=filecreate, iodepth=1
...
fio-3.41
Starting 32 threads

create: (groupid=0, jobs=32): err= 0: pid=608668: Fri Mar 13 01:10:59 2026
  read: IOPS=27.4k, BW=107MiB/s (112MB/s)(1000MiB/9349msec)
    clat (usec): min=17, max=20233, avg=88.46, stdev=267.26
    clat percentiles (usec):
     |  1.00th=[   23],  5.00th=[   25], 10.00th=[   27], 20.00th=[   30],
     | 30.00th=[   36], 40.00th=[   46], 50.00th=[   58], 60.00th=[   74],
     | 70.00th=[   97], 80.00th=[  133], 90.00th=[  190], 95.00th=[  237],
     | 99.00th=[  318], 99.50th=[  351], 99.90th=[  429], 99.95th=[  603],
     | 99.99th=[17695]
   bw (  KiB/s): min=77464, max=397691, per=100.00%, avg=143842.85, stdev=2871.39, samples=415
   iops        : min=19361, max=99422, avg=35959.75, stdev=717.84, samples=415
  cpu          : usr=89.50%, sys=9.79%, ctx=3200, majf=0, minf=0
  IO depths    : 1=100.0%, 2=0.0%, 4=0.0%, 8=0.0%, 16=0.0%, 32=0.0%, >=64=0.0%
     submit    : 0=0.0%, 4=100.0%, 8=0.0%, 16=0.0%, 32=0.0%, 64=0.0%, >=64=0.0%
     complete  : 0=0.0%, 4=100.0%, 8=0.0%, 16=0.0%, 32=0.0%, 64=0.0%, >=64=0.0%
     issued rwts: total=256000,0,0,0 short=0,0,0,0 dropped=0,0,0,0
     latency   : target=0, window=0, percentile=100.00%, depth=1

Run status group 0 (all jobs):
   READ: bw=107MiB/s (112MB/s), 107MiB/s-107MiB/s (112MB/s-112MB/s), io=1000MiB (1049MB), run=9349-9349msec
