create: (g=0): rw=read, bs=(R) 4096B-4096B, (W) 4096B-4096B, (T) 4096B-4096B, ioengine=filecreate, iodepth=1
...
fio-3.41
Starting 36 threads

create: (groupid=0, jobs=36): err= 0: pid=146587: Thu Mar 12 21:22:57 2026
  read: IOPS=28.0k, BW=109MiB/s (115MB/s)(1125MiB/10301msec)
    clat (usec): min=11, max=8114, avg=38.60, stdev=90.96
    clat percentiles (usec):
     |  1.00th=[   15],  5.00th=[   17], 10.00th=[   18], 20.00th=[   19],
     | 30.00th=[   21], 40.00th=[   23], 50.00th=[   27], 60.00th=[   32],
     | 70.00th=[   39], 80.00th=[   49], 90.00th=[   73], 95.00th=[   97],
     | 99.00th=[  149], 99.50th=[  169], 99.90th=[  231], 99.95th=[ 1139],
     | 99.99th=[ 5800]
   bw (  KiB/s): min=71846, max=443698, per=100.00%, avg=144763.51, stdev=2898.68, samples=495
   iops        : min=17952, max=110921, avg=36188.94, stdev=724.66, samples=495
  cpu          : usr=95.65%, sys=3.94%, ctx=2719, majf=0, minf=0
  IO depths    : 1=100.0%, 2=0.0%, 4=0.0%, 8=0.0%, 16=0.0%, 32=0.0%, >=64=0.0%
     submit    : 0=0.0%, 4=100.0%, 8=0.0%, 16=0.0%, 32=0.0%, 64=0.0%, >=64=0.0%
     complete  : 0=0.0%, 4=100.0%, 8=0.0%, 16=0.0%, 32=0.0%, 64=0.0%, >=64=0.0%
     issued rwts: total=288000,0,0,0 short=0,0,0,0 dropped=0,0,0,0
     latency   : target=0, window=0, percentile=100.00%, depth=1

Run status group 0 (all jobs):
   READ: bw=109MiB/s (115MB/s), 109MiB/s-109MiB/s (115MB/s-115MB/s), io=1125MiB (1180MB), run=10301-10301msec
