create: (g=0): rw=read, bs=(R) 4096B-4096B, (W) 4096B-4096B, (T) 4096B-4096B, ioengine=filecreate, iodepth=1
...
fio-3.41
Starting 64 threads

create: (groupid=0, jobs=64): err= 0: pid=471389: Fri Mar 13 00:03:05 2026
  read: IOPS=24.4k, BW=95.4MiB/s (100MB/s)(2000MiB/20965msec)
    clat (usec): min=18, max=106003, avg=1383.76, stdev=2042.11
    clat percentiles (usec):
     |  1.00th=[   39],  5.00th=[   67], 10.00th=[  118], 20.00th=[  260],
     | 30.00th=[  537], 40.00th=[ 1029], 50.00th=[ 1401], 60.00th=[ 1663],
     | 70.00th=[ 1811], 80.00th=[ 1926], 90.00th=[ 2057], 95.00th=[ 2147],
     | 99.00th=[11076], 99.50th=[12256], 99.90th=[13566], 99.95th=[25035],
     | 99.99th=[70779]
   bw (  KiB/s): min=67362, max=190468, per=100.00%, avg=102106.63, stdev=392.68, samples=2489
   iops        : min=16835, max=47614, avg=25524.73, stdev=98.18, samples=2489
  cpu          : usr=43.76%, sys=47.30%, ctx=403169, majf=0, minf=0
  IO depths    : 1=100.0%, 2=0.0%, 4=0.0%, 8=0.0%, 16=0.0%, 32=0.0%, >=64=0.0%
     submit    : 0=0.0%, 4=100.0%, 8=0.0%, 16=0.0%, 32=0.0%, 64=0.0%, >=64=0.0%
     complete  : 0=0.0%, 4=100.0%, 8=0.0%, 16=0.0%, 32=0.0%, 64=0.0%, >=64=0.0%
     issued rwts: total=512000,0,0,0 short=0,0,0,0 dropped=0,0,0,0
     latency   : target=0, window=0, percentile=100.00%, depth=1

Run status group 0 (all jobs):
   READ: bw=95.4MiB/s (100MB/s), 95.4MiB/s-95.4MiB/s (100MB/s-100MB/s), io=2000MiB (2097MB), run=20965-20965msec
