create: (g=0): rw=read, bs=(R) 4096B-4096B, (W) 4096B-4096B, (T) 4096B-4096B, ioengine=filecreate, iodepth=1
...
fio-3.41
Starting 20 threads

create: (groupid=0, jobs=20): err= 0: pid=127820: Thu Mar 12 21:13:34 2026
  read: IOPS=19.6k, BW=76.7MiB/s (80.5MB/s)(625MiB/8144msec)
    clat (usec): min=10, max=1004, avg=21.70, stdev=12.54
    clat percentiles (usec):
     |  1.00th=[   14],  5.00th=[   15], 10.00th=[   16], 20.00th=[   16],
     | 30.00th=[   17], 40.00th=[   18], 50.00th=[   18], 60.00th=[   19],
     | 70.00th=[   21], 80.00th=[   27], 90.00th=[   33], 95.00th=[   41],
     | 99.00th=[   69], 99.50th=[   78], 99.90th=[  102], 99.95th=[  116],
     | 99.99th=[  157]
   bw (  KiB/s): min=48922, max=248422, per=100.00%, avg=88135.48, stdev=3093.50, samples=239
   iops        : min=12228, max=62105, avg=22033.57, stdev=773.37, samples=239
  cpu          : usr=97.14%, sys=2.66%, ctx=1440, majf=0, minf=0
  IO depths    : 1=100.0%, 2=0.0%, 4=0.0%, 8=0.0%, 16=0.0%, 32=0.0%, >=64=0.0%
     submit    : 0=0.0%, 4=100.0%, 8=0.0%, 16=0.0%, 32=0.0%, 64=0.0%, >=64=0.0%
     complete  : 0=0.0%, 4=100.0%, 8=0.0%, 16=0.0%, 32=0.0%, 64=0.0%, >=64=0.0%
     issued rwts: total=160000,0,0,0 short=0,0,0,0 dropped=0,0,0,0
     latency   : target=0, window=0, percentile=100.00%, depth=1

Run status group 0 (all jobs):
   READ: bw=76.7MiB/s (80.5MB/s), 76.7MiB/s-76.7MiB/s (80.5MB/s-80.5MB/s), io=625MiB (655MB), run=8144-8144msec
