create: (g=0): rw=read, bs=(R) 4096B-4096B, (W) 4096B-4096B, (T) 4096B-4096B, ioengine=filecreate, iodepth=1
...
fio-3.41
Starting 40 threads

create: (groupid=0, jobs=40): err= 0: pid=248608: Thu Mar 12 22:13:11 2026
  read: IOPS=27.2k, BW=106MiB/s (111MB/s)(1250MiB/11758msec)
    clat (usec): min=9, max=2388, avg=45.81, stdev=36.57
    clat percentiles (usec):
     |  1.00th=[   13],  5.00th=[   16], 10.00th=[   17], 20.00th=[   20],
     | 30.00th=[   24], 40.00th=[   28], 50.00th=[   34], 60.00th=[   41],
     | 70.00th=[   51], 80.00th=[   67], 90.00th=[   94], 95.00th=[  121],
     | 99.00th=[  174], 99.50th=[  196], 99.90th=[  241], 99.95th=[  269],
     | 99.99th=[  424]
   bw (  KiB/s): min=71463, max=458357, per=100.00%, avg=143999.18, stdev=2701.72, samples=622
   iops        : min=17860, max=114588, avg=35999.04, stdev=675.43, samples=622
  cpu          : usr=95.25%, sys=4.52%, ctx=3817, majf=0, minf=0
  IO depths    : 1=100.0%, 2=0.0%, 4=0.0%, 8=0.0%, 16=0.0%, 32=0.0%, >=64=0.0%
     submit    : 0=0.0%, 4=100.0%, 8=0.0%, 16=0.0%, 32=0.0%, 64=0.0%, >=64=0.0%
     complete  : 0=0.0%, 4=100.0%, 8=0.0%, 16=0.0%, 32=0.0%, 64=0.0%, >=64=0.0%
     issued rwts: total=320000,0,0,0 short=0,0,0,0 dropped=0,0,0,0
     latency   : target=0, window=0, percentile=100.00%, depth=1

Run status group 0 (all jobs):
   READ: bw=106MiB/s (111MB/s), 106MiB/s-106MiB/s (111MB/s-111MB/s), io=1250MiB (1311MB), run=11758-11758msec
