create: (g=0): rw=read, bs=(R) 4096B-4096B, (W) 4096B-4096B, (T) 4096B-4096B, ioengine=filecreate, iodepth=1
...
fio-3.41
Starting 48 threads

create: (groupid=0, jobs=48): err= 0: pid=630892: Fri Mar 13 01:21:49 2026
  read: IOPS=28.2k, BW=110MiB/s (116MB/s)(1500MiB/13595msec)
    clat (usec): min=17, max=73272, avg=641.19, stdev=1149.84
    clat percentiles (usec):
     |  1.00th=[   26],  5.00th=[   41], 10.00th=[   61], 20.00th=[  121],
     | 30.00th=[  202], 40.00th=[  343], 50.00th=[  578], 60.00th=[  775],
     | 70.00th=[  898], 80.00th=[ 1012], 90.00th=[ 1123], 95.00th=[ 1205],
     | 99.00th=[ 1369], 99.50th=[ 8356], 99.90th=[11338], 99.95th=[11863],
     | 99.99th=[65799]
   bw (  KiB/s): min=80117, max=278744, per=100.00%, avg=124203.81, stdev=1076.37, samples=1123
   iops        : min=20025, max=69685, avg=31047.67, stdev=269.10, samples=1123
  cpu          : usr=57.24%, sys=37.91%, ctx=201152, majf=0, minf=0
  IO depths    : 1=100.0%, 2=0.0%, 4=0.0%, 8=0.0%, 16=0.0%, 32=0.0%, >=64=0.0%
     submit    : 0=0.0%, 4=100.0%, 8=0.0%, 16=0.0%, 32=0.0%, 64=0.0%, >=64=0.0%
     complete  : 0=0.0%, 4=100.0%, 8=0.0%, 16=0.0%, 32=0.0%, 64=0.0%, >=64=0.0%
     issued rwts: total=384000,0,0,0 short=0,0,0,0 dropped=0,0,0,0
     latency   : target=0, window=0, percentile=100.00%, depth=1

Run status group 0 (all jobs):
   READ: bw=110MiB/s (116MB/s), 110MiB/s-110MiB/s (116MB/s-116MB/s), io=1500MiB (1573MB), run=13595-13595msec
