create: (g=0): rw=read, bs=(R) 4096B-4096B, (W) 4096B-4096B, (T) 4096B-4096B, ioengine=filecreate, iodepth=1
...
fio-3.41
Starting 32 threads

create: (groupid=0, jobs=32): err= 0: pid=424466: Thu Mar 12 23:40:18 2026
  read: IOPS=23.5k, BW=91.9MiB/s (96.4MB/s)(1000MiB/10880msec)
    clat (usec): min=15, max=328905, avg=510.92, stdev=3938.76
    clat percentiles (usec):
     |  1.00th=[    25],  5.00th=[    30], 10.00th=[    35], 20.00th=[    61],
     | 30.00th=[   113], 40.00th=[   225], 50.00th=[   351], 60.00th=[   429],
     | 70.00th=[   529], 80.00th=[   619], 90.00th=[   701], 95.00th=[   750],
     | 99.00th=[  1045], 99.50th=[ 10683], 99.90th=[ 26346], 99.95th=[ 27657],
     | 99.99th=[325059]
   bw (  KiB/s): min=58170, max=213636, per=100.00%, avg=119019.52, stdev=1305.00, samples=547
   iops        : min=14542, max=53409, avg=29753.79, stdev=326.25, samples=547
  cpu          : usr=54.01%, sys=30.60%, ctx=35262, majf=0, minf=0
  IO depths    : 1=100.0%, 2=0.0%, 4=0.0%, 8=0.0%, 16=0.0%, 32=0.0%, >=64=0.0%
     submit    : 0=0.0%, 4=100.0%, 8=0.0%, 16=0.0%, 32=0.0%, 64=0.0%, >=64=0.0%
     complete  : 0=0.0%, 4=100.0%, 8=0.0%, 16=0.0%, 32=0.0%, 64=0.0%, >=64=0.0%
     issued rwts: total=256000,0,0,0 short=0,0,0,0 dropped=0,0,0,0
     latency   : target=0, window=0, percentile=100.00%, depth=1

Run status group 0 (all jobs):
   READ: bw=91.9MiB/s (96.4MB/s), 91.9MiB/s-91.9MiB/s (96.4MB/s-96.4MB/s), io=1000MiB (1049MB), run=10880-10880msec
