create: (g=0): rw=read, bs=(R) 4096B-4096B, (W) 4096B-4096B, (T) 4096B-4096B, ioengine=filecreate, iodepth=1
...
fio-3.41
Starting 56 threads

create: (groupid=0, jobs=56): err= 0: pid=831347: Fri Mar 13 02:59:35 2026
  read: IOPS=27.1k, BW=106MiB/s (111MB/s)(1750MiB/16512msec)
    clat (usec): min=18, max=75329, avg=933.91, stdev=1269.97
    clat percentiles (usec):
     |  1.00th=[   34],  5.00th=[   73], 10.00th=[  139], 20.00th=[  338],
     | 30.00th=[  570], 40.00th=[  791], 50.00th=[  963], 60.00th=[ 1074],
     | 70.00th=[ 1188], 80.00th=[ 1303], 90.00th=[ 1418], 95.00th=[ 1500],
     | 99.00th=[ 1680], 99.50th=[10159], 99.90th=[11731], 99.95th=[18220],
     | 99.99th=[66323]
   bw (  KiB/s): min=80319, max=246875, per=100.00%, avg=124541.54, stdev=742.95, samples=1582
   iops        : min=20071, max=61718, avg=31133.64, stdev=185.74, samples=1582
  cpu          : usr=48.41%, sys=46.96%, ctx=240807, majf=0, minf=0
  IO depths    : 1=100.0%, 2=0.0%, 4=0.0%, 8=0.0%, 16=0.0%, 32=0.0%, >=64=0.0%
     submit    : 0=0.0%, 4=100.0%, 8=0.0%, 16=0.0%, 32=0.0%, 64=0.0%, >=64=0.0%
     complete  : 0=0.0%, 4=100.0%, 8=0.0%, 16=0.0%, 32=0.0%, 64=0.0%, >=64=0.0%
     issued rwts: total=448000,0,0,0 short=0,0,0,0 dropped=0,0,0,0
     latency   : target=0, window=0, percentile=100.00%, depth=1

Run status group 0 (all jobs):
   READ: bw=106MiB/s (111MB/s), 106MiB/s-106MiB/s (111MB/s-111MB/s), io=1750MiB (1835MB), run=16512-16512msec
