create: (g=0): rw=read, bs=(R) 4096B-4096B, (W) 4096B-4096B, (T) 4096B-4096B, ioengine=filecreate, iodepth=1
...
fio-3.41
Starting 8 threads

create: (groupid=0, jobs=8): err= 0: pid=117688: Thu Mar 12 21:08:22 2026
  read: IOPS=11.1k, BW=43.2MiB/s (45.3MB/s)(250MiB/5783msec)
    clat (usec): min=14, max=9252, avg=39.20, stdev=106.79
    clat percentiles (usec):
     |  1.00th=[   21],  5.00th=[   24], 10.00th=[   26], 20.00th=[   28],
     | 30.00th=[   29], 40.00th=[   30], 50.00th=[   32], 60.00th=[   34],
     | 70.00th=[   40], 80.00th=[   47], 90.00th=[   58], 95.00th=[   69],
     | 99.00th=[   93], 99.50th=[  104], 99.90th=[  742], 99.95th=[  914],
     | 99.99th=[ 8848]
   bw (  KiB/s): min=44915, max=110824, per=100.00%, avg=64462.32, stdev=2833.32, samples=59
   iops        : min=11227, max=27706, avg=16115.15, stdev=708.36, samples=59
  cpu          : usr=91.52%, sys=7.89%, ctx=618, majf=0, minf=0
  IO depths    : 1=100.0%, 2=0.0%, 4=0.0%, 8=0.0%, 16=0.0%, 32=0.0%, >=64=0.0%
     submit    : 0=0.0%, 4=100.0%, 8=0.0%, 16=0.0%, 32=0.0%, 64=0.0%, >=64=0.0%
     complete  : 0=0.0%, 4=100.0%, 8=0.0%, 16=0.0%, 32=0.0%, 64=0.0%, >=64=0.0%
     issued rwts: total=64000,0,0,0 short=0,0,0,0 dropped=0,0,0,0
     latency   : target=0, window=0, percentile=100.00%, depth=1

Run status group 0 (all jobs):
   READ: bw=43.2MiB/s (45.3MB/s), 43.2MiB/s-43.2MiB/s (45.3MB/s-45.3MB/s), io=250MiB (262MB), run=5783-5783msec
