create: (g=0): rw=read, bs=(R) 4096B-4096B, (W) 4096B-4096B, (T) 4096B-4096B, ioengine=filecreate, iodepth=1
...
fio-3.41
Starting 40 threads

create: (groupid=0, jobs=40): err= 0: pid=433100: Thu Mar 12 23:44:32 2026
  read: IOPS=28.4k, BW=111MiB/s (116MB/s)(1250MiB/11264msec)
    clat (usec): min=18, max=22126, avg=348.47, stdev=604.85
    clat percentiles (usec):
     |  1.00th=[   25],  5.00th=[   30], 10.00th=[   38], 20.00th=[   60],
     | 30.00th=[   97], 40.00th=[  161], 50.00th=[  293], 60.00th=[  429],
     | 70.00th=[  502], 80.00th=[  570], 90.00th=[  660], 95.00th=[  725],
     | 99.00th=[  840], 99.50th=[  906], 99.90th=[10552], 99.95th=[10945],
     | 99.99th=[18482]
   bw (  KiB/s): min=73248, max=288495, per=100.00%, avg=130652.23, stdev=1597.40, samples=737
   iops        : min=18307, max=72121, avg=32661.46, stdev=399.33, samples=737
  cpu          : usr=70.74%, sys=26.70%, ctx=85698, majf=0, minf=0
  IO depths    : 1=100.0%, 2=0.0%, 4=0.0%, 8=0.0%, 16=0.0%, 32=0.0%, >=64=0.0%
     submit    : 0=0.0%, 4=100.0%, 8=0.0%, 16=0.0%, 32=0.0%, 64=0.0%, >=64=0.0%
     complete  : 0=0.0%, 4=100.0%, 8=0.0%, 16=0.0%, 32=0.0%, 64=0.0%, >=64=0.0%
     issued rwts: total=320000,0,0,0 short=0,0,0,0 dropped=0,0,0,0
     latency   : target=0, window=0, percentile=100.00%, depth=1

Run status group 0 (all jobs):
   READ: bw=111MiB/s (116MB/s), 111MiB/s-111MiB/s (116MB/s-116MB/s), io=1250MiB (1311MB), run=11264-11264msec
