create: (g=0): rw=read, bs=(R) 4096B-4096B, (W) 4096B-4096B, (T) 4096B-4096B, ioengine=filecreate, iodepth=1
...
fio-3.41
Starting 60 threads

create: (groupid=0, jobs=60): err= 0: pid=188043: Thu Mar 12 21:43:12 2026
  read: IOPS=18.6k, BW=72.8MiB/s (76.3MB/s)(1875MiB/25761msec)
    clat (usec): min=21, max=345237, avg=2219.80, stdev=4767.71
    clat percentiles (usec):
     |  1.00th=[    40],  5.00th=[    88], 10.00th=[   172], 20.00th=[   545],
     | 30.00th=[  1057], 40.00th=[  1631], 50.00th=[  1991], 60.00th=[  2311],
     | 70.00th=[  2507], 80.00th=[  2671], 90.00th=[  2835], 95.00th=[  2966],
     | 99.00th=[ 17957], 99.50th=[ 20841], 99.90th=[ 25560], 99.95th=[ 27919],
     | 99.99th=[341836]
   bw (  KiB/s): min=49152, max=162915, per=100.00%, avg=78382.71, stdev=369.64, samples=2888
   iops        : min=12288, max=40728, avg=19591.79, stdev=92.41, samples=2888
  cpu          : usr=26.82%, sys=54.39%, ctx=312936, majf=0, minf=0
  IO depths    : 1=100.0%, 2=0.0%, 4=0.0%, 8=0.0%, 16=0.0%, 32=0.0%, >=64=0.0%
     submit    : 0=0.0%, 4=100.0%, 8=0.0%, 16=0.0%, 32=0.0%, 64=0.0%, >=64=0.0%
     complete  : 0=0.0%, 4=100.0%, 8=0.0%, 16=0.0%, 32=0.0%, 64=0.0%, >=64=0.0%
     issued rwts: total=480000,0,0,0 short=0,0,0,0 dropped=0,0,0,0
     latency   : target=0, window=0, percentile=100.00%, depth=1

Run status group 0 (all jobs):
   READ: bw=72.8MiB/s (76.3MB/s), 72.8MiB/s-72.8MiB/s (76.3MB/s-76.3MB/s), io=1875MiB (1966MB), run=25761-25761msec
