create: (g=0): rw=read, bs=(R) 4096B-4096B, (W) 4096B-4096B, (T) 4096B-4096B, ioengine=filecreate, iodepth=1
...
fio-3.41
Starting 48 threads

create: (groupid=0, jobs=48): err= 0: pid=259084: Thu Mar 12 22:18:19 2026
  read: IOPS=27.8k, BW=109MiB/s (114MB/s)(1500MiB/13824msec)
    clat (usec): min=17, max=69904, avg=597.63, stdev=1070.28
    clat percentiles (usec):
     |  1.00th=[   28],  5.00th=[   45], 10.00th=[   71], 20.00th=[  141],
     | 30.00th=[  285], 40.00th=[  453], 50.00th=[  594], 60.00th=[  725],
     | 70.00th=[  807], 80.00th=[  873], 90.00th=[  955], 95.00th=[ 1012],
     | 99.00th=[ 1156], 99.50th=[ 2540], 99.90th=[10945], 99.95th=[11469],
     | 99.99th=[66847]
   bw (  KiB/s): min=78060, max=264136, per=100.00%, avg=129918.28, stdev=1065.20, samples=1114
   iops        : min=19510, max=66034, avg=32477.97, stdev=266.31, samples=1114
  cpu          : usr=59.99%, sys=36.16%, ctx=192232, majf=0, minf=0
  IO depths    : 1=100.0%, 2=0.0%, 4=0.0%, 8=0.0%, 16=0.0%, 32=0.0%, >=64=0.0%
     submit    : 0=0.0%, 4=100.0%, 8=0.0%, 16=0.0%, 32=0.0%, 64=0.0%, >=64=0.0%
     complete  : 0=0.0%, 4=100.0%, 8=0.0%, 16=0.0%, 32=0.0%, 64=0.0%, >=64=0.0%
     issued rwts: total=384000,0,0,0 short=0,0,0,0 dropped=0,0,0,0
     latency   : target=0, window=0, percentile=100.00%, depth=1

Run status group 0 (all jobs):
   READ: bw=109MiB/s (114MB/s), 109MiB/s-109MiB/s (114MB/s-114MB/s), io=1500MiB (1573MB), run=13824-13824msec
