create: (g=0): rw=read, bs=(R) 4096B-4096B, (W) 4096B-4096B, (T) 4096B-4096B, ioengine=filecreate, iodepth=1
...
fio-3.41
Starting 56 threads

create: (groupid=0, jobs=56): err= 0: pid=88236: Thu Mar 12 20:53:58 2026
  read: IOPS=19.1k, BW=74.8MiB/s (78.4MB/s)(1750MiB/23408msec)
    clat (usec): min=20, max=328797, avg=1852.80, stdev=4435.21
    clat percentiles (usec):
     |  1.00th=[    36],  5.00th=[    69], 10.00th=[   130], 20.00th=[   371],
     | 30.00th=[   857], 40.00th=[  1369], 50.00th=[  1713], 60.00th=[  1991],
     | 70.00th=[  2147], 80.00th=[  2245], 90.00th=[  2343], 95.00th=[  2474],
     | 99.00th=[ 16909], 99.50th=[ 19792], 99.90th=[ 23725], 99.95th=[ 25297],
     | 99.99th=[325059]
   bw (  KiB/s): min=34144, max=172640, per=100.00%, avg=84294.69, stdev=472.00, samples=2367
   iops        : min= 8536, max=43155, avg=21071.16, stdev=117.99, samples=2367
  cpu          : usr=30.59%, sys=52.18%, ctx=269870, majf=0, minf=0
  IO depths    : 1=100.0%, 2=0.0%, 4=0.0%, 8=0.0%, 16=0.0%, 32=0.0%, >=64=0.0%
     submit    : 0=0.0%, 4=100.0%, 8=0.0%, 16=0.0%, 32=0.0%, 64=0.0%, >=64=0.0%
     complete  : 0=0.0%, 4=100.0%, 8=0.0%, 16=0.0%, 32=0.0%, 64=0.0%, >=64=0.0%
     issued rwts: total=448000,0,0,0 short=0,0,0,0 dropped=0,0,0,0
     latency   : target=0, window=0, percentile=100.00%, depth=1

Run status group 0 (all jobs):
   READ: bw=74.8MiB/s (78.4MB/s), 74.8MiB/s-74.8MiB/s (78.4MB/s-78.4MB/s), io=1750MiB (1835MB), run=23408-23408msec
