create: (g=0): rw=read, bs=(R) 4096B-4096B, (W) 4096B-4096B, (T) 4096B-4096B, ioengine=filecreate, iodepth=1
...
fio-3.41
Starting 2 threads

create: (groupid=0, jobs=2): err= 0: pid=762289: Fri Mar 13 02:25:11 2026
  read: IOPS=6072, BW=23.7MiB/s (24.9MB/s)(62.5MiB/2635msec)
    clat (usec): min=9, max=179, avg=15.13, stdev= 5.50
    clat percentiles (usec):
     |  1.00th=[   11],  5.00th=[   12], 10.00th=[   12], 20.00th=[   12],
     | 30.00th=[   13], 40.00th=[   13], 50.00th=[   14], 60.00th=[   15],
     | 70.00th=[   15], 80.00th=[   18], 90.00th=[   21], 95.00th=[   26],
     | 99.00th=[   35], 99.50th=[   40], 99.90th=[   68], 99.95th=[   80],
     | 99.99th=[  114]
   bw (  KiB/s): min=12792, max=36336, per=85.85%, avg=20851.20, stdev=4423.63, samples=10
   iops        : min= 3198, max= 9084, avg=5212.80, stdev=1105.91, samples=10
  cpu          : usr=94.83%, sys=4.84%, ctx=310, majf=0, minf=0
  IO depths    : 1=100.0%, 2=0.0%, 4=0.0%, 8=0.0%, 16=0.0%, 32=0.0%, >=64=0.0%
     submit    : 0=0.0%, 4=100.0%, 8=0.0%, 16=0.0%, 32=0.0%, 64=0.0%, >=64=0.0%
     complete  : 0=0.0%, 4=100.0%, 8=0.0%, 16=0.0%, 32=0.0%, 64=0.0%, >=64=0.0%
     issued rwts: total=16000,0,0,0 short=0,0,0,0 dropped=0,0,0,0
     latency   : target=0, window=0, percentile=100.00%, depth=1

Run status group 0 (all jobs):
   READ: bw=23.7MiB/s (24.9MB/s), 23.7MiB/s-23.7MiB/s (24.9MB/s-24.9MB/s), io=62.5MiB (65.5MB), run=2635-2635msec
