create: (g=0): rw=read, bs=(R) 4096B-4096B, (W) 4096B-4096B, (T) 4096B-4096B, ioengine=filecreate, iodepth=1
...
fio-3.41
Starting 16 threads

create: (groupid=0, jobs=16): err= 0: pid=310343: Thu Mar 12 22:43:37 2026
  read: IOPS=20.3k, BW=79.4MiB/s (83.3MB/s)(500MiB/6297msec)
    clat (usec): min=16, max=15029, avg=40.92, stdev=149.95
    clat percentiles (usec):
     |  1.00th=[   19],  5.00th=[   23], 10.00th=[   24], 20.00th=[   24],
     | 30.00th=[   25], 40.00th=[   26], 50.00th=[   30], 60.00th=[   37],
     | 70.00th=[   43], 80.00th=[   53], 90.00th=[   70], 95.00th=[   86],
     | 99.00th=[  121], 99.50th=[  137], 99.90th=[  176], 99.95th=[  215],
     | 99.99th=[14222]
   bw (  KiB/s): min=52476, max=217469, per=100.00%, avg=88782.70, stdev=3307.12, samples=156
   iops        : min=13118, max=54367, avg=22195.17, stdev=826.79, samples=156
  cpu          : usr=93.82%, sys=5.71%, ctx=482, majf=0, minf=0
  IO depths    : 1=100.0%, 2=0.0%, 4=0.0%, 8=0.0%, 16=0.0%, 32=0.0%, >=64=0.0%
     submit    : 0=0.0%, 4=100.0%, 8=0.0%, 16=0.0%, 32=0.0%, 64=0.0%, >=64=0.0%
     complete  : 0=0.0%, 4=100.0%, 8=0.0%, 16=0.0%, 32=0.0%, 64=0.0%, >=64=0.0%
     issued rwts: total=128000,0,0,0 short=0,0,0,0 dropped=0,0,0,0
     latency   : target=0, window=0, percentile=100.00%, depth=1

Run status group 0 (all jobs):
   READ: bw=79.4MiB/s (83.3MB/s), 79.4MiB/s-79.4MiB/s (83.3MB/s-83.3MB/s), io=500MiB (524MB), run=6297-6297msec
