create: (g=0): rw=read, bs=(R) 4096B-4096B, (W) 4096B-4096B, (T) 4096B-4096B, ioengine=filecreate, iodepth=1
...
fio-3.41
Starting 24 threads

create: (groupid=0, jobs=24): err= 0: pid=786317: Fri Mar 13 02:37:36 2026
  read: IOPS=22.6k, BW=88.3MiB/s (92.6MB/s)(750MiB/8492msec)
    clat (usec): min=17, max=22810, avg=64.25, stdev=266.62
    clat percentiles (usec):
     |  1.00th=[   21],  5.00th=[   24], 10.00th=[   25], 20.00th=[   27],
     | 30.00th=[   30], 40.00th=[   35], 50.00th=[   44], 60.00th=[   54],
     | 70.00th=[   69], 80.00th=[   89], 90.00th=[  126], 95.00th=[  159],
     | 99.00th=[  227], 99.50th=[  253], 99.90th=[  322], 99.95th=[  429],
     | 99.99th=[21627]
   bw (  KiB/s): min=57362, max=313513, per=100.00%, avg=105736.05, stdev=3165.13, samples=296
   iops        : min=14339, max=78377, avg=26433.43, stdev=791.26, samples=296
  cpu          : usr=91.77%, sys=7.58%, ctx=1172, majf=0, minf=0
  IO depths    : 1=100.0%, 2=0.0%, 4=0.0%, 8=0.0%, 16=0.0%, 32=0.0%, >=64=0.0%
     submit    : 0=0.0%, 4=100.0%, 8=0.0%, 16=0.0%, 32=0.0%, 64=0.0%, >=64=0.0%
     complete  : 0=0.0%, 4=100.0%, 8=0.0%, 16=0.0%, 32=0.0%, 64=0.0%, >=64=0.0%
     issued rwts: total=192000,0,0,0 short=0,0,0,0 dropped=0,0,0,0
     latency   : target=0, window=0, percentile=100.00%, depth=1

Run status group 0 (all jobs):
   READ: bw=88.3MiB/s (92.6MB/s), 88.3MiB/s-88.3MiB/s (92.6MB/s-92.6MB/s), io=750MiB (786MB), run=8492-8492msec
