create: (g=0): rw=read, bs=(R) 4096B-4096B, (W) 4096B-4096B, (T) 4096B-4096B, ioengine=filecreate, iodepth=1
...
fio-3.41
Starting 56 threads

create: (groupid=0, jobs=56): err= 0: pid=737347: Fri Mar 13 02:13:09 2026
  read: IOPS=33.8k, BW=132MiB/s (139MB/s)(1750MiB/13247msec)
    clat (usec): min=11, max=10282, avg=66.33, stdev=73.09
    clat percentiles (usec):
     |  1.00th=[   15],  5.00th=[   19], 10.00th=[   22], 20.00th=[   26],
     | 30.00th=[   29], 40.00th=[   35], 50.00th=[   44], 60.00th=[   56],
     | 70.00th=[   74], 80.00th=[  102], 90.00th=[  149], 95.00th=[  188],
     | 99.00th=[  262], 99.50th=[  289], 99.90th=[  351], 99.95th=[  375],
     | 99.99th=[  644]
   bw (  KiB/s): min=78838, max=591692, per=100.00%, avg=155209.88, stdev=2292.42, samples=1168
   iops        : min=19694, max=147916, avg=38800.49, stdev=573.09, samples=1168
  cpu          : usr=94.88%, sys=4.83%, ctx=11615, majf=0, minf=0
  IO depths    : 1=100.0%, 2=0.0%, 4=0.0%, 8=0.0%, 16=0.0%, 32=0.0%, >=64=0.0%
     submit    : 0=0.0%, 4=100.0%, 8=0.0%, 16=0.0%, 32=0.0%, 64=0.0%, >=64=0.0%
     complete  : 0=0.0%, 4=100.0%, 8=0.0%, 16=0.0%, 32=0.0%, 64=0.0%, >=64=0.0%
     issued rwts: total=448000,0,0,0 short=0,0,0,0 dropped=0,0,0,0
     latency   : target=0, window=0, percentile=100.00%, depth=1

Run status group 0 (all jobs):
   READ: bw=132MiB/s (139MB/s), 132MiB/s-132MiB/s (139MB/s-139MB/s), io=1750MiB (1835MB), run=13247-13247msec
