create: (g=0): rw=read, bs=(R) 4096B-4096B, (W) 4096B-4096B, (T) 4096B-4096B, ioengine=filecreate, iodepth=1
fio-3.41
Starting 1 thread

create: (groupid=0, jobs=1): err= 0: pid=105591: Thu Mar 12 21:01:55 2026
  read: IOPS=5040, BW=19.7MiB/s (20.6MB/s)(31.2MiB/1587msec)
    clat (usec): min=15, max=1005, avg=20.41, stdev=12.48
    clat percentiles (usec):
     |  1.00th=[   16],  5.00th=[   18], 10.00th=[   18], 20.00th=[   18],
     | 30.00th=[   19], 40.00th=[   19], 50.00th=[   19], 60.00th=[   20],
     | 70.00th=[   20], 80.00th=[   21], 90.00th=[   24], 95.00th=[   33],
     | 99.00th=[   46], 99.50th=[   50], 99.90th=[   68], 99.95th=[   77],
     | 99.99th=[ 1004]
   bw (  KiB/s): min=12464, max=25776, per=89.83%, avg=18114.67, stdev=6880.00, samples=3
   iops        : min= 3116, max= 6444, avg=4528.67, stdev=1720.00, samples=3
  cpu          : usr=90.04%, sys=9.39%, ctx=352, majf=0, minf=0
  IO depths    : 1=100.0%, 2=0.0%, 4=0.0%, 8=0.0%, 16=0.0%, 32=0.0%, >=64=0.0%
     submit    : 0=0.0%, 4=100.0%, 8=0.0%, 16=0.0%, 32=0.0%, 64=0.0%, >=64=0.0%
     complete  : 0=0.0%, 4=100.0%, 8=0.0%, 16=0.0%, 32=0.0%, 64=0.0%, >=64=0.0%
     issued rwts: total=8000,0,0,0 short=0,0,0,0 dropped=0,0,0,0
     latency   : target=0, window=0, percentile=100.00%, depth=1

Run status group 0 (all jobs):
   READ: bw=19.7MiB/s (20.6MB/s), 19.7MiB/s-19.7MiB/s (20.6MB/s-20.6MB/s), io=31.2MiB (32.8MB), run=1587-1587msec
