create: (g=0): rw=read, bs=(R) 4096B-4096B, (W) 4096B-4096B, (T) 4096B-4096B, ioengine=filecreate, iodepth=1
...
fio-3.41
Starting 4 threads

create: (groupid=0, jobs=4): err= 0: pid=668667: Fri Mar 13 01:40:07 2026
  read: IOPS=9166, BW=35.8MiB/s (37.5MB/s)(125MiB/3491msec)
    clat (usec): min=10, max=141, avg=17.93, stdev= 6.36
    clat percentiles (usec):
     |  1.00th=[   13],  5.00th=[   14], 10.00th=[   14], 20.00th=[   15],
     | 30.00th=[   16], 40.00th=[   16], 50.00th=[   17], 60.00th=[   18],
     | 70.00th=[   18], 80.00th=[   19], 90.00th=[   24], 95.00th=[   29],
     | 99.00th=[   50], 99.50th=[   61], 99.90th=[   73], 99.95th=[   78],
     | 99.99th=[  104]
   bw (  KiB/s): min=25337, max=60000, per=100.00%, avg=37881.50, stdev=3172.67, samples=21
   iops        : min= 6334, max=15000, avg=9470.33, stdev=793.18, samples=21
  cpu          : usr=94.87%, sys=4.91%, ctx=198, majf=0, minf=0
  IO depths    : 1=100.0%, 2=0.0%, 4=0.0%, 8=0.0%, 16=0.0%, 32=0.0%, >=64=0.0%
     submit    : 0=0.0%, 4=100.0%, 8=0.0%, 16=0.0%, 32=0.0%, 64=0.0%, >=64=0.0%
     complete  : 0=0.0%, 4=100.0%, 8=0.0%, 16=0.0%, 32=0.0%, 64=0.0%, >=64=0.0%
     issued rwts: total=32000,0,0,0 short=0,0,0,0 dropped=0,0,0,0
     latency   : target=0, window=0, percentile=100.00%, depth=1

Run status group 0 (all jobs):
   READ: bw=35.8MiB/s (37.5MB/s), 35.8MiB/s-35.8MiB/s (37.5MB/s-37.5MB/s), io=125MiB (131MB), run=3491-3491msec
