create: (g=0): rw=read, bs=(R) 4096B-4096B, (W) 4096B-4096B, (T) 4096B-4096B, ioengine=filecreate, iodepth=1
...
fio-3.41
Starting 44 threads

create: (groupid=0, jobs=44): err= 0: pid=437759: Thu Mar 12 23:46:47 2026
  read: IOPS=31.2k, BW=122MiB/s (128MB/s)(1375MiB/11299msec)
    clat (usec): min=11, max=10238, avg=50.72, stdev=61.98
    clat percentiles (usec):
     |  1.00th=[   15],  5.00th=[   17], 10.00th=[   18], 20.00th=[   20],
     | 30.00th=[   25], 40.00th=[   29], 50.00th=[   35], 60.00th=[   43],
     | 70.00th=[   57], 80.00th=[   76], 90.00th=[  110], 95.00th=[  139],
     | 99.00th=[  194], 99.50th=[  212], 99.90th=[  262], 99.95th=[  281],
     | 99.99th=[ 1434]
   bw (  KiB/s): min=73447, max=508192, per=100.00%, avg=152244.89, stdev=2699.30, samples=709
   iops        : min=18352, max=127048, avg=38060.35, stdev=674.83, samples=709
  cpu          : usr=94.94%, sys=4.79%, ctx=4824, majf=0, minf=0
  IO depths    : 1=100.0%, 2=0.0%, 4=0.0%, 8=0.0%, 16=0.0%, 32=0.0%, >=64=0.0%
     submit    : 0=0.0%, 4=100.0%, 8=0.0%, 16=0.0%, 32=0.0%, 64=0.0%, >=64=0.0%
     complete  : 0=0.0%, 4=100.0%, 8=0.0%, 16=0.0%, 32=0.0%, 64=0.0%, >=64=0.0%
     issued rwts: total=352000,0,0,0 short=0,0,0,0 dropped=0,0,0,0
     latency   : target=0, window=0, percentile=100.00%, depth=1

Run status group 0 (all jobs):
   READ: bw=122MiB/s (128MB/s), 122MiB/s-122MiB/s (128MB/s-128MB/s), io=1375MiB (1442MB), run=11299-11299msec
