create: (g=0): rw=read, bs=(R) 4096B-4096B, (W) 4096B-4096B, (T) 4096B-4096B, ioengine=filecreate, iodepth=1
...
fio-3.41
Starting 48 threads

create: (groupid=0, jobs=48): err= 0: pid=537337: Fri Mar 13 00:35:34 2026
  read: IOPS=33.8k, BW=132MiB/s (138MB/s)(1500MiB/11359msec)
    clat (usec): min=11, max=10345, avg=70.12, stdev=117.01
    clat percentiles (usec):
     |  1.00th=[   15],  5.00th=[   17], 10.00th=[   18], 20.00th=[   23],
     | 30.00th=[   26], 40.00th=[   31], 50.00th=[   40], 60.00th=[   51],
     | 70.00th=[   72], 80.00th=[  105], 90.00th=[  169], 95.00th=[  227],
     | 99.00th=[  326], 99.50th=[  363], 99.90th=[  457], 99.95th=[  545],
     | 99.99th=[ 4228]
   bw (  KiB/s): min=83506, max=556149, per=100.00%, avg=166918.84, stdev=2680.03, samples=776
   iops        : min=20870, max=139033, avg=41728.59, stdev=669.98, samples=776
  cpu          : usr=93.15%, sys=6.46%, ctx=21645, majf=0, minf=0
  IO depths    : 1=100.0%, 2=0.0%, 4=0.0%, 8=0.0%, 16=0.0%, 32=0.0%, >=64=0.0%
     submit    : 0=0.0%, 4=100.0%, 8=0.0%, 16=0.0%, 32=0.0%, 64=0.0%, >=64=0.0%
     complete  : 0=0.0%, 4=100.0%, 8=0.0%, 16=0.0%, 32=0.0%, 64=0.0%, >=64=0.0%
     issued rwts: total=384000,0,0,0 short=0,0,0,0 dropped=0,0,0,0
     latency   : target=0, window=0, percentile=100.00%, depth=1

Run status group 0 (all jobs):
   READ: bw=132MiB/s (138MB/s), 132MiB/s-132MiB/s (138MB/s-138MB/s), io=1500MiB (1573MB), run=11359-11359msec
