create: (g=0): rw=read, bs=(R) 4096B-4096B, (W) 4096B-4096B, (T) 4096B-4096B, ioengine=filecreate, iodepth=1
...
fio-3.41
Starting 56 threads

create: (groupid=0, jobs=56): err= 0: pid=736136: Fri Mar 13 02:12:34 2026
  read: IOPS=33.6k, BW=131MiB/s (138MB/s)(1750MiB/13326msec)
    clat (usec): min=11, max=26644, avg=82.79, stdev=279.43
    clat percentiles (usec):
     |  1.00th=[   16],  5.00th=[   18], 10.00th=[   21], 20.00th=[   27],
     | 30.00th=[   32], 40.00th=[   41], 50.00th=[   52], 60.00th=[   70],
     | 70.00th=[   92], 80.00th=[  124], 90.00th=[  169], 95.00th=[  208],
     | 99.00th=[  285], 99.50th=[  318], 99.90th=[ 1090], 99.95th=[ 5407],
     | 99.99th=[10028]
   bw (  KiB/s): min=87988, max=628518, per=100.00%, avg=177013.04, stdev=2449.27, samples=1081
   iops        : min=21981, max=157128, avg=44250.43, stdev=612.32, samples=1081
  cpu          : usr=93.35%, sys=5.85%, ctx=30122, majf=0, minf=0
  IO depths    : 1=100.0%, 2=0.0%, 4=0.0%, 8=0.0%, 16=0.0%, 32=0.0%, >=64=0.0%
     submit    : 0=0.0%, 4=100.0%, 8=0.0%, 16=0.0%, 32=0.0%, 64=0.0%, >=64=0.0%
     complete  : 0=0.0%, 4=100.0%, 8=0.0%, 16=0.0%, 32=0.0%, 64=0.0%, >=64=0.0%
     issued rwts: total=448000,0,0,0 short=0,0,0,0 dropped=0,0,0,0
     latency   : target=0, window=0, percentile=100.00%, depth=1

Run status group 0 (all jobs):
   READ: bw=131MiB/s (138MB/s), 131MiB/s-131MiB/s (138MB/s-138MB/s), io=1750MiB (1835MB), run=13326-13326msec
