create: (g=0): rw=read, bs=(R) 4096B-4096B, (W) 4096B-4096B, (T) 4096B-4096B, ioengine=filecreate, iodepth=1
...
fio-3.41
Starting 36 threads

create: (groupid=0, jobs=36): err= 0: pid=56762: Thu Mar 12 20:38:43 2026
  read: IOPS=26.8k, BW=105MiB/s (110MB/s)(1125MiB/10730msec)
    clat (usec): min=9, max=2463, avg=39.87, stdev=32.46
    clat percentiles (usec):
     |  1.00th=[   13],  5.00th=[   15], 10.00th=[   16], 20.00th=[   18],
     | 30.00th=[   21], 40.00th=[   25], 50.00th=[   29], 60.00th=[   35],
     | 70.00th=[   43], 80.00th=[   56], 90.00th=[   82], 95.00th=[  108],
     | 99.00th=[  159], 99.50th=[  178], 99.90th=[  225], 99.95th=[  249],
     | 99.99th=[  383]
   bw (  KiB/s): min=65788, max=438478, per=100.00%, avg=131602.68, stdev=3007.96, samples=531
   iops        : min=16437, max=109619, avg=32899.30, stdev=751.99, samples=531
  cpu          : usr=95.62%, sys=4.15%, ctx=3242, majf=0, minf=0
  IO depths    : 1=100.0%, 2=0.0%, 4=0.0%, 8=0.0%, 16=0.0%, 32=0.0%, >=64=0.0%
     submit    : 0=0.0%, 4=100.0%, 8=0.0%, 16=0.0%, 32=0.0%, 64=0.0%, >=64=0.0%
     complete  : 0=0.0%, 4=100.0%, 8=0.0%, 16=0.0%, 32=0.0%, 64=0.0%, >=64=0.0%
     issued rwts: total=288000,0,0,0 short=0,0,0,0 dropped=0,0,0,0
     latency   : target=0, window=0, percentile=100.00%, depth=1

Run status group 0 (all jobs):
   READ: bw=105MiB/s (110MB/s), 105MiB/s-105MiB/s (110MB/s-110MB/s), io=1125MiB (1180MB), run=10730-10730msec
