create: (g=0): rw=read, bs=(R) 4096B-4096B, (W) 4096B-4096B, (T) 4096B-4096B, ioengine=filecreate, iodepth=1
...
fio-3.41
Starting 24 threads

create: (groupid=0, jobs=24): err= 0: pid=879320: Fri Mar 13 03:23:32 2026
  read: IOPS=21.8k, BW=85.1MiB/s (89.2MB/s)(750MiB/8817msec)
    clat (usec): min=17, max=21989, avg=57.87, stdev=222.00
    clat percentiles (usec):
     |  1.00th=[   22],  5.00th=[   24], 10.00th=[   25], 20.00th=[   27],
     | 30.00th=[   29], 40.00th=[   32], 50.00th=[   40], 60.00th=[   49],
     | 70.00th=[   61], 80.00th=[   80], 90.00th=[  110], 95.00th=[  137],
     | 99.00th=[  196], 99.50th=[  221], 99.90th=[  306], 99.95th=[  816],
     | 99.99th=[16057]
   bw (  KiB/s): min=51604, max=279784, per=100.00%, avg=97710.38, stdev=2815.59, samples=305
   iops        : min=12899, max=69943, avg=24426.39, stdev=703.88, samples=305
  cpu          : usr=93.08%, sys=6.32%, ctx=1651, majf=0, minf=0
  IO depths    : 1=100.0%, 2=0.0%, 4=0.0%, 8=0.0%, 16=0.0%, 32=0.0%, >=64=0.0%
     submit    : 0=0.0%, 4=100.0%, 8=0.0%, 16=0.0%, 32=0.0%, 64=0.0%, >=64=0.0%
     complete  : 0=0.0%, 4=100.0%, 8=0.0%, 16=0.0%, 32=0.0%, 64=0.0%, >=64=0.0%
     issued rwts: total=192000,0,0,0 short=0,0,0,0 dropped=0,0,0,0
     latency   : target=0, window=0, percentile=100.00%, depth=1

Run status group 0 (all jobs):
   READ: bw=85.1MiB/s (89.2MB/s), 85.1MiB/s-85.1MiB/s (89.2MB/s-89.2MB/s), io=750MiB (786MB), run=8817-8817msec
