create: (g=0): rw=read, bs=(R) 4096B-4096B, (W) 4096B-4096B, (T) 4096B-4096B, ioengine=filecreate, iodepth=1
...
fio-3.41
Starting 48 threads

create: (groupid=0, jobs=48): err= 0: pid=447211: Thu Mar 12 23:51:30 2026
  read: IOPS=20.2k, BW=78.8MiB/s (82.6MB/s)(1500MiB/19032msec)
    clat (usec): min=19, max=340556, avg=1322.63, stdev=4451.13
    clat percentiles (usec):
     |  1.00th=[    30],  5.00th=[    46], 10.00th=[    76], 20.00th=[   169],
     | 30.00th=[   420], 40.00th=[   775], 50.00th=[  1037], 60.00th=[  1254],
     | 70.00th=[  1500], 80.00th=[  1663], 90.00th=[  1778], 95.00th=[  1876],
     | 99.00th=[ 15139], 99.50th=[ 20055], 99.90th=[ 24773], 99.95th=[ 27657],
     | 99.99th=[337642]
   bw (  KiB/s): min=37840, max=167128, per=100.00%, avg=89524.29, stdev=567.98, samples=1607
   iops        : min= 9460, max=41782, avg=22379.44, stdev=142.01, samples=1607
  cpu          : usr=37.87%, sys=43.86%, ctx=228780, majf=0, minf=0
  IO depths    : 1=100.0%, 2=0.0%, 4=0.0%, 8=0.0%, 16=0.0%, 32=0.0%, >=64=0.0%
     submit    : 0=0.0%, 4=100.0%, 8=0.0%, 16=0.0%, 32=0.0%, 64=0.0%, >=64=0.0%
     complete  : 0=0.0%, 4=100.0%, 8=0.0%, 16=0.0%, 32=0.0%, 64=0.0%, >=64=0.0%
     issued rwts: total=384000,0,0,0 short=0,0,0,0 dropped=0,0,0,0
     latency   : target=0, window=0, percentile=100.00%, depth=1

Run status group 0 (all jobs):
   READ: bw=78.8MiB/s (82.6MB/s), 78.8MiB/s-78.8MiB/s (82.6MB/s-82.6MB/s), io=1500MiB (1573MB), run=19032-19032msec
