create: (g=0): rw=read, bs=(R) 4096B-4096B, (W) 4096B-4096B, (T) 4096B-4096B, ioengine=filecreate, iodepth=1
...
fio-3.41
Starting 28 threads

create: (groupid=0, jobs=28): err= 0: pid=698796: Fri Mar 13 01:54:19 2026
  read: IOPS=22.2k, BW=86.8MiB/s (91.1MB/s)(875MiB/10076msec)
    clat (usec): min=17, max=24813, avg=55.36, stdev=304.12
    clat percentiles (usec):
     |  1.00th=[   21],  5.00th=[   24], 10.00th=[   25], 20.00th=[   28],
     | 30.00th=[   30], 40.00th=[   32], 50.00th=[   40], 60.00th=[   47],
     | 70.00th=[   57], 80.00th=[   71], 90.00th=[   95], 95.00th=[  119],
     | 99.00th=[  172], 99.50th=[  194], 99.90th=[  258], 99.95th=[  515],
     | 99.99th=[23462]
   bw (  KiB/s): min=55436, max=314814, per=100.00%, avg=102532.28, stdev=2578.15, samples=408
   iops        : min=13852, max=78703, avg=25632.17, stdev=644.55, samples=408
  cpu          : usr=94.17%, sys=5.16%, ctx=1365, majf=0, minf=0
  IO depths    : 1=100.0%, 2=0.0%, 4=0.0%, 8=0.0%, 16=0.0%, 32=0.0%, >=64=0.0%
     submit    : 0=0.0%, 4=100.0%, 8=0.0%, 16=0.0%, 32=0.0%, 64=0.0%, >=64=0.0%
     complete  : 0=0.0%, 4=100.0%, 8=0.0%, 16=0.0%, 32=0.0%, 64=0.0%, >=64=0.0%
     issued rwts: total=224000,0,0,0 short=0,0,0,0 dropped=0,0,0,0
     latency   : target=0, window=0, percentile=100.00%, depth=1

Run status group 0 (all jobs):
   READ: bw=86.8MiB/s (91.1MB/s), 86.8MiB/s-86.8MiB/s (91.1MB/s-91.1MB/s), io=875MiB (918MB), run=10076-10076msec
