create: (g=0): rw=read, bs=(R) 4096B-4096B, (W) 4096B-4096B, (T) 4096B-4096B, ioengine=filecreate, iodepth=1
...
fio-3.41
Starting 2 threads

create: (groupid=0, jobs=2): err= 0: pid=667296: Fri Mar 13 01:39:23 2026
  read: IOPS=4933, BW=19.3MiB/s (20.2MB/s)(62.5MiB/3243msec)
    clat (usec): min=9, max=110, avg=16.35, stdev= 5.92
    clat percentiles (usec):
     |  1.00th=[   11],  5.00th=[   12], 10.00th=[   12], 20.00th=[   13],
     | 30.00th=[   14], 40.00th=[   14], 50.00th=[   15], 60.00th=[   16],
     | 70.00th=[   17], 80.00th=[   19], 90.00th=[   23], 95.00th=[   28],
     | 99.00th=[   38], 99.50th=[   43], 99.90th=[   74], 99.95th=[   89],
     | 99.99th=[  111]
   bw (  KiB/s): min=10184, max=27480, per=82.13%, avg=16209.33, stdev=3014.83, samples=12
   iops        : min= 2546, max= 6870, avg=4052.33, stdev=753.71, samples=12
  cpu          : usr=96.34%, sys=3.38%, ctx=381, majf=0, minf=0
  IO depths    : 1=100.0%, 2=0.0%, 4=0.0%, 8=0.0%, 16=0.0%, 32=0.0%, >=64=0.0%
     submit    : 0=0.0%, 4=100.0%, 8=0.0%, 16=0.0%, 32=0.0%, 64=0.0%, >=64=0.0%
     complete  : 0=0.0%, 4=100.0%, 8=0.0%, 16=0.0%, 32=0.0%, 64=0.0%, >=64=0.0%
     issued rwts: total=16000,0,0,0 short=0,0,0,0 dropped=0,0,0,0
     latency   : target=0, window=0, percentile=100.00%, depth=1

Run status group 0 (all jobs):
   READ: bw=19.3MiB/s (20.2MB/s), 19.3MiB/s-19.3MiB/s (20.2MB/s-20.2MB/s), io=62.5MiB (65.5MB), run=3243-3243msec
