create: (g=0): rw=read, bs=(R) 4096B-4096B, (W) 4096B-4096B, (T) 4096B-4096B, ioengine=filecreate, iodepth=1
...
fio-3.41
Starting 36 threads

create: (groupid=0, jobs=36): err= 0: pid=894487: Fri Mar 13 03:31:04 2026
  read: IOPS=27.8k, BW=109MiB/s (114MB/s)(1125MiB/10368msec)
    clat (usec): min=18, max=20449, avg=172.06, stdev=348.36
    clat percentiles (usec):
     |  1.00th=[   25],  5.00th=[   27], 10.00th=[   30], 20.00th=[   41],
     | 30.00th=[   56], 40.00th=[   78], 50.00th=[  110], 60.00th=[  153],
     | 70.00th=[  208], 80.00th=[  289], 90.00th=[  412], 95.00th=[  469],
     | 99.00th=[  553], 99.50th=[  578], 99.90th=[  775], 99.95th=[ 6980],
     | 99.99th=[17695]
   bw (  KiB/s): min=64156, max=336039, per=100.00%, avg=125286.29, stdev=2113.60, samples=605
   iops        : min=16035, max=84009, avg=31321.19, stdev=528.40, samples=605
  cpu          : usr=84.13%, sys=14.95%, ctx=12648, majf=0, minf=0
  IO depths    : 1=100.0%, 2=0.0%, 4=0.0%, 8=0.0%, 16=0.0%, 32=0.0%, >=64=0.0%
     submit    : 0=0.0%, 4=100.0%, 8=0.0%, 16=0.0%, 32=0.0%, 64=0.0%, >=64=0.0%
     complete  : 0=0.0%, 4=100.0%, 8=0.0%, 16=0.0%, 32=0.0%, 64=0.0%, >=64=0.0%
     issued rwts: total=288000,0,0,0 short=0,0,0,0 dropped=0,0,0,0
     latency   : target=0, window=0, percentile=100.00%, depth=1

Run status group 0 (all jobs):
   READ: bw=109MiB/s (114MB/s), 109MiB/s-109MiB/s (114MB/s-114MB/s), io=1125MiB (1180MB), run=10368-10368msec
