create: (g=0): rw=read, bs=(R) 4096B-4096B, (W) 4096B-4096B, (T) 4096B-4096B, ioengine=filecreate, iodepth=1
...
fio-3.41
Starting 52 threads

create: (groupid=0, jobs=52): err= 0: pid=636966: Fri Mar 13 01:24:48 2026
  read: IOPS=27.5k, BW=107MiB/s (113MB/s)(1625MiB/15117msec)
    clat (usec): min=19, max=70873, avg=762.47, stdev=1443.33
    clat percentiles (usec):
     |  1.00th=[   30],  5.00th=[   50], 10.00th=[   88], 20.00th=[  202],
     | 30.00th=[  363], 40.00th=[  562], 50.00th=[  717], 60.00th=[  881],
     | 70.00th=[ 1029], 80.00th=[ 1139], 90.00th=[ 1254], 95.00th=[ 1336],
     | 99.00th=[ 1500], 99.50th=[ 7308], 99.90th=[11207], 99.95th=[11994],
     | 99.99th=[67634]
   bw (  KiB/s): min=83005, max=246789, per=100.00%, avg=125749.08, stdev=828.75, samples=1337
   iops        : min=20737, max=61693, avg=31436.11, stdev=207.17, samples=1337
  cpu          : usr=54.00%, sys=41.44%, ctx=227287, majf=0, minf=0
  IO depths    : 1=100.0%, 2=0.0%, 4=0.0%, 8=0.0%, 16=0.0%, 32=0.0%, >=64=0.0%
     submit    : 0=0.0%, 4=100.0%, 8=0.0%, 16=0.0%, 32=0.0%, 64=0.0%, >=64=0.0%
     complete  : 0=0.0%, 4=100.0%, 8=0.0%, 16=0.0%, 32=0.0%, 64=0.0%, >=64=0.0%
     issued rwts: total=416000,0,0,0 short=0,0,0,0 dropped=0,0,0,0
     latency   : target=0, window=0, percentile=100.00%, depth=1

Run status group 0 (all jobs):
   READ: bw=107MiB/s (113MB/s), 107MiB/s-107MiB/s (113MB/s-113MB/s), io=1625MiB (1704MB), run=15117-15117msec
