create: (g=0): rw=read, bs=(R) 4096B-4096B, (W) 4096B-4096B, (T) 4096B-4096B, ioengine=filecreate, iodepth=1
...
fio-3.41
Starting 16 threads

create: (groupid=0, jobs=16): err= 0: pid=124369: Thu Mar 12 21:11:47 2026
  read: IOPS=20.0k, BW=78.2MiB/s (82.0MB/s)(500MiB/6396msec)
    clat (usec): min=17, max=15540, avg=41.27, stdev=150.08
    clat percentiles (usec):
     |  1.00th=[   20],  5.00th=[   23], 10.00th=[   23], 20.00th=[   24],
     | 30.00th=[   25], 40.00th=[   26], 50.00th=[   30], 60.00th=[   36],
     | 70.00th=[   43], 80.00th=[   53], 90.00th=[   72], 95.00th=[   88],
     | 99.00th=[  124], 99.50th=[  139], 99.90th=[  182], 99.95th=[  217],
     | 99.99th=[ 3523]
   bw (  KiB/s): min=51313, max=208780, per=100.00%, avg=87240.03, stdev=3030.94, samples=156
   iops        : min=12825, max=52193, avg=21809.36, stdev=757.71, samples=156
  cpu          : usr=93.55%, sys=5.98%, ctx=1526, majf=0, minf=0
  IO depths    : 1=100.0%, 2=0.0%, 4=0.0%, 8=0.0%, 16=0.0%, 32=0.0%, >=64=0.0%
     submit    : 0=0.0%, 4=100.0%, 8=0.0%, 16=0.0%, 32=0.0%, 64=0.0%, >=64=0.0%
     complete  : 0=0.0%, 4=100.0%, 8=0.0%, 16=0.0%, 32=0.0%, 64=0.0%, >=64=0.0%
     issued rwts: total=128000,0,0,0 short=0,0,0,0 dropped=0,0,0,0
     latency   : target=0, window=0, percentile=100.00%, depth=1

Run status group 0 (all jobs):
   READ: bw=78.2MiB/s (82.0MB/s), 78.2MiB/s-78.2MiB/s (82.0MB/s-82.0MB/s), io=500MiB (524MB), run=6396-6396msec
