create: (g=0): rw=read, bs=(R) 4096B-4096B, (W) 4096B-4096B, (T) 4096B-4096B, ioengine=filecreate, iodepth=1
...
fio-3.41
Starting 8 threads

create: (groupid=0, jobs=8): err= 0: pid=672352: Fri Mar 13 01:42:04 2026
  read: IOPS=11.5k, BW=44.8MiB/s (46.9MB/s)(250MiB/5585msec)
    clat (usec): min=11, max=2352, avg=19.79, stdev=25.25
    clat percentiles (usec):
     |  1.00th=[   13],  5.00th=[   14], 10.00th=[   15], 20.00th=[   16],
     | 30.00th=[   16], 40.00th=[   17], 50.00th=[   18], 60.00th=[   18],
     | 70.00th=[   20], 80.00th=[   22], 90.00th=[   28], 95.00th=[   32],
     | 99.00th=[   59], 99.50th=[   67], 99.90th=[   87], 99.95th=[  111],
     | 99.99th=[ 1532]
   bw (  KiB/s): min=44784, max=119848, per=100.00%, avg=66209.78, stdev=3319.93, samples=55
   iops        : min=11194, max=29962, avg=16551.55, stdev=830.04, samples=55
  cpu          : usr=96.06%, sys=3.66%, ctx=273, majf=0, minf=0
  IO depths    : 1=100.0%, 2=0.0%, 4=0.0%, 8=0.0%, 16=0.0%, 32=0.0%, >=64=0.0%
     submit    : 0=0.0%, 4=100.0%, 8=0.0%, 16=0.0%, 32=0.0%, 64=0.0%, >=64=0.0%
     complete  : 0=0.0%, 4=100.0%, 8=0.0%, 16=0.0%, 32=0.0%, 64=0.0%, >=64=0.0%
     issued rwts: total=64000,0,0,0 short=0,0,0,0 dropped=0,0,0,0
     latency   : target=0, window=0, percentile=100.00%, depth=1

Run status group 0 (all jobs):
   READ: bw=44.8MiB/s (46.9MB/s), 44.8MiB/s-44.8MiB/s (46.9MB/s-46.9MB/s), io=250MiB (262MB), run=5585-5585msec
