create: (g=0): rw=read, bs=(R) 4096B-4096B, (W) 4096B-4096B, (T) 4096B-4096B, ioengine=filecreate, iodepth=1
...
fio-3.41
Starting 32 threads

create: (groupid=0, jobs=32): err= 0: pid=50496: Thu Mar 12 20:35:38 2026
  read: IOPS=29.3k, BW=115MiB/s (120MB/s)(1000MiB/8732msec)
    clat (usec): min=18, max=17296, avg=196.13, stdev=425.38
    clat percentiles (usec):
     |  1.00th=[   24],  5.00th=[   26], 10.00th=[   29], 20.00th=[   35],
     | 30.00th=[   49], 40.00th=[   71], 50.00th=[  111], 60.00th=[  208],
     | 70.00th=[  293], 80.00th=[  355], 90.00th=[  412], 95.00th=[  453],
     | 99.00th=[  529], 99.50th=[  553], 99.90th=[10159], 99.95th=[10421],
     | 99.99th=[16188]
   bw (  KiB/s): min=69117, max=326277, per=100.00%, avg=135496.05, stdev=2397.41, samples=463
   iops        : min=17274, max=81569, avg=33872.33, stdev=599.36, samples=463
  cpu          : usr=79.17%, sys=19.13%, ctx=63025, majf=0, minf=0
  IO depths    : 1=100.0%, 2=0.0%, 4=0.0%, 8=0.0%, 16=0.0%, 32=0.0%, >=64=0.0%
     submit    : 0=0.0%, 4=100.0%, 8=0.0%, 16=0.0%, 32=0.0%, 64=0.0%, >=64=0.0%
     complete  : 0=0.0%, 4=100.0%, 8=0.0%, 16=0.0%, 32=0.0%, 64=0.0%, >=64=0.0%
     issued rwts: total=256000,0,0,0 short=0,0,0,0 dropped=0,0,0,0
     latency   : target=0, window=0, percentile=100.00%, depth=1

Run status group 0 (all jobs):
   READ: bw=115MiB/s (120MB/s), 115MiB/s-115MiB/s (120MB/s-120MB/s), io=1000MiB (1049MB), run=8732-8732msec
