create: (g=0): rw=read, bs=(R) 4096B-4096B, (W) 4096B-4096B, (T) 4096B-4096B, ioengine=filecreate, iodepth=1
...
fio-3.41
Starting 28 threads

create: (groupid=0, jobs=28): err= 0: pid=699839: Fri Mar 13 01:54:50 2026
  read: IOPS=25.0k, BW=97.5MiB/s (102MB/s)(875MiB/8975msec)
    clat (usec): min=9, max=846, avg=28.22, stdev=19.03
    clat percentiles (usec):
     |  1.00th=[   13],  5.00th=[   14], 10.00th=[   15], 20.00th=[   17],
     | 30.00th=[   18], 40.00th=[   20], 50.00th=[   23], 60.00th=[   26],
     | 70.00th=[   30], 80.00th=[   36], 90.00th=[   48], 95.00th=[   63],
     | 99.00th=[  112], 99.50th=[  131], 99.90th=[  167], 99.95th=[  184],
     | 99.99th=[  237]
   bw (  KiB/s): min=70447, max=315063, per=100.00%, avg=123992.55, stdev=2452.12, samples=341
   iops        : min=17609, max=78760, avg=30996.85, stdev=612.99, samples=341
  cpu          : usr=96.28%, sys=3.51%, ctx=1401, majf=0, minf=0
  IO depths    : 1=100.0%, 2=0.0%, 4=0.0%, 8=0.0%, 16=0.0%, 32=0.0%, >=64=0.0%
     submit    : 0=0.0%, 4=100.0%, 8=0.0%, 16=0.0%, 32=0.0%, 64=0.0%, >=64=0.0%
     complete  : 0=0.0%, 4=100.0%, 8=0.0%, 16=0.0%, 32=0.0%, 64=0.0%, >=64=0.0%
     issued rwts: total=224000,0,0,0 short=0,0,0,0 dropped=0,0,0,0
     latency   : target=0, window=0, percentile=100.00%, depth=1

Run status group 0 (all jobs):
   READ: bw=97.5MiB/s (102MB/s), 97.5MiB/s-97.5MiB/s (102MB/s-102MB/s), io=875MiB (918MB), run=8975-8975msec
