create: (g=0): rw=read, bs=(R) 4096B-4096B, (W) 4096B-4096B, (T) 4096B-4096B, ioengine=filecreate, iodepth=1
...
fio-3.41
Starting 28 threads

create: (groupid=0, jobs=28): err= 0: pid=508308: Fri Mar 13 00:21:41 2026
  read: IOPS=23.2k, BW=90.7MiB/s (95.1MB/s)(875MiB/9651msec)
    clat (usec): min=11, max=5243, avg=26.59, stdev=68.23
    clat percentiles (usec):
     |  1.00th=[   15],  5.00th=[   16], 10.00th=[   17], 20.00th=[   18],
     | 30.00th=[   19], 40.00th=[   20], 50.00th=[   20], 60.00th=[   22],
     | 70.00th=[   26], 80.00th=[   31], 90.00th=[   40], 95.00th=[   50],
     | 99.00th=[   78], 99.50th=[   89], 99.90th=[  147], 99.95th=[ 1106],
     | 99.99th=[ 3884]
   bw (  KiB/s): min=56919, max=310280, per=100.00%, avg=103005.56, stdev=2528.84, samples=405
   iops        : min=14220, max=77568, avg=25750.31, stdev=632.21, samples=405
  cpu          : usr=97.14%, sys=2.51%, ctx=2279, majf=0, minf=0
  IO depths    : 1=100.0%, 2=0.0%, 4=0.0%, 8=0.0%, 16=0.0%, 32=0.0%, >=64=0.0%
     submit    : 0=0.0%, 4=100.0%, 8=0.0%, 16=0.0%, 32=0.0%, 64=0.0%, >=64=0.0%
     complete  : 0=0.0%, 4=100.0%, 8=0.0%, 16=0.0%, 32=0.0%, 64=0.0%, >=64=0.0%
     issued rwts: total=224000,0,0,0 short=0,0,0,0 dropped=0,0,0,0
     latency   : target=0, window=0, percentile=100.00%, depth=1

Run status group 0 (all jobs):
   READ: bw=90.7MiB/s (95.1MB/s), 90.7MiB/s-90.7MiB/s (95.1MB/s-95.1MB/s), io=875MiB (918MB), run=9651-9651msec
