create: (g=0): rw=read, bs=(R) 4096B-4096B, (W) 4096B-4096B, (T) 4096B-4096B, ioengine=filecreate, iodepth=1
...
fio-3.41
Starting 8 threads

create: (groupid=0, jobs=8): err= 0: pid=579807: Fri Mar 13 00:56:21 2026
  read: IOPS=10.8k, BW=42.3MiB/s (44.4MB/s)(250MiB/5907msec)
    clat (usec): min=10, max=1650, avg=19.40, stdev=22.52
    clat percentiles (usec):
     |  1.00th=[   13],  5.00th=[   14], 10.00th=[   15], 20.00th=[   16],
     | 30.00th=[   16], 40.00th=[   17], 50.00th=[   18], 60.00th=[   18],
     | 70.00th=[   19], 80.00th=[   21], 90.00th=[   26], 95.00th=[   31],
     | 99.00th=[   59], 99.50th=[   67], 99.90th=[   84], 99.95th=[  109],
     | 99.99th=[ 1205]
   bw (  KiB/s): min=45488, max=131167, per=100.00%, avg=68547.97, stdev=3714.98, samples=57
   iops        : min=11372, max=32791, avg=17136.77, stdev=928.70, samples=57
  cpu          : usr=95.60%, sys=4.12%, ctx=291, majf=0, minf=0
  IO depths    : 1=100.0%, 2=0.0%, 4=0.0%, 8=0.0%, 16=0.0%, 32=0.0%, >=64=0.0%
     submit    : 0=0.0%, 4=100.0%, 8=0.0%, 16=0.0%, 32=0.0%, 64=0.0%, >=64=0.0%
     complete  : 0=0.0%, 4=100.0%, 8=0.0%, 16=0.0%, 32=0.0%, 64=0.0%, >=64=0.0%
     issued rwts: total=64000,0,0,0 short=0,0,0,0 dropped=0,0,0,0
     latency   : target=0, window=0, percentile=100.00%, depth=1

Run status group 0 (all jobs):
   READ: bw=42.3MiB/s (44.4MB/s), 42.3MiB/s-42.3MiB/s (44.4MB/s-44.4MB/s), io=250MiB (262MB), run=5907-5907msec
