create: (g=0): rw=read, bs=(R) 4096B-4096B, (W) 4096B-4096B, (T) 4096B-4096B, ioengine=filecreate, iodepth=1
...
fio-3.41
Starting 60 threads

create: (groupid=0, jobs=60): err= 0: pid=651927: Fri Mar 13 01:31:54 2026
  read: IOPS=33.9k, BW=132MiB/s (139MB/s)(1875MiB/14165msec)
    clat (usec): min=9, max=11153, avg=255.05, stdev=460.21
    clat percentiles (usec):
     |  1.00th=[   18],  5.00th=[   25], 10.00th=[   29], 20.00th=[   43],
     | 30.00th=[   67], 40.00th=[  113], 50.00th=[  188], 60.00th=[  281],
     | 70.00th=[  367], 80.00th=[  441], 90.00th=[  515], 95.00th=[  570],
     | 99.00th=[  660], 99.50th=[  701], 99.90th=[10028], 99.95th=[10290],
     | 99.99th=[10683]
   bw (  KiB/s): min=73455, max=454367, per=100.00%, avg=151622.63, stdev=1655.44, samples=1418
   iops        : min=18349, max=113587, avg=37903.54, stdev=413.86, samples=1418
  cpu          : usr=83.02%, sys=15.39%, ctx=169130, majf=0, minf=0
  IO depths    : 1=100.0%, 2=0.0%, 4=0.0%, 8=0.0%, 16=0.0%, 32=0.0%, >=64=0.0%
     submit    : 0=0.0%, 4=100.0%, 8=0.0%, 16=0.0%, 32=0.0%, 64=0.0%, >=64=0.0%
     complete  : 0=0.0%, 4=100.0%, 8=0.0%, 16=0.0%, 32=0.0%, 64=0.0%, >=64=0.0%
     issued rwts: total=480000,0,0,0 short=0,0,0,0 dropped=0,0,0,0
     latency   : target=0, window=0, percentile=100.00%, depth=1

Run status group 0 (all jobs):
   READ: bw=132MiB/s (139MB/s), 132MiB/s-132MiB/s (139MB/s-139MB/s), io=1875MiB (1966MB), run=14165-14165msec
