create: (g=0): rw=read, bs=(R) 4096B-4096B, (W) 4096B-4096B, (T) 4096B-4096B, ioengine=filecreate, iodepth=1
...
fio-3.41
Starting 48 threads

create: (groupid=0, jobs=48): err= 0: pid=911391: Fri Mar 13 03:39:21 2026
  read: IOPS=27.9k, BW=109MiB/s (114MB/s)(1500MiB/13752msec)
    clat (usec): min=17, max=81125, avg=709.97, stdev=1475.91
    clat percentiles (usec):
     |  1.00th=[   29],  5.00th=[   46], 10.00th=[   75], 20.00th=[  153],
     | 30.00th=[  273], 40.00th=[  441], 50.00th=[  627], 60.00th=[  799],
     | 70.00th=[  963], 80.00th=[ 1057], 90.00th=[ 1156], 95.00th=[ 1237],
     | 99.00th=[ 1450], 99.50th=[10159], 99.90th=[12125], 99.95th=[18220],
     | 99.99th=[72877]
   bw (  KiB/s): min=77298, max=266802, per=100.00%, avg=123049.56, stdev=1025.70, samples=1161
   iops        : min=19310, max=66699, avg=30759.39, stdev=256.45, samples=1161
  cpu          : usr=54.18%, sys=39.68%, ctx=214084, majf=0, minf=0
  IO depths    : 1=100.0%, 2=0.0%, 4=0.0%, 8=0.0%, 16=0.0%, 32=0.0%, >=64=0.0%
     submit    : 0=0.0%, 4=100.0%, 8=0.0%, 16=0.0%, 32=0.0%, 64=0.0%, >=64=0.0%
     complete  : 0=0.0%, 4=100.0%, 8=0.0%, 16=0.0%, 32=0.0%, 64=0.0%, >=64=0.0%
     issued rwts: total=384000,0,0,0 short=0,0,0,0 dropped=0,0,0,0
     latency   : target=0, window=0, percentile=100.00%, depth=1

Run status group 0 (all jobs):
   READ: bw=109MiB/s (114MB/s), 109MiB/s-109MiB/s (114MB/s-114MB/s), io=1500MiB (1573MB), run=13752-13752msec
