create: (g=0): rw=read, bs=(R) 4096B-4096B, (W) 4096B-4096B, (T) 4096B-4096B, ioengine=filecreate, iodepth=1
...
fio-3.41
Starting 44 threads

create: (groupid=0, jobs=44): err= 0: pid=811413: Fri Mar 13 02:50:00 2026
  read: IOPS=33.5k, BW=131MiB/s (137MB/s)(1375MiB/10515msec)
    clat (usec): min=11, max=1032, avg=42.60, stdev=31.41
    clat percentiles (usec):
     |  1.00th=[   15],  5.00th=[   17], 10.00th=[   18], 20.00th=[   21],
     | 30.00th=[   24], 40.00th=[   28], 50.00th=[   32], 60.00th=[   39],
     | 70.00th=[   47], 80.00th=[   60], 90.00th=[   83], 95.00th=[  106],
     | 99.00th=[  161], 99.50th=[  184], 99.90th=[  233], 99.95th=[  253],
     | 99.99th=[  338]
   bw (  KiB/s): min=78572, max=528064, per=100.00%, avg=157989.23, stdev=2800.12, samples=675
   iops        : min=19636, max=132011, avg=39494.07, stdev=700.01, samples=675
  cpu          : usr=95.75%, sys=4.01%, ctx=1918, majf=0, minf=0
  IO depths    : 1=100.0%, 2=0.0%, 4=0.0%, 8=0.0%, 16=0.0%, 32=0.0%, >=64=0.0%
     submit    : 0=0.0%, 4=100.0%, 8=0.0%, 16=0.0%, 32=0.0%, 64=0.0%, >=64=0.0%
     complete  : 0=0.0%, 4=100.0%, 8=0.0%, 16=0.0%, 32=0.0%, 64=0.0%, >=64=0.0%
     issued rwts: total=352000,0,0,0 short=0,0,0,0 dropped=0,0,0,0
     latency   : target=0, window=0, percentile=100.00%, depth=1

Run status group 0 (all jobs):
   READ: bw=131MiB/s (137MB/s), 131MiB/s-131MiB/s (137MB/s-137MB/s), io=1375MiB (1442MB), run=10515-10515msec
