create: (g=0): rw=read, bs=(R) 4096B-4096B, (W) 4096B-4096B, (T) 4096B-4096B, ioengine=filecreate, iodepth=1
...
fio-3.41
Starting 36 threads

create: (groupid=0, jobs=36): err= 0: pid=709044: Fri Mar 13 01:59:24 2026
  read: IOPS=26.9k, BW=105MiB/s (110MB/s)(1125MiB/10711msec)
    clat (usec): min=18, max=25322, avg=258.27, stdev=491.01
    clat percentiles (usec):
     |  1.00th=[   23],  5.00th=[   26], 10.00th=[   30], 20.00th=[   39],
     | 30.00th=[   55], 40.00th=[   82], 50.00th=[  135], 60.00th=[  260],
     | 70.00th=[  408], 80.00th=[  490], 90.00th=[  562], 95.00th=[  611],
     | 99.00th=[  701], 99.50th=[  750], 99.90th=[ 7570], 99.95th=[10421],
     | 99.99th=[17171]
   bw (  KiB/s): min=64689, max=294327, per=100.00%, avg=124524.51, stdev=1906.26, samples=608
   iops        : min=16166, max=73581, avg=31130.40, stdev=476.57, samples=608
  cpu          : usr=76.31%, sys=21.77%, ctx=53860, majf=0, minf=0
  IO depths    : 1=100.0%, 2=0.0%, 4=0.0%, 8=0.0%, 16=0.0%, 32=0.0%, >=64=0.0%
     submit    : 0=0.0%, 4=100.0%, 8=0.0%, 16=0.0%, 32=0.0%, 64=0.0%, >=64=0.0%
     complete  : 0=0.0%, 4=100.0%, 8=0.0%, 16=0.0%, 32=0.0%, 64=0.0%, >=64=0.0%
     issued rwts: total=288000,0,0,0 short=0,0,0,0 dropped=0,0,0,0
     latency   : target=0, window=0, percentile=100.00%, depth=1

Run status group 0 (all jobs):
   READ: bw=105MiB/s (110MB/s), 105MiB/s-105MiB/s (110MB/s-110MB/s), io=1125MiB (1180MB), run=10711-10711msec
