create: (g=0): rw=read, bs=(R) 4096B-4096B, (W) 4096B-4096B, (T) 4096B-4096B, ioengine=filecreate, iodepth=1
...
fio-3.41
Starting 64 threads

create: (groupid=0, jobs=64): err= 0: pid=843977: Fri Mar 13 03:05:36 2026
  read: IOPS=32.8k, BW=128MiB/s (134MB/s)(2000MiB/15610msec)
    clat (usec): min=11, max=11187, avg=242.34, stdev=438.94
    clat percentiles (usec):
     |  1.00th=[   15],  5.00th=[   23], 10.00th=[   26], 20.00th=[   29],
     | 30.00th=[   40], 40.00th=[   58], 50.00th=[  111], 60.00th=[  251],
     | 70.00th=[  383], 80.00th=[  478], 90.00th=[  553], 95.00th=[  611],
     | 99.00th=[  701], 99.50th=[  750], 99.90th=[ 9896], 99.95th=[10421],
     | 99.99th=[10814]
   bw (  KiB/s): min=75255, max=439919, per=100.00%, avg=147667.03, stdev=1495.45, samples=1623
   iops        : min=18798, max=109978, avg=36915.06, stdev=373.87, samples=1623
  cpu          : usr=84.84%, sys=13.64%, ctx=199908, majf=0, minf=0
  IO depths    : 1=100.0%, 2=0.0%, 4=0.0%, 8=0.0%, 16=0.0%, 32=0.0%, >=64=0.0%
     submit    : 0=0.0%, 4=100.0%, 8=0.0%, 16=0.0%, 32=0.0%, 64=0.0%, >=64=0.0%
     complete  : 0=0.0%, 4=100.0%, 8=0.0%, 16=0.0%, 32=0.0%, 64=0.0%, >=64=0.0%
     issued rwts: total=512000,0,0,0 short=0,0,0,0 dropped=0,0,0,0
     latency   : target=0, window=0, percentile=100.00%, depth=1

Run status group 0 (all jobs):
   READ: bw=128MiB/s (134MB/s), 128MiB/s-128MiB/s (134MB/s-134MB/s), io=2000MiB (2097MB), run=15610-15610msec
