create: (g=0): rw=read, bs=(R) 4096B-4096B, (W) 4096B-4096B, (T) 4096B-4096B, ioengine=filecreate, iodepth=1
...
fio-3.41
Starting 20 threads

create: (groupid=0, jobs=20): err= 0: pid=128732: Thu Mar 12 21:14:02 2026
  read: IOPS=19.4k, BW=75.8MiB/s (79.5MB/s)(625MiB/8245msec)
    clat (usec): min=17, max=21664, avg=45.43, stdev=221.45
    clat percentiles (usec):
     |  1.00th=[   20],  5.00th=[   23], 10.00th=[   24], 20.00th=[   25],
     | 30.00th=[   27], 40.00th=[   29], 50.00th=[   32], 60.00th=[   39],
     | 70.00th=[   46], 80.00th=[   58], 90.00th=[   78], 95.00th=[   97],
     | 99.00th=[  143], 99.50th=[  163], 99.90th=[  223], 99.95th=[  310],
     | 99.99th=[20579]
   bw (  KiB/s): min=46089, max=254088, per=100.00%, avg=87618.25, stdev=3161.26, samples=238
   iops        : min=11521, max=63522, avg=21904.21, stdev=790.32, samples=238
  cpu          : usr=94.17%, sys=5.27%, ctx=1747, majf=0, minf=0
  IO depths    : 1=100.0%, 2=0.0%, 4=0.0%, 8=0.0%, 16=0.0%, 32=0.0%, >=64=0.0%
     submit    : 0=0.0%, 4=100.0%, 8=0.0%, 16=0.0%, 32=0.0%, 64=0.0%, >=64=0.0%
     complete  : 0=0.0%, 4=100.0%, 8=0.0%, 16=0.0%, 32=0.0%, 64=0.0%, >=64=0.0%
     issued rwts: total=160000,0,0,0 short=0,0,0,0 dropped=0,0,0,0
     latency   : target=0, window=0, percentile=100.00%, depth=1

Run status group 0 (all jobs):
   READ: bw=75.8MiB/s (79.5MB/s), 75.8MiB/s-75.8MiB/s (79.5MB/s-79.5MB/s), io=625MiB (655MB), run=8245-8245msec
