create: (g=0): rw=read, bs=(R) 4096B-4096B, (W) 4096B-4096B, (T) 4096B-4096B, ioengine=filecreate, iodepth=1
...
fio-3.41
Starting 32 threads

create: (groupid=0, jobs=32): err= 0: pid=237821: Thu Mar 12 22:07:52 2026
  read: IOPS=29.2k, BW=114MiB/s (120MB/s)(1000MiB/8766msec)
    clat (usec): min=9, max=2178, avg=31.82, stdev=22.54
    clat percentiles (usec):
     |  1.00th=[   13],  5.00th=[   15], 10.00th=[   16], 20.00th=[   18],
     | 30.00th=[   19], 40.00th=[   22], 50.00th=[   25], 60.00th=[   29],
     | 70.00th=[   34], 80.00th=[   42], 90.00th=[   58], 95.00th=[   78],
     | 99.00th=[  121], 99.50th=[  139], 99.90th=[  176], 99.95th=[  192],
     | 99.99th=[  241]
   bw (  KiB/s): min=73700, max=376653, per=100.00%, avg=133997.11, stdev=2762.45, samples=413
   iops        : min=18415, max=94161, avg=33498.25, stdev=690.61, samples=413
  cpu          : usr=96.21%, sys=3.58%, ctx=2404, majf=0, minf=0
  IO depths    : 1=100.0%, 2=0.0%, 4=0.0%, 8=0.0%, 16=0.0%, 32=0.0%, >=64=0.0%
     submit    : 0=0.0%, 4=100.0%, 8=0.0%, 16=0.0%, 32=0.0%, 64=0.0%, >=64=0.0%
     complete  : 0=0.0%, 4=100.0%, 8=0.0%, 16=0.0%, 32=0.0%, 64=0.0%, >=64=0.0%
     issued rwts: total=256000,0,0,0 short=0,0,0,0 dropped=0,0,0,0
     latency   : target=0, window=0, percentile=100.00%, depth=1

Run status group 0 (all jobs):
   READ: bw=114MiB/s (120MB/s), 114MiB/s-114MiB/s (120MB/s-120MB/s), io=1000MiB (1049MB), run=8766-8766msec
