create: (g=0): rw=read, bs=(R) 4096B-4096B, (W) 4096B-4096B, (T) 4096B-4096B, ioengine=filecreate, iodepth=1
...
fio-3.41
Starting 60 threads

create: (groupid=0, jobs=60): err= 0: pid=928348: Fri Mar 13 03:47:29 2026
  read: IOPS=33.5k, BW=131MiB/s (137MB/s)(1875MiB/14326msec)
    clat (usec): min=12, max=35036, avg=110.36, stdev=363.05
    clat percentiles (usec):
     |  1.00th=[   16],  5.00th=[   22], 10.00th=[   26], 20.00th=[   30],
     | 30.00th=[   38], 40.00th=[   49], 50.00th=[   64], 60.00th=[   85],
     | 70.00th=[  114], 80.00th=[  155], 90.00th=[  233], 95.00th=[  314],
     | 99.00th=[  437], 99.50th=[  482], 99.90th=[ 4752], 99.95th=[ 8455],
     | 99.99th=[11076]
   bw (  KiB/s): min=77447, max=581912, per=100.00%, avg=156899.97, stdev=2075.29, samples=1306
   iops        : min=19346, max=145475, avg=39222.86, stdev=518.82, samples=1306
  cpu          : usr=92.07%, sys=6.86%, ctx=53424, majf=0, minf=0
  IO depths    : 1=100.0%, 2=0.0%, 4=0.0%, 8=0.0%, 16=0.0%, 32=0.0%, >=64=0.0%
     submit    : 0=0.0%, 4=100.0%, 8=0.0%, 16=0.0%, 32=0.0%, 64=0.0%, >=64=0.0%
     complete  : 0=0.0%, 4=100.0%, 8=0.0%, 16=0.0%, 32=0.0%, 64=0.0%, >=64=0.0%
     issued rwts: total=480000,0,0,0 short=0,0,0,0 dropped=0,0,0,0
     latency   : target=0, window=0, percentile=100.00%, depth=1

Run status group 0 (all jobs):
   READ: bw=131MiB/s (137MB/s), 131MiB/s-131MiB/s (137MB/s-137MB/s), io=1875MiB (1966MB), run=14326-14326msec
