create: (g=0): rw=read, bs=(R) 4096B-4096B, (W) 4096B-4096B, (T) 4096B-4096B, ioengine=filecreate, iodepth=1
...
fio-3.41
Starting 32 threads

create: (groupid=0, jobs=32): err= 0: pid=795294: Fri Mar 13 02:42:04 2026
  read: IOPS=27.9k, BW=109MiB/s (114MB/s)(1000MiB/9181msec)
    clat (usec): min=11, max=725, avg=28.82, stdev=18.84
    clat percentiles (usec):
     |  1.00th=[   14],  5.00th=[   16], 10.00th=[   16], 20.00th=[   17],
     | 30.00th=[   18], 40.00th=[   19], 50.00th=[   21], 60.00th=[   26],
     | 70.00th=[   31], 80.00th=[   38], 90.00th=[   52], 95.00th=[   69],
     | 99.00th=[  101], 99.50th=[  116], 99.90th=[  149], 99.95th=[  163],
     | 99.99th=[  223]
   bw (  KiB/s): min=86379, max=448009, per=100.00%, avg=165301.15, stdev=3439.16, samples=357
   iops        : min=21583, max=111999, avg=41322.37, stdev=859.80, samples=357
  cpu          : usr=95.95%, sys=3.85%, ctx=1262, majf=0, minf=0
  IO depths    : 1=100.0%, 2=0.0%, 4=0.0%, 8=0.0%, 16=0.0%, 32=0.0%, >=64=0.0%
     submit    : 0=0.0%, 4=100.0%, 8=0.0%, 16=0.0%, 32=0.0%, 64=0.0%, >=64=0.0%
     complete  : 0=0.0%, 4=100.0%, 8=0.0%, 16=0.0%, 32=0.0%, 64=0.0%, >=64=0.0%
     issued rwts: total=256000,0,0,0 short=0,0,0,0 dropped=0,0,0,0
     latency   : target=0, window=0, percentile=100.00%, depth=1

Run status group 0 (all jobs):
   READ: bw=109MiB/s (114MB/s), 109MiB/s-109MiB/s (114MB/s-114MB/s), io=1000MiB (1049MB), run=9181-9181msec
