create: (g=0): rw=read, bs=(R) 4096B-4096B, (W) 4096B-4096B, (T) 4096B-4096B, ioengine=filecreate, iodepth=1
...
fio-3.41
Starting 28 threads

create: (groupid=0, jobs=28): err= 0: pid=43407: Thu Mar 12 20:32:11 2026
  read: IOPS=23.6k, BW=92.3MiB/s (96.8MB/s)(875MiB/9480msec)
    clat (usec): min=12, max=6973, avg=26.44, stdev=74.84
    clat percentiles (usec):
     |  1.00th=[   15],  5.00th=[   16], 10.00th=[   17], 20.00th=[   18],
     | 30.00th=[   19], 40.00th=[   20], 50.00th=[   20], 60.00th=[   22],
     | 70.00th=[   26], 80.00th=[   32], 90.00th=[   40], 95.00th=[   50],
     | 99.00th=[   78], 99.50th=[   89], 99.90th=[  118], 99.95th=[  783],
     | 99.99th=[ 4555]
   bw (  KiB/s): min=61888, max=342427, per=100.00%, avg=113935.82, stdev=3006.11, samples=368
   iops        : min=15467, max=85602, avg=28482.68, stdev=751.50, samples=368
  cpu          : usr=96.74%, sys=2.89%, ctx=2043, majf=0, minf=0
  IO depths    : 1=100.0%, 2=0.0%, 4=0.0%, 8=0.0%, 16=0.0%, 32=0.0%, >=64=0.0%
     submit    : 0=0.0%, 4=100.0%, 8=0.0%, 16=0.0%, 32=0.0%, 64=0.0%, >=64=0.0%
     complete  : 0=0.0%, 4=100.0%, 8=0.0%, 16=0.0%, 32=0.0%, 64=0.0%, >=64=0.0%
     issued rwts: total=224000,0,0,0 short=0,0,0,0 dropped=0,0,0,0
     latency   : target=0, window=0, percentile=100.00%, depth=1

Run status group 0 (all jobs):
   READ: bw=92.3MiB/s (96.8MB/s), 92.3MiB/s-92.3MiB/s (96.8MB/s-96.8MB/s), io=875MiB (918MB), run=9480-9480msec
