create: (g=0): rw=read, bs=(R) 4096B-4096B, (W) 4096B-4096B, (T) 4096B-4096B, ioengine=filecreate, iodepth=1
...
fio-3.41
Starting 56 threads

create: (groupid=0, jobs=56): err= 0: pid=84391: Thu Mar 12 20:51:58 2026
  read: IOPS=33.5k, BW=131MiB/s (137MB/s)(1750MiB/13384msec)
    clat (usec): min=11, max=10199, avg=59.90, stdev=66.14
    clat percentiles (usec):
     |  1.00th=[   15],  5.00th=[   18], 10.00th=[   20], 20.00th=[   24],
     | 30.00th=[   27], 40.00th=[   32], 50.00th=[   39], 60.00th=[   48],
     | 70.00th=[   63], 80.00th=[   87], 90.00th=[  133], 95.00th=[  178],
     | 99.00th=[  265], 99.50th=[  302], 99.90th=[  367], 99.95th=[  392],
     | 99.99th=[  668]
   bw (  KiB/s): min=86063, max=598939, per=100.00%, avg=170454.17, stdev=2289.07, samples=1071
   iops        : min=21500, max=149730, avg=42609.33, stdev=572.27, samples=1071
  cpu          : usr=95.08%, sys=4.63%, ctx=10317, majf=0, minf=0
  IO depths    : 1=100.0%, 2=0.0%, 4=0.0%, 8=0.0%, 16=0.0%, 32=0.0%, >=64=0.0%
     submit    : 0=0.0%, 4=100.0%, 8=0.0%, 16=0.0%, 32=0.0%, 64=0.0%, >=64=0.0%
     complete  : 0=0.0%, 4=100.0%, 8=0.0%, 16=0.0%, 32=0.0%, 64=0.0%, >=64=0.0%
     issued rwts: total=448000,0,0,0 short=0,0,0,0 dropped=0,0,0,0
     latency   : target=0, window=0, percentile=100.00%, depth=1

Run status group 0 (all jobs):
   READ: bw=131MiB/s (137MB/s), 131MiB/s-131MiB/s (137MB/s-137MB/s), io=1750MiB (1835MB), run=13384-13384msec
