create: (g=0): rw=read, bs=(R) 4096B-4096B, (W) 4096B-4096B, (T) 4096B-4096B, ioengine=filecreate, iodepth=1
...
fio-3.41
Starting 48 threads

create: (groupid=0, jobs=48): err= 0: pid=725961: Fri Mar 13 02:07:40 2026
  read: IOPS=27.6k, BW=108MiB/s (113MB/s)(1500MiB/13911msec)
    clat (usec): min=18, max=96878, avg=590.12, stdev=1350.35
    clat percentiles (usec):
     |  1.00th=[   25],  5.00th=[   40], 10.00th=[   59], 20.00th=[  119],
     | 30.00th=[  210], 40.00th=[  383], 50.00th=[  510], 60.00th=[  668],
     | 70.00th=[  799], 80.00th=[  914], 90.00th=[ 1012], 95.00th=[ 1090],
     | 99.00th=[ 1237], 99.50th=[ 6915], 99.90th=[11207], 99.95th=[11994],
     | 99.99th=[66323]
   bw (  KiB/s): min=78558, max=291498, per=100.00%, avg=128628.62, stdev=1224.85, samples=1110
   iops        : min=19629, max=72874, avg=32155.52, stdev=306.21, samples=1110
  cpu          : usr=60.44%, sys=34.81%, ctx=170824, majf=0, minf=0
  IO depths    : 1=100.0%, 2=0.0%, 4=0.0%, 8=0.0%, 16=0.0%, 32=0.0%, >=64=0.0%
     submit    : 0=0.0%, 4=100.0%, 8=0.0%, 16=0.0%, 32=0.0%, 64=0.0%, >=64=0.0%
     complete  : 0=0.0%, 4=100.0%, 8=0.0%, 16=0.0%, 32=0.0%, 64=0.0%, >=64=0.0%
     issued rwts: total=384000,0,0,0 short=0,0,0,0 dropped=0,0,0,0
     latency   : target=0, window=0, percentile=100.00%, depth=1

Run status group 0 (all jobs):
   READ: bw=108MiB/s (113MB/s), 108MiB/s-108MiB/s (113MB/s-113MB/s), io=1500MiB (1573MB), run=13911-13911msec
