create: (g=0): rw=read, bs=(R) 4096B-4096B, (W) 4096B-4096B, (T) 4096B-4096B, ioengine=filecreate, iodepth=1
...
fio-3.41
Starting 32 threads

create: (groupid=0, jobs=32): err= 0: pid=48567: Thu Mar 12 20:34:40 2026
  read: IOPS=30.7k, BW=120MiB/s (126MB/s)(1000MiB/8341msec)
    clat (usec): min=11, max=5967, avg=33.20, stdev=80.55
    clat percentiles (usec):
     |  1.00th=[   16],  5.00th=[   17], 10.00th=[   18], 20.00th=[   19],
     | 30.00th=[   20], 40.00th=[   21], 50.00th=[   24], 60.00th=[   29],
     | 70.00th=[   34], 80.00th=[   42], 90.00th=[   58], 95.00th=[   73],
     | 99.00th=[  105], 99.50th=[  120], 99.90th=[  194], 99.95th=[ 1450],
     | 99.99th=[ 4228]
   bw (  KiB/s): min=68369, max=389851, per=100.00%, avg=131216.53, stdev=2996.46, samples=412
   iops        : min=17087, max=97461, avg=32802.60, stdev=749.11, samples=412
  cpu          : usr=95.86%, sys=3.71%, ctx=2129, majf=0, minf=0
  IO depths    : 1=100.0%, 2=0.0%, 4=0.0%, 8=0.0%, 16=0.0%, 32=0.0%, >=64=0.0%
     submit    : 0=0.0%, 4=100.0%, 8=0.0%, 16=0.0%, 32=0.0%, 64=0.0%, >=64=0.0%
     complete  : 0=0.0%, 4=100.0%, 8=0.0%, 16=0.0%, 32=0.0%, 64=0.0%, >=64=0.0%
     issued rwts: total=256000,0,0,0 short=0,0,0,0 dropped=0,0,0,0
     latency   : target=0, window=0, percentile=100.00%, depth=1

Run status group 0 (all jobs):
   READ: bw=120MiB/s (126MB/s), 120MiB/s-120MiB/s (126MB/s-126MB/s), io=1000MiB (1049MB), run=8341-8341msec
