create: (g=0): rw=read, bs=(R) 4096B-4096B, (W) 4096B-4096B, (T) 4096B-4096B, ioengine=filecreate, iodepth=1
...
fio-3.41
Starting 64 threads

create: (groupid=0, jobs=64): err= 0: pid=192444: Thu Mar 12 21:45:13 2026
  read: IOPS=24.8k, BW=96.8MiB/s (101MB/s)(2000MiB/20669msec)
    clat (usec): min=17, max=84418, avg=1428.00, stdev=2217.15
    clat percentiles (usec):
     |  1.00th=[   41],  5.00th=[   77], 10.00th=[  137], 20.00th=[  293],
     | 30.00th=[  570], 40.00th=[ 1074], 50.00th=[ 1385], 60.00th=[ 1614],
     | 70.00th=[ 1811], 80.00th=[ 1975], 90.00th=[ 2114], 95.00th=[ 2245],
     | 99.00th=[11469], 99.50th=[12518], 99.90th=[15795], 99.95th=[55837],
     | 99.99th=[68682]
   bw (  KiB/s): min=66981, max=209721, per=100.00%, avg=103219.91, stdev=465.42, samples=2480
   iops        : min=16740, max=52428, avg=25802.17, stdev=116.36, samples=2480
  cpu          : usr=41.66%, sys=48.17%, ctx=426043, majf=0, minf=0
  IO depths    : 1=100.0%, 2=0.0%, 4=0.0%, 8=0.0%, 16=0.0%, 32=0.0%, >=64=0.0%
     submit    : 0=0.0%, 4=100.0%, 8=0.0%, 16=0.0%, 32=0.0%, 64=0.0%, >=64=0.0%
     complete  : 0=0.0%, 4=100.0%, 8=0.0%, 16=0.0%, 32=0.0%, 64=0.0%, >=64=0.0%
     issued rwts: total=512000,0,0,0 short=0,0,0,0 dropped=0,0,0,0
     latency   : target=0, window=0, percentile=100.00%, depth=1

Run status group 0 (all jobs):
   READ: bw=96.8MiB/s (101MB/s), 96.8MiB/s-96.8MiB/s (101MB/s-101MB/s), io=2000MiB (2097MB), run=20669-20669msec
