create: (g=0): rw=read, bs=(R) 4096B-4096B, (W) 4096B-4096B, (T) 4096B-4096B, ioengine=filecreate, iodepth=1
...
fio-3.41
Starting 8 threads

create: (groupid=0, jobs=8): err= 0: pid=395533: Thu Mar 12 23:25:39 2026
  read: IOPS=10.4k, BW=40.5MiB/s (42.4MB/s)(250MiB/6178msec)
    clat (usec): min=9, max=204, avg=18.71, stdev= 7.81
    clat percentiles (usec):
     |  1.00th=[   12],  5.00th=[   13], 10.00th=[   13], 20.00th=[   14],
     | 30.00th=[   15], 40.00th=[   16], 50.00th=[   17], 60.00th=[   18],
     | 70.00th=[   21], 80.00th=[   23], 90.00th=[   28], 95.00th=[   33],
     | 99.00th=[   46], 99.50th=[   58], 99.90th=[   94], 99.95th=[  110],
     | 99.99th=[  137]
   bw (  KiB/s): min=46880, max=137008, per=100.00%, avg=71498.91, stdev=4126.39, samples=58
   iops        : min=11720, max=34252, avg=17874.42, stdev=1031.61, samples=58
  cpu          : usr=95.78%, sys=4.03%, ctx=372, majf=0, minf=0
  IO depths    : 1=100.0%, 2=0.0%, 4=0.0%, 8=0.0%, 16=0.0%, 32=0.0%, >=64=0.0%
     submit    : 0=0.0%, 4=100.0%, 8=0.0%, 16=0.0%, 32=0.0%, 64=0.0%, >=64=0.0%
     complete  : 0=0.0%, 4=100.0%, 8=0.0%, 16=0.0%, 32=0.0%, 64=0.0%, >=64=0.0%
     issued rwts: total=64000,0,0,0 short=0,0,0,0 dropped=0,0,0,0
     latency   : target=0, window=0, percentile=100.00%, depth=1

Run status group 0 (all jobs):
   READ: bw=40.5MiB/s (42.4MB/s), 40.5MiB/s-40.5MiB/s (42.4MB/s-42.4MB/s), io=250MiB (262MB), run=6178-6178msec
