create: (g=0): rw=read, bs=(R) 4096B-4096B, (W) 4096B-4096B, (T) 4096B-4096B, ioengine=filecreate, iodepth=1
...
fio-3.41
Starting 52 threads

create: (groupid=0, jobs=52): err= 0: pid=915218: Fri Mar 13 03:41:11 2026
  read: IOPS=32.8k, BW=128MiB/s (134MB/s)(1625MiB/12680msec)
    clat (usec): min=11, max=54319, avg=71.44, stdev=385.43
    clat percentiles (usec):
     |  1.00th=[   15],  5.00th=[   18], 10.00th=[   20], 20.00th=[   26],
     | 30.00th=[   29], 40.00th=[   36], 50.00th=[   45], 60.00th=[   57],
     | 70.00th=[   75], 80.00th=[  100], 90.00th=[  143], 95.00th=[  182],
     | 99.00th=[  273], 99.50th=[  310], 99.90th=[ 1090], 99.95th=[ 3720],
     | 99.99th=[ 7898]
   bw (  KiB/s): min=83181, max=548474, per=100.00%, avg=164681.24, stdev=2414.27, samples=925
   iops        : min=20787, max=137115, avg=41168.92, stdev=603.55, samples=925
  cpu          : usr=93.68%, sys=5.50%, ctx=22546, majf=0, minf=0
  IO depths    : 1=100.0%, 2=0.0%, 4=0.0%, 8=0.0%, 16=0.0%, 32=0.0%, >=64=0.0%
     submit    : 0=0.0%, 4=100.0%, 8=0.0%, 16=0.0%, 32=0.0%, 64=0.0%, >=64=0.0%
     complete  : 0=0.0%, 4=100.0%, 8=0.0%, 16=0.0%, 32=0.0%, 64=0.0%, >=64=0.0%
     issued rwts: total=416000,0,0,0 short=0,0,0,0 dropped=0,0,0,0
     latency   : target=0, window=0, percentile=100.00%, depth=1

Run status group 0 (all jobs):
   READ: bw=128MiB/s (134MB/s), 128MiB/s-128MiB/s (134MB/s-134MB/s), io=1625MiB (1704MB), run=12680-12680msec
