create: (g=0): rw=read, bs=(R) 4096B-4096B, (W) 4096B-4096B, (T) 4096B-4096B, ioengine=filecreate, iodepth=1
...
fio-3.41
Starting 12 threads

create: (groupid=0, jobs=12): err= 0: pid=304494: Thu Mar 12 22:40:38 2026
  read: IOPS=15.9k, BW=61.9MiB/s (64.9MB/s)(375MiB/6055msec)
    clat (usec): min=11, max=3744, avg=20.95, stdev=37.94
    clat percentiles (usec):
     |  1.00th=[   14],  5.00th=[   15], 10.00th=[   16], 20.00th=[   16],
     | 30.00th=[   17], 40.00th=[   17], 50.00th=[   18], 60.00th=[   19],
     | 70.00th=[   20], 80.00th=[   23], 90.00th=[   29], 95.00th=[   35],
     | 99.00th=[   61], 99.50th=[   68], 99.90th=[   95], 99.95th=[  693],
     | 99.99th=[ 1893]
   bw (  KiB/s): min=42966, max=147648, per=100.00%, avg=70540.48, stdev=2686.60, samples=107
   iops        : min=10737, max=36912, avg=17634.65, stdev=671.68, samples=107
  cpu          : usr=96.21%, sys=3.46%, ctx=476, majf=0, minf=0
  IO depths    : 1=100.0%, 2=0.0%, 4=0.0%, 8=0.0%, 16=0.0%, 32=0.0%, >=64=0.0%
     submit    : 0=0.0%, 4=100.0%, 8=0.0%, 16=0.0%, 32=0.0%, 64=0.0%, >=64=0.0%
     complete  : 0=0.0%, 4=100.0%, 8=0.0%, 16=0.0%, 32=0.0%, 64=0.0%, >=64=0.0%
     issued rwts: total=96000,0,0,0 short=0,0,0,0 dropped=0,0,0,0
     latency   : target=0, window=0, percentile=100.00%, depth=1

Run status group 0 (all jobs):
   READ: bw=61.9MiB/s (64.9MB/s), 61.9MiB/s-61.9MiB/s (64.9MB/s-64.9MB/s), io=375MiB (393MB), run=6055-6055msec
