create: (g=0): rw=read, bs=(R) 4096B-4096B, (W) 4096B-4096B, (T) 4096B-4096B, ioengine=filecreate, iodepth=1
...
fio-3.41
Starting 24 threads

create: (groupid=0, jobs=24): err= 0: pid=784449: Fri Mar 13 02:36:40 2026
  read: IOPS=20.1k, BW=78.7MiB/s (82.5MB/s)(750MiB/9529msec)
    clat (usec): min=12, max=4211, avg=25.18, stdev=53.54
    clat percentiles (usec):
     |  1.00th=[   15],  5.00th=[   16], 10.00th=[   17], 20.00th=[   18],
     | 30.00th=[   18], 40.00th=[   19], 50.00th=[   20], 60.00th=[   21],
     | 70.00th=[   25], 80.00th=[   30], 90.00th=[   38], 95.00th=[   48],
     | 99.00th=[   77], 99.50th=[   88], 99.90th=[  129], 99.95th=[  190],
     | 99.99th=[ 2868]
   bw (  KiB/s): min=50881, max=317154, per=100.00%, avg=97339.57, stdev=3245.91, samples=320
   iops        : min=12711, max=79287, avg=24333.95, stdev=811.48, samples=320
  cpu          : usr=96.88%, sys=2.82%, ctx=1049, majf=0, minf=0
  IO depths    : 1=100.0%, 2=0.0%, 4=0.0%, 8=0.0%, 16=0.0%, 32=0.0%, >=64=0.0%
     submit    : 0=0.0%, 4=100.0%, 8=0.0%, 16=0.0%, 32=0.0%, 64=0.0%, >=64=0.0%
     complete  : 0=0.0%, 4=100.0%, 8=0.0%, 16=0.0%, 32=0.0%, 64=0.0%, >=64=0.0%
     issued rwts: total=192000,0,0,0 short=0,0,0,0 dropped=0,0,0,0
     latency   : target=0, window=0, percentile=100.00%, depth=1

Run status group 0 (all jobs):
   READ: bw=78.7MiB/s (82.5MB/s), 78.7MiB/s-78.7MiB/s (82.5MB/s-82.5MB/s), io=750MiB (786MB), run=9529-9529msec
