create: (g=0): rw=read, bs=(R) 4096B-4096B, (W) 4096B-4096B, (T) 4096B-4096B, ioengine=filecreate, iodepth=1
...
fio-3.41
Starting 8 threads

create: (groupid=0, jobs=8): err= 0: pid=770548: Fri Mar 13 02:29:34 2026
  read: IOPS=11.3k, BW=44.0MiB/s (46.1MB/s)(250MiB/5683msec)
    clat (usec): min=14, max=7011, avg=37.67, stdev=83.15
    clat percentiles (usec):
     |  1.00th=[   21],  5.00th=[   24], 10.00th=[   26], 20.00th=[   28],
     | 30.00th=[   29], 40.00th=[   31], 50.00th=[   32], 60.00th=[   34],
     | 70.00th=[   37], 80.00th=[   44], 90.00th=[   54], 95.00th=[   62],
     | 99.00th=[   83], 99.50th=[   93], 99.90th=[  734], 99.95th=[  889],
     | 99.99th=[ 6783]
   bw (  KiB/s): min=43944, max=134207, per=100.00%, avg=67953.27, stdev=3966.68, samples=61
   iops        : min=10986, max=33551, avg=16987.98, stdev=991.64, samples=61
  cpu          : usr=92.60%, sys=6.88%, ctx=368, majf=0, minf=0
  IO depths    : 1=100.0%, 2=0.0%, 4=0.0%, 8=0.0%, 16=0.0%, 32=0.0%, >=64=0.0%
     submit    : 0=0.0%, 4=100.0%, 8=0.0%, 16=0.0%, 32=0.0%, 64=0.0%, >=64=0.0%
     complete  : 0=0.0%, 4=100.0%, 8=0.0%, 16=0.0%, 32=0.0%, 64=0.0%, >=64=0.0%
     issued rwts: total=64000,0,0,0 short=0,0,0,0 dropped=0,0,0,0
     latency   : target=0, window=0, percentile=100.00%, depth=1

Run status group 0 (all jobs):
   READ: bw=44.0MiB/s (46.1MB/s), 44.0MiB/s-44.0MiB/s (46.1MB/s-46.1MB/s), io=250MiB (262MB), run=5683-5683msec
