create: (g=0): rw=read, bs=(R) 4096B-4096B, (W) 4096B-4096B, (T) 4096B-4096B, ioengine=filecreate, iodepth=1
...
fio-3.41
Starting 20 threads

create: (groupid=0, jobs=20): err= 0: pid=687634: Fri Mar 13 01:49:56 2026
  read: IOPS=22.2k, BW=86.6MiB/s (90.8MB/s)(625MiB/7220msec)
    clat (usec): min=9, max=447, avg=26.81, stdev=16.73
    clat percentiles (usec):
     |  1.00th=[   13],  5.00th=[   14], 10.00th=[   15], 20.00th=[   16],
     | 30.00th=[   18], 40.00th=[   19], 50.00th=[   22], 60.00th=[   25],
     | 70.00th=[   29], 80.00th=[   35], 90.00th=[   46], 95.00th=[   59],
     | 99.00th=[   97], 99.50th=[  113], 99.90th=[  147], 99.95th=[  157],
     | 99.99th=[  184]
   bw (  KiB/s): min=45984, max=257216, per=100.00%, avg=89011.60, stdev=3332.75, samples=223
   iops        : min=11494, max=64306, avg=22252.17, stdev=833.22, samples=223
  cpu          : usr=96.29%, sys=3.50%, ctx=1178, majf=0, minf=0
  IO depths    : 1=100.0%, 2=0.0%, 4=0.0%, 8=0.0%, 16=0.0%, 32=0.0%, >=64=0.0%
     submit    : 0=0.0%, 4=100.0%, 8=0.0%, 16=0.0%, 32=0.0%, 64=0.0%, >=64=0.0%
     complete  : 0=0.0%, 4=100.0%, 8=0.0%, 16=0.0%, 32=0.0%, 64=0.0%, >=64=0.0%
     issued rwts: total=160000,0,0,0 short=0,0,0,0 dropped=0,0,0,0
     latency   : target=0, window=0, percentile=100.00%, depth=1

Run status group 0 (all jobs):
   READ: bw=86.6MiB/s (90.8MB/s), 86.6MiB/s-86.6MiB/s (90.8MB/s-90.8MB/s), io=625MiB (655MB), run=7220-7220msec
