create: (g=0): rw=read, bs=(R) 4096B-4096B, (W) 4096B-4096B, (T) 4096B-4096B, ioengine=filecreate, iodepth=1
...
fio-3.41
Starting 4 threads

create: (groupid=0, jobs=4): err= 0: pid=299046: Thu Mar 12 22:37:45 2026
  read: IOPS=9187, BW=35.9MiB/s (37.6MB/s)(125MiB/3483msec)
    clat (usec): min=9, max=122, avg=16.68, stdev= 7.13
    clat percentiles (usec):
     |  1.00th=[   11],  5.00th=[   12], 10.00th=[   13], 20.00th=[   13],
     | 30.00th=[   14], 40.00th=[   14], 50.00th=[   15], 60.00th=[   16],
     | 70.00th=[   17], 80.00th=[   20], 90.00th=[   24], 95.00th=[   29],
     | 99.00th=[   42], 99.50th=[   52], 99.90th=[  101], 99.95th=[  110],
     | 99.99th=[  121]
   bw (  KiB/s): min=26002, max=60824, per=100.00%, avg=38553.67, stdev=3231.64, samples=21
   iops        : min= 6500, max=15206, avg=9638.33, stdev=807.94, samples=21
  cpu          : usr=94.98%, sys=4.77%, ctx=274, majf=0, minf=0
  IO depths    : 1=100.0%, 2=0.0%, 4=0.0%, 8=0.0%, 16=0.0%, 32=0.0%, >=64=0.0%
     submit    : 0=0.0%, 4=100.0%, 8=0.0%, 16=0.0%, 32=0.0%, 64=0.0%, >=64=0.0%
     complete  : 0=0.0%, 4=100.0%, 8=0.0%, 16=0.0%, 32=0.0%, 64=0.0%, >=64=0.0%
     issued rwts: total=32000,0,0,0 short=0,0,0,0 dropped=0,0,0,0
     latency   : target=0, window=0, percentile=100.00%, depth=1

Run status group 0 (all jobs):
   READ: bw=35.9MiB/s (37.6MB/s), 35.9MiB/s-35.9MiB/s (37.6MB/s-37.6MB/s), io=125MiB (131MB), run=3483-3483msec
