create: (g=0): rw=read, bs=(R) 4096B-4096B, (W) 4096B-4096B, (T) 4096B-4096B, ioengine=filecreate, iodepth=1
...
fio-3.41
Starting 28 threads

create: (groupid=0, jobs=28): err= 0: pid=884186: Fri Mar 13 03:25:58 2026
  read: IOPS=27.2k, BW=106MiB/s (112MB/s)(875MiB/8223msec)
    clat (usec): min=18, max=17016, avg=71.51, stdev=223.31
    clat percentiles (usec):
     |  1.00th=[   23],  5.00th=[   25], 10.00th=[   26], 20.00th=[   29],
     | 30.00th=[   33], 40.00th=[   42], 50.00th=[   50], 60.00th=[   62],
     | 70.00th=[   77], 80.00th=[   99], 90.00th=[  137], 95.00th=[  176],
     | 99.00th=[  255], 99.50th=[  289], 99.90th=[  429], 99.95th=[ 1270],
     | 99.99th=[15533]
   bw (  KiB/s): min=65210, max=357765, per=100.00%, avg=125891.74, stdev=3132.31, samples=339
   iops        : min=16295, max=89439, avg=31471.66, stdev=783.07, samples=339
  cpu          : usr=90.99%, sys=8.32%, ctx=3714, majf=0, minf=0
  IO depths    : 1=100.0%, 2=0.0%, 4=0.0%, 8=0.0%, 16=0.0%, 32=0.0%, >=64=0.0%
     submit    : 0=0.0%, 4=100.0%, 8=0.0%, 16=0.0%, 32=0.0%, 64=0.0%, >=64=0.0%
     complete  : 0=0.0%, 4=100.0%, 8=0.0%, 16=0.0%, 32=0.0%, 64=0.0%, >=64=0.0%
     issued rwts: total=224000,0,0,0 short=0,0,0,0 dropped=0,0,0,0
     latency   : target=0, window=0, percentile=100.00%, depth=1

Run status group 0 (all jobs):
   READ: bw=106MiB/s (112MB/s), 106MiB/s-106MiB/s (112MB/s-112MB/s), io=875MiB (918MB), run=8223-8223msec
