create: (g=0): rw=read, bs=(R) 4096B-4096B, (W) 4096B-4096B, (T) 4096B-4096B, ioengine=filecreate, iodepth=1
...
fio-3.41
Starting 4 threads

create: (groupid=0, jobs=4): err= 0: pid=19214: Thu Mar 12 20:19:49 2026
  read: IOPS=9332, BW=36.5MiB/s (38.2MB/s)(125MiB/3429msec)
    clat (usec): min=16, max=818, avg=27.82, stdev=14.39
    clat percentiles (usec):
     |  1.00th=[   18],  5.00th=[   19], 10.00th=[   20], 20.00th=[   21],
     | 30.00th=[   22], 40.00th=[   23], 50.00th=[   23], 60.00th=[   24],
     | 70.00th=[   27], 80.00th=[   35], 90.00th=[   44], 95.00th=[   52],
     | 99.00th=[   73], 99.50th=[   82], 99.90th=[  115], 99.95th=[  141],
     | 99.99th=[  578]
   bw (  KiB/s): min=25080, max=59176, per=99.17%, avg=37017.33, stdev=3457.30, samples=20
   iops        : min= 6270, max=14794, avg=9254.33, stdev=864.33, samples=20
  cpu          : usr=92.06%, sys=7.60%, ctx=549, majf=0, minf=0
  IO depths    : 1=100.0%, 2=0.0%, 4=0.0%, 8=0.0%, 16=0.0%, 32=0.0%, >=64=0.0%
     submit    : 0=0.0%, 4=100.0%, 8=0.0%, 16=0.0%, 32=0.0%, 64=0.0%, >=64=0.0%
     complete  : 0=0.0%, 4=100.0%, 8=0.0%, 16=0.0%, 32=0.0%, 64=0.0%, >=64=0.0%
     issued rwts: total=32000,0,0,0 short=0,0,0,0 dropped=0,0,0,0
     latency   : target=0, window=0, percentile=100.00%, depth=1

Run status group 0 (all jobs):
   READ: bw=36.5MiB/s (38.2MB/s), 36.5MiB/s-36.5MiB/s (38.2MB/s-38.2MB/s), io=125MiB (131MB), run=3429-3429msec
