create: (g=0): rw=read, bs=(R) 4096B-4096B, (W) 4096B-4096B, (T) 4096B-4096B, ioengine=filecreate, iodepth=1
...
fio-3.41
Starting 4 threads

create: (groupid=0, jobs=4): err= 0: pid=20653: Thu Mar 12 20:20:33 2026
  read: IOPS=10.2k, BW=40.0MiB/s (42.0MB/s)(125MiB/3124msec)
    clat (usec): min=14, max=918, avg=30.44, stdev=22.37
    clat percentiles (usec):
     |  1.00th=[   19],  5.00th=[   21], 10.00th=[   23], 20.00th=[   25],
     | 30.00th=[   26], 40.00th=[   27], 50.00th=[   28], 60.00th=[   29],
     | 70.00th=[   31], 80.00th=[   35], 90.00th=[   41], 95.00th=[   47],
     | 99.00th=[   61], 99.50th=[   69], 99.90th=[  157], 99.95th=[  701],
     | 99.99th=[  832]
   bw (  KiB/s): min=26203, max=76896, per=100.00%, avg=42145.33, stdev=4522.20, samples=22
   iops        : min= 6550, max=19224, avg=10536.33, stdev=1130.52, samples=22
  cpu          : usr=90.98%, sys=8.61%, ctx=604, majf=0, minf=0
  IO depths    : 1=100.0%, 2=0.0%, 4=0.0%, 8=0.0%, 16=0.0%, 32=0.0%, >=64=0.0%
     submit    : 0=0.0%, 4=100.0%, 8=0.0%, 16=0.0%, 32=0.0%, 64=0.0%, >=64=0.0%
     complete  : 0=0.0%, 4=100.0%, 8=0.0%, 16=0.0%, 32=0.0%, 64=0.0%, >=64=0.0%
     issued rwts: total=32000,0,0,0 short=0,0,0,0 dropped=0,0,0,0
     latency   : target=0, window=0, percentile=100.00%, depth=1

Run status group 0 (all jobs):
   READ: bw=40.0MiB/s (42.0MB/s), 40.0MiB/s-40.0MiB/s (42.0MB/s-42.0MB/s), io=125MiB (131MB), run=3124-3124msec
