create: (g=0): rw=read, bs=(R) 4096B-4096B, (W) 4096B-4096B, (T) 4096B-4096B, ioengine=filecreate, iodepth=1
...
fio-3.41
Starting 32 threads

create: (groupid=0, jobs=32): err= 0: pid=327470: Thu Mar 12 22:52:15 2026
  read: IOPS=26.6k, BW=104MiB/s (109MB/s)(1000MiB/9613msec)
    clat (usec): min=11, max=9434, avg=31.07, stdev=107.50
    clat percentiles (usec):
     |  1.00th=[   15],  5.00th=[   16], 10.00th=[   17], 20.00th=[   18],
     | 30.00th=[   19], 40.00th=[   20], 50.00th=[   22], 60.00th=[   26],
     | 70.00th=[   31], 80.00th=[   38], 90.00th=[   50], 95.00th=[   65],
     | 99.00th=[   97], 99.50th=[  112], 99.90th=[  169], 99.95th=[ 1565],
     | 99.99th=[ 6194]
   bw (  KiB/s): min=67677, max=373013, per=100.00%, avg=123505.17, stdev=2739.83, samples=428
   iops        : min=16910, max=93252, avg=30874.62, stdev=684.96, samples=428
  cpu          : usr=96.36%, sys=3.19%, ctx=1887, majf=0, minf=0
  IO depths    : 1=100.0%, 2=0.0%, 4=0.0%, 8=0.0%, 16=0.0%, 32=0.0%, >=64=0.0%
     submit    : 0=0.0%, 4=100.0%, 8=0.0%, 16=0.0%, 32=0.0%, 64=0.0%, >=64=0.0%
     complete  : 0=0.0%, 4=100.0%, 8=0.0%, 16=0.0%, 32=0.0%, 64=0.0%, >=64=0.0%
     issued rwts: total=256000,0,0,0 short=0,0,0,0 dropped=0,0,0,0
     latency   : target=0, window=0, percentile=100.00%, depth=1

Run status group 0 (all jobs):
   READ: bw=104MiB/s (109MB/s), 104MiB/s-104MiB/s (109MB/s-109MB/s), io=1000MiB (1049MB), run=9613-9613msec
