create: (g=0): rw=read, bs=(R) 4096B-4096B, (W) 4096B-4096B, (T) 4096B-4096B, ioengine=filecreate, iodepth=1
...
fio-3.41
Starting 64 threads

create: (groupid=0, jobs=64): err= 0: pid=842689: Fri Mar 13 03:04:59 2026
  read: IOPS=35.5k, BW=139MiB/s (146MB/s)(2000MiB/14411msec)
    clat (usec): min=11, max=30874, avg=238.44, stdev=460.77
    clat percentiles (usec):
     |  1.00th=[   18],  5.00th=[   26], 10.00th=[   28], 20.00th=[   36],
     | 30.00th=[   52], 40.00th=[   84], 50.00th=[  163], 60.00th=[  277],
     | 70.00th=[  359], 80.00th=[  424], 90.00th=[  494], 95.00th=[  545],
     | 99.00th=[  652], 99.50th=[  701], 99.90th=[ 7898], 99.95th=[10159],
     | 99.99th=[19268]
   bw (  KiB/s): min=79790, max=553967, per=100.00%, avg=162189.09, stdev=1891.85, samples=1507
   iops        : min=19938, max=138490, avg=40544.96, stdev=472.96, samples=1507
  cpu          : usr=84.10%, sys=14.34%, ctx=160542, majf=0, minf=0
  IO depths    : 1=100.0%, 2=0.0%, 4=0.0%, 8=0.0%, 16=0.0%, 32=0.0%, >=64=0.0%
     submit    : 0=0.0%, 4=100.0%, 8=0.0%, 16=0.0%, 32=0.0%, 64=0.0%, >=64=0.0%
     complete  : 0=0.0%, 4=100.0%, 8=0.0%, 16=0.0%, 32=0.0%, 64=0.0%, >=64=0.0%
     issued rwts: total=512000,0,0,0 short=0,0,0,0 dropped=0,0,0,0
     latency   : target=0, window=0, percentile=100.00%, depth=1

Run status group 0 (all jobs):
   READ: bw=139MiB/s (146MB/s), 139MiB/s-139MiB/s (146MB/s-146MB/s), io=2000MiB (2097MB), run=14411-14411msec
