create: (g=0): rw=read, bs=(R) 4096B-4096B, (W) 4096B-4096B, (T) 4096B-4096B, ioengine=filecreate, iodepth=1
...
fio-3.41
Starting 56 threads

create: (groupid=0, jobs=56): err= 0: pid=87001: Thu Mar 12 20:53:13 2026
  read: IOPS=34.4k, BW=134MiB/s (141MB/s)(1750MiB/13030msec)
    clat (usec): min=9, max=10392, avg=115.56, stdev=245.33
    clat percentiles (usec):
     |  1.00th=[   15],  5.00th=[   21], 10.00th=[   25], 20.00th=[   32],
     | 30.00th=[   42], 40.00th=[   56], 50.00th=[   76], 60.00th=[  102],
     | 70.00th=[  139], 80.00th=[  184], 90.00th=[  247], 95.00th=[  302],
     | 99.00th=[  404], 99.50th=[  445], 99.90th=[ 1385], 99.95th=[ 7177],
     | 99.99th=[10159]
   bw (  KiB/s): min=87433, max=561979, per=100.00%, avg=170504.74, stdev=2140.64, samples=1145
   iops        : min=21841, max=140494, avg=42624.81, stdev=535.17, samples=1145
  cpu          : usr=91.18%, sys=8.03%, ctx=61486, majf=0, minf=0
  IO depths    : 1=100.0%, 2=0.0%, 4=0.0%, 8=0.0%, 16=0.0%, 32=0.0%, >=64=0.0%
     submit    : 0=0.0%, 4=100.0%, 8=0.0%, 16=0.0%, 32=0.0%, 64=0.0%, >=64=0.0%
     complete  : 0=0.0%, 4=100.0%, 8=0.0%, 16=0.0%, 32=0.0%, 64=0.0%, >=64=0.0%
     issued rwts: total=448000,0,0,0 short=0,0,0,0 dropped=0,0,0,0
     latency   : target=0, window=0, percentile=100.00%, depth=1

Run status group 0 (all jobs):
   READ: bw=134MiB/s (141MB/s), 134MiB/s-134MiB/s (141MB/s-141MB/s), io=1750MiB (1835MB), run=13030-13030msec
