create: (g=0): rw=read, bs=(R) 4096B-4096B, (W) 4096B-4096B, (T) 4096B-4096B, ioengine=filecreate, iodepth=1
...
fio-3.41
Starting 32 threads

create: (groupid=0, jobs=32): err= 0: pid=891256: Fri Mar 13 03:29:30 2026
  read: IOPS=22.1k, BW=86.2MiB/s (90.3MB/s)(1000MiB/11607msec)
    clat (usec): min=18, max=328433, avg=417.25, stdev=3892.81
    clat percentiles (usec):
     |  1.00th=[    25],  5.00th=[    30], 10.00th=[    33], 20.00th=[    44],
     | 30.00th=[    65], 40.00th=[    95], 50.00th=[   141], 60.00th=[   215],
     | 70.00th=[   359], 80.00th=[   570], 90.00th=[   676], 95.00th=[   734],
     | 99.00th=[   881], 99.50th=[ 10028], 99.90th=[ 26084], 99.95th=[ 27132],
     | 99.99th=[325059]
   bw (  KiB/s): min=54493, max=222250, per=100.00%, avg=112189.91, stdev=1310.23, samples=583
   iops        : min=13622, max=55562, avg=28046.56, stdev=327.56, samples=583
  cpu          : usr=64.79%, sys=21.43%, ctx=21084, majf=0, minf=0
  IO depths    : 1=100.0%, 2=0.0%, 4=0.0%, 8=0.0%, 16=0.0%, 32=0.0%, >=64=0.0%
     submit    : 0=0.0%, 4=100.0%, 8=0.0%, 16=0.0%, 32=0.0%, 64=0.0%, >=64=0.0%
     complete  : 0=0.0%, 4=100.0%, 8=0.0%, 16=0.0%, 32=0.0%, 64=0.0%, >=64=0.0%
     issued rwts: total=256000,0,0,0 short=0,0,0,0 dropped=0,0,0,0
     latency   : target=0, window=0, percentile=100.00%, depth=1

Run status group 0 (all jobs):
   READ: bw=86.2MiB/s (90.3MB/s), 86.2MiB/s-86.2MiB/s (90.3MB/s-90.3MB/s), io=1000MiB (1049MB), run=11607-11607msec
