create: (g=0): rw=read, bs=(R) 4096B-4096B, (W) 4096B-4096B, (T) 4096B-4096B, ioengine=filecreate, iodepth=1
...
fio-3.41
Starting 40 threads

create: (groupid=0, jobs=40): err= 0: pid=152981: Thu Mar 12 21:26:05 2026
  read: IOPS=30.8k, BW=120MiB/s (126MB/s)(1250MiB/10405msec)
    clat (usec): min=11, max=9498, avg=39.57, stdev=41.66
    clat percentiles (usec):
     |  1.00th=[   15],  5.00th=[   16], 10.00th=[   17], 20.00th=[   19],
     | 30.00th=[   21], 40.00th=[   25], 50.00th=[   28], 60.00th=[   34],
     | 70.00th=[   41], 80.00th=[   53], 90.00th=[   78], 95.00th=[  106],
     | 99.00th=[  167], 99.50th=[  192], 99.90th=[  247], 99.95th=[  281],
     | 99.99th=[ 1221]
   bw (  KiB/s): min=69149, max=501114, per=100.00%, avg=141594.33, stdev=2981.88, samples=634
   iops        : min=17282, max=125277, avg=35398.17, stdev=745.46, samples=634
  cpu          : usr=95.93%, sys=3.80%, ctx=5137, majf=0, minf=0
  IO depths    : 1=100.0%, 2=0.0%, 4=0.0%, 8=0.0%, 16=0.0%, 32=0.0%, >=64=0.0%
     submit    : 0=0.0%, 4=100.0%, 8=0.0%, 16=0.0%, 32=0.0%, 64=0.0%, >=64=0.0%
     complete  : 0=0.0%, 4=100.0%, 8=0.0%, 16=0.0%, 32=0.0%, 64=0.0%, >=64=0.0%
     issued rwts: total=320000,0,0,0 short=0,0,0,0 dropped=0,0,0,0
     latency   : target=0, window=0, percentile=100.00%, depth=1

Run status group 0 (all jobs):
   READ: bw=120MiB/s (126MB/s), 120MiB/s-120MiB/s (126MB/s-126MB/s), io=1250MiB (1311MB), run=10405-10405msec
