create: (g=0): rw=read, bs=(R) 4096B-4096B, (W) 4096B-4096B, (T) 4096B-4096B, ioengine=filecreate, iodepth=1
fio-3.41
Starting 1 thread

create: (groupid=0, jobs=1): err= 0: pid=477213: Fri Mar 13 00:05:40 2026
  read: IOPS=5066, BW=19.8MiB/s (20.8MB/s)(31.2MiB/1579msec)
    clat (usec): min=15, max=667, avg=20.18, stdev= 9.52
    clat percentiles (usec):
     |  1.00th=[   16],  5.00th=[   18], 10.00th=[   18], 20.00th=[   18],
     | 30.00th=[   18], 40.00th=[   19], 50.00th=[   19], 60.00th=[   20],
     | 70.00th=[   20], 80.00th=[   21], 90.00th=[   23], 95.00th=[   32],
     | 99.00th=[   46], 99.50th=[   49], 99.90th=[   69], 99.95th=[   87],
     | 99.99th=[  668]
   bw (  KiB/s): min=12672, max=26459, per=90.61%, avg=18363.67, stdev=7200.94, samples=3
   iops        : min= 3168, max= 6614, avg=4590.67, stdev=1799.81, samples=3
  cpu          : usr=88.40%, sys=11.09%, ctx=341, majf=0, minf=0
  IO depths    : 1=100.0%, 2=0.0%, 4=0.0%, 8=0.0%, 16=0.0%, 32=0.0%, >=64=0.0%
     submit    : 0=0.0%, 4=100.0%, 8=0.0%, 16=0.0%, 32=0.0%, 64=0.0%, >=64=0.0%
     complete  : 0=0.0%, 4=100.0%, 8=0.0%, 16=0.0%, 32=0.0%, 64=0.0%, >=64=0.0%
     issued rwts: total=8000,0,0,0 short=0,0,0,0 dropped=0,0,0,0
     latency   : target=0, window=0, percentile=100.00%, depth=1

Run status group 0 (all jobs):
   READ: bw=19.8MiB/s (20.8MB/s), 19.8MiB/s-19.8MiB/s (20.8MB/s-20.8MB/s), io=31.2MiB (32.8MB), run=1579-1579msec
