create: (g=0): rw=read, bs=(R) 4096B-4096B, (W) 4096B-4096B, (T) 4096B-4096B, ioengine=filecreate, iodepth=1
fio-3.41
Starting 1 thread

create: (groupid=0, jobs=1): err= 0: pid=758993: Fri Mar 13 02:23:25 2026
  read: IOPS=4553, BW=17.8MiB/s (18.6MB/s)(31.2MiB/1757msec)
    clat (usec): min=8, max=183, avg=12.96, stdev= 4.56
    clat percentiles (usec):
     |  1.00th=[   10],  5.00th=[   10], 10.00th=[   11], 20.00th=[   11],
     | 30.00th=[   11], 40.00th=[   12], 50.00th=[   12], 60.00th=[   13],
     | 70.00th=[   13], 80.00th=[   15], 90.00th=[   18], 95.00th=[   23],
     | 99.00th=[   29], 99.50th=[   34], 99.90th=[   51], 99.95th=[   63],
     | 99.99th=[  184]
   bw (  KiB/s): min=10824, max=19120, per=79.43%, avg=14466.67, stdev=4239.34, samples=3
   iops        : min= 2706, max= 4780, avg=3616.67, stdev=1059.83, samples=3
  cpu          : usr=92.08%, sys=7.52%, ctx=199, majf=0, minf=0
  IO depths    : 1=100.0%, 2=0.0%, 4=0.0%, 8=0.0%, 16=0.0%, 32=0.0%, >=64=0.0%
     submit    : 0=0.0%, 4=100.0%, 8=0.0%, 16=0.0%, 32=0.0%, 64=0.0%, >=64=0.0%
     complete  : 0=0.0%, 4=100.0%, 8=0.0%, 16=0.0%, 32=0.0%, 64=0.0%, >=64=0.0%
     issued rwts: total=8000,0,0,0 short=0,0,0,0 dropped=0,0,0,0
     latency   : target=0, window=0, percentile=100.00%, depth=1

Run status group 0 (all jobs):
   READ: bw=17.8MiB/s (18.6MB/s), 17.8MiB/s-17.8MiB/s (18.6MB/s-18.6MB/s), io=31.2MiB (32.8MB), run=1757-1757msec
