create: (g=0): rw=read, bs=(R) 4096B-4096B, (W) 4096B-4096B, (T) 4096B-4096B, ioengine=filecreate, iodepth=1
...
fio-3.41
Starting 64 threads

create: (groupid=0, jobs=64): err= 0: pid=937994: Fri Mar 13 03:52:11 2026
  read: IOPS=24.3k, BW=95.1MiB/s (99.7MB/s)(2000MiB/21038msec)
    clat (usec): min=18, max=91115, avg=1350.64, stdev=2034.95
    clat percentiles (usec):
     |  1.00th=[   39],  5.00th=[   56], 10.00th=[   93], 20.00th=[  188],
     | 30.00th=[  351], 40.00th=[  816], 50.00th=[ 1303], 60.00th=[ 1582],
     | 70.00th=[ 1811], 80.00th=[ 1975], 90.00th=[ 2114], 95.00th=[ 2245],
     | 99.00th=[11731], 99.50th=[12649], 99.90th=[14222], 99.95th=[28705],
     | 99.99th=[65799]
   bw (  KiB/s): min=67343, max=198536, per=100.00%, avg=100647.13, stdev=417.21, samples=2511
   iops        : min=16828, max=49633, avg=25157.62, stdev=104.30, samples=2511
  cpu          : usr=45.71%, sys=44.47%, ctx=416495, majf=0, minf=0
  IO depths    : 1=100.0%, 2=0.0%, 4=0.0%, 8=0.0%, 16=0.0%, 32=0.0%, >=64=0.0%
     submit    : 0=0.0%, 4=100.0%, 8=0.0%, 16=0.0%, 32=0.0%, 64=0.0%, >=64=0.0%
     complete  : 0=0.0%, 4=100.0%, 8=0.0%, 16=0.0%, 32=0.0%, 64=0.0%, >=64=0.0%
     issued rwts: total=512000,0,0,0 short=0,0,0,0 dropped=0,0,0,0
     latency   : target=0, window=0, percentile=100.00%, depth=1

Run status group 0 (all jobs):
   READ: bw=95.1MiB/s (99.7MB/s), 95.1MiB/s-95.1MiB/s (99.7MB/s-99.7MB/s), io=2000MiB (2097MB), run=21038-21038msec
