create: (g=0): rw=read, bs=(R) 4096B-4096B, (W) 4096B-4096B, (T) 4096B-4096B, ioengine=filecreate, iodepth=1
...
fio-3.41
Starting 20 threads

create: (groupid=0, jobs=20): err= 0: pid=219775: Thu Mar 12 21:59:03 2026
  read: IOPS=20.4k, BW=79.6MiB/s (83.4MB/s)(625MiB/7855msec)
    clat (usec): min=11, max=2975, avg=23.98, stdev=39.34
    clat percentiles (usec):
     |  1.00th=[   14],  5.00th=[   16], 10.00th=[   16], 20.00th=[   17],
     | 30.00th=[   18], 40.00th=[   19], 50.00th=[   19], 60.00th=[   21],
     | 70.00th=[   24], 80.00th=[   29], 90.00th=[   36], 95.00th=[   45],
     | 99.00th=[   74], 99.50th=[   85], 99.90th=[  123], 99.95th=[  165],
     | 99.99th=[ 2114]
   bw (  KiB/s): min=45018, max=224179, per=100.00%, avg=82309.32, stdev=2772.05, samples=234
   iops        : min=11248, max=56042, avg=20575.91, stdev=692.98, samples=234
  cpu          : usr=96.67%, sys=3.03%, ctx=1671, majf=0, minf=0
  IO depths    : 1=100.0%, 2=0.0%, 4=0.0%, 8=0.0%, 16=0.0%, 32=0.0%, >=64=0.0%
     submit    : 0=0.0%, 4=100.0%, 8=0.0%, 16=0.0%, 32=0.0%, 64=0.0%, >=64=0.0%
     complete  : 0=0.0%, 4=100.0%, 8=0.0%, 16=0.0%, 32=0.0%, 64=0.0%, >=64=0.0%
     issued rwts: total=160000,0,0,0 short=0,0,0,0 dropped=0,0,0,0
     latency   : target=0, window=0, percentile=100.00%, depth=1

Run status group 0 (all jobs):
   READ: bw=79.6MiB/s (83.4MB/s), 79.6MiB/s-79.6MiB/s (83.4MB/s-83.4MB/s), io=625MiB (655MB), run=7855-7855msec
