create: (g=0): rw=read, bs=(R) 4096B-4096B, (W) 4096B-4096B, (T) 4096B-4096B, ioengine=filecreate, iodepth=1
...
fio-3.41
Starting 16 threads

create: (groupid=0, jobs=16): err= 0: pid=682255: Fri Mar 13 01:47:12 2026
  read: IOPS=19.6k, BW=76.4MiB/s (80.2MB/s)(500MiB/6541msec)
    clat (usec): min=17, max=14908, avg=48.26, stdev=159.67
    clat percentiles (usec):
     |  1.00th=[   20],  5.00th=[   22], 10.00th=[   23], 20.00th=[   24],
     | 30.00th=[   25], 40.00th=[   27], 50.00th=[   31], 60.00th=[   39],
     | 70.00th=[   48], 80.00th=[   64], 90.00th=[   95], 95.00th=[  125],
     | 99.00th=[  182], 99.50th=[  200], 99.90th=[  237], 99.95th=[  251],
     | 99.99th=[14091]
   bw (  KiB/s): min=53305, max=173336, per=100.00%, avg=85142.13, stdev=2354.04, samples=156
   iops        : min=13322, max=43334, avg=21285.12, stdev=588.53, samples=156
  cpu          : usr=92.47%, sys=7.03%, ctx=536, majf=0, minf=0
  IO depths    : 1=100.0%, 2=0.0%, 4=0.0%, 8=0.0%, 16=0.0%, 32=0.0%, >=64=0.0%
     submit    : 0=0.0%, 4=100.0%, 8=0.0%, 16=0.0%, 32=0.0%, 64=0.0%, >=64=0.0%
     complete  : 0=0.0%, 4=100.0%, 8=0.0%, 16=0.0%, 32=0.0%, 64=0.0%, >=64=0.0%
     issued rwts: total=128000,0,0,0 short=0,0,0,0 dropped=0,0,0,0
     latency   : target=0, window=0, percentile=100.00%, depth=1

Run status group 0 (all jobs):
   READ: bw=76.4MiB/s (80.2MB/s), 76.4MiB/s-76.4MiB/s (80.2MB/s-80.2MB/s), io=500MiB (524MB), run=6541-6541msec
