create: (g=0): rw=read, bs=(R) 4096B-4096B, (W) 4096B-4096B, (T) 4096B-4096B, ioengine=filecreate, iodepth=1
...
fio-3.41
Starting 56 threads

create: (groupid=0, jobs=56): err= 0: pid=645012: Fri Mar 13 01:28:38 2026
  read: IOPS=30.9k, BW=121MiB/s (126MB/s)(1750MiB/14519msec)
    clat (usec): min=9, max=10102, avg=62.64, stdev=57.78
    clat percentiles (usec):
     |  1.00th=[   14],  5.00th=[   17], 10.00th=[   20], 20.00th=[   26],
     | 30.00th=[   31], 40.00th=[   38], 50.00th=[   46], 60.00th=[   57],
     | 70.00th=[   72], 80.00th=[   93], 90.00th=[  131], 95.00th=[  165],
     | 99.00th=[  237], 99.50th=[  269], 99.90th=[  355], 99.95th=[  433],
     | 99.99th=[ 1020]
   bw (  KiB/s): min=85654, max=667038, per=100.00%, avg=179805.59, stdev=2643.20, samples=1073
   iops        : min=21402, max=166754, avg=44947.80, stdev=660.81, samples=1073
  cpu          : usr=94.72%, sys=4.92%, ctx=17872, majf=0, minf=0
  IO depths    : 1=100.0%, 2=0.0%, 4=0.0%, 8=0.0%, 16=0.0%, 32=0.0%, >=64=0.0%
     submit    : 0=0.0%, 4=100.0%, 8=0.0%, 16=0.0%, 32=0.0%, 64=0.0%, >=64=0.0%
     complete  : 0=0.0%, 4=100.0%, 8=0.0%, 16=0.0%, 32=0.0%, 64=0.0%, >=64=0.0%
     issued rwts: total=448000,0,0,0 short=0,0,0,0 dropped=0,0,0,0
     latency   : target=0, window=0, percentile=100.00%, depth=1

Run status group 0 (all jobs):
   READ: bw=121MiB/s (126MB/s), 121MiB/s-121MiB/s (126MB/s-126MB/s), io=1750MiB (1835MB), run=14519-14519msec
