create: (g=0): rw=read, bs=(R) 4096B-4096B, (W) 4096B-4096B, (T) 4096B-4096B, ioengine=filecreate, iodepth=1
fio-3.41
Starting 1 thread

create: (groupid=0, jobs=1): err= 0: pid=664603: Fri Mar 13 01:37:55 2026
  read: IOPS=5050, BW=19.7MiB/s (20.7MB/s)(31.2MiB/1584msec)
    clat (usec): min=12, max=923, avg=19.71, stdev=13.13
    clat percentiles (usec):
     |  1.00th=[   15],  5.00th=[   16], 10.00th=[   17], 20.00th=[   18],
     | 30.00th=[   19], 40.00th=[   19], 50.00th=[   20], 60.00th=[   20],
     | 70.00th=[   21], 80.00th=[   21], 90.00th=[   22], 95.00th=[   26],
     | 99.00th=[   35], 99.50th=[   40], 99.90th=[   64], 99.95th=[  192],
     | 99.99th=[  922]
   bw (  KiB/s): min=12680, max=26235, per=90.67%, avg=18318.33, stdev=7058.87, samples=3
   iops        : min= 3170, max= 6558, avg=4579.33, stdev=1764.30, samples=3
  cpu          : usr=91.41%, sys=8.15%, ctx=179, majf=0, minf=0
  IO depths    : 1=100.0%, 2=0.0%, 4=0.0%, 8=0.0%, 16=0.0%, 32=0.0%, >=64=0.0%
     submit    : 0=0.0%, 4=100.0%, 8=0.0%, 16=0.0%, 32=0.0%, 64=0.0%, >=64=0.0%
     complete  : 0=0.0%, 4=100.0%, 8=0.0%, 16=0.0%, 32=0.0%, 64=0.0%, >=64=0.0%
     issued rwts: total=8000,0,0,0 short=0,0,0,0 dropped=0,0,0,0
     latency   : target=0, window=0, percentile=100.00%, depth=1

Run status group 0 (all jobs):
   READ: bw=19.7MiB/s (20.7MB/s), 19.7MiB/s-19.7MiB/s (20.7MB/s-20.7MB/s), io=31.2MiB (32.8MB), run=1584-1584msec
