create: (g=0): rw=read, bs=(R) 4096B-4096B, (W) 4096B-4096B, (T) 4096B-4096B, ioengine=filecreate, iodepth=1
...
fio-3.41
Starting 24 threads

create: (groupid=0, jobs=24): err= 0: pid=224833: Thu Mar 12 22:01:24 2026
  read: IOPS=25.2k, BW=98.3MiB/s (103MB/s)(750MiB/7629msec)
    clat (usec): min=11, max=3121, avg=27.32, stdev=47.81
    clat percentiles (usec):
     |  1.00th=[   15],  5.00th=[   16], 10.00th=[   17], 20.00th=[   18],
     | 30.00th=[   18], 40.00th=[   19], 50.00th=[   20], 60.00th=[   23],
     | 70.00th=[   28], 80.00th=[   34], 90.00th=[   44], 95.00th=[   57],
     | 99.00th=[   86], 99.50th=[   98], 99.90th=[  137], 99.95th=[ 1172],
     | 99.99th=[ 2540]
   bw (  KiB/s): min=70250, max=295801, per=100.00%, avg=124063.48, stdev=2843.66, samples=240
   iops        : min=17558, max=73949, avg=31014.15, stdev=710.91, samples=240
  cpu          : usr=95.97%, sys=3.68%, ctx=1464, majf=0, minf=0
  IO depths    : 1=100.0%, 2=0.0%, 4=0.0%, 8=0.0%, 16=0.0%, 32=0.0%, >=64=0.0%
     submit    : 0=0.0%, 4=100.0%, 8=0.0%, 16=0.0%, 32=0.0%, 64=0.0%, >=64=0.0%
     complete  : 0=0.0%, 4=100.0%, 8=0.0%, 16=0.0%, 32=0.0%, 64=0.0%, >=64=0.0%
     issued rwts: total=192000,0,0,0 short=0,0,0,0 dropped=0,0,0,0
     latency   : target=0, window=0, percentile=100.00%, depth=1

Run status group 0 (all jobs):
   READ: bw=98.3MiB/s (103MB/s), 98.3MiB/s-98.3MiB/s (103MB/s-103MB/s), io=750MiB (786MB), run=7629-7629msec
