create: (g=0): rw=read, bs=(R) 4096B-4096B, (W) 4096B-4096B, (T) 4096B-4096B, ioengine=filecreate, iodepth=1
...
fio-3.41
Starting 52 threads

create: (groupid=0, jobs=52): err= 0: pid=638285: Fri Mar 13 01:25:25 2026
  read: IOPS=28.8k, BW=112MiB/s (118MB/s)(1625MiB/14461msec)
    clat (usec): min=9, max=10144, avg=59.77, stdev=61.54
    clat percentiles (usec):
     |  1.00th=[   14],  5.00th=[   16], 10.00th=[   19], 20.00th=[   24],
     | 30.00th=[   28], 40.00th=[   33], 50.00th=[   40], 60.00th=[   49],
     | 70.00th=[   64], 80.00th=[   87], 90.00th=[  133], 95.00th=[  174],
     | 99.00th=[  255], 99.50th=[  289], 99.90th=[  359], 99.95th=[  424],
     | 99.99th=[ 1020]
   bw (  KiB/s): min=73795, max=570338, per=100.00%, avg=151041.58, stdev=2421.67, samples=1044
   iops        : min=18441, max=142579, avg=37759.47, stdev=605.39, samples=1044
  cpu          : usr=95.17%, sys=4.53%, ctx=11394, majf=0, minf=0
  IO depths    : 1=100.0%, 2=0.0%, 4=0.0%, 8=0.0%, 16=0.0%, 32=0.0%, >=64=0.0%
     submit    : 0=0.0%, 4=100.0%, 8=0.0%, 16=0.0%, 32=0.0%, 64=0.0%, >=64=0.0%
     complete  : 0=0.0%, 4=100.0%, 8=0.0%, 16=0.0%, 32=0.0%, 64=0.0%, >=64=0.0%
     issued rwts: total=416000,0,0,0 short=0,0,0,0 dropped=0,0,0,0
     latency   : target=0, window=0, percentile=100.00%, depth=1

Run status group 0 (all jobs):
   READ: bw=112MiB/s (118MB/s), 112MiB/s-112MiB/s (118MB/s-118MB/s), io=1625MiB (1704MB), run=14461-14461msec
