create: (g=0): rw=read, bs=(R) 4096B-4096B, (W) 4096B-4096B, (T) 4096B-4096B, ioengine=filecreate, iodepth=1
...
fio-3.41
Starting 16 threads

create: (groupid=0, jobs=16): err= 0: pid=123504: Thu Mar 12 21:11:21 2026
  read: IOPS=21.1k, BW=82.4MiB/s (86.4MB/s)(500MiB/6068msec)
    clat (usec): min=10, max=151, avg=20.66, stdev= 9.26
    clat percentiles (usec):
     |  1.00th=[   13],  5.00th=[   15], 10.00th=[   15], 20.00th=[   16],
     | 30.00th=[   17], 40.00th=[   17], 50.00th=[   18], 60.00th=[   19],
     | 70.00th=[   21], 80.00th=[   25], 90.00th=[   30], 95.00th=[   38],
     | 99.00th=[   65], 99.50th=[   72], 99.90th=[   87], 99.95th=[   96],
     | 99.99th=[  126]
   bw (  KiB/s): min=53791, max=215424, per=100.00%, avg=91134.46, stdev=3127.63, samples=155
   iops        : min=13443, max=53856, avg=22783.11, stdev=781.93, samples=155
  cpu          : usr=96.76%, sys=3.03%, ctx=814, majf=0, minf=0
  IO depths    : 1=100.0%, 2=0.0%, 4=0.0%, 8=0.0%, 16=0.0%, 32=0.0%, >=64=0.0%
     submit    : 0=0.0%, 4=100.0%, 8=0.0%, 16=0.0%, 32=0.0%, 64=0.0%, >=64=0.0%
     complete  : 0=0.0%, 4=100.0%, 8=0.0%, 16=0.0%, 32=0.0%, 64=0.0%, >=64=0.0%
     issued rwts: total=128000,0,0,0 short=0,0,0,0 dropped=0,0,0,0
     latency   : target=0, window=0, percentile=100.00%, depth=1

Run status group 0 (all jobs):
   READ: bw=82.4MiB/s (86.4MB/s), 82.4MiB/s-82.4MiB/s (86.4MB/s-86.4MB/s), io=500MiB (524MB), run=6068-6068msec
