create: (g=0): rw=read, bs=(R) 4096B-4096B, (W) 4096B-4096B, (T) 4096B-4096B, ioengine=filecreate, iodepth=1
...
fio-3.41
Starting 64 threads

create: (groupid=0, jobs=64): err= 0: pid=657482: Fri Mar 13 01:34:40 2026
  read: IOPS=24.8k, BW=96.9MiB/s (102MB/s)(2000MiB/20635msec)
    clat (usec): min=17, max=116608, avg=1290.11, stdev=2011.84
    clat percentiles (usec):
     |  1.00th=[   39],  5.00th=[   60], 10.00th=[   99], 20.00th=[  198],
     | 30.00th=[  363], 40.00th=[  807], 50.00th=[ 1270], 60.00th=[ 1549],
     | 70.00th=[ 1696], 80.00th=[ 1827], 90.00th=[ 1958], 95.00th=[ 2073],
     | 99.00th=[11469], 99.50th=[12518], 99.90th=[13960], 99.95th=[23725],
     | 99.99th=[66323]
   bw (  KiB/s): min=67468, max=191008, per=100.00%, avg=104078.22, stdev=458.35, samples=2432
   iops        : min=16858, max=47752, avg=26017.36, stdev=114.60, samples=2432
  cpu          : usr=46.29%, sys=43.94%, ctx=434334, majf=0, minf=0
  IO depths    : 1=100.0%, 2=0.0%, 4=0.0%, 8=0.0%, 16=0.0%, 32=0.0%, >=64=0.0%
     submit    : 0=0.0%, 4=100.0%, 8=0.0%, 16=0.0%, 32=0.0%, 64=0.0%, >=64=0.0%
     complete  : 0=0.0%, 4=100.0%, 8=0.0%, 16=0.0%, 32=0.0%, 64=0.0%, >=64=0.0%
     issued rwts: total=512000,0,0,0 short=0,0,0,0 dropped=0,0,0,0
     latency   : target=0, window=0, percentile=100.00%, depth=1

Run status group 0 (all jobs):
   READ: bw=96.9MiB/s (102MB/s), 96.9MiB/s-96.9MiB/s (102MB/s-102MB/s), io=2000MiB (2097MB), run=20635-20635msec
