create: (g=0): rw=read, bs=(R) 4096B-4096B, (W) 4096B-4096B, (T) 4096B-4096B, ioengine=filecreate, iodepth=1
...
fio-3.41
Starting 2 threads

create: (groupid=0, jobs=2): err= 0: pid=201650: Thu Mar 12 21:49:37 2026
  read: IOPS=6042, BW=23.6MiB/s (24.7MB/s)(62.5MiB/2648msec)
    clat (usec): min=16, max=547, avg=26.73, stdev=12.43
    clat percentiles (usec):
     |  1.00th=[   19],  5.00th=[   19], 10.00th=[   20], 20.00th=[   21],
     | 30.00th=[   21], 40.00th=[   22], 50.00th=[   23], 60.00th=[   23],
     | 70.00th=[   25], 80.00th=[   34], 90.00th=[   43], 95.00th=[   49],
     | 99.00th=[   69], 99.50th=[   77], 99.90th=[  110], 99.95th=[  169],
     | 99.99th=[  351]
   bw (  KiB/s): min=13416, max=34904, per=86.21%, avg=20836.80, stdev=4088.31, samples=10
   iops        : min= 3354, max= 8726, avg=5209.20, stdev=1022.08, samples=10
  cpu          : usr=89.97%, sys=9.52%, ctx=574, majf=0, minf=0
  IO depths    : 1=100.0%, 2=0.0%, 4=0.0%, 8=0.0%, 16=0.0%, 32=0.0%, >=64=0.0%
     submit    : 0=0.0%, 4=100.0%, 8=0.0%, 16=0.0%, 32=0.0%, 64=0.0%, >=64=0.0%
     complete  : 0=0.0%, 4=100.0%, 8=0.0%, 16=0.0%, 32=0.0%, 64=0.0%, >=64=0.0%
     issued rwts: total=16000,0,0,0 short=0,0,0,0 dropped=0,0,0,0
     latency   : target=0, window=0, percentile=100.00%, depth=1

Run status group 0 (all jobs):
   READ: bw=23.6MiB/s (24.7MB/s), 23.6MiB/s-23.6MiB/s (24.7MB/s-24.7MB/s), io=62.5MiB (65.5MB), run=2648-2648msec
