create: (g=0): rw=read, bs=(R) 4096B-4096B, (W) 4096B-4096B, (T) 4096B-4096B, ioengine=filecreate, iodepth=1
...
fio-3.41
Starting 56 threads

create: (groupid=0, jobs=56): err= 0: pid=175973: Thu Mar 12 21:37:14 2026
  read: IOPS=34.4k, BW=134MiB/s (141MB/s)(1750MiB/13022msec)
    clat (usec): min=11, max=28412, avg=129.79, stdev=325.38
    clat percentiles (usec):
     |  1.00th=[   16],  5.00th=[   20], 10.00th=[   24], 20.00th=[   29],
     | 30.00th=[   35], 40.00th=[   46], 50.00th=[   62], 60.00th=[   90],
     | 70.00th=[  143], 80.00th=[  233], 90.00th=[  334], 95.00th=[  396],
     | 99.00th=[  486], 99.50th=[  519], 99.90th=[ 1827], 99.95th=[ 5080],
     | 99.99th=[10421]
   bw (  KiB/s): min=82338, max=547694, per=100.00%, avg=161708.71, stdev=2103.82, samples=1139
   iops        : min=20570, max=136918, avg=40425.74, stdev=525.94, samples=1139
  cpu          : usr=90.10%, sys=9.05%, ctx=33881, majf=0, minf=0
  IO depths    : 1=100.0%, 2=0.0%, 4=0.0%, 8=0.0%, 16=0.0%, 32=0.0%, >=64=0.0%
     submit    : 0=0.0%, 4=100.0%, 8=0.0%, 16=0.0%, 32=0.0%, 64=0.0%, >=64=0.0%
     complete  : 0=0.0%, 4=100.0%, 8=0.0%, 16=0.0%, 32=0.0%, 64=0.0%, >=64=0.0%
     issued rwts: total=448000,0,0,0 short=0,0,0,0 dropped=0,0,0,0
     latency   : target=0, window=0, percentile=100.00%, depth=1

Run status group 0 (all jobs):
   READ: bw=134MiB/s (141MB/s), 134MiB/s-134MiB/s (141MB/s-141MB/s), io=1750MiB (1835MB), run=13022-13022msec
