create: (g=0): rw=read, bs=(R) 4096B-4096B, (W) 4096B-4096B, (T) 4096B-4096B, ioengine=filecreate, iodepth=1
...
fio-3.41
Starting 8 threads

create: (groupid=0, jobs=8): err= 0: pid=396359: Thu Mar 12 23:26:05 2026
  read: IOPS=9370, BW=36.6MiB/s (38.4MB/s)(250MiB/6830msec)
    clat (usec): min=15, max=1178, avg=33.77, stdev=27.65
    clat percentiles (usec):
     |  1.00th=[   20],  5.00th=[   24], 10.00th=[   25], 20.00th=[   27],
     | 30.00th=[   28], 40.00th=[   29], 50.00th=[   30], 60.00th=[   31],
     | 70.00th=[   34], 80.00th=[   39], 90.00th=[   48], 95.00th=[   57],
     | 99.00th=[   76], 99.50th=[   86], 99.90th=[  578], 99.95th=[  783],
     | 99.99th=[ 1020]
   bw (  KiB/s): min=42357, max=107898, per=100.00%, avg=59191.68, stdev=3032.73, samples=64
   iops        : min=10587, max=26974, avg=14797.32, stdev=758.20, samples=64
  cpu          : usr=94.07%, sys=5.61%, ctx=396, majf=0, minf=0
  IO depths    : 1=100.0%, 2=0.0%, 4=0.0%, 8=0.0%, 16=0.0%, 32=0.0%, >=64=0.0%
     submit    : 0=0.0%, 4=100.0%, 8=0.0%, 16=0.0%, 32=0.0%, 64=0.0%, >=64=0.0%
     complete  : 0=0.0%, 4=100.0%, 8=0.0%, 16=0.0%, 32=0.0%, 64=0.0%, >=64=0.0%
     issued rwts: total=64000,0,0,0 short=0,0,0,0 dropped=0,0,0,0
     latency   : target=0, window=0, percentile=100.00%, depth=1

Run status group 0 (all jobs):
   READ: bw=36.6MiB/s (38.4MB/s), 36.6MiB/s-36.6MiB/s (38.4MB/s-38.4MB/s), io=250MiB (262MB), run=6830-6830msec
