create: (g=0): rw=read, bs=(R) 4096B-4096B, (W) 4096B-4096B, (T) 4096B-4096B, ioengine=filecreate, iodepth=1
...
fio-3.41
Starting 52 threads

create: (groupid=0, jobs=52): err= 0: pid=267808: Thu Mar 12 22:22:37 2026
  read: IOPS=19.6k, BW=76.5MiB/s (80.3MB/s)(1625MiB/21229msec)
    clat (usec): min=20, max=337756, avg=1412.40, stdev=4377.08
    clat percentiles (usec):
     |  1.00th=[    31],  5.00th=[    47], 10.00th=[    78], 20.00th=[   190],
     | 30.00th=[   529], 40.00th=[   979], 50.00th=[  1254], 60.00th=[  1467],
     | 70.00th=[  1647], 80.00th=[  1762], 90.00th=[  1876], 95.00th=[  1975],
     | 99.00th=[ 16057], 99.50th=[ 19268], 99.90th=[ 23200], 99.95th=[ 23725],
     | 99.99th=[333448]
   bw (  KiB/s): min=50561, max=181288, per=100.00%, avg=93539.17, stdev=523.49, samples=1919
   iops        : min=12637, max=45319, avg=23383.41, stdev=130.87, samples=1919
  cpu          : usr=39.66%, sys=44.82%, ctx=228269, majf=0, minf=0
  IO depths    : 1=100.0%, 2=0.0%, 4=0.0%, 8=0.0%, 16=0.0%, 32=0.0%, >=64=0.0%
     submit    : 0=0.0%, 4=100.0%, 8=0.0%, 16=0.0%, 32=0.0%, 64=0.0%, >=64=0.0%
     complete  : 0=0.0%, 4=100.0%, 8=0.0%, 16=0.0%, 32=0.0%, 64=0.0%, >=64=0.0%
     issued rwts: total=416000,0,0,0 short=0,0,0,0 dropped=0,0,0,0
     latency   : target=0, window=0, percentile=100.00%, depth=1

Run status group 0 (all jobs):
   READ: bw=76.5MiB/s (80.3MB/s), 76.5MiB/s-76.5MiB/s (80.3MB/s-80.3MB/s), io=1625MiB (1704MB), run=21229-21229msec
