create: (g=0): rw=read, bs=(R) 4096B-4096B, (W) 4096B-4096B, (T) 4096B-4096B, ioengine=filecreate, iodepth=1
...
fio-3.41
Starting 40 threads

create: (groupid=0, jobs=40): err= 0: pid=714476: Fri Mar 13 02:02:03 2026
  read: IOPS=29.9k, BW=117MiB/s (122MB/s)(1250MiB/10717msec)
    clat (usec): min=18, max=28126, avg=379.48, stdev=687.75
    clat percentiles (usec):
     |  1.00th=[   25],  5.00th=[   29], 10.00th=[   38], 20.00th=[   65],
     | 30.00th=[  115], 40.00th=[  200], 50.00th=[  318], 60.00th=[  412],
     | 70.00th=[  490], 80.00th=[  594], 90.00th=[  734], 95.00th=[  816],
     | 99.00th=[  971], 99.50th=[ 1123], 99.90th=[10814], 99.95th=[11338],
     | 99.99th=[18482]
   bw (  KiB/s): min=85594, max=329147, per=100.00%, avg=140526.49, stdev=1904.69, samples=683
   iops        : min=21391, max=82280, avg=35125.97, stdev=476.16, samples=683
  cpu          : usr=65.95%, sys=30.38%, ctx=107403, majf=0, minf=0
  IO depths    : 1=100.0%, 2=0.0%, 4=0.0%, 8=0.0%, 16=0.0%, 32=0.0%, >=64=0.0%
     submit    : 0=0.0%, 4=100.0%, 8=0.0%, 16=0.0%, 32=0.0%, 64=0.0%, >=64=0.0%
     complete  : 0=0.0%, 4=100.0%, 8=0.0%, 16=0.0%, 32=0.0%, 64=0.0%, >=64=0.0%
     issued rwts: total=320000,0,0,0 short=0,0,0,0 dropped=0,0,0,0
     latency   : target=0, window=0, percentile=100.00%, depth=1

Run status group 0 (all jobs):
   READ: bw=117MiB/s (122MB/s), 117MiB/s-117MiB/s (122MB/s-122MB/s), io=1250MiB (1311MB), run=10717-10717msec
