create: (g=0): rw=read, bs=(R) 4096B-4096B, (W) 4096B-4096B, (T) 4096B-4096B, ioengine=filecreate, iodepth=1
...
fio-3.41
Starting 52 threads

create: (groupid=0, jobs=52): err= 0: pid=264014: Thu Mar 12 22:20:43 2026
  read: IOPS=30.0k, BW=117MiB/s (123MB/s)(1625MiB/13888msec)
    clat (usec): min=11, max=10237, avg=47.99, stdev=50.08
    clat percentiles (usec):
     |  1.00th=[   15],  5.00th=[   17], 10.00th=[   18], 20.00th=[   22],
     | 30.00th=[   25], 40.00th=[   28], 50.00th=[   34], 60.00th=[   41],
     | 70.00th=[   50], 80.00th=[   67], 90.00th=[   98], 95.00th=[  131],
     | 99.00th=[  210], 99.50th=[  245], 99.90th=[  318], 99.95th=[  363],
     | 99.99th=[  685]
   bw (  KiB/s): min=78693, max=608783, per=100.00%, avg=163916.88, stdev=2668.64, samples=952
   iops        : min=19662, max=152194, avg=40978.39, stdev=667.15, samples=952
  cpu          : usr=95.78%, sys=3.95%, ctx=10503, majf=0, minf=0
  IO depths    : 1=100.0%, 2=0.0%, 4=0.0%, 8=0.0%, 16=0.0%, 32=0.0%, >=64=0.0%
     submit    : 0=0.0%, 4=100.0%, 8=0.0%, 16=0.0%, 32=0.0%, 64=0.0%, >=64=0.0%
     complete  : 0=0.0%, 4=100.0%, 8=0.0%, 16=0.0%, 32=0.0%, 64=0.0%, >=64=0.0%
     issued rwts: total=416000,0,0,0 short=0,0,0,0 dropped=0,0,0,0
     latency   : target=0, window=0, percentile=100.00%, depth=1

Run status group 0 (all jobs):
   READ: bw=117MiB/s (123MB/s), 117MiB/s-117MiB/s (123MB/s-123MB/s), io=1625MiB (1704MB), run=13888-13888msec
