create: (g=0): rw=read, bs=(R) 4096B-4096B, (W) 4096B-4096B, (T) 4096B-4096B, ioengine=filecreate, iodepth=1
...
fio-3.41
Starting 60 threads

create: (groupid=0, jobs=60): err= 0: pid=839662: Fri Mar 13 03:03:32 2026
  read: IOPS=30.9k, BW=121MiB/s (127MB/s)(1875MiB/15532msec)
    clat (usec): min=9, max=11258, avg=168.92, stdev=328.05
    clat percentiles (usec):
     |  1.00th=[   14],  5.00th=[   20], 10.00th=[   25], 20.00th=[   31],
     | 30.00th=[   42], 40.00th=[   59], 50.00th=[   85], 60.00th=[  130],
     | 70.00th=[  200], 80.00th=[  293], 90.00th=[  429], 95.00th=[  519],
     | 99.00th=[  644], 99.50th=[  693], 99.90th=[ 5014], 99.95th=[ 9372],
     | 99.99th=[10552]
   bw (  KiB/s): min=80141, max=502727, per=100.00%, avg=153942.18, stdev=1754.17, samples=1373
   iops        : min=20026, max=125676, avg=38483.79, stdev=438.52, samples=1373
  cpu          : usr=88.42%, sys=10.65%, ctx=93979, majf=0, minf=0
  IO depths    : 1=100.0%, 2=0.0%, 4=0.0%, 8=0.0%, 16=0.0%, 32=0.0%, >=64=0.0%
     submit    : 0=0.0%, 4=100.0%, 8=0.0%, 16=0.0%, 32=0.0%, 64=0.0%, >=64=0.0%
     complete  : 0=0.0%, 4=100.0%, 8=0.0%, 16=0.0%, 32=0.0%, 64=0.0%, >=64=0.0%
     issued rwts: total=480000,0,0,0 short=0,0,0,0 dropped=0,0,0,0
     latency   : target=0, window=0, percentile=100.00%, depth=1

Run status group 0 (all jobs):
   READ: bw=121MiB/s (127MB/s), 121MiB/s-121MiB/s (127MB/s-127MB/s), io=1875MiB (1966MB), run=15532-15532msec
