create: (g=0): rw=read, bs=(R) 4096B-4096B, (W) 4096B-4096B, (T) 4096B-4096B, ioengine=filecreate, iodepth=1
...
fio-3.41
Starting 4 threads

create: (groupid=0, jobs=4): err= 0: pid=859398: Fri Mar 13 03:13:17 2026
  read: IOPS=8597, BW=33.6MiB/s (35.2MB/s)(125MiB/3722msec)
    clat (usec): min=14, max=1228, avg=29.59, stdev=24.64
    clat percentiles (usec):
     |  1.00th=[   19],  5.00th=[   21], 10.00th=[   22], 20.00th=[   24],
     | 30.00th=[   24], 40.00th=[   25], 50.00th=[   28], 60.00th=[   29],
     | 70.00th=[   30], 80.00th=[   33], 90.00th=[   41], 95.00th=[   47],
     | 99.00th=[   61], 99.50th=[   68], 99.90th=[   96], 99.95th=[  742],
     | 99.99th=[ 1074]
   bw (  KiB/s): min=24544, max=66477, per=100.00%, avg=37539.19, stdev=4086.76, samples=22
   iops        : min= 6136, max=16619, avg=9384.76, stdev=1021.65, samples=22
  cpu          : usr=92.28%, sys=7.35%, ctx=245, majf=0, minf=0
  IO depths    : 1=100.0%, 2=0.0%, 4=0.0%, 8=0.0%, 16=0.0%, 32=0.0%, >=64=0.0%
     submit    : 0=0.0%, 4=100.0%, 8=0.0%, 16=0.0%, 32=0.0%, 64=0.0%, >=64=0.0%
     complete  : 0=0.0%, 4=100.0%, 8=0.0%, 16=0.0%, 32=0.0%, 64=0.0%, >=64=0.0%
     issued rwts: total=32000,0,0,0 short=0,0,0,0 dropped=0,0,0,0
     latency   : target=0, window=0, percentile=100.00%, depth=1

Run status group 0 (all jobs):
   READ: bw=33.6MiB/s (35.2MB/s), 33.6MiB/s-33.6MiB/s (35.2MB/s-35.2MB/s), io=125MiB (131MB), run=3722-3722msec
