create: (g=0): rw=read, bs=(R) 4096B-4096B, (W) 4096B-4096B, (T) 4096B-4096B, ioengine=filecreate, iodepth=1
...
fio-3.41
Starting 20 threads

create: (groupid=0, jobs=20): err= 0: pid=686680: Fri Mar 13 01:49:29 2026
  read: IOPS=20.0k, BW=78.0MiB/s (81.8MB/s)(625MiB/8008msec)
    clat (usec): min=16, max=16004, avg=75.33, stdev=239.67
    clat percentiles (usec):
     |  1.00th=[   20],  5.00th=[   23], 10.00th=[   24], 20.00th=[   26],
     | 30.00th=[   28], 40.00th=[   33], 50.00th=[   42], 60.00th=[   55],
     | 70.00th=[   74], 80.00th=[  111], 90.00th=[  174], 95.00th=[  217],
     | 99.00th=[  285], 99.50th=[  310], 99.90th=[  469], 99.95th=[ 2008],
     | 99.99th=[14877]
   bw (  KiB/s): min=52482, max=247696, per=100.00%, avg=97711.00, stdev=3045.53, samples=229
   iops        : min=13115, max=61924, avg=24426.47, stdev=761.41, samples=229
  cpu          : usr=89.80%, sys=9.31%, ctx=9816, majf=0, minf=0
  IO depths    : 1=100.0%, 2=0.0%, 4=0.0%, 8=0.0%, 16=0.0%, 32=0.0%, >=64=0.0%
     submit    : 0=0.0%, 4=100.0%, 8=0.0%, 16=0.0%, 32=0.0%, 64=0.0%, >=64=0.0%
     complete  : 0=0.0%, 4=100.0%, 8=0.0%, 16=0.0%, 32=0.0%, 64=0.0%, >=64=0.0%
     issued rwts: total=160000,0,0,0 short=0,0,0,0 dropped=0,0,0,0
     latency   : target=0, window=0, percentile=100.00%, depth=1

Run status group 0 (all jobs):
   READ: bw=78.0MiB/s (81.8MB/s), 78.0MiB/s-78.0MiB/s (81.8MB/s-81.8MB/s), io=625MiB (655MB), run=8008-8008msec
