create: (g=0): rw=read, bs=(R) 4096B-4096B, (W) 4096B-4096B, (T) 4096B-4096B, ioengine=filecreate, iodepth=1
...
fio-3.41
Starting 36 threads

create: (groupid=0, jobs=36): err= 0: pid=336804: Thu Mar 12 22:56:53 2026
  read: IOPS=21.5k, BW=84.0MiB/s (88.1MB/s)(1125MiB/13392msec)
    clat (usec): min=16, max=329959, avg=584.01, stdev=3939.77
    clat percentiles (usec):
     |  1.00th=[    26],  5.00th=[    30], 10.00th=[    34], 20.00th=[    52],
     | 30.00th=[    85], 40.00th=[   155], 50.00th=[   343], 60.00th=[   586],
     | 70.00th=[   685], 80.00th=[   758], 90.00th=[   840], 95.00th=[   906],
     | 99.00th=[  5473], 99.50th=[ 16319], 99.90th=[ 21365], 99.95th=[ 23725],
     | 99.99th=[329253]
   bw (  KiB/s): min=35952, max=244556, per=100.00%, avg=107751.45, stdev=1451.37, samples=765
   iops        : min= 8988, max=61138, avg=26936.97, stdev=362.84, samples=765
  cpu          : usr=57.25%, sys=28.85%, ctx=76248, majf=0, minf=0
  IO depths    : 1=100.0%, 2=0.0%, 4=0.0%, 8=0.0%, 16=0.0%, 32=0.0%, >=64=0.0%
     submit    : 0=0.0%, 4=100.0%, 8=0.0%, 16=0.0%, 32=0.0%, 64=0.0%, >=64=0.0%
     complete  : 0=0.0%, 4=100.0%, 8=0.0%, 16=0.0%, 32=0.0%, 64=0.0%, >=64=0.0%
     issued rwts: total=288000,0,0,0 short=0,0,0,0 dropped=0,0,0,0
     latency   : target=0, window=0, percentile=100.00%, depth=1

Run status group 0 (all jobs):
   READ: bw=84.0MiB/s (88.1MB/s), 84.0MiB/s-84.0MiB/s (88.1MB/s-88.1MB/s), io=1125MiB (1180MB), run=13392-13392msec
