create: (g=0): rw=read, bs=(R) 4096B-4096B, (W) 4096B-4096B, (T) 4096B-4096B, ioengine=filecreate, iodepth=1
fio-3.41
Starting 1 thread

create: (groupid=0, jobs=1): err= 0: pid=476579: Fri Mar 13 00:05:19 2026
  read: IOPS=4494, BW=17.6MiB/s (18.4MB/s)(31.2MiB/1780msec)
    clat (usec): min=10, max=193, avg=15.54, stdev= 5.34
    clat percentiles (usec):
     |  1.00th=[   12],  5.00th=[   12], 10.00th=[   13], 20.00th=[   14],
     | 30.00th=[   14], 40.00th=[   15], 50.00th=[   15], 60.00th=[   16],
     | 70.00th=[   16], 80.00th=[   17], 90.00th=[   18], 95.00th=[   20],
     | 99.00th=[   38], 99.50th=[   55], 99.90th=[   60], 99.95th=[   78],
     | 99.99th=[  194]
   bw (  KiB/s): min=10832, max=18576, per=78.88%, avg=14181.33, stdev=3976.42, samples=3
   iops        : min= 2708, max= 4644, avg=3545.33, stdev=994.11, samples=3
  cpu          : usr=92.02%, sys=7.42%, ctx=384, majf=0, minf=0
  IO depths    : 1=100.0%, 2=0.0%, 4=0.0%, 8=0.0%, 16=0.0%, 32=0.0%, >=64=0.0%
     submit    : 0=0.0%, 4=100.0%, 8=0.0%, 16=0.0%, 32=0.0%, 64=0.0%, >=64=0.0%
     complete  : 0=0.0%, 4=100.0%, 8=0.0%, 16=0.0%, 32=0.0%, 64=0.0%, >=64=0.0%
     issued rwts: total=8000,0,0,0 short=0,0,0,0 dropped=0,0,0,0
     latency   : target=0, window=0, percentile=100.00%, depth=1

Run status group 0 (all jobs):
   READ: bw=17.6MiB/s (18.4MB/s), 17.6MiB/s-17.6MiB/s (18.4MB/s-18.4MB/s), io=31.2MiB (32.8MB), run=1780-1780msec
