create: (g=0): rw=read, bs=(R) 4096B-4096B, (W) 4096B-4096B, (T) 4096B-4096B, ioengine=filecreate, iodepth=1
...
fio-3.41
Starting 24 threads

create: (groupid=0, jobs=24): err= 0: pid=39533: Thu Mar 12 20:30:15 2026
  read: IOPS=24.9k, BW=97.1MiB/s (102MB/s)(750MiB/7721msec)
    clat (usec): min=11, max=1160, avg=23.85, stdev=14.76
    clat percentiles (usec):
     |  1.00th=[   14],  5.00th=[   16], 10.00th=[   16], 20.00th=[   17],
     | 30.00th=[   18], 40.00th=[   18], 50.00th=[   19], 60.00th=[   21],
     | 70.00th=[   25], 80.00th=[   30], 90.00th=[   38], 95.00th=[   47],
     | 99.00th=[   74], 99.50th=[   84], 99.90th=[  106], 99.95th=[  122],
     | 99.99th=[  163]
   bw (  KiB/s): min=56802, max=327506, per=100.00%, avg=111079.33, stdev=3400.78, samples=276
   iops        : min=14190, max=81876, avg=27768.43, stdev=850.20, samples=276
  cpu          : usr=96.66%, sys=3.14%, ctx=1718, majf=0, minf=0
  IO depths    : 1=100.0%, 2=0.0%, 4=0.0%, 8=0.0%, 16=0.0%, 32=0.0%, >=64=0.0%
     submit    : 0=0.0%, 4=100.0%, 8=0.0%, 16=0.0%, 32=0.0%, 64=0.0%, >=64=0.0%
     complete  : 0=0.0%, 4=100.0%, 8=0.0%, 16=0.0%, 32=0.0%, 64=0.0%, >=64=0.0%
     issued rwts: total=192000,0,0,0 short=0,0,0,0 dropped=0,0,0,0
     latency   : target=0, window=0, percentile=100.00%, depth=1

Run status group 0 (all jobs):
   READ: bw=97.1MiB/s (102MB/s), 97.1MiB/s-97.1MiB/s (102MB/s-102MB/s), io=750MiB (786MB), run=7721-7721msec
