create: (g=0): rw=read, bs=(R) 4096B-4096B, (W) 4096B-4096B, (T) 4096B-4096B, ioengine=filecreate, iodepth=1
...
fio-3.41
Starting 24 threads

create: (groupid=0, jobs=24): err= 0: pid=597784: Fri Mar 13 01:05:35 2026
  read: IOPS=19.5k, BW=76.2MiB/s (79.9MB/s)(750MiB/9842msec)
    clat (usec): min=11, max=612, avg=22.79, stdev=11.95
    clat percentiles (usec):
     |  1.00th=[   14],  5.00th=[   15], 10.00th=[   16], 20.00th=[   17],
     | 30.00th=[   18], 40.00th=[   18], 50.00th=[   19], 60.00th=[   20],
     | 70.00th=[   23], 80.00th=[   28], 90.00th=[   35], 95.00th=[   44],
     | 99.00th=[   72], 99.50th=[   81], 99.90th=[  106], 99.95th=[  118],
     | 99.99th=[  169]
   bw (  KiB/s): min=52769, max=287631, per=100.00%, avg=97516.33, stdev=2841.72, samples=322
   iops        : min=13183, max=71907, avg=24378.21, stdev=710.44, samples=322
  cpu          : usr=97.13%, sys=2.66%, ctx=1832, majf=0, minf=0
  IO depths    : 1=100.0%, 2=0.0%, 4=0.0%, 8=0.0%, 16=0.0%, 32=0.0%, >=64=0.0%
     submit    : 0=0.0%, 4=100.0%, 8=0.0%, 16=0.0%, 32=0.0%, 64=0.0%, >=64=0.0%
     complete  : 0=0.0%, 4=100.0%, 8=0.0%, 16=0.0%, 32=0.0%, 64=0.0%, >=64=0.0%
     issued rwts: total=192000,0,0,0 short=0,0,0,0 dropped=0,0,0,0
     latency   : target=0, window=0, percentile=100.00%, depth=1

Run status group 0 (all jobs):
   READ: bw=76.2MiB/s (79.9MB/s), 76.2MiB/s-76.2MiB/s (79.9MB/s-79.9MB/s), io=750MiB (786MB), run=9842-9842msec
