create: (g=0): rw=read, bs=(R) 4096B-4096B, (W) 4096B-4096B, (T) 4096B-4096B, ioengine=filecreate, iodepth=1
fio-3.41
Starting 1 thread

create: (groupid=0, jobs=1): err= 0: pid=570273: Fri Mar 13 00:51:14 2026
  read: IOPS=5208, BW=20.3MiB/s (21.3MB/s)(31.2MiB/1536msec)
    clat (usec): min=10, max=227, avg=15.29, stdev= 5.20
    clat percentiles (usec):
     |  1.00th=[   12],  5.00th=[   12], 10.00th=[   13], 20.00th=[   13],
     | 30.00th=[   14], 40.00th=[   15], 50.00th=[   15], 60.00th=[   16],
     | 70.00th=[   16], 80.00th=[   17], 90.00th=[   18], 95.00th=[   20],
     | 99.00th=[   38], 99.50th=[   55], 99.90th=[   62], 99.95th=[   81],
     | 99.99th=[  229]
   bw (  KiB/s): min=12960, max=29320, per=94.20%, avg=19626.67, stdev=8589.70, samples=3
   iops        : min= 3240, max= 7330, avg=4906.67, stdev=2147.42, samples=3
  cpu          : usr=89.77%, sys=9.71%, ctx=165, majf=0, minf=0
  IO depths    : 1=100.0%, 2=0.0%, 4=0.0%, 8=0.0%, 16=0.0%, 32=0.0%, >=64=0.0%
     submit    : 0=0.0%, 4=100.0%, 8=0.0%, 16=0.0%, 32=0.0%, 64=0.0%, >=64=0.0%
     complete  : 0=0.0%, 4=100.0%, 8=0.0%, 16=0.0%, 32=0.0%, 64=0.0%, >=64=0.0%
     issued rwts: total=8000,0,0,0 short=0,0,0,0 dropped=0,0,0,0
     latency   : target=0, window=0, percentile=100.00%, depth=1

Run status group 0 (all jobs):
   READ: bw=20.3MiB/s (21.3MB/s), 20.3MiB/s-20.3MiB/s (21.3MB/s-21.3MB/s), io=31.2MiB (32.8MB), run=1536-1536msec
