create: (g=0): rw=read, bs=(R) 4096B-4096B, (W) 4096B-4096B, (T) 4096B-4096B, ioengine=filecreate, iodepth=1
...
fio-3.41
Starting 40 threads

create: (groupid=0, jobs=40): err= 0: pid=901006: Fri Mar 13 03:34:15 2026
  read: IOPS=31.1k, BW=122MiB/s (127MB/s)(1250MiB/10288msec)
    clat (usec): min=9, max=10308, avg=59.28, stdev=93.06
    clat percentiles (usec):
     |  1.00th=[   13],  5.00th=[   16], 10.00th=[   18], 20.00th=[   22],
     | 30.00th=[   27], 40.00th=[   32], 50.00th=[   40], 60.00th=[   50],
     | 70.00th=[   65], 80.00th=[   88], 90.00th=[  129], 95.00th=[  169],
     | 99.00th=[  249], 99.50th=[  277], 99.90th=[  343], 99.95th=[  379],
     | 99.99th=[ 1942]
   bw (  KiB/s): min=74475, max=449708, per=100.00%, avg=146660.75, stdev=2746.40, samples=588
   iops        : min=18609, max=112423, avg=36664.27, stdev=686.58, samples=588
  cpu          : usr=93.77%, sys=5.90%, ctx=6552, majf=0, minf=0
  IO depths    : 1=100.0%, 2=0.0%, 4=0.0%, 8=0.0%, 16=0.0%, 32=0.0%, >=64=0.0%
     submit    : 0=0.0%, 4=100.0%, 8=0.0%, 16=0.0%, 32=0.0%, 64=0.0%, >=64=0.0%
     complete  : 0=0.0%, 4=100.0%, 8=0.0%, 16=0.0%, 32=0.0%, 64=0.0%, >=64=0.0%
     issued rwts: total=320000,0,0,0 short=0,0,0,0 dropped=0,0,0,0
     latency   : target=0, window=0, percentile=100.00%, depth=1

Run status group 0 (all jobs):
   READ: bw=122MiB/s (127MB/s), 122MiB/s-122MiB/s (127MB/s-127MB/s), io=1250MiB (1311MB), run=10288-10288msec
