create: (g=0): rw=read, bs=(R) 4096B-4096B, (W) 4096B-4096B, (T) 4096B-4096B, ioengine=filecreate, iodepth=1
...
fio-3.41
Starting 44 threads

create: (groupid=0, jobs=44): err= 0: pid=348046: Thu Mar 12 23:02:25 2026
  read: IOPS=20.4k, BW=79.7MiB/s (83.6MB/s)(1375MiB/17252msec)
    clat (usec): min=19, max=332303, avg=998.30, stdev=4184.37
    clat percentiles (usec):
     |  1.00th=[    28],  5.00th=[    36], 10.00th=[    50], 20.00th=[   106],
     | 30.00th=[   255], 40.00th=[   701], 50.00th=[   848], 60.00th=[   979],
     | 70.00th=[  1106], 80.00th=[  1221], 90.00th=[  1336], 95.00th=[  1418],
     | 99.00th=[ 11076], 99.50th=[ 18482], 99.90th=[ 25035], 99.95th=[ 27395],
     | 99.99th=[329253]
   bw (  KiB/s): min=51923, max=180576, per=100.00%, avg=98857.23, stdev=722.69, samples=1256
   iops        : min=12980, max=45144, avg=24711.50, stdev=180.70, samples=1256
  cpu          : usr=45.39%, sys=39.40%, ctx=151935, majf=0, minf=0
  IO depths    : 1=100.0%, 2=0.0%, 4=0.0%, 8=0.0%, 16=0.0%, 32=0.0%, >=64=0.0%
     submit    : 0=0.0%, 4=100.0%, 8=0.0%, 16=0.0%, 32=0.0%, 64=0.0%, >=64=0.0%
     complete  : 0=0.0%, 4=100.0%, 8=0.0%, 16=0.0%, 32=0.0%, 64=0.0%, >=64=0.0%
     issued rwts: total=352000,0,0,0 short=0,0,0,0 dropped=0,0,0,0
     latency   : target=0, window=0, percentile=100.00%, depth=1

Run status group 0 (all jobs):
   READ: bw=79.7MiB/s (83.6MB/s), 79.7MiB/s-79.7MiB/s (83.6MB/s-83.6MB/s), io=1375MiB (1442MB), run=17252-17252msec
