create: (g=0): rw=read, bs=(R) 4096B-4096B, (W) 4096B-4096B, (T) 4096B-4096B, ioengine=filecreate, iodepth=1
...
fio-3.41
Starting 36 threads

create: (groupid=0, jobs=36): err= 0: pid=614955: Fri Mar 13 01:14:04 2026
  read: IOPS=29.1k, BW=114MiB/s (119MB/s)(1125MiB/9911msec)
    clat (usec): min=9, max=1486, avg=46.99, stdev=41.81
    clat percentiles (usec):
     |  1.00th=[   14],  5.00th=[   16], 10.00th=[   18], 20.00th=[   20],
     | 30.00th=[   23], 40.00th=[   27], 50.00th=[   32], 60.00th=[   39],
     | 70.00th=[   48], 80.00th=[   66], 90.00th=[  101], 95.00th=[  137],
     | 99.00th=[  206], 99.50th=[  235], 99.90th=[  297], 99.95th=[  322],
     | 99.99th=[  461]
   bw (  KiB/s): min=63893, max=446114, per=100.00%, avg=133292.89, stdev=2908.86, samples=542
   iops        : min=15967, max=111527, avg=33322.30, stdev=727.21, samples=542
  cpu          : usr=94.89%, sys=4.87%, ctx=3313, majf=0, minf=0
  IO depths    : 1=100.0%, 2=0.0%, 4=0.0%, 8=0.0%, 16=0.0%, 32=0.0%, >=64=0.0%
     submit    : 0=0.0%, 4=100.0%, 8=0.0%, 16=0.0%, 32=0.0%, 64=0.0%, >=64=0.0%
     complete  : 0=0.0%, 4=100.0%, 8=0.0%, 16=0.0%, 32=0.0%, 64=0.0%, >=64=0.0%
     issued rwts: total=288000,0,0,0 short=0,0,0,0 dropped=0,0,0,0
     latency   : target=0, window=0, percentile=100.00%, depth=1

Run status group 0 (all jobs):
   READ: bw=114MiB/s (119MB/s), 114MiB/s-114MiB/s (119MB/s-119MB/s), io=1125MiB (1180MB), run=9911-9911msec
