create: (g=0): rw=read, bs=(R) 4096B-4096B, (W) 4096B-4096B, (T) 4096B-4096B, ioengine=filecreate, iodepth=1
...
fio-3.41
Starting 2 threads

create: (groupid=0, jobs=2): err= 0: pid=202986: Thu Mar 12 21:50:20 2026
  read: IOPS=5052, BW=19.7MiB/s (20.7MB/s)(62.5MiB/3167msec)
    clat (usec): min=12, max=1584, avg=24.66, stdev=24.12
    clat percentiles (usec):
     |  1.00th=[   16],  5.00th=[   19], 10.00th=[   20], 20.00th=[   21],
     | 30.00th=[   23], 40.00th=[   23], 50.00th=[   24], 60.00th=[   25],
     | 70.00th=[   25], 80.00th=[   26], 90.00th=[   29], 95.00th=[   35],
     | 99.00th=[   46], 99.50th=[   54], 99.90th=[   71], 99.95th=[  594],
     | 99.99th=[ 1582]
   bw (  KiB/s): min=10496, max=30760, per=84.24%, avg=17024.00, stdev=3526.97, samples=12
   iops        : min= 2624, max= 7690, avg=4256.00, stdev=881.74, samples=12
  cpu          : usr=94.30%, sys=5.23%, ctx=680, majf=0, minf=0
  IO depths    : 1=100.0%, 2=0.0%, 4=0.0%, 8=0.0%, 16=0.0%, 32=0.0%, >=64=0.0%
     submit    : 0=0.0%, 4=100.0%, 8=0.0%, 16=0.0%, 32=0.0%, 64=0.0%, >=64=0.0%
     complete  : 0=0.0%, 4=100.0%, 8=0.0%, 16=0.0%, 32=0.0%, 64=0.0%, >=64=0.0%
     issued rwts: total=16000,0,0,0 short=0,0,0,0 dropped=0,0,0,0
     latency   : target=0, window=0, percentile=100.00%, depth=1

Run status group 0 (all jobs):
   READ: bw=19.7MiB/s (20.7MB/s), 19.7MiB/s-19.7MiB/s (20.7MB/s-20.7MB/s), io=62.5MiB (65.5MB), run=3167-3167msec
