create: (g=0): rw=read, bs=(R) 4096B-4096B, (W) 4096B-4096B, (T) 4096B-4096B, ioengine=filecreate, iodepth=1
...
fio-3.41
Starting 48 threads

create: (groupid=0, jobs=48): err= 0: pid=165719: Thu Mar 12 21:32:18 2026
  read: IOPS=27.9k, BW=109MiB/s (114MB/s)(1500MiB/13754msec)
    clat (usec): min=17, max=87406, avg=619.92, stdev=829.60
    clat percentiles (usec):
     |  1.00th=[   26],  5.00th=[   42], 10.00th=[   62], 20.00th=[  130],
     | 30.00th=[  253], 40.00th=[  469], 50.00th=[  619], 60.00th=[  742],
     | 70.00th=[  865], 80.00th=[  947], 90.00th=[ 1037], 95.00th=[ 1106],
     | 99.00th=[ 1237], 99.50th=[ 6980], 99.90th=[11207], 99.95th=[11731],
     | 99.99th=[20055]
   bw (  KiB/s): min=78305, max=236988, per=100.00%, avg=126113.15, stdev=891.80, samples=1123
   iops        : min=19571, max=59244, avg=31526.68, stdev=222.94, samples=1123
  cpu          : usr=58.81%, sys=37.46%, ctx=168493, majf=0, minf=0
  IO depths    : 1=100.0%, 2=0.0%, 4=0.0%, 8=0.0%, 16=0.0%, 32=0.0%, >=64=0.0%
     submit    : 0=0.0%, 4=100.0%, 8=0.0%, 16=0.0%, 32=0.0%, 64=0.0%, >=64=0.0%
     complete  : 0=0.0%, 4=100.0%, 8=0.0%, 16=0.0%, 32=0.0%, 64=0.0%, >=64=0.0%
     issued rwts: total=384000,0,0,0 short=0,0,0,0 dropped=0,0,0,0
     latency   : target=0, window=0, percentile=100.00%, depth=1

Run status group 0 (all jobs):
   READ: bw=109MiB/s (114MB/s), 109MiB/s-109MiB/s (114MB/s-114MB/s), io=1500MiB (1573MB), run=13754-13754msec
