create: (g=0): rw=read, bs=(R) 4096B-4096B, (W) 4096B-4096B, (T) 4096B-4096B, ioengine=filecreate, iodepth=1
...
fio-3.41
Starting 64 threads

create: (groupid=0, jobs=64): err= 0: pid=287295: Thu Mar 12 22:31:50 2026
  read: IOPS=32.6k, BW=127MiB/s (134MB/s)(2000MiB/15694msec)
    clat (usec): min=9, max=13881, avg=390.76, stdev=632.93
    clat percentiles (usec):
     |  1.00th=[   23],  5.00th=[   27], 10.00th=[   31], 20.00th=[   46],
     | 30.00th=[   72], 40.00th=[  124], 50.00th=[  239], 60.00th=[  469],
     | 70.00th=[  619], 80.00th=[  717], 90.00th=[  799], 95.00th=[  857],
     | 99.00th=[  955], 99.50th=[ 1057], 99.90th=[10421], 99.95th=[10683],
     | 99.99th=[11338]
   bw (  KiB/s): min=72279, max=381974, per=100.00%, avg=142096.22, stdev=1279.25, samples=1760
   iops        : min=18053, max=95492, avg=35521.99, stdev=319.81, samples=1760
  cpu          : usr=77.61%, sys=19.95%, ctx=255092, majf=0, minf=0
  IO depths    : 1=100.0%, 2=0.0%, 4=0.0%, 8=0.0%, 16=0.0%, 32=0.0%, >=64=0.0%
     submit    : 0=0.0%, 4=100.0%, 8=0.0%, 16=0.0%, 32=0.0%, 64=0.0%, >=64=0.0%
     complete  : 0=0.0%, 4=100.0%, 8=0.0%, 16=0.0%, 32=0.0%, 64=0.0%, >=64=0.0%
     issued rwts: total=512000,0,0,0 short=0,0,0,0 dropped=0,0,0,0
     latency   : target=0, window=0, percentile=100.00%, depth=1

Run status group 0 (all jobs):
   READ: bw=127MiB/s (134MB/s), 127MiB/s-127MiB/s (134MB/s-134MB/s), io=2000MiB (2097MB), run=15694-15694msec
