create: (g=0): rw=read, bs=(R) 4096B-4096B, (W) 4096B-4096B, (T) 4096B-4096B, ioengine=filecreate, iodepth=1
...
fio-3.41
Starting 64 threads

create: (groupid=0, jobs=64): err= 0: pid=97019: Thu Mar 12 20:57:57 2026
  read: IOPS=34.4k, BW=134MiB/s (141MB/s)(2000MiB/14885msec)
    clat (usec): min=11, max=44124, avg=187.58, stdev=599.77
    clat percentiles (usec):
     |  1.00th=[   16],  5.00th=[   22], 10.00th=[   26], 20.00th=[   31],
     | 30.00th=[   44], 40.00th=[   62], 50.00th=[   93], 60.00th=[  145],
     | 70.00th=[  215], 80.00th=[  310], 90.00th=[  424], 95.00th=[  502],
     | 99.00th=[  635], 99.50th=[  717], 99.90th=[ 8848], 99.95th=[10290],
     | 99.99th=[28181]
   bw (  KiB/s): min=84917, max=566419, per=100.00%, avg=161462.61, stdev=1849.99, samples=1458
   iops        : min=21222, max=141601, avg=40363.80, stdev=462.49, samples=1458
  cpu          : usr=87.06%, sys=10.81%, ctx=196604, majf=0, minf=0
  IO depths    : 1=100.0%, 2=0.0%, 4=0.0%, 8=0.0%, 16=0.0%, 32=0.0%, >=64=0.0%
     submit    : 0=0.0%, 4=100.0%, 8=0.0%, 16=0.0%, 32=0.0%, 64=0.0%, >=64=0.0%
     complete  : 0=0.0%, 4=100.0%, 8=0.0%, 16=0.0%, 32=0.0%, 64=0.0%, >=64=0.0%
     issued rwts: total=512000,0,0,0 short=0,0,0,0 dropped=0,0,0,0
     latency   : target=0, window=0, percentile=100.00%, depth=1

Run status group 0 (all jobs):
   READ: bw=134MiB/s (141MB/s), 134MiB/s-134MiB/s (141MB/s-141MB/s), io=2000MiB (2097MB), run=14885-14885msec
