create: (g=0): rw=read, bs=(R) 4096B-4096B, (W) 4096B-4096B, (T) 4096B-4096B, ioengine=filecreate, iodepth=1
fio-3.41
Starting 1 thread

create: (groupid=0, jobs=1): err= 0: pid=383488: Thu Mar 12 23:19:14 2026
  read: IOPS=5154, BW=20.1MiB/s (21.1MB/s)(31.2MiB/1552msec)
    clat (usec): min=10, max=227, avg=15.35, stdev= 5.76
    clat percentiles (usec):
     |  1.00th=[   12],  5.00th=[   12], 10.00th=[   13], 20.00th=[   13],
     | 30.00th=[   14], 40.00th=[   15], 50.00th=[   15], 60.00th=[   16],
     | 70.00th=[   16], 80.00th=[   17], 90.00th=[   18], 95.00th=[   20],
     | 99.00th=[   44], 99.50th=[   53], 99.90th=[   64], 99.95th=[   81],
     | 99.99th=[  229]
   bw (  KiB/s): min=12720, max=28119, per=92.49%, avg=19071.67, stdev=8045.64, samples=3
   iops        : min= 3180, max= 7029, avg=4767.67, stdev=2010.99, samples=3
  cpu          : usr=92.84%, sys=6.58%, ctx=171, majf=0, minf=0
  IO depths    : 1=100.0%, 2=0.0%, 4=0.0%, 8=0.0%, 16=0.0%, 32=0.0%, >=64=0.0%
     submit    : 0=0.0%, 4=100.0%, 8=0.0%, 16=0.0%, 32=0.0%, 64=0.0%, >=64=0.0%
     complete  : 0=0.0%, 4=100.0%, 8=0.0%, 16=0.0%, 32=0.0%, 64=0.0%, >=64=0.0%
     issued rwts: total=8000,0,0,0 short=0,0,0,0 dropped=0,0,0,0
     latency   : target=0, window=0, percentile=100.00%, depth=1

Run status group 0 (all jobs):
   READ: bw=20.1MiB/s (21.1MB/s), 20.1MiB/s-20.1MiB/s (21.1MB/s-21.1MB/s), io=31.2MiB (32.8MB), run=1552-1552msec
