create: (g=0): rw=read, bs=(R) 4096B-4096B, (W) 4096B-4096B, (T) 4096B-4096B, ioengine=filecreate, iodepth=1
...
fio-3.41
Starting 32 threads

create: (groupid=0, jobs=32): err= 0: pid=330438: Thu Mar 12 22:53:42 2026
  read: IOPS=27.6k, BW=108MiB/s (113MB/s)(1000MiB/9268msec)
    clat (usec): min=9, max=385, avg=31.27, stdev=22.14
    clat percentiles (usec):
     |  1.00th=[   13],  5.00th=[   15], 10.00th=[   16], 20.00th=[   18],
     | 30.00th=[   19], 40.00th=[   21], 50.00th=[   25], 60.00th=[   28],
     | 70.00th=[   33], 80.00th=[   40], 90.00th=[   55], 95.00th=[   75],
     | 99.00th=[  127], 99.50th=[  147], 99.90th=[  184], 99.95th=[  196],
     | 99.99th=[  245]
   bw (  KiB/s): min=67334, max=399833, per=100.00%, avg=128865.90, stdev=2848.76, samples=445
   iops        : min=16826, max=99956, avg=32214.20, stdev=712.19, samples=445
  cpu          : usr=96.58%, sys=3.20%, ctx=2036, majf=0, minf=0
  IO depths    : 1=100.0%, 2=0.0%, 4=0.0%, 8=0.0%, 16=0.0%, 32=0.0%, >=64=0.0%
     submit    : 0=0.0%, 4=100.0%, 8=0.0%, 16=0.0%, 32=0.0%, 64=0.0%, >=64=0.0%
     complete  : 0=0.0%, 4=100.0%, 8=0.0%, 16=0.0%, 32=0.0%, 64=0.0%, >=64=0.0%
     issued rwts: total=256000,0,0,0 short=0,0,0,0 dropped=0,0,0,0
     latency   : target=0, window=0, percentile=100.00%, depth=1

Run status group 0 (all jobs):
   READ: bw=108MiB/s (113MB/s), 108MiB/s-108MiB/s (113MB/s-113MB/s), io=1000MiB (1049MB), run=9268-9268msec
