create: (g=0): rw=read, bs=(R) 4096B-4096B, (W) 4096B-4096B, (T) 4096B-4096B, ioengine=filecreate, iodepth=1
...
fio-3.41
Starting 4 threads

create: (groupid=0, jobs=4): err= 0: pid=577626: Fri Mar 13 00:55:11 2026
  read: IOPS=8658, BW=33.8MiB/s (35.5MB/s)(125MiB/3696msec)
    clat (usec): min=16, max=888, avg=28.00, stdev=14.56
    clat percentiles (usec):
     |  1.00th=[   19],  5.00th=[   20], 10.00th=[   20], 20.00th=[   21],
     | 30.00th=[   22], 40.00th=[   23], 50.00th=[   24], 60.00th=[   25],
     | 70.00th=[   28], 80.00th=[   35], 90.00th=[   43], 95.00th=[   52],
     | 99.00th=[   74], 99.50th=[   82], 99.90th=[  108], 99.95th=[  128],
     | 99.99th=[  433]
   bw (  KiB/s): min=24970, max=63898, per=100.00%, avg=36951.29, stdev=3968.54, samples=22
   iops        : min= 6242, max=15974, avg=9237.67, stdev=992.07, samples=22
  cpu          : usr=91.02%, sys=8.70%, ctx=243, majf=0, minf=0
  IO depths    : 1=100.0%, 2=0.0%, 4=0.0%, 8=0.0%, 16=0.0%, 32=0.0%, >=64=0.0%
     submit    : 0=0.0%, 4=100.0%, 8=0.0%, 16=0.0%, 32=0.0%, 64=0.0%, >=64=0.0%
     complete  : 0=0.0%, 4=100.0%, 8=0.0%, 16=0.0%, 32=0.0%, 64=0.0%, >=64=0.0%
     issued rwts: total=32000,0,0,0 short=0,0,0,0 dropped=0,0,0,0
     latency   : target=0, window=0, percentile=100.00%, depth=1

Run status group 0 (all jobs):
   READ: bw=33.8MiB/s (35.5MB/s), 33.8MiB/s-33.8MiB/s (35.5MB/s-35.5MB/s), io=125MiB (131MB), run=3696-3696msec
