create: (g=0): rw=read, bs=(R) 4096B-4096B, (W) 4096B-4096B, (T) 4096B-4096B, ioengine=filecreate, iodepth=1
...
fio-3.41
Starting 60 threads

create: (groupid=0, jobs=60): err= 0: pid=182641: Thu Mar 12 21:40:29 2026
  read: IOPS=32.0k, BW=125MiB/s (131MB/s)(1875MiB/14991msec)
    clat (usec): min=12, max=50718, avg=141.55, stdev=561.03
    clat percentiles (usec):
     |  1.00th=[   17],  5.00th=[   22], 10.00th=[   26], 20.00th=[   30],
     | 30.00th=[   38], 40.00th=[   50], 50.00th=[   71], 60.00th=[  105],
     | 70.00th=[  155], 80.00th=[  231], 90.00th=[  347], 95.00th=[  412],
     | 99.00th=[  519], 99.50th=[  562], 99.90th=[ 3490], 99.95th=[ 6980],
     | 99.99th=[26870]
   bw (  KiB/s): min=71440, max=578039, per=100.00%, avg=152395.51, stdev=2063.74, samples=1423
   iops        : min=17852, max=144509, avg=38097.98, stdev=515.94, samples=1423
  cpu          : usr=90.59%, sys=8.30%, ctx=54171, majf=0, minf=0
  IO depths    : 1=100.0%, 2=0.0%, 4=0.0%, 8=0.0%, 16=0.0%, 32=0.0%, >=64=0.0%
     submit    : 0=0.0%, 4=100.0%, 8=0.0%, 16=0.0%, 32=0.0%, 64=0.0%, >=64=0.0%
     complete  : 0=0.0%, 4=100.0%, 8=0.0%, 16=0.0%, 32=0.0%, 64=0.0%, >=64=0.0%
     issued rwts: total=480000,0,0,0 short=0,0,0,0 dropped=0,0,0,0
     latency   : target=0, window=0, percentile=100.00%, depth=1

Run status group 0 (all jobs):
   READ: bw=125MiB/s (131MB/s), 125MiB/s-125MiB/s (131MB/s-131MB/s), io=1875MiB (1966MB), run=14991-14991msec
