create: (g=0): rw=read, bs=(R) 4096B-4096B, (W) 4096B-4096B, (T) 4096B-4096B, ioengine=filecreate, iodepth=1
...
fio-3.41
Starting 64 threads

create: (groupid=0, jobs=64): err= 0: pid=470094: Fri Mar 13 00:02:22 2026
  read: IOPS=34.6k, BW=135MiB/s (142MB/s)(2000MiB/14808msec)
    clat (usec): min=11, max=11638, avg=254.63, stdev=467.77
    clat percentiles (usec):
     |  1.00th=[   16],  5.00th=[   24], 10.00th=[   26], 20.00th=[   31],
     | 30.00th=[   43], 40.00th=[   63], 50.00th=[  108], 60.00th=[  225],
     | 70.00th=[  355], 80.00th=[  494], 90.00th=[  635], 95.00th=[  717],
     | 99.00th=[  848], 99.50th=[  914], 99.90th=[ 9503], 99.95th=[10421],
     | 99.99th=[11076]
   bw (  KiB/s): min=79276, max=473134, per=100.00%, avg=149478.70, stdev=1528.38, samples=1600
   iops        : min=19797, max=118279, avg=37368.09, stdev=382.09, samples=1600
  cpu          : usr=83.86%, sys=14.57%, ctx=197497, majf=0, minf=0
  IO depths    : 1=100.0%, 2=0.0%, 4=0.0%, 8=0.0%, 16=0.0%, 32=0.0%, >=64=0.0%
     submit    : 0=0.0%, 4=100.0%, 8=0.0%, 16=0.0%, 32=0.0%, 64=0.0%, >=64=0.0%
     complete  : 0=0.0%, 4=100.0%, 8=0.0%, 16=0.0%, 32=0.0%, 64=0.0%, >=64=0.0%
     issued rwts: total=512000,0,0,0 short=0,0,0,0 dropped=0,0,0,0
     latency   : target=0, window=0, percentile=100.00%, depth=1

Run status group 0 (all jobs):
   READ: bw=135MiB/s (142MB/s), 135MiB/s-135MiB/s (142MB/s-142MB/s), io=2000MiB (2097MB), run=14808-14808msec
