create: (g=0): rw=read, bs=(R) 4096B-4096B, (W) 4096B-4096B, (T) 4096B-4096B, ioengine=filecreate, iodepth=1
...
fio-3.41
Starting 12 threads

create: (groupid=0, jobs=12): err= 0: pid=397239: Thu Mar 12 23:26:31 2026
  read: IOPS=16.2k, BW=63.3MiB/s (66.4MB/s)(375MiB/5921msec)
    clat (usec): min=11, max=2230, avg=20.65, stdev=28.75
    clat percentiles (usec):
     |  1.00th=[   14],  5.00th=[   15], 10.00th=[   16], 20.00th=[   16],
     | 30.00th=[   17], 40.00th=[   18], 50.00th=[   18], 60.00th=[   19],
     | 70.00th=[   20], 80.00th=[   23], 90.00th=[   29], 95.00th=[   34],
     | 99.00th=[   61], 99.50th=[   68], 99.90th=[   84], 99.95th=[   98],
     | 99.99th=[ 1860]
   bw (  KiB/s): min=40812, max=169576, per=100.00%, avg=72016.15, stdev=3365.61, samples=109
   iops        : min=10200, max=42391, avg=18002.98, stdev=841.36, samples=109
  cpu          : usr=96.53%, sys=3.20%, ctx=524, majf=0, minf=0
  IO depths    : 1=100.0%, 2=0.0%, 4=0.0%, 8=0.0%, 16=0.0%, 32=0.0%, >=64=0.0%
     submit    : 0=0.0%, 4=100.0%, 8=0.0%, 16=0.0%, 32=0.0%, 64=0.0%, >=64=0.0%
     complete  : 0=0.0%, 4=100.0%, 8=0.0%, 16=0.0%, 32=0.0%, 64=0.0%, >=64=0.0%
     issued rwts: total=96000,0,0,0 short=0,0,0,0 dropped=0,0,0,0
     latency   : target=0, window=0, percentile=100.00%, depth=1

Run status group 0 (all jobs):
   READ: bw=63.3MiB/s (66.4MB/s), 63.3MiB/s-63.3MiB/s (66.4MB/s-66.4MB/s), io=375MiB (393MB), run=5921-5921msec
