create: (g=0): rw=read, bs=(R) 4096B-4096B, (W) 4096B-4096B, (T) 4096B-4096B, ioengine=filecreate, iodepth=1
...
fio-3.41
Starting 64 threads

create: (groupid=0, jobs=64): err= 0: pid=195354: Thu Mar 12 21:46:43 2026
  read: IOPS=18.0k, BW=70.1MiB/s (73.5MB/s)(2000MiB/28514msec)
    clat (usec): min=23, max=338854, avg=2365.15, stdev=4919.39
    clat percentiles (usec):
     |  1.00th=[    39],  5.00th=[    55], 10.00th=[    94], 20.00th=[   221],
     | 30.00th=[   701], 40.00th=[  1565], 50.00th=[  2073], 60.00th=[  2474],
     | 70.00th=[  2737], 80.00th=[  2933], 90.00th=[  3163], 95.00th=[  3556],
     | 99.00th=[ 18482], 99.50th=[ 20317], 99.90th=[ 25822], 99.95th=[ 29230],
     | 99.99th=[333448]
   bw (  KiB/s): min=29262, max=135190, per=100.00%, avg=74186.12, stdev=259.80, samples=3456
   iops        : min= 7311, max=33797, avg=18541.64, stdev=64.96, samples=3456
  cpu          : usr=30.43%, sys=48.94%, ctx=412434, majf=0, minf=0
  IO depths    : 1=100.0%, 2=0.0%, 4=0.0%, 8=0.0%, 16=0.0%, 32=0.0%, >=64=0.0%
     submit    : 0=0.0%, 4=100.0%, 8=0.0%, 16=0.0%, 32=0.0%, 64=0.0%, >=64=0.0%
     complete  : 0=0.0%, 4=100.0%, 8=0.0%, 16=0.0%, 32=0.0%, 64=0.0%, >=64=0.0%
     issued rwts: total=512000,0,0,0 short=0,0,0,0 dropped=0,0,0,0
     latency   : target=0, window=0, percentile=100.00%, depth=1

Run status group 0 (all jobs):
   READ: bw=70.1MiB/s (73.5MB/s), 70.1MiB/s-70.1MiB/s (73.5MB/s-73.5MB/s), io=2000MiB (2097MB), run=28514-28514msec
