create: (g=0): rw=read, bs=(R) 4096B-4096B, (W) 4096B-4096B, (T) 4096B-4096B, ioengine=filecreate, iodepth=1
...
fio-3.41
Starting 60 threads

create: (groupid=0, jobs=60): err= 0: pid=745417: Fri Mar 13 02:17:05 2026
  read: IOPS=25.7k, BW=100MiB/s (105MB/s)(1875MiB/18687msec)
    clat (usec): min=18, max=73187, avg=1163.26, stdev=1363.97
    clat percentiles (usec):
     |  1.00th=[   38],  5.00th=[   72], 10.00th=[  135], 20.00th=[  322],
     | 30.00th=[  693], 40.00th=[ 1012], 50.00th=[ 1221], 60.00th=[ 1418],
     | 70.00th=[ 1549], 80.00th=[ 1663], 90.00th=[ 1762], 95.00th=[ 1844],
     | 99.00th=[ 2089], 99.50th=[10683], 99.90th=[12387], 99.95th=[13435],
     | 99.99th=[65799]
   bw (  KiB/s): min=75097, max=202698, per=100.00%, avg=110624.00, stdev=520.96, samples=2020
   iops        : min=18760, max=50672, avg=27653.03, stdev=130.24, samples=2020
  cpu          : usr=45.92%, sys=49.11%, ctx=307817, majf=0, minf=0
  IO depths    : 1=100.0%, 2=0.0%, 4=0.0%, 8=0.0%, 16=0.0%, 32=0.0%, >=64=0.0%
     submit    : 0=0.0%, 4=100.0%, 8=0.0%, 16=0.0%, 32=0.0%, 64=0.0%, >=64=0.0%
     complete  : 0=0.0%, 4=100.0%, 8=0.0%, 16=0.0%, 32=0.0%, 64=0.0%, >=64=0.0%
     issued rwts: total=480000,0,0,0 short=0,0,0,0 dropped=0,0,0,0
     latency   : target=0, window=0, percentile=100.00%, depth=1

Run status group 0 (all jobs):
   READ: bw=100MiB/s (105MB/s), 100MiB/s-100MiB/s (105MB/s-105MB/s), io=1875MiB (1966MB), run=18687-18687msec
