create: (g=0): rw=read, bs=(R) 4096B-4096B, (W) 4096B-4096B, (T) 4096B-4096B, ioengine=filecreate, iodepth=1
fio-3.41
Starting 1 thread

create: (groupid=0, jobs=1): err= 0: pid=290967: Thu Mar 12 22:33:26 2026
  read: IOPS=5164, BW=20.2MiB/s (21.2MB/s)(31.2MiB/1549msec)
    clat (nsec): min=9946, max=95280, avg=15251.02, stdev=4752.85
    clat percentiles (nsec):
     |  1.00th=[11200],  5.00th=[11712], 10.00th=[12096], 20.00th=[12864],
     | 30.00th=[13504], 40.00th=[14144], 50.00th=[14656], 60.00th=[15040],
     | 70.00th=[15552], 80.00th=[16320], 90.00th=[17536], 95.00th=[19328],
     | 99.00th=[39680], 99.50th=[52480], 99.90th=[61696], 99.95th=[74240],
     | 99.99th=[95744]
   bw (  KiB/s): min=12920, max=28272, per=92.79%, avg=19168.00, stdev=8064.65, samples=3
   iops        : min= 3230, max= 7068, avg=4792.00, stdev=2016.16, samples=3
  cpu          : usr=93.09%, sys=6.40%, ctx=169, majf=0, minf=0
  IO depths    : 1=100.0%, 2=0.0%, 4=0.0%, 8=0.0%, 16=0.0%, 32=0.0%, >=64=0.0%
     submit    : 0=0.0%, 4=100.0%, 8=0.0%, 16=0.0%, 32=0.0%, 64=0.0%, >=64=0.0%
     complete  : 0=0.0%, 4=100.0%, 8=0.0%, 16=0.0%, 32=0.0%, 64=0.0%, >=64=0.0%
     issued rwts: total=8000,0,0,0 short=0,0,0,0 dropped=0,0,0,0
     latency   : target=0, window=0, percentile=100.00%, depth=1

Run status group 0 (all jobs):
   READ: bw=20.2MiB/s (21.2MB/s), 20.2MiB/s-20.2MiB/s (21.2MB/s-21.2MB/s), io=31.2MiB (32.8MB), run=1549-1549msec
