create: (g=0): rw=read, bs=(R) 4096B-4096B, (W) 4096B-4096B, (T) 4096B-4096B, ioengine=filecreate, iodepth=1
...
fio-3.41
Starting 44 threads

create: (groupid=0, jobs=44): err= 0: pid=255520: Thu Mar 12 22:16:38 2026
  read: IOPS=20.6k, BW=80.6MiB/s (84.5MB/s)(1375MiB/17064msec)
    clat (usec): min=15, max=335343, avg=1099.38, stdev=4282.71
    clat percentiles (usec):
     |  1.00th=[    28],  5.00th=[    38], 10.00th=[    58], 20.00th=[   128],
     | 30.00th=[   289], 40.00th=[   676], 50.00th=[   873], 60.00th=[  1037],
     | 70.00th=[  1205], 80.00th=[  1336], 90.00th=[  1450], 95.00th=[  1549],
     | 99.00th=[ 11994], 99.50th=[ 19792], 99.90th=[ 23987], 99.95th=[ 26870],
     | 99.99th=[329253]
   bw (  KiB/s): min=34288, max=169912, per=100.00%, avg=95789.69, stdev=650.02, samples=1277
   iops        : min= 8572, max=42478, avg=23945.27, stdev=162.53, samples=1277
  cpu          : usr=40.44%, sys=41.46%, ctx=181222, majf=0, minf=0
  IO depths    : 1=100.0%, 2=0.0%, 4=0.0%, 8=0.0%, 16=0.0%, 32=0.0%, >=64=0.0%
     submit    : 0=0.0%, 4=100.0%, 8=0.0%, 16=0.0%, 32=0.0%, 64=0.0%, >=64=0.0%
     complete  : 0=0.0%, 4=100.0%, 8=0.0%, 16=0.0%, 32=0.0%, 64=0.0%, >=64=0.0%
     issued rwts: total=352000,0,0,0 short=0,0,0,0 dropped=0,0,0,0
     latency   : target=0, window=0, percentile=100.00%, depth=1

Run status group 0 (all jobs):
   READ: bw=80.6MiB/s (84.5MB/s), 80.6MiB/s-80.6MiB/s (84.5MB/s-84.5MB/s), io=1375MiB (1442MB), run=17064-17064msec
