create: (g=0): rw=read, bs=(R) 4096B-4096B, (W) 4096B-4096B, (T) 4096B-4096B, ioengine=filecreate, iodepth=1
...
fio-3.41
Starting 12 threads

create: (groupid=0, jobs=12): err= 0: pid=399734: Thu Mar 12 23:27:48 2026
  read: IOPS=14.4k, BW=56.1MiB/s (58.9MB/s)(375MiB/6681msec)
    clat (usec): min=10, max=354, avg=19.46, stdev= 9.69
    clat percentiles (usec):
     |  1.00th=[   12],  5.00th=[   13], 10.00th=[   14], 20.00th=[   15],
     | 30.00th=[   15], 40.00th=[   16], 50.00th=[   17], 60.00th=[   18],
     | 70.00th=[   21], 80.00th=[   23], 90.00th=[   29], 95.00th=[   35],
     | 99.00th=[   57], 99.50th=[   82], 99.90th=[  116], 99.95th=[  126],
     | 99.99th=[  174]
   bw (  KiB/s): min=38414, max=196552, per=100.00%, avg=71812.40, stdev=4207.30, samples=116
   iops        : min= 9603, max=49136, avg=17952.62, stdev=1051.77, samples=116
  cpu          : usr=96.84%, sys=2.97%, ctx=699, majf=0, minf=0
  IO depths    : 1=100.0%, 2=0.0%, 4=0.0%, 8=0.0%, 16=0.0%, 32=0.0%, >=64=0.0%
     submit    : 0=0.0%, 4=100.0%, 8=0.0%, 16=0.0%, 32=0.0%, 64=0.0%, >=64=0.0%
     complete  : 0=0.0%, 4=100.0%, 8=0.0%, 16=0.0%, 32=0.0%, 64=0.0%, >=64=0.0%
     issued rwts: total=96000,0,0,0 short=0,0,0,0 dropped=0,0,0,0
     latency   : target=0, window=0, percentile=100.00%, depth=1

Run status group 0 (all jobs):
   READ: bw=56.1MiB/s (58.9MB/s), 56.1MiB/s-56.1MiB/s (58.9MB/s-58.9MB/s), io=375MiB (393MB), run=6681-6681msec
