create: (g=0): rw=read, bs=(R) 4096B-4096B, (W) 4096B-4096B, (T) 4096B-4096B, ioengine=filecreate, iodepth=1
...
fio-3.41
Starting 2 threads

create: (groupid=0, jobs=2): err= 0: pid=572808: Fri Mar 13 00:52:36 2026
  read: IOPS=5151, BW=20.1MiB/s (21.1MB/s)(62.5MiB/3106msec)
    clat (usec): min=10, max=216, avg=17.11, stdev= 5.94
    clat percentiles (usec):
     |  1.00th=[   13],  5.00th=[   14], 10.00th=[   14], 20.00th=[   15],
     | 30.00th=[   16], 40.00th=[   16], 50.00th=[   16], 60.00th=[   17],
     | 70.00th=[   18], 80.00th=[   18], 90.00th=[   20], 95.00th=[   25],
     | 99.00th=[   44], 99.50th=[   58], 99.90th=[   72], 99.95th=[   82],
     | 99.99th=[  196]
   bw (  KiB/s): min=10696, max=35752, per=87.56%, avg=18041.33, stdev=4424.95, samples=12
   iops        : min= 2674, max= 8938, avg=4510.33, stdev=1106.24, samples=12
  cpu          : usr=96.20%, sys=3.51%, ctx=346, majf=0, minf=0
  IO depths    : 1=100.0%, 2=0.0%, 4=0.0%, 8=0.0%, 16=0.0%, 32=0.0%, >=64=0.0%
     submit    : 0=0.0%, 4=100.0%, 8=0.0%, 16=0.0%, 32=0.0%, 64=0.0%, >=64=0.0%
     complete  : 0=0.0%, 4=100.0%, 8=0.0%, 16=0.0%, 32=0.0%, 64=0.0%, >=64=0.0%
     issued rwts: total=16000,0,0,0 short=0,0,0,0 dropped=0,0,0,0
     latency   : target=0, window=0, percentile=100.00%, depth=1

Run status group 0 (all jobs):
   READ: bw=20.1MiB/s (21.1MB/s), 20.1MiB/s-20.1MiB/s (21.1MB/s-21.1MB/s), io=62.5MiB (65.5MB), run=3106-3106msec
