create: (g=0): rw=read, bs=(R) 4096B-4096B, (W) 4096B-4096B, (T) 4096B-4096B, ioengine=filecreate, iodepth=1
...
fio-3.41
Starting 60 threads

create: (groupid=0, jobs=60): err= 0: pid=649166: Fri Mar 13 01:30:37 2026
  read: IOPS=34.1k, BW=133MiB/s (140MB/s)(1875MiB/14083msec)
    clat (usec): min=11, max=10392, avg=82.70, stdev=142.20
    clat percentiles (usec):
     |  1.00th=[   15],  5.00th=[   18], 10.00th=[   23], 20.00th=[   26],
     | 30.00th=[   30], 40.00th=[   39], 50.00th=[   49], 60.00th=[   65],
     | 70.00th=[   90], 80.00th=[  131], 90.00th=[  196], 95.00th=[  247],
     | 99.00th=[  347], 99.50th=[  379], 99.90th=[  461], 99.95th=[  519],
     | 99.99th=[10028]
   bw (  KiB/s): min=85505, max=640825, per=100.00%, avg=171220.25, stdev=2259.01, samples=1257
   iops        : min=21357, max=160206, avg=42802.68, stdev=564.77, samples=1257
  cpu          : usr=93.68%, sys=5.91%, ctx=33385, majf=0, minf=0
  IO depths    : 1=100.0%, 2=0.0%, 4=0.0%, 8=0.0%, 16=0.0%, 32=0.0%, >=64=0.0%
     submit    : 0=0.0%, 4=100.0%, 8=0.0%, 16=0.0%, 32=0.0%, 64=0.0%, >=64=0.0%
     complete  : 0=0.0%, 4=100.0%, 8=0.0%, 16=0.0%, 32=0.0%, 64=0.0%, >=64=0.0%
     issued rwts: total=480000,0,0,0 short=0,0,0,0 dropped=0,0,0,0
     latency   : target=0, window=0, percentile=100.00%, depth=1

Run status group 0 (all jobs):
   READ: bw=133MiB/s (140MB/s), 133MiB/s-133MiB/s (140MB/s-140MB/s), io=1875MiB (1966MB), run=14083-14083msec
