create: (g=0): rw=read, bs=(R) 4096B-4096B, (W) 4096B-4096B, (T) 4096B-4096B, ioengine=filecreate, iodepth=1
...
fio-3.41
Starting 60 threads

create: (groupid=0, jobs=60): err= 0: pid=92349: Thu Mar 12 20:55:52 2026
  read: IOPS=25.5k, BW=99.7MiB/s (105MB/s)(1875MiB/18805msec)
    clat (usec): min=18, max=104837, avg=1183.09, stdev=1842.93
    clat percentiles (usec):
     |  1.00th=[   36],  5.00th=[   69], 10.00th=[  126], 20.00th=[  273],
     | 30.00th=[  545], 40.00th=[  881], 50.00th=[ 1172], 60.00th=[ 1401],
     | 70.00th=[ 1582], 80.00th=[ 1729], 90.00th=[ 1844], 95.00th=[ 1942],
     | 99.00th=[ 9110], 99.50th=[11731], 99.90th=[13304], 99.95th=[29492],
     | 99.99th=[83362]
   bw (  KiB/s): min=70726, max=229585, per=100.00%, avg=108549.70, stdev=593.11, samples=2044
   iops        : min=17675, max=57395, avg=27133.41, stdev=148.29, samples=2044
  cpu          : usr=45.54%, sys=47.94%, ctx=294650, majf=0, minf=0
  IO depths    : 1=100.0%, 2=0.0%, 4=0.0%, 8=0.0%, 16=0.0%, 32=0.0%, >=64=0.0%
     submit    : 0=0.0%, 4=100.0%, 8=0.0%, 16=0.0%, 32=0.0%, 64=0.0%, >=64=0.0%
     complete  : 0=0.0%, 4=100.0%, 8=0.0%, 16=0.0%, 32=0.0%, 64=0.0%, >=64=0.0%
     issued rwts: total=480000,0,0,0 short=0,0,0,0 dropped=0,0,0,0
     latency   : target=0, window=0, percentile=100.00%, depth=1

Run status group 0 (all jobs):
   READ: bw=99.7MiB/s (105MB/s), 99.7MiB/s-99.7MiB/s (105MB/s-105MB/s), io=1875MiB (1966MB), run=18805-18805msec
