create: (g=0): rw=read, bs=(R) 4096B-4096B, (W) 4096B-4096B, (T) 4096B-4096B, ioengine=filecreate, iodepth=1
fio-3.41
Starting 1 thread

create: (groupid=0, jobs=1): err= 0: pid=13169: Thu Mar 12 20:16:32 2026
  read: IOPS=4904, BW=19.2MiB/s (20.1MB/s)(31.2MiB/1631msec)
    clat (nsec): min=8734, max=91563, avg=13413.77, stdev=4195.73
    clat percentiles (nsec):
     |  1.00th=[ 9408],  5.00th=[10048], 10.00th=[10432], 20.00th=[10944],
     | 30.00th=[11328], 40.00th=[11712], 50.00th=[12224], 60.00th=[12608],
     | 70.00th=[13248], 80.00th=[14784], 90.00th=[17536], 95.00th=[22912],
     | 99.00th=[28800], 99.50th=[31616], 99.90th=[45312], 99.95th=[52480],
     | 99.99th=[91648]
   bw (  KiB/s): min=10800, max=24600, per=85.53%, avg=16781.33, stdev=7081.09, samples=3
   iops        : min= 2700, max= 6150, avg=4195.33, stdev=1770.27, samples=3
  cpu          : usr=91.29%, sys=8.10%, ctx=352, majf=0, minf=0
  IO depths    : 1=100.0%, 2=0.0%, 4=0.0%, 8=0.0%, 16=0.0%, 32=0.0%, >=64=0.0%
     submit    : 0=0.0%, 4=100.0%, 8=0.0%, 16=0.0%, 32=0.0%, 64=0.0%, >=64=0.0%
     complete  : 0=0.0%, 4=100.0%, 8=0.0%, 16=0.0%, 32=0.0%, 64=0.0%, >=64=0.0%
     issued rwts: total=8000,0,0,0 short=0,0,0,0 dropped=0,0,0,0
     latency   : target=0, window=0, percentile=100.00%, depth=1

Run status group 0 (all jobs):
   READ: bw=19.2MiB/s (20.1MB/s), 19.2MiB/s-19.2MiB/s (20.1MB/s-20.1MB/s), io=31.2MiB (32.8MB), run=1631-1631msec
