create: (g=0): rw=read, bs=(R) 4096B-4096B, (W) 4096B-4096B, (T) 4096B-4096B, ioengine=filecreate, iodepth=1
...
fio-3.41
Starting 60 threads

create: (groupid=0, jobs=60): err= 0: pid=93988: Thu Mar 12 20:56:29 2026
  read: IOPS=33.8k, BW=132MiB/s (138MB/s)(1875MiB/14205msec)
    clat (usec): min=8, max=16137, avg=230.90, stdev=404.22
    clat percentiles (usec):
     |  1.00th=[   17],  5.00th=[   24], 10.00th=[   28], 20.00th=[   39],
     | 30.00th=[   56], 40.00th=[   84], 50.00th=[  141], 60.00th=[  255],
     | 70.00th=[  347], 80.00th=[  412], 90.00th=[  490], 95.00th=[  553],
     | 99.00th=[  676], 99.50th=[  734], 99.90th=[ 8586], 99.95th=[10159],
     | 99.99th=[10683]
   bw (  KiB/s): min=75141, max=498085, per=100.00%, avg=157593.35, stdev=1847.14, samples=1385
   iops        : min=18773, max=124518, avg=39396.51, stdev=461.77, samples=1385
  cpu          : usr=84.12%, sys=14.53%, ctx=191222, majf=0, minf=0
  IO depths    : 1=100.0%, 2=0.0%, 4=0.0%, 8=0.0%, 16=0.0%, 32=0.0%, >=64=0.0%
     submit    : 0=0.0%, 4=100.0%, 8=0.0%, 16=0.0%, 32=0.0%, 64=0.0%, >=64=0.0%
     complete  : 0=0.0%, 4=100.0%, 8=0.0%, 16=0.0%, 32=0.0%, 64=0.0%, >=64=0.0%
     issued rwts: total=480000,0,0,0 short=0,0,0,0 dropped=0,0,0,0
     latency   : target=0, window=0, percentile=100.00%, depth=1

Run status group 0 (all jobs):
   READ: bw=132MiB/s (138MB/s), 132MiB/s-132MiB/s (138MB/s-138MB/s), io=1875MiB (1966MB), run=14205-14205msec
