create: (g=0): rw=read, bs=(R) 4096B-4096B, (W) 4096B-4096B, (T) 4096B-4096B, ioengine=filecreate, iodepth=1
...
fio-3.41
Starting 8 threads

create: (groupid=0, jobs=8): err= 0: pid=22169: Thu Mar 12 20:21:24 2026
  read: IOPS=10.3k, BW=40.1MiB/s (42.0MB/s)(250MiB/6237msec)
    clat (usec): min=10, max=120, avg=17.77, stdev= 6.65
    clat percentiles (nsec):
     |  1.00th=[11584],  5.00th=[12736], 10.00th=[13632], 20.00th=[14400],
     | 30.00th=[15040], 40.00th=[15680], 50.00th=[16192], 60.00th=[16768],
     | 70.00th=[17536], 80.00th=[18816], 90.00th=[23936], 95.00th=[28544],
     | 99.00th=[53504], 99.50th=[61696], 99.90th=[73216], 99.95th=[76288],
     | 99.99th=[94720]
   bw (  KiB/s): min=45800, max=134807, per=100.00%, avg=70086.14, stdev=4104.17, samples=57
   iops        : min=11450, max=33701, avg=17521.37, stdev=1026.01, samples=57
  cpu          : usr=95.89%, sys=3.90%, ctx=854, majf=0, minf=0
  IO depths    : 1=100.0%, 2=0.0%, 4=0.0%, 8=0.0%, 16=0.0%, 32=0.0%, >=64=0.0%
     submit    : 0=0.0%, 4=100.0%, 8=0.0%, 16=0.0%, 32=0.0%, 64=0.0%, >=64=0.0%
     complete  : 0=0.0%, 4=100.0%, 8=0.0%, 16=0.0%, 32=0.0%, 64=0.0%, >=64=0.0%
     issued rwts: total=64000,0,0,0 short=0,0,0,0 dropped=0,0,0,0
     latency   : target=0, window=0, percentile=100.00%, depth=1

Run status group 0 (all jobs):
   READ: bw=40.1MiB/s (42.0MB/s), 40.1MiB/s-40.1MiB/s (42.0MB/s-42.0MB/s), io=250MiB (262MB), run=6237-6237msec
