create: (g=0): rw=read, bs=(R) 4096B-4096B, (W) 4096B-4096B, (T) 4096B-4096B, ioengine=filecreate, iodepth=1
...
fio-3.41
Starting 44 threads

create: (groupid=0, jobs=44): err= 0: pid=159743: Thu Mar 12 21:29:25 2026
  read: IOPS=27.8k, BW=109MiB/s (114MB/s)(1375MiB/12672msec)
    clat (usec): min=17, max=26608, avg=472.39, stdev=670.94
    clat percentiles (usec):
     |  1.00th=[   24],  5.00th=[   32], 10.00th=[   44], 20.00th=[   78],
     | 30.00th=[  137], 40.00th=[  277], 50.00th=[  453], 60.00th=[  594],
     | 70.00th=[  701], 80.00th=[  791], 90.00th=[  865], 95.00th=[  922],
     | 99.00th=[ 1020], 99.50th=[ 1090], 99.90th=[10683], 99.95th=[11338],
     | 99.99th=[19530]
   bw (  KiB/s): min=72967, max=282210, per=100.00%, avg=129963.69, stdev=1319.72, samples=917
   iops        : min=18236, max=70552, avg=32489.67, stdev=329.93, samples=917
  cpu          : usr=64.92%, sys=32.56%, ctx=112005, majf=0, minf=0
  IO depths    : 1=100.0%, 2=0.0%, 4=0.0%, 8=0.0%, 16=0.0%, 32=0.0%, >=64=0.0%
     submit    : 0=0.0%, 4=100.0%, 8=0.0%, 16=0.0%, 32=0.0%, 64=0.0%, >=64=0.0%
     complete  : 0=0.0%, 4=100.0%, 8=0.0%, 16=0.0%, 32=0.0%, 64=0.0%, >=64=0.0%
     issued rwts: total=352000,0,0,0 short=0,0,0,0 dropped=0,0,0,0
     latency   : target=0, window=0, percentile=100.00%, depth=1

Run status group 0 (all jobs):
   READ: bw=109MiB/s (114MB/s), 109MiB/s-109MiB/s (114MB/s-114MB/s), io=1375MiB (1442MB), run=12672-12672msec
