create: (g=0): rw=read, bs=(R) 4096B-4096B, (W) 4096B-4096B, (T) 4096B-4096B, ioengine=filecreate, iodepth=1
...
fio-3.41
Starting 28 threads

create: (groupid=0, jobs=28): err= 0: pid=601727: Fri Mar 13 01:07:31 2026
  read: IOPS=26.6k, BW=104MiB/s (109MB/s)(875MiB/8429msec)
    clat (usec): min=11, max=4037, avg=27.23, stdev=55.86
    clat percentiles (usec):
     |  1.00th=[   15],  5.00th=[   16], 10.00th=[   17], 20.00th=[   18],
     | 30.00th=[   19], 40.00th=[   20], 50.00th=[   21], 60.00th=[   23],
     | 70.00th=[   28], 80.00th=[   33], 90.00th=[   43], 95.00th=[   55],
     | 99.00th=[   84], 99.50th=[   96], 99.90th=[  133], 99.95th=[  161],
     | 99.99th=[ 3359]
   bw (  KiB/s): min=69870, max=342472, per=100.00%, avg=124768.99, stdev=2892.61, samples=336
   iops        : min=17458, max=85617, avg=31191.09, stdev=723.15, samples=336
  cpu          : usr=96.40%, sys=3.28%, ctx=890, majf=0, minf=0
  IO depths    : 1=100.0%, 2=0.0%, 4=0.0%, 8=0.0%, 16=0.0%, 32=0.0%, >=64=0.0%
     submit    : 0=0.0%, 4=100.0%, 8=0.0%, 16=0.0%, 32=0.0%, 64=0.0%, >=64=0.0%
     complete  : 0=0.0%, 4=100.0%, 8=0.0%, 16=0.0%, 32=0.0%, 64=0.0%, >=64=0.0%
     issued rwts: total=224000,0,0,0 short=0,0,0,0 dropped=0,0,0,0
     latency   : target=0, window=0, percentile=100.00%, depth=1

Run status group 0 (all jobs):
   READ: bw=104MiB/s (109MB/s), 104MiB/s-104MiB/s (109MB/s-109MB/s), io=875MiB (918MB), run=8429-8429msec
