create: (g=0): rw=read, bs=(R) 4096B-4096B, (W) 4096B-4096B, (T) 4096B-4096B, ioengine=filecreate, iodepth=1
...
fio-3.41
Starting 2 threads

create: (groupid=0, jobs=2): err= 0: pid=667994: Fri Mar 13 01:39:45 2026
  read: IOPS=6079, BW=23.7MiB/s (24.9MB/s)(62.5MiB/2632msec)
    clat (usec): min=13, max=1185, avg=24.60, stdev=21.27
    clat percentiles (usec):
     |  1.00th=[   16],  5.00th=[   19], 10.00th=[   20], 20.00th=[   22],
     | 30.00th=[   22], 40.00th=[   23], 50.00th=[   23], 60.00th=[   24],
     | 70.00th=[   25], 80.00th=[   27], 90.00th=[   30], 95.00th=[   34],
     | 99.00th=[   48], 99.50th=[   56], 99.90th=[   94], 99.95th=[  676],
     | 99.99th=[ 1156]
   bw (  KiB/s): min=13392, max=37088, per=87.10%, avg=21180.80, stdev=4494.02, samples=10
   iops        : min= 3348, max= 9272, avg=5295.20, stdev=1123.50, samples=10
  cpu          : usr=91.94%, sys=7.70%, ctx=304, majf=0, minf=0
  IO depths    : 1=100.0%, 2=0.0%, 4=0.0%, 8=0.0%, 16=0.0%, 32=0.0%, >=64=0.0%
     submit    : 0=0.0%, 4=100.0%, 8=0.0%, 16=0.0%, 32=0.0%, 64=0.0%, >=64=0.0%
     complete  : 0=0.0%, 4=100.0%, 8=0.0%, 16=0.0%, 32=0.0%, 64=0.0%, >=64=0.0%
     issued rwts: total=16000,0,0,0 short=0,0,0,0 dropped=0,0,0,0
     latency   : target=0, window=0, percentile=100.00%, depth=1

Run status group 0 (all jobs):
   READ: bw=23.7MiB/s (24.9MB/s), 23.7MiB/s-23.7MiB/s (24.9MB/s-24.9MB/s), io=62.5MiB (65.5MB), run=2632-2632msec
