create: (g=0): rw=read, bs=(R) 4096B-4096B, (W) 4096B-4096B, (T) 4096B-4096B, ioengine=filecreate, iodepth=1
...
fio-3.41
Starting 16 threads

create: (groupid=0, jobs=16): err= 0: pid=308673: Thu Mar 12 22:42:46 2026
  read: IOPS=19.3k, BW=75.4MiB/s (79.1MB/s)(500MiB/6628msec)
    clat (usec): min=11, max=5289, avg=23.19, stdev=67.73
    clat percentiles (usec):
     |  1.00th=[   13],  5.00th=[   15], 10.00th=[   16], 20.00th=[   17],
     | 30.00th=[   17], 40.00th=[   18], 50.00th=[   19], 60.00th=[   20],
     | 70.00th=[   22], 80.00th=[   27], 90.00th=[   32], 95.00th=[   41],
     | 99.00th=[   70], 99.50th=[   79], 99.90th=[  108], 99.95th=[ 1057],
     | 99.99th=[ 4047]
   bw (  KiB/s): min=53775, max=176134, per=100.00%, avg=85902.37, stdev=2402.92, samples=150
   iops        : min=13440, max=44033, avg=21475.00, stdev=600.76, samples=150
  cpu          : usr=96.21%, sys=3.37%, ctx=460, majf=0, minf=0
  IO depths    : 1=100.0%, 2=0.0%, 4=0.0%, 8=0.0%, 16=0.0%, 32=0.0%, >=64=0.0%
     submit    : 0=0.0%, 4=100.0%, 8=0.0%, 16=0.0%, 32=0.0%, 64=0.0%, >=64=0.0%
     complete  : 0=0.0%, 4=100.0%, 8=0.0%, 16=0.0%, 32=0.0%, 64=0.0%, >=64=0.0%
     issued rwts: total=128000,0,0,0 short=0,0,0,0 dropped=0,0,0,0
     latency   : target=0, window=0, percentile=100.00%, depth=1

Run status group 0 (all jobs):
   READ: bw=75.4MiB/s (79.1MB/s), 75.4MiB/s-75.4MiB/s (79.1MB/s-79.1MB/s), io=500MiB (524MB), run=6628-6628msec
