create: (g=0): rw=read, bs=(R) 4096B-4096B, (W) 4096B-4096B, (T) 4096B-4096B, ioengine=filecreate, iodepth=1
...
fio-3.41
Starting 12 threads

create: (groupid=0, jobs=12): err= 0: pid=120146: Thu Mar 12 21:09:38 2026
  read: IOPS=15.8k, BW=61.6MiB/s (64.6MB/s)(375MiB/6083msec)
    clat (usec): min=16, max=19979, avg=36.24, stdev=181.53
    clat percentiles (usec):
     |  1.00th=[   20],  5.00th=[   22], 10.00th=[   23], 20.00th=[   24],
     | 30.00th=[   24], 40.00th=[   25], 50.00th=[   26], 60.00th=[   30],
     | 70.00th=[   36], 80.00th=[   44], 90.00th=[   59], 95.00th=[   73],
     | 99.00th=[  105], 99.50th=[  121], 99.90th=[  157], 99.95th=[  188],
     | 99.99th=[ 1156]
   bw (  KiB/s): min=40200, max=125832, per=100.00%, avg=65283.20, stdev=2130.76, samples=110
   iops        : min=10049, max=31457, avg=16320.61, stdev=532.68, samples=110
  cpu          : usr=94.00%, sys=5.51%, ctx=788, majf=0, minf=0
  IO depths    : 1=100.0%, 2=0.0%, 4=0.0%, 8=0.0%, 16=0.0%, 32=0.0%, >=64=0.0%
     submit    : 0=0.0%, 4=100.0%, 8=0.0%, 16=0.0%, 32=0.0%, 64=0.0%, >=64=0.0%
     complete  : 0=0.0%, 4=100.0%, 8=0.0%, 16=0.0%, 32=0.0%, 64=0.0%, >=64=0.0%
     issued rwts: total=96000,0,0,0 short=0,0,0,0 dropped=0,0,0,0
     latency   : target=0, window=0, percentile=100.00%, depth=1

Run status group 0 (all jobs):
   READ: bw=61.6MiB/s (64.6MB/s), 61.6MiB/s-61.6MiB/s (64.6MB/s-64.6MB/s), io=375MiB (393MB), run=6083-6083msec
