create: (g=0): rw=read, bs=(R) 4096B-4096B, (W) 4096B-4096B, (T) 4096B-4096B, ioengine=filecreate, iodepth=1
...
fio-3.41
Starting 16 threads

create: (groupid=0, jobs=16): err= 0: pid=30463: Thu Mar 12 20:25:40 2026
  read: IOPS=20.9k, BW=81.6MiB/s (85.6MB/s)(500MiB/6127msec)
    clat (usec): min=11, max=548, avg=21.18, stdev=10.40
    clat percentiles (usec):
     |  1.00th=[   14],  5.00th=[   15], 10.00th=[   15], 20.00th=[   16],
     | 30.00th=[   17], 40.00th=[   17], 50.00th=[   18], 60.00th=[   19],
     | 70.00th=[   21], 80.00th=[   26], 90.00th=[   31], 95.00th=[   40],
     | 99.00th=[   69], 99.50th=[   77], 99.90th=[   97], 99.95th=[  106],
     | 99.99th=[  141]
   bw (  KiB/s): min=52528, max=204093, per=100.00%, avg=88837.90, stdev=3025.66, samples=151
   iops        : min=13130, max=51022, avg=22208.46, stdev=756.43, samples=151
  cpu          : usr=96.81%, sys=2.98%, ctx=1034, majf=0, minf=0
  IO depths    : 1=100.0%, 2=0.0%, 4=0.0%, 8=0.0%, 16=0.0%, 32=0.0%, >=64=0.0%
     submit    : 0=0.0%, 4=100.0%, 8=0.0%, 16=0.0%, 32=0.0%, 64=0.0%, >=64=0.0%
     complete  : 0=0.0%, 4=100.0%, 8=0.0%, 16=0.0%, 32=0.0%, 64=0.0%, >=64=0.0%
     issued rwts: total=128000,0,0,0 short=0,0,0,0 dropped=0,0,0,0
     latency   : target=0, window=0, percentile=100.00%, depth=1

Run status group 0 (all jobs):
   READ: bw=81.6MiB/s (85.6MB/s), 81.6MiB/s-81.6MiB/s (85.6MB/s-85.6MB/s), io=500MiB (524MB), run=6127-6127msec
