create: (g=0): rw=read, bs=(R) 4096B-4096B, (W) 4096B-4096B, (T) 4096B-4096B, ioengine=filecreate, iodepth=1
...
fio-3.41
Starting 20 threads

create: (groupid=0, jobs=20): err= 0: pid=126922: Thu Mar 12 21:13:06 2026
  read: IOPS=21.3k, BW=83.4MiB/s (87.4MB/s)(625MiB/7497msec)
    clat (usec): min=11, max=4771, avg=24.69, stdev=55.99
    clat percentiles (usec):
     |  1.00th=[   14],  5.00th=[   16], 10.00th=[   16], 20.00th=[   17],
     | 30.00th=[   18], 40.00th=[   19], 50.00th=[   20], 60.00th=[   21],
     | 70.00th=[   25], 80.00th=[   30], 90.00th=[   38], 95.00th=[   47],
     | 99.00th=[   74], 99.50th=[   84], 99.90th=[  115], 99.95th=[  147],
     | 99.99th=[ 3523]
   bw (  KiB/s): min=43826, max=254290, per=100.00%, avg=85520.10, stdev=3212.16, samples=234
   iops        : min=10949, max=63569, avg=21378.68, stdev=803.00, samples=234
  cpu          : usr=96.77%, sys=2.90%, ctx=1845, majf=0, minf=0
  IO depths    : 1=100.0%, 2=0.0%, 4=0.0%, 8=0.0%, 16=0.0%, 32=0.0%, >=64=0.0%
     submit    : 0=0.0%, 4=100.0%, 8=0.0%, 16=0.0%, 32=0.0%, 64=0.0%, >=64=0.0%
     complete  : 0=0.0%, 4=100.0%, 8=0.0%, 16=0.0%, 32=0.0%, 64=0.0%, >=64=0.0%
     issued rwts: total=160000,0,0,0 short=0,0,0,0 dropped=0,0,0,0
     latency   : target=0, window=0, percentile=100.00%, depth=1

Run status group 0 (all jobs):
   READ: bw=83.4MiB/s (87.4MB/s), 83.4MiB/s-83.4MiB/s (87.4MB/s-87.4MB/s), io=625MiB (655MB), run=7497-7497msec
