create: (g=0): rw=read, bs=(R) 4096B-4096B, (W) 4096B-4096B, (T) 4096B-4096B, ioengine=filecreate, iodepth=1
...
fio-3.41
Starting 64 threads

create: (groupid=0, jobs=64): err= 0: pid=101210: Thu Mar 12 20:59:57 2026
  read: IOPS=32.4k, BW=127MiB/s (133MB/s)(2000MiB/15784msec)
    clat (usec): min=9, max=16998, avg=187.27, stdev=351.94
    clat percentiles (usec):
     |  1.00th=[   15],  5.00th=[   23], 10.00th=[   27], 20.00th=[   35],
     | 30.00th=[   48], 40.00th=[   70], 50.00th=[  106], 60.00th=[  167],
     | 70.00th=[  239], 80.00th=[  326], 90.00th=[  437], 95.00th=[  506],
     | 99.00th=[  627], 99.50th=[  685], 99.90th=[ 7046], 99.95th=[ 9503],
     | 99.99th=[10421]
   bw (  KiB/s): min=75729, max=580865, per=100.00%, avg=152749.64, stdev=1885.96, samples=1588
   iops        : min=18917, max=145214, avg=38185.40, stdev=471.49, samples=1588
  cpu          : usr=87.93%, sys=10.75%, ctx=194386, majf=0, minf=0
  IO depths    : 1=100.0%, 2=0.0%, 4=0.0%, 8=0.0%, 16=0.0%, 32=0.0%, >=64=0.0%
     submit    : 0=0.0%, 4=100.0%, 8=0.0%, 16=0.0%, 32=0.0%, 64=0.0%, >=64=0.0%
     complete  : 0=0.0%, 4=100.0%, 8=0.0%, 16=0.0%, 32=0.0%, 64=0.0%, >=64=0.0%
     issued rwts: total=512000,0,0,0 short=0,0,0,0 dropped=0,0,0,0
     latency   : target=0, window=0, percentile=100.00%, depth=1

Run status group 0 (all jobs):
   READ: bw=127MiB/s (133MB/s), 127MiB/s-127MiB/s (133MB/s-133MB/s), io=2000MiB (2097MB), run=15784-15784msec
