create: (g=0): rw=read, bs=(R) 4096B-4096B, (W) 4096B-4096B, (T) 4096B-4096B, ioengine=filecreate, iodepth=1
...
fio-3.41
Starting 28 threads

create: (groupid=0, jobs=28): err= 0: pid=603634: Fri Mar 13 01:08:29 2026
  read: IOPS=23.4k, BW=91.5MiB/s (96.0MB/s)(875MiB/9562msec)
    clat (usec): min=17, max=21692, avg=66.07, stdev=254.34
    clat percentiles (usec):
     |  1.00th=[   21],  5.00th=[   24], 10.00th=[   25], 20.00th=[   28],
     | 30.00th=[   31], 40.00th=[   38], 50.00th=[   47], 60.00th=[   58],
     | 70.00th=[   73], 80.00th=[   93], 90.00th=[  126], 95.00th=[  155],
     | 99.00th=[  210], 99.50th=[  233], 99.90th=[  322], 99.95th=[ 1029],
     | 99.99th=[16319]
   bw (  KiB/s): min=69602, max=340096, per=100.00%, avg=127015.60, stdev=2837.34, samples=354
   iops        : min=17394, max=85024, avg=31753.34, stdev=709.35, samples=354
  cpu          : usr=91.97%, sys=7.33%, ctx=1390, majf=0, minf=0
  IO depths    : 1=100.0%, 2=0.0%, 4=0.0%, 8=0.0%, 16=0.0%, 32=0.0%, >=64=0.0%
     submit    : 0=0.0%, 4=100.0%, 8=0.0%, 16=0.0%, 32=0.0%, 64=0.0%, >=64=0.0%
     complete  : 0=0.0%, 4=100.0%, 8=0.0%, 16=0.0%, 32=0.0%, 64=0.0%, >=64=0.0%
     issued rwts: total=224000,0,0,0 short=0,0,0,0 dropped=0,0,0,0
     latency   : target=0, window=0, percentile=100.00%, depth=1

Run status group 0 (all jobs):
   READ: bw=91.5MiB/s (96.0MB/s), 91.5MiB/s-91.5MiB/s (96.0MB/s-96.0MB/s), io=875MiB (918MB), run=9562-9562msec
