create: (g=0): rw=read, bs=(R) 4096B-4096B, (W) 4096B-4096B, (T) 4096B-4096B, ioengine=filecreate, iodepth=1
...
fio-3.41
Starting 4 threads

create: (groupid=0, jobs=4): err= 0: pid=578357: Fri Mar 13 00:55:34 2026
  read: IOPS=8361, BW=32.7MiB/s (34.2MB/s)(125MiB/3827msec)
    clat (usec): min=9, max=176, avg=16.11, stdev= 6.61
    clat percentiles (usec):
     |  1.00th=[   11],  5.00th=[   12], 10.00th=[   12], 20.00th=[   13],
     | 30.00th=[   13], 40.00th=[   14], 50.00th=[   15], 60.00th=[   15],
     | 70.00th=[   17], 80.00th=[   19], 90.00th=[   23], 95.00th=[   28],
     | 99.00th=[   39], 99.50th=[   48], 99.90th=[   90], 99.95th=[  101],
     | 99.99th=[  129]
   bw (  KiB/s): min=24112, max=74100, per=100.00%, avg=39537.58, stdev=4748.70, samples=21
   iops        : min= 6028, max=18525, avg=9884.40, stdev=1187.17, samples=21
  cpu          : usr=95.74%, sys=4.02%, ctx=283, majf=0, minf=0
  IO depths    : 1=100.0%, 2=0.0%, 4=0.0%, 8=0.0%, 16=0.0%, 32=0.0%, >=64=0.0%
     submit    : 0=0.0%, 4=100.0%, 8=0.0%, 16=0.0%, 32=0.0%, 64=0.0%, >=64=0.0%
     complete  : 0=0.0%, 4=100.0%, 8=0.0%, 16=0.0%, 32=0.0%, 64=0.0%, >=64=0.0%
     issued rwts: total=32000,0,0,0 short=0,0,0,0 dropped=0,0,0,0
     latency   : target=0, window=0, percentile=100.00%, depth=1

Run status group 0 (all jobs):
   READ: bw=32.7MiB/s (34.2MB/s), 32.7MiB/s-32.7MiB/s (34.2MB/s-34.2MB/s), io=125MiB (131MB), run=3827-3827msec
