create: (g=0): rw=read, bs=(R) 4096B-4096B, (W) 4096B-4096B, (T) 4096B-4096B, ioengine=filecreate, iodepth=1
...
fio-3.41
Starting 48 threads

create: (groupid=0, jobs=48): err= 0: pid=260330: Thu Mar 12 22:18:52 2026
  read: IOPS=35.1k, BW=137MiB/s (144MB/s)(1500MiB/10946msec)
    clat (usec): min=9, max=10667, avg=121.24, stdev=283.04
    clat percentiles (usec):
     |  1.00th=[   15],  5.00th=[   19], 10.00th=[   23], 20.00th=[   30],
     | 30.00th=[   41], 40.00th=[   55], 50.00th=[   77], 60.00th=[  106],
     | 70.00th=[  145], 80.00th=[  192], 90.00th=[  262], 95.00th=[  318],
     | 99.00th=[  420], 99.50th=[  461], 99.90th=[ 3195], 99.95th=[ 8979],
     | 99.99th=[10421]
   bw (  KiB/s): min=81991, max=496246, per=100.00%, avg=160023.16, stdev=2463.84, samples=819
   iops        : min=20491, max=124056, avg=40004.45, stdev=615.94, samples=819
  cpu          : usr=89.06%, sys=9.85%, ctx=70031, majf=0, minf=0
  IO depths    : 1=100.0%, 2=0.0%, 4=0.0%, 8=0.0%, 16=0.0%, 32=0.0%, >=64=0.0%
     submit    : 0=0.0%, 4=100.0%, 8=0.0%, 16=0.0%, 32=0.0%, 64=0.0%, >=64=0.0%
     complete  : 0=0.0%, 4=100.0%, 8=0.0%, 16=0.0%, 32=0.0%, 64=0.0%, >=64=0.0%
     issued rwts: total=384000,0,0,0 short=0,0,0,0 dropped=0,0,0,0
     latency   : target=0, window=0, percentile=100.00%, depth=1

Run status group 0 (all jobs):
   READ: bw=137MiB/s (144MB/s), 137MiB/s-137MiB/s (144MB/s-144MB/s), io=1500MiB (1573MB), run=10946-10946msec
