create: (g=0): rw=read, bs=(R) 4096B-4096B, (W) 4096B-4096B, (T) 4096B-4096B, ioengine=filecreate, iodepth=1
...
fio-3.41
Starting 56 threads

create: (groupid=0, jobs=56): err= 0: pid=641126: Fri Mar 13 01:26:46 2026
  read: IOPS=30.8k, BW=120MiB/s (126MB/s)(1750MiB/14556msec)
    clat (usec): min=11, max=20183, avg=111.18, stdev=302.65
    clat percentiles (usec):
     |  1.00th=[   16],  5.00th=[   19], 10.00th=[   23], 20.00th=[   27],
     | 30.00th=[   32], 40.00th=[   42], 50.00th=[   56], 60.00th=[   82],
     | 70.00th=[  126], 80.00th=[  182], 90.00th=[  260], 95.00th=[  318],
     | 99.00th=[  424], 99.50th=[  465], 99.90th=[ 3851], 99.95th=[ 7111],
     | 99.99th=[10421]
   bw (  KiB/s): min=78248, max=572269, per=100.00%, avg=158351.50, stdev=2255.18, samples=1168
   iops        : min=19548, max=143062, avg=39586.30, stdev=563.78, samples=1168
  cpu          : usr=91.64%, sys=7.44%, ctx=57636, majf=0, minf=0
  IO depths    : 1=100.0%, 2=0.0%, 4=0.0%, 8=0.0%, 16=0.0%, 32=0.0%, >=64=0.0%
     submit    : 0=0.0%, 4=100.0%, 8=0.0%, 16=0.0%, 32=0.0%, 64=0.0%, >=64=0.0%
     complete  : 0=0.0%, 4=100.0%, 8=0.0%, 16=0.0%, 32=0.0%, 64=0.0%, >=64=0.0%
     issued rwts: total=448000,0,0,0 short=0,0,0,0 dropped=0,0,0,0
     latency   : target=0, window=0, percentile=100.00%, depth=1

Run status group 0 (all jobs):
   READ: bw=120MiB/s (126MB/s), 120MiB/s-120MiB/s (126MB/s-126MB/s), io=1750MiB (1835MB), run=14556-14556msec
