create: (g=0): rw=read, bs=(R) 4096B-4096B, (W) 4096B-4096B, (T) 4096B-4096B, ioengine=filecreate, iodepth=1
...
fio-3.41
Starting 40 threads

create: (groupid=0, jobs=40): err= 0: pid=804805: Fri Mar 13 02:46:45 2026
  read: IOPS=30.3k, BW=118MiB/s (124MB/s)(1250MiB/10550msec)
    clat (usec): min=11, max=6449, avg=42.43, stdev=97.42
    clat percentiles (usec):
     |  1.00th=[   15],  5.00th=[   17], 10.00th=[   18], 20.00th=[   20],
     | 30.00th=[   22], 40.00th=[   25], 50.00th=[   29], 60.00th=[   34],
     | 70.00th=[   41], 80.00th=[   53], 90.00th=[   80], 95.00th=[  111],
     | 99.00th=[  176], 99.50th=[  202], 99.90th=[  302], 99.95th=[ 1827],
     | 99.99th=[ 5014]
   bw (  KiB/s): min=78561, max=489758, per=100.00%, avg=156747.34, stdev=2785.58, samples=580
   iops        : min=19630, max=122438, avg=39186.05, stdev=696.40, samples=580
  cpu          : usr=95.22%, sys=4.30%, ctx=2067, majf=0, minf=0
  IO depths    : 1=100.0%, 2=0.0%, 4=0.0%, 8=0.0%, 16=0.0%, 32=0.0%, >=64=0.0%
     submit    : 0=0.0%, 4=100.0%, 8=0.0%, 16=0.0%, 32=0.0%, 64=0.0%, >=64=0.0%
     complete  : 0=0.0%, 4=100.0%, 8=0.0%, 16=0.0%, 32=0.0%, 64=0.0%, >=64=0.0%
     issued rwts: total=320000,0,0,0 short=0,0,0,0 dropped=0,0,0,0
     latency   : target=0, window=0, percentile=100.00%, depth=1

Run status group 0 (all jobs):
   READ: bw=118MiB/s (124MB/s), 118MiB/s-118MiB/s (124MB/s-124MB/s), io=1250MiB (1311MB), run=10550-10550msec
