create: (g=0): rw=read, bs=(R) 4096B-4096B, (W) 4096B-4096B, (T) 4096B-4096B, ioengine=filecreate, iodepth=1
...
fio-3.41
Starting 16 threads

create: (groupid=0, jobs=16): err= 0: pid=775582: Fri Mar 13 02:32:08 2026
  read: IOPS=19.6k, BW=76.7MiB/s (80.5MB/s)(500MiB/6515msec)
    clat (usec): min=11, max=2351, avg=22.41, stdev=41.07
    clat percentiles (usec):
     |  1.00th=[   14],  5.00th=[   15], 10.00th=[   16], 20.00th=[   17],
     | 30.00th=[   17], 40.00th=[   18], 50.00th=[   19], 60.00th=[   19],
     | 70.00th=[   21], 80.00th=[   26], 90.00th=[   31], 95.00th=[   39],
     | 99.00th=[   68], 99.50th=[   77], 99.90th=[  108], 99.95th=[ 1123],
     | 99.99th=[ 2057]
   bw (  KiB/s): min=50723, max=196105, per=100.00%, avg=83741.62, stdev=2891.65, samples=159
   iops        : min=12676, max=49026, avg=20934.65, stdev=722.93, samples=159
  cpu          : usr=96.34%, sys=3.31%, ctx=505, majf=0, minf=0
  IO depths    : 1=100.0%, 2=0.0%, 4=0.0%, 8=0.0%, 16=0.0%, 32=0.0%, >=64=0.0%
     submit    : 0=0.0%, 4=100.0%, 8=0.0%, 16=0.0%, 32=0.0%, 64=0.0%, >=64=0.0%
     complete  : 0=0.0%, 4=100.0%, 8=0.0%, 16=0.0%, 32=0.0%, 64=0.0%, >=64=0.0%
     issued rwts: total=128000,0,0,0 short=0,0,0,0 dropped=0,0,0,0
     latency   : target=0, window=0, percentile=100.00%, depth=1

Run status group 0 (all jobs):
   READ: bw=76.7MiB/s (80.5MB/s), 76.7MiB/s-76.7MiB/s (80.5MB/s-80.5MB/s), io=500MiB (524MB), run=6515-6515msec
