create: (g=0): rw=read, bs=(R) 4096B-4096B, (W) 4096B-4096B, (T) 4096B-4096B, ioengine=filecreate, iodepth=1
...
fio-3.41
Starting 20 threads

create: (groupid=0, jobs=20): err= 0: pid=222907: Thu Mar 12 22:00:27 2026
  read: IOPS=19.7k, BW=77.1MiB/s (80.9MB/s)(625MiB/8105msec)
    clat (usec): min=9, max=500, avg=24.51, stdev=15.25
    clat percentiles (usec):
     |  1.00th=[   13],  5.00th=[   14], 10.00th=[   15], 20.00th=[   16],
     | 30.00th=[   17], 40.00th=[   18], 50.00th=[   20], 60.00th=[   23],
     | 70.00th=[   26], 80.00th=[   31], 90.00th=[   39], 95.00th=[   49],
     | 99.00th=[   90], 99.50th=[  113], 99.90th=[  155], 99.95th=[  176],
     | 99.99th=[  235]
   bw (  KiB/s): min=45640, max=234252, per=100.00%, avg=84671.92, stdev=2787.59, samples=234
   iops        : min=11403, max=58563, avg=21167.19, stdev=696.92, samples=234
  cpu          : usr=96.91%, sys=2.88%, ctx=1762, majf=0, minf=0
  IO depths    : 1=100.0%, 2=0.0%, 4=0.0%, 8=0.0%, 16=0.0%, 32=0.0%, >=64=0.0%
     submit    : 0=0.0%, 4=100.0%, 8=0.0%, 16=0.0%, 32=0.0%, 64=0.0%, >=64=0.0%
     complete  : 0=0.0%, 4=100.0%, 8=0.0%, 16=0.0%, 32=0.0%, 64=0.0%, >=64=0.0%
     issued rwts: total=160000,0,0,0 short=0,0,0,0 dropped=0,0,0,0
     latency   : target=0, window=0, percentile=100.00%, depth=1

Run status group 0 (all jobs):
   READ: bw=77.1MiB/s (80.9MB/s), 77.1MiB/s-77.1MiB/s (80.9MB/s-80.9MB/s), io=625MiB (655MB), run=8105-8105msec
