create: (g=0): rw=read, bs=(R) 4096B-4096B, (W) 4096B-4096B, (T) 4096B-4096B, ioengine=filecreate, iodepth=1
...
fio-3.41
Starting 64 threads

create: (groupid=0, jobs=64): err= 0: pid=562465: Fri Mar 13 00:47:40 2026
  read: IOPS=34.2k, BW=133MiB/s (140MB/s)(2000MiB/14989msec)
    clat (usec): min=11, max=27674, avg=282.90, stdev=663.98
    clat percentiles (usec):
     |  1.00th=[   17],  5.00th=[   25], 10.00th=[   28], 20.00th=[   35],
     | 30.00th=[   50], 40.00th=[   80], 50.00th=[  145], 60.00th=[  281],
     | 70.00th=[  388], 80.00th=[  478], 90.00th=[  586], 95.00th=[  668],
     | 99.00th=[  824], 99.50th=[ 1205], 99.90th=[10552], 99.95th=[10814],
     | 99.99th=[18220]
   bw (  KiB/s): min=78602, max=480207, per=100.00%, avg=153310.24, stdev=1575.88, samples=1556
   iops        : min=19645, max=120045, avg=38325.03, stdev=393.94, samples=1556
  cpu          : usr=81.72%, sys=15.24%, ctx=273385, majf=0, minf=0
  IO depths    : 1=100.0%, 2=0.0%, 4=0.0%, 8=0.0%, 16=0.0%, 32=0.0%, >=64=0.0%
     submit    : 0=0.0%, 4=100.0%, 8=0.0%, 16=0.0%, 32=0.0%, 64=0.0%, >=64=0.0%
     complete  : 0=0.0%, 4=100.0%, 8=0.0%, 16=0.0%, 32=0.0%, 64=0.0%, >=64=0.0%
     issued rwts: total=512000,0,0,0 short=0,0,0,0 dropped=0,0,0,0
     latency   : target=0, window=0, percentile=100.00%, depth=1

Run status group 0 (all jobs):
   READ: bw=133MiB/s (140MB/s), 133MiB/s-133MiB/s (140MB/s-140MB/s), io=2000MiB (2097MB), run=14989-14989msec
