create: (g=0): rw=read, bs=(R) 4096B-4096B, (W) 4096B-4096B, (T) 4096B-4096B, ioengine=filecreate, iodepth=1
...
fio-3.41
Starting 24 threads

create: (groupid=0, jobs=24): err= 0: pid=598804: Fri Mar 13 01:06:04 2026
  read: IOPS=22.3k, BW=87.0MiB/s (91.2MB/s)(750MiB/8623msec)
    clat (usec): min=17, max=20058, avg=57.06, stdev=227.98
    clat percentiles (usec):
     |  1.00th=[   21],  5.00th=[   24], 10.00th=[   25], 20.00th=[   27],
     | 30.00th=[   29], 40.00th=[   32], 50.00th=[   39], 60.00th=[   47],
     | 70.00th=[   58], 80.00th=[   75], 90.00th=[  105], 95.00th=[  139],
     | 99.00th=[  202], 99.50th=[  229], 99.90th=[  293], 99.95th=[  449],
     | 99.99th=[15926]
   bw (  KiB/s): min=51154, max=277632, per=100.00%, avg=98717.77, stdev=2752.70, samples=314
   iops        : min=12786, max=69408, avg=24679.27, stdev=688.18, samples=314
  cpu          : usr=93.07%, sys=6.32%, ctx=1716, majf=0, minf=0
  IO depths    : 1=100.0%, 2=0.0%, 4=0.0%, 8=0.0%, 16=0.0%, 32=0.0%, >=64=0.0%
     submit    : 0=0.0%, 4=100.0%, 8=0.0%, 16=0.0%, 32=0.0%, 64=0.0%, >=64=0.0%
     complete  : 0=0.0%, 4=100.0%, 8=0.0%, 16=0.0%, 32=0.0%, 64=0.0%, >=64=0.0%
     issued rwts: total=192000,0,0,0 short=0,0,0,0 dropped=0,0,0,0
     latency   : target=0, window=0, percentile=100.00%, depth=1

Run status group 0 (all jobs):
   READ: bw=87.0MiB/s (91.2MB/s), 87.0MiB/s-87.0MiB/s (91.2MB/s-91.2MB/s), io=750MiB (786MB), run=8623-8623msec
