create: (g=0): rw=read, bs=(R) 4096B-4096B, (W) 4096B-4096B, (T) 4096B-4096B, ioengine=filecreate, iodepth=1
...
fio-3.41
Starting 8 threads

create: (groupid=0, jobs=8): err= 0: pid=21389: Thu Mar 12 20:20:58 2026
  read: IOPS=11.7k, BW=45.8MiB/s (48.0MB/s)(250MiB/5462msec)
    clat (usec): min=11, max=2328, avg=20.44, stdev=30.44
    clat percentiles (usec):
     |  1.00th=[   13],  5.00th=[   15], 10.00th=[   15], 20.00th=[   16],
     | 30.00th=[   17], 40.00th=[   17], 50.00th=[   18], 60.00th=[   19],
     | 70.00th=[   20], 80.00th=[   23], 90.00th=[   29], 95.00th=[   34],
     | 99.00th=[   62], 99.50th=[   68], 99.90th=[   84], 99.95th=[  119],
     | 99.99th=[ 1811]
   bw (  KiB/s): min=46510, max=108752, per=100.00%, avg=67905.38, stdev=2587.32, samples=56
   iops        : min=11627, max=27188, avg=16976.29, stdev=646.84, samples=56
  cpu          : usr=95.29%, sys=4.39%, ctx=516, majf=0, minf=0
  IO depths    : 1=100.0%, 2=0.0%, 4=0.0%, 8=0.0%, 16=0.0%, 32=0.0%, >=64=0.0%
     submit    : 0=0.0%, 4=100.0%, 8=0.0%, 16=0.0%, 32=0.0%, 64=0.0%, >=64=0.0%
     complete  : 0=0.0%, 4=100.0%, 8=0.0%, 16=0.0%, 32=0.0%, 64=0.0%, >=64=0.0%
     issued rwts: total=64000,0,0,0 short=0,0,0,0 dropped=0,0,0,0
     latency   : target=0, window=0, percentile=100.00%, depth=1

Run status group 0 (all jobs):
   READ: bw=45.8MiB/s (48.0MB/s), 45.8MiB/s-45.8MiB/s (48.0MB/s-48.0MB/s), io=250MiB (262MB), run=5462-5462msec
