create: (g=0): rw=read, bs=(R) 4096B-4096B, (W) 4096B-4096B, (T) 4096B-4096B, ioengine=filecreate, iodepth=1
...
fio-3.41
Starting 44 threads

create: (groupid=0, jobs=44): err= 0: pid=162030: Thu Mar 12 21:30:36 2026
  read: IOPS=20.0k, BW=78.1MiB/s (81.9MB/s)(1375MiB/17611msec)
    clat (usec): min=17, max=333738, avg=1032.01, stdev=4277.86
    clat percentiles (usec):
     |  1.00th=[    28],  5.00th=[    34], 10.00th=[    46], 20.00th=[    89],
     | 30.00th=[   196], 40.00th=[   603], 50.00th=[   889], 60.00th=[  1045],
     | 70.00th=[  1139], 80.00th=[  1270], 90.00th=[  1401], 95.00th=[  1483],
     | 99.00th=[ 11469], 99.50th=[ 19530], 99.90th=[ 26346], 99.95th=[ 27395],
     | 99.99th=[329253]
   bw (  KiB/s): min=34752, max=180336, per=100.00%, avg=95327.54, stdev=701.62, samples=1309
   iops        : min= 8688, max=45084, avg=23828.64, stdev=175.42, samples=1309
  cpu          : usr=45.37%, sys=38.58%, ctx=157584, majf=0, minf=0
  IO depths    : 1=100.0%, 2=0.0%, 4=0.0%, 8=0.0%, 16=0.0%, 32=0.0%, >=64=0.0%
     submit    : 0=0.0%, 4=100.0%, 8=0.0%, 16=0.0%, 32=0.0%, 64=0.0%, >=64=0.0%
     complete  : 0=0.0%, 4=100.0%, 8=0.0%, 16=0.0%, 32=0.0%, 64=0.0%, >=64=0.0%
     issued rwts: total=352000,0,0,0 short=0,0,0,0 dropped=0,0,0,0
     latency   : target=0, window=0, percentile=100.00%, depth=1

Run status group 0 (all jobs):
   READ: bw=78.1MiB/s (81.9MB/s), 78.1MiB/s-78.1MiB/s (81.9MB/s-81.9MB/s), io=1375MiB (1442MB), run=17611-17611msec
