create: (g=0): rw=read, bs=(R) 4096B-4096B, (W) 4096B-4096B, (T) 4096B-4096B, ioengine=filecreate, iodepth=1
fio-3.41
Starting 1 thread

create: (groupid=0, jobs=1): err= 0: pid=199657: Thu Mar 12 21:48:31 2026
  read: IOPS=4898, BW=19.1MiB/s (20.1MB/s)(31.2MiB/1633msec)
    clat (usec): min=13, max=1110, avg=19.81, stdev=15.70
    clat percentiles (usec):
     |  1.00th=[   15],  5.00th=[   16], 10.00th=[   17], 20.00th=[   18],
     | 30.00th=[   19], 40.00th=[   19], 50.00th=[   20], 60.00th=[   20],
     | 70.00th=[   21], 80.00th=[   22], 90.00th=[   22], 95.00th=[   26],
     | 99.00th=[   34], 99.50th=[   39], 99.90th=[   65], 99.95th=[  169],
     | 99.99th=[ 1106]
   bw (  KiB/s): min=11096, max=24272, per=86.98%, avg=17045.33, stdev=6680.23, samples=3
   iops        : min= 2774, max= 6068, avg=4261.33, stdev=1670.06, samples=3
  cpu          : usr=90.26%, sys=9.13%, ctx=346, majf=0, minf=0
  IO depths    : 1=100.0%, 2=0.0%, 4=0.0%, 8=0.0%, 16=0.0%, 32=0.0%, >=64=0.0%
     submit    : 0=0.0%, 4=100.0%, 8=0.0%, 16=0.0%, 32=0.0%, 64=0.0%, >=64=0.0%
     complete  : 0=0.0%, 4=100.0%, 8=0.0%, 16=0.0%, 32=0.0%, 64=0.0%, >=64=0.0%
     issued rwts: total=8000,0,0,0 short=0,0,0,0 dropped=0,0,0,0
     latency   : target=0, window=0, percentile=100.00%, depth=1

Run status group 0 (all jobs):
   READ: bw=19.1MiB/s (20.1MB/s), 19.1MiB/s-19.1MiB/s (20.1MB/s-20.1MB/s), io=31.2MiB (32.8MB), run=1633-1633msec
