create: (g=0): rw=read, bs=(R) 4096B-4096B, (W) 4096B-4096B, (T) 4096B-4096B, ioengine=filecreate, iodepth=1
fio-3.41
Starting 1 thread

create: (groupid=0, jobs=1): err= 0: pid=662709: Fri Mar 13 01:36:54 2026
  read: IOPS=5167, BW=20.2MiB/s (21.2MB/s)(31.2MiB/1548msec)
    clat (usec): min=9, max=124, avg=15.45, stdev= 4.83
    clat percentiles (usec):
     |  1.00th=[   12],  5.00th=[   12], 10.00th=[   13], 20.00th=[   14],
     | 30.00th=[   14], 40.00th=[   15], 50.00th=[   15], 60.00th=[   16],
     | 70.00th=[   16], 80.00th=[   17], 90.00th=[   18], 95.00th=[   20],
     | 99.00th=[   42], 99.50th=[   53], 99.90th=[   59], 99.95th=[   69],
     | 99.99th=[  125]
   bw (  KiB/s): min=12920, max=28616, per=93.21%, avg=19269.33, stdev=8266.14, samples=3
   iops        : min= 3230, max= 7154, avg=4817.33, stdev=2066.54, samples=3
  cpu          : usr=91.53%, sys=7.89%, ctx=172, majf=0, minf=0
  IO depths    : 1=100.0%, 2=0.0%, 4=0.0%, 8=0.0%, 16=0.0%, 32=0.0%, >=64=0.0%
     submit    : 0=0.0%, 4=100.0%, 8=0.0%, 16=0.0%, 32=0.0%, 64=0.0%, >=64=0.0%
     complete  : 0=0.0%, 4=100.0%, 8=0.0%, 16=0.0%, 32=0.0%, 64=0.0%, >=64=0.0%
     issued rwts: total=8000,0,0,0 short=0,0,0,0 dropped=0,0,0,0
     latency   : target=0, window=0, percentile=100.00%, depth=1

Run status group 0 (all jobs):
   READ: bw=20.2MiB/s (21.2MB/s), 20.2MiB/s-20.2MiB/s (21.2MB/s-21.2MB/s), io=31.2MiB (32.8MB), run=1548-1548msec
