create: (g=0): rw=read, bs=(R) 4096B-4096B, (W) 4096B-4096B, (T) 4096B-4096B, ioengine=filecreate, iodepth=1
...
fio-3.41
Starting 60 threads

create: (groupid=0, jobs=60): err= 0: pid=744157: Fri Mar 13 02:16:24 2026
  read: IOPS=37.1k, BW=145MiB/s (152MB/s)(1875MiB/12954msec)
    clat (usec): min=12, max=10514, avg=102.75, stdev=152.00
    clat percentiles (usec):
     |  1.00th=[   16],  5.00th=[   19], 10.00th=[   24], 20.00th=[   28],
     | 30.00th=[   35], 40.00th=[   45], 50.00th=[   60], 60.00th=[   84],
     | 70.00th=[  119], 80.00th=[  169], 90.00th=[  249], 95.00th=[  314],
     | 99.00th=[  420], 99.50th=[  457], 99.90th=[  545], 99.95th=[  619],
     | 99.99th=[10159]
   bw (  KiB/s): min=93735, max=594270, per=100.00%, avg=179958.11, stdev=2087.49, samples=1154
   iops        : min=23422, max=148560, avg=44987.58, stdev=521.85, samples=1154
  cpu          : usr=91.68%, sys=7.88%, ctx=43469, majf=0, minf=0
  IO depths    : 1=100.0%, 2=0.0%, 4=0.0%, 8=0.0%, 16=0.0%, 32=0.0%, >=64=0.0%
     submit    : 0=0.0%, 4=100.0%, 8=0.0%, 16=0.0%, 32=0.0%, 64=0.0%, >=64=0.0%
     complete  : 0=0.0%, 4=100.0%, 8=0.0%, 16=0.0%, 32=0.0%, 64=0.0%, >=64=0.0%
     issued rwts: total=480000,0,0,0 short=0,0,0,0 dropped=0,0,0,0
     latency   : target=0, window=0, percentile=100.00%, depth=1

Run status group 0 (all jobs):
   READ: bw=145MiB/s (152MB/s), 145MiB/s-145MiB/s (152MB/s-152MB/s), io=1875MiB (1966MB), run=12954-12954msec
