create: (g=0): rw=read, bs=(R) 4096B-4096B, (W) 4096B-4096B, (T) 4096B-4096B, ioengine=filecreate, iodepth=1
...
fio-3.41
Starting 48 threads

create: (groupid=0, jobs=48): err= 0: pid=727213: Fri Mar 13 02:08:13 2026
  read: IOPS=36.3k, BW=142MiB/s (149MB/s)(1500MiB/10591msec)
    clat (usec): min=9, max=10326, avg=88.38, stdev=159.60
    clat percentiles (usec):
     |  1.00th=[   15],  5.00th=[   18], 10.00th=[   23], 20.00th=[   30],
     | 30.00th=[   39], 40.00th=[   50], 50.00th=[   66], 60.00th=[   85],
     | 70.00th=[  108], 80.00th=[  137], 90.00th=[  178], 95.00th=[  217],
     | 99.00th=[  297], 99.50th=[  334], 99.90th=[  635], 99.95th=[ 1582],
     | 99.99th=[ 8848]
   bw (  KiB/s): min=84433, max=501880, per=100.00%, avg=166633.82, stdev=2399.69, samples=788
   iops        : min=21104, max=125472, avg=41658.01, stdev=599.93, samples=788
  cpu          : usr=91.53%, sys=7.84%, ctx=41882, majf=0, minf=0
  IO depths    : 1=100.0%, 2=0.0%, 4=0.0%, 8=0.0%, 16=0.0%, 32=0.0%, >=64=0.0%
     submit    : 0=0.0%, 4=100.0%, 8=0.0%, 16=0.0%, 32=0.0%, 64=0.0%, >=64=0.0%
     complete  : 0=0.0%, 4=100.0%, 8=0.0%, 16=0.0%, 32=0.0%, 64=0.0%, >=64=0.0%
     issued rwts: total=384000,0,0,0 short=0,0,0,0 dropped=0,0,0,0
     latency   : target=0, window=0, percentile=100.00%, depth=1

Run status group 0 (all jobs):
   READ: bw=142MiB/s (149MB/s), 142MiB/s-142MiB/s (149MB/s-149MB/s), io=1500MiB (1573MB), run=10591-10591msec
