create: (g=0): rw=read, bs=(R) 4096B-4096B, (W) 4096B-4096B, (T) 4096B-4096B, ioengine=filecreate, iodepth=1
...
fio-3.41
Starting 2 threads

create: (groupid=0, jobs=2): err= 0: pid=854411: Fri Mar 13 03:10:39 2026
  read: IOPS=5882, BW=23.0MiB/s (24.1MB/s)(62.5MiB/2720msec)
    clat (usec): min=16, max=742, avg=24.92, stdev=11.24
    clat percentiles (usec):
     |  1.00th=[   19],  5.00th=[   20], 10.00th=[   20], 20.00th=[   21],
     | 30.00th=[   21], 40.00th=[   22], 50.00th=[   22], 60.00th=[   23],
     | 70.00th=[   23], 80.00th=[   26], 90.00th=[   37], 95.00th=[   44],
     | 99.00th=[   60], 99.50th=[   69], 99.90th=[   93], 99.95th=[  108],
     | 99.99th=[  433]
   bw (  KiB/s): min=12344, max=31736, per=81.86%, avg=19260.80, stdev=3612.89, samples=10
   iops        : min= 3086, max= 7934, avg=4815.20, stdev=903.22, samples=10
  cpu          : usr=92.17%, sys=7.51%, ctx=331, majf=0, minf=0
  IO depths    : 1=100.0%, 2=0.0%, 4=0.0%, 8=0.0%, 16=0.0%, 32=0.0%, >=64=0.0%
     submit    : 0=0.0%, 4=100.0%, 8=0.0%, 16=0.0%, 32=0.0%, 64=0.0%, >=64=0.0%
     complete  : 0=0.0%, 4=100.0%, 8=0.0%, 16=0.0%, 32=0.0%, 64=0.0%, >=64=0.0%
     issued rwts: total=16000,0,0,0 short=0,0,0,0 dropped=0,0,0,0
     latency   : target=0, window=0, percentile=100.00%, depth=1

Run status group 0 (all jobs):
   READ: bw=23.0MiB/s (24.1MB/s), 23.0MiB/s-23.0MiB/s (24.1MB/s-24.1MB/s), io=62.5MiB (65.5MB), run=2720-2720msec
