create: (g=0): rw=read, bs=(R) 4096B-4096B, (W) 4096B-4096B, (T) 4096B-4096B, ioengine=filecreate, iodepth=1
...
fio-3.41
Starting 4 threads

create: (groupid=0, jobs=4): err= 0: pid=112248: Thu Mar 12 21:05:31 2026
  read: IOPS=8266, BW=32.3MiB/s (33.9MB/s)(125MiB/3871msec)
    clat (usec): min=16, max=674, avg=26.39, stdev=12.63
    clat percentiles (usec):
     |  1.00th=[   18],  5.00th=[   19], 10.00th=[   19], 20.00th=[   20],
     | 30.00th=[   21], 40.00th=[   22], 50.00th=[   23], 60.00th=[   23],
     | 70.00th=[   25], 80.00th=[   31], 90.00th=[   42], 95.00th=[   50],
     | 99.00th=[   70], 99.50th=[   78], 99.90th=[  100], 99.95th=[  119],
     | 99.99th=[  326]
   bw (  KiB/s): min=24377, max=65478, per=100.00%, avg=37562.91, stdev=3893.95, samples=21
   iops        : min= 6094, max=16369, avg=9390.57, stdev=973.46, samples=21
  cpu          : usr=92.75%, sys=6.88%, ctx=549, majf=0, minf=0
  IO depths    : 1=100.0%, 2=0.0%, 4=0.0%, 8=0.0%, 16=0.0%, 32=0.0%, >=64=0.0%
     submit    : 0=0.0%, 4=100.0%, 8=0.0%, 16=0.0%, 32=0.0%, 64=0.0%, >=64=0.0%
     complete  : 0=0.0%, 4=100.0%, 8=0.0%, 16=0.0%, 32=0.0%, 64=0.0%, >=64=0.0%
     issued rwts: total=32000,0,0,0 short=0,0,0,0 dropped=0,0,0,0
     latency   : target=0, window=0, percentile=100.00%, depth=1

Run status group 0 (all jobs):
   READ: bw=32.3MiB/s (33.9MB/s), 32.3MiB/s-32.3MiB/s (33.9MB/s-33.9MB/s), io=125MiB (131MB), run=3871-3871msec
