create: (g=0): rw=read, bs=(R) 4096B-4096B, (W) 4096B-4096B, (T) 4096B-4096B, ioengine=filecreate, iodepth=1
...
fio-3.41
Starting 16 threads

create: (groupid=0, jobs=16): err= 0: pid=125225: Thu Mar 12 21:12:13 2026
  read: IOPS=19.9k, BW=77.9MiB/s (81.7MB/s)(500MiB/6420msec)
    clat (usec): min=9, max=196, avg=21.63, stdev=10.71
    clat percentiles (usec):
     |  1.00th=[   12],  5.00th=[   14], 10.00th=[   14], 20.00th=[   15],
     | 30.00th=[   16], 40.00th=[   17], 50.00th=[   18], 60.00th=[   21],
     | 70.00th=[   23], 80.00th=[   27], 90.00th=[   34], 95.00th=[   41],
     | 99.00th=[   67], 99.50th=[   80], 99.90th=[  104], 99.95th=[  114],
     | 99.99th=[  141]
   bw (  KiB/s): min=53640, max=205163, per=100.00%, avg=89477.22, stdev=3061.61, samples=152
   iops        : min=13407, max=51290, avg=22368.72, stdev=765.39, samples=152
  cpu          : usr=96.50%, sys=3.30%, ctx=981, majf=0, minf=0
  IO depths    : 1=100.0%, 2=0.0%, 4=0.0%, 8=0.0%, 16=0.0%, 32=0.0%, >=64=0.0%
     submit    : 0=0.0%, 4=100.0%, 8=0.0%, 16=0.0%, 32=0.0%, 64=0.0%, >=64=0.0%
     complete  : 0=0.0%, 4=100.0%, 8=0.0%, 16=0.0%, 32=0.0%, 64=0.0%, >=64=0.0%
     issued rwts: total=128000,0,0,0 short=0,0,0,0 dropped=0,0,0,0
     latency   : target=0, window=0, percentile=100.00%, depth=1

Run status group 0 (all jobs):
   READ: bw=77.9MiB/s (81.7MB/s), 77.9MiB/s-77.9MiB/s (81.7MB/s-81.7MB/s), io=500MiB (524MB), run=6420-6420msec
