create: (g=0): rw=read, bs=(R) 4096B-4096B, (W) 4096B-4096B, (T) 4096B-4096B, ioengine=filecreate, iodepth=1
...
fio-3.41
Starting 12 threads

create: (groupid=0, jobs=12): err= 0: pid=866774: Fri Mar 13 03:17:08 2026
  read: IOPS=14.1k, BW=55.2MiB/s (57.9MB/s)(375MiB/6795msec)
    clat (usec): min=9, max=165, avg=19.19, stdev= 8.64
    clat percentiles (usec):
     |  1.00th=[   12],  5.00th=[   13], 10.00th=[   14], 20.00th=[   15],
     | 30.00th=[   15], 40.00th=[   16], 50.00th=[   17], 60.00th=[   18],
     | 70.00th=[   21], 80.00th=[   23], 90.00th=[   29], 95.00th=[   34],
     | 99.00th=[   52], 99.50th=[   68], 99.90th=[  103], 99.95th=[  115],
     | 99.99th=[  135]
   bw (  KiB/s): min=37044, max=194490, per=100.00%, avg=69360.22, stdev=4136.85, samples=115
   iops        : min= 9261, max=48622, avg=17339.97, stdev=1034.19, samples=115
  cpu          : usr=96.82%, sys=2.99%, ctx=584, majf=0, minf=0
  IO depths    : 1=100.0%, 2=0.0%, 4=0.0%, 8=0.0%, 16=0.0%, 32=0.0%, >=64=0.0%
     submit    : 0=0.0%, 4=100.0%, 8=0.0%, 16=0.0%, 32=0.0%, 64=0.0%, >=64=0.0%
     complete  : 0=0.0%, 4=100.0%, 8=0.0%, 16=0.0%, 32=0.0%, 64=0.0%, >=64=0.0%
     issued rwts: total=96000,0,0,0 short=0,0,0,0 dropped=0,0,0,0
     latency   : target=0, window=0, percentile=100.00%, depth=1

Run status group 0 (all jobs):
   READ: bw=55.2MiB/s (57.9MB/s), 55.2MiB/s-55.2MiB/s (57.9MB/s-57.9MB/s), io=375MiB (393MB), run=6795-6795msec
