create: (g=0): rw=read, bs=(R) 4096B-4096B, (W) 4096B-4096B, (T) 4096B-4096B, ioengine=filecreate, iodepth=1
...
fio-3.41
Starting 48 threads

create: (groupid=0, jobs=48): err= 0: pid=632115: Fri Mar 13 01:22:23 2026
  read: IOPS=33.3k, BW=130MiB/s (136MB/s)(1500MiB/11547msec)
    clat (usec): min=9, max=10613, avg=98.46, stdev=238.64
    clat percentiles (usec):
     |  1.00th=[   13],  5.00th=[   17], 10.00th=[   20], 20.00th=[   27],
     | 30.00th=[   34], 40.00th=[   44], 50.00th=[   58], 60.00th=[   78],
     | 70.00th=[  110], 80.00th=[  155], 90.00th=[  223], 95.00th=[  277],
     | 99.00th=[  371], 99.50th=[  408], 99.90th=[ 1434], 99.95th=[ 6849],
     | 99.99th=[10290]
   bw (  KiB/s): min=76520, max=534872, per=100.00%, avg=161618.84, stdev=2602.61, samples=810
   iops        : min=19122, max=133716, avg=40402.87, stdev=650.64, samples=810
  cpu          : usr=90.93%, sys=8.20%, ctx=57256, majf=0, minf=0
  IO depths    : 1=100.0%, 2=0.0%, 4=0.0%, 8=0.0%, 16=0.0%, 32=0.0%, >=64=0.0%
     submit    : 0=0.0%, 4=100.0%, 8=0.0%, 16=0.0%, 32=0.0%, 64=0.0%, >=64=0.0%
     complete  : 0=0.0%, 4=100.0%, 8=0.0%, 16=0.0%, 32=0.0%, 64=0.0%, >=64=0.0%
     issued rwts: total=384000,0,0,0 short=0,0,0,0 dropped=0,0,0,0
     latency   : target=0, window=0, percentile=100.00%, depth=1

Run status group 0 (all jobs):
   READ: bw=130MiB/s (136MB/s), 130MiB/s-130MiB/s (136MB/s-136MB/s), io=1500MiB (1573MB), run=11547-11547msec
