create: (g=0): rw=read, bs=(R) 4096B-4096B, (W) 4096B-4096B, (T) 4096B-4096B, ioengine=filecreate, iodepth=1
...
fio-3.41
Starting 52 threads

create: (groupid=0, jobs=52): err= 0: pid=80380: Thu Mar 12 20:50:02 2026
  read: IOPS=32.4k, BW=127MiB/s (133MB/s)(1625MiB/12834msec)
    clat (usec): min=9, max=10957, avg=174.03, stdev=393.77
    clat percentiles (usec):
     |  1.00th=[   14],  5.00th=[   18], 10.00th=[   23], 20.00th=[   30],
     | 30.00th=[   42], 40.00th=[   62], 50.00th=[   99], 60.00th=[  165],
     | 70.00th=[  241], 80.00th=[  310], 90.00th=[  375], 95.00th=[  424],
     | 99.00th=[  506], 99.50th=[  545], 99.90th=[ 8979], 99.95th=[10159],
     | 99.99th=[10552]
   bw (  KiB/s): min=84236, max=478320, per=100.00%, avg=161824.26, stdev=2022.61, samples=1006
   iops        : min=21050, max=119575, avg=40454.09, stdev=505.64, samples=1006
  cpu          : usr=85.97%, sys=12.48%, ctx=102341, majf=0, minf=0
  IO depths    : 1=100.0%, 2=0.0%, 4=0.0%, 8=0.0%, 16=0.0%, 32=0.0%, >=64=0.0%
     submit    : 0=0.0%, 4=100.0%, 8=0.0%, 16=0.0%, 32=0.0%, 64=0.0%, >=64=0.0%
     complete  : 0=0.0%, 4=100.0%, 8=0.0%, 16=0.0%, 32=0.0%, 64=0.0%, >=64=0.0%
     issued rwts: total=416000,0,0,0 short=0,0,0,0 dropped=0,0,0,0
     latency   : target=0, window=0, percentile=100.00%, depth=1

Run status group 0 (all jobs):
   READ: bw=127MiB/s (133MB/s), 127MiB/s-127MiB/s (133MB/s-133MB/s), io=1625MiB (1704MB), run=12834-12834msec
