create: (g=0): rw=read, bs=(R) 4096B-4096B, (W) 4096B-4096B, (T) 4096B-4096B, ioengine=filecreate, iodepth=1
...
fio-3.41
Starting 60 threads

create: (groupid=0, jobs=60): err= 0: pid=186759: Thu Mar 12 21:42:24 2026
  read: IOPS=32.5k, BW=127MiB/s (133MB/s)(1875MiB/14760msec)
    clat (usec): min=9, max=11147, avg=205.04, stdev=352.57
    clat percentiles (usec):
     |  1.00th=[   15],  5.00th=[   23], 10.00th=[   27], 20.00th=[   37],
     | 30.00th=[   51], 40.00th=[   74], 50.00th=[  110], 60.00th=[  167],
     | 70.00th=[  273], 80.00th=[  396], 90.00th=[  498], 95.00th=[  562],
     | 99.00th=[  668], 99.50th=[  709], 99.90th=[ 6849], 99.95th=[ 9896],
     | 99.99th=[10552]
   bw (  KiB/s): min=75375, max=511332, per=100.00%, avg=152721.97, stdev=1873.55, samples=1389
   iops        : min=18829, max=127827, avg=38179.05, stdev=468.37, samples=1389
  cpu          : usr=86.21%, sys=12.76%, ctx=81788, majf=0, minf=0
  IO depths    : 1=100.0%, 2=0.0%, 4=0.0%, 8=0.0%, 16=0.0%, 32=0.0%, >=64=0.0%
     submit    : 0=0.0%, 4=100.0%, 8=0.0%, 16=0.0%, 32=0.0%, 64=0.0%, >=64=0.0%
     complete  : 0=0.0%, 4=100.0%, 8=0.0%, 16=0.0%, 32=0.0%, 64=0.0%, >=64=0.0%
     issued rwts: total=480000,0,0,0 short=0,0,0,0 dropped=0,0,0,0
     latency   : target=0, window=0, percentile=100.00%, depth=1

Run status group 0 (all jobs):
   READ: bw=127MiB/s (133MB/s), 127MiB/s-127MiB/s (133MB/s-133MB/s), io=1875MiB (1966MB), run=14760-14760msec
