create: (g=0): rw=read, bs=(R) 4096B-4096B, (W) 4096B-4096B, (T) 4096B-4096B, ioengine=filecreate, iodepth=1
...
fio-3.41
Starting 40 threads

create: (groupid=0, jobs=40): err= 0: pid=246338: Thu Mar 12 22:12:05 2026
  read: IOPS=29.2k, BW=114MiB/s (120MB/s)(1250MiB/10952msec)
    clat (usec): min=11, max=4627, avg=36.15, stdev=37.90
    clat percentiles (usec):
     |  1.00th=[   15],  5.00th=[   16], 10.00th=[   17], 20.00th=[   19],
     | 30.00th=[   21], 40.00th=[   23], 50.00th=[   26], 60.00th=[   31],
     | 70.00th=[   37], 80.00th=[   47], 90.00th=[   70], 95.00th=[   95],
     | 99.00th=[  151], 99.50th=[  174], 99.90th=[  225], 99.95th=[  249],
     | 99.99th=[  742]
   bw (  KiB/s): min=76193, max=489493, per=100.00%, avg=151484.06, stdev=2920.77, samples=590
   iops        : min=19039, max=122373, avg=37870.38, stdev=730.20, samples=590
  cpu          : usr=96.10%, sys=3.65%, ctx=2911, majf=0, minf=0
  IO depths    : 1=100.0%, 2=0.0%, 4=0.0%, 8=0.0%, 16=0.0%, 32=0.0%, >=64=0.0%
     submit    : 0=0.0%, 4=100.0%, 8=0.0%, 16=0.0%, 32=0.0%, 64=0.0%, >=64=0.0%
     complete  : 0=0.0%, 4=100.0%, 8=0.0%, 16=0.0%, 32=0.0%, 64=0.0%, >=64=0.0%
     issued rwts: total=320000,0,0,0 short=0,0,0,0 dropped=0,0,0,0
     latency   : target=0, window=0, percentile=100.00%, depth=1

Run status group 0 (all jobs):
   READ: bw=114MiB/s (120MB/s), 114MiB/s-114MiB/s (120MB/s-120MB/s), io=1250MiB (1311MB), run=10952-10952msec
