create: (g=0): rw=read, bs=(R) 4096B-4096B, (W) 4096B-4096B, (T) 4096B-4096B, ioengine=filecreate, iodepth=1
...
fio-3.41
Starting 44 threads

create: (groupid=0, jobs=44): err= 0: pid=438878: Thu Mar 12 23:47:21 2026
  read: IOPS=28.4k, BW=111MiB/s (116MB/s)(1375MiB/12383msec)
    clat (usec): min=18, max=20875, avg=433.96, stdev=657.68
    clat percentiles (usec):
     |  1.00th=[   25],  5.00th=[   32], 10.00th=[   44], 20.00th=[   78],
     | 30.00th=[  143], 40.00th=[  281], 50.00th=[  408], 60.00th=[  529],
     | 70.00th=[  611], 80.00th=[  685], 90.00th=[  783], 95.00th=[  848],
     | 99.00th=[  979], 99.50th=[ 1057], 99.90th=[10552], 99.95th=[11076],
     | 99.99th=[19530]
   bw (  KiB/s): min=74009, max=305802, per=100.00%, avg=134035.92, stdev=1459.32, samples=893
   iops        : min=18492, max=76449, avg=33507.70, stdev=364.83, samples=893
  cpu          : usr=66.70%, sys=30.52%, ctx=124725, majf=0, minf=0
  IO depths    : 1=100.0%, 2=0.0%, 4=0.0%, 8=0.0%, 16=0.0%, 32=0.0%, >=64=0.0%
     submit    : 0=0.0%, 4=100.0%, 8=0.0%, 16=0.0%, 32=0.0%, 64=0.0%, >=64=0.0%
     complete  : 0=0.0%, 4=100.0%, 8=0.0%, 16=0.0%, 32=0.0%, 64=0.0%, >=64=0.0%
     issued rwts: total=352000,0,0,0 short=0,0,0,0 dropped=0,0,0,0
     latency   : target=0, window=0, percentile=100.00%, depth=1

Run status group 0 (all jobs):
   READ: bw=111MiB/s (116MB/s), 111MiB/s-111MiB/s (116MB/s-116MB/s), io=1375MiB (1442MB), run=12383-12383msec
