create: (g=0): rw=read, bs=(R) 4096B-4096B, (W) 4096B-4096B, (T) 4096B-4096B, ioengine=filecreate, iodepth=1
...
fio-3.41
Starting 12 threads

create: (groupid=0, jobs=12): err= 0: pid=586344: Fri Mar 13 00:59:44 2026
  read: IOPS=16.2k, BW=63.3MiB/s (66.4MB/s)(375MiB/5923msec)
    clat (usec): min=9, max=274, avg=20.21, stdev=11.37
    clat percentiles (usec):
     |  1.00th=[   12],  5.00th=[   13], 10.00th=[   14], 20.00th=[   15],
     | 30.00th=[   16], 40.00th=[   16], 50.00th=[   17], 60.00th=[   19],
     | 70.00th=[   21], 80.00th=[   24], 90.00th=[   30], 95.00th=[   36],
     | 99.00th=[   70], 99.50th=[  101], 99.90th=[  135], 99.95th=[  147],
     | 99.99th=[  176]
   bw (  KiB/s): min=42626, max=167208, per=100.00%, avg=72732.48, stdev=3268.52, samples=107
   iops        : min=10654, max=41802, avg=18182.86, stdev=817.15, samples=107
  cpu          : usr=96.52%, sys=3.27%, ctx=661, majf=0, minf=0
  IO depths    : 1=100.0%, 2=0.0%, 4=0.0%, 8=0.0%, 16=0.0%, 32=0.0%, >=64=0.0%
     submit    : 0=0.0%, 4=100.0%, 8=0.0%, 16=0.0%, 32=0.0%, 64=0.0%, >=64=0.0%
     complete  : 0=0.0%, 4=100.0%, 8=0.0%, 16=0.0%, 32=0.0%, 64=0.0%, >=64=0.0%
     issued rwts: total=96000,0,0,0 short=0,0,0,0 dropped=0,0,0,0
     latency   : target=0, window=0, percentile=100.00%, depth=1

Run status group 0 (all jobs):
   READ: bw=63.3MiB/s (66.4MB/s), 63.3MiB/s-63.3MiB/s (66.4MB/s-66.4MB/s), io=375MiB (393MB), run=5923-5923msec
