create: (g=0): rw=read, bs=(R) 4096B-4096B, (W) 4096B-4096B, (T) 4096B-4096B, ioengine=filecreate, iodepth=1
...
fio-3.41
Starting 56 threads

create: (groupid=0, jobs=56): err= 0: pid=828828: Fri Mar 13 02:58:20 2026
  read: IOPS=31.7k, BW=124MiB/s (130MB/s)(1750MiB/14129msec)
    clat (usec): min=11, max=20259, avg=60.93, stdev=208.17
    clat percentiles (usec):
     |  1.00th=[   16],  5.00th=[   19], 10.00th=[   21], 20.00th=[   26],
     | 30.00th=[   29], 40.00th=[   34], 50.00th=[   41], 60.00th=[   49],
     | 70.00th=[   62], 80.00th=[   81], 90.00th=[  116], 95.00th=[  149],
     | 99.00th=[  231], 99.50th=[  265], 99.90th=[  420], 99.95th=[ 4555],
     | 99.99th=[ 7832]
   bw (  KiB/s): min=83536, max=580771, per=100.00%, avg=163699.45, stdev=2224.40, samples=1142
   iops        : min=20874, max=145189, avg=40923.26, stdev=556.09, samples=1142
  cpu          : usr=95.16%, sys=4.23%, ctx=10217, majf=0, minf=0
  IO depths    : 1=100.0%, 2=0.0%, 4=0.0%, 8=0.0%, 16=0.0%, 32=0.0%, >=64=0.0%
     submit    : 0=0.0%, 4=100.0%, 8=0.0%, 16=0.0%, 32=0.0%, 64=0.0%, >=64=0.0%
     complete  : 0=0.0%, 4=100.0%, 8=0.0%, 16=0.0%, 32=0.0%, 64=0.0%, >=64=0.0%
     issued rwts: total=448000,0,0,0 short=0,0,0,0 dropped=0,0,0,0
     latency   : target=0, window=0, percentile=100.00%, depth=1

Run status group 0 (all jobs):
   READ: bw=124MiB/s (130MB/s), 124MiB/s-124MiB/s (130MB/s-130MB/s), io=1750MiB (1835MB), run=14129-14129msec
