create: (g=0): rw=read, bs=(R) 4096B-4096B, (W) 4096B-4096B, (T) 4096B-4096B, ioengine=filecreate, iodepth=1
...
fio-3.41
Starting 16 threads

create: (groupid=0, jobs=16): err= 0: pid=309508: Thu Mar 12 22:43:12 2026
  read: IOPS=20.2k, BW=79.0MiB/s (82.8MB/s)(500MiB/6330msec)
    clat (usec): min=10, max=211, avg=20.13, stdev= 8.61
    clat percentiles (usec):
     |  1.00th=[   13],  5.00th=[   15], 10.00th=[   15], 20.00th=[   16],
     | 30.00th=[   16], 40.00th=[   17], 50.00th=[   18], 60.00th=[   19],
     | 70.00th=[   20], 80.00th=[   24], 90.00th=[   29], 95.00th=[   36],
     | 99.00th=[   63], 99.50th=[   70], 99.90th=[   84], 99.95th=[   89],
     | 99.99th=[  111]
   bw (  KiB/s): min=53152, max=212566, per=100.00%, avg=87923.10, stdev=3298.80, samples=154
   iops        : min=13284, max=53141, avg=21980.27, stdev=824.70, samples=154
  cpu          : usr=96.61%, sys=3.19%, ctx=344, majf=0, minf=0
  IO depths    : 1=100.0%, 2=0.0%, 4=0.0%, 8=0.0%, 16=0.0%, 32=0.0%, >=64=0.0%
     submit    : 0=0.0%, 4=100.0%, 8=0.0%, 16=0.0%, 32=0.0%, 64=0.0%, >=64=0.0%
     complete  : 0=0.0%, 4=100.0%, 8=0.0%, 16=0.0%, 32=0.0%, 64=0.0%, >=64=0.0%
     issued rwts: total=128000,0,0,0 short=0,0,0,0 dropped=0,0,0,0
     latency   : target=0, window=0, percentile=100.00%, depth=1

Run status group 0 (all jobs):
   READ: bw=79.0MiB/s (82.8MB/s), 79.0MiB/s-79.0MiB/s (82.8MB/s-82.8MB/s), io=500MiB (524MB), run=6330-6330msec
