create: (g=0): rw=read, bs=(R) 4096B-4096B, (W) 4096B-4096B, (T) 4096B-4096B, ioengine=filecreate, iodepth=1
...
fio-3.41
Starting 20 threads

create: (groupid=0, jobs=20): err= 0: pid=780724: Fri Mar 13 02:34:47 2026
  read: IOPS=19.7k, BW=77.1MiB/s (80.9MB/s)(625MiB/8105msec)
    clat (usec): min=11, max=1267, avg=22.14, stdev=14.99
    clat percentiles (usec):
     |  1.00th=[   14],  5.00th=[   15], 10.00th=[   15], 20.00th=[   16],
     | 30.00th=[   17], 40.00th=[   18], 50.00th=[   18], 60.00th=[   19],
     | 70.00th=[   22], 80.00th=[   27], 90.00th=[   34], 95.00th=[   43],
     | 99.00th=[   71], 99.50th=[   80], 99.90th=[  102], 99.95th=[  114],
     | 99.99th=[  807]
   bw (  KiB/s): min=48821, max=217480, per=100.00%, avg=86319.89, stdev=2512.28, samples=225
   iops        : min=12197, max=54366, avg=21578.41, stdev=628.05, samples=225
  cpu          : usr=96.98%, sys=2.81%, ctx=876, majf=0, minf=0
  IO depths    : 1=100.0%, 2=0.0%, 4=0.0%, 8=0.0%, 16=0.0%, 32=0.0%, >=64=0.0%
     submit    : 0=0.0%, 4=100.0%, 8=0.0%, 16=0.0%, 32=0.0%, 64=0.0%, >=64=0.0%
     complete  : 0=0.0%, 4=100.0%, 8=0.0%, 16=0.0%, 32=0.0%, 64=0.0%, >=64=0.0%
     issued rwts: total=160000,0,0,0 short=0,0,0,0 dropped=0,0,0,0
     latency   : target=0, window=0, percentile=100.00%, depth=1

Run status group 0 (all jobs):
   READ: bw=77.1MiB/s (80.9MB/s), 77.1MiB/s-77.1MiB/s (80.9MB/s-80.9MB/s), io=625MiB (655MB), run=8105-8105msec
