create: (g=0): rw=read, bs=(R) 4096B-4096B, (W) 4096B-4096B, (T) 4096B-4096B, ioengine=filecreate, iodepth=1
...
fio-3.41
Starting 24 threads

create: (groupid=0, jobs=24): err= 0: pid=321410: Thu Mar 12 22:49:15 2026
  read: IOPS=19.9k, BW=77.7MiB/s (81.5MB/s)(750MiB/9652msec)
    clat (usec): min=16, max=327248, avg=203.10, stdev=3492.16
    clat percentiles (usec):
     |  1.00th=[    24],  5.00th=[    29], 10.00th=[    31], 20.00th=[    34],
     | 30.00th=[    41], 40.00th=[    53], 50.00th=[    71], 60.00th=[   100],
     | 70.00th=[   151], 80.00th=[   215], 90.00th=[   273], 95.00th=[   314],
     | 99.00th=[   412], 99.50th=[   611], 99.90th=[ 22938], 99.95th=[ 24773],
     | 99.99th=[325059]
   bw (  KiB/s): min=54293, max=266497, per=100.00%, avg=100805.77, stdev=2502.44, samples=345
   iops        : min=13570, max=66623, avg=25200.54, stdev=625.61, samples=345
  cpu          : usr=78.47%, sys=11.97%, ctx=8731, majf=0, minf=0
  IO depths    : 1=100.0%, 2=0.0%, 4=0.0%, 8=0.0%, 16=0.0%, 32=0.0%, >=64=0.0%
     submit    : 0=0.0%, 4=100.0%, 8=0.0%, 16=0.0%, 32=0.0%, 64=0.0%, >=64=0.0%
     complete  : 0=0.0%, 4=100.0%, 8=0.0%, 16=0.0%, 32=0.0%, 64=0.0%, >=64=0.0%
     issued rwts: total=192000,0,0,0 short=0,0,0,0 dropped=0,0,0,0
     latency   : target=0, window=0, percentile=100.00%, depth=1

Run status group 0 (all jobs):
   READ: bw=77.7MiB/s (81.5MB/s), 77.7MiB/s-77.7MiB/s (81.5MB/s-81.5MB/s), io=750MiB (786MB), run=9652-9652msec
