create: (g=0): rw=read, bs=(R) 4096B-4096B, (W) 4096B-4096B, (T) 4096B-4096B, ioengine=filecreate, iodepth=1
...
fio-3.41
Starting 32 threads

create: (groupid=0, jobs=32): err= 0: pid=798278: Fri Mar 13 02:43:34 2026
  read: IOPS=23.6k, BW=92.2MiB/s (96.7MB/s)(1000MiB/10842msec)
    clat (usec): min=16, max=323107, avg=475.28, stdev=3675.31
    clat percentiles (usec):
     |  1.00th=[    25],  5.00th=[    30], 10.00th=[    35], 20.00th=[    57],
     | 30.00th=[    92], 40.00th=[   153], 50.00th=[   258], 60.00th=[   465],
     | 70.00th=[   553], 80.00th=[   619], 90.00th=[   685], 95.00th=[   734],
     | 99.00th=[   947], 99.50th=[ 11076], 99.90th=[ 20055], 99.95th=[ 21627],
     | 99.99th=[320865]
   bw (  KiB/s): min=48754, max=208700, per=100.00%, avg=118033.93, stdev=1286.82, samples=571
   iops        : min=12188, max=52172, avg=29507.85, stdev=321.71, samples=571
  cpu          : usr=58.94%, sys=28.15%, ctx=29371, majf=0, minf=0
  IO depths    : 1=100.0%, 2=0.0%, 4=0.0%, 8=0.0%, 16=0.0%, 32=0.0%, >=64=0.0%
     submit    : 0=0.0%, 4=100.0%, 8=0.0%, 16=0.0%, 32=0.0%, 64=0.0%, >=64=0.0%
     complete  : 0=0.0%, 4=100.0%, 8=0.0%, 16=0.0%, 32=0.0%, 64=0.0%, >=64=0.0%
     issued rwts: total=256000,0,0,0 short=0,0,0,0 dropped=0,0,0,0
     latency   : target=0, window=0, percentile=100.00%, depth=1

Run status group 0 (all jobs):
   READ: bw=92.2MiB/s (96.7MB/s), 92.2MiB/s-92.2MiB/s (96.7MB/s-96.7MB/s), io=1000MiB (1049MB), run=10842-10842msec
