create: (g=0): rw=read, bs=(R) 4096B-4096B, (W) 4096B-4096B, (T) 4096B-4096B, ioengine=filecreate, iodepth=1
...
fio-3.41
Starting 36 threads

create: (groupid=0, jobs=36): err= 0: pid=802476: Fri Mar 13 02:45:38 2026
  read: IOPS=27.3k, BW=107MiB/s (112MB/s)(1125MiB/10560msec)
    clat (usec): min=9, max=968, avg=36.54, stdev=26.37
    clat percentiles (usec):
     |  1.00th=[   13],  5.00th=[   15], 10.00th=[   17], 20.00th=[   19],
     | 30.00th=[   21], 40.00th=[   25], 50.00th=[   28], 60.00th=[   33],
     | 70.00th=[   40], 80.00th=[   50], 90.00th=[   70], 95.00th=[   90],
     | 99.00th=[  139], 99.50th=[  159], 99.90th=[  200], 99.95th=[  223],
     | 99.99th=[  281]
   bw (  KiB/s): min=75136, max=434424, per=100.00%, avg=144168.22, stdev=2820.15, samples=504
   iops        : min=18775, max=108606, avg=36041.31, stdev=705.05, samples=504
  cpu          : usr=95.62%, sys=4.16%, ctx=3596, majf=0, minf=0
  IO depths    : 1=100.0%, 2=0.0%, 4=0.0%, 8=0.0%, 16=0.0%, 32=0.0%, >=64=0.0%
     submit    : 0=0.0%, 4=100.0%, 8=0.0%, 16=0.0%, 32=0.0%, 64=0.0%, >=64=0.0%
     complete  : 0=0.0%, 4=100.0%, 8=0.0%, 16=0.0%, 32=0.0%, 64=0.0%, >=64=0.0%
     issued rwts: total=288000,0,0,0 short=0,0,0,0 dropped=0,0,0,0
     latency   : target=0, window=0, percentile=100.00%, depth=1

Run status group 0 (all jobs):
   READ: bw=107MiB/s (112MB/s), 107MiB/s-107MiB/s (112MB/s-112MB/s), io=1125MiB (1180MB), run=10560-10560msec
