create: (g=0): rw=read, bs=(R) 4096B-4096B, (W) 4096B-4096B, (T) 4096B-4096B, ioengine=filecreate, iodepth=1
...
fio-3.41
Starting 2 threads

create: (groupid=0, jobs=2): err= 0: pid=386011: Thu Mar 12 23:20:37 2026
  read: IOPS=5144, BW=20.1MiB/s (21.1MB/s)(62.5MiB/3110msec)
    clat (usec): min=10, max=177, avg=17.36, stdev= 6.12
    clat percentiles (usec):
     |  1.00th=[   13],  5.00th=[   14], 10.00th=[   14], 20.00th=[   15],
     | 30.00th=[   15], 40.00th=[   16], 50.00th=[   16], 60.00th=[   17],
     | 70.00th=[   18], 80.00th=[   19], 90.00th=[   21], 95.00th=[   27],
     | 99.00th=[   52], 99.50th=[   59], 99.90th=[   74], 99.95th=[   83],
     | 99.99th=[  104]
   bw (  KiB/s): min=10472, max=34712, per=87.58%, avg=18022.67, stdev=4262.70, samples=12
   iops        : min= 2618, max= 8678, avg=4505.67, stdev=1065.67, samples=12
  cpu          : usr=95.41%, sys=4.26%, ctx=348, majf=0, minf=0
  IO depths    : 1=100.0%, 2=0.0%, 4=0.0%, 8=0.0%, 16=0.0%, 32=0.0%, >=64=0.0%
     submit    : 0=0.0%, 4=100.0%, 8=0.0%, 16=0.0%, 32=0.0%, 64=0.0%, >=64=0.0%
     complete  : 0=0.0%, 4=100.0%, 8=0.0%, 16=0.0%, 32=0.0%, 64=0.0%, >=64=0.0%
     issued rwts: total=16000,0,0,0 short=0,0,0,0 dropped=0,0,0,0
     latency   : target=0, window=0, percentile=100.00%, depth=1

Run status group 0 (all jobs):
   READ: bw=20.1MiB/s (21.1MB/s), 20.1MiB/s-20.1MiB/s (21.1MB/s-21.1MB/s), io=62.5MiB (65.5MB), run=3110-3110msec
