create: (g=0): rw=read, bs=(R) 4096B-4096B, (W) 4096B-4096B, (T) 4096B-4096B, ioengine=filecreate, iodepth=1
...
fio-3.41
Starting 12 threads

create: (groupid=0, jobs=12): err= 0: pid=867625: Fri Mar 13 03:17:34 2026
  read: IOPS=15.2k, BW=59.4MiB/s (62.3MB/s)(375MiB/6311msec)
    clat (usec): min=16, max=7191, avg=43.50, stdev=56.04
    clat percentiles (usec):
     |  1.00th=[   22],  5.00th=[   25], 10.00th=[   26], 20.00th=[   29],
     | 30.00th=[   30], 40.00th=[   32], 50.00th=[   34], 60.00th=[   36],
     | 70.00th=[   43], 80.00th=[   53], 90.00th=[   70], 95.00th=[   90],
     | 99.00th=[  137], 99.50th=[  151], 99.90th=[  889], 99.95th=[ 1029],
     | 99.99th=[ 1352]
   bw (  KiB/s): min=37404, max=140384, per=100.00%, avg=63030.29, stdev=2595.00, samples=117
   iops        : min= 9349, max=35096, avg=15757.38, stdev=648.76, samples=117
  cpu          : usr=93.12%, sys=6.45%, ctx=1030, majf=0, minf=0
  IO depths    : 1=100.0%, 2=0.0%, 4=0.0%, 8=0.0%, 16=0.0%, 32=0.0%, >=64=0.0%
     submit    : 0=0.0%, 4=100.0%, 8=0.0%, 16=0.0%, 32=0.0%, 64=0.0%, >=64=0.0%
     complete  : 0=0.0%, 4=100.0%, 8=0.0%, 16=0.0%, 32=0.0%, 64=0.0%, >=64=0.0%
     issued rwts: total=96000,0,0,0 short=0,0,0,0 dropped=0,0,0,0
     latency   : target=0, window=0, percentile=100.00%, depth=1

Run status group 0 (all jobs):
   READ: bw=59.4MiB/s (62.3MB/s), 59.4MiB/s-59.4MiB/s (62.3MB/s-62.3MB/s), io=375MiB (393MB), run=6311-6311msec
