create: (g=0): rw=read, bs=(R) 4096B-4096B, (W) 4096B-4096B, (T) 4096B-4096B, ioengine=filecreate, iodepth=1
...
fio-3.41
Starting 44 threads

create: (groupid=0, jobs=44): err= 0: pid=720032: Fri Mar 13 02:04:47 2026
  read: IOPS=29.3k, BW=114MiB/s (120MB/s)(1375MiB/12031msec)
    clat (usec): min=18, max=24030, avg=407.58, stdev=581.15
    clat percentiles (usec):
     |  1.00th=[   26],  5.00th=[   36], 10.00th=[   49], 20.00th=[   98],
     | 30.00th=[  174], 40.00th=[  314], 50.00th=[  424], 60.00th=[  490],
     | 70.00th=[  545], 80.00th=[  603], 90.00th=[  693], 95.00th=[  766],
     | 99.00th=[  914], 99.50th=[  996], 99.90th=[ 9241], 99.95th=[10552],
     | 99.99th=[19530]
   bw (  KiB/s): min=79974, max=340958, per=100.00%, avg=142943.93, stdev=1783.84, samples=852
   iops        : min=19982, max=85236, avg=35734.52, stdev=445.97, samples=852
  cpu          : usr=67.58%, sys=30.05%, ctx=98242, majf=0, minf=0
  IO depths    : 1=100.0%, 2=0.0%, 4=0.0%, 8=0.0%, 16=0.0%, 32=0.0%, >=64=0.0%
     submit    : 0=0.0%, 4=100.0%, 8=0.0%, 16=0.0%, 32=0.0%, 64=0.0%, >=64=0.0%
     complete  : 0=0.0%, 4=100.0%, 8=0.0%, 16=0.0%, 32=0.0%, 64=0.0%, >=64=0.0%
     issued rwts: total=352000,0,0,0 short=0,0,0,0 dropped=0,0,0,0
     latency   : target=0, window=0, percentile=100.00%, depth=1

Run status group 0 (all jobs):
   READ: bw=114MiB/s (120MB/s), 114MiB/s-114MiB/s (120MB/s-120MB/s), io=1375MiB (1442MB), run=12031-12031msec
