create: (g=0): rw=read, bs=(R) 4096B-4096B, (W) 4096B-4096B, (T) 4096B-4096B, ioengine=filecreate, iodepth=1
...
fio-3.41
Starting 16 threads

create: (groupid=0, jobs=16): err= 0: pid=869282: Fri Mar 13 03:18:26 2026
  read: IOPS=20.0k, BW=78.0MiB/s (81.7MB/s)(500MiB/6414msec)
    clat (usec): min=10, max=718, avg=21.21, stdev=11.40
    clat percentiles (usec):
     |  1.00th=[   13],  5.00th=[   15], 10.00th=[   15], 20.00th=[   16],
     | 30.00th=[   17], 40.00th=[   17], 50.00th=[   18], 60.00th=[   19],
     | 70.00th=[   21], 80.00th=[   26], 90.00th=[   32], 95.00th=[   40],
     | 99.00th=[   68], 99.50th=[   76], 99.90th=[   95], 99.95th=[  105],
     | 99.99th=[  180]
   bw (  KiB/s): min=54256, max=204349, per=100.00%, avg=90669.33, stdev=2935.40, samples=150
   iops        : min=13559, max=51084, avg=22665.76, stdev=733.84, samples=150
  cpu          : usr=96.47%, sys=3.34%, ctx=398, majf=0, minf=0
  IO depths    : 1=100.0%, 2=0.0%, 4=0.0%, 8=0.0%, 16=0.0%, 32=0.0%, >=64=0.0%
     submit    : 0=0.0%, 4=100.0%, 8=0.0%, 16=0.0%, 32=0.0%, 64=0.0%, >=64=0.0%
     complete  : 0=0.0%, 4=100.0%, 8=0.0%, 16=0.0%, 32=0.0%, 64=0.0%, >=64=0.0%
     issued rwts: total=128000,0,0,0 short=0,0,0,0 dropped=0,0,0,0
     latency   : target=0, window=0, percentile=100.00%, depth=1

Run status group 0 (all jobs):
   READ: bw=78.0MiB/s (81.7MB/s), 78.0MiB/s-78.0MiB/s (81.7MB/s-81.7MB/s), io=500MiB (524MB), run=6414-6414msec
