create: (g=0): rw=read, bs=(R) 4096B-4096B, (W) 4096B-4096B, (T) 4096B-4096B, ioengine=filecreate, iodepth=1
...
fio-3.41
Starting 40 threads

create: (groupid=0, jobs=40): err= 0: pid=808036: Fri Mar 13 02:48:20 2026
  read: IOPS=30.0k, BW=117MiB/s (123MB/s)(1250MiB/10680msec)
    clat (usec): min=9, max=2269, avg=44.95, stdev=35.35
    clat percentiles (usec):
     |  1.00th=[   13],  5.00th=[   16], 10.00th=[   18], 20.00th=[   21],
     | 30.00th=[   24], 40.00th=[   28], 50.00th=[   34], 60.00th=[   41],
     | 70.00th=[   50], 80.00th=[   64], 90.00th=[   90], 95.00th=[  116],
     | 99.00th=[  172], 99.50th=[  190], 99.90th=[  237], 99.95th=[  269],
     | 99.99th=[  474]
   bw (  KiB/s): min=70774, max=488975, per=100.00%, avg=144066.23, stdev=2891.92, samples=619
   iops        : min=17685, max=122242, avg=36015.79, stdev=722.97, samples=619
  cpu          : usr=95.37%, sys=4.39%, ctx=2328, majf=0, minf=0
  IO depths    : 1=100.0%, 2=0.0%, 4=0.0%, 8=0.0%, 16=0.0%, 32=0.0%, >=64=0.0%
     submit    : 0=0.0%, 4=100.0%, 8=0.0%, 16=0.0%, 32=0.0%, 64=0.0%, >=64=0.0%
     complete  : 0=0.0%, 4=100.0%, 8=0.0%, 16=0.0%, 32=0.0%, 64=0.0%, >=64=0.0%
     issued rwts: total=320000,0,0,0 short=0,0,0,0 dropped=0,0,0,0
     latency   : target=0, window=0, percentile=100.00%, depth=1

Run status group 0 (all jobs):
   READ: bw=117MiB/s (123MB/s), 117MiB/s-117MiB/s (123MB/s-123MB/s), io=1250MiB (1311MB), run=10680-10680msec
