create: (g=0): rw=read, bs=(R) 4096B-4096B, (W) 4096B-4096B, (T) 4096B-4096B, ioengine=filecreate, iodepth=1
...
fio-3.41
Starting 8 threads

create: (groupid=0, jobs=8): err= 0: pid=863364: Fri Mar 13 03:15:24 2026
  read: IOPS=10.6k, BW=41.4MiB/s (43.4MB/s)(250MiB/6038msec)
    clat (usec): min=15, max=1085, avg=35.76, stdev=27.48
    clat percentiles (usec):
     |  1.00th=[   20],  5.00th=[   24], 10.00th=[   25], 20.00th=[   27],
     | 30.00th=[   28], 40.00th=[   30], 50.00th=[   31], 60.00th=[   33],
     | 70.00th=[   36], 80.00th=[   44], 90.00th=[   53], 95.00th=[   61],
     | 99.00th=[   81], 99.50th=[   90], 99.90th=[  433], 99.95th=[  791],
     | 99.99th=[  947]
   bw (  KiB/s): min=42990, max=134266, per=100.00%, avg=68735.94, stdev=3703.37, samples=62
   iops        : min=10747, max=33566, avg=17183.73, stdev=925.84, samples=62
  cpu          : usr=93.05%, sys=6.63%, ctx=368, majf=0, minf=0
  IO depths    : 1=100.0%, 2=0.0%, 4=0.0%, 8=0.0%, 16=0.0%, 32=0.0%, >=64=0.0%
     submit    : 0=0.0%, 4=100.0%, 8=0.0%, 16=0.0%, 32=0.0%, 64=0.0%, >=64=0.0%
     complete  : 0=0.0%, 4=100.0%, 8=0.0%, 16=0.0%, 32=0.0%, 64=0.0%, >=64=0.0%
     issued rwts: total=64000,0,0,0 short=0,0,0,0 dropped=0,0,0,0
     latency   : target=0, window=0, percentile=100.00%, depth=1

Run status group 0 (all jobs):
   READ: bw=41.4MiB/s (43.4MB/s), 41.4MiB/s-41.4MiB/s (43.4MB/s-43.4MB/s), io=250MiB (262MB), run=6038-6038msec
