create: (g=0): rw=read, bs=(R) 4096B-4096B, (W) 4096B-4096B, (T) 4096B-4096B, ioengine=filecreate, iodepth=1
...
fio-3.41
Starting 4 threads

create: (groupid=0, jobs=4): err= 0: pid=205199: Thu Mar 12 21:51:29 2026
  read: IOPS=8494, BW=33.2MiB/s (34.8MB/s)(125MiB/3767msec)
    clat (usec): min=17, max=811, avg=27.18, stdev=13.41
    clat percentiles (usec):
     |  1.00th=[   19],  5.00th=[   20], 10.00th=[   20], 20.00th=[   21],
     | 30.00th=[   22], 40.00th=[   22], 50.00th=[   23], 60.00th=[   24],
     | 70.00th=[   26], 80.00th=[   32], 90.00th=[   43], 95.00th=[   52],
     | 99.00th=[   72], 99.50th=[   81], 99.90th=[  108], 99.95th=[  118],
     | 99.99th=[  379]
   bw (  KiB/s): min=24640, max=64824, per=100.00%, avg=37680.57, stdev=3851.45, samples=22
   iops        : min= 6160, max=16206, avg=9420.14, stdev=962.86, samples=22
  cpu          : usr=92.62%, sys=7.05%, ctx=602, majf=0, minf=0
  IO depths    : 1=100.0%, 2=0.0%, 4=0.0%, 8=0.0%, 16=0.0%, 32=0.0%, >=64=0.0%
     submit    : 0=0.0%, 4=100.0%, 8=0.0%, 16=0.0%, 32=0.0%, 64=0.0%, >=64=0.0%
     complete  : 0=0.0%, 4=100.0%, 8=0.0%, 16=0.0%, 32=0.0%, 64=0.0%, >=64=0.0%
     issued rwts: total=32000,0,0,0 short=0,0,0,0 dropped=0,0,0,0
     latency   : target=0, window=0, percentile=100.00%, depth=1

Run status group 0 (all jobs):
   READ: bw=33.2MiB/s (34.8MB/s), 33.2MiB/s-33.2MiB/s (34.8MB/s-34.8MB/s), io=125MiB (131MB), run=3767-3767msec
