create: (g=0): rw=read, bs=(R) 4096B-4096B, (W) 4096B-4096B, (T) 4096B-4096B, ioengine=filecreate, iodepth=1
...
fio-3.41
Starting 8 threads

create: (groupid=0, jobs=8): err= 0: pid=860134: Fri Mar 13 03:13:43 2026
  read: IOPS=10.8k, BW=42.1MiB/s (44.1MB/s)(250MiB/5944msec)
    clat (usec): min=11, max=2401, avg=20.16, stdev=27.91
    clat percentiles (usec):
     |  1.00th=[   14],  5.00th=[   15], 10.00th=[   15], 20.00th=[   16],
     | 30.00th=[   17], 40.00th=[   17], 50.00th=[   18], 60.00th=[   19],
     | 70.00th=[   20], 80.00th=[   23], 90.00th=[   29], 95.00th=[   33],
     | 99.00th=[   60], 99.50th=[   68], 99.90th=[   84], 99.95th=[   99],
     | 99.99th=[ 1942]
   bw (  KiB/s): min=45816, max=117368, per=100.00%, avg=68642.44, stdev=2949.34, samples=58
   iops        : min=11454, max=29341, avg=17160.27, stdev=737.32, samples=58
  cpu          : usr=95.98%, sys=3.73%, ctx=291, majf=0, minf=0
  IO depths    : 1=100.0%, 2=0.0%, 4=0.0%, 8=0.0%, 16=0.0%, 32=0.0%, >=64=0.0%
     submit    : 0=0.0%, 4=100.0%, 8=0.0%, 16=0.0%, 32=0.0%, 64=0.0%, >=64=0.0%
     complete  : 0=0.0%, 4=100.0%, 8=0.0%, 16=0.0%, 32=0.0%, 64=0.0%, >=64=0.0%
     issued rwts: total=64000,0,0,0 short=0,0,0,0 dropped=0,0,0,0
     latency   : target=0, window=0, percentile=100.00%, depth=1

Run status group 0 (all jobs):
   READ: bw=42.1MiB/s (44.1MB/s), 42.1MiB/s-42.1MiB/s (44.1MB/s-44.1MB/s), io=250MiB (262MB), run=5944-5944msec
