create: (g=0): rw=read, bs=(R) 4096B-4096B, (W) 4096B-4096B, (T) 4096B-4096B, ioengine=filecreate, iodepth=1
...
fio-3.41
Starting 8 threads

create: (groupid=0, jobs=8): err= 0: pid=393880: Thu Mar 12 23:24:48 2026
  read: IOPS=10.2k, BW=40.0MiB/s (41.9MB/s)(250MiB/6253msec)
    clat (usec): min=11, max=636, avg=18.59, stdev= 8.84
    clat percentiles (usec):
     |  1.00th=[   13],  5.00th=[   14], 10.00th=[   15], 20.00th=[   15],
     | 30.00th=[   16], 40.00th=[   16], 50.00th=[   17], 60.00th=[   18],
     | 70.00th=[   19], 80.00th=[   20], 90.00th=[   26], 95.00th=[   31],
     | 99.00th=[   57], 99.50th=[   63], 99.90th=[   76], 99.95th=[   83],
     | 99.99th=[  151]
   bw (  KiB/s): min=44848, max=127122, per=100.00%, avg=67611.92, stdev=3857.64, samples=59
   iops        : min=11212, max=31780, avg=16902.77, stdev=964.38, samples=59
  cpu          : usr=95.96%, sys=3.82%, ctx=387, majf=0, minf=0
  IO depths    : 1=100.0%, 2=0.0%, 4=0.0%, 8=0.0%, 16=0.0%, 32=0.0%, >=64=0.0%
     submit    : 0=0.0%, 4=100.0%, 8=0.0%, 16=0.0%, 32=0.0%, 64=0.0%, >=64=0.0%
     complete  : 0=0.0%, 4=100.0%, 8=0.0%, 16=0.0%, 32=0.0%, 64=0.0%, >=64=0.0%
     issued rwts: total=64000,0,0,0 short=0,0,0,0 dropped=0,0,0,0
     latency   : target=0, window=0, percentile=100.00%, depth=1

Run status group 0 (all jobs):
   READ: bw=40.0MiB/s (41.9MB/s), 40.0MiB/s-40.0MiB/s (41.9MB/s-41.9MB/s), io=250MiB (262MB), run=6253-6253msec
