create: (g=0): rw=read, bs=(R) 4096B-4096B, (W) 4096B-4096B, (T) 4096B-4096B, ioengine=filecreate, iodepth=1
...
fio-3.41
Starting 48 threads

create: (groupid=0, jobs=48): err= 0: pid=446051: Thu Mar 12 23:50:49 2026
  read: IOPS=33.8k, BW=132MiB/s (139MB/s)(1500MiB/11347msec)
    clat (usec): min=10, max=11960, avg=136.77, stdev=352.56
    clat percentiles (usec):
     |  1.00th=[   14],  5.00th=[   17], 10.00th=[   20], 20.00th=[   27],
     | 30.00th=[   35], 40.00th=[   46], 50.00th=[   65], 60.00th=[   96],
     | 70.00th=[  147], 80.00th=[  239], 90.00th=[  343], 95.00th=[  396],
     | 99.00th=[  494], 99.50th=[  537], 99.90th=[ 7701], 99.95th=[10159],
     | 99.99th=[10552]
   bw (  KiB/s): min=79847, max=471894, per=100.00%, avg=157969.89, stdev=2302.13, samples=841
   iops        : min=19949, max=117969, avg=39490.86, stdev=575.51, samples=841
  cpu          : usr=87.67%, sys=10.98%, ctx=80591, majf=0, minf=0
  IO depths    : 1=100.0%, 2=0.0%, 4=0.0%, 8=0.0%, 16=0.0%, 32=0.0%, >=64=0.0%
     submit    : 0=0.0%, 4=100.0%, 8=0.0%, 16=0.0%, 32=0.0%, 64=0.0%, >=64=0.0%
     complete  : 0=0.0%, 4=100.0%, 8=0.0%, 16=0.0%, 32=0.0%, 64=0.0%, >=64=0.0%
     issued rwts: total=384000,0,0,0 short=0,0,0,0 dropped=0,0,0,0
     latency   : target=0, window=0, percentile=100.00%, depth=1

Run status group 0 (all jobs):
   READ: bw=132MiB/s (139MB/s), 132MiB/s-132MiB/s (139MB/s-139MB/s), io=1500MiB (1573MB), run=11347-11347msec
