create: (g=0): rw=read, bs=(R) 4096B-4096B, (W) 4096B-4096B, (T) 4096B-4096B, ioengine=filecreate, iodepth=1
...
fio-3.41
Starting 2 threads

create: (groupid=0, jobs=2): err= 0: pid=109505: Thu Mar 12 21:04:02 2026
  read: IOPS=6118, BW=23.9MiB/s (25.1MB/s)(62.5MiB/2615msec)
    clat (usec): min=9, max=178, avg=15.76, stdev= 6.42
    clat percentiles (usec):
     |  1.00th=[   11],  5.00th=[   12], 10.00th=[   12], 20.00th=[   13],
     | 30.00th=[   13], 40.00th=[   14], 50.00th=[   14], 60.00th=[   15],
     | 70.00th=[   16], 80.00th=[   19], 90.00th=[   22], 95.00th=[   27],
     | 99.00th=[   37], 99.50th=[   45], 99.90th=[   94], 99.95th=[  111],
     | 99.99th=[  127]
   bw (  KiB/s): min=12836, max=37448, per=87.03%, avg=21300.00, stdev=4602.61, samples=10
   iops        : min= 3209, max= 9362, avg=5325.00, stdev=1150.65, samples=10
  cpu          : usr=94.39%, sys=5.20%, ctx=579, majf=0, minf=0
  IO depths    : 1=100.0%, 2=0.0%, 4=0.0%, 8=0.0%, 16=0.0%, 32=0.0%, >=64=0.0%
     submit    : 0=0.0%, 4=100.0%, 8=0.0%, 16=0.0%, 32=0.0%, 64=0.0%, >=64=0.0%
     complete  : 0=0.0%, 4=100.0%, 8=0.0%, 16=0.0%, 32=0.0%, 64=0.0%, >=64=0.0%
     issued rwts: total=16000,0,0,0 short=0,0,0,0 dropped=0,0,0,0
     latency   : target=0, window=0, percentile=100.00%, depth=1

Run status group 0 (all jobs):
   READ: bw=23.9MiB/s (25.1MB/s), 23.9MiB/s-23.9MiB/s (25.1MB/s-25.1MB/s), io=62.5MiB (65.5MB), run=2615-2615msec
