create: (g=0): rw=read, bs=(R) 4096B-4096B, (W) 4096B-4096B, (T) 4096B-4096B, ioengine=filecreate, iodepth=1
...
fio-3.41
Starting 64 threads

create: (groupid=0, jobs=64): err= 0: pid=285698: Thu Mar 12 22:31:11 2026
  read: IOPS=24.4k, BW=95.3MiB/s (100.0MB/s)(2000MiB/20979msec)
    clat (usec): min=18, max=79611, avg=1292.65, stdev=1857.20
    clat percentiles (usec):
     |  1.00th=[   38],  5.00th=[   53], 10.00th=[   90], 20.00th=[  188],
     | 30.00th=[  367], 40.00th=[  922], 50.00th=[ 1352], 60.00th=[ 1614],
     | 70.00th=[ 1778], 80.00th=[ 1876], 90.00th=[ 2008], 95.00th=[ 2114],
     | 99.00th=[10814], 99.50th=[12125], 99.90th=[13566], 99.95th=[21890],
     | 99.99th=[69731]
   bw (  KiB/s): min=66626, max=206408, per=100.00%, avg=102750.64, stdev=459.25, samples=2470
   iops        : min=16644, max=51602, avg=25684.45, stdev=114.83, samples=2470
  cpu          : usr=47.02%, sys=44.97%, ctx=387594, majf=0, minf=0
  IO depths    : 1=100.0%, 2=0.0%, 4=0.0%, 8=0.0%, 16=0.0%, 32=0.0%, >=64=0.0%
     submit    : 0=0.0%, 4=100.0%, 8=0.0%, 16=0.0%, 32=0.0%, 64=0.0%, >=64=0.0%
     complete  : 0=0.0%, 4=100.0%, 8=0.0%, 16=0.0%, 32=0.0%, 64=0.0%, >=64=0.0%
     issued rwts: total=512000,0,0,0 short=0,0,0,0 dropped=0,0,0,0
     latency   : target=0, window=0, percentile=100.00%, depth=1

Run status group 0 (all jobs):
   READ: bw=95.3MiB/s (100.0MB/s), 95.3MiB/s-95.3MiB/s (100.0MB/s-100.0MB/s), io=2000MiB (2097MB), run=20979-20979msec
