create: (g=0): rw=read, bs=(R) 4096B-4096B, (W) 4096B-4096B, (T) 4096B-4096B, ioengine=filecreate, iodepth=1
...
fio-3.41
Starting 48 threads

create: (groupid=0, jobs=48): err= 0: pid=351583: Thu Mar 12 23:04:05 2026
  read: IOPS=28.2k, BW=110MiB/s (116MB/s)(1500MiB/13597msec)
    clat (usec): min=17, max=86983, avg=605.23, stdev=1224.43
    clat percentiles (usec):
     |  1.00th=[   25],  5.00th=[   45], 10.00th=[   77], 20.00th=[  159],
     | 30.00th=[  277], 40.00th=[  396], 50.00th=[  537], 60.00th=[  685],
     | 70.00th=[  816], 80.00th=[  922], 90.00th=[ 1029], 95.00th=[ 1106],
     | 99.00th=[ 1254], 99.50th=[ 2638], 99.90th=[11076], 99.95th=[18744],
     | 99.99th=[63177]
   bw (  KiB/s): min=86718, max=273688, per=100.00%, avg=134321.07, stdev=1043.09, samples=1081
   iops        : min=21672, max=68422, avg=33579.67, stdev=260.78, samples=1081
  cpu          : usr=58.30%, sys=37.63%, ctx=174402, majf=0, minf=0
  IO depths    : 1=100.0%, 2=0.0%, 4=0.0%, 8=0.0%, 16=0.0%, 32=0.0%, >=64=0.0%
     submit    : 0=0.0%, 4=100.0%, 8=0.0%, 16=0.0%, 32=0.0%, 64=0.0%, >=64=0.0%
     complete  : 0=0.0%, 4=100.0%, 8=0.0%, 16=0.0%, 32=0.0%, 64=0.0%, >=64=0.0%
     issued rwts: total=384000,0,0,0 short=0,0,0,0 dropped=0,0,0,0
     latency   : target=0, window=0, percentile=100.00%, depth=1

Run status group 0 (all jobs):
   READ: bw=110MiB/s (116MB/s), 110MiB/s-110MiB/s (116MB/s-116MB/s), io=1500MiB (1573MB), run=13597-13597msec
