create: (g=0): rw=read, bs=(R) 4096B-4096B, (W) 4096B-4096B, (T) 4096B-4096B, ioengine=filecreate, iodepth=1
...
fio-3.41
Starting 64 threads

create: (groupid=0, jobs=64): err= 0: pid=102538: Thu Mar 12 21:00:48 2026
  read: IOPS=18.2k, BW=71.0MiB/s (74.5MB/s)(2000MiB/28150msec)
    clat (usec): min=24, max=335175, avg=2431.79, stdev=4839.99
    clat percentiles (usec):
     |  1.00th=[    41],  5.00th=[    78], 10.00th=[   145], 20.00th=[   457],
     | 30.00th=[  1090], 40.00th=[  1762], 50.00th=[  2147], 60.00th=[  2442],
     | 70.00th=[  2671], 80.00th=[  2900], 90.00th=[  3130], 95.00th=[  3425],
     | 99.00th=[ 18744], 99.50th=[ 21365], 99.90th=[ 26608], 99.95th=[ 28181],
     | 99.99th=[329253]
   bw (  KiB/s): min=28800, max=154640, per=100.00%, avg=76484.47, stdev=324.57, samples=3394
   iops        : min= 7197, max=38660, avg=19115.62, stdev=81.16, samples=3394
  cpu          : usr=27.02%, sys=52.43%, ctx=425020, majf=0, minf=0
  IO depths    : 1=100.0%, 2=0.0%, 4=0.0%, 8=0.0%, 16=0.0%, 32=0.0%, >=64=0.0%
     submit    : 0=0.0%, 4=100.0%, 8=0.0%, 16=0.0%, 32=0.0%, 64=0.0%, >=64=0.0%
     complete  : 0=0.0%, 4=100.0%, 8=0.0%, 16=0.0%, 32=0.0%, 64=0.0%, >=64=0.0%
     issued rwts: total=512000,0,0,0 short=0,0,0,0 dropped=0,0,0,0
     latency   : target=0, window=0, percentile=100.00%, depth=1

Run status group 0 (all jobs):
   READ: bw=71.0MiB/s (74.5MB/s), 71.0MiB/s-71.0MiB/s (74.5MB/s-74.5MB/s), io=2000MiB (2097MB), run=28150-28150msec
