create: (g=0): rw=read, bs=(R) 4096B-4096B, (W) 4096B-4096B, (T) 4096B-4096B, ioengine=filecreate, iodepth=1
...
fio-3.41
Starting 20 threads

create: (groupid=0, jobs=20): err= 0: pid=409460: Thu Mar 12 23:32:47 2026
  read: IOPS=19.0k, BW=74.3MiB/s (77.9MB/s)(625MiB/8412msec)
    clat (usec): min=17, max=329943, avg=159.42, stdev=3544.78
    clat percentiles (usec):
     |  1.00th=[    24],  5.00th=[    27], 10.00th=[    29], 20.00th=[    32],
     | 30.00th=[    36], 40.00th=[    45], 50.00th=[    58], 60.00th=[    77],
     | 70.00th=[   109], 80.00th=[   161], 90.00th=[   239], 95.00th=[   297],
     | 99.00th=[   396], 99.50th=[   469], 99.90th=[ 15008], 99.95th=[ 17695],
     | 99.99th=[329253]
   bw (  KiB/s): min=47895, max=213840, per=100.00%, avg=86673.43, stdev=2359.54, samples=265
   iops        : min=11973, max=53460, avg=21668.30, stdev=589.89, samples=265
  cpu          : usr=81.60%, sys=10.94%, ctx=6420, majf=0, minf=0
  IO depths    : 1=100.0%, 2=0.0%, 4=0.0%, 8=0.0%, 16=0.0%, 32=0.0%, >=64=0.0%
     submit    : 0=0.0%, 4=100.0%, 8=0.0%, 16=0.0%, 32=0.0%, 64=0.0%, >=64=0.0%
     complete  : 0=0.0%, 4=100.0%, 8=0.0%, 16=0.0%, 32=0.0%, 64=0.0%, >=64=0.0%
     issued rwts: total=160000,0,0,0 short=0,0,0,0 dropped=0,0,0,0
     latency   : target=0, window=0, percentile=100.00%, depth=1

Run status group 0 (all jobs):
   READ: bw=74.3MiB/s (77.9MB/s), 74.3MiB/s-74.3MiB/s (77.9MB/s-77.9MB/s), io=625MiB (655MB), run=8412-8412msec
