create: (g=0): rw=read, bs=(R) 4096B-4096B, (W) 4096B-4096B, (T) 4096B-4096B, ioengine=filecreate, iodepth=1
...
fio-3.41
Starting 52 threads

create: (groupid=0, jobs=52): err= 0: pid=81577: Thu Mar 12 20:50:45 2026
  read: IOPS=19.3k, BW=75.4MiB/s (79.1MB/s)(1625MiB/21542msec)
    clat (usec): min=18, max=340215, avg=1280.34, stdev=4345.94
    clat percentiles (usec):
     |  1.00th=[    31],  5.00th=[    45], 10.00th=[    69], 20.00th=[   155],
     | 30.00th=[   367], 40.00th=[   775], 50.00th=[  1057], 60.00th=[  1352],
     | 70.00th=[  1532], 80.00th=[  1647], 90.00th=[  1778], 95.00th=[  1860],
     | 99.00th=[ 15664], 99.50th=[ 19268], 99.90th=[ 24249], 99.95th=[ 26608],
     | 99.99th=[337642]
   bw (  KiB/s): min=46848, max=177146, per=100.00%, avg=93975.11, stdev=540.56, samples=1922
   iops        : min=11712, max=44286, avg=23493.33, stdev=135.14, samples=1922
  cpu          : usr=45.43%, sys=40.04%, ctx=196964, majf=0, minf=0
  IO depths    : 1=100.0%, 2=0.0%, 4=0.0%, 8=0.0%, 16=0.0%, 32=0.0%, >=64=0.0%
     submit    : 0=0.0%, 4=100.0%, 8=0.0%, 16=0.0%, 32=0.0%, 64=0.0%, >=64=0.0%
     complete  : 0=0.0%, 4=100.0%, 8=0.0%, 16=0.0%, 32=0.0%, 64=0.0%, >=64=0.0%
     issued rwts: total=416000,0,0,0 short=0,0,0,0 dropped=0,0,0,0
     latency   : target=0, window=0, percentile=100.00%, depth=1

Run status group 0 (all jobs):
   READ: bw=75.4MiB/s (79.1MB/s), 75.4MiB/s-75.4MiB/s (79.1MB/s-79.1MB/s), io=1625MiB (1704MB), run=21542-21542msec
