create: (g=0): rw=read, bs=(R) 4096B-4096B, (W) 4096B-4096B, (T) 4096B-4096B, ioengine=filecreate, iodepth=1
...
fio-3.41
Starting 40 threads

create: (groupid=0, jobs=40): err= 0: pid=435339: Thu Mar 12 23:45:41 2026
  read: IOPS=21.1k, BW=82.5MiB/s (86.5MB/s)(1250MiB/15159msec)
    clat (usec): min=17, max=335042, avg=798.42, stdev=4118.95
    clat percentiles (usec):
     |  1.00th=[    27],  5.00th=[    33], 10.00th=[    44], 20.00th=[    83],
     | 30.00th=[   165], 40.00th=[   326], 50.00th=[   652], 60.00th=[   791],
     | 70.00th=[   906], 80.00th=[   996], 90.00th=[  1106], 95.00th=[  1172],
     | 99.00th=[ 10028], 99.50th=[ 17957], 99.90th=[ 23725], 99.95th=[ 25560],
     | 99.99th=[329253]
   bw (  KiB/s): min=50739, max=222094, per=100.00%, avg=103405.09, stdev=1047.37, samples=993
   iops        : min=12684, max=55522, avg=25850.51, stdev=261.84, samples=993
  cpu          : usr=49.79%, sys=35.16%, ctx=124653, majf=0, minf=0
  IO depths    : 1=100.0%, 2=0.0%, 4=0.0%, 8=0.0%, 16=0.0%, 32=0.0%, >=64=0.0%
     submit    : 0=0.0%, 4=100.0%, 8=0.0%, 16=0.0%, 32=0.0%, 64=0.0%, >=64=0.0%
     complete  : 0=0.0%, 4=100.0%, 8=0.0%, 16=0.0%, 32=0.0%, 64=0.0%, >=64=0.0%
     issued rwts: total=320000,0,0,0 short=0,0,0,0 dropped=0,0,0,0
     latency   : target=0, window=0, percentile=100.00%, depth=1

Run status group 0 (all jobs):
   READ: bw=82.5MiB/s (86.5MB/s), 82.5MiB/s-82.5MiB/s (86.5MB/s-86.5MB/s), io=1250MiB (1311MB), run=15159-15159msec
