create: (g=0): rw=read, bs=(R) 4096B-4096B, (W) 4096B-4096B, (T) 4096B-4096B, ioengine=filecreate, iodepth=1
...
fio-3.41
Starting 12 threads

create: (groupid=0, jobs=12): err= 0: pid=491755: Fri Mar 13 00:13:21 2026
  read: IOPS=14.3k, BW=56.0MiB/s (58.7MB/s)(375MiB/6701msec)
    clat (usec): min=16, max=19634, avg=32.32, stdev=154.52
    clat percentiles (usec):
     |  1.00th=[   19],  5.00th=[   21], 10.00th=[   23], 20.00th=[   23],
     | 30.00th=[   24], 40.00th=[   24], 50.00th=[   25], 60.00th=[   27],
     | 70.00th=[   31], 80.00th=[   39], 90.00th=[   50], 95.00th=[   61],
     | 99.00th=[   86], 99.50th=[   96], 99.90th=[  127], 99.95th=[  145],
     | 99.99th=[  783]
   bw (  KiB/s): min=37365, max=179176, per=100.00%, avg=68187.17, stdev=3536.93, samples=120
   iops        : min= 9339, max=44794, avg=17046.58, stdev=884.25, samples=120
  cpu          : usr=95.23%, sys=4.37%, ctx=1015, majf=0, minf=0
  IO depths    : 1=100.0%, 2=0.0%, 4=0.0%, 8=0.0%, 16=0.0%, 32=0.0%, >=64=0.0%
     submit    : 0=0.0%, 4=100.0%, 8=0.0%, 16=0.0%, 32=0.0%, 64=0.0%, >=64=0.0%
     complete  : 0=0.0%, 4=100.0%, 8=0.0%, 16=0.0%, 32=0.0%, 64=0.0%, >=64=0.0%
     issued rwts: total=96000,0,0,0 short=0,0,0,0 dropped=0,0,0,0
     latency   : target=0, window=0, percentile=100.00%, depth=1

Run status group 0 (all jobs):
   READ: bw=56.0MiB/s (58.7MB/s), 56.0MiB/s-56.0MiB/s (58.7MB/s-58.7MB/s), io=375MiB (393MB), run=6701-6701msec
