create: (g=0): rw=read, bs=(R) 4096B-4096B, (W) 4096B-4096B, (T) 4096B-4096B, ioengine=filecreate, iodepth=1
...
fio-3.41
Starting 24 threads

create: (groupid=0, jobs=24): err= 0: pid=413262: Thu Mar 12 23:34:41 2026
  read: IOPS=23.7k, BW=92.5MiB/s (97.0MB/s)(750MiB/8108msec)
    clat (usec): min=10, max=313, avg=27.18, stdev=17.67
    clat percentiles (usec):
     |  1.00th=[   13],  5.00th=[   15], 10.00th=[   16], 20.00th=[   17],
     | 30.00th=[   18], 40.00th=[   20], 50.00th=[   22], 60.00th=[   25],
     | 70.00th=[   29], 80.00th=[   35], 90.00th=[   45], 95.00th=[   58],
     | 99.00th=[  109], 99.50th=[  128], 99.90th=[  161], 99.95th=[  174],
     | 99.99th=[  200]
   bw (  KiB/s): min=57649, max=266855, per=100.00%, avg=102773.71, stdev=2656.81, samples=283
   iops        : min=14406, max=66712, avg=25692.19, stdev=664.17, samples=283
  cpu          : usr=96.39%, sys=3.41%, ctx=1138, majf=0, minf=0
  IO depths    : 1=100.0%, 2=0.0%, 4=0.0%, 8=0.0%, 16=0.0%, 32=0.0%, >=64=0.0%
     submit    : 0=0.0%, 4=100.0%, 8=0.0%, 16=0.0%, 32=0.0%, 64=0.0%, >=64=0.0%
     complete  : 0=0.0%, 4=100.0%, 8=0.0%, 16=0.0%, 32=0.0%, 64=0.0%, >=64=0.0%
     issued rwts: total=192000,0,0,0 short=0,0,0,0 dropped=0,0,0,0
     latency   : target=0, window=0, percentile=100.00%, depth=1

Run status group 0 (all jobs):
   READ: bw=92.5MiB/s (97.0MB/s), 92.5MiB/s-92.5MiB/s (97.0MB/s-97.0MB/s), io=750MiB (786MB), run=8108-8108msec
