create: (g=0): rw=read, bs=(R) 4096B-4096B, (W) 4096B-4096B, (T) 4096B-4096B, ioengine=filecreate, iodepth=1
...
fio-3.41
Starting 44 threads

create: (groupid=0, jobs=44): err= 0: pid=529643: Fri Mar 13 00:32:11 2026
  read: IOPS=33.3k, BW=130MiB/s (136MB/s)(1375MiB/10580msec)
    clat (usec): min=11, max=10348, avg=71.25, stdev=173.46
    clat percentiles (usec):
     |  1.00th=[   16],  5.00th=[   17], 10.00th=[   19], 20.00th=[   22],
     | 30.00th=[   27], 40.00th=[   32], 50.00th=[   40], 60.00th=[   53],
     | 70.00th=[   74], 80.00th=[  109], 90.00th=[  161], 95.00th=[  200],
     | 99.00th=[  273], 99.50th=[  306], 99.90th=[ 1860], 99.95th=[ 4178],
     | 99.99th=[ 8848]
   bw (  KiB/s): min=79122, max=549356, per=100.00%, avg=167611.10, stdev=2923.03, samples=668
   iops        : min=19772, max=137337, avg=41901.61, stdev=730.74, samples=668
  cpu          : usr=92.63%, sys=6.62%, ctx=14976, majf=0, minf=0
  IO depths    : 1=100.0%, 2=0.0%, 4=0.0%, 8=0.0%, 16=0.0%, 32=0.0%, >=64=0.0%
     submit    : 0=0.0%, 4=100.0%, 8=0.0%, 16=0.0%, 32=0.0%, 64=0.0%, >=64=0.0%
     complete  : 0=0.0%, 4=100.0%, 8=0.0%, 16=0.0%, 32=0.0%, 64=0.0%, >=64=0.0%
     issued rwts: total=352000,0,0,0 short=0,0,0,0 dropped=0,0,0,0
     latency   : target=0, window=0, percentile=100.00%, depth=1

Run status group 0 (all jobs):
   READ: bw=130MiB/s (136MB/s), 130MiB/s-130MiB/s (136MB/s-136MB/s), io=1375MiB (1442MB), run=10580-10580msec
