create: (g=0): rw=read, bs=(R) 4096B-4096B, (W) 4096B-4096B, (T) 4096B-4096B, ioengine=filecreate, iodepth=1
...
fio-3.41
Starting 56 threads

create: (groupid=0, jobs=56): err= 0: pid=924036: Fri Mar 13 03:45:29 2026
  read: IOPS=26.2k, BW=102MiB/s (107MB/s)(1750MiB/17118msec)
    clat (usec): min=17, max=83193, avg=863.40, stdev=1254.55
    clat percentiles (usec):
     |  1.00th=[   30],  5.00th=[   60], 10.00th=[  111], 20.00th=[  260],
     | 30.00th=[  449], 40.00th=[  644], 50.00th=[  865], 60.00th=[ 1037],
     | 70.00th=[ 1172], 80.00th=[ 1270], 90.00th=[ 1369], 95.00th=[ 1450],
     | 99.00th=[ 1631], 99.50th=[ 8455], 99.90th=[11731], 99.95th=[21103],
     | 99.99th=[62653]
   bw (  KiB/s): min=80911, max=255623, per=100.00%, avg=125500.61, stdev=767.55, samples=1614
   iops        : min=20224, max=63905, avg=31373.93, stdev=191.89, samples=1614
  cpu          : usr=53.26%, sys=42.61%, ctx=227995, majf=0, minf=0
  IO depths    : 1=100.0%, 2=0.0%, 4=0.0%, 8=0.0%, 16=0.0%, 32=0.0%, >=64=0.0%
     submit    : 0=0.0%, 4=100.0%, 8=0.0%, 16=0.0%, 32=0.0%, 64=0.0%, >=64=0.0%
     complete  : 0=0.0%, 4=100.0%, 8=0.0%, 16=0.0%, 32=0.0%, 64=0.0%, >=64=0.0%
     issued rwts: total=448000,0,0,0 short=0,0,0,0 dropped=0,0,0,0
     latency   : target=0, window=0, percentile=100.00%, depth=1

Run status group 0 (all jobs):
   READ: bw=102MiB/s (107MB/s), 102MiB/s-102MiB/s (107MB/s-107MB/s), io=1750MiB (1835MB), run=17118-17118msec
