create: (g=0): rw=read, bs=(R) 4096B-4096B, (W) 4096B-4096B, (T) 4096B-4096B, ioengine=filecreate, iodepth=1
fio-3.41
Starting 1 thread

create: (groupid=0, jobs=1): err= 0: pid=757729: Fri Mar 13 02:22:44 2026
  read: IOPS=5015, BW=19.6MiB/s (20.5MB/s)(31.2MiB/1595msec)
    clat (usec): min=10, max=187, avg=15.11, stdev= 4.86
    clat percentiles (usec):
     |  1.00th=[   12],  5.00th=[   12], 10.00th=[   13], 20.00th=[   13],
     | 30.00th=[   14], 40.00th=[   15], 50.00th=[   15], 60.00th=[   16],
     | 70.00th=[   16], 80.00th=[   17], 90.00th=[   18], 95.00th=[   19],
     | 99.00th=[   32], 99.50th=[   52], 99.90th=[   58], 99.95th=[   72],
     | 99.99th=[  188]
   bw (  KiB/s): min=11240, max=25972, per=88.39%, avg=17734.67, stdev=7519.02, samples=3
   iops        : min= 2810, max= 6493, avg=4433.67, stdev=1879.75, samples=3
  cpu          : usr=93.29%, sys=6.21%, ctx=179, majf=0, minf=0
  IO depths    : 1=100.0%, 2=0.0%, 4=0.0%, 8=0.0%, 16=0.0%, 32=0.0%, >=64=0.0%
     submit    : 0=0.0%, 4=100.0%, 8=0.0%, 16=0.0%, 32=0.0%, 64=0.0%, >=64=0.0%
     complete  : 0=0.0%, 4=100.0%, 8=0.0%, 16=0.0%, 32=0.0%, 64=0.0%, >=64=0.0%
     issued rwts: total=8000,0,0,0 short=0,0,0,0 dropped=0,0,0,0
     latency   : target=0, window=0, percentile=100.00%, depth=1

Run status group 0 (all jobs):
   READ: bw=19.6MiB/s (20.5MB/s), 19.6MiB/s-19.6MiB/s (20.5MB/s-20.5MB/s), io=31.2MiB (32.8MB), run=1595-1595msec
