create: (g=0): rw=read, bs=(R) 4096B-4096B, (W) 4096B-4096B, (T) 4096B-4096B, ioengine=filecreate, iodepth=1
...
fio-3.41
Starting 20 threads

create: (groupid=0, jobs=20): err= 0: pid=500525: Fri Mar 13 00:17:46 2026
  read: IOPS=19.3k, BW=75.5MiB/s (79.2MB/s)(625MiB/8273msec)
    clat (usec): min=16, max=16683, avg=50.55, stdev=177.29
    clat percentiles (usec):
     |  1.00th=[   20],  5.00th=[   23], 10.00th=[   24], 20.00th=[   26],
     | 30.00th=[   28], 40.00th=[   30], 50.00th=[   36], 60.00th=[   43],
     | 70.00th=[   53], 80.00th=[   68], 90.00th=[   92], 95.00th=[  118],
     | 99.00th=[  172], 99.50th=[  192], 99.90th=[  262], 99.95th=[  725],
     | 99.99th=[15795]
   bw (  KiB/s): min=44501, max=243248, per=100.00%, avg=86391.47, stdev=2900.08, samples=241
   iops        : min=11119, max=60811, avg=21597.06, stdev=725.02, samples=241
  cpu          : usr=93.42%, sys=6.07%, ctx=2282, majf=0, minf=0
  IO depths    : 1=100.0%, 2=0.0%, 4=0.0%, 8=0.0%, 16=0.0%, 32=0.0%, >=64=0.0%
     submit    : 0=0.0%, 4=100.0%, 8=0.0%, 16=0.0%, 32=0.0%, 64=0.0%, >=64=0.0%
     complete  : 0=0.0%, 4=100.0%, 8=0.0%, 16=0.0%, 32=0.0%, 64=0.0%, >=64=0.0%
     issued rwts: total=160000,0,0,0 short=0,0,0,0 dropped=0,0,0,0
     latency   : target=0, window=0, percentile=100.00%, depth=1

Run status group 0 (all jobs):
   READ: bw=75.5MiB/s (79.2MB/s), 75.5MiB/s-75.5MiB/s (79.2MB/s-79.2MB/s), io=625MiB (655MB), run=8273-8273msec
