create: (g=0): rw=read, bs=(R) 4096B-4096B, (W) 4096B-4096B, (T) 4096B-4096B, ioengine=filecreate, iodepth=1
...
fio-3.41
Starting 64 threads

create: (groupid=0, jobs=64): err= 0: pid=659027: Fri Mar 13 01:35:19 2026
  read: IOPS=32.5k, BW=127MiB/s (133MB/s)(2000MiB/15764msec)
    clat (usec): min=9, max=14448, avg=338.25, stdev=625.04
    clat percentiles (usec):
     |  1.00th=[   17],  5.00th=[   26], 10.00th=[   30], 20.00th=[   44],
     | 30.00th=[   70], 40.00th=[  125], 50.00th=[  231], 60.00th=[  388],
     | 70.00th=[  490], 80.00th=[  578], 90.00th=[  676], 95.00th=[  742],
     | 99.00th=[  865], 99.50th=[  996], 99.90th=[10421], 99.95th=[10683],
     | 99.99th=[11207]
   bw (  KiB/s): min=72370, max=424829, per=100.00%, avg=143870.33, stdev=1414.87, samples=1709
   iops        : min=18075, max=106198, avg=35966.31, stdev=353.70, samples=1709
  cpu          : usr=80.00%, sys=17.35%, ctx=294641, majf=0, minf=0
  IO depths    : 1=100.0%, 2=0.0%, 4=0.0%, 8=0.0%, 16=0.0%, 32=0.0%, >=64=0.0%
     submit    : 0=0.0%, 4=100.0%, 8=0.0%, 16=0.0%, 32=0.0%, 64=0.0%, >=64=0.0%
     complete  : 0=0.0%, 4=100.0%, 8=0.0%, 16=0.0%, 32=0.0%, 64=0.0%, >=64=0.0%
     issued rwts: total=512000,0,0,0 short=0,0,0,0 dropped=0,0,0,0
     latency   : target=0, window=0, percentile=100.00%, depth=1

Run status group 0 (all jobs):
   READ: bw=127MiB/s (133MB/s), 127MiB/s-127MiB/s (133MB/s-133MB/s), io=2000MiB (2097MB), run=15764-15764msec
