create: (g=0): rw=read, bs=(R) 4096B-4096B, (W) 4096B-4096B, (T) 4096B-4096B, ioengine=filecreate, iodepth=1
...
fio-3.41
Starting 2 threads

create: (groupid=0, jobs=2): err= 0: pid=573480: Fri Mar 13 00:52:58 2026
  read: IOPS=6062, BW=23.7MiB/s (24.8MB/s)(62.5MiB/2639msec)
    clat (usec): min=10, max=179, avg=16.61, stdev= 5.74
    clat percentiles (usec):
     |  1.00th=[   12],  5.00th=[   13], 10.00th=[   13], 20.00th=[   14],
     | 30.00th=[   15], 40.00th=[   15], 50.00th=[   16], 60.00th=[   17],
     | 70.00th=[   17], 80.00th=[   18], 90.00th=[   20], 95.00th=[   26],
     | 99.00th=[   45], 99.50th=[   54], 99.90th=[   70], 99.95th=[   77],
     | 99.99th=[  119]
   bw (  KiB/s): min=13112, max=24904, per=74.58%, avg=18088.00, stdev=2456.01, samples=8
   iops        : min= 3278, max= 6226, avg=4522.00, stdev=614.00, samples=8
  cpu          : usr=94.68%, sys=5.04%, ctx=259, majf=0, minf=0
  IO depths    : 1=100.0%, 2=0.0%, 4=0.0%, 8=0.0%, 16=0.0%, 32=0.0%, >=64=0.0%
     submit    : 0=0.0%, 4=100.0%, 8=0.0%, 16=0.0%, 32=0.0%, 64=0.0%, >=64=0.0%
     complete  : 0=0.0%, 4=100.0%, 8=0.0%, 16=0.0%, 32=0.0%, 64=0.0%, >=64=0.0%
     issued rwts: total=16000,0,0,0 short=0,0,0,0 dropped=0,0,0,0
     latency   : target=0, window=0, percentile=100.00%, depth=1

Run status group 0 (all jobs):
   READ: bw=23.7MiB/s (24.8MB/s), 23.7MiB/s-23.7MiB/s (24.8MB/s-24.8MB/s), io=62.5MiB (65.5MB), run=2639-2639msec
