create: (g=0): rw=read, bs=(R) 4096B-4096B, (W) 4096B-4096B, (T) 4096B-4096B, ioengine=filecreate, iodepth=1
...
fio-3.41
Starting 44 threads

create: (groupid=0, jobs=44): err= 0: pid=250973: Thu Mar 12 22:14:20 2026
  read: IOPS=34.0k, BW=133MiB/s (139MB/s)(1375MiB/10351msec)
    clat (usec): min=12, max=10297, avg=71.03, stdev=155.08
    clat percentiles (usec):
     |  1.00th=[   16],  5.00th=[   18], 10.00th=[   19], 20.00th=[   24],
     | 30.00th=[   28], 40.00th=[   33], 50.00th=[   41], 60.00th=[   53],
     | 70.00th=[   72], 80.00th=[  103], 90.00th=[  161], 95.00th=[  210],
     | 99.00th=[  297], 99.50th=[  334], 99.90th=[  469], 99.95th=[ 4228],
     | 99.99th=[ 6980]
   bw (  KiB/s): min=80437, max=461821, per=100.00%, avg=154600.17, stdev=2442.75, samples=691
   iops        : min=20101, max=115454, avg=38649.35, stdev=610.69, samples=691
  cpu          : usr=93.12%, sys=6.27%, ctx=10022, majf=0, minf=0
  IO depths    : 1=100.0%, 2=0.0%, 4=0.0%, 8=0.0%, 16=0.0%, 32=0.0%, >=64=0.0%
     submit    : 0=0.0%, 4=100.0%, 8=0.0%, 16=0.0%, 32=0.0%, 64=0.0%, >=64=0.0%
     complete  : 0=0.0%, 4=100.0%, 8=0.0%, 16=0.0%, 32=0.0%, 64=0.0%, >=64=0.0%
     issued rwts: total=352000,0,0,0 short=0,0,0,0 dropped=0,0,0,0
     latency   : target=0, window=0, percentile=100.00%, depth=1

Run status group 0 (all jobs):
   READ: bw=133MiB/s (139MB/s), 133MiB/s-133MiB/s (139MB/s-139MB/s), io=1375MiB (1442MB), run=10351-10351msec
