create: (g=0): rw=read, bs=(R) 4096B-4096B, (W) 4096B-4096B, (T) 4096B-4096B, ioengine=filecreate, iodepth=1
...
fio-3.41
Starting 40 threads

create: (groupid=0, jobs=40): err= 0: pid=155223: Thu Mar 12 21:27:09 2026
  read: IOPS=30.8k, BW=120MiB/s (126MB/s)(1250MiB/10389msec)
    clat (usec): min=9, max=2409, avg=47.14, stdev=37.80
    clat percentiles (usec):
     |  1.00th=[   13],  5.00th=[   16], 10.00th=[   17], 20.00th=[   20],
     | 30.00th=[   25], 40.00th=[   29], 50.00th=[   35], 60.00th=[   42],
     | 70.00th=[   52], 80.00th=[   69], 90.00th=[   98], 95.00th=[  124],
     | 99.00th=[  178], 99.50th=[  198], 99.90th=[  253], 99.95th=[  285],
     | 99.99th=[  537]
   bw (  KiB/s): min=66908, max=485104, per=100.00%, avg=145388.27, stdev=2886.58, samples=607
   iops        : min=16721, max=121276, avg=36346.51, stdev=721.65, samples=607
  cpu          : usr=94.94%, sys=4.76%, ctx=4413, majf=0, minf=0
  IO depths    : 1=100.0%, 2=0.0%, 4=0.0%, 8=0.0%, 16=0.0%, 32=0.0%, >=64=0.0%
     submit    : 0=0.0%, 4=100.0%, 8=0.0%, 16=0.0%, 32=0.0%, 64=0.0%, >=64=0.0%
     complete  : 0=0.0%, 4=100.0%, 8=0.0%, 16=0.0%, 32=0.0%, 64=0.0%, >=64=0.0%
     issued rwts: total=320000,0,0,0 short=0,0,0,0 dropped=0,0,0,0
     latency   : target=0, window=0, percentile=100.00%, depth=1

Run status group 0 (all jobs):
   READ: bw=120MiB/s (126MB/s), 120MiB/s-120MiB/s (126MB/s-126MB/s), io=1250MiB (1311MB), run=10389-10389msec
