create: (g=0): rw=read, bs=(R) 4096B-4096B, (W) 4096B-4096B, (T) 4096B-4096B, ioengine=filecreate, iodepth=1
...
fio-3.41
Starting 44 threads

create: (groupid=0, jobs=44): err= 0: pid=65677: Thu Mar 12 20:43:04 2026
  read: IOPS=32.9k, BW=129MiB/s (135MB/s)(1375MiB/10699msec)
    clat (usec): min=11, max=5097, avg=46.53, stdev=49.42
    clat percentiles (usec):
     |  1.00th=[   15],  5.00th=[   16], 10.00th=[   18], 20.00th=[   20],
     | 30.00th=[   24], 40.00th=[   28], 50.00th=[   33], 60.00th=[   40],
     | 70.00th=[   51], 80.00th=[   68], 90.00th=[   96], 95.00th=[  124],
     | 99.00th=[  182], 99.50th=[  206], 99.90th=[  260], 99.95th=[  302],
     | 99.99th=[ 2343]
   bw (  KiB/s): min=72181, max=524679, per=100.00%, avg=151912.48, stdev=2822.24, samples=699
   iops        : min=18038, max=131168, avg=37977.39, stdev=705.55, samples=699
  cpu          : usr=95.21%, sys=4.42%, ctx=3741, majf=0, minf=0
  IO depths    : 1=100.0%, 2=0.0%, 4=0.0%, 8=0.0%, 16=0.0%, 32=0.0%, >=64=0.0%
     submit    : 0=0.0%, 4=100.0%, 8=0.0%, 16=0.0%, 32=0.0%, 64=0.0%, >=64=0.0%
     complete  : 0=0.0%, 4=100.0%, 8=0.0%, 16=0.0%, 32=0.0%, 64=0.0%, >=64=0.0%
     issued rwts: total=352000,0,0,0 short=0,0,0,0 dropped=0,0,0,0
     latency   : target=0, window=0, percentile=100.00%, depth=1

Run status group 0 (all jobs):
   READ: bw=129MiB/s (135MB/s), 129MiB/s-129MiB/s (135MB/s-135MB/s), io=1375MiB (1442MB), run=10699-10699msec
