create: (g=0): rw=read, bs=(R) 4096B-4096B, (W) 4096B-4096B, (T) 4096B-4096B, ioengine=filecreate, iodepth=1
...
fio-3.41
Starting 20 threads

create: (groupid=0, jobs=20): err= 0: pid=688511: Fri Mar 13 01:50:26 2026
  read: IOPS=16.6k, BW=64.9MiB/s (68.0MB/s)(625MiB/9637msec)
    clat (usec): min=16, max=342354, avg=128.49, stdev=3482.36
    clat percentiles (usec):
     |  1.00th=[   24],  5.00th=[   27], 10.00th=[   29], 20.00th=[   31],
     | 30.00th=[   35], 40.00th=[   38], 50.00th=[   46], 60.00th=[   57],
     | 70.00th=[   71], 80.00th=[   96], 90.00th=[  151], 95.00th=[  206],
     | 99.00th=[  314], 99.50th=[  383], 99.90th=[16057], 99.95th=[22414],
     | 99.99th=[25560]
   bw (  KiB/s): min=46025, max=219583, per=100.00%, avg=85666.02, stdev=2618.79, samples=262
   iops        : min=11499, max=54895, avg=21415.27, stdev=654.71, samples=262
  cpu          : usr=85.08%, sys=7.97%, ctx=3609, majf=0, minf=0
  IO depths    : 1=100.0%, 2=0.0%, 4=0.0%, 8=0.0%, 16=0.0%, 32=0.0%, >=64=0.0%
     submit    : 0=0.0%, 4=100.0%, 8=0.0%, 16=0.0%, 32=0.0%, 64=0.0%, >=64=0.0%
     complete  : 0=0.0%, 4=100.0%, 8=0.0%, 16=0.0%, 32=0.0%, 64=0.0%, >=64=0.0%
     issued rwts: total=160000,0,0,0 short=0,0,0,0 dropped=0,0,0,0
     latency   : target=0, window=0, percentile=100.00%, depth=1

Run status group 0 (all jobs):
   READ: bw=64.9MiB/s (68.0MB/s), 64.9MiB/s-64.9MiB/s (68.0MB/s-68.0MB/s), io=625MiB (655MB), run=9637-9637msec
