create: (g=0): rw=read, bs=(R) 4096B-4096B, (W) 4096B-4096B, (T) 4096B-4096B, ioengine=filecreate, iodepth=1
...
fio-3.41
Starting 48 threads

create: (groupid=0, jobs=48): err= 0: pid=817259: Fri Mar 13 02:52:49 2026
  read: IOPS=34.2k, BW=133MiB/s (140MB/s)(1500MiB/11239msec)
    clat (usec): min=11, max=10305, avg=65.95, stdev=106.77
    clat percentiles (usec):
     |  1.00th=[   15],  5.00th=[   17], 10.00th=[   19], 20.00th=[   24],
     | 30.00th=[   28], 40.00th=[   34], 50.00th=[   43], 60.00th=[   57],
     | 70.00th=[   75], 80.00th=[  103], 90.00th=[  147], 95.00th=[  184],
     | 99.00th=[  251], 99.50th=[  277], 99.90th=[  355], 99.95th=[  412],
     | 99.99th=[ 4555]
   bw (  KiB/s): min=76426, max=529916, per=100.00%, avg=162105.14, stdev=2603.39, samples=786
   iops        : min=19097, max=132476, avg=40525.08, stdev=650.84, samples=786
  cpu          : usr=93.74%, sys=5.89%, ctx=22242, majf=0, minf=0
  IO depths    : 1=100.0%, 2=0.0%, 4=0.0%, 8=0.0%, 16=0.0%, 32=0.0%, >=64=0.0%
     submit    : 0=0.0%, 4=100.0%, 8=0.0%, 16=0.0%, 32=0.0%, 64=0.0%, >=64=0.0%
     complete  : 0=0.0%, 4=100.0%, 8=0.0%, 16=0.0%, 32=0.0%, 64=0.0%, >=64=0.0%
     issued rwts: total=384000,0,0,0 short=0,0,0,0 dropped=0,0,0,0
     latency   : target=0, window=0, percentile=100.00%, depth=1

Run status group 0 (all jobs):
   READ: bw=133MiB/s (140MB/s), 133MiB/s-133MiB/s (140MB/s-140MB/s), io=1500MiB (1573MB), run=11239-11239msec
