create: (g=0): rw=read, bs=(R) 4096B-4096B, (W) 4096B-4096B, (T) 4096B-4096B, ioengine=filecreate, iodepth=1
...
fio-3.41
Starting 2 threads

create: (groupid=0, jobs=2): err= 0: pid=17103: Thu Mar 12 20:18:39 2026
  read: IOPS=6177, BW=24.1MiB/s (25.3MB/s)(62.5MiB/2590msec)
    clat (usec): min=13, max=937, avg=26.46, stdev=17.33
    clat percentiles (usec):
     |  1.00th=[   16],  5.00th=[   18], 10.00th=[   20], 20.00th=[   22],
     | 30.00th=[   22], 40.00th=[   23], 50.00th=[   25], 60.00th=[   26],
     | 70.00th=[   28], 80.00th=[   32], 90.00th=[   36], 95.00th=[   39],
     | 99.00th=[   53], 99.50th=[   61], 99.90th=[  113], 99.95th=[  562],
     | 99.99th=[  906]
   bw (  KiB/s): min=13320, max=39952, per=90.99%, avg=22483.20, stdev=4976.02, samples=10
   iops        : min= 3330, max= 9988, avg=5620.80, stdev=1244.00, samples=10
  cpu          : usr=90.26%, sys=9.22%, ctx=587, majf=0, minf=0
  IO depths    : 1=100.0%, 2=0.0%, 4=0.0%, 8=0.0%, 16=0.0%, 32=0.0%, >=64=0.0%
     submit    : 0=0.0%, 4=100.0%, 8=0.0%, 16=0.0%, 32=0.0%, 64=0.0%, >=64=0.0%
     complete  : 0=0.0%, 4=100.0%, 8=0.0%, 16=0.0%, 32=0.0%, 64=0.0%, >=64=0.0%
     issued rwts: total=16000,0,0,0 short=0,0,0,0 dropped=0,0,0,0
     latency   : target=0, window=0, percentile=100.00%, depth=1

Run status group 0 (all jobs):
   READ: bw=24.1MiB/s (25.3MB/s), 24.1MiB/s-24.1MiB/s (25.3MB/s-25.3MB/s), io=62.5MiB (65.5MB), run=2590-2590msec
