create: (g=0): rw=read, bs=(R) 4096B-4096B, (W) 4096B-4096B, (T) 4096B-4096B, ioengine=filecreate, iodepth=1
...
fio-3.41
Starting 12 threads

create: (groupid=0, jobs=12): err= 0: pid=584671: Fri Mar 13 00:58:52 2026
  read: IOPS=15.6k, BW=61.1MiB/s (64.0MB/s)(375MiB/6140msec)
    clat (usec): min=11, max=148, avg=19.09, stdev= 7.41
    clat percentiles (usec):
     |  1.00th=[   14],  5.00th=[   15], 10.00th=[   15], 20.00th=[   16],
     | 30.00th=[   16], 40.00th=[   17], 50.00th=[   17], 60.00th=[   18],
     | 70.00th=[   19], 80.00th=[   21], 90.00th=[   27], 95.00th=[   31],
     | 99.00th=[   59], 99.50th=[   66], 99.90th=[   80], 99.95th=[   87],
     | 99.99th=[  113]
   bw (  KiB/s): min=40247, max=125817, per=100.00%, avg=63305.37, stdev=2229.13, samples=112
   iops        : min=10060, max=31453, avg=15826.04, stdev=557.27, samples=112
  cpu          : usr=96.82%, sys=2.99%, ctx=435, majf=0, minf=0
  IO depths    : 1=100.0%, 2=0.0%, 4=0.0%, 8=0.0%, 16=0.0%, 32=0.0%, >=64=0.0%
     submit    : 0=0.0%, 4=100.0%, 8=0.0%, 16=0.0%, 32=0.0%, 64=0.0%, >=64=0.0%
     complete  : 0=0.0%, 4=100.0%, 8=0.0%, 16=0.0%, 32=0.0%, 64=0.0%, >=64=0.0%
     issued rwts: total=96000,0,0,0 short=0,0,0,0 dropped=0,0,0,0
     latency   : target=0, window=0, percentile=100.00%, depth=1

Run status group 0 (all jobs):
   READ: bw=61.1MiB/s (64.0MB/s), 61.1MiB/s-61.1MiB/s (64.0MB/s-64.0MB/s), io=375MiB (393MB), run=6140-6140msec
