create: (g=0): rw=read, bs=(R) 4096B-4096B, (W) 4096B-4096B, (T) 4096B-4096B, ioengine=filecreate, iodepth=1
...
fio-3.41
Starting 40 threads

create: (groupid=0, jobs=40): err= 0: pid=342277: Thu Mar 12 22:59:37 2026
  read: IOPS=20.9k, BW=81.8MiB/s (85.8MB/s)(1250MiB/15274msec)
    clat (usec): min=17, max=331740, avg=824.11, stdev=4104.76
    clat percentiles (usec):
     |  1.00th=[    27],  5.00th=[    32], 10.00th=[    42], 20.00th=[    77],
     | 30.00th=[   147], 40.00th=[   379], 50.00th=[   685], 60.00th=[   848],
     | 70.00th=[   947], 80.00th=[  1037], 90.00th=[  1156], 95.00th=[  1237],
     | 99.00th=[ 10421], 99.50th=[ 17957], 99.90th=[ 22414], 99.95th=[ 24773],
     | 99.99th=[329253]
   bw (  KiB/s): min=47809, max=199461, per=100.00%, avg=100042.64, stdev=915.45, samples=996
   iops        : min=11941, max=49865, avg=25007.75, stdev=228.89, samples=996
  cpu          : usr=48.40%, sys=36.47%, ctx=114704, majf=0, minf=0
  IO depths    : 1=100.0%, 2=0.0%, 4=0.0%, 8=0.0%, 16=0.0%, 32=0.0%, >=64=0.0%
     submit    : 0=0.0%, 4=100.0%, 8=0.0%, 16=0.0%, 32=0.0%, 64=0.0%, >=64=0.0%
     complete  : 0=0.0%, 4=100.0%, 8=0.0%, 16=0.0%, 32=0.0%, 64=0.0%, >=64=0.0%
     issued rwts: total=320000,0,0,0 short=0,0,0,0 dropped=0,0,0,0
     latency   : target=0, window=0, percentile=100.00%, depth=1

Run status group 0 (all jobs):
   READ: bw=81.8MiB/s (85.8MB/s), 81.8MiB/s-81.8MiB/s (85.8MB/s-85.8MB/s), io=1250MiB (1311MB), run=15274-15274msec
