create: (g=0): rw=read, bs=(R) 4096B-4096B, (W) 4096B-4096B, (T) 4096B-4096B, ioengine=filecreate, iodepth=1
...
fio-3.41
Starting 16 threads

create: (groupid=0, jobs=16): err= 0: pid=590543: Fri Mar 13 01:01:51 2026
  read: IOPS=20.6k, BW=80.6MiB/s (84.5MB/s)(500MiB/6201msec)
    clat (usec): min=9, max=210, avg=21.61, stdev=10.87
    clat percentiles (usec):
     |  1.00th=[   12],  5.00th=[   14], 10.00th=[   14], 20.00th=[   15],
     | 30.00th=[   16], 40.00th=[   17], 50.00th=[   18], 60.00th=[   21],
     | 70.00th=[   23], 80.00th=[   27], 90.00th=[   34], 95.00th=[   41],
     | 99.00th=[   67], 99.50th=[   81], 99.90th=[  109], 99.95th=[  121],
     | 99.99th=[  151]
   bw (  KiB/s): min=54453, max=195200, per=100.00%, avg=90748.43, stdev=2751.19, samples=148
   iops        : min=13611, max=48800, avg=22686.18, stdev=687.81, samples=148
  cpu          : usr=96.61%, sys=3.20%, ctx=564, majf=0, minf=0
  IO depths    : 1=100.0%, 2=0.0%, 4=0.0%, 8=0.0%, 16=0.0%, 32=0.0%, >=64=0.0%
     submit    : 0=0.0%, 4=100.0%, 8=0.0%, 16=0.0%, 32=0.0%, 64=0.0%, >=64=0.0%
     complete  : 0=0.0%, 4=100.0%, 8=0.0%, 16=0.0%, 32=0.0%, 64=0.0%, >=64=0.0%
     issued rwts: total=128000,0,0,0 short=0,0,0,0 dropped=0,0,0,0
     latency   : target=0, window=0, percentile=100.00%, depth=1

Run status group 0 (all jobs):
   READ: bw=80.6MiB/s (84.5MB/s), 80.6MiB/s-80.6MiB/s (84.5MB/s-84.5MB/s), io=500MiB (524MB), run=6201-6201msec
