create: (g=0): rw=read, bs=(R) 4096B-4096B, (W) 4096B-4096B, (T) 4096B-4096B, ioengine=filecreate, iodepth=1
...
fio-3.41
Starting 28 threads

create: (groupid=0, jobs=28): err= 0: pid=137284: Thu Mar 12 21:18:21 2026
  read: IOPS=22.4k, BW=87.6MiB/s (91.8MB/s)(875MiB/9993msec)
    clat (usec): min=10, max=987, avg=23.71, stdev=13.03
    clat percentiles (usec):
     |  1.00th=[   14],  5.00th=[   15], 10.00th=[   16], 20.00th=[   17],
     | 30.00th=[   18], 40.00th=[   19], 50.00th=[   19], 60.00th=[   21],
     | 70.00th=[   25], 80.00th=[   30], 90.00th=[   38], 95.00th=[   47],
     | 99.00th=[   74], 99.50th=[   83], 99.90th=[  105], 99.95th=[  119],
     | 99.99th=[  153]
   bw (  KiB/s): min=60727, max=312685, per=100.00%, avg=110519.19, stdev=2542.22, samples=381
   iops        : min=15170, max=78171, avg=27628.54, stdev=635.57, samples=381
  cpu          : usr=97.34%, sys=2.47%, ctx=1546, majf=0, minf=0
  IO depths    : 1=100.0%, 2=0.0%, 4=0.0%, 8=0.0%, 16=0.0%, 32=0.0%, >=64=0.0%
     submit    : 0=0.0%, 4=100.0%, 8=0.0%, 16=0.0%, 32=0.0%, 64=0.0%, >=64=0.0%
     complete  : 0=0.0%, 4=100.0%, 8=0.0%, 16=0.0%, 32=0.0%, 64=0.0%, >=64=0.0%
     issued rwts: total=224000,0,0,0 short=0,0,0,0 dropped=0,0,0,0
     latency   : target=0, window=0, percentile=100.00%, depth=1

Run status group 0 (all jobs):
   READ: bw=87.6MiB/s (91.8MB/s), 87.6MiB/s-87.6MiB/s (91.8MB/s-91.8MB/s), io=875MiB (918MB), run=9993-9993msec
