create: (g=0): rw=read, bs=(R) 4096B-4096B, (W) 4096B-4096B, (T) 4096B-4096B, ioengine=filecreate, iodepth=1
...
fio-3.41
Starting 52 threads

create: (groupid=0, jobs=52): err= 0: pid=824681: Fri Mar 13 02:56:25 2026
  read: IOPS=27.2k, BW=106MiB/s (111MB/s)(1625MiB/15292msec)
    clat (usec): min=18, max=86399, avg=596.98, stdev=826.79
    clat percentiles (usec):
     |  1.00th=[   25],  5.00th=[   41], 10.00th=[   59], 20.00th=[  115],
     | 30.00th=[  204], 40.00th=[  408], 50.00th=[  660], 60.00th=[  766],
     | 70.00th=[  848], 80.00th=[  914], 90.00th=[  996], 95.00th=[ 1057],
     | 99.00th=[ 1188], 99.50th=[ 1401], 99.90th=[11076], 99.95th=[11600],
     | 99.99th=[20055]
   bw (  KiB/s): min=77616, max=293538, per=100.00%, avg=134909.87, stdev=1138.27, samples=1293
   iops        : min=19394, max=73380, avg=33726.00, stdev=284.57, samples=1293
  cpu          : usr=62.80%, sys=34.10%, ctx=166322, majf=0, minf=0
  IO depths    : 1=100.0%, 2=0.0%, 4=0.0%, 8=0.0%, 16=0.0%, 32=0.0%, >=64=0.0%
     submit    : 0=0.0%, 4=100.0%, 8=0.0%, 16=0.0%, 32=0.0%, 64=0.0%, >=64=0.0%
     complete  : 0=0.0%, 4=100.0%, 8=0.0%, 16=0.0%, 32=0.0%, 64=0.0%, >=64=0.0%
     issued rwts: total=416000,0,0,0 short=0,0,0,0 dropped=0,0,0,0
     latency   : target=0, window=0, percentile=100.00%, depth=1

Run status group 0 (all jobs):
   READ: bw=106MiB/s (111MB/s), 106MiB/s-106MiB/s (111MB/s-111MB/s), io=1625MiB (1704MB), run=15292-15292msec
