create: (g=0): rw=read, bs=(R) 4096B-4096B, (W) 4096B-4096B, (T) 4096B-4096B, ioengine=filecreate, iodepth=1
...
fio-3.41
Starting 48 threads

create: (groupid=0, jobs=48): err= 0: pid=728332: Fri Mar 13 02:08:54 2026
  read: IOPS=20.2k, BW=79.1MiB/s (82.9MB/s)(1500MiB/18975msec)
    clat (usec): min=19, max=334509, avg=1356.45, stdev=4411.17
    clat percentiles (usec):
     |  1.00th=[    30],  5.00th=[    48], 10.00th=[    80], 20.00th=[   176],
     | 30.00th=[   424], 40.00th=[   791], 50.00th=[  1057], 60.00th=[  1319],
     | 70.00th=[  1532], 80.00th=[  1680], 90.00th=[  1811], 95.00th=[  1909],
     | 99.00th=[ 15533], 99.50th=[ 20317], 99.90th=[ 26346], 99.95th=[ 29492],
     | 99.99th=[329253]
   bw (  KiB/s): min=33153, max=176642, per=100.00%, avg=88916.73, stdev=612.27, samples=1606
   iops        : min= 8261, max=44161, avg=22225.37, stdev=153.10, samples=1606
  cpu          : usr=36.41%, sys=44.69%, ctx=240262, majf=0, minf=0
  IO depths    : 1=100.0%, 2=0.0%, 4=0.0%, 8=0.0%, 16=0.0%, 32=0.0%, >=64=0.0%
     submit    : 0=0.0%, 4=100.0%, 8=0.0%, 16=0.0%, 32=0.0%, 64=0.0%, >=64=0.0%
     complete  : 0=0.0%, 4=100.0%, 8=0.0%, 16=0.0%, 32=0.0%, 64=0.0%, >=64=0.0%
     issued rwts: total=384000,0,0,0 short=0,0,0,0 dropped=0,0,0,0
     latency   : target=0, window=0, percentile=100.00%, depth=1

Run status group 0 (all jobs):
   READ: bw=79.1MiB/s (82.9MB/s), 79.1MiB/s-79.1MiB/s (82.9MB/s-82.9MB/s), io=1500MiB (1573MB), run=18975-18975msec
