create: (g=0): rw=read, bs=(R) 4096B-4096B, (W) 4096B-4096B, (T) 4096B-4096B, ioengine=filecreate, iodepth=1
...
fio-3.41
Starting 28 threads

create: (groupid=0, jobs=28): err= 0: pid=324371: Thu Mar 12 22:50:44 2026
  read: IOPS=22.5k, BW=87.7MiB/s (92.0MB/s)(875MiB/9973msec)
    clat (usec): min=18, max=17005, avg=55.23, stdev=216.30
    clat percentiles (usec):
     |  1.00th=[   22],  5.00th=[   24], 10.00th=[   25], 20.00th=[   28],
     | 30.00th=[   30], 40.00th=[   33], 50.00th=[   40], 60.00th=[   48],
     | 70.00th=[   58], 80.00th=[   73], 90.00th=[   97], 95.00th=[  123],
     | 99.00th=[  178], 99.50th=[  200], 99.90th=[  281], 99.95th=[  865],
     | 99.99th=[15533]
   bw (  KiB/s): min=56757, max=324927, per=100.00%, avg=108178.64, stdev=2574.60, samples=403
   iops        : min=14185, max=81230, avg=27043.77, stdev=643.64, samples=403
  cpu          : usr=93.95%, sys=5.49%, ctx=2318, majf=0, minf=0
  IO depths    : 1=100.0%, 2=0.0%, 4=0.0%, 8=0.0%, 16=0.0%, 32=0.0%, >=64=0.0%
     submit    : 0=0.0%, 4=100.0%, 8=0.0%, 16=0.0%, 32=0.0%, 64=0.0%, >=64=0.0%
     complete  : 0=0.0%, 4=100.0%, 8=0.0%, 16=0.0%, 32=0.0%, 64=0.0%, >=64=0.0%
     issued rwts: total=224000,0,0,0 short=0,0,0,0 dropped=0,0,0,0
     latency   : target=0, window=0, percentile=100.00%, depth=1

Run status group 0 (all jobs):
   READ: bw=87.7MiB/s (92.0MB/s), 87.7MiB/s-87.7MiB/s (92.0MB/s-92.0MB/s), io=875MiB (918MB), run=9973-9973msec
