create: (g=0): rw=read, bs=(R) 4096B-4096B, (W) 4096B-4096B, (T) 4096B-4096B, ioengine=filecreate, iodepth=1
...
fio-3.41
Starting 28 threads

create: (groupid=0, jobs=28): err= 0: pid=323384: Thu Mar 12 22:50:15 2026
  read: IOPS=23.9k, BW=93.3MiB/s (97.9MB/s)(875MiB/9376msec)
    clat (usec): min=11, max=232, avg=24.11, stdev=13.18
    clat percentiles (usec):
     |  1.00th=[   14],  5.00th=[   15], 10.00th=[   16], 20.00th=[   17],
     | 30.00th=[   18], 40.00th=[   18], 50.00th=[   19], 60.00th=[   21],
     | 70.00th=[   25], 80.00th=[   30], 90.00th=[   39], 95.00th=[   51],
     | 99.00th=[   79], 99.50th=[   89], 99.90th=[  116], 99.95th=[  127],
     | 99.99th=[  149]
   bw (  KiB/s): min=73647, max=350339, per=100.00%, avg=129853.73, stdev=2885.03, samples=344
   iops        : min=18407, max=87583, avg=32462.47, stdev=721.25, samples=344
  cpu          : usr=96.82%, sys=2.98%, ctx=1505, majf=0, minf=0
  IO depths    : 1=100.0%, 2=0.0%, 4=0.0%, 8=0.0%, 16=0.0%, 32=0.0%, >=64=0.0%
     submit    : 0=0.0%, 4=100.0%, 8=0.0%, 16=0.0%, 32=0.0%, 64=0.0%, >=64=0.0%
     complete  : 0=0.0%, 4=100.0%, 8=0.0%, 16=0.0%, 32=0.0%, 64=0.0%, >=64=0.0%
     issued rwts: total=224000,0,0,0 short=0,0,0,0 dropped=0,0,0,0
     latency   : target=0, window=0, percentile=100.00%, depth=1

Run status group 0 (all jobs):
   READ: bw=93.3MiB/s (97.9MB/s), 93.3MiB/s-93.3MiB/s (97.9MB/s-97.9MB/s), io=875MiB (918MB), run=9376-9376msec
