create: (g=0): rw=read, bs=(R) 4096B-4096B, (W) 4096B-4096B, (T) 4096B-4096B, ioengine=filecreate, iodepth=1
...
fio-3.41
Starting 20 threads

create: (groupid=0, jobs=20): err= 0: pid=684862: Fri Mar 13 01:48:33 2026
  read: IOPS=18.4k, BW=71.8MiB/s (75.3MB/s)(625MiB/8702msec)
    clat (usec): min=11, max=4345, avg=23.75, stdev=47.72
    clat percentiles (usec):
     |  1.00th=[   15],  5.00th=[   16], 10.00th=[   16], 20.00th=[   17],
     | 30.00th=[   18], 40.00th=[   18], 50.00th=[   19], 60.00th=[   20],
     | 70.00th=[   23], 80.00th=[   28], 90.00th=[   35], 95.00th=[   44],
     | 99.00th=[   73], 99.50th=[   84], 99.90th=[  118], 99.95th=[  392],
     | 99.99th=[ 2737]
   bw (  KiB/s): min=49140, max=242059, per=100.00%, avg=90045.42, stdev=2914.94, samples=239
   iops        : min=12279, max=60514, avg=22510.71, stdev=728.74, samples=239
  cpu          : usr=96.83%, sys=2.86%, ctx=962, majf=0, minf=0
  IO depths    : 1=100.0%, 2=0.0%, 4=0.0%, 8=0.0%, 16=0.0%, 32=0.0%, >=64=0.0%
     submit    : 0=0.0%, 4=100.0%, 8=0.0%, 16=0.0%, 32=0.0%, 64=0.0%, >=64=0.0%
     complete  : 0=0.0%, 4=100.0%, 8=0.0%, 16=0.0%, 32=0.0%, 64=0.0%, >=64=0.0%
     issued rwts: total=160000,0,0,0 short=0,0,0,0 dropped=0,0,0,0
     latency   : target=0, window=0, percentile=100.00%, depth=1

Run status group 0 (all jobs):
   READ: bw=71.8MiB/s (75.3MB/s), 71.8MiB/s-71.8MiB/s (75.3MB/s-75.3MB/s), io=625MiB (655MB), run=8702-8702msec
