create: (g=0): rw=read, bs=(R) 4096B-4096B, (W) 4096B-4096B, (T) 4096B-4096B, ioengine=filecreate, iodepth=1
...
fio-3.41
Starting 36 threads

create: (groupid=0, jobs=36): err= 0: pid=333564: Thu Mar 12 22:55:16 2026
  read: IOPS=30.4k, BW=119MiB/s (125MB/s)(1125MiB/9461msec)
    clat (usec): min=11, max=2584, avg=32.75, stdev=30.32
    clat percentiles (usec):
     |  1.00th=[   15],  5.00th=[   16], 10.00th=[   17], 20.00th=[   18],
     | 30.00th=[   20], 40.00th=[   22], 50.00th=[   25], 60.00th=[   29],
     | 70.00th=[   35], 80.00th=[   43], 90.00th=[   60], 95.00th=[   78],
     | 99.00th=[  118], 99.50th=[  135], 99.90th=[  172], 99.95th=[  190],
     | 99.99th=[ 1500]
   bw (  KiB/s): min=69242, max=453063, per=100.00%, avg=138261.33, stdev=2986.93, samples=518
   iops        : min=17303, max=113265, avg=34564.74, stdev=746.74, samples=518
  cpu          : usr=96.23%, sys=3.52%, ctx=2472, majf=0, minf=0
  IO depths    : 1=100.0%, 2=0.0%, 4=0.0%, 8=0.0%, 16=0.0%, 32=0.0%, >=64=0.0%
     submit    : 0=0.0%, 4=100.0%, 8=0.0%, 16=0.0%, 32=0.0%, 64=0.0%, >=64=0.0%
     complete  : 0=0.0%, 4=100.0%, 8=0.0%, 16=0.0%, 32=0.0%, 64=0.0%, >=64=0.0%
     issued rwts: total=288000,0,0,0 short=0,0,0,0 dropped=0,0,0,0
     latency   : target=0, window=0, percentile=100.00%, depth=1

Run status group 0 (all jobs):
   READ: bw=119MiB/s (125MB/s), 119MiB/s-119MiB/s (125MB/s-125MB/s), io=1125MiB (1180MB), run=9461-9461msec
