create: (g=0): rw=read, bs=(R) 4096B-4096B, (W) 4096B-4096B, (T) 4096B-4096B, ioengine=filecreate, iodepth=1
...
fio-3.41
Starting 44 threads

create: (groupid=0, jobs=44): err= 0: pid=441199: Thu Mar 12 23:48:33 2026
  read: IOPS=20.4k, BW=79.7MiB/s (83.6MB/s)(1375MiB/17255msec)
    clat (usec): min=17, max=334975, avg=1021.88, stdev=4288.77
    clat percentiles (usec):
     |  1.00th=[    28],  5.00th=[    36], 10.00th=[    52], 20.00th=[   108],
     | 30.00th=[   229], 40.00th=[   611], 50.00th=[   783], 60.00th=[   938],
     | 70.00th=[  1123], 80.00th=[  1270], 90.00th=[  1418], 95.00th=[  1516],
     | 99.00th=[ 11600], 99.50th=[ 19792], 99.90th=[ 24773], 99.95th=[ 27657],
     | 99.99th=[333448]
   bw (  KiB/s): min=57239, max=184818, per=100.00%, avg=98356.93, stdev=772.03, samples=1265
   iops        : min=14307, max=46204, avg=24586.69, stdev=193.03, samples=1265
  cpu          : usr=44.19%, sys=38.82%, ctx=169782, majf=0, minf=0
  IO depths    : 1=100.0%, 2=0.0%, 4=0.0%, 8=0.0%, 16=0.0%, 32=0.0%, >=64=0.0%
     submit    : 0=0.0%, 4=100.0%, 8=0.0%, 16=0.0%, 32=0.0%, 64=0.0%, >=64=0.0%
     complete  : 0=0.0%, 4=100.0%, 8=0.0%, 16=0.0%, 32=0.0%, 64=0.0%, >=64=0.0%
     issued rwts: total=352000,0,0,0 short=0,0,0,0 dropped=0,0,0,0
     latency   : target=0, window=0, percentile=100.00%, depth=1

Run status group 0 (all jobs):
   READ: bw=79.7MiB/s (83.6MB/s), 79.7MiB/s-79.7MiB/s (83.6MB/s-83.6MB/s), io=1375MiB (1442MB), run=17255-17255msec
