create: (g=0): rw=read, bs=(R) 4096B-4096B, (W) 4096B-4096B, (T) 4096B-4096B, ioengine=filecreate, iodepth=1
...
fio-3.41
Starting 8 threads

create: (groupid=0, jobs=8): err= 0: pid=23026: Thu Mar 12 20:21:48 2026
  read: IOPS=11.4k, BW=44.4MiB/s (46.6MB/s)(250MiB/5631msec)
    clat (usec): min=18, max=822, avg=30.50, stdev=15.16
    clat percentiles (usec):
     |  1.00th=[   20],  5.00th=[   22], 10.00th=[   23], 20.00th=[   23],
     | 30.00th=[   24], 40.00th=[   24], 50.00th=[   25], 60.00th=[   26],
     | 70.00th=[   30], 80.00th=[   37], 90.00th=[   48], 95.00th=[   59],
     | 99.00th=[   83], 99.50th=[   94], 99.90th=[  122], 99.95th=[  147],
     | 99.99th=[  490]
   bw (  KiB/s): min=43768, max=111832, per=100.00%, avg=66210.63, stdev=2899.84, samples=59
   iops        : min=10942, max=27958, avg=16552.53, stdev=724.97, samples=59
  cpu          : usr=94.01%, sys=5.75%, ctx=955, majf=0, minf=0
  IO depths    : 1=100.0%, 2=0.0%, 4=0.0%, 8=0.0%, 16=0.0%, 32=0.0%, >=64=0.0%
     submit    : 0=0.0%, 4=100.0%, 8=0.0%, 16=0.0%, 32=0.0%, 64=0.0%, >=64=0.0%
     complete  : 0=0.0%, 4=100.0%, 8=0.0%, 16=0.0%, 32=0.0%, 64=0.0%, >=64=0.0%
     issued rwts: total=64000,0,0,0 short=0,0,0,0 dropped=0,0,0,0
     latency   : target=0, window=0, percentile=100.00%, depth=1

Run status group 0 (all jobs):
   READ: bw=44.4MiB/s (46.6MB/s), 44.4MiB/s-44.4MiB/s (46.6MB/s-46.6MB/s), io=250MiB (262MB), run=5631-5631msec
