create: (g=0): rw=read, bs=(R) 4096B-4096B, (W) 4096B-4096B, (T) 4096B-4096B, ioengine=filecreate, iodepth=1
...
fio-3.41
Starting 60 threads

create: (groupid=0, jobs=60): err= 0: pid=556588: Fri Mar 13 00:44:54 2026
  read: IOPS=28.3k, BW=111MiB/s (116MB/s)(1875MiB/16951msec)
    clat (usec): min=11, max=10647, avg=73.63, stdev=146.79
    clat percentiles (usec):
     |  1.00th=[   15],  5.00th=[   17], 10.00th=[   20], 20.00th=[   25],
     | 30.00th=[   28], 40.00th=[   31], 50.00th=[   39], 60.00th=[   49],
     | 70.00th=[   69], 80.00th=[  104], 90.00th=[  174], 95.00th=[  251],
     | 99.00th=[  396], 99.50th=[  437], 99.90th=[  519], 99.95th=[  578],
     | 99.99th=[10028]
   bw (  KiB/s): min=65929, max=594165, per=100.00%, avg=138193.28, stdev=2020.87, samples=1527
   iops        : min=16469, max=148538, avg=34546.66, stdev=505.21, samples=1527
  cpu          : usr=95.28%, sys=4.30%, ctx=42384, majf=0, minf=0
  IO depths    : 1=100.0%, 2=0.0%, 4=0.0%, 8=0.0%, 16=0.0%, 32=0.0%, >=64=0.0%
     submit    : 0=0.0%, 4=100.0%, 8=0.0%, 16=0.0%, 32=0.0%, 64=0.0%, >=64=0.0%
     complete  : 0=0.0%, 4=100.0%, 8=0.0%, 16=0.0%, 32=0.0%, 64=0.0%, >=64=0.0%
     issued rwts: total=480000,0,0,0 short=0,0,0,0 dropped=0,0,0,0
     latency   : target=0, window=0, percentile=100.00%, depth=1

Run status group 0 (all jobs):
   READ: bw=111MiB/s (116MB/s), 111MiB/s-111MiB/s (116MB/s-116MB/s), io=1875MiB (1966MB), run=16951-16951msec
