create: (g=0): rw=read, bs=(R) 4096B-4096B, (W) 4096B-4096B, (T) 4096B-4096B, ioengine=filecreate, iodepth=1
...
fio-3.41
Starting 44 threads

create: (groupid=0, jobs=44): err= 0: pid=254395: Thu Mar 12 22:15:59 2026
  read: IOPS=33.2k, BW=130MiB/s (136MB/s)(1375MiB/10610msec)
    clat (usec): min=9, max=10191, avg=66.91, stdev=75.64
    clat percentiles (usec):
     |  1.00th=[   13],  5.00th=[   17], 10.00th=[   19], 20.00th=[   25],
     | 30.00th=[   30], 40.00th=[   38], 50.00th=[   47], 60.00th=[   61],
     | 70.00th=[   79], 80.00th=[  104], 90.00th=[  145], 95.00th=[  180],
     | 99.00th=[  245], 99.50th=[  273], 99.90th=[  343], 99.95th=[  424],
     | 99.99th=[ 1680]
   bw (  KiB/s): min=76022, max=490618, per=100.00%, avg=148618.32, stdev=2530.31, samples=710
   iops        : min=18997, max=122648, avg=37152.55, stdev=632.56, samples=710
  cpu          : usr=93.51%, sys=6.18%, ctx=9159, majf=0, minf=0
  IO depths    : 1=100.0%, 2=0.0%, 4=0.0%, 8=0.0%, 16=0.0%, 32=0.0%, >=64=0.0%
     submit    : 0=0.0%, 4=100.0%, 8=0.0%, 16=0.0%, 32=0.0%, 64=0.0%, >=64=0.0%
     complete  : 0=0.0%, 4=100.0%, 8=0.0%, 16=0.0%, 32=0.0%, 64=0.0%, >=64=0.0%
     issued rwts: total=352000,0,0,0 short=0,0,0,0 dropped=0,0,0,0
     latency   : target=0, window=0, percentile=100.00%, depth=1

Run status group 0 (all jobs):
   READ: bw=130MiB/s (136MB/s), 130MiB/s-130MiB/s (136MB/s-136MB/s), io=1375MiB (1442MB), run=10610-10610msec
