create: (g=0): rw=read, bs=(R) 4096B-4096B, (W) 4096B-4096B, (T) 4096B-4096B, ioengine=filecreate, iodepth=1
...
fio-3.41
Starting 36 threads

create: (groupid=0, jobs=36): err= 0: pid=706937: Fri Mar 13 01:58:22 2026
  read: IOPS=26.1k, BW=102MiB/s (107MB/s)(1125MiB/11053msec)
    clat (usec): min=11, max=5216, avg=33.20, stdev=87.54
    clat percentiles (usec):
     |  1.00th=[   15],  5.00th=[   17], 10.00th=[   18], 20.00th=[   19],
     | 30.00th=[   20], 40.00th=[   22], 50.00th=[   24], 60.00th=[   28],
     | 70.00th=[   33], 80.00th=[   40], 90.00th=[   54], 95.00th=[   70],
     | 99.00th=[  108], 99.50th=[  127], 99.90th=[  233], 99.95th=[ 2376],
     | 99.99th=[ 4146]
   bw (  KiB/s): min=70084, max=435692, per=100.00%, avg=133975.22, stdev=2788.59, samples=542
   iops        : min=17514, max=108923, avg=33493.23, stdev=697.16, samples=542
  cpu          : usr=96.40%, sys=3.09%, ctx=2888, majf=0, minf=0
  IO depths    : 1=100.0%, 2=0.0%, 4=0.0%, 8=0.0%, 16=0.0%, 32=0.0%, >=64=0.0%
     submit    : 0=0.0%, 4=100.0%, 8=0.0%, 16=0.0%, 32=0.0%, 64=0.0%, >=64=0.0%
     complete  : 0=0.0%, 4=100.0%, 8=0.0%, 16=0.0%, 32=0.0%, 64=0.0%, >=64=0.0%
     issued rwts: total=288000,0,0,0 short=0,0,0,0 dropped=0,0,0,0
     latency   : target=0, window=0, percentile=100.00%, depth=1

Run status group 0 (all jobs):
   READ: bw=102MiB/s (107MB/s), 102MiB/s-102MiB/s (107MB/s-107MB/s), io=1125MiB (1180MB), run=11053-11053msec
