create: (g=0): rw=read, bs=(R) 4096B-4096B, (W) 4096B-4096B, (T) 4096B-4096B, ioengine=filecreate, iodepth=1
fio-3.41
Starting 1 thread

create: (groupid=0, jobs=1): err= 0: pid=198369: Thu Mar 12 21:47:50 2026
  read: IOPS=5044, BW=19.7MiB/s (20.7MB/s)(31.2MiB/1586msec)
    clat (usec): min=15, max=808, avg=20.49, stdev=10.68
    clat percentiles (usec):
     |  1.00th=[   16],  5.00th=[   18], 10.00th=[   18], 20.00th=[   18],
     | 30.00th=[   19], 40.00th=[   19], 50.00th=[   19], 60.00th=[   20],
     | 70.00th=[   20], 80.00th=[   21], 90.00th=[   24], 95.00th=[   32],
     | 99.00th=[   46], 99.50th=[   50], 99.90th=[   75], 99.95th=[   98],
     | 99.99th=[  807]
   bw (  KiB/s): min=12512, max=26072, per=90.13%, avg=18186.67, stdev=7045.12, samples=3
   iops        : min= 3128, max= 6518, avg=4546.67, stdev=1761.28, samples=3
  cpu          : usr=88.77%, sys=10.66%, ctx=341, majf=0, minf=0
  IO depths    : 1=100.0%, 2=0.0%, 4=0.0%, 8=0.0%, 16=0.0%, 32=0.0%, >=64=0.0%
     submit    : 0=0.0%, 4=100.0%, 8=0.0%, 16=0.0%, 32=0.0%, 64=0.0%, >=64=0.0%
     complete  : 0=0.0%, 4=100.0%, 8=0.0%, 16=0.0%, 32=0.0%, 64=0.0%, >=64=0.0%
     issued rwts: total=8000,0,0,0 short=0,0,0,0 dropped=0,0,0,0
     latency   : target=0, window=0, percentile=100.00%, depth=1

Run status group 0 (all jobs):
   READ: bw=19.7MiB/s (20.7MB/s), 19.7MiB/s-19.7MiB/s (20.7MB/s-20.7MB/s), io=31.2MiB (32.8MB), run=1586-1586msec
