create: (g=0): rw=read, bs=(R) 4096B-4096B, (W) 4096B-4096B, (T) 4096B-4096B, ioengine=filecreate, iodepth=1
...
fio-3.41
Starting 8 threads

create: (groupid=0, jobs=8): err= 0: pid=674759: Fri Mar 13 01:43:20 2026
  read: IOPS=11.4k, BW=44.6MiB/s (46.8MB/s)(250MiB/5605msec)
    clat (usec): min=9, max=187, avg=18.07, stdev= 8.30
    clat percentiles (usec):
     |  1.00th=[   11],  5.00th=[   12], 10.00th=[   13], 20.00th=[   14],
     | 30.00th=[   15], 40.00th=[   15], 50.00th=[   16], 60.00th=[   17],
     | 70.00th=[   20], 80.00th=[   22], 90.00th=[   26], 95.00th=[   31],
     | 99.00th=[   47], 99.50th=[   70], 99.90th=[  109], 99.95th=[  116],
     | 99.99th=[  137]
   bw (  KiB/s): min=46682, max=114290, per=100.00%, avg=68457.41, stdev=2779.52, samples=54
   iops        : min=11669, max=28572, avg=17114.03, stdev=694.88, samples=54
  cpu          : usr=96.03%, sys=3.72%, ctx=423, majf=0, minf=0
  IO depths    : 1=100.0%, 2=0.0%, 4=0.0%, 8=0.0%, 16=0.0%, 32=0.0%, >=64=0.0%
     submit    : 0=0.0%, 4=100.0%, 8=0.0%, 16=0.0%, 32=0.0%, 64=0.0%, >=64=0.0%
     complete  : 0=0.0%, 4=100.0%, 8=0.0%, 16=0.0%, 32=0.0%, 64=0.0%, >=64=0.0%
     issued rwts: total=64000,0,0,0 short=0,0,0,0 dropped=0,0,0,0
     latency   : target=0, window=0, percentile=100.00%, depth=1

Run status group 0 (all jobs):
   READ: bw=44.6MiB/s (46.8MB/s), 44.6MiB/s-44.6MiB/s (46.8MB/s-46.8MB/s), io=250MiB (262MB), run=5605-5605msec
