create: (g=0): rw=read, bs=(R) 4096B-4096B, (W) 4096B-4096B, (T) 4096B-4096B, ioengine=filecreate, iodepth=1
...
fio-3.41
Starting 4 threads

create: (groupid=0, jobs=4): err= 0: pid=579098: Fri Mar 13 00:55:56 2026
  read: IOPS=8390, BW=32.8MiB/s (34.4MB/s)(125MiB/3814msec)
    clat (usec): min=15, max=11869, avg=29.58, stdev=134.39
    clat percentiles (usec):
     |  1.00th=[   19],  5.00th=[   21], 10.00th=[   23], 20.00th=[   24],
     | 30.00th=[   24], 40.00th=[   25], 50.00th=[   25], 60.00th=[   26],
     | 70.00th=[   27], 80.00th=[   30], 90.00th=[   38], 95.00th=[   43],
     | 99.00th=[   58], 99.50th=[   64], 99.90th=[  110], 99.95th=[  938],
     | 99.99th=[11600]
   bw (  KiB/s): min=23160, max=53941, per=99.16%, avg=33280.90, stdev=2915.29, samples=22
   iops        : min= 5790, max=13485, avg=8320.19, stdev=728.79, samples=22
  cpu          : usr=92.41%, sys=6.82%, ctx=261, majf=0, minf=0
  IO depths    : 1=100.0%, 2=0.0%, 4=0.0%, 8=0.0%, 16=0.0%, 32=0.0%, >=64=0.0%
     submit    : 0=0.0%, 4=100.0%, 8=0.0%, 16=0.0%, 32=0.0%, 64=0.0%, >=64=0.0%
     complete  : 0=0.0%, 4=100.0%, 8=0.0%, 16=0.0%, 32=0.0%, 64=0.0%, >=64=0.0%
     issued rwts: total=32000,0,0,0 short=0,0,0,0 dropped=0,0,0,0
     latency   : target=0, window=0, percentile=100.00%, depth=1

Run status group 0 (all jobs):
   READ: bw=32.8MiB/s (34.4MB/s), 32.8MiB/s-32.8MiB/s (34.4MB/s-34.4MB/s), io=125MiB (131MB), run=3814-3814msec
