create: (g=0): rw=read, bs=(R) 4096B-4096B, (W) 4096B-4096B, (T) 4096B-4096B, ioengine=filecreate, iodepth=1
...
fio-3.41
Starting 4 threads

create: (groupid=0, jobs=4): err= 0: pid=483218: Fri Mar 13 00:08:53 2026
  read: IOPS=8379, BW=32.7MiB/s (34.3MB/s)(125MiB/3819msec)
    clat (usec): min=10, max=190, avg=17.26, stdev= 6.03
    clat percentiles (nsec):
     |  1.00th=[12352],  5.00th=[13120], 10.00th=[13504], 20.00th=[14272],
     | 30.00th=[14784], 40.00th=[15296], 50.00th=[15808], 60.00th=[16320],
     | 70.00th=[17024], 80.00th=[18048], 90.00th=[21888], 95.00th=[27520],
     | 99.00th=[45312], 99.50th=[58112], 99.90th=[67072], 99.95th=[75264],
     | 99.99th=[91648]
   bw (  KiB/s): min=22800, max=53138, per=98.21%, avg=32916.67, stdev=2854.54, samples=22
   iops        : min= 5700, max=13284, avg=8229.10, stdev=713.57, samples=22
  cpu          : usr=95.09%, sys=4.61%, ctx=616, majf=0, minf=0
  IO depths    : 1=100.0%, 2=0.0%, 4=0.0%, 8=0.0%, 16=0.0%, 32=0.0%, >=64=0.0%
     submit    : 0=0.0%, 4=100.0%, 8=0.0%, 16=0.0%, 32=0.0%, 64=0.0%, >=64=0.0%
     complete  : 0=0.0%, 4=100.0%, 8=0.0%, 16=0.0%, 32=0.0%, 64=0.0%, >=64=0.0%
     issued rwts: total=32000,0,0,0 short=0,0,0,0 dropped=0,0,0,0
     latency   : target=0, window=0, percentile=100.00%, depth=1

Run status group 0 (all jobs):
   READ: bw=32.7MiB/s (34.3MB/s), 32.7MiB/s-32.7MiB/s (34.3MB/s-34.3MB/s), io=125MiB (131MB), run=3819-3819msec
