create: (g=0): rw=read, bs=(R) 4096B-4096B, (W) 4096B-4096B, (T) 4096B-4096B, ioengine=filecreate, iodepth=1
...
fio-3.41
Starting 4 threads

create: (groupid=0, jobs=4): err= 0: pid=19971: Thu Mar 12 20:20:12 2026
  read: IOPS=9176, BW=35.8MiB/s (37.6MB/s)(125MiB/3487msec)
    clat (usec): min=9, max=154, avg=16.57, stdev= 6.87
    clat percentiles (usec):
     |  1.00th=[   11],  5.00th=[   12], 10.00th=[   12], 20.00th=[   13],
     | 30.00th=[   14], 40.00th=[   14], 50.00th=[   15], 60.00th=[   16],
     | 70.00th=[   17], 80.00th=[   20], 90.00th=[   24], 95.00th=[   29],
     | 99.00th=[   42], 99.50th=[   52], 99.90th=[   94], 99.95th=[  102],
     | 99.99th=[  117]
   bw (  KiB/s): min=26032, max=70464, per=100.00%, avg=40104.00, stdev=4387.49, samples=21
   iops        : min= 6508, max=17616, avg=10026.00, stdev=1096.87, samples=21
  cpu          : usr=94.99%, sys=4.74%, ctx=464, majf=0, minf=0
  IO depths    : 1=100.0%, 2=0.0%, 4=0.0%, 8=0.0%, 16=0.0%, 32=0.0%, >=64=0.0%
     submit    : 0=0.0%, 4=100.0%, 8=0.0%, 16=0.0%, 32=0.0%, 64=0.0%, >=64=0.0%
     complete  : 0=0.0%, 4=100.0%, 8=0.0%, 16=0.0%, 32=0.0%, 64=0.0%, >=64=0.0%
     issued rwts: total=32000,0,0,0 short=0,0,0,0 dropped=0,0,0,0
     latency   : target=0, window=0, percentile=100.00%, depth=1

Run status group 0 (all jobs):
   READ: bw=35.8MiB/s (37.6MB/s), 35.8MiB/s-35.8MiB/s (37.6MB/s-37.6MB/s), io=125MiB (131MB), run=3487-3487msec
