create: (g=0): rw=read, bs=(R) 4096B-4096B, (W) 4096B-4096B, (T) 4096B-4096B, ioengine=filecreate, iodepth=1
...
fio-3.41
Starting 52 threads

create: (groupid=0, jobs=52): err= 0: pid=77889: Thu Mar 12 20:48:50 2026
  read: IOPS=35.1k, BW=137MiB/s (144MB/s)(1625MiB/11862msec)
    clat (usec): min=11, max=10446, avg=83.06, stdev=150.96
    clat percentiles (usec):
     |  1.00th=[   16],  5.00th=[   18], 10.00th=[   20], 20.00th=[   26],
     | 30.00th=[   30], 40.00th=[   38], 50.00th=[   49], 60.00th=[   68],
     | 70.00th=[   96], 80.00th=[  137], 90.00th=[  196], 95.00th=[  243],
     | 99.00th=[  314], 99.50th=[  343], 99.90th=[  400], 99.95th=[  433],
     | 99.99th=[10159]
   bw (  KiB/s): min=80577, max=567547, per=100.00%, avg=164372.40, stdev=2422.46, samples=957
   iops        : min=20138, max=141882, avg=41092.24, stdev=605.60, samples=957
  cpu          : usr=92.92%, sys=6.65%, ctx=32285, majf=0, minf=0
  IO depths    : 1=100.0%, 2=0.0%, 4=0.0%, 8=0.0%, 16=0.0%, 32=0.0%, >=64=0.0%
     submit    : 0=0.0%, 4=100.0%, 8=0.0%, 16=0.0%, 32=0.0%, 64=0.0%, >=64=0.0%
     complete  : 0=0.0%, 4=100.0%, 8=0.0%, 16=0.0%, 32=0.0%, 64=0.0%, >=64=0.0%
     issued rwts: total=416000,0,0,0 short=0,0,0,0 dropped=0,0,0,0
     latency   : target=0, window=0, percentile=100.00%, depth=1

Run status group 0 (all jobs):
   READ: bw=137MiB/s (144MB/s), 137MiB/s-137MiB/s (144MB/s-144MB/s), io=1625MiB (1704MB), run=11862-11862msec
