create: (g=0): rw=read, bs=(R) 4096B-4096B, (W) 4096B-4096B, (T) 4096B-4096B, ioengine=filecreate, iodepth=1
...
fio-3.41
Starting 12 threads

create: (groupid=0, jobs=12): err= 0: pid=120967: Thu Mar 12 21:10:03 2026
  read: IOPS=15.9k, BW=62.0MiB/s (65.1MB/s)(375MiB/6044msec)
    clat (usec): min=9, max=187, avg=20.32, stdev=10.80
    clat percentiles (usec):
     |  1.00th=[   12],  5.00th=[   13], 10.00th=[   14], 20.00th=[   15],
     | 30.00th=[   15], 40.00th=[   16], 50.00th=[   17], 60.00th=[   19],
     | 70.00th=[   22], 80.00th=[   24], 90.00th=[   31], 95.00th=[   38],
     | 99.00th=[   68], 99.50th=[   90], 99.90th=[  121], 99.95th=[  131],
     | 99.99th=[  147]
   bw (  KiB/s): min=40840, max=131223, per=100.00%, avg=65593.45, stdev=2492.41, samples=106
   iops        : min=10210, max=32805, avg=16398.22, stdev=623.08, samples=106
  cpu          : usr=96.36%, sys=3.44%, ctx=939, majf=0, minf=0
  IO depths    : 1=100.0%, 2=0.0%, 4=0.0%, 8=0.0%, 16=0.0%, 32=0.0%, >=64=0.0%
     submit    : 0=0.0%, 4=100.0%, 8=0.0%, 16=0.0%, 32=0.0%, 64=0.0%, >=64=0.0%
     complete  : 0=0.0%, 4=100.0%, 8=0.0%, 16=0.0%, 32=0.0%, 64=0.0%, >=64=0.0%
     issued rwts: total=96000,0,0,0 short=0,0,0,0 dropped=0,0,0,0
     latency   : target=0, window=0, percentile=100.00%, depth=1

Run status group 0 (all jobs):
   READ: bw=62.0MiB/s (65.1MB/s), 62.0MiB/s-62.0MiB/s (65.1MB/s-65.1MB/s), io=375MiB (393MB), run=6044-6044msec
