create: (g=0): rw=read, bs=(R) 4096B-4096B, (W) 4096B-4096B, (T) 4096B-4096B, ioengine=filecreate, iodepth=1
...
fio-3.41
Starting 60 threads

create: (groupid=0, jobs=60): err= 0: pid=748143: Fri Mar 13 02:18:30 2026
  read: IOPS=18.5k, BW=72.4MiB/s (75.9MB/s)(1875MiB/25912msec)
    clat (usec): min=21, max=329859, avg=2084.98, stdev=4555.74
    clat percentiles (usec):
     |  1.00th=[    37],  5.00th=[    62], 10.00th=[   115], 20.00th=[   322],
     | 30.00th=[  1029], 40.00th=[  1582], 50.00th=[  1942], 60.00th=[  2245],
     | 70.00th=[  2409], 80.00th=[  2540], 90.00th=[  2671], 95.00th=[  2802],
     | 99.00th=[ 17695], 99.50th=[ 20579], 99.90th=[ 23987], 99.95th=[ 26084],
     | 99.99th=[325059]
   bw (  KiB/s): min=28296, max=156856, per=100.00%, avg=79717.19, stdev=360.60, samples=2854
   iops        : min= 7074, max=39206, avg=19925.24, stdev=90.14, samples=2854
  cpu          : usr=30.76%, sys=51.98%, ctx=302697, majf=0, minf=0
  IO depths    : 1=100.0%, 2=0.0%, 4=0.0%, 8=0.0%, 16=0.0%, 32=0.0%, >=64=0.0%
     submit    : 0=0.0%, 4=100.0%, 8=0.0%, 16=0.0%, 32=0.0%, 64=0.0%, >=64=0.0%
     complete  : 0=0.0%, 4=100.0%, 8=0.0%, 16=0.0%, 32=0.0%, 64=0.0%, >=64=0.0%
     issued rwts: total=480000,0,0,0 short=0,0,0,0 dropped=0,0,0,0
     latency   : target=0, window=0, percentile=100.00%, depth=1

Run status group 0 (all jobs):
   READ: bw=72.4MiB/s (75.9MB/s), 72.4MiB/s-72.4MiB/s (75.9MB/s-75.9MB/s), io=1875MiB (1966MB), run=25912-25912msec
