create: (g=0): rw=read, bs=(R) 4096B-4096B, (W) 4096B-4096B, (T) 4096B-4096B, ioengine=filecreate, iodepth=1
...
fio-3.41
Starting 48 threads

create: (groupid=0, jobs=48): err= 0: pid=166964: Thu Mar 12 21:32:51 2026
  read: IOPS=34.5k, BW=135MiB/s (141MB/s)(1500MiB/11116msec)
    clat (usec): min=9, max=10499, avg=116.92, stdev=276.78
    clat percentiles (usec):
     |  1.00th=[   14],  5.00th=[   17], 10.00th=[   20], 20.00th=[   27],
     | 30.00th=[   36], 40.00th=[   48], 50.00th=[   68], 60.00th=[   97],
     | 70.00th=[  139], 80.00th=[  192], 90.00th=[  265], 95.00th=[  322],
     | 99.00th=[  412], 99.50th=[  449], 99.90th=[ 3425], 99.95th=[ 8029],
     | 99.99th=[10159]
   bw (  KiB/s): min=85990, max=527258, per=100.00%, avg=174990.22, stdev=2547.37, samples=767
   iops        : min=21486, max=131814, avg=43746.13, stdev=636.84, samples=767
  cpu          : usr=88.45%, sys=10.38%, ctx=68433, majf=0, minf=0
  IO depths    : 1=100.0%, 2=0.0%, 4=0.0%, 8=0.0%, 16=0.0%, 32=0.0%, >=64=0.0%
     submit    : 0=0.0%, 4=100.0%, 8=0.0%, 16=0.0%, 32=0.0%, 64=0.0%, >=64=0.0%
     complete  : 0=0.0%, 4=100.0%, 8=0.0%, 16=0.0%, 32=0.0%, 64=0.0%, >=64=0.0%
     issued rwts: total=384000,0,0,0 short=0,0,0,0 dropped=0,0,0,0
     latency   : target=0, window=0, percentile=100.00%, depth=1

Run status group 0 (all jobs):
   READ: bw=135MiB/s (141MB/s), 135MiB/s-135MiB/s (141MB/s-141MB/s), io=1500MiB (1573MB), run=11116-11116msec
