create: (g=0): rw=read, bs=(R) 4096B-4096B, (W) 4096B-4096B, (T) 4096B-4096B, ioengine=filecreate, iodepth=1
...
fio-3.41
Starting 44 threads

create: (groupid=0, jobs=44): err= 0: pid=158659: Thu Mar 12 21:28:52 2026
  read: IOPS=32.8k, BW=128MiB/s (134MB/s)(1375MiB/10742msec)
    clat (usec): min=11, max=5094, avg=48.65, stdev=44.07
    clat percentiles (usec):
     |  1.00th=[   15],  5.00th=[   17], 10.00th=[   18], 20.00th=[   20],
     | 30.00th=[   25], 40.00th=[   28], 50.00th=[   34], 60.00th=[   42],
     | 70.00th=[   53], 80.00th=[   71], 90.00th=[  102], 95.00th=[  133],
     | 99.00th=[  196], 99.50th=[  219], 99.90th=[  277], 99.95th=[  302],
     | 99.99th=[ 1045]
   bw (  KiB/s): min=75400, max=519317, per=100.00%, avg=160253.21, stdev=2845.67, samples=674
   iops        : min=18844, max=129828, avg=40062.29, stdev=711.41, samples=674
  cpu          : usr=94.82%, sys=4.87%, ctx=6516, majf=0, minf=0
  IO depths    : 1=100.0%, 2=0.0%, 4=0.0%, 8=0.0%, 16=0.0%, 32=0.0%, >=64=0.0%
     submit    : 0=0.0%, 4=100.0%, 8=0.0%, 16=0.0%, 32=0.0%, 64=0.0%, >=64=0.0%
     complete  : 0=0.0%, 4=100.0%, 8=0.0%, 16=0.0%, 32=0.0%, 64=0.0%, >=64=0.0%
     issued rwts: total=352000,0,0,0 short=0,0,0,0 dropped=0,0,0,0
     latency   : target=0, window=0, percentile=100.00%, depth=1

Run status group 0 (all jobs):
   READ: bw=128MiB/s (134MB/s), 128MiB/s-128MiB/s (134MB/s-134MB/s), io=1375MiB (1442MB), run=10742-10742msec
