create: (g=0): rw=read, bs=(R) 4096B-4096B, (W) 4096B-4096B, (T) 4096B-4096B, ioengine=filecreate, iodepth=1
...
fio-3.41
Starting 44 threads

create: (groupid=0, jobs=44): err= 0: pid=253173: Thu Mar 12 22:15:27 2026
  read: IOPS=28.9k, BW=113MiB/s (119MB/s)(1375MiB/12164msec)
    clat (usec): min=18, max=22060, avg=487.24, stdev=659.24
    clat percentiles (usec):
     |  1.00th=[   25],  5.00th=[   35], 10.00th=[   49], 20.00th=[   94],
     | 30.00th=[  165], 40.00th=[  273], 50.00th=[  429], 60.00th=[  594],
     | 70.00th=[  717], 80.00th=[  816], 90.00th=[  914], 95.00th=[  979],
     | 99.00th=[ 1106], 99.50th=[ 1172], 99.90th=[10552], 99.95th=[11076],
     | 99.99th=[20841]
   bw (  KiB/s): min=78639, max=314075, per=100.00%, avg=133061.28, stdev=1545.72, samples=893
   iops        : min=19653, max=78518, avg=33264.39, stdev=386.43, samples=893
  cpu          : usr=62.72%, sys=34.73%, ctx=116211, majf=0, minf=0
  IO depths    : 1=100.0%, 2=0.0%, 4=0.0%, 8=0.0%, 16=0.0%, 32=0.0%, >=64=0.0%
     submit    : 0=0.0%, 4=100.0%, 8=0.0%, 16=0.0%, 32=0.0%, 64=0.0%, >=64=0.0%
     complete  : 0=0.0%, 4=100.0%, 8=0.0%, 16=0.0%, 32=0.0%, 64=0.0%, >=64=0.0%
     issued rwts: total=352000,0,0,0 short=0,0,0,0 dropped=0,0,0,0
     latency   : target=0, window=0, percentile=100.00%, depth=1

Run status group 0 (all jobs):
   READ: bw=113MiB/s (119MB/s), 113MiB/s-113MiB/s (119MB/s-119MB/s), io=1375MiB (1442MB), run=12164-12164msec
