create: (g=0): rw=read, bs=(R) 4096B-4096B, (W) 4096B-4096B, (T) 4096B-4096B, ioengine=filecreate, iodepth=1
...
fio-3.41
Starting 24 threads

create: (groupid=0, jobs=24): err= 0: pid=319467: Thu Mar 12 22:48:16 2026
  read: IOPS=20.5k, BW=80.1MiB/s (84.0MB/s)(750MiB/9359msec)
    clat (usec): min=17, max=19169, avg=50.09, stdev=201.91
    clat percentiles (usec):
     |  1.00th=[   22],  5.00th=[   24], 10.00th=[   25], 20.00th=[   27],
     | 30.00th=[   29], 40.00th=[   31], 50.00th=[   36], 60.00th=[   44],
     | 70.00th=[   52], 80.00th=[   65], 90.00th=[   87], 95.00th=[  110],
     | 99.00th=[  157], 99.50th=[  176], 99.90th=[  229], 99.95th=[  318],
     | 99.99th=[15270]
   bw (  KiB/s): min=52725, max=286088, per=100.00%, avg=101904.10, stdev=2913.68, samples=311
   iops        : min=13176, max=71521, avg=25474.86, stdev=728.43, samples=311
  cpu          : usr=93.73%, sys=5.75%, ctx=1680, majf=0, minf=0
  IO depths    : 1=100.0%, 2=0.0%, 4=0.0%, 8=0.0%, 16=0.0%, 32=0.0%, >=64=0.0%
     submit    : 0=0.0%, 4=100.0%, 8=0.0%, 16=0.0%, 32=0.0%, 64=0.0%, >=64=0.0%
     complete  : 0=0.0%, 4=100.0%, 8=0.0%, 16=0.0%, 32=0.0%, 64=0.0%, >=64=0.0%
     issued rwts: total=192000,0,0,0 short=0,0,0,0 dropped=0,0,0,0
     latency   : target=0, window=0, percentile=100.00%, depth=1

Run status group 0 (all jobs):
   READ: bw=80.1MiB/s (84.0MB/s), 80.1MiB/s-80.1MiB/s (84.0MB/s-84.0MB/s), io=750MiB (786MB), run=9359-9359msec
