create: (g=0): rw=read, bs=(R) 4096B-4096B, (W) 4096B-4096B, (T) 4096B-4096B, ioengine=filecreate, iodepth=1
...
fio-3.41
Starting 36 threads

create: (groupid=0, jobs=36): err= 0: pid=243043: Thu Mar 12 22:10:27 2026
  read: IOPS=30.2k, BW=118MiB/s (124MB/s)(1125MiB/9527msec)
    clat (usec): min=9, max=845, avg=35.94, stdev=25.33
    clat percentiles (usec):
     |  1.00th=[   13],  5.00th=[   15], 10.00th=[   16], 20.00th=[   19],
     | 30.00th=[   21], 40.00th=[   24], 50.00th=[   28], 60.00th=[   33],
     | 70.00th=[   40], 80.00th=[   49], 90.00th=[   67], 95.00th=[   87],
     | 99.00th=[  133], 99.50th=[  151], 99.90th=[  194], 99.95th=[  217],
     | 99.99th=[  302]
   bw (  KiB/s): min=72895, max=469747, per=100.00%, avg=143827.78, stdev=3208.76, samples=488
   iops        : min=18219, max=117435, avg=35956.39, stdev=802.18, samples=488
  cpu          : usr=95.88%, sys=3.89%, ctx=2721, majf=0, minf=0
  IO depths    : 1=100.0%, 2=0.0%, 4=0.0%, 8=0.0%, 16=0.0%, 32=0.0%, >=64=0.0%
     submit    : 0=0.0%, 4=100.0%, 8=0.0%, 16=0.0%, 32=0.0%, 64=0.0%, >=64=0.0%
     complete  : 0=0.0%, 4=100.0%, 8=0.0%, 16=0.0%, 32=0.0%, 64=0.0%, >=64=0.0%
     issued rwts: total=288000,0,0,0 short=0,0,0,0 dropped=0,0,0,0
     latency   : target=0, window=0, percentile=100.00%, depth=1

Run status group 0 (all jobs):
   READ: bw=118MiB/s (124MB/s), 118MiB/s-118MiB/s (124MB/s-124MB/s), io=1125MiB (1180MB), run=9527-9527msec
