create: (g=0): rw=read, bs=(R) 4096B-4096B, (W) 4096B-4096B, (T) 4096B-4096B, ioengine=filecreate, iodepth=1
...
fio-3.41
Starting 44 threads

create: (groupid=0, jobs=44): err= 0: pid=627293: Fri Mar 13 01:20:09 2026
  read: IOPS=20.8k, BW=81.3MiB/s (85.3MB/s)(1375MiB/16905msec)
    clat (usec): min=17, max=340039, avg=1084.64, stdev=4246.21
    clat percentiles (usec):
     |  1.00th=[    29],  5.00th=[    41], 10.00th=[    59], 20.00th=[   125],
     | 30.00th=[   281], 40.00th=[   668], 50.00th=[   873], 60.00th=[  1090],
     | 70.00th=[  1237], 80.00th=[  1369], 90.00th=[  1500], 95.00th=[  1582],
     | 99.00th=[ 11600], 99.50th=[ 19268], 99.90th=[ 23725], 99.95th=[ 24511],
     | 99.99th=[329253]
   bw (  KiB/s): min=40832, max=179921, per=100.00%, avg=94923.47, stdev=670.31, samples=1285
   iops        : min=10208, max=44976, avg=23727.92, stdev=167.58, samples=1285
  cpu          : usr=41.91%, sys=41.78%, ctx=174791, majf=0, minf=0
  IO depths    : 1=100.0%, 2=0.0%, 4=0.0%, 8=0.0%, 16=0.0%, 32=0.0%, >=64=0.0%
     submit    : 0=0.0%, 4=100.0%, 8=0.0%, 16=0.0%, 32=0.0%, 64=0.0%, >=64=0.0%
     complete  : 0=0.0%, 4=100.0%, 8=0.0%, 16=0.0%, 32=0.0%, 64=0.0%, >=64=0.0%
     issued rwts: total=352000,0,0,0 short=0,0,0,0 dropped=0,0,0,0
     latency   : target=0, window=0, percentile=100.00%, depth=1

Run status group 0 (all jobs):
   READ: bw=81.3MiB/s (85.3MB/s), 81.3MiB/s-81.3MiB/s (85.3MB/s-85.3MB/s), io=1375MiB (1442MB), run=16905-16905msec
