create: (g=0): rw=read, bs=(R) 4096B-4096B, (W) 4096B-4096B, (T) 4096B-4096B, ioengine=filecreate, iodepth=1
...
fio-3.41
Starting 16 threads

create: (groupid=0, jobs=16): err= 0: pid=402248: Thu Mar 12 23:29:06 2026
  read: IOPS=19.9k, BW=77.9MiB/s (81.7MB/s)(500MiB/6417msec)
    clat (usec): min=10, max=149, avg=20.43, stdev= 9.06
    clat percentiles (usec):
     |  1.00th=[   13],  5.00th=[   15], 10.00th=[   15], 20.00th=[   16],
     | 30.00th=[   17], 40.00th=[   17], 50.00th=[   18], 60.00th=[   19],
     | 70.00th=[   20], 80.00th=[   24], 90.00th=[   30], 95.00th=[   37],
     | 99.00th=[   64], 99.50th=[   72], 99.90th=[   88], 99.95th=[   95],
     | 99.99th=[  120]
   bw (  KiB/s): min=52926, max=177896, per=100.00%, avg=83610.49, stdev=2389.17, samples=155
   iops        : min=13227, max=44473, avg=20902.01, stdev=597.29, samples=155
  cpu          : usr=96.69%, sys=3.12%, ctx=419, majf=0, minf=0
  IO depths    : 1=100.0%, 2=0.0%, 4=0.0%, 8=0.0%, 16=0.0%, 32=0.0%, >=64=0.0%
     submit    : 0=0.0%, 4=100.0%, 8=0.0%, 16=0.0%, 32=0.0%, 64=0.0%, >=64=0.0%
     complete  : 0=0.0%, 4=100.0%, 8=0.0%, 16=0.0%, 32=0.0%, 64=0.0%, >=64=0.0%
     issued rwts: total=128000,0,0,0 short=0,0,0,0 dropped=0,0,0,0
     latency   : target=0, window=0, percentile=100.00%, depth=1

Run status group 0 (all jobs):
   READ: bw=77.9MiB/s (81.7MB/s), 77.9MiB/s-77.9MiB/s (81.7MB/s-81.7MB/s), io=500MiB (524MB), run=6417-6417msec
