create: (g=0): rw=read, bs=(R) 4096B-4096B, (W) 4096B-4096B, (T) 4096B-4096B, ioengine=filecreate, iodepth=1
...
fio-3.41
Starting 52 threads

create: (groupid=0, jobs=52): err= 0: pid=173209: Thu Mar 12 21:35:54 2026
  read: IOPS=33.7k, BW=132MiB/s (138MB/s)(1625MiB/12327msec)
    clat (usec): min=9, max=10513, avg=118.61, stdev=225.90
    clat percentiles (usec):
     |  1.00th=[   14],  5.00th=[   18], 10.00th=[   23], 20.00th=[   29],
     | 30.00th=[   38], 40.00th=[   48], 50.00th=[   64], 60.00th=[   87],
     | 70.00th=[  123], 80.00th=[  198], 90.00th=[  310], 95.00th=[  371],
     | 99.00th=[  457], 99.50th=[  494], 99.90th=[  701], 99.95th=[ 4359],
     | 99.99th=[10290]
   bw (  KiB/s): min=85019, max=532261, per=100.00%, avg=168041.24, stdev=2270.40, samples=945
   iops        : min=21246, max=133061, avg=42007.81, stdev=567.59, samples=945
  cpu          : usr=89.81%, sys=9.48%, ctx=41389, majf=0, minf=0
  IO depths    : 1=100.0%, 2=0.0%, 4=0.0%, 8=0.0%, 16=0.0%, 32=0.0%, >=64=0.0%
     submit    : 0=0.0%, 4=100.0%, 8=0.0%, 16=0.0%, 32=0.0%, 64=0.0%, >=64=0.0%
     complete  : 0=0.0%, 4=100.0%, 8=0.0%, 16=0.0%, 32=0.0%, 64=0.0%, >=64=0.0%
     issued rwts: total=416000,0,0,0 short=0,0,0,0 dropped=0,0,0,0
     latency   : target=0, window=0, percentile=100.00%, depth=1

Run status group 0 (all jobs):
   READ: bw=132MiB/s (138MB/s), 132MiB/s-132MiB/s (138MB/s-138MB/s), io=1625MiB (1704MB), run=12327-12327msec
