create: (g=0): rw=read, bs=(R) 4096B-4096B, (W) 4096B-4096B, (T) 4096B-4096B, ioengine=filecreate, iodepth=1
...
fio-3.41
Starting 12 threads

create: (groupid=0, jobs=12): err= 0: pid=490111: Fri Mar 13 00:12:30 2026
  read: IOPS=14.6k, BW=57.0MiB/s (59.8MB/s)(375MiB/6577msec)
    clat (usec): min=10, max=2388, avg=20.52, stdev=34.59
    clat percentiles (usec):
     |  1.00th=[   13],  5.00th=[   15], 10.00th=[   15], 20.00th=[   16],
     | 30.00th=[   17], 40.00th=[   17], 50.00th=[   18], 60.00th=[   19],
     | 70.00th=[   20], 80.00th=[   23], 90.00th=[   29], 95.00th=[   33],
     | 99.00th=[   61], 99.50th=[   68], 99.90th=[   88], 99.95th=[  635],
     | 99.99th=[ 2089]
   bw (  KiB/s): min=39210, max=185033, per=100.00%, avg=72661.99, stdev=3758.20, samples=112
   iops        : min= 9799, max=46258, avg=18165.00, stdev=939.57, samples=112
  cpu          : usr=96.40%, sys=3.29%, ctx=947, majf=0, minf=0
  IO depths    : 1=100.0%, 2=0.0%, 4=0.0%, 8=0.0%, 16=0.0%, 32=0.0%, >=64=0.0%
     submit    : 0=0.0%, 4=100.0%, 8=0.0%, 16=0.0%, 32=0.0%, 64=0.0%, >=64=0.0%
     complete  : 0=0.0%, 4=100.0%, 8=0.0%, 16=0.0%, 32=0.0%, 64=0.0%, >=64=0.0%
     issued rwts: total=96000,0,0,0 short=0,0,0,0 dropped=0,0,0,0
     latency   : target=0, window=0, percentile=100.00%, depth=1

Run status group 0 (all jobs):
   READ: bw=57.0MiB/s (59.8MB/s), 57.0MiB/s-57.0MiB/s (59.8MB/s-59.8MB/s), io=375MiB (393MB), run=6577-6577msec
