create: (g=0): rw=read, bs=(R) 4096B-4096B, (W) 4096B-4096B, (T) 4096B-4096B, ioengine=filecreate, iodepth=1
...
fio-3.41
Starting 2 threads

create: (groupid=0, jobs=2): err= 0: pid=15070: Thu Mar 12 20:17:35 2026
  read: IOPS=5418, BW=21.2MiB/s (22.2MB/s)(62.5MiB/2953msec)
    clat (usec): min=11, max=1045, avg=17.31, stdev=12.94
    clat percentiles (usec):
     |  1.00th=[   13],  5.00th=[   13], 10.00th=[   14], 20.00th=[   15],
     | 30.00th=[   15], 40.00th=[   16], 50.00th=[   16], 60.00th=[   17],
     | 70.00th=[   18], 80.00th=[   19], 90.00th=[   22], 95.00th=[   28],
     | 99.00th=[   49], 99.50th=[   57], 99.90th=[   77], 99.95th=[   92],
     | 99.99th=[ 1012]
   bw (  KiB/s): min=11560, max=24192, per=75.50%, avg=16363.20, stdev=2363.37, samples=10
   iops        : min= 2890, max= 6048, avg=4090.80, stdev=590.84, samples=10
  cpu          : usr=95.37%, sys=4.17%, ctx=596, majf=0, minf=0
  IO depths    : 1=100.0%, 2=0.0%, 4=0.0%, 8=0.0%, 16=0.0%, 32=0.0%, >=64=0.0%
     submit    : 0=0.0%, 4=100.0%, 8=0.0%, 16=0.0%, 32=0.0%, 64=0.0%, >=64=0.0%
     complete  : 0=0.0%, 4=100.0%, 8=0.0%, 16=0.0%, 32=0.0%, 64=0.0%, >=64=0.0%
     issued rwts: total=16000,0,0,0 short=0,0,0,0 dropped=0,0,0,0
     latency   : target=0, window=0, percentile=100.00%, depth=1

Run status group 0 (all jobs):
   READ: bw=21.2MiB/s (22.2MB/s), 21.2MiB/s-21.2MiB/s (22.2MB/s-22.2MB/s), io=62.5MiB (65.5MB), run=2953-2953msec
