create: (g=0): rw=read, bs=(R) 4096B-4096B, (W) 4096B-4096B, (T) 4096B-4096B, ioengine=filecreate, iodepth=1
...
fio-3.41
Starting 24 threads

create: (groupid=0, jobs=24): err= 0: pid=133370: Thu Mar 12 21:16:22 2026
  read: IOPS=22.8k, BW=89.0MiB/s (93.3MB/s)(750MiB/8429msec)
    clat (usec): min=17, max=16850, avg=59.47, stdev=217.77
    clat percentiles (usec):
     |  1.00th=[   21],  5.00th=[   24], 10.00th=[   25], 20.00th=[   27],
     | 30.00th=[   29], 40.00th=[   34], 50.00th=[   42], 60.00th=[   50],
     | 70.00th=[   63], 80.00th=[   81], 90.00th=[  111], 95.00th=[  139],
     | 99.00th=[  202], 99.50th=[  229], 99.90th=[  310], 99.95th=[ 1057],
     | 99.99th=[15795]
   bw (  KiB/s): min=53181, max=301711, per=100.00%, avg=104094.34, stdev=3009.34, samples=295
   iops        : min=13292, max=75427, avg=26023.11, stdev=752.32, samples=295
  cpu          : usr=92.56%, sys=6.79%, ctx=3799, majf=0, minf=0
  IO depths    : 1=100.0%, 2=0.0%, 4=0.0%, 8=0.0%, 16=0.0%, 32=0.0%, >=64=0.0%
     submit    : 0=0.0%, 4=100.0%, 8=0.0%, 16=0.0%, 32=0.0%, 64=0.0%, >=64=0.0%
     complete  : 0=0.0%, 4=100.0%, 8=0.0%, 16=0.0%, 32=0.0%, 64=0.0%, >=64=0.0%
     issued rwts: total=192000,0,0,0 short=0,0,0,0 dropped=0,0,0,0
     latency   : target=0, window=0, percentile=100.00%, depth=1

Run status group 0 (all jobs):
   READ: bw=89.0MiB/s (93.3MB/s), 89.0MiB/s-89.0MiB/s (93.3MB/s-93.3MB/s), io=750MiB (786MB), run=8429-8429msec
