create: (g=0): rw=read, bs=(R) 4096B-4096B, (W) 4096B-4096B, (T) 4096B-4096B, ioengine=filecreate, iodepth=1
fio-3.41
Starting 1 thread

create: (groupid=0, jobs=1): err= 0: pid=851186: Fri Mar 13 03:08:54 2026
  read: IOPS=5072, BW=19.8MiB/s (20.8MB/s)(31.2MiB/1577msec)
    clat (usec): min=15, max=739, avg=20.21, stdev=10.05
    clat percentiles (usec):
     |  1.00th=[   16],  5.00th=[   18], 10.00th=[   18], 20.00th=[   18],
     | 30.00th=[   19], 40.00th=[   19], 50.00th=[   19], 60.00th=[   20],
     | 70.00th=[   20], 80.00th=[   21], 90.00th=[   22], 95.00th=[   32],
     | 99.00th=[   45], 99.50th=[   48], 99.90th=[   69], 99.95th=[   82],
     | 99.99th=[  742]
   bw (  KiB/s): min=12752, max=26608, per=90.78%, avg=18421.33, stdev=7262.91, samples=3
   iops        : min= 3188, max= 6652, avg=4605.33, stdev=1815.73, samples=3
  cpu          : usr=88.64%, sys=10.91%, ctx=178, majf=0, minf=0
  IO depths    : 1=100.0%, 2=0.0%, 4=0.0%, 8=0.0%, 16=0.0%, 32=0.0%, >=64=0.0%
     submit    : 0=0.0%, 4=100.0%, 8=0.0%, 16=0.0%, 32=0.0%, 64=0.0%, >=64=0.0%
     complete  : 0=0.0%, 4=100.0%, 8=0.0%, 16=0.0%, 32=0.0%, 64=0.0%, >=64=0.0%
     issued rwts: total=8000,0,0,0 short=0,0,0,0 dropped=0,0,0,0
     latency   : target=0, window=0, percentile=100.00%, depth=1

Run status group 0 (all jobs):
   READ: bw=19.8MiB/s (20.8MB/s), 19.8MiB/s-19.8MiB/s (20.8MB/s-20.8MB/s), io=31.2MiB (32.8MB), run=1577-1577msec
