create: (g=0): rw=read, bs=(R) 4096B-4096B, (W) 4096B-4096B, (T) 4096B-4096B, ioengine=filecreate, iodepth=1
...
fio-3.41
Starting 44 threads

create: (groupid=0, jobs=44): err= 0: pid=906797: Fri Mar 13 03:37:03 2026
  read: IOPS=34.5k, BW=135MiB/s (142MB/s)(1375MiB/10189msec)
    clat (usec): min=9, max=10363, avg=78.64, stdev=111.33
    clat percentiles (usec):
     |  1.00th=[   15],  5.00th=[   18], 10.00th=[   20], 20.00th=[   26],
     | 30.00th=[   32], 40.00th=[   41], 50.00th=[   52], 60.00th=[   69],
     | 70.00th=[   93], 80.00th=[  127], 90.00th=[  180], 95.00th=[  221],
     | 99.00th=[  289], 99.50th=[  310], 99.90th=[  375], 99.95th=[  429],
     | 99.99th=[ 3032]
   bw (  KiB/s): min=75213, max=476236, per=100.00%, avg=154127.86, stdev=2479.43, samples=700
   iops        : min=18793, max=119055, avg=38531.07, stdev=619.85, samples=700
  cpu          : usr=92.06%, sys=7.57%, ctx=10252, majf=0, minf=0
  IO depths    : 1=100.0%, 2=0.0%, 4=0.0%, 8=0.0%, 16=0.0%, 32=0.0%, >=64=0.0%
     submit    : 0=0.0%, 4=100.0%, 8=0.0%, 16=0.0%, 32=0.0%, 64=0.0%, >=64=0.0%
     complete  : 0=0.0%, 4=100.0%, 8=0.0%, 16=0.0%, 32=0.0%, 64=0.0%, >=64=0.0%
     issued rwts: total=352000,0,0,0 short=0,0,0,0 dropped=0,0,0,0
     latency   : target=0, window=0, percentile=100.00%, depth=1

Run status group 0 (all jobs):
   READ: bw=135MiB/s (142MB/s), 135MiB/s-135MiB/s (142MB/s-142MB/s), io=1375MiB (1442MB), run=10189-10189msec
