create: (g=0): rw=read, bs=(R) 4096B-4096B, (W) 4096B-4096B, (T) 4096B-4096B, ioengine=filecreate, iodepth=1
...
fio-3.41
Starting 44 threads

create: (groupid=0, jobs=44): err= 0: pid=904446: Fri Mar 13 03:35:57 2026
  read: IOPS=32.9k, BW=128MiB/s (135MB/s)(1375MiB/10711msec)
    clat (usec): min=11, max=8854, avg=54.68, stdev=55.11
    clat percentiles (usec):
     |  1.00th=[   15],  5.00th=[   17], 10.00th=[   18], 20.00th=[   21],
     | 30.00th=[   25], 40.00th=[   29], 50.00th=[   35], 60.00th=[   44],
     | 70.00th=[   59], 80.00th=[   83], 90.00th=[  124], 95.00th=[  159],
     | 99.00th=[  223], 99.50th=[  247], 99.90th=[  310], 99.95th=[  334],
     | 99.99th=[ 1369]
   bw (  KiB/s): min=74734, max=545917, per=100.00%, avg=156399.20, stdev=2889.61, samples=701
   iops        : min=18672, max=136478, avg=39098.15, stdev=722.41, samples=701
  cpu          : usr=94.58%, sys=5.12%, ctx=3770, majf=0, minf=0
  IO depths    : 1=100.0%, 2=0.0%, 4=0.0%, 8=0.0%, 16=0.0%, 32=0.0%, >=64=0.0%
     submit    : 0=0.0%, 4=100.0%, 8=0.0%, 16=0.0%, 32=0.0%, 64=0.0%, >=64=0.0%
     complete  : 0=0.0%, 4=100.0%, 8=0.0%, 16=0.0%, 32=0.0%, 64=0.0%, >=64=0.0%
     issued rwts: total=352000,0,0,0 short=0,0,0,0 dropped=0,0,0,0
     latency   : target=0, window=0, percentile=100.00%, depth=1

Run status group 0 (all jobs):
   READ: bw=128MiB/s (135MB/s), 128MiB/s-128MiB/s (135MB/s-135MB/s), io=1375MiB (1442MB), run=10711-10711msec
