create: (g=0): rw=read, bs=(R) 4096B-4096B, (W) 4096B-4096B, (T) 4096B-4096B, ioengine=filecreate, iodepth=1
...
fio-3.41
Starting 24 threads

create: (groupid=0, jobs=24): err= 0: pid=785428: Fri Mar 13 02:37:08 2026
  read: IOPS=25.9k, BW=101MiB/s (106MB/s)(750MiB/7414msec)
    clat (usec): min=11, max=230, avg=23.97, stdev=12.46
    clat percentiles (usec):
     |  1.00th=[   15],  5.00th=[   16], 10.00th=[   16], 20.00th=[   17],
     | 30.00th=[   18], 40.00th=[   18], 50.00th=[   19], 60.00th=[   21],
     | 70.00th=[   25], 80.00th=[   30], 90.00th=[   39], 95.00th=[   49],
     | 99.00th=[   76], 99.50th=[   86], 99.90th=[  108], 99.95th=[  116],
     | 99.99th=[  141]
   bw (  KiB/s): min=59882, max=286617, per=100.00%, avg=106923.44, stdev=2796.22, samples=278
   iops        : min=14968, max=71653, avg=26730.32, stdev=699.04, samples=278
  cpu          : usr=96.75%, sys=3.05%, ctx=806, majf=0, minf=0
  IO depths    : 1=100.0%, 2=0.0%, 4=0.0%, 8=0.0%, 16=0.0%, 32=0.0%, >=64=0.0%
     submit    : 0=0.0%, 4=100.0%, 8=0.0%, 16=0.0%, 32=0.0%, 64=0.0%, >=64=0.0%
     complete  : 0=0.0%, 4=100.0%, 8=0.0%, 16=0.0%, 32=0.0%, 64=0.0%, >=64=0.0%
     issued rwts: total=192000,0,0,0 short=0,0,0,0 dropped=0,0,0,0
     latency   : target=0, window=0, percentile=100.00%, depth=1

Run status group 0 (all jobs):
   READ: bw=101MiB/s (106MB/s), 101MiB/s-101MiB/s (106MB/s-106MB/s), io=750MiB (786MB), run=7414-7414msec
