create: (g=0): rw=read, bs=(R) 4096B-4096B, (W) 4096B-4096B, (T) 4096B-4096B, ioengine=filecreate, iodepth=1
...
fio-3.41
Starting 52 threads

create: (groupid=0, jobs=52): err= 0: pid=452352: Thu Mar 12 23:53:51 2026
  read: IOPS=33.0k, BW=129MiB/s (135MB/s)(1625MiB/12597msec)
    clat (usec): min=9, max=10166, avg=82.79, stdev=111.74
    clat percentiles (usec):
     |  1.00th=[   15],  5.00th=[   18], 10.00th=[   21], 20.00th=[   28],
     | 30.00th=[   35], 40.00th=[   45], 50.00th=[   58], 60.00th=[   76],
     | 70.00th=[   99], 80.00th=[  131], 90.00th=[  180], 95.00th=[  221],
     | 99.00th=[  302], 99.50th=[  330], 99.90th=[  429], 99.95th=[  775],
     | 99.99th=[ 6783]
   bw (  KiB/s): min=82375, max=565835, per=100.00%, avg=171414.85, stdev=2421.25, samples=931
   iops        : min=20584, max=141451, avg=42851.14, stdev=605.28, samples=931
  cpu          : usr=92.65%, sys=6.94%, ctx=23086, majf=0, minf=0
  IO depths    : 1=100.0%, 2=0.0%, 4=0.0%, 8=0.0%, 16=0.0%, 32=0.0%, >=64=0.0%
     submit    : 0=0.0%, 4=100.0%, 8=0.0%, 16=0.0%, 32=0.0%, 64=0.0%, >=64=0.0%
     complete  : 0=0.0%, 4=100.0%, 8=0.0%, 16=0.0%, 32=0.0%, 64=0.0%, >=64=0.0%
     issued rwts: total=416000,0,0,0 short=0,0,0,0 dropped=0,0,0,0
     latency   : target=0, window=0, percentile=100.00%, depth=1

Run status group 0 (all jobs):
   READ: bw=129MiB/s (135MB/s), 129MiB/s-129MiB/s (135MB/s-135MB/s), io=1625MiB (1704MB), run=12597-12597msec
