create: (g=0): rw=read, bs=(R) 4096B-4096B, (W) 4096B-4096B, (T) 4096B-4096B, ioengine=filecreate, iodepth=1
...
fio-3.41
Starting 4 threads

create: (groupid=0, jobs=4): err= 0: pid=297633: Thu Mar 12 22:36:59 2026
  read: IOPS=9956, BW=38.9MiB/s (40.8MB/s)(125MiB/3214msec)
    clat (usec): min=11, max=208, avg=18.26, stdev= 7.14
    clat percentiles (nsec):
     |  1.00th=[12608],  5.00th=[13376], 10.00th=[13760], 20.00th=[14400],
     | 30.00th=[15040], 40.00th=[15552], 50.00th=[16192], 60.00th=[16768],
     | 70.00th=[18048], 80.00th=[20096], 90.00th=[24960], 95.00th=[29568],
     | 99.00th=[55552], 99.50th=[60672], 99.90th=[76288], 99.95th=[82432],
     | 99.99th=[97792]
   bw (  KiB/s): min=24416, max=62896, per=96.46%, avg=38415.17, stdev=3430.52, samples=21
   iops        : min= 6104, max=15724, avg=9603.67, stdev=857.64, samples=21
  cpu          : usr=94.81%, sys=4.95%, ctx=233, majf=0, minf=0
  IO depths    : 1=100.0%, 2=0.0%, 4=0.0%, 8=0.0%, 16=0.0%, 32=0.0%, >=64=0.0%
     submit    : 0=0.0%, 4=100.0%, 8=0.0%, 16=0.0%, 32=0.0%, 64=0.0%, >=64=0.0%
     complete  : 0=0.0%, 4=100.0%, 8=0.0%, 16=0.0%, 32=0.0%, 64=0.0%, >=64=0.0%
     issued rwts: total=32000,0,0,0 short=0,0,0,0 dropped=0,0,0,0
     latency   : target=0, window=0, percentile=100.00%, depth=1

Run status group 0 (all jobs):
   READ: bw=38.9MiB/s (40.8MB/s), 38.9MiB/s-38.9MiB/s (40.8MB/s-40.8MB/s), io=125MiB (131MB), run=3214-3214msec
