create: (g=0): rw=read, bs=(R) 4096B-4096B, (W) 4096B-4096B, (T) 4096B-4096B, ioengine=filecreate, iodepth=1
...
fio-3.41
Starting 32 threads

create: (groupid=0, jobs=32): err= 0: pid=794325: Fri Mar 13 02:41:34 2026
  read: IOPS=28.9k, BW=113MiB/s (118MB/s)(1000MiB/8869msec)
    clat (usec): min=11, max=4844, avg=30.50, stdev=62.07
    clat percentiles (usec):
     |  1.00th=[   15],  5.00th=[   17], 10.00th=[   18], 20.00th=[   19],
     | 30.00th=[   19], 40.00th=[   21], 50.00th=[   22], 60.00th=[   27],
     | 70.00th=[   32], 80.00th=[   38], 90.00th=[   50], 95.00th=[   65],
     | 99.00th=[   97], 99.50th=[  113], 99.90th=[  169], 99.95th=[ 1090],
     | 99.99th=[ 3130]
   bw (  KiB/s): min=74086, max=417812, per=100.00%, avg=136771.16, stdev=2985.41, samples=420
   iops        : min=18510, max=104452, avg=34191.74, stdev=746.36, samples=420
  cpu          : usr=96.16%, sys=3.48%, ctx=1427, majf=0, minf=0
  IO depths    : 1=100.0%, 2=0.0%, 4=0.0%, 8=0.0%, 16=0.0%, 32=0.0%, >=64=0.0%
     submit    : 0=0.0%, 4=100.0%, 8=0.0%, 16=0.0%, 32=0.0%, 64=0.0%, >=64=0.0%
     complete  : 0=0.0%, 4=100.0%, 8=0.0%, 16=0.0%, 32=0.0%, 64=0.0%, >=64=0.0%
     issued rwts: total=256000,0,0,0 short=0,0,0,0 dropped=0,0,0,0
     latency   : target=0, window=0, percentile=100.00%, depth=1

Run status group 0 (all jobs):
   READ: bw=113MiB/s (118MB/s), 113MiB/s-113MiB/s (118MB/s-118MB/s), io=1000MiB (1049MB), run=8869-8869msec
