create: (g=0): rw=read, bs=(R) 4096B-4096B, (W) 4096B-4096B, (T) 4096B-4096B, ioengine=filecreate, iodepth=1
...
fio-3.41
Starting 32 threads

create: (groupid=0, jobs=32): err= 0: pid=236806: Thu Mar 12 22:07:22 2026
  read: IOPS=29.6k, BW=116MiB/s (121MB/s)(1000MiB/8644msec)
    clat (usec): min=17, max=18851, avg=128.93, stdev=293.71
    clat percentiles (usec):
     |  1.00th=[   24],  5.00th=[   26], 10.00th=[   29], 20.00th=[   35],
     | 30.00th=[   48], 40.00th=[   65], 50.00th=[   88], 60.00th=[  118],
     | 70.00th=[  161], 80.00th=[  221], 90.00th=[  281], 95.00th=[  318],
     | 99.00th=[  375], 99.50th=[  400], 99.90th=[  523], 99.95th=[ 3130],
     | 99.99th=[17695]
   bw (  KiB/s): min=67423, max=355629, per=100.00%, avg=132962.61, stdev=2698.38, samples=442
   iops        : min=16852, max=88906, avg=33239.63, stdev=674.57, samples=442
  cpu          : usr=85.61%, sys=13.53%, ctx=9640, majf=0, minf=0
  IO depths    : 1=100.0%, 2=0.0%, 4=0.0%, 8=0.0%, 16=0.0%, 32=0.0%, >=64=0.0%
     submit    : 0=0.0%, 4=100.0%, 8=0.0%, 16=0.0%, 32=0.0%, 64=0.0%, >=64=0.0%
     complete  : 0=0.0%, 4=100.0%, 8=0.0%, 16=0.0%, 32=0.0%, 64=0.0%, >=64=0.0%
     issued rwts: total=256000,0,0,0 short=0,0,0,0 dropped=0,0,0,0
     latency   : target=0, window=0, percentile=100.00%, depth=1

Run status group 0 (all jobs):
   READ: bw=116MiB/s (121MB/s), 116MiB/s-116MiB/s (121MB/s-121MB/s), io=1000MiB (1049MB), run=8644-8644msec
