create: (g=0): rw=read, bs=(R) 4096B-4096B, (W) 4096B-4096B, (T) 4096B-4096B, ioengine=filecreate, iodepth=1
...
fio-3.41
Starting 24 threads

create: (groupid=0, jobs=24): err= 0: pid=689514: Fri Mar 13 01:50:55 2026
  read: IOPS=21.4k, BW=83.7MiB/s (87.8MB/s)(750MiB/8960msec)
    clat (usec): min=11, max=4302, avg=25.20, stdev=58.49
    clat percentiles (usec):
     |  1.00th=[   15],  5.00th=[   16], 10.00th=[   17], 20.00th=[   18],
     | 30.00th=[   18], 40.00th=[   19], 50.00th=[   20], 60.00th=[   21],
     | 70.00th=[   25], 80.00th=[   30], 90.00th=[   38], 95.00th=[   46],
     | 99.00th=[   74], 99.50th=[   83], 99.90th=[  114], 99.95th=[  169],
     | 99.99th=[ 3294]
   bw (  KiB/s): min=52582, max=312316, per=100.00%, avg=100964.14, stdev=3050.34, samples=311
   iops        : min=13142, max=78078, avg=25240.70, stdev=762.58, samples=311
  cpu          : usr=96.81%, sys=2.86%, ctx=999, majf=0, minf=0
  IO depths    : 1=100.0%, 2=0.0%, 4=0.0%, 8=0.0%, 16=0.0%, 32=0.0%, >=64=0.0%
     submit    : 0=0.0%, 4=100.0%, 8=0.0%, 16=0.0%, 32=0.0%, 64=0.0%, >=64=0.0%
     complete  : 0=0.0%, 4=100.0%, 8=0.0%, 16=0.0%, 32=0.0%, 64=0.0%, >=64=0.0%
     issued rwts: total=192000,0,0,0 short=0,0,0,0 dropped=0,0,0,0
     latency   : target=0, window=0, percentile=100.00%, depth=1

Run status group 0 (all jobs):
   READ: bw=83.7MiB/s (87.8MB/s), 83.7MiB/s-83.7MiB/s (87.8MB/s-87.8MB/s), io=750MiB (786MB), run=8960-8960msec
