create: (g=0): rw=read, bs=(R) 4096B-4096B, (W) 4096B-4096B, (T) 4096B-4096B, ioengine=filecreate, iodepth=1
...
fio-3.41
Starting 44 threads

create: (groupid=0, jobs=44): err= 0: pid=532953: Fri Mar 13 00:33:49 2026
  read: IOPS=30.6k, BW=120MiB/s (125MB/s)(1375MiB/11498msec)
    clat (usec): min=9, max=10123, avg=67.62, stdev=89.71
    clat percentiles (usec):
     |  1.00th=[   14],  5.00th=[   16], 10.00th=[   19], 20.00th=[   23],
     | 30.00th=[   28], 40.00th=[   35], 50.00th=[   43], 60.00th=[   57],
     | 70.00th=[   76], 80.00th=[  105], 90.00th=[  153], 95.00th=[  194],
     | 99.00th=[  277], 99.50th=[  306], 99.90th=[  383], 99.95th=[  644],
     | 99.99th=[ 2999]
   bw (  KiB/s): min=77644, max=511584, per=100.00%, avg=156142.76, stdev=2727.57, samples=689
   iops        : min=19404, max=127896, avg=39035.05, stdev=681.90, samples=689
  cpu          : usr=93.32%, sys=6.33%, ctx=10865, majf=0, minf=0
  IO depths    : 1=100.0%, 2=0.0%, 4=0.0%, 8=0.0%, 16=0.0%, 32=0.0%, >=64=0.0%
     submit    : 0=0.0%, 4=100.0%, 8=0.0%, 16=0.0%, 32=0.0%, 64=0.0%, >=64=0.0%
     complete  : 0=0.0%, 4=100.0%, 8=0.0%, 16=0.0%, 32=0.0%, 64=0.0%, >=64=0.0%
     issued rwts: total=352000,0,0,0 short=0,0,0,0 dropped=0,0,0,0
     latency   : target=0, window=0, percentile=100.00%, depth=1

Run status group 0 (all jobs):
   READ: bw=120MiB/s (125MB/s), 120MiB/s-120MiB/s (125MB/s-125MB/s), io=1375MiB (1442MB), run=11498-11498msec
