create: (g=0): rw=read, bs=(R) 4096B-4096B, (W) 4096B-4096B, (T) 4096B-4096B, ioengine=filecreate, iodepth=1
...
fio-3.41
Starting 24 threads

create: (groupid=0, jobs=24): err= 0: pid=131508: Thu Mar 12 21:15:26 2026
  read: IOPS=25.1k, BW=98.1MiB/s (103MB/s)(750MiB/7643msec)
    clat (usec): min=11, max=6189, avg=27.48, stdev=79.88
    clat percentiles (usec):
     |  1.00th=[   15],  5.00th=[   16], 10.00th=[   17], 20.00th=[   18],
     | 30.00th=[   19], 40.00th=[   19], 50.00th=[   21], 60.00th=[   23],
     | 70.00th=[   28], 80.00th=[   33], 90.00th=[   43], 95.00th=[   55],
     | 99.00th=[   84], 99.50th=[   96], 99.90th=[  130], 99.95th=[  233],
     | 99.99th=[ 4948]
   bw (  KiB/s): min=57137, max=344147, per=100.00%, avg=108066.54, stdev=3660.86, samples=285
   iops        : min=14278, max=86034, avg=27015.75, stdev=915.20, samples=285
  cpu          : usr=96.33%, sys=3.27%, ctx=1657, majf=0, minf=0
  IO depths    : 1=100.0%, 2=0.0%, 4=0.0%, 8=0.0%, 16=0.0%, 32=0.0%, >=64=0.0%
     submit    : 0=0.0%, 4=100.0%, 8=0.0%, 16=0.0%, 32=0.0%, 64=0.0%, >=64=0.0%
     complete  : 0=0.0%, 4=100.0%, 8=0.0%, 16=0.0%, 32=0.0%, 64=0.0%, >=64=0.0%
     issued rwts: total=192000,0,0,0 short=0,0,0,0 dropped=0,0,0,0
     latency   : target=0, window=0, percentile=100.00%, depth=1

Run status group 0 (all jobs):
   READ: bw=98.1MiB/s (103MB/s), 98.1MiB/s-98.1MiB/s (103MB/s-103MB/s), io=750MiB (786MB), run=7643-7643msec
