create: (g=0): rw=read, bs=(R) 4096B-4096B, (W) 4096B-4096B, (T) 4096B-4096B, ioengine=filecreate, iodepth=1
...
fio-3.41
Starting 2 threads

create: (groupid=0, jobs=2): err= 0: pid=200287: Thu Mar 12 21:48:53 2026
  read: IOPS=5936, BW=23.2MiB/s (24.3MB/s)(62.5MiB/2695msec)
    clat (usec): min=12, max=105, avg=18.87, stdev= 6.41
    clat percentiles (nsec):
     |  1.00th=[13248],  5.00th=[14016], 10.00th=[14528], 20.00th=[15296],
     | 30.00th=[15808], 40.00th=[16512], 50.00th=[17024], 60.00th=[17792],
     | 70.00th=[19072], 80.00th=[21376], 90.00th=[24448], 95.00th=[28800],
     | 99.00th=[52480], 99.50th=[60160], 99.90th=[75264], 99.95th=[83456],
     | 99.99th=[90624]
   bw (  KiB/s): min=13080, max=32520, per=84.20%, avg=19996.80, stdev=3658.56, samples=10
   iops        : min= 3270, max= 8130, avg=4999.20, stdev=914.64, samples=10
  cpu          : usr=94.11%, sys=5.46%, ctx=537, majf=0, minf=0
  IO depths    : 1=100.0%, 2=0.0%, 4=0.0%, 8=0.0%, 16=0.0%, 32=0.0%, >=64=0.0%
     submit    : 0=0.0%, 4=100.0%, 8=0.0%, 16=0.0%, 32=0.0%, 64=0.0%, >=64=0.0%
     complete  : 0=0.0%, 4=100.0%, 8=0.0%, 16=0.0%, 32=0.0%, 64=0.0%, >=64=0.0%
     issued rwts: total=16000,0,0,0 short=0,0,0,0 dropped=0,0,0,0
     latency   : target=0, window=0, percentile=100.00%, depth=1

Run status group 0 (all jobs):
   READ: bw=23.2MiB/s (24.3MB/s), 23.2MiB/s-23.2MiB/s (24.3MB/s-24.3MB/s), io=62.5MiB (65.5MB), run=2695-2695msec
