create: (g=0): rw=read, bs=(R) 4096B-4096B, (W) 4096B-4096B, (T) 4096B-4096B, ioengine=filecreate, iodepth=1
fio-3.41
Starting 1 thread

create: (groupid=0, jobs=1): err= 0: pid=477904: Fri Mar 13 00:06:00 2026
  read: IOPS=4968, BW=19.4MiB/s (20.4MB/s)(31.2MiB/1610msec)
    clat (usec): min=8, max=108, avg=13.03, stdev= 4.87
    clat percentiles (usec):
     |  1.00th=[   10],  5.00th=[   10], 10.00th=[   11], 20.00th=[   11],
     | 30.00th=[   11], 40.00th=[   12], 50.00th=[   12], 60.00th=[   13],
     | 70.00th=[   13], 80.00th=[   15], 90.00th=[   18], 95.00th=[   23],
     | 99.00th=[   30], 99.50th=[   36], 99.90th=[   72], 99.95th=[   87],
     | 99.99th=[  109]
   bw (  KiB/s): min=10920, max=25512, per=86.71%, avg=17234.67, stdev=7491.37, samples=3
   iops        : min= 2730, max= 6378, avg=4308.67, stdev=1872.84, samples=3
  cpu          : usr=90.12%, sys=9.45%, ctx=350, majf=0, minf=0
  IO depths    : 1=100.0%, 2=0.0%, 4=0.0%, 8=0.0%, 16=0.0%, 32=0.0%, >=64=0.0%
     submit    : 0=0.0%, 4=100.0%, 8=0.0%, 16=0.0%, 32=0.0%, 64=0.0%, >=64=0.0%
     complete  : 0=0.0%, 4=100.0%, 8=0.0%, 16=0.0%, 32=0.0%, 64=0.0%, >=64=0.0%
     issued rwts: total=8000,0,0,0 short=0,0,0,0 dropped=0,0,0,0
     latency   : target=0, window=0, percentile=100.00%, depth=1

Run status group 0 (all jobs):
   READ: bw=19.4MiB/s (20.4MB/s), 19.4MiB/s-19.4MiB/s (20.4MB/s-20.4MB/s), io=31.2MiB (32.8MB), run=1610-1610msec
