create: (g=0): rw=read, bs=(R) 4096B-4096B, (W) 4096B-4096B, (T) 4096B-4096B, ioengine=filecreate, iodepth=1
...
fio-3.41
Starting 36 threads

create: (groupid=0, jobs=36): err= 0: pid=799362: Fri Mar 13 02:44:06 2026
  read: IOPS=27.3k, BW=107MiB/s (112MB/s)(1125MiB/10553msec)
    clat (usec): min=12, max=8140, avg=36.33, stdev=93.41
    clat percentiles (usec):
     |  1.00th=[   15],  5.00th=[   17], 10.00th=[   18], 20.00th=[   19],
     | 30.00th=[   20], 40.00th=[   22], 50.00th=[   26], 60.00th=[   30],
     | 70.00th=[   36], 80.00th=[   45], 90.00th=[   64], 95.00th=[   85],
     | 99.00th=[  137], 99.50th=[  159], 99.90th=[  239], 99.95th=[ 1745],
     | 99.99th=[ 5800]
   bw (  KiB/s): min=69761, max=409618, per=100.00%, avg=130541.31, stdev=2666.24, samples=530
   iops        : min=17429, max=102402, avg=32633.94, stdev=666.56, samples=530
  cpu          : usr=96.07%, sys=3.50%, ctx=1813, majf=0, minf=0
  IO depths    : 1=100.0%, 2=0.0%, 4=0.0%, 8=0.0%, 16=0.0%, 32=0.0%, >=64=0.0%
     submit    : 0=0.0%, 4=100.0%, 8=0.0%, 16=0.0%, 32=0.0%, 64=0.0%, >=64=0.0%
     complete  : 0=0.0%, 4=100.0%, 8=0.0%, 16=0.0%, 32=0.0%, 64=0.0%, >=64=0.0%
     issued rwts: total=288000,0,0,0 short=0,0,0,0 dropped=0,0,0,0
     latency   : target=0, window=0, percentile=100.00%, depth=1

Run status group 0 (all jobs):
   READ: bw=107MiB/s (112MB/s), 107MiB/s-107MiB/s (112MB/s-112MB/s), io=1125MiB (1180MB), run=10553-10553msec
