create: (g=0): rw=read, bs=(R) 4096B-4096B, (W) 4096B-4096B, (T) 4096B-4096B, ioengine=filecreate, iodepth=1
...
fio-3.41
Starting 64 threads

create: (groupid=0, jobs=64): err= 0: pid=193971: Thu Mar 12 21:45:52 2026
  read: IOPS=33.3k, BW=130MiB/s (136MB/s)(2000MiB/15364msec)
    clat (usec): min=9, max=11962, avg=348.17, stdev=569.17
    clat percentiles (usec):
     |  1.00th=[   22],  5.00th=[   27], 10.00th=[   32], 20.00th=[   48],
     | 30.00th=[   78], 40.00th=[  139], 50.00th=[  258], 60.00th=[  396],
     | 70.00th=[  502], 80.00th=[  611], 90.00th=[  717], 95.00th=[  783],
     | 99.00th=[  906], 99.50th=[  988], 99.90th=[10290], 99.95th=[10552],
     | 99.99th=[11207]
   bw (  KiB/s): min=76599, max=424377, per=100.00%, avg=148529.11, stdev=1388.93, samples=1689
   iops        : min=19141, max=106091, avg=37130.37, stdev=347.21, samples=1689
  cpu          : usr=79.10%, sys=18.64%, ctx=311335, majf=0, minf=0
  IO depths    : 1=100.0%, 2=0.0%, 4=0.0%, 8=0.0%, 16=0.0%, 32=0.0%, >=64=0.0%
     submit    : 0=0.0%, 4=100.0%, 8=0.0%, 16=0.0%, 32=0.0%, 64=0.0%, >=64=0.0%
     complete  : 0=0.0%, 4=100.0%, 8=0.0%, 16=0.0%, 32=0.0%, 64=0.0%, >=64=0.0%
     issued rwts: total=512000,0,0,0 short=0,0,0,0 dropped=0,0,0,0
     latency   : target=0, window=0, percentile=100.00%, depth=1

Run status group 0 (all jobs):
   READ: bw=130MiB/s (136MB/s), 130MiB/s-130MiB/s (136MB/s-136MB/s), io=2000MiB (2097MB), run=15364-15364msec
