create: (g=0): rw=read, bs=(R) 4096B-4096B, (W) 4096B-4096B, (T) 4096B-4096B, ioengine=filecreate, iodepth=1
...
fio-3.41
Starting 36 threads

create: (groupid=0, jobs=36): err= 0: pid=428833: Thu Mar 12 23:42:23 2026
  read: IOPS=31.4k, BW=123MiB/s (128MB/s)(1125MiB/9181msec)
    clat (usec): min=9, max=10233, avg=50.48, stdev=75.74
    clat percentiles (usec):
     |  1.00th=[   14],  5.00th=[   16], 10.00th=[   18], 20.00th=[   20],
     | 30.00th=[   24], 40.00th=[   28], 50.00th=[   34], 60.00th=[   41],
     | 70.00th=[   52], 80.00th=[   73], 90.00th=[  113], 95.00th=[  147],
     | 99.00th=[  208], 99.50th=[  231], 99.90th=[  277], 99.95th=[  310],
     | 99.99th=[  816]
   bw (  KiB/s): min=70117, max=457527, per=100.00%, avg=140640.84, stdev=3047.03, samples=518
   iops        : min=17523, max=114381, avg=35159.72, stdev=761.76, samples=518
  cpu          : usr=94.33%, sys=5.40%, ctx=8458, majf=0, minf=0
  IO depths    : 1=100.0%, 2=0.0%, 4=0.0%, 8=0.0%, 16=0.0%, 32=0.0%, >=64=0.0%
     submit    : 0=0.0%, 4=100.0%, 8=0.0%, 16=0.0%, 32=0.0%, 64=0.0%, >=64=0.0%
     complete  : 0=0.0%, 4=100.0%, 8=0.0%, 16=0.0%, 32=0.0%, 64=0.0%, >=64=0.0%
     issued rwts: total=288000,0,0,0 short=0,0,0,0 dropped=0,0,0,0
     latency   : target=0, window=0, percentile=100.00%, depth=1

Run status group 0 (all jobs):
   READ: bw=123MiB/s (128MB/s), 123MiB/s-123MiB/s (128MB/s-128MB/s), io=1125MiB (1180MB), run=9181-9181msec
