create: (g=0): rw=read, bs=(R) 4096B-4096B, (W) 4096B-4096B, (T) 4096B-4096B, ioengine=filecreate, iodepth=1
...
fio-3.41
Starting 28 threads

create: (groupid=0, jobs=28): err= 0: pid=322392: Thu Mar 12 22:49:45 2026
  read: IOPS=22.8k, BW=88.9MiB/s (93.2MB/s)(875MiB/9843msec)
    clat (usec): min=11, max=3693, avg=27.02, stdev=51.56
    clat percentiles (usec):
     |  1.00th=[   15],  5.00th=[   16], 10.00th=[   17], 20.00th=[   18],
     | 30.00th=[   19], 40.00th=[   20], 50.00th=[   21], 60.00th=[   23],
     | 70.00th=[   28], 80.00th=[   33], 90.00th=[   43], 95.00th=[   55],
     | 99.00th=[   84], 99.50th=[   97], 99.90th=[  139], 99.95th=[  881],
     | 99.99th=[ 2606]
   bw (  KiB/s): min=66145, max=341232, per=100.00%, avg=122966.97, stdev=2857.87, samples=339
   iops        : min=16529, max=85304, avg=30739.92, stdev=714.44, samples=339
  cpu          : usr=96.41%, sys=3.26%, ctx=1131, majf=0, minf=0
  IO depths    : 1=100.0%, 2=0.0%, 4=0.0%, 8=0.0%, 16=0.0%, 32=0.0%, >=64=0.0%
     submit    : 0=0.0%, 4=100.0%, 8=0.0%, 16=0.0%, 32=0.0%, 64=0.0%, >=64=0.0%
     complete  : 0=0.0%, 4=100.0%, 8=0.0%, 16=0.0%, 32=0.0%, 64=0.0%, >=64=0.0%
     issued rwts: total=224000,0,0,0 short=0,0,0,0 dropped=0,0,0,0
     latency   : target=0, window=0, percentile=100.00%, depth=1

Run status group 0 (all jobs):
   READ: bw=88.9MiB/s (93.2MB/s), 88.9MiB/s-88.9MiB/s (93.2MB/s-93.2MB/s), io=875MiB (918MB), run=9843-9843msec
