create: (g=0): rw=read, bs=(R) 4096B-4096B, (W) 4096B-4096B, (T) 4096B-4096B, ioengine=filecreate, iodepth=1
...
fio-3.41
Starting 44 threads

create: (groupid=0, jobs=44): err= 0: pid=64625: Thu Mar 12 20:42:33 2026
  read: IOPS=34.8k, BW=136MiB/s (143MB/s)(1375MiB/10106msec)
    clat (usec): min=12, max=10410, avg=93.39, stdev=205.18
    clat percentiles (usec):
     |  1.00th=[   17],  5.00th=[   18], 10.00th=[   20], 20.00th=[   26],
     | 30.00th=[   30], 40.00th=[   38], 50.00th=[   50], 60.00th=[   70],
     | 70.00th=[  104], 80.00th=[  159], 90.00th=[  225], 95.00th=[  265],
     | 99.00th=[  334], 99.50th=[  363], 99.90th=[ 1926], 99.95th=[ 3982],
     | 99.99th=[10159]
   bw (  KiB/s): min=72944, max=485624, per=100.00%, avg=149065.52, stdev=2456.72, samples=721
   iops        : min=18229, max=121401, avg=37263.98, stdev=614.15, samples=721
  cpu          : usr=91.10%, sys=8.15%, ctx=30049, majf=0, minf=0
  IO depths    : 1=100.0%, 2=0.0%, 4=0.0%, 8=0.0%, 16=0.0%, 32=0.0%, >=64=0.0%
     submit    : 0=0.0%, 4=100.0%, 8=0.0%, 16=0.0%, 32=0.0%, 64=0.0%, >=64=0.0%
     complete  : 0=0.0%, 4=100.0%, 8=0.0%, 16=0.0%, 32=0.0%, 64=0.0%, >=64=0.0%
     issued rwts: total=352000,0,0,0 short=0,0,0,0 dropped=0,0,0,0
     latency   : target=0, window=0, percentile=100.00%, depth=1

Run status group 0 (all jobs):
   READ: bw=136MiB/s (143MB/s), 136MiB/s-136MiB/s (143MB/s-143MB/s), io=1375MiB (1442MB), run=10106-10106msec
