create: (g=0): rw=read, bs=(R) 4096B-4096B, (W) 4096B-4096B, (T) 4096B-4096B, ioengine=filecreate, iodepth=1
...
fio-3.41
Starting 28 threads

create: (groupid=0, jobs=28): err= 0: pid=510319: Fri Mar 13 00:22:41 2026
  read: IOPS=23.5k, BW=91.6MiB/s (96.1MB/s)(875MiB/9550msec)
    clat (usec): min=17, max=23996, avg=64.32, stdev=311.27
    clat percentiles (usec):
     |  1.00th=[   21],  5.00th=[   24], 10.00th=[   25], 20.00th=[   28],
     | 30.00th=[   30], 40.00th=[   36], 50.00th=[   45], 60.00th=[   55],
     | 70.00th=[   69], 80.00th=[   88], 90.00th=[  120], 95.00th=[  149],
     | 99.00th=[  206], 99.50th=[  231], 99.90th=[  302], 99.95th=[ 1188],
     | 99.99th=[22938]
   bw (  KiB/s): min=63673, max=318193, per=100.00%, avg=114731.81, stdev=2457.89, samples=376
   iops        : min=15909, max=79547, avg=28682.25, stdev=614.48, samples=376
  cpu          : usr=92.61%, sys=6.63%, ctx=2838, majf=0, minf=0
  IO depths    : 1=100.0%, 2=0.0%, 4=0.0%, 8=0.0%, 16=0.0%, 32=0.0%, >=64=0.0%
     submit    : 0=0.0%, 4=100.0%, 8=0.0%, 16=0.0%, 32=0.0%, 64=0.0%, >=64=0.0%
     complete  : 0=0.0%, 4=100.0%, 8=0.0%, 16=0.0%, 32=0.0%, 64=0.0%, >=64=0.0%
     issued rwts: total=224000,0,0,0 short=0,0,0,0 dropped=0,0,0,0
     latency   : target=0, window=0, percentile=100.00%, depth=1

Run status group 0 (all jobs):
   READ: bw=91.6MiB/s (96.1MB/s), 91.6MiB/s-91.6MiB/s (96.1MB/s-96.1MB/s), io=875MiB (918MB), run=9550-9550msec
