create: (g=0): rw=read, bs=(R) 4096B-4096B, (W) 4096B-4096B, (T) 4096B-4096B, ioengine=filecreate, iodepth=1
...
fio-3.41
Starting 32 threads

create: (groupid=0, jobs=32): err= 0: pid=514360: Fri Mar 13 00:24:43 2026
  read: IOPS=28.0k, BW=109MiB/s (115MB/s)(1000MiB/9134msec)
    clat (usec): min=10, max=985, avg=25.07, stdev=14.41
    clat percentiles (usec):
     |  1.00th=[   14],  5.00th=[   16], 10.00th=[   16], 20.00th=[   17],
     | 30.00th=[   18], 40.00th=[   19], 50.00th=[   20], 60.00th=[   22],
     | 70.00th=[   27], 80.00th=[   32], 90.00th=[   41], 95.00th=[   52],
     | 99.00th=[   80], 99.50th=[   91], 99.90th=[  121], 99.95th=[  135],
     | 99.99th=[  182]
   bw (  KiB/s): min=78116, max=341531, per=100.00%, avg=132357.47, stdev=2302.26, samples=406
   iops        : min=19520, max=85381, avg=33088.09, stdev=575.56, samples=406
  cpu          : usr=96.81%, sys=2.98%, ctx=1610, majf=0, minf=0
  IO depths    : 1=100.0%, 2=0.0%, 4=0.0%, 8=0.0%, 16=0.0%, 32=0.0%, >=64=0.0%
     submit    : 0=0.0%, 4=100.0%, 8=0.0%, 16=0.0%, 32=0.0%, 64=0.0%, >=64=0.0%
     complete  : 0=0.0%, 4=100.0%, 8=0.0%, 16=0.0%, 32=0.0%, 64=0.0%, >=64=0.0%
     issued rwts: total=256000,0,0,0 short=0,0,0,0 dropped=0,0,0,0
     latency   : target=0, window=0, percentile=100.00%, depth=1

Run status group 0 (all jobs):
   READ: bw=109MiB/s (115MB/s), 109MiB/s-109MiB/s (115MB/s-115MB/s), io=1000MiB (1049MB), run=9134-9134msec
