create: (g=0): rw=read, bs=(R) 4096B-4096B, (W) 4096B-4096B, (T) 4096B-4096B, ioengine=filecreate, iodepth=1
...
fio-3.41
Starting 4 threads

create: (groupid=0, jobs=4): err= 0: pid=389507: Thu Mar 12 23:22:26 2026
  read: IOPS=9959, BW=38.9MiB/s (40.8MB/s)(125MiB/3213msec)
    clat (usec): min=11, max=225, avg=18.16, stdev= 6.87
    clat percentiles (usec):
     |  1.00th=[   13],  5.00th=[   14], 10.00th=[   15], 20.00th=[   15],
     | 30.00th=[   16], 40.00th=[   16], 50.00th=[   17], 60.00th=[   18],
     | 70.00th=[   18], 80.00th=[   20], 90.00th=[   25], 95.00th=[   29],
     | 99.00th=[   57], 99.50th=[   62], 99.90th=[   76], 99.95th=[   92],
     | 99.99th=[  127]
   bw (  KiB/s): min=24568, max=63592, per=96.84%, avg=38580.33, stdev=3502.94, samples=21
   iops        : min= 6142, max=15898, avg=9644.83, stdev=875.75, samples=21
  cpu          : usr=94.81%, sys=4.94%, ctx=233, majf=0, minf=0
  IO depths    : 1=100.0%, 2=0.0%, 4=0.0%, 8=0.0%, 16=0.0%, 32=0.0%, >=64=0.0%
     submit    : 0=0.0%, 4=100.0%, 8=0.0%, 16=0.0%, 32=0.0%, 64=0.0%, >=64=0.0%
     complete  : 0=0.0%, 4=100.0%, 8=0.0%, 16=0.0%, 32=0.0%, 64=0.0%, >=64=0.0%
     issued rwts: total=32000,0,0,0 short=0,0,0,0 dropped=0,0,0,0
     latency   : target=0, window=0, percentile=100.00%, depth=1

Run status group 0 (all jobs):
   READ: bw=38.9MiB/s (40.8MB/s), 38.9MiB/s-38.9MiB/s (40.8MB/s-40.8MB/s), io=125MiB (131MB), run=3213-3213msec
