create: (g=0): rw=read, bs=(R) 4096B-4096B, (W) 4096B-4096B, (T) 4096B-4096B, ioengine=filecreate, iodepth=1
...
fio-3.41
Starting 64 threads

create: (groupid=0, jobs=64): err= 0: pid=98335: Thu Mar 12 20:58:35 2026
  read: IOPS=32.5k, BW=127MiB/s (133MB/s)(2000MiB/15747msec)
    clat (usec): min=11, max=54719, avg=257.98, stdev=554.45
    clat percentiles (usec):
     |  1.00th=[   16],  5.00th=[   20], 10.00th=[   25], 20.00th=[   29],
     | 30.00th=[   40], 40.00th=[   60], 50.00th=[  117], 60.00th=[  285],
     | 70.00th=[  412], 80.00th=[  494], 90.00th=[  586], 95.00th=[  652],
     | 99.00th=[  766], 99.50th=[  807], 99.90th=[ 9765], 99.95th=[10421],
     | 99.99th=[10814]
   bw (  KiB/s): min=79024, max=489519, per=100.00%, avg=153699.36, stdev=1635.48, samples=1591
   iops        : min=19740, max=122377, avg=38422.91, stdev=408.87, samples=1591
  cpu          : usr=83.58%, sys=14.79%, ctx=205927, majf=0, minf=0
  IO depths    : 1=100.0%, 2=0.0%, 4=0.0%, 8=0.0%, 16=0.0%, 32=0.0%, >=64=0.0%
     submit    : 0=0.0%, 4=100.0%, 8=0.0%, 16=0.0%, 32=0.0%, 64=0.0%, >=64=0.0%
     complete  : 0=0.0%, 4=100.0%, 8=0.0%, 16=0.0%, 32=0.0%, 64=0.0%, >=64=0.0%
     issued rwts: total=512000,0,0,0 short=0,0,0,0 dropped=0,0,0,0
     latency   : target=0, window=0, percentile=100.00%, depth=1

Run status group 0 (all jobs):
   READ: bw=127MiB/s (133MB/s), 127MiB/s-127MiB/s (133MB/s-133MB/s), io=2000MiB (2097MB), run=15747-15747msec
