create: (g=0): rw=read, bs=(R) 4096B-4096B, (W) 4096B-4096B, (T) 4096B-4096B, ioengine=filecreate, iodepth=1
...
fio-3.41
Starting 24 threads

create: (groupid=0, jobs=24): err= 0: pid=599828: Fri Mar 13 01:06:32 2026
  read: IOPS=25.8k, BW=101MiB/s (106MB/s)(750MiB/7440msec)
    clat (usec): min=9, max=462, avg=31.96, stdev=25.45
    clat percentiles (usec):
     |  1.00th=[   13],  5.00th=[   15], 10.00th=[   16], 20.00th=[   17],
     | 30.00th=[   18], 40.00th=[   21], 50.00th=[   24], 60.00th=[   27],
     | 70.00th=[   32], 80.00th=[   41], 90.00th=[   60], 95.00th=[   87],
     | 99.00th=[  139], 99.50th=[  157], 99.90th=[  200], 99.95th=[  219],
     | 99.99th=[  262]
   bw (  KiB/s): min=63185, max=295627, per=100.00%, avg=115762.22, stdev=2988.23, samples=256
   iops        : min=15792, max=73906, avg=28939.82, stdev=747.06, samples=256
  cpu          : usr=95.28%, sys=4.51%, ctx=1265, majf=0, minf=0
  IO depths    : 1=100.0%, 2=0.0%, 4=0.0%, 8=0.0%, 16=0.0%, 32=0.0%, >=64=0.0%
     submit    : 0=0.0%, 4=100.0%, 8=0.0%, 16=0.0%, 32=0.0%, 64=0.0%, >=64=0.0%
     complete  : 0=0.0%, 4=100.0%, 8=0.0%, 16=0.0%, 32=0.0%, 64=0.0%, >=64=0.0%
     issued rwts: total=192000,0,0,0 short=0,0,0,0 dropped=0,0,0,0
     latency   : target=0, window=0, percentile=100.00%, depth=1

Run status group 0 (all jobs):
   READ: bw=101MiB/s (106MB/s), 101MiB/s-101MiB/s (106MB/s-106MB/s), io=750MiB (786MB), run=7440-7440msec
