create: (g=0): rw=read, bs=(R) 4096B-4096B, (W) 4096B-4096B, (T) 4096B-4096B, ioengine=filecreate, iodepth=1
...
fio-3.41
Starting 2 threads

create: (groupid=0, jobs=2): err= 0: pid=479849: Fri Mar 13 00:07:04 2026
  read: IOPS=6076, BW=23.7MiB/s (24.9MB/s)(62.5MiB/2633msec)
    clat (usec): min=9, max=213, avg=16.51, stdev= 5.86
    clat percentiles (usec):
     |  1.00th=[   12],  5.00th=[   13], 10.00th=[   13], 20.00th=[   14],
     | 30.00th=[   15], 40.00th=[   15], 50.00th=[   16], 60.00th=[   16],
     | 70.00th=[   17], 80.00th=[   18], 90.00th=[   20], 95.00th=[   26],
     | 99.00th=[   49], 99.50th=[   55], 99.90th=[   70], 99.95th=[   84],
     | 99.99th=[  102]
   bw (  KiB/s): min=13328, max=33728, per=83.92%, avg=20398.40, stdev=4244.00, samples=9
   iops        : min= 3332, max= 8432, avg=5099.60, stdev=1061.00, samples=9
  cpu          : usr=94.55%, sys=5.09%, ctx=509, majf=0, minf=0
  IO depths    : 1=100.0%, 2=0.0%, 4=0.0%, 8=0.0%, 16=0.0%, 32=0.0%, >=64=0.0%
     submit    : 0=0.0%, 4=100.0%, 8=0.0%, 16=0.0%, 32=0.0%, 64=0.0%, >=64=0.0%
     complete  : 0=0.0%, 4=100.0%, 8=0.0%, 16=0.0%, 32=0.0%, 64=0.0%, >=64=0.0%
     issued rwts: total=16000,0,0,0 short=0,0,0,0 dropped=0,0,0,0
     latency   : target=0, window=0, percentile=100.00%, depth=1

Run status group 0 (all jobs):
   READ: bw=23.7MiB/s (24.9MB/s), 23.7MiB/s-23.7MiB/s (24.9MB/s-24.9MB/s), io=62.5MiB (65.5MB), run=2633-2633msec
