create: (g=0): rw=read, bs=(R) 4096B-4096B, (W) 4096B-4096B, (T) 4096B-4096B, ioengine=filecreate, iodepth=1
...
fio-3.41
Starting 4 threads

create: (groupid=0, jobs=4): err= 0: pid=299749: Thu Mar 12 22:38:07 2026
  read: IOPS=8590, BW=33.6MiB/s (35.2MB/s)(125MiB/3725msec)
    clat (usec): min=15, max=1406, avg=29.08, stdev=26.59
    clat percentiles (usec):
     |  1.00th=[   19],  5.00th=[   21], 10.00th=[   23], 20.00th=[   24],
     | 30.00th=[   25], 40.00th=[   25], 50.00th=[   27], 60.00th=[   28],
     | 70.00th=[   30], 80.00th=[   32], 90.00th=[   39], 95.00th=[   45],
     | 99.00th=[   58], 99.50th=[   65], 99.90th=[  182], 99.95th=[  816],
     | 99.99th=[ 1254]
   bw (  KiB/s): min=24224, max=67848, per=100.00%, avg=37614.36, stdev=4222.87, samples=22
   iops        : min= 6056, max=16962, avg=9403.45, stdev=1055.69, samples=22
  cpu          : usr=92.26%, sys=7.36%, ctx=268, majf=0, minf=0
  IO depths    : 1=100.0%, 2=0.0%, 4=0.0%, 8=0.0%, 16=0.0%, 32=0.0%, >=64=0.0%
     submit    : 0=0.0%, 4=100.0%, 8=0.0%, 16=0.0%, 32=0.0%, 64=0.0%, >=64=0.0%
     complete  : 0=0.0%, 4=100.0%, 8=0.0%, 16=0.0%, 32=0.0%, 64=0.0%, >=64=0.0%
     issued rwts: total=32000,0,0,0 short=0,0,0,0 dropped=0,0,0,0
     latency   : target=0, window=0, percentile=100.00%, depth=1

Run status group 0 (all jobs):
   READ: bw=33.6MiB/s (35.2MB/s), 33.6MiB/s-33.6MiB/s (35.2MB/s-35.2MB/s), io=125MiB (131MB), run=3725-3725msec
