create: (g=0): rw=read, bs=(R) 4096B-4096B, (W) 4096B-4096B, (T) 4096B-4096B, ioengine=filecreate, iodepth=1
...
fio-3.41
Starting 40 threads

create: (groupid=0, jobs=40): err= 0: pid=432077: Thu Mar 12 23:44:00 2026
  read: IOPS=30.9k, BW=121MiB/s (126MB/s)(1250MiB/10371msec)
    clat (usec): min=11, max=3504, avg=37.01, stdev=27.00
    clat percentiles (usec):
     |  1.00th=[   14],  5.00th=[   16], 10.00th=[   17], 20.00th=[   19],
     | 30.00th=[   21], 40.00th=[   25], 50.00th=[   28], 60.00th=[   34],
     | 70.00th=[   41], 80.00th=[   51], 90.00th=[   72], 95.00th=[   91],
     | 99.00th=[  133], 99.50th=[  151], 99.90th=[  196], 99.95th=[  217],
     | 99.99th=[  322]
   bw (  KiB/s): min=71286, max=493686, per=100.00%, avg=145442.24, stdev=3083.91, samples=603
   iops        : min=17813, max=123421, avg=36359.83, stdev=770.98, samples=603
  cpu          : usr=96.07%, sys=3.71%, ctx=2540, majf=0, minf=0
  IO depths    : 1=100.0%, 2=0.0%, 4=0.0%, 8=0.0%, 16=0.0%, 32=0.0%, >=64=0.0%
     submit    : 0=0.0%, 4=100.0%, 8=0.0%, 16=0.0%, 32=0.0%, 64=0.0%, >=64=0.0%
     complete  : 0=0.0%, 4=100.0%, 8=0.0%, 16=0.0%, 32=0.0%, 64=0.0%, >=64=0.0%
     issued rwts: total=320000,0,0,0 short=0,0,0,0 dropped=0,0,0,0
     latency   : target=0, window=0, percentile=100.00%, depth=1

Run status group 0 (all jobs):
   READ: bw=121MiB/s (126MB/s), 121MiB/s-121MiB/s (126MB/s-126MB/s), io=1250MiB (1311MB), run=10371-10371msec
