create: (g=0): rw=read, bs=(R) 4096B-4096B, (W) 4096B-4096B, (T) 4096B-4096B, ioengine=filecreate, iodepth=1
...
fio-3.41
Starting 16 threads

create: (groupid=0, jobs=16): err= 0: pid=404864: Thu Mar 12 23:30:26 2026
  read: IOPS=19.5k, BW=76.1MiB/s (79.8MB/s)(500MiB/6571msec)
    clat (usec): min=17, max=315644, avg=99.96, stdev=2824.13
    clat percentiles (usec):
     |  1.00th=[   22],  5.00th=[   26], 10.00th=[   28], 20.00th=[   31],
     | 30.00th=[   34], 40.00th=[   38], 50.00th=[   46], 60.00th=[   57],
     | 70.00th=[   71], 80.00th=[   94], 90.00th=[  128], 95.00th=[  155],
     | 99.00th=[  204], 99.50th=[  231], 99.90th=[ 1434], 99.95th=[15139],
     | 99.99th=[24773]
   bw (  KiB/s): min=55180, max=193239, per=100.00%, avg=90674.88, stdev=2576.92, samples=164
   iops        : min=13794, max=48309, avg=22668.28, stdev=644.22, samples=164
  cpu          : usr=84.99%, sys=9.34%, ctx=3464, majf=0, minf=0
  IO depths    : 1=100.0%, 2=0.0%, 4=0.0%, 8=0.0%, 16=0.0%, 32=0.0%, >=64=0.0%
     submit    : 0=0.0%, 4=100.0%, 8=0.0%, 16=0.0%, 32=0.0%, 64=0.0%, >=64=0.0%
     complete  : 0=0.0%, 4=100.0%, 8=0.0%, 16=0.0%, 32=0.0%, 64=0.0%, >=64=0.0%
     issued rwts: total=128000,0,0,0 short=0,0,0,0 dropped=0,0,0,0
     latency   : target=0, window=0, percentile=100.00%, depth=1

Run status group 0 (all jobs):
   READ: bw=76.1MiB/s (79.8MB/s), 76.1MiB/s-76.1MiB/s (79.8MB/s-79.8MB/s), io=500MiB (524MB), run=6571-6571msec
