create: (g=0): rw=read, bs=(R) 4096B-4096B, (W) 4096B-4096B, (T) 4096B-4096B, ioengine=filecreate, iodepth=1
...
fio-3.41
Starting 20 threads

create: (groupid=0, jobs=20): err= 0: pid=502410: Fri Mar 13 00:18:43 2026
  read: IOPS=18.5k, BW=72.3MiB/s (75.8MB/s)(625MiB/8644msec)
    clat (usec): min=18, max=333918, avg=158.47, stdev=3429.78
    clat percentiles (usec):
     |  1.00th=[   24],  5.00th=[   27], 10.00th=[   29], 20.00th=[   32],
     | 30.00th=[   37], 40.00th=[   48], 50.00th=[   62], 60.00th=[   84],
     | 70.00th=[  116], 80.00th=[  153], 90.00th=[  200], 95.00th=[  237],
     | 99.00th=[  318], 99.50th=[  445], 99.90th=[21103], 99.95th=[25035],
     | 99.99th=[31327]
   bw (  KiB/s): min=43847, max=260183, per=100.00%, avg=87743.15, stdev=3236.20, samples=265
   iops        : min=10954, max=65044, avg=21934.32, stdev=809.04, samples=265
  cpu          : usr=82.03%, sys=9.97%, ctx=13664, majf=0, minf=0
  IO depths    : 1=100.0%, 2=0.0%, 4=0.0%, 8=0.0%, 16=0.0%, 32=0.0%, >=64=0.0%
     submit    : 0=0.0%, 4=100.0%, 8=0.0%, 16=0.0%, 32=0.0%, 64=0.0%, >=64=0.0%
     complete  : 0=0.0%, 4=100.0%, 8=0.0%, 16=0.0%, 32=0.0%, 64=0.0%, >=64=0.0%
     issued rwts: total=160000,0,0,0 short=0,0,0,0 dropped=0,0,0,0
     latency   : target=0, window=0, percentile=100.00%, depth=1

Run status group 0 (all jobs):
   READ: bw=72.3MiB/s (75.8MB/s), 72.3MiB/s-72.3MiB/s (75.8MB/s-75.8MB/s), io=625MiB (655MB), run=8644-8644msec
