create: (g=0): rw=read, bs=(R) 4096B-4096B, (W) 4096B-4096B, (T) 4096B-4096B, ioengine=filecreate, iodepth=1
...
fio-3.41
Starting 48 threads

create: (groupid=0, jobs=48): err= 0: pid=819630: Fri Mar 13 02:53:57 2026
  read: IOPS=35.0k, BW=137MiB/s (143MB/s)(1500MiB/10970msec)
    clat (usec): min=9, max=10531, avg=100.10, stdev=237.75
    clat percentiles (usec):
     |  1.00th=[   14],  5.00th=[   17], 10.00th=[   21], 20.00th=[   28],
     | 30.00th=[   36], 40.00th=[   47], 50.00th=[   62], 60.00th=[   84],
     | 70.00th=[  115], 80.00th=[  157], 90.00th=[  221], 95.00th=[  273],
     | 99.00th=[  359], 99.50th=[  392], 99.90th=[ 1500], 99.95th=[ 6980],
     | 99.99th=[10159]
   bw (  KiB/s): min=78729, max=499658, per=100.00%, avg=160244.56, stdev=2389.69, samples=810
   iops        : min=19676, max=124912, avg=40059.06, stdev=597.41, samples=810
  cpu          : usr=90.56%, sys=8.56%, ctx=57711, majf=0, minf=0
  IO depths    : 1=100.0%, 2=0.0%, 4=0.0%, 8=0.0%, 16=0.0%, 32=0.0%, >=64=0.0%
     submit    : 0=0.0%, 4=100.0%, 8=0.0%, 16=0.0%, 32=0.0%, 64=0.0%, >=64=0.0%
     complete  : 0=0.0%, 4=100.0%, 8=0.0%, 16=0.0%, 32=0.0%, 64=0.0%, >=64=0.0%
     issued rwts: total=384000,0,0,0 short=0,0,0,0 dropped=0,0,0,0
     latency   : target=0, window=0, percentile=100.00%, depth=1

Run status group 0 (all jobs):
   READ: bw=137MiB/s (143MB/s), 137MiB/s-137MiB/s (143MB/s-143MB/s), io=1500MiB (1573MB), run=10970-10970msec
