create: (g=0): rw=read, bs=(R) 4096B-4096B, (W) 4096B-4096B, (T) 4096B-4096B, ioengine=filecreate, iodepth=1
...
fio-3.41
Starting 20 threads

create: (groupid=0, jobs=20): err= 0: pid=595897: Fri Mar 13 01:04:37 2026
  read: IOPS=17.5k, BW=68.5MiB/s (71.9MB/s)(625MiB/9121msec)
    clat (usec): min=15, max=337641, avg=131.06, stdev=3327.34
    clat percentiles (usec):
     |  1.00th=[   23],  5.00th=[   27], 10.00th=[   29], 20.00th=[   32],
     | 30.00th=[   35], 40.00th=[   39], 50.00th=[   49], 60.00th=[   60],
     | 70.00th=[   77], 80.00th=[  108], 90.00th=[  169], 95.00th=[  217],
     | 99.00th=[  297], 99.50th=[  383], 99.90th=[15664], 99.95th=[21627],
     | 99.99th=[26608]
   bw (  KiB/s): min=45696, max=231120, per=100.00%, avg=84725.68, stdev=2761.02, samples=268
   iops        : min=11421, max=57782, avg=21181.27, stdev=690.29, samples=268
  cpu          : usr=84.76%, sys=8.43%, ctx=6912, majf=0, minf=0
  IO depths    : 1=100.0%, 2=0.0%, 4=0.0%, 8=0.0%, 16=0.0%, 32=0.0%, >=64=0.0%
     submit    : 0=0.0%, 4=100.0%, 8=0.0%, 16=0.0%, 32=0.0%, 64=0.0%, >=64=0.0%
     complete  : 0=0.0%, 4=100.0%, 8=0.0%, 16=0.0%, 32=0.0%, 64=0.0%, >=64=0.0%
     issued rwts: total=160000,0,0,0 short=0,0,0,0 dropped=0,0,0,0
     latency   : target=0, window=0, percentile=100.00%, depth=1

Run status group 0 (all jobs):
   READ: bw=68.5MiB/s (71.9MB/s), 68.5MiB/s-68.5MiB/s (71.9MB/s-71.9MB/s), io=625MiB (655MB), run=9121-9121msec
