create: (g=0): rw=read, bs=(R) 4096B-4096B, (W) 4096B-4096B, (T) 4096B-4096B, ioengine=filecreate, iodepth=1
...
fio-3.41
Starting 40 threads

create: (groupid=0, jobs=40): err= 0: pid=897781: Fri Mar 13 03:32:40 2026
  read: IOPS=30.9k, BW=121MiB/s (126MB/s)(1250MiB/10368msec)
    clat (usec): min=11, max=6845, avg=43.24, stdev=102.25
    clat percentiles (usec):
     |  1.00th=[   16],  5.00th=[   17], 10.00th=[   18], 20.00th=[   20],
     | 30.00th=[   23], 40.00th=[   26], 50.00th=[   30], 60.00th=[   35],
     | 70.00th=[   43], 80.00th=[   55], 90.00th=[   80], 95.00th=[  108],
     | 99.00th=[  169], 99.50th=[  196], 99.90th=[  289], 99.95th=[ 2245],
     | 99.99th=[ 5538]
   bw (  KiB/s): min=72866, max=458985, per=100.00%, avg=148456.74, stdev=2701.75, samples=592
   iops        : min=18209, max=114745, avg=37113.05, stdev=675.43, samples=592
  cpu          : usr=95.38%, sys=4.14%, ctx=2466, majf=0, minf=0
  IO depths    : 1=100.0%, 2=0.0%, 4=0.0%, 8=0.0%, 16=0.0%, 32=0.0%, >=64=0.0%
     submit    : 0=0.0%, 4=100.0%, 8=0.0%, 16=0.0%, 32=0.0%, 64=0.0%, >=64=0.0%
     complete  : 0=0.0%, 4=100.0%, 8=0.0%, 16=0.0%, 32=0.0%, 64=0.0%, >=64=0.0%
     issued rwts: total=320000,0,0,0 short=0,0,0,0 dropped=0,0,0,0
     latency   : target=0, window=0, percentile=100.00%, depth=1

Run status group 0 (all jobs):
   READ: bw=121MiB/s (126MB/s), 121MiB/s-121MiB/s (126MB/s-126MB/s), io=1250MiB (1311MB), run=10368-10368msec
