create: (g=0): rw=read, bs=(R) 4096B-4096B, (W) 4096B-4096B, (T) 4096B-4096B, ioengine=filecreate, iodepth=1
...
fio-3.41
Starting 32 threads

create: (groupid=0, jobs=32): err= 0: pid=607654: Fri Mar 13 01:10:29 2026
  read: IOPS=28.6k, BW=112MiB/s (117MB/s)(1000MiB/8955msec)
    clat (usec): min=11, max=849, avg=28.52, stdev=18.63
    clat percentiles (usec):
     |  1.00th=[   15],  5.00th=[   16], 10.00th=[   16], 20.00th=[   18],
     | 30.00th=[   18], 40.00th=[   19], 50.00th=[   21], 60.00th=[   25],
     | 70.00th=[   30], 80.00th=[   37], 90.00th=[   51], 95.00th=[   67],
     | 99.00th=[   99], 99.50th=[  115], 99.90th=[  155], 99.95th=[  172],
     | 99.99th=[  219]
   bw (  KiB/s): min=84719, max=376205, per=100.00%, avg=147332.70, stdev=2824.95, samples=362
   iops        : min=21174, max=94050, avg=36832.16, stdev=706.24, samples=362
  cpu          : usr=96.21%, sys=3.58%, ctx=1268, majf=0, minf=0
  IO depths    : 1=100.0%, 2=0.0%, 4=0.0%, 8=0.0%, 16=0.0%, 32=0.0%, >=64=0.0%
     submit    : 0=0.0%, 4=100.0%, 8=0.0%, 16=0.0%, 32=0.0%, 64=0.0%, >=64=0.0%
     complete  : 0=0.0%, 4=100.0%, 8=0.0%, 16=0.0%, 32=0.0%, 64=0.0%, >=64=0.0%
     issued rwts: total=256000,0,0,0 short=0,0,0,0 dropped=0,0,0,0
     latency   : target=0, window=0, percentile=100.00%, depth=1

Run status group 0 (all jobs):
   READ: bw=112MiB/s (117MB/s), 112MiB/s-112MiB/s (117MB/s-117MB/s), io=1000MiB (1049MB), run=8955-8955msec
