create: (g=0): rw=read, bs=(R) 4096B-4096B, (W) 4096B-4096B, (T) 4096B-4096B, ioengine=filecreate, iodepth=1
...
fio-3.41
Starting 52 threads

create: (groupid=0, jobs=52): err= 0: pid=826022: Fri Mar 13 02:56:59 2026
  read: IOPS=33.1k, BW=129MiB/s (135MB/s)(1625MiB/12580msec)
    clat (usec): min=9, max=10570, avg=97.72, stdev=215.18
    clat percentiles (usec):
     |  1.00th=[   14],  5.00th=[   17], 10.00th=[   21], 20.00th=[   27],
     | 30.00th=[   34], 40.00th=[   43], 50.00th=[   58], 60.00th=[   79],
     | 70.00th=[  113], 80.00th=[  159], 90.00th=[  225], 95.00th=[  273],
     | 99.00th=[  371], 99.50th=[  408], 99.90th=[  783], 99.95th=[ 4490],
     | 99.99th=[10290]
   bw (  KiB/s): min=77636, max=550354, per=100.00%, avg=162432.08, stdev=2392.34, samples=978
   iops        : min=19396, max=137584, avg=40606.11, stdev=598.07, samples=978
  cpu          : usr=91.77%, sys=7.53%, ctx=53159, majf=0, minf=0
  IO depths    : 1=100.0%, 2=0.0%, 4=0.0%, 8=0.0%, 16=0.0%, 32=0.0%, >=64=0.0%
     submit    : 0=0.0%, 4=100.0%, 8=0.0%, 16=0.0%, 32=0.0%, 64=0.0%, >=64=0.0%
     complete  : 0=0.0%, 4=100.0%, 8=0.0%, 16=0.0%, 32=0.0%, 64=0.0%, >=64=0.0%
     issued rwts: total=416000,0,0,0 short=0,0,0,0 dropped=0,0,0,0
     latency   : target=0, window=0, percentile=100.00%, depth=1

Run status group 0 (all jobs):
   READ: bw=129MiB/s (135MB/s), 129MiB/s-129MiB/s (135MB/s-135MB/s), io=1625MiB (1704MB), run=12580-12580msec
