create: (g=0): rw=read, bs=(R) 4096B-4096B, (W) 4096B-4096B, (T) 4096B-4096B, ioengine=filecreate, iodepth=1
...
fio-3.41
Starting 28 threads

create: (groupid=0, jobs=28): err= 0: pid=45382: Thu Mar 12 20:33:11 2026
  read: IOPS=22.2k, BW=86.6MiB/s (90.8MB/s)(875MiB/10101msec)
    clat (usec): min=17, max=20536, avg=67.51, stdev=253.13
    clat percentiles (usec):
     |  1.00th=[   21],  5.00th=[   24], 10.00th=[   25], 20.00th=[   28],
     | 30.00th=[   30], 40.00th=[   35], 50.00th=[   43], 60.00th=[   53],
     | 70.00th=[   69], 80.00th=[   92], 90.00th=[  137], 95.00th=[  176],
     | 99.00th=[  249], 99.50th=[  277], 99.90th=[  388], 99.95th=[ 1565],
     | 99.99th=[16909]
   bw (  KiB/s): min=60567, max=343116, per=100.00%, avg=113665.63, stdev=2751.93, samples=389
   iops        : min=15133, max=85778, avg=28415.51, stdev=687.97, samples=389
  cpu          : usr=92.52%, sys=6.80%, ctx=6365, majf=0, minf=0
  IO depths    : 1=100.0%, 2=0.0%, 4=0.0%, 8=0.0%, 16=0.0%, 32=0.0%, >=64=0.0%
     submit    : 0=0.0%, 4=100.0%, 8=0.0%, 16=0.0%, 32=0.0%, 64=0.0%, >=64=0.0%
     complete  : 0=0.0%, 4=100.0%, 8=0.0%, 16=0.0%, 32=0.0%, 64=0.0%, >=64=0.0%
     issued rwts: total=224000,0,0,0 short=0,0,0,0 dropped=0,0,0,0
     latency   : target=0, window=0, percentile=100.00%, depth=1

Run status group 0 (all jobs):
   READ: bw=86.6MiB/s (90.8MB/s), 86.6MiB/s-86.6MiB/s (90.8MB/s-90.8MB/s), io=875MiB (918MB), run=10101-10101msec
