create: (g=0): rw=read, bs=(R) 4096B-4096B, (W) 4096B-4096B, (T) 4096B-4096B, ioengine=filecreate, iodepth=1
...
fio-3.41
Starting 28 threads

create: (groupid=0, jobs=28): err= 0: pid=230650: Thu Mar 12 22:04:21 2026
  read: IOPS=23.2k, BW=90.8MiB/s (95.2MB/s)(875MiB/9640msec)
    clat (usec): min=11, max=1984, avg=24.03, stdev=19.76
    clat percentiles (usec):
     |  1.00th=[   15],  5.00th=[   16], 10.00th=[   16], 20.00th=[   17],
     | 30.00th=[   18], 40.00th=[   19], 50.00th=[   20], 60.00th=[   21],
     | 70.00th=[   25], 80.00th=[   30], 90.00th=[   38], 95.00th=[   47],
     | 99.00th=[   75], 99.50th=[   85], 99.90th=[  113], 99.95th=[  128],
     | 99.99th=[  898]
   bw (  KiB/s): min=57264, max=350768, per=100.00%, avg=106657.27, stdev=2947.84, samples=383
   iops        : min=14310, max=87689, avg=26663.00, stdev=736.95, samples=383
  cpu          : usr=97.13%, sys=2.66%, ctx=1978, majf=0, minf=0
  IO depths    : 1=100.0%, 2=0.0%, 4=0.0%, 8=0.0%, 16=0.0%, 32=0.0%, >=64=0.0%
     submit    : 0=0.0%, 4=100.0%, 8=0.0%, 16=0.0%, 32=0.0%, 64=0.0%, >=64=0.0%
     complete  : 0=0.0%, 4=100.0%, 8=0.0%, 16=0.0%, 32=0.0%, 64=0.0%, >=64=0.0%
     issued rwts: total=224000,0,0,0 short=0,0,0,0 dropped=0,0,0,0
     latency   : target=0, window=0, percentile=100.00%, depth=1

Run status group 0 (all jobs):
   READ: bw=90.8MiB/s (95.2MB/s), 90.8MiB/s-90.8MiB/s (95.2MB/s-95.2MB/s), io=875MiB (918MB), run=9640-9640msec
