create: (g=0): rw=read, bs=(R) 4096B-4096B, (W) 4096B-4096B, (T) 4096B-4096B, ioengine=filecreate, iodepth=1
...
fio-3.41
Starting 28 threads

create: (groupid=0, jobs=28): err= 0: pid=509328: Fri Mar 13 00:22:11 2026
  read: IOPS=23.4k, BW=91.2MiB/s (95.7MB/s)(875MiB/9589msec)
    clat (usec): min=11, max=482, avg=23.63, stdev=12.05
    clat percentiles (usec):
     |  1.00th=[   14],  5.00th=[   16], 10.00th=[   16], 20.00th=[   17],
     | 30.00th=[   18], 40.00th=[   19], 50.00th=[   19], 60.00th=[   21],
     | 70.00th=[   24], 80.00th=[   30], 90.00th=[   37], 95.00th=[   47],
     | 99.00th=[   75], 99.50th=[   84], 99.90th=[  106], 99.95th=[  117],
     | 99.99th=[  139]
   bw (  KiB/s): min=59526, max=311654, per=100.00%, avg=110820.65, stdev=2472.13, samples=381
   iops        : min=14880, max=77913, avg=27704.82, stdev=618.03, samples=381
  cpu          : usr=97.27%, sys=2.52%, ctx=2051, majf=0, minf=0
  IO depths    : 1=100.0%, 2=0.0%, 4=0.0%, 8=0.0%, 16=0.0%, 32=0.0%, >=64=0.0%
     submit    : 0=0.0%, 4=100.0%, 8=0.0%, 16=0.0%, 32=0.0%, 64=0.0%, >=64=0.0%
     complete  : 0=0.0%, 4=100.0%, 8=0.0%, 16=0.0%, 32=0.0%, 64=0.0%, >=64=0.0%
     issued rwts: total=224000,0,0,0 short=0,0,0,0 dropped=0,0,0,0
     latency   : target=0, window=0, percentile=100.00%, depth=1

Run status group 0 (all jobs):
   READ: bw=91.2MiB/s (95.7MB/s), 91.2MiB/s-91.2MiB/s (95.7MB/s-95.7MB/s), io=875MiB (918MB), run=9589-9589msec
