create: (g=0): rw=read, bs=(R) 4096B-4096B, (W) 4096B-4096B, (T) 4096B-4096B, ioengine=filecreate, iodepth=1
...
fio-3.41
Starting 64 threads

create: (groupid=0, jobs=64): err= 0: pid=749856: Fri Mar 13 02:19:10 2026
  read: IOPS=32.1k, BW=126MiB/s (132MB/s)(2000MiB/15928msec)
    clat (usec): min=11, max=43602, avg=219.64, stdev=589.86
    clat percentiles (usec):
     |  1.00th=[   16],  5.00th=[   25], 10.00th=[   28], 20.00th=[   32],
     | 30.00th=[   46], 40.00th=[   69], 50.00th=[  116], 60.00th=[  215],
     | 70.00th=[  310], 80.00th=[  379], 90.00th=[  474], 95.00th=[  545],
     | 99.00th=[  685], 99.50th=[  750], 99.90th=[10028], 99.95th=[10421],
     | 99.99th=[32113]
   bw (  KiB/s): min=70594, max=505901, per=100.00%, avg=145567.88, stdev=1670.19, samples=1663
   iops        : min=17631, max=126474, avg=36389.56, stdev=417.56, samples=1663
  cpu          : usr=86.60%, sys=11.61%, ctx=199144, majf=0, minf=0
  IO depths    : 1=100.0%, 2=0.0%, 4=0.0%, 8=0.0%, 16=0.0%, 32=0.0%, >=64=0.0%
     submit    : 0=0.0%, 4=100.0%, 8=0.0%, 16=0.0%, 32=0.0%, 64=0.0%, >=64=0.0%
     complete  : 0=0.0%, 4=100.0%, 8=0.0%, 16=0.0%, 32=0.0%, 64=0.0%, >=64=0.0%
     issued rwts: total=512000,0,0,0 short=0,0,0,0 dropped=0,0,0,0
     latency   : target=0, window=0, percentile=100.00%, depth=1

Run status group 0 (all jobs):
   READ: bw=126MiB/s (132MB/s), 126MiB/s-126MiB/s (132MB/s-132MB/s), io=2000MiB (2097MB), run=15928-15928msec
