create: (g=0): rw=read, bs=(R) 4096B-4096B, (W) 4096B-4096B, (T) 4096B-4096B, ioengine=filecreate, iodepth=1
...
fio-3.41
Starting 28 threads

create: (groupid=0, jobs=28): err= 0: pid=417307: Thu Mar 12 23:36:44 2026
  read: IOPS=21.8k, BW=85.3MiB/s (89.4MB/s)(875MiB/10262msec)
    clat (usec): min=17, max=17960, avg=60.13, stdev=241.92
    clat percentiles (usec):
     |  1.00th=[   21],  5.00th=[   24], 10.00th=[   25], 20.00th=[   28],
     | 30.00th=[   29], 40.00th=[   32], 50.00th=[   40], 60.00th=[   48],
     | 70.00th=[   60], 80.00th=[   79], 90.00th=[  115], 95.00th=[  151],
     | 99.00th=[  225], 99.50th=[  260], 99.90th=[  375], 99.95th=[  996],
     | 99.99th=[17171]
   bw (  KiB/s): min=58811, max=298817, per=100.00%, avg=105265.95, stdev=2345.58, samples=400
   iops        : min=14695, max=74703, avg=26315.38, stdev=586.39, samples=400
  cpu          : usr=93.49%, sys=5.88%, ctx=2395, majf=0, minf=0
  IO depths    : 1=100.0%, 2=0.0%, 4=0.0%, 8=0.0%, 16=0.0%, 32=0.0%, >=64=0.0%
     submit    : 0=0.0%, 4=100.0%, 8=0.0%, 16=0.0%, 32=0.0%, 64=0.0%, >=64=0.0%
     complete  : 0=0.0%, 4=100.0%, 8=0.0%, 16=0.0%, 32=0.0%, 64=0.0%, >=64=0.0%
     issued rwts: total=224000,0,0,0 short=0,0,0,0 dropped=0,0,0,0
     latency   : target=0, window=0, percentile=100.00%, depth=1

Run status group 0 (all jobs):
   READ: bw=85.3MiB/s (89.4MB/s), 85.3MiB/s-85.3MiB/s (89.4MB/s-89.4MB/s), io=875MiB (918MB), run=10262-10262msec
