create: (g=0): rw=read, bs=(R) 4096B-4096B, (W) 4096B-4096B, (T) 4096B-4096B, ioengine=filecreate, iodepth=1
...
fio-3.41
Starting 52 threads

create: (groupid=0, jobs=52): err= 0: pid=262855: Thu Mar 12 22:20:07 2026
  read: IOPS=34.4k, BW=134MiB/s (141MB/s)(1625MiB/12100msec)
    clat (usec): min=11, max=23200, avg=82.53, stdev=228.32
    clat percentiles (usec):
     |  1.00th=[   16],  5.00th=[   18], 10.00th=[   20], 20.00th=[   27],
     | 30.00th=[   31], 40.00th=[   39], 50.00th=[   50], 60.00th=[   66],
     | 70.00th=[   89], 80.00th=[  124], 90.00th=[  178], 95.00th=[  223],
     | 99.00th=[  310], 99.50th=[  343], 99.90th=[ 2409], 99.95th=[ 4555],
     | 99.99th=[ 6849]
   bw (  KiB/s): min=79972, max=565568, per=100.00%, avg=165878.37, stdev=2478.88, samples=945
   iops        : min=19982, max=141390, avg=41468.02, stdev=619.70, samples=945
  cpu          : usr=92.83%, sys=6.42%, ctx=20885, majf=0, minf=0
  IO depths    : 1=100.0%, 2=0.0%, 4=0.0%, 8=0.0%, 16=0.0%, 32=0.0%, >=64=0.0%
     submit    : 0=0.0%, 4=100.0%, 8=0.0%, 16=0.0%, 32=0.0%, 64=0.0%, >=64=0.0%
     complete  : 0=0.0%, 4=100.0%, 8=0.0%, 16=0.0%, 32=0.0%, 64=0.0%, >=64=0.0%
     issued rwts: total=416000,0,0,0 short=0,0,0,0 dropped=0,0,0,0
     latency   : target=0, window=0, percentile=100.00%, depth=1

Run status group 0 (all jobs):
   READ: bw=134MiB/s (141MB/s), 134MiB/s-134MiB/s (141MB/s-141MB/s), io=1625MiB (1704MB), run=12100-12100msec
