create: (g=0): rw=read, bs=(R) 4096B-4096B, (W) 4096B-4096B, (T) 4096B-4096B, ioengine=filecreate, iodepth=1
...
fio-3.41
Starting 60 threads

create: (groupid=0, jobs=60): err= 0: pid=746862: Fri Mar 13 02:17:41 2026
  read: IOPS=33.9k, BW=132MiB/s (139MB/s)(1875MiB/14154msec)
    clat (usec): min=10, max=10940, avg=233.57, stdev=446.92
    clat percentiles (usec):
     |  1.00th=[   18],  5.00th=[   24], 10.00th=[   28], 20.00th=[   39],
     | 30.00th=[   55], 40.00th=[   82], 50.00th=[  128], 60.00th=[  212],
     | 70.00th=[  347], 80.00th=[  433], 90.00th=[  515], 95.00th=[  570],
     | 99.00th=[  685], 99.50th=[  725], 99.90th=[ 9241], 99.95th=[10290],
     | 99.99th=[10683]
   bw (  KiB/s): min=75716, max=484252, per=100.00%, avg=159354.69, stdev=1775.56, samples=1395
   iops        : min=18922, max=121059, avg=39835.39, stdev=443.88, samples=1395
  cpu          : usr=84.28%, sys=14.18%, ctx=158189, majf=0, minf=0
  IO depths    : 1=100.0%, 2=0.0%, 4=0.0%, 8=0.0%, 16=0.0%, 32=0.0%, >=64=0.0%
     submit    : 0=0.0%, 4=100.0%, 8=0.0%, 16=0.0%, 32=0.0%, 64=0.0%, >=64=0.0%
     complete  : 0=0.0%, 4=100.0%, 8=0.0%, 16=0.0%, 32=0.0%, 64=0.0%, >=64=0.0%
     issued rwts: total=480000,0,0,0 short=0,0,0,0 dropped=0,0,0,0
     latency   : target=0, window=0, percentile=100.00%, depth=1

Run status group 0 (all jobs):
   READ: bw=132MiB/s (139MB/s), 132MiB/s-132MiB/s (139MB/s-139MB/s), io=1875MiB (1966MB), run=14154-14154msec
