create: (g=0): rw=read, bs=(R) 4096B-4096B, (W) 4096B-4096B, (T) 4096B-4096B, ioengine=filecreate, iodepth=1
...
fio-3.41
Starting 4 threads

create: (groupid=0, jobs=4): err= 0: pid=484653: Fri Mar 13 00:09:37 2026
  read: IOPS=9203, BW=36.0MiB/s (37.7MB/s)(125MiB/3477msec)
    clat (usec): min=9, max=130, avg=16.41, stdev= 6.87
    clat percentiles (usec):
     |  1.00th=[   11],  5.00th=[   12], 10.00th=[   12], 20.00th=[   13],
     | 30.00th=[   14], 40.00th=[   14], 50.00th=[   15], 60.00th=[   16],
     | 70.00th=[   17], 80.00th=[   20], 90.00th=[   24], 95.00th=[   28],
     | 99.00th=[   40], 99.50th=[   50], 99.90th=[   95], 99.95th=[  100],
     | 99.99th=[  123]
   bw (  KiB/s): min=23288, max=63472, per=100.00%, avg=36945.07, stdev=4118.74, samples=20
   iops        : min= 5822, max=15868, avg=9236.27, stdev=1029.68, samples=20
  cpu          : usr=94.76%, sys=4.94%, ctx=687, majf=0, minf=0
  IO depths    : 1=100.0%, 2=0.0%, 4=0.0%, 8=0.0%, 16=0.0%, 32=0.0%, >=64=0.0%
     submit    : 0=0.0%, 4=100.0%, 8=0.0%, 16=0.0%, 32=0.0%, 64=0.0%, >=64=0.0%
     complete  : 0=0.0%, 4=100.0%, 8=0.0%, 16=0.0%, 32=0.0%, 64=0.0%, >=64=0.0%
     issued rwts: total=32000,0,0,0 short=0,0,0,0 dropped=0,0,0,0
     latency   : target=0, window=0, percentile=100.00%, depth=1

Run status group 0 (all jobs):
   READ: bw=36.0MiB/s (37.7MB/s), 36.0MiB/s-36.0MiB/s (37.7MB/s-37.7MB/s), io=125MiB (131MB), run=3477-3477msec
