create: (g=0): rw=read, bs=(R) 4096B-4096B, (W) 4096B-4096B, (T) 4096B-4096B, ioengine=filecreate, iodepth=1
...
fio-3.41
Starting 52 threads

create: (groupid=0, jobs=52): err= 0: pid=882598: Sat Mar 14 19:15:13 2026
  read: IOPS=5657, BW=22.1MiB/s (23.2MB/s)(1625MiB/73534msec)
    clat (usec): min=46, max=100556, avg=8216.39, stdev=4099.78
    clat percentiles (usec):
     |  1.00th=[    75],  5.00th=[   108], 10.00th=[   131], 20.00th=[  7439],
     | 30.00th=[  8094], 40.00th=[  8717], 50.00th=[  9372], 60.00th=[  9765],
     | 70.00th=[ 10290], 80.00th=[ 10683], 90.00th=[ 11207], 95.00th=[ 11600],
     | 99.00th=[ 12125], 99.50th=[ 12518], 99.90th=[ 45351], 99.95th=[ 54264],
     | 99.99th=[100140]
   bw (  KiB/s): min=15149, max=38489, per=100.00%, avg=22837.50, stdev=56.84, samples=7528
   iops        : min= 3785, max= 9618, avg=5709.21, stdev=14.20, samples=7528
  cpu          : usr=8.73%, sys=1.01%, ctx=2200208, majf=0, minf=0
  IO depths    : 1=100.0%, 2=0.0%, 4=0.0%, 8=0.0%, 16=0.0%, 32=0.0%, >=64=0.0%
     submit    : 0=0.0%, 4=100.0%, 8=0.0%, 16=0.0%, 32=0.0%, 64=0.0%, >=64=0.0%
     complete  : 0=0.0%, 4=100.0%, 8=0.0%, 16=0.0%, 32=0.0%, 64=0.0%, >=64=0.0%
     issued rwts: total=416000,0,0,0 short=0,0,0,0 dropped=0,0,0,0
     latency   : target=0, window=0, percentile=100.00%, depth=1

Run status group 0 (all jobs):
   READ: bw=22.1MiB/s (23.2MB/s), 22.1MiB/s-22.1MiB/s (23.2MB/s-23.2MB/s), io=1625MiB (1704MB), run=73534-73534msec
