create: (g=0): rw=read, bs=(R) 4096B-4096B, (W) 4096B-4096B, (T) 4096B-4096B, ioengine=filecreate, iodepth=1
...
fio-3.41
Starting 21 threads

create: (groupid=0, jobs=21): err= 0: pid=853385: Sat Mar 14 17:27:42 2026
  read: IOPS=8126, BW=31.7MiB/s (33.3MB/s)(656MiB/20672msec)
    clat (usec): min=40, max=52973, avg=2179.91, stdev=1532.95
    clat percentiles (usec):
     |  1.00th=[   50],  5.00th=[   55], 10.00th=[   60], 20.00th=[   89],
     | 30.00th=[ 2147], 40.00th=[ 2442], 50.00th=[ 2638], 60.00th=[ 2769],
     | 70.00th=[ 2900], 80.00th=[ 3032], 90.00th=[ 3195], 95.00th=[ 3326],
     | 99.00th=[ 3556], 99.50th=[ 3654], 99.90th=[13304], 99.95th=[28443],
     | 99.99th=[48497]
   bw (  KiB/s): min=25325, max=37128, per=100.00%, avg=32592.86, stdev=115.88, samples=854
   iops        : min= 6328, max= 9282, avg=8148.10, stdev=28.99, samples=854
  cpu          : usr=13.13%, sys=2.08%, ctx=880412, majf=0, minf=0
  IO depths    : 1=100.0%, 2=0.0%, 4=0.0%, 8=0.0%, 16=0.0%, 32=0.0%, >=64=0.0%
     submit    : 0=0.0%, 4=100.0%, 8=0.0%, 16=0.0%, 32=0.0%, 64=0.0%, >=64=0.0%
     complete  : 0=0.0%, 4=100.0%, 8=0.0%, 16=0.0%, 32=0.0%, 64=0.0%, >=64=0.0%
     issued rwts: total=168000,0,0,0 short=0,0,0,0 dropped=0,0,0,0
     latency   : target=0, window=0, percentile=100.00%, depth=1

Run status group 0 (all jobs):
   READ: bw=31.7MiB/s (33.3MB/s), 31.7MiB/s-31.7MiB/s (33.3MB/s-33.3MB/s), io=656MiB (688MB), run=20672-20672msec
