create: (g=0): rw=read, bs=(R) 4096B-4096B, (W) 4096B-4096B, (T) 4096B-4096B, ioengine=filecreate, iodepth=1
...
fio-3.41
Starting 25 threads

create: (groupid=0, jobs=25): err= 0: pid=827841: Sat Mar 14 15:55:18 2026
  read: IOPS=6522, BW=25.5MiB/s (26.7MB/s)(781MiB/30661msec)
    clat (usec): min=40, max=66765, avg=3303.63, stdev=2272.24
    clat percentiles (usec):
     |  1.00th=[   53],  5.00th=[   69], 10.00th=[   90], 20.00th=[ 2147],
     | 30.00th=[ 3032], 40.00th=[ 3359], 50.00th=[ 3654], 60.00th=[ 4047],
     | 70.00th=[ 4359], 80.00th=[ 4686], 90.00th=[ 5014], 95.00th=[ 5342],
     | 99.00th=[ 5800], 99.50th=[ 5932], 99.90th=[22414], 99.95th=[47973],
     | 99.99th=[55313]
   bw (  KiB/s): min=18937, max=32616, per=100.00%, avg=26236.64, stdev=124.60, samples=1512
   iops        : min= 4732, max= 8154, avg=6559.12, stdev=31.15, samples=1512
  cpu          : usr=11.38%, sys=1.91%, ctx=1051395, majf=0, minf=0
  IO depths    : 1=100.0%, 2=0.0%, 4=0.0%, 8=0.0%, 16=0.0%, 32=0.0%, >=64=0.0%
     submit    : 0=0.0%, 4=100.0%, 8=0.0%, 16=0.0%, 32=0.0%, 64=0.0%, >=64=0.0%
     complete  : 0=0.0%, 4=100.0%, 8=0.0%, 16=0.0%, 32=0.0%, 64=0.0%, >=64=0.0%
     issued rwts: total=200000,0,0,0 short=0,0,0,0 dropped=0,0,0,0
     latency   : target=0, window=0, percentile=100.00%, depth=1

Run status group 0 (all jobs):
   READ: bw=25.5MiB/s (26.7MB/s), 25.5MiB/s-25.5MiB/s (26.7MB/s-26.7MB/s), io=781MiB (819MB), run=30661-30661msec
