create: (g=0): rw=read, bs=(R) 4096B-4096B, (W) 4096B-4096B, (T) 4096B-4096B, ioengine=filecreate, iodepth=1
...
fio-3.41
Starting 40 threads

create: (groupid=0, jobs=40): err= 0: pid=862157: Sat Mar 14 18:00:58 2026
  read: IOPS=5912, BW=23.1MiB/s (24.2MB/s)(1250MiB/54124msec)
    clat (usec): min=43, max=72847, avg=5996.77, stdev=3398.70
    clat percentiles (usec):
     |  1.00th=[   63],  5.00th=[   91], 10.00th=[  120], 20.00th=[ 5080],
     | 30.00th=[ 5735], 40.00th=[ 6128], 50.00th=[ 6587], 60.00th=[ 7308],
     | 70.00th=[ 7832], 80.00th=[ 8291], 90.00th=[ 8717], 95.00th=[ 8979],
     | 99.00th=[ 9372], 99.50th=[ 9634], 99.90th=[45876], 99.95th=[56886],
     | 99.99th=[66323]
   bw (  KiB/s): min=15182, max=38665, per=100.00%, avg=23852.03, stdev=84.93, samples=4260
   iops        : min= 3794, max= 9664, avg=5962.97, stdev=21.23, samples=4260
  cpu          : usr=9.19%, sys=1.26%, ctx=1688131, majf=0, minf=0
  IO depths    : 1=100.0%, 2=0.0%, 4=0.0%, 8=0.0%, 16=0.0%, 32=0.0%, >=64=0.0%
     submit    : 0=0.0%, 4=100.0%, 8=0.0%, 16=0.0%, 32=0.0%, 64=0.0%, >=64=0.0%
     complete  : 0=0.0%, 4=100.0%, 8=0.0%, 16=0.0%, 32=0.0%, 64=0.0%, >=64=0.0%
     issued rwts: total=320000,0,0,0 short=0,0,0,0 dropped=0,0,0,0
     latency   : target=0, window=0, percentile=100.00%, depth=1

Run status group 0 (all jobs):
   READ: bw=23.1MiB/s (24.2MB/s), 23.1MiB/s-23.1MiB/s (24.2MB/s-24.2MB/s), io=1250MiB (1311MB), run=54124-54124msec
