create: (g=0): rw=read, bs=(R) 4096B-4096B, (W) 4096B-4096B, (T) 4096B-4096B, ioengine=filecreate, iodepth=1
...
fio-3.41
Starting 5 threads

create: (groupid=0, jobs=5): err= 0: pid=857697: Sat Mar 14 17:46:56 2026
  read: IOPS=6663, BW=26.0MiB/s (27.3MB/s)(156MiB/6003msec)
    clat (usec): min=35, max=53451, avg=63.72, stdev=377.09
    clat percentiles (usec):
     |  1.00th=[   39],  5.00th=[   41], 10.00th=[   44], 20.00th=[   46],
     | 30.00th=[   48], 40.00th=[   49], 50.00th=[   51], 60.00th=[   53],
     | 70.00th=[   61], 80.00th=[   75], 90.00th=[   93], 95.00th=[  108],
     | 99.00th=[  149], 99.50th=[  169], 99.90th=[  310], 99.95th=[  766],
     | 99.99th=[ 2212]
   bw (  KiB/s): min=13576, max=66079, per=100.00%, avg=28954.79, stdev=3102.74, samples=45
   iops        : min= 3394, max=16519, avg=7238.63, stdev=775.63, samples=45
  cpu          : usr=77.10%, sys=4.51%, ctx=172944, majf=0, minf=0
  IO depths    : 1=100.0%, 2=0.0%, 4=0.0%, 8=0.0%, 16=0.0%, 32=0.0%, >=64=0.0%
     submit    : 0=0.0%, 4=100.0%, 8=0.0%, 16=0.0%, 32=0.0%, 64=0.0%, >=64=0.0%
     complete  : 0=0.0%, 4=100.0%, 8=0.0%, 16=0.0%, 32=0.0%, 64=0.0%, >=64=0.0%
     issued rwts: total=40000,0,0,0 short=0,0,0,0 dropped=0,0,0,0
     latency   : target=0, window=0, percentile=100.00%, depth=1

Run status group 0 (all jobs):
   READ: bw=26.0MiB/s (27.3MB/s), 26.0MiB/s-26.0MiB/s (27.3MB/s-27.3MB/s), io=156MiB (164MB), run=6003-6003msec
