create: (g=0): rw=read, bs=(R) 4096B-4096B, (W) 4096B-4096B, (T) 4096B-4096B, ioengine=filecreate, iodepth=1
...
fio-3.41
Starting 29 threads

create: (groupid=0, jobs=29): err= 0: pid=881035: Sat Mar 14 19:06:46 2026
  read: IOPS=6140, BW=24.0MiB/s (25.1MB/s)(906MiB/37784msec)
    clat (usec): min=40, max=55567, avg=4172.58, stdev=2507.55
    clat percentiles (usec):
     |  1.00th=[   56],  5.00th=[   78], 10.00th=[  109], 20.00th=[ 3392],
     | 30.00th=[ 4080], 40.00th=[ 4359], 50.00th=[ 4686], 60.00th=[ 4948],
     | 70.00th=[ 5342], 80.00th=[ 5800], 90.00th=[ 6259], 95.00th=[ 6521],
     | 99.00th=[ 6980], 99.50th=[ 7177], 99.90th=[28967], 99.95th=[44303],
     | 99.99th=[54789]
   bw (  KiB/s): min=17395, max=30104, per=100.00%, avg=24694.56, stdev=95.79, samples=2162
   iops        : min= 4345, max= 7526, avg=6173.59, stdev=23.95, samples=2162
  cpu          : usr=9.53%, sys=1.68%, ctx=1219855, majf=0, minf=0
  IO depths    : 1=100.0%, 2=0.0%, 4=0.0%, 8=0.0%, 16=0.0%, 32=0.0%, >=64=0.0%
     submit    : 0=0.0%, 4=100.0%, 8=0.0%, 16=0.0%, 32=0.0%, 64=0.0%, >=64=0.0%
     complete  : 0=0.0%, 4=100.0%, 8=0.0%, 16=0.0%, 32=0.0%, 64=0.0%, >=64=0.0%
     issued rwts: total=232000,0,0,0 short=0,0,0,0 dropped=0,0,0,0
     latency   : target=0, window=0, percentile=100.00%, depth=1

Run status group 0 (all jobs):
   READ: bw=24.0MiB/s (25.1MB/s), 24.0MiB/s-24.0MiB/s (25.1MB/s-25.1MB/s), io=906MiB (950MB), run=37784-37784msec
