create: (g=0): rw=read, bs=(R) 4096B-4096B, (W) 4096B-4096B, (T) 4096B-4096B, ioengine=filecreate, iodepth=1
...
fio-3.41
Starting 12 threads

create: (groupid=0, jobs=12): err= 0: pid=865228: Sat Mar 14 18:11:33 2026
  read: IOPS=10.0k, BW=39.2MiB/s (41.1MB/s)(375MiB/9572msec)
    clat (usec): min=36, max=61701, avg=508.87, stdev=765.40
    clat percentiles (usec):
     |  1.00th=[   45],  5.00th=[   48], 10.00th=[   50], 20.00th=[   55],
     | 30.00th=[   71], 40.00th=[   95], 50.00th=[  143], 60.00th=[  717],
     | 70.00th=[  988], 80.00th=[ 1090], 90.00th=[ 1221], 95.00th=[ 1303],
     | 99.00th=[ 1450], 99.50th=[ 1500], 99.90th=[ 1663], 99.95th=[ 2024],
     | 99.99th=[46400]
   bw (  KiB/s): min=23948, max=64304, per=100.00%, avg=46661.69, stdev=914.15, samples=196
   iops        : min= 5982, max=16076, avg=11664.79, stdev=228.60, samples=196
  cpu          : usr=45.06%, sys=3.72%, ctx=481568, majf=0, minf=0
  IO depths    : 1=100.0%, 2=0.0%, 4=0.0%, 8=0.0%, 16=0.0%, 32=0.0%, >=64=0.0%
     submit    : 0=0.0%, 4=100.0%, 8=0.0%, 16=0.0%, 32=0.0%, 64=0.0%, >=64=0.0%
     complete  : 0=0.0%, 4=100.0%, 8=0.0%, 16=0.0%, 32=0.0%, 64=0.0%, >=64=0.0%
     issued rwts: total=96000,0,0,0 short=0,0,0,0 dropped=0,0,0,0
     latency   : target=0, window=0, percentile=100.00%, depth=1

Run status group 0 (all jobs):
   READ: bw=39.2MiB/s (41.1MB/s), 39.2MiB/s-39.2MiB/s (41.1MB/s-41.1MB/s), io=375MiB (393MB), run=9572-9572msec
