create: (g=0): rw=read, bs=(R) 4096B-4096B, (W) 4096B-4096B, (T) 4096B-4096B, ioengine=filecreate, iodepth=1
...
fio-3.41
Starting 44 threads

create: (groupid=0, jobs=44): err= 0: pid=888680: Sat Mar 14 19:35:55 2026
  read: IOPS=5955, BW=23.3MiB/s (24.4MB/s)(1375MiB/59102msec)
    clat (usec): min=43, max=57026, avg=6560.98, stdev=3394.86
    clat percentiles (usec):
     |  1.00th=[   64],  5.00th=[   91], 10.00th=[  121], 20.00th=[ 5932],
     | 30.00th=[ 6587], 40.00th=[ 7046], 50.00th=[ 7373], 60.00th=[ 7701],
     | 70.00th=[ 8094], 80.00th=[ 8717], 90.00th=[ 9372], 95.00th=[ 9765],
     | 99.00th=[10290], 99.50th=[10552], 99.90th=[37487], 99.95th=[48497],
     | 99.99th=[56361]
   bw (  KiB/s): min=16864, max=37631, per=100.00%, avg=23980.40, stdev=65.60, samples=5135
   iops        : min= 4216, max= 9404, avg=5995.05, stdev=16.39, samples=5135
  cpu          : usr=9.41%, sys=1.14%, ctx=1858802, majf=0, minf=0
  IO depths    : 1=100.0%, 2=0.0%, 4=0.0%, 8=0.0%, 16=0.0%, 32=0.0%, >=64=0.0%
     submit    : 0=0.0%, 4=100.0%, 8=0.0%, 16=0.0%, 32=0.0%, 64=0.0%, >=64=0.0%
     complete  : 0=0.0%, 4=100.0%, 8=0.0%, 16=0.0%, 32=0.0%, 64=0.0%, >=64=0.0%
     issued rwts: total=352000,0,0,0 short=0,0,0,0 dropped=0,0,0,0
     latency   : target=0, window=0, percentile=100.00%, depth=1

Run status group 0 (all jobs):
   READ: bw=23.3MiB/s (24.4MB/s), 23.3MiB/s-23.3MiB/s (24.4MB/s-24.4MB/s), io=1375MiB (1442MB), run=59102-59102msec
