create: (g=0): rw=read, bs=(R) 4096B-4096B, (W) 4096B-4096B, (T) 4096B-4096B, ioengine=filecreate, iodepth=1
fio-3.41
Starting 1 thread

create: (groupid=0, jobs=1): err= 0: pid=819887: Sat Mar 14 15:48:05 2026
  read: IOPS=3408, BW=13.3MiB/s (14.0MB/s)(31.2MiB/2347msec)
    clat (usec): min=36, max=699, avg=44.01, stdev=10.28
    clat percentiles (usec):
     |  1.00th=[   39],  5.00th=[   40], 10.00th=[   40], 20.00th=[   41],
     | 30.00th=[   41], 40.00th=[   42], 50.00th=[   42], 60.00th=[   43],
     | 70.00th=[   44], 80.00th=[   46], 90.00th=[   51], 95.00th=[   56],
     | 99.00th=[   84], 99.50th=[   88], 99.90th=[  111], 99.95th=[  139],
     | 99.99th=[  701]
   bw (  KiB/s): min= 7088, max=15272, per=82.70%, avg=11276.00, stdev=3517.43, samples=4
   iops        : min= 1772, max= 3818, avg=2819.00, stdev=879.36, samples=4
  cpu          : usr=67.90%, sys=6.86%, ctx=31822, majf=0, minf=0
  IO depths    : 1=100.0%, 2=0.0%, 4=0.0%, 8=0.0%, 16=0.0%, 32=0.0%, >=64=0.0%
     submit    : 0=0.0%, 4=100.0%, 8=0.0%, 16=0.0%, 32=0.0%, 64=0.0%, >=64=0.0%
     complete  : 0=0.0%, 4=100.0%, 8=0.0%, 16=0.0%, 32=0.0%, 64=0.0%, >=64=0.0%
     issued rwts: total=8000,0,0,0 short=0,0,0,0 dropped=0,0,0,0
     latency   : target=0, window=0, percentile=100.00%, depth=1

Run status group 0 (all jobs):
   READ: bw=13.3MiB/s (14.0MB/s), 13.3MiB/s-13.3MiB/s (14.0MB/s-14.0MB/s), io=31.2MiB (32.8MB), run=2347-2347msec
