create: (g=0): rw=read, bs=(R) 4096B-4096B, (W) 4096B-4096B, (T) 4096B-4096B, ioengine=filecreate, iodepth=1
...
fio-3.41
Starting 12 threads

create: (groupid=0, jobs=12): err= 0: pid=852064: Sat Mar 14 17:24:23 2026
  read: IOPS=9653, BW=37.7MiB/s (39.5MB/s)(375MiB/9945msec)
    clat (usec): min=37, max=46329, avg=666.53, stdev=730.19
    clat percentiles (usec):
     |  1.00th=[   47],  5.00th=[   49], 10.00th=[   51], 20.00th=[   57],
     | 30.00th=[   76], 40.00th=[  114], 50.00th=[  742], 60.00th=[ 1057],
     | 70.00th=[ 1188], 80.00th=[ 1287], 90.00th=[ 1385], 95.00th=[ 1467],
     | 99.00th=[ 1614], 99.50th=[ 1663], 99.90th=[ 1844], 99.95th=[ 2835],
     | 99.99th=[35390]
   bw (  KiB/s): min=29017, max=58904, per=100.00%, avg=42659.39, stdev=714.98, samples=213
   iops        : min= 7253, max=14726, avg=10664.43, stdev=178.76, samples=213
  cpu          : usr=37.04%, sys=3.80%, ctx=486500, majf=0, minf=0
  IO depths    : 1=100.0%, 2=0.0%, 4=0.0%, 8=0.0%, 16=0.0%, 32=0.0%, >=64=0.0%
     submit    : 0=0.0%, 4=100.0%, 8=0.0%, 16=0.0%, 32=0.0%, 64=0.0%, >=64=0.0%
     complete  : 0=0.0%, 4=100.0%, 8=0.0%, 16=0.0%, 32=0.0%, 64=0.0%, >=64=0.0%
     issued rwts: total=96000,0,0,0 short=0,0,0,0 dropped=0,0,0,0
     latency   : target=0, window=0, percentile=100.00%, depth=1

Run status group 0 (all jobs):
   READ: bw=37.7MiB/s (39.5MB/s), 37.7MiB/s-37.7MiB/s (39.5MB/s-39.5MB/s), io=375MiB (393MB), run=9945-9945msec
