create: (g=0): rw=read, bs=(R) 4096B-4096B, (W) 4096B-4096B, (T) 4096B-4096B, ioengine=filecreate, iodepth=1
...
fio-3.41
Starting 9 threads

create: (groupid=0, jobs=9): err= 0: pid=845104: Sat Mar 14 17:00:16 2026
  read: IOPS=11.2k, BW=43.6MiB/s (45.7MB/s)(281MiB/6453msec)
    clat (usec): min=35, max=52268, avg=106.67, stdev=407.82
    clat percentiles (usec):
     |  1.00th=[   42],  5.00th=[   46], 10.00th=[   47], 20.00th=[   49],
     | 30.00th=[   50], 40.00th=[   55], 50.00th=[   67], 60.00th=[   82],
     | 70.00th=[   98], 80.00th=[  130], 90.00th=[  186], 95.00th=[  243],
     | 99.00th=[  742], 99.50th=[  914], 99.90th=[ 1221], 99.95th=[ 1680],
     | 99.99th=[ 3752]
   bw (  KiB/s): min=29116, max=122399, per=100.00%, avg=63715.71, stdev=3091.57, samples=81
   iops        : min= 7276, max=30598, avg=15928.45, stdev=772.87, samples=81
  cpu          : usr=71.18%, sys=5.18%, ctx=338499, majf=0, minf=0
  IO depths    : 1=100.0%, 2=0.0%, 4=0.0%, 8=0.0%, 16=0.0%, 32=0.0%, >=64=0.0%
     submit    : 0=0.0%, 4=100.0%, 8=0.0%, 16=0.0%, 32=0.0%, 64=0.0%, >=64=0.0%
     complete  : 0=0.0%, 4=100.0%, 8=0.0%, 16=0.0%, 32=0.0%, 64=0.0%, >=64=0.0%
     issued rwts: total=72000,0,0,0 short=0,0,0,0 dropped=0,0,0,0
     latency   : target=0, window=0, percentile=100.00%, depth=1

Run status group 0 (all jobs):
   READ: bw=43.6MiB/s (45.7MB/s), 43.6MiB/s-43.6MiB/s (45.7MB/s-45.7MB/s), io=281MiB (295MB), run=6453-6453msec
