create: (g=0): rw=read, bs=(R) 4096B-4096B, (W) 4096B-4096B, (T) 4096B-4096B, ioengine=filecreate, iodepth=1
...
fio-3.41
Starting 56 threads

create: (groupid=0, jobs=56): err= 0: pid=876311: Sat Mar 14 18:53:08 2026
  read: IOPS=5735, BW=22.4MiB/s (23.5MB/s)(1750MiB/78109msec)
    clat (usec): min=44, max=85723, avg=8835.88, stdev=4243.27
    clat percentiles (usec):
     |  1.00th=[   73],  5.00th=[  108], 10.00th=[  130], 20.00th=[ 8356],
     | 30.00th=[ 8979], 40.00th=[ 9372], 50.00th=[ 9765], 60.00th=[10290],
     | 70.00th=[10945], 80.00th=[11469], 90.00th=[11994], 95.00th=[12387],
     | 99.00th=[13042], 99.50th=[13304], 99.90th=[43779], 99.95th=[52167],
     | 99.99th=[84411]
   bw (  KiB/s): min=15894, max=35543, per=100.00%, avg=23053.86, stdev=45.12, samples=8676
   iops        : min= 3972, max= 8885, avg=5763.35, stdev=11.28, samples=8676
  cpu          : usr=8.23%, sys=0.94%, ctx=2371832, majf=0, minf=0
  IO depths    : 1=100.0%, 2=0.0%, 4=0.0%, 8=0.0%, 16=0.0%, 32=0.0%, >=64=0.0%
     submit    : 0=0.0%, 4=100.0%, 8=0.0%, 16=0.0%, 32=0.0%, 64=0.0%, >=64=0.0%
     complete  : 0=0.0%, 4=100.0%, 8=0.0%, 16=0.0%, 32=0.0%, 64=0.0%, >=64=0.0%
     issued rwts: total=448000,0,0,0 short=0,0,0,0 dropped=0,0,0,0
     latency   : target=0, window=0, percentile=100.00%, depth=1

Run status group 0 (all jobs):
   READ: bw=22.4MiB/s (23.5MB/s), 22.4MiB/s-22.4MiB/s (23.5MB/s-23.5MB/s), io=1750MiB (1835MB), run=78109-78109msec
