create: (g=0): rw=read, bs=(R) 4096B-4096B, (W) 4096B-4096B, (T) 4096B-4096B, ioengine=filecreate, iodepth=1
...
fio-3.41
Starting 44 threads

create: (groupid=0, jobs=44): err= 0: pid=882161: Sat Mar 14 19:12:28 2026
  read: IOPS=5931, BW=23.2MiB/s (24.3MB/s)(1375MiB/59347msec)
    clat (usec): min=42, max=58393, avg=6608.34, stdev=3385.68
    clat percentiles (usec):
     |  1.00th=[   66],  5.00th=[   94], 10.00th=[  123], 20.00th=[ 5997],
     | 30.00th=[ 6718], 40.00th=[ 7111], 50.00th=[ 7439], 60.00th=[ 7767],
     | 70.00th=[ 8225], 80.00th=[ 8717], 90.00th=[ 9372], 95.00th=[ 9765],
     | 99.00th=[10290], 99.50th=[10552], 99.90th=[35914], 99.95th=[47449],
     | 99.99th=[56886]
   bw (  KiB/s): min=17469, max=34376, per=100.00%, avg=23815.26, stdev=56.03, samples=5157
   iops        : min= 4365, max= 8594, avg=5953.81, stdev=14.01, samples=5157
  cpu          : usr=9.16%, sys=1.16%, ctx=1857914, majf=0, minf=0
  IO depths    : 1=100.0%, 2=0.0%, 4=0.0%, 8=0.0%, 16=0.0%, 32=0.0%, >=64=0.0%
     submit    : 0=0.0%, 4=100.0%, 8=0.0%, 16=0.0%, 32=0.0%, 64=0.0%, >=64=0.0%
     complete  : 0=0.0%, 4=100.0%, 8=0.0%, 16=0.0%, 32=0.0%, 64=0.0%, >=64=0.0%
     issued rwts: total=352000,0,0,0 short=0,0,0,0 dropped=0,0,0,0
     latency   : target=0, window=0, percentile=100.00%, depth=1

Run status group 0 (all jobs):
   READ: bw=23.2MiB/s (24.3MB/s), 23.2MiB/s-23.2MiB/s (24.3MB/s-24.3MB/s), io=1375MiB (1442MB), run=59347-59347msec
