create: (g=0): rw=read, bs=(R) 4096B-4096B, (W) 4096B-4096B, (T) 4096B-4096B, ioengine=filecreate, iodepth=1
...
fio-3.41
Starting 7 threads

create: (groupid=0, jobs=7): err= 0: pid=871193: Sat Mar 14 18:33:58 2026
  read: IOPS=7182, BW=28.1MiB/s (29.4MB/s)(219MiB/7797msec)
    clat (usec): min=36, max=55822, avg=65.38, stdev=238.71
    clat percentiles (usec):
     |  1.00th=[   40],  5.00th=[   44], 10.00th=[   46], 20.00th=[   48],
     | 30.00th=[   49], 40.00th=[   50], 50.00th=[   51], 60.00th=[   55],
     | 70.00th=[   64], 80.00th=[   81], 90.00th=[   99], 95.00th=[  123],
     | 99.00th=[  172], 99.50th=[  192], 99.90th=[  478], 99.95th=[  725],
     | 99.99th=[ 1500]
   bw (  KiB/s): min=15288, max=114104, per=100.00%, avg=38516.28, stdev=3859.95, samples=83
   iops        : min= 3822, max=28526, avg=9628.94, stdev=965.00, samples=83
  cpu          : usr=82.60%, sys=3.58%, ctx=244708, majf=0, minf=0
  IO depths    : 1=100.0%, 2=0.0%, 4=0.0%, 8=0.0%, 16=0.0%, 32=0.0%, >=64=0.0%
     submit    : 0=0.0%, 4=100.0%, 8=0.0%, 16=0.0%, 32=0.0%, 64=0.0%, >=64=0.0%
     complete  : 0=0.0%, 4=100.0%, 8=0.0%, 16=0.0%, 32=0.0%, 64=0.0%, >=64=0.0%
     issued rwts: total=56000,0,0,0 short=0,0,0,0 dropped=0,0,0,0
     latency   : target=0, window=0, percentile=100.00%, depth=1

Run status group 0 (all jobs):
   READ: bw=28.1MiB/s (29.4MB/s), 28.1MiB/s-28.1MiB/s (29.4MB/s-29.4MB/s), io=219MiB (229MB), run=7797-7797msec
