create: (g=0): rw=read, bs=(R) 4096B-4096B, (W) 4096B-4096B, (T) 4096B-4096B, ioengine=filecreate, iodepth=1
...
fio-3.41
Starting 4 threads

create: (groupid=0, jobs=4): err= 0: pid=831410: Sat Mar 14 16:12:13 2026
  read: IOPS=8251, BW=32.2MiB/s (33.8MB/s)(125MiB/3878msec)
    clat (usec): min=34, max=25073, avg=60.06, stdev=141.72
    clat percentiles (usec):
     |  1.00th=[   42],  5.00th=[   43], 10.00th=[   45], 20.00th=[   46],
     | 30.00th=[   47], 40.00th=[   48], 50.00th=[   50], 60.00th=[   53],
     | 70.00th=[   61], 80.00th=[   74], 90.00th=[   89], 95.00th=[  100],
     | 99.00th=[  135], 99.50th=[  147], 99.90th=[  208], 99.95th=[  351],
     | 99.99th=[  644]
   bw (  KiB/s): min=16427, max=55528, per=97.31%, avg=32119.91, stdev=3190.01, samples=25
   iops        : min= 4106, max=13882, avg=8029.85, stdev=797.54, samples=25
  cpu          : usr=74.40%, sys=6.47%, ctx=138924, majf=0, minf=0
  IO depths    : 1=100.0%, 2=0.0%, 4=0.0%, 8=0.0%, 16=0.0%, 32=0.0%, >=64=0.0%
     submit    : 0=0.0%, 4=100.0%, 8=0.0%, 16=0.0%, 32=0.0%, 64=0.0%, >=64=0.0%
     complete  : 0=0.0%, 4=100.0%, 8=0.0%, 16=0.0%, 32=0.0%, 64=0.0%, >=64=0.0%
     issued rwts: total=32000,0,0,0 short=0,0,0,0 dropped=0,0,0,0
     latency   : target=0, window=0, percentile=100.00%, depth=1

Run status group 0 (all jobs):
   READ: bw=32.2MiB/s (33.8MB/s), 32.2MiB/s-32.2MiB/s (33.8MB/s-33.8MB/s), io=125MiB (131MB), run=3878-3878msec
