create: (g=0): rw=read, bs=(R) 4096B-4096B, (W) 4096B-4096B, (T) 4096B-4096B, ioengine=filecreate, iodepth=1
...
fio-3.41
Starting 23 threads

create: (groupid=0, jobs=23): err= 0: pid=886532: Sat Mar 14 19:26:16 2026
  read: IOPS=6778, BW=26.5MiB/s (27.8MB/s)(719MiB/27145msec)
    clat (usec): min=41, max=69771, avg=2891.26, stdev=2264.25
    clat percentiles (usec):
     |  1.00th=[   52],  5.00th=[   63], 10.00th=[   80], 20.00th=[  930],
     | 30.00th=[ 2671], 40.00th=[ 2966], 50.00th=[ 3163], 60.00th=[ 3392],
     | 70.00th=[ 3687], 80.00th=[ 4080], 90.00th=[ 4555], 95.00th=[ 4948],
     | 99.00th=[ 5342], 99.50th=[ 5538], 99.90th=[43779], 99.95th=[50070],
     | 99.99th=[69731]
   bw (  KiB/s): min=16261, max=36117, per=100.00%, avg=27316.75, stdev=165.59, samples=1221
   iops        : min= 4061, max= 9028, avg=6829.07, stdev=41.40, samples=1221
  cpu          : usr=12.06%, sys=2.04%, ctx=966374, majf=0, minf=0
  IO depths    : 1=100.0%, 2=0.0%, 4=0.0%, 8=0.0%, 16=0.0%, 32=0.0%, >=64=0.0%
     submit    : 0=0.0%, 4=100.0%, 8=0.0%, 16=0.0%, 32=0.0%, 64=0.0%, >=64=0.0%
     complete  : 0=0.0%, 4=100.0%, 8=0.0%, 16=0.0%, 32=0.0%, 64=0.0%, >=64=0.0%
     issued rwts: total=184000,0,0,0 short=0,0,0,0 dropped=0,0,0,0
     latency   : target=0, window=0, percentile=100.00%, depth=1

Run status group 0 (all jobs):
   READ: bw=26.5MiB/s (27.8MB/s), 26.5MiB/s-26.5MiB/s (27.8MB/s-27.8MB/s), io=719MiB (754MB), run=27145-27145msec
