create: (g=0): rw=read, bs=(R) 4096B-4096B, (W) 4096B-4096B, (T) 4096B-4096B, ioengine=filecreate, iodepth=1
...
fio-3.41
Starting 52 threads

create: (groupid=0, jobs=52): err= 0: pid=830119: Sat Mar 14 16:06:47 2026
  read: IOPS=5778, BW=22.6MiB/s (23.7MB/s)(1625MiB/71994msec)
    clat (usec): min=44, max=94185, avg=8030.58, stdev=3957.46
    clat percentiles (usec):
     |  1.00th=[   71],  5.00th=[  101], 10.00th=[  128], 20.00th=[ 7504],
     | 30.00th=[ 8094], 40.00th=[ 8455], 50.00th=[ 8979], 60.00th=[ 9372],
     | 70.00th=[ 9896], 80.00th=[10552], 90.00th=[11076], 95.00th=[11338],
     | 99.00th=[11994], 99.50th=[12256], 99.90th=[40633], 99.95th=[51643],
     | 99.99th=[92799]
   bw (  KiB/s): min=16518, max=34002, per=100.00%, avg=23228.19, stdev=45.92, samples=7379
   iops        : min= 4128, max= 8499, avg=5806.93, stdev=11.48, samples=7379
  cpu          : usr=9.04%, sys=1.00%, ctx=2199422, majf=0, minf=0
  IO depths    : 1=100.0%, 2=0.0%, 4=0.0%, 8=0.0%, 16=0.0%, 32=0.0%, >=64=0.0%
     submit    : 0=0.0%, 4=100.0%, 8=0.0%, 16=0.0%, 32=0.0%, 64=0.0%, >=64=0.0%
     complete  : 0=0.0%, 4=100.0%, 8=0.0%, 16=0.0%, 32=0.0%, 64=0.0%, >=64=0.0%
     issued rwts: total=416000,0,0,0 short=0,0,0,0 dropped=0,0,0,0
     latency   : target=0, window=0, percentile=100.00%, depth=1

Run status group 0 (all jobs):
   READ: bw=22.6MiB/s (23.7MB/s), 22.6MiB/s-22.6MiB/s (23.7MB/s-23.7MB/s), io=1625MiB (1704MB), run=71994-71994msec
