create: (g=0): rw=read, bs=(R) 4096B-4096B, (W) 4096B-4096B, (T) 4096B-4096B, ioengine=filecreate, iodepth=1
...
fio-3.41
Starting 24 threads

create: (groupid=0, jobs=24): err= 0: pid=867140: Sat Mar 14 18:16:24 2026
  read: IOPS=7006, BW=27.4MiB/s (28.7MB/s)(750MiB/27405msec)
    clat (usec): min=39, max=66310, avg=2926.12, stdev=2148.61
    clat percentiles (usec):
     |  1.00th=[   52],  5.00th=[   64], 10.00th=[   80], 20.00th=[ 1647],
     | 30.00th=[ 2737], 40.00th=[ 3032], 50.00th=[ 3261], 60.00th=[ 3490],
     | 70.00th=[ 3785], 80.00th=[ 4146], 90.00th=[ 4490], 95.00th=[ 4686],
     | 99.00th=[ 5080], 99.50th=[ 5211], 99.90th=[33162], 99.95th=[49546],
     | 99.99th=[65799]
   bw (  KiB/s): min=19561, max=33840, per=100.00%, avg=28228.46, stdev=130.96, samples=1286
   iops        : min= 4886, max= 8460, avg=7057.03, stdev=32.75, samples=1286
  cpu          : usr=11.70%, sys=2.00%, ctx=1008573, majf=0, minf=0
  IO depths    : 1=100.0%, 2=0.0%, 4=0.0%, 8=0.0%, 16=0.0%, 32=0.0%, >=64=0.0%
     submit    : 0=0.0%, 4=100.0%, 8=0.0%, 16=0.0%, 32=0.0%, 64=0.0%, >=64=0.0%
     complete  : 0=0.0%, 4=100.0%, 8=0.0%, 16=0.0%, 32=0.0%, 64=0.0%, >=64=0.0%
     issued rwts: total=192000,0,0,0 short=0,0,0,0 dropped=0,0,0,0
     latency   : target=0, window=0, percentile=100.00%, depth=1

Run status group 0 (all jobs):
   READ: bw=27.4MiB/s (28.7MB/s), 27.4MiB/s-27.4MiB/s (28.7MB/s-28.7MB/s), io=750MiB (786MB), run=27405-27405msec
