create: (g=0): rw=read, bs=(R) 4096B-4096B, (W) 4096B-4096B, (T) 4096B-4096B, ioengine=filecreate, iodepth=1
...
fio-3.41
Starting 6 threads

create: (groupid=0, jobs=6): err= 0: pid=877609: Sat Mar 14 18:57:14 2026
  read: IOPS=11.7k, BW=45.8MiB/s (48.0MB/s)(188MiB/4098msec)
    clat (usec): min=36, max=58794, avg=84.45, stdev=410.61
    clat percentiles (usec):
     |  1.00th=[   42],  5.00th=[   45], 10.00th=[   47], 20.00th=[   49],
     | 30.00th=[   51], 40.00th=[   54], 50.00th=[   64], 60.00th=[   79],
     | 70.00th=[   92], 80.00th=[  111], 90.00th=[  139], 95.00th=[  161],
     | 99.00th=[  202], 99.50th=[  223], 99.90th=[  611], 99.95th=[  906],
     | 99.99th=[ 2966]
   bw (  KiB/s): min=20536, max=95776, per=100.00%, avg=48566.51, stdev=4040.88, samples=42
   iops        : min= 5134, max=23944, avg=12141.63, stdev=1010.22, samples=42
  cpu          : usr=66.94%, sys=5.91%, ctx=223825, majf=0, minf=0
  IO depths    : 1=100.0%, 2=0.0%, 4=0.0%, 8=0.0%, 16=0.0%, 32=0.0%, >=64=0.0%
     submit    : 0=0.0%, 4=100.0%, 8=0.0%, 16=0.0%, 32=0.0%, 64=0.0%, >=64=0.0%
     complete  : 0=0.0%, 4=100.0%, 8=0.0%, 16=0.0%, 32=0.0%, 64=0.0%, >=64=0.0%
     issued rwts: total=48000,0,0,0 short=0,0,0,0 dropped=0,0,0,0
     latency   : target=0, window=0, percentile=100.00%, depth=1

Run status group 0 (all jobs):
   READ: bw=45.8MiB/s (48.0MB/s), 45.8MiB/s-45.8MiB/s (48.0MB/s-48.0MB/s), io=188MiB (197MB), run=4098-4098msec
