create: (g=0): rw=read, bs=(R) 4096B-4096B, (W) 4096B-4096B, (T) 4096B-4096B, ioengine=filecreate, iodepth=1
...
fio-3.41
Starting 26 threads

create: (groupid=0, jobs=26): err= 0: pid=847646: Sat Mar 14 17:07:04 2026
  read: IOPS=6490, BW=25.4MiB/s (26.6MB/s)(813MiB/32049msec)
    clat (usec): min=41, max=54536, avg=3439.14, stdev=2286.54
    clat percentiles (usec):
     |  1.00th=[   53],  5.00th=[   70], 10.00th=[   94], 20.00th=[ 2089],
     | 30.00th=[ 3130], 40.00th=[ 3490], 50.00th=[ 3785], 60.00th=[ 4080],
     | 70.00th=[ 4424], 80.00th=[ 5014], 90.00th=[ 5473], 95.00th=[ 5735],
     | 99.00th=[ 6128], 99.50th=[ 6325], 99.90th=[28443], 99.95th=[46924],
     | 99.99th=[52167]
   bw (  KiB/s): min=18843, max=32352, per=100.00%, avg=26155.93, stdev=133.29, samples=1627
   iops        : min= 4710, max= 8088, avg=6538.87, stdev=33.33, samples=1627
  cpu          : usr=11.47%, sys=1.82%, ctx=1093459, majf=0, minf=0
  IO depths    : 1=100.0%, 2=0.0%, 4=0.0%, 8=0.0%, 16=0.0%, 32=0.0%, >=64=0.0%
     submit    : 0=0.0%, 4=100.0%, 8=0.0%, 16=0.0%, 32=0.0%, 64=0.0%, >=64=0.0%
     complete  : 0=0.0%, 4=100.0%, 8=0.0%, 16=0.0%, 32=0.0%, 64=0.0%, >=64=0.0%
     issued rwts: total=208000,0,0,0 short=0,0,0,0 dropped=0,0,0,0
     latency   : target=0, window=0, percentile=100.00%, depth=1

Run status group 0 (all jobs):
   READ: bw=25.4MiB/s (26.6MB/s), 25.4MiB/s-25.4MiB/s (26.6MB/s-26.6MB/s), io=813MiB (852MB), run=32049-32049msec
