create: (g=0): rw=read, bs=(R) 4096B-4096B, (W) 4096B-4096B, (T) 4096B-4096B, ioengine=filecreate, iodepth=1
...
fio-3.41
Starting 64 threads

create: (groupid=0, jobs=64): err= 0: pid=870288: Sat Mar 14 18:33:08 2026
  read: IOPS=5554, BW=21.7MiB/s (22.8MB/s)(2000MiB/92178msec)
    clat (usec): min=47, max=113374, avg=10421.57, stdev=4740.08
    clat percentiles (usec):
     |  1.00th=[    78],  5.00th=[   112], 10.00th=[   141], 20.00th=[  9896],
     | 30.00th=[ 10421], 40.00th=[ 11076], 50.00th=[ 11600], 60.00th=[ 12256],
     | 70.00th=[ 12780], 80.00th=[ 13304], 90.00th=[ 13829], 95.00th=[ 14091],
     | 99.00th=[ 14746], 99.50th=[ 15139], 99.90th=[ 43254], 99.95th=[ 57410],
     | 99.99th=[111674]
   bw (  KiB/s): min=14213, max=33128, per=100.00%, avg=22293.64, stdev=36.20, samples=11726
   iops        : min= 3551, max= 8273, avg=5573.35, stdev= 9.04, samples=11726
  cpu          : usr=8.37%, sys=0.84%, ctx=2716031, majf=0, minf=0
  IO depths    : 1=100.0%, 2=0.0%, 4=0.0%, 8=0.0%, 16=0.0%, 32=0.0%, >=64=0.0%
     submit    : 0=0.0%, 4=100.0%, 8=0.0%, 16=0.0%, 32=0.0%, 64=0.0%, >=64=0.0%
     complete  : 0=0.0%, 4=100.0%, 8=0.0%, 16=0.0%, 32=0.0%, 64=0.0%, >=64=0.0%
     issued rwts: total=512000,0,0,0 short=0,0,0,0 dropped=0,0,0,0
     latency   : target=0, window=0, percentile=100.00%, depth=1

Run status group 0 (all jobs):
   READ: bw=21.7MiB/s (22.8MB/s), 21.7MiB/s-21.7MiB/s (22.8MB/s-22.8MB/s), io=2000MiB (2097MB), run=92178-92178msec
