create: (g=0): rw=read, bs=(R) 4096B-4096B, (W) 4096B-4096B, (T) 4096B-4096B, ioengine=filecreate, iodepth=1
...
fio-3.41
Starting 13 threads

create: (groupid=0, jobs=13): err= 0: pid=865365: Sat Mar 14 18:11:49 2026
  read: IOPS=9539, BW=37.3MiB/s (39.1MB/s)(406MiB/10902msec)
    clat (usec): min=38, max=59932, avg=808.96, stdev=999.66
    clat percentiles (usec):
     |  1.00th=[   48],  5.00th=[   50], 10.00th=[   53], 20.00th=[   63],
     | 30.00th=[   90], 40.00th=[  174], 50.00th=[ 1004], 60.00th=[ 1172],
     | 70.00th=[ 1319], 80.00th=[ 1434], 90.00th=[ 1582], 95.00th=[ 1680],
     | 99.00th=[ 1860], 99.50th=[ 1926], 99.90th=[ 2180], 99.95th=[ 4424],
     | 99.99th=[52691]
   bw (  KiB/s): min=26258, max=69544, per=100.00%, avg=41120.47, stdev=886.21, samples=255
   iops        : min= 6560, max=17386, avg=10279.84, stdev=221.58, samples=255
  cpu          : usr=30.32%, sys=3.43%, ctx=532812, majf=0, minf=0
  IO depths    : 1=100.0%, 2=0.0%, 4=0.0%, 8=0.0%, 16=0.0%, 32=0.0%, >=64=0.0%
     submit    : 0=0.0%, 4=100.0%, 8=0.0%, 16=0.0%, 32=0.0%, 64=0.0%, >=64=0.0%
     complete  : 0=0.0%, 4=100.0%, 8=0.0%, 16=0.0%, 32=0.0%, 64=0.0%, >=64=0.0%
     issued rwts: total=104000,0,0,0 short=0,0,0,0 dropped=0,0,0,0
     latency   : target=0, window=0, percentile=100.00%, depth=1

Run status group 0 (all jobs):
   READ: bw=37.3MiB/s (39.1MB/s), 37.3MiB/s-37.3MiB/s (39.1MB/s-39.1MB/s), io=406MiB (426MB), run=10902-10902msec
