create: (g=0): rw=read, bs=(R) 4096B-4096B, (W) 4096B-4096B, (T) 4096B-4096B, ioengine=filecreate, iodepth=1
...
fio-3.41
Starting 44 threads

create: (groupid=0, jobs=44): err= 0: pid=842753: Sat Mar 14 16:51:23 2026
  read: IOPS=5878, BW=23.0MiB/s (24.1MB/s)(1375MiB/59880msec)
    clat (usec): min=42, max=58828, avg=6643.76, stdev=3414.65
    clat percentiles (usec):
     |  1.00th=[   67],  5.00th=[   94], 10.00th=[  123], 20.00th=[ 6128],
     | 30.00th=[ 6718], 40.00th=[ 7111], 50.00th=[ 7504], 60.00th=[ 7898],
     | 70.00th=[ 8291], 80.00th=[ 8717], 90.00th=[ 9241], 95.00th=[ 9765],
     | 99.00th=[10290], 99.50th=[10552], 99.90th=[37487], 99.95th=[51119],
     | 99.99th=[57934]
   bw (  KiB/s): min=17462, max=37920, per=100.00%, avg=23652.05, stdev=60.13, samples=5192
   iops        : min= 4364, max= 9480, avg=5913.00, stdev=15.03, samples=5192
  cpu          : usr=9.33%, sys=1.18%, ctx=1858279, majf=0, minf=0
  IO depths    : 1=100.0%, 2=0.0%, 4=0.0%, 8=0.0%, 16=0.0%, 32=0.0%, >=64=0.0%
     submit    : 0=0.0%, 4=100.0%, 8=0.0%, 16=0.0%, 32=0.0%, 64=0.0%, >=64=0.0%
     complete  : 0=0.0%, 4=100.0%, 8=0.0%, 16=0.0%, 32=0.0%, 64=0.0%, >=64=0.0%
     issued rwts: total=352000,0,0,0 short=0,0,0,0 dropped=0,0,0,0
     latency   : target=0, window=0, percentile=100.00%, depth=1

Run status group 0 (all jobs):
   READ: bw=23.0MiB/s (24.1MB/s), 23.0MiB/s-23.0MiB/s (24.1MB/s-24.1MB/s), io=1375MiB (1442MB), run=59880-59880msec
