create: (g=0): rw=read, bs=(R) 4096B-4096B, (W) 4096B-4096B, (T) 4096B-4096B, ioengine=filecreate, iodepth=1
...
fio-3.41
Starting 36 threads

create: (groupid=0, jobs=36): err= 0: pid=842352: Sat Mar 14 16:49:08 2026
  read: IOPS=5983, BW=23.4MiB/s (24.5MB/s)(1125MiB/48135msec)
    clat (usec): min=43, max=65000, avg=5394.03, stdev=3048.03
    clat percentiles (usec):
     |  1.00th=[   61],  5.00th=[   88], 10.00th=[  116], 20.00th=[ 4555],
     | 30.00th=[ 5211], 40.00th=[ 5669], 50.00th=[ 6063], 60.00th=[ 6456],
     | 70.00th=[ 6980], 80.00th=[ 7504], 90.00th=[ 7832], 95.00th=[ 8094],
     | 99.00th=[ 8586], 99.50th=[ 8848], 99.90th=[31065], 99.95th=[49546],
     | 99.99th=[64226]
   bw (  KiB/s): min=18152, max=31216, per=100.00%, avg=24037.78, stdev=76.32, samples=3431
   iops        : min= 4538, max= 7804, avg=6009.42, stdev=19.08, samples=3431
  cpu          : usr=8.58%, sys=1.41%, ctx=1516989, majf=0, minf=0
  IO depths    : 1=100.0%, 2=0.0%, 4=0.0%, 8=0.0%, 16=0.0%, 32=0.0%, >=64=0.0%
     submit    : 0=0.0%, 4=100.0%, 8=0.0%, 16=0.0%, 32=0.0%, 64=0.0%, >=64=0.0%
     complete  : 0=0.0%, 4=100.0%, 8=0.0%, 16=0.0%, 32=0.0%, 64=0.0%, >=64=0.0%
     issued rwts: total=288000,0,0,0 short=0,0,0,0 dropped=0,0,0,0
     latency   : target=0, window=0, percentile=100.00%, depth=1

Run status group 0 (all jobs):
   READ: bw=23.4MiB/s (24.5MB/s), 23.4MiB/s-23.4MiB/s (24.5MB/s-24.5MB/s), io=1125MiB (1180MB), run=48135-48135msec
