create: (g=0): rw=read, bs=(R) 4096B-4096B, (W) 4096B-4096B, (T) 4096B-4096B, ioengine=filecreate, iodepth=1
...
fio-3.41
Starting 31 threads

create: (groupid=0, jobs=31): err= 0: pid=868343: Sat Mar 14 18:21:26 2026
  read: IOPS=6248, BW=24.4MiB/s (25.6MB/s)(969MiB/39690msec)
    clat (usec): min=42, max=59077, avg=4390.23, stdev=2630.17
    clat percentiles (usec):
     |  1.00th=[   57],  5.00th=[   79], 10.00th=[  110], 20.00th=[ 3490],
     | 30.00th=[ 4228], 40.00th=[ 4555], 50.00th=[ 4817], 60.00th=[ 5145],
     | 70.00th=[ 5604], 80.00th=[ 6259], 90.00th=[ 6652], 95.00th=[ 6915],
     | 99.00th=[ 7308], 99.50th=[ 7504], 99.90th=[32637], 99.95th=[46924],
     | 99.99th=[52167]
   bw (  KiB/s): min=16213, max=33356, per=100.00%, avg=25156.29, stdev=103.85, samples=2420
   iops        : min= 4050, max= 8338, avg=6288.90, stdev=25.97, samples=2420
  cpu          : usr=9.32%, sys=1.60%, ctx=1304920, majf=0, minf=0
  IO depths    : 1=100.0%, 2=0.0%, 4=0.0%, 8=0.0%, 16=0.0%, 32=0.0%, >=64=0.0%
     submit    : 0=0.0%, 4=100.0%, 8=0.0%, 16=0.0%, 32=0.0%, 64=0.0%, >=64=0.0%
     complete  : 0=0.0%, 4=100.0%, 8=0.0%, 16=0.0%, 32=0.0%, 64=0.0%, >=64=0.0%
     issued rwts: total=248000,0,0,0 short=0,0,0,0 dropped=0,0,0,0
     latency   : target=0, window=0, percentile=100.00%, depth=1

Run status group 0 (all jobs):
   READ: bw=24.4MiB/s (25.6MB/s), 24.4MiB/s-24.4MiB/s (25.6MB/s-25.6MB/s), io=969MiB (1016MB), run=39690-39690msec
