create: (g=0): rw=read, bs=(R) 4096B-4096B, (W) 4096B-4096B, (T) 4096B-4096B, ioengine=filecreate, iodepth=1
...
fio-3.41
Starting 11 threads

create: (groupid=0, jobs=11): err= 0: pid=865093: Sat Mar 14 18:11:20 2026
  read: IOPS=13.0k, BW=50.9MiB/s (53.3MB/s)(344MiB/6758msec)
    clat (usec): min=35, max=58146, avg=146.00, stdev=566.78
    clat percentiles (usec):
     |  1.00th=[   43],  5.00th=[   48], 10.00th=[   49], 20.00th=[   51],
     | 30.00th=[   58], 40.00th=[   75], 50.00th=[   92], 60.00th=[  114],
     | 70.00th=[  137], 80.00th=[  169], 90.00th=[  223], 95.00th=[  330],
     | 99.00th=[ 1004], 99.50th=[ 1106], 99.90th=[ 1385], 99.95th=[ 1631],
     | 99.99th=[44303]
   bw (  KiB/s): min=26155, max=120361, per=100.00%, avg=61892.45, stdev=2473.74, samples=116
   iops        : min= 6535, max=30090, avg=15472.76, stdev=618.46, samples=116
  cpu          : usr=68.62%, sys=4.37%, ctx=428656, majf=0, minf=0
  IO depths    : 1=100.0%, 2=0.0%, 4=0.0%, 8=0.0%, 16=0.0%, 32=0.0%, >=64=0.0%
     submit    : 0=0.0%, 4=100.0%, 8=0.0%, 16=0.0%, 32=0.0%, 64=0.0%, >=64=0.0%
     complete  : 0=0.0%, 4=100.0%, 8=0.0%, 16=0.0%, 32=0.0%, 64=0.0%, >=64=0.0%
     issued rwts: total=88000,0,0,0 short=0,0,0,0 dropped=0,0,0,0
     latency   : target=0, window=0, percentile=100.00%, depth=1

Run status group 0 (all jobs):
   READ: bw=50.9MiB/s (53.3MB/s), 50.9MiB/s-50.9MiB/s (53.3MB/s-53.3MB/s), io=344MiB (360MB), run=6758-6758msec
