create: (g=0): rw=read, bs=(R) 4096B-4096B, (W) 4096B-4096B, (T) 4096B-4096B, ioengine=filecreate, iodepth=1
...
fio-3.41
Starting 24 threads

create: (groupid=0, jobs=24): err= 0: pid=853869: Sat Mar 14 17:29:24 2026
  read: IOPS=6473, BW=25.3MiB/s (26.5MB/s)(750MiB/29659msec)
    clat (usec): min=41, max=65988, avg=3177.99, stdev=2278.79
    clat percentiles (usec):
     |  1.00th=[   53],  5.00th=[   68], 10.00th=[   90], 20.00th=[ 1713],
     | 30.00th=[ 2868], 40.00th=[ 3163], 50.00th=[ 3425], 60.00th=[ 3720],
     | 70.00th=[ 4080], 80.00th=[ 4752], 90.00th=[ 5080], 95.00th=[ 5342],
     | 99.00th=[ 5735], 99.50th=[ 5866], 99.90th=[28705], 99.95th=[49021],
     | 99.99th=[65274]
   bw (  KiB/s): min=18564, max=35426, per=100.00%, avg=26131.05, stdev=163.83, samples=1393
   iops        : min= 4640, max= 8852, avg=6532.48, stdev=40.95, samples=1393
  cpu          : usr=11.58%, sys=2.02%, ctx=1008759, majf=0, minf=0
  IO depths    : 1=100.0%, 2=0.0%, 4=0.0%, 8=0.0%, 16=0.0%, 32=0.0%, >=64=0.0%
     submit    : 0=0.0%, 4=100.0%, 8=0.0%, 16=0.0%, 32=0.0%, 64=0.0%, >=64=0.0%
     complete  : 0=0.0%, 4=100.0%, 8=0.0%, 16=0.0%, 32=0.0%, 64=0.0%, >=64=0.0%
     issued rwts: total=192000,0,0,0 short=0,0,0,0 dropped=0,0,0,0
     latency   : target=0, window=0, percentile=100.00%, depth=1

Run status group 0 (all jobs):
   READ: bw=25.3MiB/s (26.5MB/s), 25.3MiB/s-25.3MiB/s (26.5MB/s-26.5MB/s), io=750MiB (786MB), run=29659-29659msec
