create: (g=0): rw=read, bs=(R) 4096B-4096B, (W) 4096B-4096B, (T) 4096B-4096B, ioengine=filecreate, iodepth=1
...
fio-3.41
Starting 48 threads

create: (groupid=0, jobs=48): err= 0: pid=862583: Sat Mar 14 18:03:25 2026
  read: IOPS=5930, BW=23.2MiB/s (24.3MB/s)(1500MiB/64755msec)
    clat (usec): min=42, max=79648, avg=7207.92, stdev=3660.34
    clat percentiles (usec):
     |  1.00th=[   68],  5.00th=[   96], 10.00th=[  125], 20.00th=[ 6718],
     | 30.00th=[ 7308], 40.00th=[ 7701], 50.00th=[ 8029], 60.00th=[ 8356],
     | 70.00th=[ 8848], 80.00th=[ 9503], 90.00th=[10028], 95.00th=[10421],
     | 99.00th=[10945], 99.50th=[11338], 99.90th=[44827], 99.95th=[50594],
     | 99.99th=[79168]
   bw (  KiB/s): min=15191, max=39520, per=100.00%, avg=23866.49, stdev=60.90, samples=6148
   iops        : min= 3797, max= 9880, avg=5966.62, stdev=15.23, samples=6148
  cpu          : usr=9.21%, sys=1.08%, ctx=2029527, majf=0, minf=0
  IO depths    : 1=100.0%, 2=0.0%, 4=0.0%, 8=0.0%, 16=0.0%, 32=0.0%, >=64=0.0%
     submit    : 0=0.0%, 4=100.0%, 8=0.0%, 16=0.0%, 32=0.0%, 64=0.0%, >=64=0.0%
     complete  : 0=0.0%, 4=100.0%, 8=0.0%, 16=0.0%, 32=0.0%, 64=0.0%, >=64=0.0%
     issued rwts: total=384000,0,0,0 short=0,0,0,0 dropped=0,0,0,0
     latency   : target=0, window=0, percentile=100.00%, depth=1

Run status group 0 (all jobs):
   READ: bw=23.2MiB/s (24.3MB/s), 23.2MiB/s-23.2MiB/s (24.3MB/s-24.3MB/s), io=1500MiB (1573MB), run=64755-64755msec
