create: (g=0): rw=read, bs=(R) 4096B-4096B, (W) 4096B-4096B, (T) 4096B-4096B, ioengine=filecreate, iodepth=1
...
fio-3.41
Starting 2 threads

create: (groupid=0, jobs=2): err= 0: pid=870591: Sat Mar 14 18:33:20 2026
  read: IOPS=4707, BW=18.4MiB/s (19.3MB/s)(62.5MiB/3399msec)
    clat (usec): min=39, max=640, avg=49.13, stdev=12.31
    clat percentiles (usec):
     |  1.00th=[   42],  5.00th=[   43], 10.00th=[   43], 20.00th=[   44],
     | 30.00th=[   45], 40.00th=[   45], 50.00th=[   46], 60.00th=[   47],
     | 70.00th=[   49], 80.00th=[   53], 90.00th=[   59], 95.00th=[   67],
     | 99.00th=[   92], 99.50th=[  100], 99.90th=[  130], 99.95th=[  227],
     | 99.99th=[  603]
   bw (  KiB/s): min= 8096, max=24704, per=79.64%, avg=14996.00, stdev=2760.76, samples=12
   iops        : min= 2024, max= 6176, avg=3749.00, stdev=690.19, samples=12
  cpu          : usr=74.50%, sys=5.75%, ctx=66174, majf=0, minf=0
  IO depths    : 1=100.0%, 2=0.0%, 4=0.0%, 8=0.0%, 16=0.0%, 32=0.0%, >=64=0.0%
     submit    : 0=0.0%, 4=100.0%, 8=0.0%, 16=0.0%, 32=0.0%, 64=0.0%, >=64=0.0%
     complete  : 0=0.0%, 4=100.0%, 8=0.0%, 16=0.0%, 32=0.0%, 64=0.0%, >=64=0.0%
     issued rwts: total=16000,0,0,0 short=0,0,0,0 dropped=0,0,0,0
     latency   : target=0, window=0, percentile=100.00%, depth=1

Run status group 0 (all jobs):
   READ: bw=18.4MiB/s (19.3MB/s), 18.4MiB/s-18.4MiB/s (19.3MB/s-19.3MB/s), io=62.5MiB (65.5MB), run=3399-3399msec
