create: (g=0): rw=read, bs=(R) 4096B-4096B, (W) 4096B-4096B, (T) 4096B-4096B, ioengine=filecreate, iodepth=1
...
fio-3.41
Starting 24 threads

create: (groupid=0, jobs=24): err= 0: pid=834244: Sat Mar 14 16:18:29 2026
  read: IOPS=6631, BW=25.9MiB/s (27.2MB/s)(750MiB/28951msec)
    clat (usec): min=39, max=52526, avg=3114.93, stdev=2050.28
    clat percentiles (usec):
     |  1.00th=[   53],  5.00th=[   67], 10.00th=[   87], 20.00th=[ 2278],
     | 30.00th=[ 2900], 40.00th=[ 3195], 50.00th=[ 3458], 60.00th=[ 3818],
     | 70.00th=[ 4113], 80.00th=[ 4359], 90.00th=[ 4686], 95.00th=[ 4948],
     | 99.00th=[ 5342], 99.50th=[ 5473], 99.90th=[27919], 99.95th=[39584],
     | 99.99th=[49546]
   bw (  KiB/s): min=18580, max=33608, per=100.00%, avg=26710.59, stdev=131.53, samples=1368
   iops        : min= 4640, max= 8402, avg=6677.43, stdev=32.90, samples=1368
  cpu          : usr=11.41%, sys=1.96%, ctx=1009067, majf=0, minf=0
  IO depths    : 1=100.0%, 2=0.0%, 4=0.0%, 8=0.0%, 16=0.0%, 32=0.0%, >=64=0.0%
     submit    : 0=0.0%, 4=100.0%, 8=0.0%, 16=0.0%, 32=0.0%, 64=0.0%, >=64=0.0%
     complete  : 0=0.0%, 4=100.0%, 8=0.0%, 16=0.0%, 32=0.0%, 64=0.0%, >=64=0.0%
     issued rwts: total=192000,0,0,0 short=0,0,0,0 dropped=0,0,0,0
     latency   : target=0, window=0, percentile=100.00%, depth=1

Run status group 0 (all jobs):
   READ: bw=25.9MiB/s (27.2MB/s), 25.9MiB/s-25.9MiB/s (27.2MB/s-27.2MB/s), io=750MiB (786MB), run=28951-28951msec
