create: (g=0): rw=read, bs=(R) 4096B-4096B, (W) 4096B-4096B, (T) 4096B-4096B, ioengine=filecreate, iodepth=1
...
fio-3.41
Starting 11 threads

create: (groupid=0, jobs=11): err= 0: pid=838833: Sat Mar 14 16:37:01 2026
  read: IOPS=10.6k, BW=41.3MiB/s (43.3MB/s)(344MiB/8330msec)
    clat (usec): min=38, max=49933, avg=446.74, stdev=747.52
    clat percentiles (usec):
     |  1.00th=[   47],  5.00th=[   49], 10.00th=[   51], 20.00th=[   56],
     | 30.00th=[   74], 40.00th=[   96], 50.00th=[  139], 60.00th=[  241],
     | 70.00th=[  848], 80.00th=[  971], 90.00th=[ 1090], 95.00th=[ 1188],
     | 99.00th=[ 1352], 99.50th=[ 1401], 99.90th=[ 1598], 99.95th=[ 3228],
     | 99.99th=[40633]
   bw (  KiB/s): min=25257, max=79312, per=100.00%, avg=49551.14, stdev=1365.47, samples=157
   iops        : min= 6312, max=19828, avg=12387.59, stdev=341.39, samples=157
  cpu          : usr=44.10%, sys=4.63%, ctx=443746, majf=0, minf=0
  IO depths    : 1=100.0%, 2=0.0%, 4=0.0%, 8=0.0%, 16=0.0%, 32=0.0%, >=64=0.0%
     submit    : 0=0.0%, 4=100.0%, 8=0.0%, 16=0.0%, 32=0.0%, 64=0.0%, >=64=0.0%
     complete  : 0=0.0%, 4=100.0%, 8=0.0%, 16=0.0%, 32=0.0%, 64=0.0%, >=64=0.0%
     issued rwts: total=88000,0,0,0 short=0,0,0,0 dropped=0,0,0,0
     latency   : target=0, window=0, percentile=100.00%, depth=1

Run status group 0 (all jobs):
   READ: bw=41.3MiB/s (43.3MB/s), 41.3MiB/s-41.3MiB/s (43.3MB/s-43.3MB/s), io=344MiB (360MB), run=8330-8330msec
