create: (g=0): rw=read, bs=(R) 4096B-4096B, (W) 4096B-4096B, (T) 4096B-4096B, ioengine=filecreate, iodepth=1
...
fio-3.41
Starting 11 threads

create: (groupid=0, jobs=11): err= 0: pid=878254: Sat Mar 14 18:58:06 2026
  read: IOPS=11.9k, BW=46.4MiB/s (48.7MB/s)(344MiB/7407msec)
    clat (usec): min=37, max=55310, avg=281.19, stdev=637.38
    clat percentiles (usec):
     |  1.00th=[   43],  5.00th=[   48], 10.00th=[   49], 20.00th=[   53],
     | 30.00th=[   65], 40.00th=[   85], 50.00th=[  104], 60.00th=[  135],
     | 70.00th=[  178], 80.00th=[  594], 90.00th=[  938], 95.00th=[ 1074],
     | 99.00th=[ 1270], 99.50th=[ 1352], 99.90th=[ 1532], 99.95th=[ 1876],
     | 99.99th=[43254]
   bw (  KiB/s): min=25960, max=111616, per=100.00%, avg=56870.72, stdev=2078.46, samples=133
   iops        : min= 6486, max=27904, avg=14217.35, stdev=519.65, samples=133
  cpu          : usr=54.14%, sys=4.86%, ctx=435762, majf=0, minf=0
  IO depths    : 1=100.0%, 2=0.0%, 4=0.0%, 8=0.0%, 16=0.0%, 32=0.0%, >=64=0.0%
     submit    : 0=0.0%, 4=100.0%, 8=0.0%, 16=0.0%, 32=0.0%, 64=0.0%, >=64=0.0%
     complete  : 0=0.0%, 4=100.0%, 8=0.0%, 16=0.0%, 32=0.0%, 64=0.0%, >=64=0.0%
     issued rwts: total=88000,0,0,0 short=0,0,0,0 dropped=0,0,0,0
     latency   : target=0, window=0, percentile=100.00%, depth=1

Run status group 0 (all jobs):
   READ: bw=46.4MiB/s (48.7MB/s), 46.4MiB/s-46.4MiB/s (48.7MB/s-48.7MB/s), io=344MiB (360MB), run=7407-7407msec
