create: (g=0): rw=read, bs=(R) 4096B-4096B, (W) 4096B-4096B, (T) 4096B-4096B, ioengine=filecreate, iodepth=1
...
fio-3.41
Starting 11 threads

create: (groupid=0, jobs=11): err= 0: pid=858465: Sat Mar 14 17:47:55 2026
  read: IOPS=12.5k, BW=48.8MiB/s (51.2MB/s)(344MiB/7037msec)
    clat (usec): min=36, max=56746, avg=186.61, stdev=615.11
    clat percentiles (usec):
     |  1.00th=[   42],  5.00th=[   46], 10.00th=[   48], 20.00th=[   50],
     | 30.00th=[   54], 40.00th=[   67], 50.00th=[   86], 60.00th=[  102],
     | 70.00th=[  133], 80.00th=[  176], 90.00th=[  603], 95.00th=[  881],
     | 99.00th=[ 1106], 99.50th=[ 1172], 99.90th=[ 1467], 99.95th=[ 2474],
     | 99.99th=[40109]
   bw (  KiB/s): min=27086, max=119093, per=100.00%, avg=60901.21, stdev=2287.63, samples=121
   iops        : min= 6768, max=29771, avg=15224.76, stdev=571.89, samples=121
  cpu          : usr=65.44%, sys=4.35%, ctx=425266, majf=0, minf=0
  IO depths    : 1=100.0%, 2=0.0%, 4=0.0%, 8=0.0%, 16=0.0%, 32=0.0%, >=64=0.0%
     submit    : 0=0.0%, 4=100.0%, 8=0.0%, 16=0.0%, 32=0.0%, 64=0.0%, >=64=0.0%
     complete  : 0=0.0%, 4=100.0%, 8=0.0%, 16=0.0%, 32=0.0%, 64=0.0%, >=64=0.0%
     issued rwts: total=88000,0,0,0 short=0,0,0,0 dropped=0,0,0,0
     latency   : target=0, window=0, percentile=100.00%, depth=1

Run status group 0 (all jobs):
   READ: bw=48.8MiB/s (51.2MB/s), 48.8MiB/s-48.8MiB/s (51.2MB/s-51.2MB/s), io=344MiB (360MB), run=7037-7037msec
