create: (g=0): rw=read, bs=(R) 4096B-4096B, (W) 4096B-4096B, (T) 4096B-4096B, ioengine=filecreate, iodepth=1
...
fio-3.41
Starting 2 threads

create: (groupid=0, jobs=2): err= 0: pid=831176: Sat Mar 14 16:12:01 2026
  read: IOPS=4950, BW=19.3MiB/s (20.3MB/s)(62.5MiB/3232msec)
    clat (usec): min=39, max=42654, avg=51.55, stdev=337.05
    clat percentiles (usec):
     |  1.00th=[   42],  5.00th=[   43], 10.00th=[   43], 20.00th=[   44],
     | 30.00th=[   44], 40.00th=[   45], 50.00th=[   46], 60.00th=[   47],
     | 70.00th=[   49], 80.00th=[   54], 90.00th=[   59], 95.00th=[   66],
     | 99.00th=[   91], 99.50th=[  100], 99.90th=[  143], 99.95th=[  245],
     | 99.99th=[  635]
   bw (  KiB/s): min= 8999, max=31112, per=85.64%, avg=16959.83, stdev=3705.61, samples=12
   iops        : min= 2249, max= 7778, avg=4239.83, stdev=926.48, samples=12
  cpu          : usr=73.77%, sys=5.91%, ctx=65880, majf=0, minf=0
  IO depths    : 1=100.0%, 2=0.0%, 4=0.0%, 8=0.0%, 16=0.0%, 32=0.0%, >=64=0.0%
     submit    : 0=0.0%, 4=100.0%, 8=0.0%, 16=0.0%, 32=0.0%, 64=0.0%, >=64=0.0%
     complete  : 0=0.0%, 4=100.0%, 8=0.0%, 16=0.0%, 32=0.0%, 64=0.0%, >=64=0.0%
     issued rwts: total=16000,0,0,0 short=0,0,0,0 dropped=0,0,0,0
     latency   : target=0, window=0, percentile=100.00%, depth=1

Run status group 0 (all jobs):
   READ: bw=19.3MiB/s (20.3MB/s), 19.3MiB/s-19.3MiB/s (20.3MB/s-20.3MB/s), io=62.5MiB (65.5MB), run=3232-3232msec
