create: (g=0): rw=read, bs=(R) 4096B-4096B, (W) 4096B-4096B, (T) 4096B-4096B, ioengine=filecreate, iodepth=1
...
fio-3.41
Starting 20 threads

create: (groupid=0, jobs=20): err= 0: pid=827028: Sat Mar 14 15:52:27 2026
  read: IOPS=8045, BW=31.4MiB/s (33.0MB/s)(625MiB/19886msec)
    clat (usec): min=40, max=49010, avg=2080.74, stdev=1497.27
    clat percentiles (usec):
     |  1.00th=[   51],  5.00th=[   55], 10.00th=[   61], 20.00th=[   87],
     | 30.00th=[ 2024], 40.00th=[ 2311], 50.00th=[ 2474], 60.00th=[ 2638],
     | 70.00th=[ 2769], 80.00th=[ 2933], 90.00th=[ 3130], 95.00th=[ 3261],
     | 99.00th=[ 3490], 99.50th=[ 3556], 99.90th=[ 7570], 99.95th=[31589],
     | 99.99th=[47449]
   bw (  KiB/s): min=24978, max=36432, per=100.00%, avg=32288.93, stdev=124.10, samples=779
   iops        : min= 6244, max= 9108, avg=8072.22, stdev=31.03, samples=779
  cpu          : usr=13.50%, sys=2.20%, ctx=838364, majf=0, minf=0
  IO depths    : 1=100.0%, 2=0.0%, 4=0.0%, 8=0.0%, 16=0.0%, 32=0.0%, >=64=0.0%
     submit    : 0=0.0%, 4=100.0%, 8=0.0%, 16=0.0%, 32=0.0%, 64=0.0%, >=64=0.0%
     complete  : 0=0.0%, 4=100.0%, 8=0.0%, 16=0.0%, 32=0.0%, 64=0.0%, >=64=0.0%
     issued rwts: total=160000,0,0,0 short=0,0,0,0 dropped=0,0,0,0
     latency   : target=0, window=0, percentile=100.00%, depth=1

Run status group 0 (all jobs):
   READ: bw=31.4MiB/s (33.0MB/s), 31.4MiB/s-31.4MiB/s (33.0MB/s-33.0MB/s), io=625MiB (655MB), run=19886-19886msec
