create: (g=0): rw=read, bs=(R) 4096B-4096B, (W) 4096B-4096B, (T) 4096B-4096B, ioengine=filecreate, iodepth=1
...
fio-3.41
Starting 30 threads

create: (groupid=0, jobs=30): err= 0: pid=848334: Sat Mar 14 17:09:58 2026
  read: IOPS=6061, BW=23.7MiB/s (24.8MB/s)(938MiB/39594msec)
    clat (usec): min=41, max=63418, avg=4380.26, stdev=2579.77
    clat percentiles (usec):
     |  1.00th=[   57],  5.00th=[   81], 10.00th=[  111], 20.00th=[ 3589],
     | 30.00th=[ 4228], 40.00th=[ 4490], 50.00th=[ 4817], 60.00th=[ 5145],
     | 70.00th=[ 5669], 80.00th=[ 6259], 90.00th=[ 6587], 95.00th=[ 6849],
     | 99.00th=[ 7308], 99.50th=[ 7439], 99.90th=[27919], 99.95th=[41157],
     | 99.99th=[54789]
   bw (  KiB/s): min=17257, max=31160, per=100.00%, avg=24387.01, stdev=103.56, samples=2340
   iops        : min= 4310, max= 7790, avg=6096.67, stdev=25.90, samples=2340
  cpu          : usr=9.36%, sys=1.68%, ctx=1262268, majf=0, minf=0
  IO depths    : 1=100.0%, 2=0.0%, 4=0.0%, 8=0.0%, 16=0.0%, 32=0.0%, >=64=0.0%
     submit    : 0=0.0%, 4=100.0%, 8=0.0%, 16=0.0%, 32=0.0%, 64=0.0%, >=64=0.0%
     complete  : 0=0.0%, 4=100.0%, 8=0.0%, 16=0.0%, 32=0.0%, 64=0.0%, >=64=0.0%
     issued rwts: total=240000,0,0,0 short=0,0,0,0 dropped=0,0,0,0
     latency   : target=0, window=0, percentile=100.00%, depth=1

Run status group 0 (all jobs):
   READ: bw=23.7MiB/s (24.8MB/s), 23.7MiB/s-23.7MiB/s (24.8MB/s-24.8MB/s), io=938MiB (983MB), run=39594-39594msec
