create: (g=0): rw=read, bs=(R) 4096B-4096B, (W) 4096B-4096B, (T) 4096B-4096B, ioengine=filecreate, iodepth=1
...
fio-3.41
Starting 4 threads

create: (groupid=0, jobs=4): err= 0: pid=864205: Sat Mar 14 18:10:14 2026
  read: IOPS=8396, BW=32.8MiB/s (34.4MB/s)(125MiB/3811msec)
    clat (usec): min=34, max=49935, avg=62.57, stdev=435.26
    clat percentiles (usec):
     |  1.00th=[   42],  5.00th=[   43], 10.00th=[   44], 20.00th=[   46],
     | 30.00th=[   47], 40.00th=[   48], 50.00th=[   49], 60.00th=[   51],
     | 70.00th=[   59], 80.00th=[   70], 90.00th=[   89], 95.00th=[  100],
     | 99.00th=[  133], 99.50th=[  145], 99.90th=[  206], 99.95th=[  474],
     | 99.99th=[  873]
   bw (  KiB/s): min=15276, max=61719, per=96.57%, avg=32436.21, stdev=3806.75, samples=25
   iops        : min= 3818, max=15429, avg=8108.79, stdev=951.66, samples=25
  cpu          : usr=71.00%, sys=6.45%, ctx=137060, majf=0, minf=0
  IO depths    : 1=100.0%, 2=0.0%, 4=0.0%, 8=0.0%, 16=0.0%, 32=0.0%, >=64=0.0%
     submit    : 0=0.0%, 4=100.0%, 8=0.0%, 16=0.0%, 32=0.0%, 64=0.0%, >=64=0.0%
     complete  : 0=0.0%, 4=100.0%, 8=0.0%, 16=0.0%, 32=0.0%, 64=0.0%, >=64=0.0%
     issued rwts: total=32000,0,0,0 short=0,0,0,0 dropped=0,0,0,0
     latency   : target=0, window=0, percentile=100.00%, depth=1

Run status group 0 (all jobs):
   READ: bw=32.8MiB/s (34.4MB/s), 32.8MiB/s-32.8MiB/s (34.4MB/s-34.4MB/s), io=125MiB (131MB), run=3811-3811msec
