create: (g=0): rw=read, bs=(R) 4096B-4096B, (W) 4096B-4096B, (T) 4096B-4096B, ioengine=filecreate, iodepth=1
...
fio-3.41
Starting 8 threads

create: (groupid=0, jobs=8): err= 0: pid=858071: Sat Mar 14 17:47:24 2026
  read: IOPS=8944, BW=34.9MiB/s (36.6MB/s)(250MiB/7155msec)
    clat (usec): min=35, max=52699, avg=76.42, stdev=432.06
    clat percentiles (usec):
     |  1.00th=[   39],  5.00th=[   43], 10.00th=[   45], 20.00th=[   48],
     | 30.00th=[   49], 40.00th=[   50], 50.00th=[   54], 60.00th=[   63],
     | 70.00th=[   77], 80.00th=[   93], 90.00th=[  124], 95.00th=[  149],
     | 99.00th=[  210], 99.50th=[  241], 99.90th=[  668], 99.95th=[ 1029],
     | 99.99th=[ 1663]
   bw (  KiB/s): min=24123, max=120387, per=100.00%, avg=52783.93, stdev=3949.64, samples=73
   iops        : min= 6029, max=30096, avg=13195.66, stdev=987.42, samples=73
  cpu          : usr=76.65%, sys=4.37%, ctx=288108, majf=0, minf=0
  IO depths    : 1=100.0%, 2=0.0%, 4=0.0%, 8=0.0%, 16=0.0%, 32=0.0%, >=64=0.0%
     submit    : 0=0.0%, 4=100.0%, 8=0.0%, 16=0.0%, 32=0.0%, 64=0.0%, >=64=0.0%
     complete  : 0=0.0%, 4=100.0%, 8=0.0%, 16=0.0%, 32=0.0%, 64=0.0%, >=64=0.0%
     issued rwts: total=64000,0,0,0 short=0,0,0,0 dropped=0,0,0,0
     latency   : target=0, window=0, percentile=100.00%, depth=1

Run status group 0 (all jobs):
   READ: bw=34.9MiB/s (36.6MB/s), 34.9MiB/s-34.9MiB/s (36.6MB/s-36.6MB/s), io=250MiB (262MB), run=7155-7155msec
