create: (g=0): rw=read, bs=(R) 4096B-4096B, (W) 4096B-4096B, (T) 4096B-4096B, ioengine=filecreate, iodepth=1
...
fio-3.41
Starting 32 threads

create: (groupid=0, jobs=32): err= 0: pid=861776: Sat Mar 14 17:58:57 2026
  read: IOPS=5830, BW=22.8MiB/s (23.9MB/s)(1000MiB/43905msec)
    clat (usec): min=40, max=55713, avg=4918.90, stdev=2853.92
    clat percentiles (usec):
     |  1.00th=[   61],  5.00th=[   87], 10.00th=[  115], 20.00th=[ 4015],
     | 30.00th=[ 4817], 40.00th=[ 5211], 50.00th=[ 5538], 60.00th=[ 5997],
     | 70.00th=[ 6521], 80.00th=[ 6849], 90.00th=[ 7111], 95.00th=[ 7373],
     | 99.00th=[ 7898], 99.50th=[ 8094], 99.90th=[36963], 99.95th=[49546],
     | 99.99th=[54789]
   bw (  KiB/s): min=16725, max=29448, per=100.00%, avg=23396.44, stdev=85.06, samples=2778
   iops        : min= 4178, max= 7362, avg=5849.07, stdev=21.27, samples=2778
  cpu          : usr=8.56%, sys=1.54%, ctx=1345857, majf=0, minf=0
  IO depths    : 1=100.0%, 2=0.0%, 4=0.0%, 8=0.0%, 16=0.0%, 32=0.0%, >=64=0.0%
     submit    : 0=0.0%, 4=100.0%, 8=0.0%, 16=0.0%, 32=0.0%, 64=0.0%, >=64=0.0%
     complete  : 0=0.0%, 4=100.0%, 8=0.0%, 16=0.0%, 32=0.0%, 64=0.0%, >=64=0.0%
     issued rwts: total=256000,0,0,0 short=0,0,0,0 dropped=0,0,0,0
     latency   : target=0, window=0, percentile=100.00%, depth=1

Run status group 0 (all jobs):
   READ: bw=22.8MiB/s (23.9MB/s), 22.8MiB/s-22.8MiB/s (23.9MB/s-23.9MB/s), io=1000MiB (1049MB), run=43905-43905msec
