create: (g=0): rw=read, bs=(R) 4096B-4096B, (W) 4096B-4096B, (T) 4096B-4096B, ioengine=filecreate, iodepth=1
...
fio-3.41
Starting 19 threads

create: (groupid=0, jobs=19): err= 0: pid=859610: Sat Mar 14 17:50:29 2026
  read: IOPS=7751, BW=30.3MiB/s (31.7MB/s)(594MiB/19610msec)
    clat (usec): min=40, max=50192, avg=1989.77, stdev=1531.38
    clat percentiles (usec):
     |  1.00th=[   52],  5.00th=[   57], 10.00th=[   68], 20.00th=[   99],
     | 30.00th=[ 1827], 40.00th=[ 2114], 50.00th=[ 2311], 60.00th=[ 2507],
     | 70.00th=[ 2671], 80.00th=[ 2868], 90.00th=[ 3064], 95.00th=[ 3195],
     | 99.00th=[ 3392], 99.50th=[ 3458], 99.90th=[11207], 99.95th=[42206],
     | 99.99th=[46924]
   bw (  KiB/s): min=22424, max=35520, per=100.00%, avg=31133.25, stdev=137.94, samples=720
   iops        : min= 5600, max= 8880, avg=7783.13, stdev=34.52, samples=720
  cpu          : usr=15.29%, sys=2.39%, ctx=797610, majf=0, minf=0
  IO depths    : 1=100.0%, 2=0.0%, 4=0.0%, 8=0.0%, 16=0.0%, 32=0.0%, >=64=0.0%
     submit    : 0=0.0%, 4=100.0%, 8=0.0%, 16=0.0%, 32=0.0%, 64=0.0%, >=64=0.0%
     complete  : 0=0.0%, 4=100.0%, 8=0.0%, 16=0.0%, 32=0.0%, 64=0.0%, >=64=0.0%
     issued rwts: total=152000,0,0,0 short=0,0,0,0 dropped=0,0,0,0
     latency   : target=0, window=0, percentile=100.00%, depth=1

Run status group 0 (all jobs):
   READ: bw=30.3MiB/s (31.7MB/s), 30.3MiB/s-30.3MiB/s (31.7MB/s-31.7MB/s), io=594MiB (623MB), run=19610-19610msec
