create: (g=0): rw=read, bs=(R) 4096B-4096B, (W) 4096B-4096B, (T) 4096B-4096B, ioengine=filecreate, iodepth=1
...
fio-3.41
Starting 9 threads

create: (groupid=0, jobs=9): err= 0: pid=832032: Sat Mar 14 16:12:57 2026
  read: IOPS=10.5k, BW=41.2MiB/s (43.2MB/s)(281MiB/6830msec)
    clat (usec): min=33, max=53800, avg=95.83, stdev=353.99
    clat percentiles (usec):
     |  1.00th=[   41],  5.00th=[   44], 10.00th=[   47], 20.00th=[   49],
     | 30.00th=[   50], 40.00th=[   54], 50.00th=[   65], 60.00th=[   82],
     | 70.00th=[   97], 80.00th=[  127], 90.00th=[  169], 95.00th=[  212],
     | 99.00th=[  396], 99.50th=[  537], 99.90th=[ 1037], 99.95th=[ 1860],
     | 99.99th=[ 2638]
   bw (  KiB/s): min=30122, max=115103, per=100.00%, avg=61556.31, stdev=2988.62, samples=82
   iops        : min= 7530, max=28775, avg=15388.93, stdev=747.14, samples=82
  cpu          : usr=72.85%, sys=4.97%, ctx=337292, majf=0, minf=0
  IO depths    : 1=100.0%, 2=0.0%, 4=0.0%, 8=0.0%, 16=0.0%, 32=0.0%, >=64=0.0%
     submit    : 0=0.0%, 4=100.0%, 8=0.0%, 16=0.0%, 32=0.0%, 64=0.0%, >=64=0.0%
     complete  : 0=0.0%, 4=100.0%, 8=0.0%, 16=0.0%, 32=0.0%, 64=0.0%, >=64=0.0%
     issued rwts: total=72000,0,0,0 short=0,0,0,0 dropped=0,0,0,0
     latency   : target=0, window=0, percentile=100.00%, depth=1

Run status group 0 (all jobs):
   READ: bw=41.2MiB/s (43.2MB/s), 41.2MiB/s-41.2MiB/s (43.2MB/s-43.2MB/s), io=281MiB (295MB), run=6830-6830msec
