create: (g=0): rw=read, bs=(R) 4096B-4096B, (W) 4096B-4096B, (T) 4096B-4096B, ioengine=filecreate, iodepth=1
...
fio-3.41
Starting 7 threads

create: (groupid=0, jobs=7): err= 0: pid=838306: Sat Mar 14 16:36:19 2026
  read: IOPS=7192, BW=28.1MiB/s (29.5MB/s)(219MiB/7786msec)
    clat (usec): min=34, max=30742, avg=68.22, stdev=245.62
    clat percentiles (usec):
     |  1.00th=[   40],  5.00th=[   43], 10.00th=[   45], 20.00th=[   47],
     | 30.00th=[   48], 40.00th=[   50], 50.00th=[   51], 60.00th=[   56],
     | 70.00th=[   68], 80.00th=[   85], 90.00th=[  103], 95.00th=[  130],
     | 99.00th=[  184], 99.50th=[  206], 99.90th=[  506], 99.95th=[  807],
     | 99.99th=[ 2278]
   bw (  KiB/s): min=17512, max=94627, per=100.00%, avg=37918.74, stdev=3246.39, samples=78
   iops        : min= 4378, max=23656, avg=9479.37, stdev=811.59, samples=78
  cpu          : usr=83.45%, sys=3.68%, ctx=247274, majf=0, minf=0
  IO depths    : 1=100.0%, 2=0.0%, 4=0.0%, 8=0.0%, 16=0.0%, 32=0.0%, >=64=0.0%
     submit    : 0=0.0%, 4=100.0%, 8=0.0%, 16=0.0%, 32=0.0%, 64=0.0%, >=64=0.0%
     complete  : 0=0.0%, 4=100.0%, 8=0.0%, 16=0.0%, 32=0.0%, 64=0.0%, >=64=0.0%
     issued rwts: total=56000,0,0,0 short=0,0,0,0 dropped=0,0,0,0
     latency   : target=0, window=0, percentile=100.00%, depth=1

Run status group 0 (all jobs):
   READ: bw=28.1MiB/s (29.5MB/s), 28.1MiB/s-28.1MiB/s (29.5MB/s-29.5MB/s), io=219MiB (229MB), run=7786-7786msec
