create: (g=0): rw=read, bs=(R) 4096B-4096B, (W) 4096B-4096B, (T) 4096B-4096B, ioengine=filecreate, iodepth=1
...
fio-3.41
Starting 31 threads

create: (groupid=0, jobs=31): err= 0: pid=841981: Sat Mar 14 16:47:20 2026
  read: IOPS=6075, BW=23.7MiB/s (24.9MB/s)(969MiB/40817msec)
    clat (usec): min=43, max=59575, avg=4527.70, stdev=2754.53
    clat percentiles (usec):
     |  1.00th=[   57],  5.00th=[   82], 10.00th=[  111], 20.00th=[ 3687],
     | 30.00th=[ 4359], 40.00th=[ 4686], 50.00th=[ 4948], 60.00th=[ 5276],
     | 70.00th=[ 5866], 80.00th=[ 6456], 90.00th=[ 6783], 95.00th=[ 7046],
     | 99.00th=[ 7504], 99.50th=[ 7701], 99.90th=[28705], 99.95th=[50594],
     | 99.99th=[59507]
   bw (  KiB/s): min=16287, max=30464, per=100.00%, avg=24427.99, stdev=99.59, samples=2494
   iops        : min= 4069, max= 7616, avg=6106.93, stdev=24.90, samples=2494
  cpu          : usr=9.20%, sys=1.58%, ctx=1304712, majf=0, minf=3
  IO depths    : 1=100.0%, 2=0.0%, 4=0.0%, 8=0.0%, 16=0.0%, 32=0.0%, >=64=0.0%
     submit    : 0=0.0%, 4=100.0%, 8=0.0%, 16=0.0%, 32=0.0%, 64=0.0%, >=64=0.0%
     complete  : 0=0.0%, 4=100.0%, 8=0.0%, 16=0.0%, 32=0.0%, 64=0.0%, >=64=0.0%
     issued rwts: total=248000,0,0,0 short=0,0,0,0 dropped=0,0,0,0
     latency   : target=0, window=0, percentile=100.00%, depth=1

Run status group 0 (all jobs):
   READ: bw=23.7MiB/s (24.9MB/s), 23.7MiB/s-23.7MiB/s (24.9MB/s-24.9MB/s), io=969MiB (1016MB), run=40817-40817msec
