create: (g=0): rw=read, bs=(R) 4096B-4096B, (W) 4096B-4096B, (T) 4096B-4096B, ioengine=filecreate, iodepth=1
...
fio-3.41
Starting 7 threads

create: (groupid=0, jobs=7): err= 0: pid=824703: Sat Mar 14 15:48:47 2026
  read: IOPS=7473, BW=29.2MiB/s (30.6MB/s)(219MiB/7493msec)
    clat (usec): min=35, max=38826, avg=66.85, stdev=205.62
    clat percentiles (usec):
     |  1.00th=[   40],  5.00th=[   43], 10.00th=[   46], 20.00th=[   47],
     | 30.00th=[   48], 40.00th=[   50], 50.00th=[   51], 60.00th=[   56],
     | 70.00th=[   66], 80.00th=[   84], 90.00th=[  102], 95.00th=[  126],
     | 99.00th=[  169], 99.50th=[  190], 99.90th=[  519], 99.95th=[  922],
     | 99.99th=[ 2073]
   bw (  KiB/s): min=16882, max=90866, per=100.00%, avg=36618.18, stdev=3175.55, samples=76
   iops        : min= 4219, max=22716, avg=9154.24, stdev=793.87, samples=76
  cpu          : usr=83.20%, sys=3.89%, ctx=246402, majf=0, minf=0
  IO depths    : 1=100.0%, 2=0.0%, 4=0.0%, 8=0.0%, 16=0.0%, 32=0.0%, >=64=0.0%
     submit    : 0=0.0%, 4=100.0%, 8=0.0%, 16=0.0%, 32=0.0%, 64=0.0%, >=64=0.0%
     complete  : 0=0.0%, 4=100.0%, 8=0.0%, 16=0.0%, 32=0.0%, 64=0.0%, >=64=0.0%
     issued rwts: total=56000,0,0,0 short=0,0,0,0 dropped=0,0,0,0
     latency   : target=0, window=0, percentile=100.00%, depth=1

Run status group 0 (all jobs):
   READ: bw=29.2MiB/s (30.6MB/s), 29.2MiB/s-29.2MiB/s (30.6MB/s-30.6MB/s), io=219MiB (229MB), run=7493-7493msec
