create: (g=0): rw=read, bs=(R) 4096B-4096B, (W) 4096B-4096B, (T) 4096B-4096B, ioengine=filecreate, iodepth=1
...
fio-3.41
Starting 3 threads

create: (groupid=0, jobs=3): err= 0: pid=877228: Sat Mar 14 18:56:54 2026
  read: IOPS=5809, BW=22.7MiB/s (23.8MB/s)(93.8MiB/4131msec)
    clat (usec): min=36, max=44351, avg=58.95, stdev=286.81
    clat percentiles (usec):
     |  1.00th=[   42],  5.00th=[   43], 10.00th=[   44], 20.00th=[   45],
     | 30.00th=[   46], 40.00th=[   47], 50.00th=[   48], 60.00th=[   50],
     | 70.00th=[   58], 80.00th=[   68], 90.00th=[   85], 95.00th=[   97],
     | 99.00th=[  130], 99.50th=[  141], 99.90th=[  184], 99.95th=[  314],
     | 99.99th=[  840]
   bw (  KiB/s): min=10782, max=50976, per=100.00%, avg=23262.42, stdev=4202.29, samples=22
   iops        : min= 2695, max=12744, avg=5815.54, stdev=1050.60, samples=22
  cpu          : usr=74.22%, sys=5.22%, ctx=102807, majf=0, minf=0
  IO depths    : 1=100.0%, 2=0.0%, 4=0.0%, 8=0.0%, 16=0.0%, 32=0.0%, >=64=0.0%
     submit    : 0=0.0%, 4=100.0%, 8=0.0%, 16=0.0%, 32=0.0%, 64=0.0%, >=64=0.0%
     complete  : 0=0.0%, 4=100.0%, 8=0.0%, 16=0.0%, 32=0.0%, 64=0.0%, >=64=0.0%
     issued rwts: total=24000,0,0,0 short=0,0,0,0 dropped=0,0,0,0
     latency   : target=0, window=0, percentile=100.00%, depth=1

Run status group 0 (all jobs):
   READ: bw=22.7MiB/s (23.8MB/s), 22.7MiB/s-22.7MiB/s (23.8MB/s-23.8MB/s), io=93.8MiB (98.3MB), run=4131-4131msec
