create: (g=0): rw=read, bs=(R) 4096B-4096B, (W) 4096B-4096B, (T) 4096B-4096B, ioengine=filecreate, iodepth=1
...
fio-3.41
Starting 11 threads

create: (groupid=0, jobs=11): err= 0: pid=845371: Sat Mar 14 17:00:37 2026
  read: IOPS=12.1k, BW=47.2MiB/s (49.5MB/s)(344MiB/7285msec)
    clat (usec): min=38, max=37482, avg=327.83, stdev=585.48
    clat percentiles (usec):
     |  1.00th=[   46],  5.00th=[   48], 10.00th=[   50], 20.00th=[   53],
     | 30.00th=[   67], 40.00th=[   86], 50.00th=[  110], 60.00th=[  143],
     | 70.00th=[  192], 80.00th=[  832], 90.00th=[ 1057], 95.00th=[ 1172],
     | 99.00th=[ 1336], 99.50th=[ 1401], 99.90th=[ 1582], 99.95th=[ 2212],
     | 99.99th=[35914]
   bw (  KiB/s): min=29696, max=122040, per=100.00%, avg=56066.90, stdev=2223.77, samples=137
   iops        : min= 7423, max=30510, avg=14016.51, stdev=555.96, samples=137
  cpu          : usr=51.76%, sys=4.56%, ctx=438145, majf=0, minf=0
  IO depths    : 1=100.0%, 2=0.0%, 4=0.0%, 8=0.0%, 16=0.0%, 32=0.0%, >=64=0.0%
     submit    : 0=0.0%, 4=100.0%, 8=0.0%, 16=0.0%, 32=0.0%, 64=0.0%, >=64=0.0%
     complete  : 0=0.0%, 4=100.0%, 8=0.0%, 16=0.0%, 32=0.0%, 64=0.0%, >=64=0.0%
     issued rwts: total=88000,0,0,0 short=0,0,0,0 dropped=0,0,0,0
     latency   : target=0, window=0, percentile=100.00%, depth=1

Run status group 0 (all jobs):
   READ: bw=47.2MiB/s (49.5MB/s), 47.2MiB/s-47.2MiB/s (49.5MB/s-49.5MB/s), io=344MiB (360MB), run=7285-7285msec
