create: (g=0): rw=read, bs=(R) 4096B-4096B, (W) 4096B-4096B, (T) 4096B-4096B, ioengine=filecreate, iodepth=1
...
fio-3.41
Starting 22 threads

create: (groupid=0, jobs=22): err= 0: pid=873319: Sat Mar 14 18:38:36 2026
  read: IOPS=7347, BW=28.7MiB/s (30.1MB/s)(688MiB/23955msec)
    clat (usec): min=41, max=52670, avg=2531.05, stdev=1842.70
    clat percentiles (usec):
     |  1.00th=[   52],  5.00th=[   60], 10.00th=[   74], 20.00th=[  133],
     | 30.00th=[ 2376], 40.00th=[ 2671], 50.00th=[ 2868], 60.00th=[ 3032],
     | 70.00th=[ 3228], 80.00th=[ 3621], 90.00th=[ 4015], 95.00th=[ 4178],
     | 99.00th=[ 4490], 99.50th=[ 4621], 99.90th=[14484], 99.95th=[44303],
     | 99.99th=[49021]
   bw (  KiB/s): min=21607, max=34648, per=100.00%, avg=29489.56, stdev=150.87, samples=1031
   iops        : min= 5400, max= 8662, avg=7372.30, stdev=37.72, samples=1031
  cpu          : usr=12.66%, sys=2.08%, ctx=923799, majf=0, minf=0
  IO depths    : 1=100.0%, 2=0.0%, 4=0.0%, 8=0.0%, 16=0.0%, 32=0.0%, >=64=0.0%
     submit    : 0=0.0%, 4=100.0%, 8=0.0%, 16=0.0%, 32=0.0%, 64=0.0%, >=64=0.0%
     complete  : 0=0.0%, 4=100.0%, 8=0.0%, 16=0.0%, 32=0.0%, 64=0.0%, >=64=0.0%
     issued rwts: total=176000,0,0,0 short=0,0,0,0 dropped=0,0,0,0
     latency   : target=0, window=0, percentile=100.00%, depth=1

Run status group 0 (all jobs):
   READ: bw=28.7MiB/s (30.1MB/s), 28.7MiB/s-28.7MiB/s (30.1MB/s-30.1MB/s), io=688MiB (721MB), run=23955-23955msec
