create: (g=0): rw=read, bs=(R) 4096B-4096B, (W) 4096B-4096B, (T) 4096B-4096B, ioengine=filecreate, iodepth=1
...
fio-3.41
Starting 32 threads

create: (groupid=0, jobs=32): err= 0: pid=881570: Sat Mar 14 19:09:14 2026
  read: IOPS=5989, BW=23.4MiB/s (24.5MB/s)(1000MiB/42740msec)
    clat (usec): min=40, max=60347, avg=4771.91, stdev=2754.73
    clat percentiles (usec):
     |  1.00th=[   58],  5.00th=[   85], 10.00th=[  113], 20.00th=[ 3982],
     | 30.00th=[ 4621], 40.00th=[ 4948], 50.00th=[ 5211], 60.00th=[ 5604],
     | 70.00th=[ 6325], 80.00th=[ 6718], 90.00th=[ 7046], 95.00th=[ 7373],
     | 99.00th=[ 7832], 99.50th=[ 8029], 99.90th=[34341], 99.95th=[42730],
     | 99.99th=[51119]
   bw (  KiB/s): min=15988, max=30112, per=100.00%, avg=24070.44, stdev=95.28, samples=2703
   iops        : min= 3993, max= 7528, avg=6017.56, stdev=23.82, samples=2703
  cpu          : usr=8.77%, sys=1.54%, ctx=1346835, majf=0, minf=0
  IO depths    : 1=100.0%, 2=0.0%, 4=0.0%, 8=0.0%, 16=0.0%, 32=0.0%, >=64=0.0%
     submit    : 0=0.0%, 4=100.0%, 8=0.0%, 16=0.0%, 32=0.0%, 64=0.0%, >=64=0.0%
     complete  : 0=0.0%, 4=100.0%, 8=0.0%, 16=0.0%, 32=0.0%, 64=0.0%, >=64=0.0%
     issued rwts: total=256000,0,0,0 short=0,0,0,0 dropped=0,0,0,0
     latency   : target=0, window=0, percentile=100.00%, depth=1

Run status group 0 (all jobs):
   READ: bw=23.4MiB/s (24.5MB/s), 23.4MiB/s-23.4MiB/s (24.5MB/s-24.5MB/s), io=1000MiB (1049MB), run=42740-42740msec
