create: (g=0): rw=read, bs=(R) 4096B-4096B, (W) 4096B-4096B, (T) 4096B-4096B, ioengine=filecreate, iodepth=1
...
fio-3.41
Starting 6 threads

create: (groupid=0, jobs=6): err= 0: pid=824426: Sat Mar 14 15:48:37 2026
  read: IOPS=11.2k, BW=43.8MiB/s (45.9MB/s)(188MiB/4281msec)
    clat (usec): min=35, max=50384, avg=88.67, stdev=438.75
    clat percentiles (usec):
     |  1.00th=[   42],  5.00th=[   46], 10.00th=[   47], 20.00th=[   49],
     | 30.00th=[   51], 40.00th=[   54], 50.00th=[   65], 60.00th=[   82],
     | 70.00th=[   95], 80.00th=[  120], 90.00th=[  147], 95.00th=[  174],
     | 99.00th=[  215], 99.50th=[  237], 99.90th=[  553], 99.95th=[ 1237],
     | 99.99th=[31065]
   bw (  KiB/s): min=22209, max=83414, per=100.00%, avg=45922.35, stdev=3260.10, samples=41
   iops        : min= 5552, max=20853, avg=11480.49, stdev=815.00, samples=41
  cpu          : usr=68.68%, sys=5.99%, ctx=224374, majf=0, minf=0
  IO depths    : 1=100.0%, 2=0.0%, 4=0.0%, 8=0.0%, 16=0.0%, 32=0.0%, >=64=0.0%
     submit    : 0=0.0%, 4=100.0%, 8=0.0%, 16=0.0%, 32=0.0%, 64=0.0%, >=64=0.0%
     complete  : 0=0.0%, 4=100.0%, 8=0.0%, 16=0.0%, 32=0.0%, 64=0.0%, >=64=0.0%
     issued rwts: total=48000,0,0,0 short=0,0,0,0 dropped=0,0,0,0
     latency   : target=0, window=0, percentile=100.00%, depth=1

Run status group 0 (all jobs):
   READ: bw=43.8MiB/s (45.9MB/s), 43.8MiB/s-43.8MiB/s (45.9MB/s-45.9MB/s), io=188MiB (197MB), run=4281-4281msec
