create: (g=0): rw=read, bs=(R) 4096B-4096B, (W) 4096B-4096B, (T) 4096B-4096B, ioengine=filecreate, iodepth=1
...
fio-3.41
Starting 44 threads

create: (groupid=0, jobs=44): err= 0: pid=862361: Sat Mar 14 18:02:08 2026
  read: IOPS=5971, BW=23.3MiB/s (24.5MB/s)(1375MiB/58943msec)
    clat (usec): min=43, max=57528, avg=6521.65, stdev=3340.09
    clat percentiles (usec):
     |  1.00th=[   64],  5.00th=[   92], 10.00th=[  122], 20.00th=[ 5735],
     | 30.00th=[ 6521], 40.00th=[ 6980], 50.00th=[ 7308], 60.00th=[ 7701],
     | 70.00th=[ 8094], 80.00th=[ 8717], 90.00th=[ 9241], 95.00th=[ 9634],
     | 99.00th=[10290], 99.50th=[10552], 99.90th=[32900], 99.95th=[44827],
     | 99.99th=[55313]
   bw (  KiB/s): min=17784, max=37781, per=100.00%, avg=24067.82, stdev=63.86, samples=5117
   iops        : min= 4446, max= 9443, avg=6016.92, stdev=15.96, samples=5117
  cpu          : usr=9.57%, sys=1.17%, ctx=1858617, majf=0, minf=0
  IO depths    : 1=100.0%, 2=0.0%, 4=0.0%, 8=0.0%, 16=0.0%, 32=0.0%, >=64=0.0%
     submit    : 0=0.0%, 4=100.0%, 8=0.0%, 16=0.0%, 32=0.0%, 64=0.0%, >=64=0.0%
     complete  : 0=0.0%, 4=100.0%, 8=0.0%, 16=0.0%, 32=0.0%, 64=0.0%, >=64=0.0%
     issued rwts: total=352000,0,0,0 short=0,0,0,0 dropped=0,0,0,0
     latency   : target=0, window=0, percentile=100.00%, depth=1

Run status group 0 (all jobs):
   READ: bw=23.3MiB/s (24.5MB/s), 23.3MiB/s-23.3MiB/s (24.5MB/s-24.5MB/s), io=1375MiB (1442MB), run=58943-58943msec
