create: (g=0): rw=read, bs=(R) 4096B-4096B, (W) 4096B-4096B, (T) 4096B-4096B, ioengine=filecreate, iodepth=1
...
fio-3.41
Starting 17 threads

create: (groupid=0, jobs=17): err= 0: pid=833143: Sat Mar 14 16:15:04 2026
  read: IOPS=8425, BW=32.9MiB/s (34.5MB/s)(531MiB/16141msec)
    clat (usec): min=39, max=55080, avg=1554.74, stdev=1269.66
    clat percentiles (usec):
     |  1.00th=[   50],  5.00th=[   54], 10.00th=[   58], 20.00th=[   83],
     | 30.00th=[ 1369], 40.00th=[ 1696], 50.00th=[ 1876], 60.00th=[ 2040],
     | 70.00th=[ 2180], 80.00th=[ 2311], 90.00th=[ 2442], 95.00th=[ 2540],
     | 99.00th=[ 2737], 99.50th=[ 2802], 99.90th=[ 3720], 99.95th=[11600],
     | 99.99th=[47449]
   bw (  KiB/s): min=23932, max=46648, per=100.00%, avg=34099.10, stdev=241.02, samples=532
   iops        : min= 5983, max=11662, avg=8524.75, stdev=60.25, samples=532
  cpu          : usr=18.20%, sys=2.63%, ctx=710806, majf=0, minf=0
  IO depths    : 1=100.0%, 2=0.0%, 4=0.0%, 8=0.0%, 16=0.0%, 32=0.0%, >=64=0.0%
     submit    : 0=0.0%, 4=100.0%, 8=0.0%, 16=0.0%, 32=0.0%, 64=0.0%, >=64=0.0%
     complete  : 0=0.0%, 4=100.0%, 8=0.0%, 16=0.0%, 32=0.0%, 64=0.0%, >=64=0.0%
     issued rwts: total=136000,0,0,0 short=0,0,0,0 dropped=0,0,0,0
     latency   : target=0, window=0, percentile=100.00%, depth=1

Run status group 0 (all jobs):
   READ: bw=32.9MiB/s (34.5MB/s), 32.9MiB/s-32.9MiB/s (34.5MB/s-34.5MB/s), io=531MiB (557MB), run=16141-16141msec
