create: (g=0): rw=read, bs=(R) 4096B-4096B, (W) 4096B-4096B, (T) 4096B-4096B, ioengine=filecreate, iodepth=1
...
fio-3.41
Starting 3 threads

create: (groupid=0, jobs=3): err= 0: pid=850914: Sat Mar 14 17:22:56 2026
  read: IOPS=5436, BW=21.2MiB/s (22.3MB/s)(93.8MiB/4415msec)
    clat (usec): min=36, max=47233, avg=61.82, stdev=411.27
    clat percentiles (usec):
     |  1.00th=[   42],  5.00th=[   43], 10.00th=[   44], 20.00th=[   45],
     | 30.00th=[   46], 40.00th=[   47], 50.00th=[   48], 60.00th=[   51],
     | 70.00th=[   59], 80.00th=[   70], 90.00th=[   87], 95.00th=[   98],
     | 99.00th=[  135], 99.50th=[  145], 99.90th=[  231], 99.95th=[  445],
     | 99.99th=[ 2343]
   bw (  KiB/s): min= 9792, max=41432, per=93.58%, avg=20349.86, stdev=3343.53, samples=23
   iops        : min= 2448, max=10358, avg=5087.46, stdev=835.88, samples=23
  cpu          : usr=74.93%, sys=5.56%, ctx=103615, majf=0, minf=0
  IO depths    : 1=100.0%, 2=0.0%, 4=0.0%, 8=0.0%, 16=0.0%, 32=0.0%, >=64=0.0%
     submit    : 0=0.0%, 4=100.0%, 8=0.0%, 16=0.0%, 32=0.0%, 64=0.0%, >=64=0.0%
     complete  : 0=0.0%, 4=100.0%, 8=0.0%, 16=0.0%, 32=0.0%, 64=0.0%, >=64=0.0%
     issued rwts: total=24000,0,0,0 short=0,0,0,0 dropped=0,0,0,0
     latency   : target=0, window=0, percentile=100.00%, depth=1

Run status group 0 (all jobs):
   READ: bw=21.2MiB/s (22.3MB/s), 21.2MiB/s-21.2MiB/s (22.3MB/s-22.3MB/s), io=93.8MiB (98.3MB), run=4415-4415msec
