create: (g=0): rw=read, bs=(R) 4096B-4096B, (W) 4096B-4096B, (T) 4096B-4096B, ioengine=filecreate, iodepth=1
...
fio-3.41
Starting 26 threads

create: (groupid=0, jobs=26): err= 0: pid=860732: Sat Mar 14 17:54:19 2026
  read: IOPS=6431, BW=25.1MiB/s (26.3MB/s)(813MiB/32341msec)
    clat (usec): min=41, max=59713, avg=3497.57, stdev=2225.97
    clat percentiles (usec):
     |  1.00th=[   55],  5.00th=[   71], 10.00th=[   98], 20.00th=[ 2442],
     | 30.00th=[ 3261], 40.00th=[ 3589], 50.00th=[ 3916], 60.00th=[ 4228],
     | 70.00th=[ 4555], 80.00th=[ 4948], 90.00th=[ 5276], 95.00th=[ 5669],
     | 99.00th=[ 6128], 99.50th=[ 6325], 99.90th=[28967], 99.95th=[40633],
     | 99.99th=[54789]
   bw (  KiB/s): min=18163, max=32088, per=100.00%, avg=25876.76, stdev=117.87, samples=1654
   iops        : min= 4536, max= 8022, avg=6469.10, stdev=29.48, samples=1654
  cpu          : usr=11.01%, sys=1.82%, ctx=1093458, majf=0, minf=0
  IO depths    : 1=100.0%, 2=0.0%, 4=0.0%, 8=0.0%, 16=0.0%, 32=0.0%, >=64=0.0%
     submit    : 0=0.0%, 4=100.0%, 8=0.0%, 16=0.0%, 32=0.0%, 64=0.0%, >=64=0.0%
     complete  : 0=0.0%, 4=100.0%, 8=0.0%, 16=0.0%, 32=0.0%, 64=0.0%, >=64=0.0%
     issued rwts: total=208000,0,0,0 short=0,0,0,0 dropped=0,0,0,0
     latency   : target=0, window=0, percentile=100.00%, depth=1

Run status group 0 (all jobs):
   READ: bw=25.1MiB/s (26.3MB/s), 25.1MiB/s-25.1MiB/s (26.3MB/s-26.3MB/s), io=813MiB (852MB), run=32341-32341msec
