create: (g=0): rw=read, bs=(R) 4096B-4096B, (W) 4096B-4096B, (T) 4096B-4096B, ioengine=filecreate, iodepth=1
...
fio-3.41
Starting 16 threads

create: (groupid=0, jobs=16): err= 0: pid=865790: Sat Mar 14 18:12:42 2026
  read: IOPS=8842, BW=34.5MiB/s (36.2MB/s)(500MiB/14476msec)
    clat (usec): min=39, max=58005, avg=1336.98, stdev=1136.84
    clat percentiles (usec):
     |  1.00th=[   50],  5.00th=[   53], 10.00th=[   56], 20.00th=[   73],
     | 30.00th=[  955], 40.00th=[ 1500], 50.00th=[ 1680], 60.00th=[ 1811],
     | 70.00th=[ 1942], 80.00th=[ 2040], 90.00th=[ 2180], 95.00th=[ 2245],
     | 99.00th=[ 2442], 99.50th=[ 2474], 99.90th=[ 3195], 99.95th=[ 7373],
     | 99.99th=[45876]
   bw (  KiB/s): min=26667, max=51328, per=100.00%, avg=36151.46, stdev=339.95, samples=445
   iops        : min= 6658, max=12832, avg=9037.56, stdev=85.02, samples=445
  cpu          : usr=20.40%, sys=2.81%, ctx=665982, majf=0, minf=0
  IO depths    : 1=100.0%, 2=0.0%, 4=0.0%, 8=0.0%, 16=0.0%, 32=0.0%, >=64=0.0%
     submit    : 0=0.0%, 4=100.0%, 8=0.0%, 16=0.0%, 32=0.0%, 64=0.0%, >=64=0.0%
     complete  : 0=0.0%, 4=100.0%, 8=0.0%, 16=0.0%, 32=0.0%, 64=0.0%, >=64=0.0%
     issued rwts: total=128000,0,0,0 short=0,0,0,0 dropped=0,0,0,0
     latency   : target=0, window=0, percentile=100.00%, depth=1

Run status group 0 (all jobs):
   READ: bw=34.5MiB/s (36.2MB/s), 34.5MiB/s-34.5MiB/s (36.2MB/s-36.2MB/s), io=500MiB (524MB), run=14476-14476msec
