create: (g=0): rw=read, bs=(R) 4096B-4096B, (W) 4096B-4096B, (T) 4096B-4096B, ioengine=filecreate, iodepth=1
...
fio-3.41
Starting 23 threads

create: (groupid=0, jobs=23): err= 0: pid=873480: Sat Mar 14 18:39:10 2026
  read: IOPS=6785, BW=26.5MiB/s (27.8MB/s)(719MiB/27117msec)
    clat (usec): min=40, max=63919, avg=2894.13, stdev=2061.48
    clat percentiles (usec):
     |  1.00th=[   53],  5.00th=[   64], 10.00th=[   82], 20.00th=[ 1565],
     | 30.00th=[ 2638], 40.00th=[ 2933], 50.00th=[ 3163], 60.00th=[ 3523],
     | 70.00th=[ 3884], 80.00th=[ 4146], 90.00th=[ 4424], 95.00th=[ 4621],
     | 99.00th=[ 5014], 99.50th=[ 5211], 99.90th=[16712], 99.95th=[43254],
     | 99.99th=[63701]
   bw (  KiB/s): min=19960, max=33696, per=100.00%, avg=27326.15, stdev=142.03, samples=1227
   iops        : min= 4990, max= 8424, avg=6831.33, stdev=35.52, samples=1227
  cpu          : usr=12.04%, sys=2.05%, ctx=965748, majf=0, minf=0
  IO depths    : 1=100.0%, 2=0.0%, 4=0.0%, 8=0.0%, 16=0.0%, 32=0.0%, >=64=0.0%
     submit    : 0=0.0%, 4=100.0%, 8=0.0%, 16=0.0%, 32=0.0%, 64=0.0%, >=64=0.0%
     complete  : 0=0.0%, 4=100.0%, 8=0.0%, 16=0.0%, 32=0.0%, 64=0.0%, >=64=0.0%
     issued rwts: total=184000,0,0,0 short=0,0,0,0 dropped=0,0,0,0
     latency   : target=0, window=0, percentile=100.00%, depth=1

Run status group 0 (all jobs):
   READ: bw=26.5MiB/s (27.8MB/s), 26.5MiB/s-26.5MiB/s (27.8MB/s-27.8MB/s), io=719MiB (754MB), run=27117-27117msec
