create: (g=0): rw=read, bs=(R) 4096B-4096B, (W) 4096B-4096B, (T) 4096B-4096B, ioengine=filecreate, iodepth=1
...
fio-3.41
Starting 2 threads

create: (groupid=0, jobs=2): err= 0: pid=844227: Sat Mar 14 16:59:19 2026
  read: IOPS=4766, BW=18.6MiB/s (19.5MB/s)(62.5MiB/3357msec)
    clat (usec): min=36, max=53261, avg=53.88, stdev=571.59
    clat percentiles (usec):
     |  1.00th=[   42],  5.00th=[   42], 10.00th=[   43], 20.00th=[   44],
     | 30.00th=[   44], 40.00th=[   45], 50.00th=[   45], 60.00th=[   46],
     | 70.00th=[   47], 80.00th=[   49], 90.00th=[   56], 95.00th=[   61],
     | 99.00th=[   89], 99.50th=[   95], 99.90th=[  135], 99.95th=[  281],
     | 99.99th=[49021]
   bw (  KiB/s): min= 8384, max=26480, per=80.46%, avg=15340.00, stdev=3047.02, samples=12
   iops        : min= 2096, max= 6620, avg=3835.00, stdev=761.75, samples=12
  cpu          : usr=73.43%, sys=6.99%, ctx=64553, majf=0, minf=0
  IO depths    : 1=100.0%, 2=0.0%, 4=0.0%, 8=0.0%, 16=0.0%, 32=0.0%, >=64=0.0%
     submit    : 0=0.0%, 4=100.0%, 8=0.0%, 16=0.0%, 32=0.0%, 64=0.0%, >=64=0.0%
     complete  : 0=0.0%, 4=100.0%, 8=0.0%, 16=0.0%, 32=0.0%, 64=0.0%, >=64=0.0%
     issued rwts: total=16000,0,0,0 short=0,0,0,0 dropped=0,0,0,0
     latency   : target=0, window=0, percentile=100.00%, depth=1

Run status group 0 (all jobs):
   READ: bw=18.6MiB/s (19.5MB/s), 18.6MiB/s-18.6MiB/s (19.5MB/s-19.5MB/s), io=62.5MiB (65.5MB), run=3357-3357msec
