create: (g=0): rw=read, bs=(R) 4096B-4096B, (W) 4096B-4096B, (T) 4096B-4096B, ioengine=filecreate, iodepth=1
...
fio-3.41
Starting 10 threads

create: (groupid=0, jobs=10): err= 0: pid=838693: Sat Mar 14 16:36:49 2026
  read: IOPS=11.5k, BW=45.1MiB/s (47.3MB/s)(313MiB/6934msec)
    clat (usec): min=34, max=45544, avg=308.85, stdev=563.96
    clat percentiles (usec):
     |  1.00th=[   42],  5.00th=[   48], 10.00th=[   49], 20.00th=[   52],
     | 30.00th=[   64], 40.00th=[   83], 50.00th=[  103], 60.00th=[  141],
     | 70.00th=[  200], 80.00th=[  775], 90.00th=[  963], 95.00th=[ 1057],
     | 99.00th=[ 1205], 99.50th=[ 1270], 99.90th=[ 1483], 99.95th=[ 2409],
     | 99.99th=[28705]
   bw (  KiB/s): min=30893, max=95224, per=100.00%, avg=55233.06, stdev=1725.69, samples=113
   iops        : min= 7722, max=23806, avg=13808.05, stdev=431.45, samples=113
  cpu          : usr=51.12%, sys=4.70%, ctx=396079, majf=0, minf=0
  IO depths    : 1=100.0%, 2=0.0%, 4=0.0%, 8=0.0%, 16=0.0%, 32=0.0%, >=64=0.0%
     submit    : 0=0.0%, 4=100.0%, 8=0.0%, 16=0.0%, 32=0.0%, 64=0.0%, >=64=0.0%
     complete  : 0=0.0%, 4=100.0%, 8=0.0%, 16=0.0%, 32=0.0%, 64=0.0%, >=64=0.0%
     issued rwts: total=80000,0,0,0 short=0,0,0,0 dropped=0,0,0,0
     latency   : target=0, window=0, percentile=100.00%, depth=1

Run status group 0 (all jobs):
   READ: bw=45.1MiB/s (47.3MB/s), 45.1MiB/s-45.1MiB/s (47.3MB/s-47.3MB/s), io=313MiB (328MB), run=6934-6934msec
