create: (g=0): rw=read, bs=(R) 4096B-4096B, (W) 4096B-4096B, (T) 4096B-4096B, ioengine=filecreate, iodepth=1
...
fio-3.41
Starting 60 threads

create: (groupid=0, jobs=60): err= 0: pid=883067: Sat Mar 14 19:18:26 2026
  read: IOPS=5598, BW=21.9MiB/s (22.9MB/s)(1875MiB/85732msec)
    clat (usec): min=43, max=92932, avg=9674.23, stdev=4484.74
    clat percentiles (usec):
     |  1.00th=[   77],  5.00th=[  111], 10.00th=[  135], 20.00th=[ 8979],
     | 30.00th=[ 9634], 40.00th=[10290], 50.00th=[10814], 60.00th=[11338],
     | 70.00th=[11994], 80.00th=[12518], 90.00th=[13042], 95.00th=[13304],
     | 99.00th=[13829], 99.50th=[14222], 99.90th=[40109], 99.95th=[54789],
     | 99.99th=[92799]
   bw (  KiB/s): min=16101, max=32288, per=100.00%, avg=22472.98, stdev=38.38, samples=10205
   iops        : min= 4023, max= 8072, avg=5618.15, stdev= 9.60, samples=10205
  cpu          : usr=8.51%, sys=0.89%, ctx=2543515, majf=0, minf=0
  IO depths    : 1=100.0%, 2=0.0%, 4=0.0%, 8=0.0%, 16=0.0%, 32=0.0%, >=64=0.0%
     submit    : 0=0.0%, 4=100.0%, 8=0.0%, 16=0.0%, 32=0.0%, 64=0.0%, >=64=0.0%
     complete  : 0=0.0%, 4=100.0%, 8=0.0%, 16=0.0%, 32=0.0%, 64=0.0%, >=64=0.0%
     issued rwts: total=480000,0,0,0 short=0,0,0,0 dropped=0,0,0,0
     latency   : target=0, window=0, percentile=100.00%, depth=1

Run status group 0 (all jobs):
   READ: bw=21.9MiB/s (22.9MB/s), 21.9MiB/s-21.9MiB/s (22.9MB/s-22.9MB/s), io=1875MiB (1966MB), run=85732-85732msec
