create: (g=0): rw=read, bs=(R) 4096B-4096B, (W) 4096B-4096B, (T) 4096B-4096B, ioengine=filecreate, iodepth=1
...
fio-3.41
Starting 44 threads

create: (groupid=0, jobs=44): err= 0: pid=855838: Sat Mar 14 17:38:38 2026
  read: IOPS=5842, BW=22.8MiB/s (23.9MB/s)(1375MiB/60249msec)
    clat (usec): min=47, max=58358, avg=6703.67, stdev=3439.12
    clat percentiles (usec):
     |  1.00th=[   66],  5.00th=[   94], 10.00th=[  123], 20.00th=[ 6128],
     | 30.00th=[ 6849], 40.00th=[ 7242], 50.00th=[ 7570], 60.00th=[ 7898],
     | 70.00th=[ 8356], 80.00th=[ 8848], 90.00th=[ 9503], 95.00th=[ 9896],
     | 99.00th=[10421], 99.50th=[10683], 99.90th=[31851], 99.95th=[47973],
     | 99.99th=[56361]
   bw (  KiB/s): min=15312, max=37173, per=100.00%, avg=23469.69, stdev=63.79, samples=5246
   iops        : min= 3828, max= 9289, avg=5867.37, stdev=15.94, samples=5246
  cpu          : usr=9.22%, sys=1.16%, ctx=1858571, majf=0, minf=0
  IO depths    : 1=100.0%, 2=0.0%, 4=0.0%, 8=0.0%, 16=0.0%, 32=0.0%, >=64=0.0%
     submit    : 0=0.0%, 4=100.0%, 8=0.0%, 16=0.0%, 32=0.0%, 64=0.0%, >=64=0.0%
     complete  : 0=0.0%, 4=100.0%, 8=0.0%, 16=0.0%, 32=0.0%, 64=0.0%, >=64=0.0%
     issued rwts: total=352000,0,0,0 short=0,0,0,0 dropped=0,0,0,0
     latency   : target=0, window=0, percentile=100.00%, depth=1

Run status group 0 (all jobs):
   READ: bw=22.8MiB/s (23.9MB/s), 22.8MiB/s-22.8MiB/s (23.9MB/s-23.9MB/s), io=1375MiB (1442MB), run=60249-60249msec
