create: (g=0): rw=read, bs=(R) 4096B-4096B, (W) 4096B-4096B, (T) 4096B-4096B, ioengine=filecreate, iodepth=1
...
fio-3.41
Starting 22 threads

create: (groupid=0, jobs=22): err= 0: pid=833911: Sat Mar 14 16:17:21 2026
  read: IOPS=6893, BW=26.9MiB/s (28.2MB/s)(688MiB/25533msec)
    clat (usec): min=41, max=56993, avg=2699.02, stdev=1929.62
    clat percentiles (usec):
     |  1.00th=[   53],  5.00th=[   63], 10.00th=[   79], 20.00th=[  799],
     | 30.00th=[ 2409], 40.00th=[ 2737], 50.00th=[ 2966], 60.00th=[ 3228],
     | 70.00th=[ 3589], 80.00th=[ 3949], 90.00th=[ 4228], 95.00th=[ 4490],
     | 99.00th=[ 4883], 99.50th=[ 5014], 99.90th=[14746], 99.95th=[39060],
     | 99.99th=[54264]
   bw (  KiB/s): min=19372, max=35272, per=100.00%, avg=27767.12, stdev=168.48, samples=1101
   iops        : min= 4840, max= 8818, avg=6941.69, stdev=42.13, samples=1101
  cpu          : usr=12.84%, sys=2.11%, ctx=924370, majf=0, minf=0
  IO depths    : 1=100.0%, 2=0.0%, 4=0.0%, 8=0.0%, 16=0.0%, 32=0.0%, >=64=0.0%
     submit    : 0=0.0%, 4=100.0%, 8=0.0%, 16=0.0%, 32=0.0%, 64=0.0%, >=64=0.0%
     complete  : 0=0.0%, 4=100.0%, 8=0.0%, 16=0.0%, 32=0.0%, 64=0.0%, >=64=0.0%
     issued rwts: total=176000,0,0,0 short=0,0,0,0 dropped=0,0,0,0
     latency   : target=0, window=0, percentile=100.00%, depth=1

Run status group 0 (all jobs):
   READ: bw=26.9MiB/s (28.2MB/s), 26.9MiB/s-26.9MiB/s (28.2MB/s-28.2MB/s), io=688MiB (721MB), run=25533-25533msec
