create: (g=0): rw=read, bs=(R) 4096B-4096B, (W) 4096B-4096B, (T) 4096B-4096B, ioengine=filecreate, iodepth=1
...
fio-3.41
Starting 18 threads

create: (groupid=0, jobs=18): err= 0: pid=852922: Sat Mar 14 17:26:20 2026
  read: IOPS=7726, BW=30.2MiB/s (31.6MB/s)(563MiB/18637msec)
    clat (usec): min=42, max=52911, avg=1873.46, stdev=1358.66
    clat percentiles (usec):
     |  1.00th=[   52],  5.00th=[   57], 10.00th=[   67], 20.00th=[   96],
     | 30.00th=[ 1696], 40.00th=[ 1991], 50.00th=[ 2212], 60.00th=[ 2409],
     | 70.00th=[ 2573], 80.00th=[ 2704], 90.00th=[ 2868], 95.00th=[ 2999],
     | 99.00th=[ 3195], 99.50th=[ 3261], 99.90th=[ 7832], 99.95th=[20579],
     | 99.99th=[50594]
   bw (  KiB/s): min=23426, max=35328, per=100.00%, avg=30960.67, stdev=138.07, samples=648
   iops        : min= 5850, max= 8832, avg=7739.94, stdev=34.55, samples=648
  cpu          : usr=15.86%, sys=2.51%, ctx=755702, majf=0, minf=0
  IO depths    : 1=100.0%, 2=0.0%, 4=0.0%, 8=0.0%, 16=0.0%, 32=0.0%, >=64=0.0%
     submit    : 0=0.0%, 4=100.0%, 8=0.0%, 16=0.0%, 32=0.0%, 64=0.0%, >=64=0.0%
     complete  : 0=0.0%, 4=100.0%, 8=0.0%, 16=0.0%, 32=0.0%, 64=0.0%, >=64=0.0%
     issued rwts: total=144000,0,0,0 short=0,0,0,0 dropped=0,0,0,0
     latency   : target=0, window=0, percentile=100.00%, depth=1

Run status group 0 (all jobs):
   READ: bw=30.2MiB/s (31.6MB/s), 30.2MiB/s-30.2MiB/s (31.6MB/s-31.6MB/s), io=563MiB (590MB), run=18637-18637msec
