create: (g=0): rw=read, bs=(R) 4096B-4096B, (W) 4096B-4096B, (T) 4096B-4096B, ioengine=filecreate, iodepth=1
...
fio-3.41
Starting 40 threads

create: (groupid=0, jobs=40): err= 0: pid=842545: Sat Mar 14 16:50:12 2026
  read: IOPS=5867, BW=22.9MiB/s (24.0MB/s)(1250MiB/54538msec)
    clat (usec): min=44, max=64798, avg=6117.15, stdev=3244.27
    clat percentiles (usec):
     |  1.00th=[   64],  5.00th=[   91], 10.00th=[  120], 20.00th=[ 5473],
     | 30.00th=[ 6128], 40.00th=[ 6521], 50.00th=[ 6915], 60.00th=[ 7308],
     | 70.00th=[ 7767], 80.00th=[ 8160], 90.00th=[ 8717], 95.00th=[ 8979],
     | 99.00th=[ 9634], 99.50th=[ 9896], 99.90th=[32637], 99.95th=[43779],
     | 99.99th=[64226]
   bw (  KiB/s): min=18184, max=33152, per=100.00%, avg=23545.66, stdev=65.83, samples=4317
   iops        : min= 4546, max= 8288, avg=5886.39, stdev=16.46, samples=4317
  cpu          : usr=8.70%, sys=1.25%, ctx=1687824, majf=0, minf=0
  IO depths    : 1=100.0%, 2=0.0%, 4=0.0%, 8=0.0%, 16=0.0%, 32=0.0%, >=64=0.0%
     submit    : 0=0.0%, 4=100.0%, 8=0.0%, 16=0.0%, 32=0.0%, 64=0.0%, >=64=0.0%
     complete  : 0=0.0%, 4=100.0%, 8=0.0%, 16=0.0%, 32=0.0%, 64=0.0%, >=64=0.0%
     issued rwts: total=320000,0,0,0 short=0,0,0,0 dropped=0,0,0,0
     latency   : target=0, window=0, percentile=100.00%, depth=1

Run status group 0 (all jobs):
   READ: bw=22.9MiB/s (24.0MB/s), 22.9MiB/s-22.9MiB/s (24.0MB/s-24.0MB/s), io=1250MiB (1311MB), run=54538-54538msec
