create: (g=0): rw=read, bs=(R) 4096B-4096B, (W) 4096B-4096B, (T) 4096B-4096B, ioengine=filecreate, iodepth=1
...
fio-3.41
Starting 31 threads

create: (groupid=0, jobs=31): err= 0: pid=887908: Sat Mar 14 19:31:53 2026
  read: IOPS=5981, BW=23.4MiB/s (24.5MB/s)(969MiB/41461msec)
    clat (usec): min=40, max=65721, avg=4621.28, stdev=2758.44
    clat percentiles (usec):
     |  1.00th=[   58],  5.00th=[   83], 10.00th=[  112], 20.00th=[ 3851],
     | 30.00th=[ 4490], 40.00th=[ 4752], 50.00th=[ 5080], 60.00th=[ 5407],
     | 70.00th=[ 6128], 80.00th=[ 6521], 90.00th=[ 6849], 95.00th=[ 7111],
     | 99.00th=[ 7504], 99.50th=[ 7701], 99.90th=[37487], 99.95th=[47449],
     | 99.99th=[60556]
   bw (  KiB/s): min=17499, max=31383, per=100.00%, avg=24016.70, stdev=98.63, samples=2547
   iops        : min= 4372, max= 7845, avg=6004.10, stdev=24.66, samples=2547
  cpu          : usr=8.88%, sys=1.60%, ctx=1304663, majf=0, minf=0
  IO depths    : 1=100.0%, 2=0.0%, 4=0.0%, 8=0.0%, 16=0.0%, 32=0.0%, >=64=0.0%
     submit    : 0=0.0%, 4=100.0%, 8=0.0%, 16=0.0%, 32=0.0%, 64=0.0%, >=64=0.0%
     complete  : 0=0.0%, 4=100.0%, 8=0.0%, 16=0.0%, 32=0.0%, 64=0.0%, >=64=0.0%
     issued rwts: total=248000,0,0,0 short=0,0,0,0 dropped=0,0,0,0
     latency   : target=0, window=0, percentile=100.00%, depth=1

Run status group 0 (all jobs):
   READ: bw=23.4MiB/s (24.5MB/s), 23.4MiB/s-23.4MiB/s (24.5MB/s-24.5MB/s), io=969MiB (1016MB), run=41461-41461msec
