create: (g=0): rw=read, bs=(R) 4096B-4096B, (W) 4096B-4096B, (T) 4096B-4096B, ioengine=filecreate, iodepth=1
...
fio-3.41
Starting 9 threads

create: (groupid=0, jobs=9): err= 0: pid=884492: Sat Mar 14 19:21:22 2026
  read: IOPS=11.4k, BW=44.5MiB/s (46.7MB/s)(281MiB/6318msec)
    clat (usec): min=36, max=69712, avg=108.34, stdev=512.38
    clat percentiles (usec):
     |  1.00th=[   44],  5.00th=[   46], 10.00th=[   47], 20.00th=[   49],
     | 30.00th=[   51], 40.00th=[   56], 50.00th=[   67], 60.00th=[   85],
     | 70.00th=[  100], 80.00th=[  133], 90.00th=[  186], 95.00th=[  247],
     | 99.00th=[  676], 99.50th=[  824], 99.90th=[ 1090], 99.95th=[ 1385],
     | 99.99th=[ 3097]
   bw (  KiB/s): min=26192, max=116845, per=100.00%, avg=61695.25, stdev=2935.63, samples=81
   iops        : min= 6546, max=29210, avg=15423.53, stdev=733.88, samples=81
  cpu          : usr=69.72%, sys=4.83%, ctx=338724, majf=0, minf=0
  IO depths    : 1=100.0%, 2=0.0%, 4=0.0%, 8=0.0%, 16=0.0%, 32=0.0%, >=64=0.0%
     submit    : 0=0.0%, 4=100.0%, 8=0.0%, 16=0.0%, 32=0.0%, 64=0.0%, >=64=0.0%
     complete  : 0=0.0%, 4=100.0%, 8=0.0%, 16=0.0%, 32=0.0%, 64=0.0%, >=64=0.0%
     issued rwts: total=72000,0,0,0 short=0,0,0,0 dropped=0,0,0,0
     latency   : target=0, window=0, percentile=100.00%, depth=1

Run status group 0 (all jobs):
   READ: bw=44.5MiB/s (46.7MB/s), 44.5MiB/s-44.5MiB/s (46.7MB/s-46.7MB/s), io=281MiB (295MB), run=6318-6318msec
