create: (g=0): rw=read, bs=(R) 4096B-4096B, (W) 4096B-4096B, (T) 4096B-4096B, ioengine=filecreate, iodepth=1
...
fio-3.41
Starting 2 threads

create: (groupid=0, jobs=2): err= 0: pid=883634: Sat Mar 14 19:20:26 2026
  read: IOPS=4700, BW=18.4MiB/s (19.3MB/s)(62.5MiB/3404msec)
    clat (usec): min=39, max=41368, avg=51.26, stdev=326.91
    clat percentiles (usec):
     |  1.00th=[   41],  5.00th=[   42], 10.00th=[   43], 20.00th=[   44],
     | 30.00th=[   44], 40.00th=[   45], 50.00th=[   46], 60.00th=[   46],
     | 70.00th=[   48], 80.00th=[   53], 90.00th=[   59], 95.00th=[   67],
     | 99.00th=[   92], 99.50th=[   98], 99.90th=[  165], 99.95th=[  243],
     | 99.99th=[  701]
   bw (  KiB/s): min= 8384, max=24496, per=78.82%, avg=14820.00, stdev=2680.83, samples=12
   iops        : min= 2096, max= 6124, avg=3705.00, stdev=670.21, samples=12
  cpu          : usr=75.27%, sys=5.69%, ctx=65666, majf=0, minf=0
  IO depths    : 1=100.0%, 2=0.0%, 4=0.0%, 8=0.0%, 16=0.0%, 32=0.0%, >=64=0.0%
     submit    : 0=0.0%, 4=100.0%, 8=0.0%, 16=0.0%, 32=0.0%, 64=0.0%, >=64=0.0%
     complete  : 0=0.0%, 4=100.0%, 8=0.0%, 16=0.0%, 32=0.0%, 64=0.0%, >=64=0.0%
     issued rwts: total=16000,0,0,0 short=0,0,0,0 dropped=0,0,0,0
     latency   : target=0, window=0, percentile=100.00%, depth=1

Run status group 0 (all jobs):
   READ: bw=18.4MiB/s (19.3MB/s), 18.4MiB/s-18.4MiB/s (19.3MB/s-19.3MB/s), io=62.5MiB (65.5MB), run=3404-3404msec
