create: (g=0): rw=read, bs=(R) 4096B-4096B, (W) 4096B-4096B, (T) 4096B-4096B, ioengine=filecreate, iodepth=1
...
fio-3.41
Starting 23 threads

create: (groupid=0, jobs=23): err= 0: pid=840621: Sat Mar 14 16:41:35 2026
  read: IOPS=6662, BW=26.0MiB/s (27.3MB/s)(719MiB/27616msec)
    clat (usec): min=40, max=58934, avg=2950.50, stdev=2055.75
    clat percentiles (usec):
     |  1.00th=[   53],  5.00th=[   65], 10.00th=[   83], 20.00th=[ 1844],
     | 30.00th=[ 2704], 40.00th=[ 2999], 50.00th=[ 3228], 60.00th=[ 3523],
     | 70.00th=[ 3916], 80.00th=[ 4228], 90.00th=[ 4555], 95.00th=[ 4883],
     | 99.00th=[ 5342], 99.50th=[ 5473], 99.90th=[27132], 99.95th=[41157],
     | 99.99th=[58459]
   bw (  KiB/s): min=18660, max=32960, per=100.00%, avg=26834.61, stdev=149.00, samples=1253
   iops        : min= 4662, max= 8240, avg=6708.58, stdev=37.26, samples=1253
  cpu          : usr=12.00%, sys=2.04%, ctx=966363, majf=0, minf=0
  IO depths    : 1=100.0%, 2=0.0%, 4=0.0%, 8=0.0%, 16=0.0%, 32=0.0%, >=64=0.0%
     submit    : 0=0.0%, 4=100.0%, 8=0.0%, 16=0.0%, 32=0.0%, 64=0.0%, >=64=0.0%
     complete  : 0=0.0%, 4=100.0%, 8=0.0%, 16=0.0%, 32=0.0%, 64=0.0%, >=64=0.0%
     issued rwts: total=184000,0,0,0 short=0,0,0,0 dropped=0,0,0,0
     latency   : target=0, window=0, percentile=100.00%, depth=1

Run status group 0 (all jobs):
   READ: bw=26.0MiB/s (27.3MB/s), 26.0MiB/s-26.0MiB/s (27.3MB/s-27.3MB/s), io=719MiB (754MB), run=27616-27616msec
