create: (g=0): rw=read, bs=(R) 4096B-4096B, (W) 4096B-4096B, (T) 4096B-4096B, ioengine=filecreate, iodepth=1
...
fio-3.41
Starting 12 threads

create: (groupid=0, jobs=12): err= 0: pid=845507: Sat Mar 14 17:00:50 2026
  read: IOPS=10.4k, BW=40.6MiB/s (42.6MB/s)(375MiB/9237msec)
    clat (usec): min=37, max=49915, avg=499.07, stdev=745.01
    clat percentiles (usec):
     |  1.00th=[   46],  5.00th=[   49], 10.00th=[   50], 20.00th=[   55],
     | 30.00th=[   72], 40.00th=[   99], 50.00th=[  153], 60.00th=[  302],
     | 70.00th=[  963], 80.00th=[ 1090], 90.00th=[ 1221], 95.00th=[ 1303],
     | 99.00th=[ 1467], 99.50th=[ 1516], 99.90th=[ 1795], 99.95th=[ 2933],
     | 99.99th=[42730]
   bw (  KiB/s): min=27471, max=86336, per=100.00%, avg=47668.46, stdev=1199.25, samples=193
   iops        : min= 6865, max=21584, avg=11916.92, stdev=299.83, samples=193
  cpu          : usr=45.95%, sys=3.79%, ctx=482903, majf=0, minf=0
  IO depths    : 1=100.0%, 2=0.0%, 4=0.0%, 8=0.0%, 16=0.0%, 32=0.0%, >=64=0.0%
     submit    : 0=0.0%, 4=100.0%, 8=0.0%, 16=0.0%, 32=0.0%, 64=0.0%, >=64=0.0%
     complete  : 0=0.0%, 4=100.0%, 8=0.0%, 16=0.0%, 32=0.0%, 64=0.0%, >=64=0.0%
     issued rwts: total=96000,0,0,0 short=0,0,0,0 dropped=0,0,0,0
     latency   : target=0, window=0, percentile=100.00%, depth=1

Run status group 0 (all jobs):
   READ: bw=40.6MiB/s (42.6MB/s), 40.6MiB/s-40.6MiB/s (42.6MB/s-42.6MB/s), io=375MiB (393MB), run=9237-9237msec
