create: (g=0): rw=read, bs=(R) 4096B-4096B, (W) 4096B-4096B, (T) 4096B-4096B, ioengine=filecreate, iodepth=1
...
fio-3.41
Starting 52 threads

create: (groupid=0, jobs=52): err= 0: pid=862805: Sat Mar 14 18:04:51 2026
  read: IOPS=5718, BW=22.3MiB/s (23.4MB/s)(1625MiB/72740msec)
    clat (usec): min=45, max=76905, avg=8094.19, stdev=4037.95
    clat percentiles (usec):
     |  1.00th=[   73],  5.00th=[  106], 10.00th=[  130], 20.00th=[ 7242],
     | 30.00th=[ 7963], 40.00th=[ 8586], 50.00th=[ 9241], 60.00th=[ 9634],
     | 70.00th=[10159], 80.00th=[10552], 90.00th=[11076], 95.00th=[11469],
     | 99.00th=[11994], 99.50th=[12256], 99.90th=[49021], 99.95th=[60556],
     | 99.99th=[76022]
   bw (  KiB/s): min=14805, max=38001, per=100.00%, avg=23124.51, stdev=57.83, samples=7459
   iops        : min= 3699, max= 9500, avg=5780.94, stdev=14.46, samples=7459
  cpu          : usr=8.93%, sys=1.01%, ctx=2202401, majf=0, minf=0
  IO depths    : 1=100.0%, 2=0.0%, 4=0.0%, 8=0.0%, 16=0.0%, 32=0.0%, >=64=0.0%
     submit    : 0=0.0%, 4=100.0%, 8=0.0%, 16=0.0%, 32=0.0%, 64=0.0%, >=64=0.0%
     complete  : 0=0.0%, 4=100.0%, 8=0.0%, 16=0.0%, 32=0.0%, 64=0.0%, >=64=0.0%
     issued rwts: total=416000,0,0,0 short=0,0,0,0 dropped=0,0,0,0
     latency   : target=0, window=0, percentile=100.00%, depth=1

Run status group 0 (all jobs):
   READ: bw=22.3MiB/s (23.4MB/s), 22.3MiB/s-22.3MiB/s (23.4MB/s-23.4MB/s), io=1625MiB (1704MB), run=72740-72740msec
