create: (g=0): rw=read, bs=(R) 4096B-4096B, (W) 4096B-4096B, (T) 4096B-4096B, ioengine=filecreate, iodepth=1
...
fio-3.41
Starting 56 threads

create: (groupid=0, jobs=56): err= 0: pid=889364: Sat Mar 14 19:40:12 2026
  read: IOPS=5727, BW=22.4MiB/s (23.5MB/s)(1750MiB/78224msec)
    clat (usec): min=47, max=97843, avg=8826.05, stdev=4209.63
    clat percentiles (usec):
     |  1.00th=[   73],  5.00th=[  106], 10.00th=[  130], 20.00th=[ 8291],
     | 30.00th=[ 8848], 40.00th=[ 9372], 50.00th=[ 9765], 60.00th=[10290],
     | 70.00th=[10945], 80.00th=[11469], 90.00th=[11994], 95.00th=[12256],
     | 99.00th=[12911], 99.50th=[13304], 99.90th=[36439], 99.95th=[53216],
     | 99.99th=[96994]
   bw (  KiB/s): min=13992, max=31995, per=100.00%, avg=22973.71, stdev=43.20, samples=8715
   iops        : min= 3492, max= 7996, avg=5743.34, stdev=10.80, samples=8715
  cpu          : usr=8.46%, sys=0.94%, ctx=2373434, majf=0, minf=0
  IO depths    : 1=100.0%, 2=0.0%, 4=0.0%, 8=0.0%, 16=0.0%, 32=0.0%, >=64=0.0%
     submit    : 0=0.0%, 4=100.0%, 8=0.0%, 16=0.0%, 32=0.0%, 64=0.0%, >=64=0.0%
     complete  : 0=0.0%, 4=100.0%, 8=0.0%, 16=0.0%, 32=0.0%, 64=0.0%, >=64=0.0%
     issued rwts: total=448000,0,0,0 short=0,0,0,0 dropped=0,0,0,0
     latency   : target=0, window=0, percentile=100.00%, depth=1

Run status group 0 (all jobs):
   READ: bw=22.4MiB/s (23.5MB/s), 22.4MiB/s-22.4MiB/s (23.5MB/s-23.5MB/s), io=1750MiB (1835MB), run=78224-78224msec
