create: (g=0): rw=read, bs=(R) 4096B-4096B, (W) 4096B-4096B, (T) 4096B-4096B, ioengine=filecreate, iodepth=1
...
fio-3.41
Starting 5 threads

create: (groupid=0, jobs=5): err= 0: pid=831530: Sat Mar 14 16:12:20 2026
  read: IOPS=8208, BW=32.1MiB/s (33.6MB/s)(156MiB/4873msec)
    clat (usec): min=33, max=45277, avg=73.35, stdev=290.71
    clat percentiles (usec):
     |  1.00th=[   40],  5.00th=[   43], 10.00th=[   45], 20.00th=[   48],
     | 30.00th=[   49], 40.00th=[   51], 50.00th=[   53], 60.00th=[   64],
     | 70.00th=[   79], 80.00th=[   93], 90.00th=[  121], 95.00th=[  143],
     | 99.00th=[  190], 99.50th=[  204], 99.90th=[  343], 99.95th=[  750],
     | 99.99th=[ 2212]
   bw (  KiB/s): min=17504, max=59032, per=94.62%, avg=31067.32, stdev=2535.53, samples=39
   iops        : min= 4376, max=14758, avg=7766.83, stdev=633.88, samples=39
  cpu          : usr=76.07%, sys=5.70%, ctx=180338, majf=0, minf=0
  IO depths    : 1=100.0%, 2=0.0%, 4=0.0%, 8=0.0%, 16=0.0%, 32=0.0%, >=64=0.0%
     submit    : 0=0.0%, 4=100.0%, 8=0.0%, 16=0.0%, 32=0.0%, 64=0.0%, >=64=0.0%
     complete  : 0=0.0%, 4=100.0%, 8=0.0%, 16=0.0%, 32=0.0%, 64=0.0%, >=64=0.0%
     issued rwts: total=40000,0,0,0 short=0,0,0,0 dropped=0,0,0,0
     latency   : target=0, window=0, percentile=100.00%, depth=1

Run status group 0 (all jobs):
   READ: bw=32.1MiB/s (33.6MB/s), 32.1MiB/s-32.1MiB/s (33.6MB/s-33.6MB/s), io=156MiB (164MB), run=4873-4873msec
