create: (g=0): rw=read, bs=(R) 4096B-4096B, (W) 4096B-4096B, (T) 4096B-4096B, ioengine=filecreate, iodepth=1
...
fio-3.41
Starting 15 threads

create: (groupid=0, jobs=15): err= 0: pid=865647: Sat Mar 14 18:12:23 2026
  read: IOPS=9152, BW=35.8MiB/s (37.5MB/s)(469MiB/13111msec)
    clat (usec): min=37, max=55310, avg=1015.26, stdev=1004.06
    clat percentiles (usec):
     |  1.00th=[   47],  5.00th=[   50], 10.00th=[   52], 20.00th=[   61],
     | 30.00th=[   86], 40.00th=[  163], 50.00th=[ 1401], 60.00th=[ 1598],
     | 70.00th=[ 1713], 80.00th=[ 1827], 90.00th=[ 1958], 95.00th=[ 2057],
     | 99.00th=[ 2245], 99.50th=[ 2311], 99.90th=[ 2540], 99.95th=[ 5014],
     | 99.99th=[43779]
   bw (  KiB/s): min=24818, max=56016, per=100.00%, avg=38074.13, stdev=557.26, samples=362
   iops        : min= 6201, max=14004, avg=9518.37, stdev=139.33, samples=362
  cpu          : usr=29.85%, sys=2.98%, ctx=612104, majf=0, minf=0
  IO depths    : 1=100.0%, 2=0.0%, 4=0.0%, 8=0.0%, 16=0.0%, 32=0.0%, >=64=0.0%
     submit    : 0=0.0%, 4=100.0%, 8=0.0%, 16=0.0%, 32=0.0%, 64=0.0%, >=64=0.0%
     complete  : 0=0.0%, 4=100.0%, 8=0.0%, 16=0.0%, 32=0.0%, 64=0.0%, >=64=0.0%
     issued rwts: total=120000,0,0,0 short=0,0,0,0 dropped=0,0,0,0
     latency   : target=0, window=0, percentile=100.00%, depth=1

Run status group 0 (all jobs):
   READ: bw=35.8MiB/s (37.5MB/s), 35.8MiB/s-35.8MiB/s (37.5MB/s-37.5MB/s), io=469MiB (492MB), run=13111-13111msec
