create: (g=0): rw=read, bs=(R) 4096B-4096B, (W) 4096B-4096B, (T) 4096B-4096B, ioengine=filecreate, iodepth=1
...
fio-3.41
Starting 3 threads

create: (groupid=0, jobs=3): err= 0: pid=870706: Sat Mar 14 18:33:26 2026
  read: IOPS=5717, BW=22.3MiB/s (23.4MB/s)(93.8MiB/4198msec)
    clat (usec): min=36, max=49691, avg=63.18, stdev=392.17
    clat percentiles (usec):
     |  1.00th=[   42],  5.00th=[   44], 10.00th=[   45], 20.00th=[   46],
     | 30.00th=[   47], 40.00th=[   48], 50.00th=[   49], 60.00th=[   52],
     | 70.00th=[   61], 80.00th=[   74], 90.00th=[   92], 95.00th=[  106],
     | 99.00th=[  131], 99.50th=[  143], 99.90th=[  186], 99.95th=[  441],
     | 99.99th=[ 1336]
   bw (  KiB/s): min= 9632, max=38424, per=86.69%, avg=19824.57, stdev=3077.14, samples=22
   iops        : min= 2408, max= 9606, avg=4956.14, stdev=769.28, samples=22
  cpu          : usr=74.72%, sys=5.29%, ctx=104160, majf=0, minf=0
  IO depths    : 1=100.0%, 2=0.0%, 4=0.0%, 8=0.0%, 16=0.0%, 32=0.0%, >=64=0.0%
     submit    : 0=0.0%, 4=100.0%, 8=0.0%, 16=0.0%, 32=0.0%, 64=0.0%, >=64=0.0%
     complete  : 0=0.0%, 4=100.0%, 8=0.0%, 16=0.0%, 32=0.0%, 64=0.0%, >=64=0.0%
     issued rwts: total=24000,0,0,0 short=0,0,0,0 dropped=0,0,0,0
     latency   : target=0, window=0, percentile=100.00%, depth=1

Run status group 0 (all jobs):
   READ: bw=22.3MiB/s (23.4MB/s), 22.3MiB/s-22.3MiB/s (23.4MB/s-23.4MB/s), io=93.8MiB (98.3MB), run=4198-4198msec
