create: (g=0): rw=read, bs=(R) 4096B-4096B, (W) 4096B-4096B, (T) 4096B-4096B, ioengine=filecreate, iodepth=1
...
fio-3.41
Starting 2 threads

create: (groupid=0, jobs=2): err= 0: pid=877110: Sat Mar 14 18:56:48 2026
  read: IOPS=5092, BW=19.9MiB/s (20.9MB/s)(62.5MiB/3142msec)
    clat (usec): min=34, max=38486, avg=55.23, stdev=304.38
    clat percentiles (usec):
     |  1.00th=[   41],  5.00th=[   42], 10.00th=[   43], 20.00th=[   44],
     | 30.00th=[   44], 40.00th=[   45], 50.00th=[   46], 60.00th=[   47],
     | 70.00th=[   50], 80.00th=[   60], 90.00th=[   82], 95.00th=[   89],
     | 99.00th=[  106], 99.50th=[  122], 99.90th=[  151], 99.95th=[  208],
     | 99.99th=[  693]
   bw (  KiB/s): min= 9560, max=29976, per=87.12%, avg=17745.07, stdev=3705.91, samples=11
   iops        : min= 2390, max= 7494, avg=4436.27, stdev=926.48, samples=11
  cpu          : usr=71.58%, sys=6.11%, ctx=67497, majf=0, minf=0
  IO depths    : 1=100.0%, 2=0.0%, 4=0.0%, 8=0.0%, 16=0.0%, 32=0.0%, >=64=0.0%
     submit    : 0=0.0%, 4=100.0%, 8=0.0%, 16=0.0%, 32=0.0%, 64=0.0%, >=64=0.0%
     complete  : 0=0.0%, 4=100.0%, 8=0.0%, 16=0.0%, 32=0.0%, 64=0.0%, >=64=0.0%
     issued rwts: total=16000,0,0,0 short=0,0,0,0 dropped=0,0,0,0
     latency   : target=0, window=0, percentile=100.00%, depth=1

Run status group 0 (all jobs):
   READ: bw=19.9MiB/s (20.9MB/s), 19.9MiB/s-19.9MiB/s (20.9MB/s-20.9MB/s), io=62.5MiB (65.5MB), run=3142-3142msec
