create: (g=0): rw=read, bs=(R) 4096B-4096B, (W) 4096B-4096B, (T) 4096B-4096B, ioengine=filecreate, iodepth=1
...
fio-3.41
Starting 10 threads

create: (groupid=0, jobs=10): err= 0: pid=858331: Sat Mar 14 17:47:45 2026
  read: IOPS=11.9k, BW=46.4MiB/s (48.6MB/s)(313MiB/6737msec)
    clat (usec): min=36, max=57382, avg=319.75, stdev=754.21
    clat percentiles (usec):
     |  1.00th=[   47],  5.00th=[   49], 10.00th=[   50], 20.00th=[   56],
     | 30.00th=[   75], 40.00th=[   97], 50.00th=[  131], 60.00th=[  165],
     | 70.00th=[  215], 80.00th=[  742], 90.00th=[  947], 95.00th=[ 1057],
     | 99.00th=[ 1237], 99.50th=[ 1303], 99.90th=[ 1549], 99.95th=[ 2474],
     | 99.99th=[45351]
   bw (  KiB/s): min=26444, max=94352, per=100.00%, avg=52814.17, stdev=1824.42, samples=117
   iops        : min= 6609, max=23588, avg=13203.03, stdev=456.12, samples=117
  cpu          : usr=48.68%, sys=4.88%, ctx=401545, majf=0, minf=0
  IO depths    : 1=100.0%, 2=0.0%, 4=0.0%, 8=0.0%, 16=0.0%, 32=0.0%, >=64=0.0%
     submit    : 0=0.0%, 4=100.0%, 8=0.0%, 16=0.0%, 32=0.0%, 64=0.0%, >=64=0.0%
     complete  : 0=0.0%, 4=100.0%, 8=0.0%, 16=0.0%, 32=0.0%, 64=0.0%, >=64=0.0%
     issued rwts: total=80000,0,0,0 short=0,0,0,0 dropped=0,0,0,0
     latency   : target=0, window=0, percentile=100.00%, depth=1

Run status group 0 (all jobs):
   READ: bw=46.4MiB/s (48.6MB/s), 46.4MiB/s-46.4MiB/s (48.6MB/s-48.6MB/s), io=313MiB (328MB), run=6737-6737msec
