create: (g=0): rw=read, bs=(R) 4096B-4096B, (W) 4096B-4096B, (T) 4096B-4096B, ioengine=filecreate, iodepth=1
...
fio-3.41
Starting 14 threads

create: (groupid=0, jobs=14): err= 0: pid=858877: Sat Mar 14 17:48:39 2026
  read: IOPS=9451, BW=36.9MiB/s (38.7MB/s)(438MiB/11850msec)
    clat (usec): min=37, max=56368, avg=960.46, stdev=905.66
    clat percentiles (usec):
     |  1.00th=[   48],  5.00th=[   51], 10.00th=[   55], 20.00th=[   69],
     | 30.00th=[  115], 40.00th=[  816], 50.00th=[ 1221], 60.00th=[ 1401],
     | 70.00th=[ 1532], 80.00th=[ 1647], 90.00th=[ 1795], 95.00th=[ 1893],
     | 99.00th=[ 2073], 99.50th=[ 2147], 99.90th=[ 2409], 99.95th=[ 5538],
     | 99.99th=[32637]
   bw (  KiB/s): min=26065, max=68792, per=100.00%, avg=39259.39, stdev=708.31, samples=305
   iops        : min= 6513, max=17198, avg=9814.65, stdev=177.09, samples=305
  cpu          : usr=26.34%, sys=3.34%, ctx=578503, majf=0, minf=0
  IO depths    : 1=100.0%, 2=0.0%, 4=0.0%, 8=0.0%, 16=0.0%, 32=0.0%, >=64=0.0%
     submit    : 0=0.0%, 4=100.0%, 8=0.0%, 16=0.0%, 32=0.0%, 64=0.0%, >=64=0.0%
     complete  : 0=0.0%, 4=100.0%, 8=0.0%, 16=0.0%, 32=0.0%, 64=0.0%, >=64=0.0%
     issued rwts: total=112000,0,0,0 short=0,0,0,0 dropped=0,0,0,0
     latency   : target=0, window=0, percentile=100.00%, depth=1

Run status group 0 (all jobs):
   READ: bw=36.9MiB/s (38.7MB/s), 36.9MiB/s-36.9MiB/s (38.7MB/s-38.7MB/s), io=438MiB (459MB), run=11850-11850msec
