create: (g=0): rw=read, bs=(R) 4096B-4096B, (W) 4096B-4096B, (T) 4096B-4096B, ioengine=filecreate, iodepth=1
...
fio-3.41
Starting 32 threads

create: (groupid=0, jobs=32): err= 0: pid=848698: Sat Mar 14 17:11:39 2026
  read: IOPS=5954, BW=23.3MiB/s (24.4MB/s)(1000MiB/42993msec)
    clat (usec): min=43, max=60302, avg=4787.77, stdev=2828.72
    clat percentiles (usec):
     |  1.00th=[   59],  5.00th=[   84], 10.00th=[  113], 20.00th=[ 3916],
     | 30.00th=[ 4686], 40.00th=[ 5080], 50.00th=[ 5407], 60.00th=[ 5735],
     | 70.00th=[ 6194], 80.00th=[ 6652], 90.00th=[ 7046], 95.00th=[ 7308],
     | 99.00th=[ 7767], 99.50th=[ 7963], 99.90th=[37487], 99.95th=[46924],
     | 99.99th=[59507]
   bw (  KiB/s): min=16589, max=30240, per=100.00%, avg=23963.81, stdev=87.90, samples=2706
   iops        : min= 4144, max= 7560, avg=5990.88, stdev=21.98, samples=2706
  cpu          : usr=8.76%, sys=1.53%, ctx=1346043, majf=0, minf=0
  IO depths    : 1=100.0%, 2=0.0%, 4=0.0%, 8=0.0%, 16=0.0%, 32=0.0%, >=64=0.0%
     submit    : 0=0.0%, 4=100.0%, 8=0.0%, 16=0.0%, 32=0.0%, 64=0.0%, >=64=0.0%
     complete  : 0=0.0%, 4=100.0%, 8=0.0%, 16=0.0%, 32=0.0%, 64=0.0%, >=64=0.0%
     issued rwts: total=256000,0,0,0 short=0,0,0,0 dropped=0,0,0,0
     latency   : target=0, window=0, percentile=100.00%, depth=1

Run status group 0 (all jobs):
   READ: bw=23.3MiB/s (24.4MB/s), 23.3MiB/s-23.3MiB/s (24.4MB/s-24.4MB/s), io=1000MiB (1049MB), run=42993-42993msec
