create: (g=0): rw=read, bs=(R) 4096B-4096B, (W) 4096B-4096B, (T) 4096B-4096B, ioengine=filecreate, iodepth=1
...
fio-3.41
Starting 32 threads

create: (groupid=0, jobs=32): err= 0: pid=829079: Sat Mar 14 16:00:49 2026
  read: IOPS=5788, BW=22.6MiB/s (23.7MB/s)(1000MiB/44222msec)
    clat (usec): min=42, max=56187, avg=4954.43, stdev=2841.38
    clat percentiles (usec):
     |  1.00th=[   61],  5.00th=[   87], 10.00th=[  115], 20.00th=[ 4113],
     | 30.00th=[ 4817], 40.00th=[ 5211], 50.00th=[ 5604], 60.00th=[ 5997],
     | 70.00th=[ 6521], 80.00th=[ 6849], 90.00th=[ 7177], 95.00th=[ 7439],
     | 99.00th=[ 7963], 99.50th=[ 8160], 99.90th=[32900], 99.95th=[44303],
     | 99.99th=[55837]
   bw (  KiB/s): min=14072, max=29340, per=100.00%, avg=23201.86, stdev=88.91, samples=2818
   iops        : min= 3516, max= 7335, avg=5800.42, stdev=22.23, samples=2818
  cpu          : usr=8.57%, sys=1.54%, ctx=1347690, majf=0, minf=0
  IO depths    : 1=100.0%, 2=0.0%, 4=0.0%, 8=0.0%, 16=0.0%, 32=0.0%, >=64=0.0%
     submit    : 0=0.0%, 4=100.0%, 8=0.0%, 16=0.0%, 32=0.0%, 64=0.0%, >=64=0.0%
     complete  : 0=0.0%, 4=100.0%, 8=0.0%, 16=0.0%, 32=0.0%, 64=0.0%, >=64=0.0%
     issued rwts: total=256000,0,0,0 short=0,0,0,0 dropped=0,0,0,0
     latency   : target=0, window=0, percentile=100.00%, depth=1

Run status group 0 (all jobs):
   READ: bw=22.6MiB/s (23.7MB/s), 22.6MiB/s-22.6MiB/s (23.7MB/s-23.7MB/s), io=1000MiB (1049MB), run=44222-44222msec
