create: (g=0): rw=read, bs=(R) 4096B-4096B, (W) 4096B-4096B, (T) 4096B-4096B, ioengine=filecreate, iodepth=1
...
fio-3.41
Starting 8 threads

create: (groupid=0, jobs=8): err= 0: pid=884364: Sat Mar 14 19:21:12 2026
  read: IOPS=9802, BW=38.3MiB/s (40.1MB/s)(250MiB/6529msec)
    clat (usec): min=33, max=56593, avg=81.81, stdev=521.77
    clat percentiles (usec):
     |  1.00th=[   40],  5.00th=[   44], 10.00th=[   46], 20.00th=[   48],
     | 30.00th=[   49], 40.00th=[   51], 50.00th=[   57], 60.00th=[   69],
     | 70.00th=[   84], 80.00th=[   99], 90.00th=[  133], 95.00th=[  159],
     | 99.00th=[  225], 99.50th=[  253], 99.90th=[  791], 99.95th=[ 1156],
     | 99.99th=[39060]
   bw (  KiB/s): min=21684, max=101189, per=100.00%, avg=53091.08, stdev=2884.15, samples=71
   iops        : min= 5421, max=25297, avg=13272.75, stdev=721.03, samples=71
  cpu          : usr=74.26%, sys=4.82%, ctx=291566, majf=0, minf=0
  IO depths    : 1=100.0%, 2=0.0%, 4=0.0%, 8=0.0%, 16=0.0%, 32=0.0%, >=64=0.0%
     submit    : 0=0.0%, 4=100.0%, 8=0.0%, 16=0.0%, 32=0.0%, 64=0.0%, >=64=0.0%
     complete  : 0=0.0%, 4=100.0%, 8=0.0%, 16=0.0%, 32=0.0%, 64=0.0%, >=64=0.0%
     issued rwts: total=64000,0,0,0 short=0,0,0,0 dropped=0,0,0,0
     latency   : target=0, window=0, percentile=100.00%, depth=1

Run status group 0 (all jobs):
   READ: bw=38.3MiB/s (40.1MB/s), 38.3MiB/s-38.3MiB/s (40.1MB/s-40.1MB/s), io=250MiB (262MB), run=6529-6529msec
