create: (g=0): rw=read, bs=(R) 4096B-4096B, (W) 4096B-4096B, (T) 4096B-4096B, ioengine=filecreate, iodepth=1
...
fio-3.41
Starting 15 threads

create: (groupid=0, jobs=15): err= 0: pid=845928: Sat Mar 14 17:01:40 2026
  read: IOPS=8920, BW=34.8MiB/s (36.5MB/s)(469MiB/13452msec)
    clat (usec): min=38, max=56473, avg=1114.59, stdev=1205.03
    clat percentiles (usec):
     |  1.00th=[   48],  5.00th=[   51], 10.00th=[   53], 20.00th=[   63],
     | 30.00th=[   90], 40.00th=[  239], 50.00th=[ 1467], 60.00th=[ 1663],
     | 70.00th=[ 1811], 80.00th=[ 1958], 90.00th=[ 2114], 95.00th=[ 2212],
     | 99.00th=[ 2409], 99.50th=[ 2474], 99.90th=[ 3163], 99.95th=[13566],
     | 99.99th=[51643]
   bw (  KiB/s): min=26652, max=51828, per=99.95%, avg=35666.56, stdev=387.75, samples=381
   iops        : min= 6658, max=12954, avg=8916.18, stdev=96.93, samples=381
  cpu          : usr=28.16%, sys=2.84%, ctx=614945, majf=0, minf=0
  IO depths    : 1=100.0%, 2=0.0%, 4=0.0%, 8=0.0%, 16=0.0%, 32=0.0%, >=64=0.0%
     submit    : 0=0.0%, 4=100.0%, 8=0.0%, 16=0.0%, 32=0.0%, 64=0.0%, >=64=0.0%
     complete  : 0=0.0%, 4=100.0%, 8=0.0%, 16=0.0%, 32=0.0%, 64=0.0%, >=64=0.0%
     issued rwts: total=120000,0,0,0 short=0,0,0,0 dropped=0,0,0,0
     latency   : target=0, window=0, percentile=100.00%, depth=1

Run status group 0 (all jobs):
   READ: bw=34.8MiB/s (36.5MB/s), 34.8MiB/s-34.8MiB/s (36.5MB/s-36.5MB/s), io=469MiB (492MB), run=13452-13452msec
