create: (g=0): rw=read, bs=(R) 4096B-4096B, (W) 4096B-4096B, (T) 4096B-4096B, ioengine=filecreate, iodepth=1
...
fio-3.41
Starting 20 threads

create: (groupid=0, jobs=20): err= 0: pid=873008: Sat Mar 14 18:37:39 2026
  read: IOPS=7611, BW=29.7MiB/s (31.2MB/s)(625MiB/21020msec)
    clat (usec): min=40, max=54672, avg=2165.40, stdev=1637.13
    clat percentiles (usec):
     |  1.00th=[   52],  5.00th=[   58], 10.00th=[   69], 20.00th=[  109],
     | 30.00th=[ 2024], 40.00th=[ 2311], 50.00th=[ 2507], 60.00th=[ 2704],
     | 70.00th=[ 2868], 80.00th=[ 3064], 90.00th=[ 3294], 95.00th=[ 3458],
     | 99.00th=[ 3720], 99.50th=[ 3818], 99.90th=[ 7832], 99.95th=[45351],
     | 99.99th=[53740]
   bw (  KiB/s): min=20731, max=35296, per=100.00%, avg=30586.08, stdev=137.76, samples=814
   iops        : min= 5182, max= 8824, avg=7646.40, stdev=34.44, samples=814
  cpu          : usr=14.08%, sys=2.27%, ctx=839091, majf=0, minf=0
  IO depths    : 1=100.0%, 2=0.0%, 4=0.0%, 8=0.0%, 16=0.0%, 32=0.0%, >=64=0.0%
     submit    : 0=0.0%, 4=100.0%, 8=0.0%, 16=0.0%, 32=0.0%, 64=0.0%, >=64=0.0%
     complete  : 0=0.0%, 4=100.0%, 8=0.0%, 16=0.0%, 32=0.0%, 64=0.0%, >=64=0.0%
     issued rwts: total=160000,0,0,0 short=0,0,0,0 dropped=0,0,0,0
     latency   : target=0, window=0, percentile=100.00%, depth=1

Run status group 0 (all jobs):
   READ: bw=29.7MiB/s (31.2MB/s), 29.7MiB/s-29.7MiB/s (31.2MB/s-31.2MB/s), io=625MiB (655MB), run=21020-21020msec
