create: (g=0): rw=read, bs=(R) 4096B-4096B, (W) 4096B-4096B, (T) 4096B-4096B, ioengine=filecreate, iodepth=1
...
fio-3.41
Starting 17 threads

create: (groupid=0, jobs=17): err= 0: pid=846218: Sat Mar 14 17:02:22 2026
  read: IOPS=8187, BW=32.0MiB/s (33.5MB/s)(531MiB/16611msec)
    clat (usec): min=38, max=52176, avg=1609.42, stdev=1373.79
    clat percentiles (usec):
     |  1.00th=[   50],  5.00th=[   55], 10.00th=[   58], 20.00th=[   84],
     | 30.00th=[ 1401], 40.00th=[ 1745], 50.00th=[ 1942], 60.00th=[ 2114],
     | 70.00th=[ 2245], 80.00th=[ 2376], 90.00th=[ 2540], 95.00th=[ 2638],
     | 99.00th=[ 2835], 99.50th=[ 2900], 99.90th=[ 4047], 99.95th=[12911],
     | 99.99th=[51643]
   bw (  KiB/s): min=25712, max=46192, per=100.00%, avg=33008.52, stdev=224.66, samples=549
   iops        : min= 6428, max=11548, avg=8252.13, stdev=56.17, samples=549
  cpu          : usr=18.05%, sys=2.62%, ctx=710393, majf=0, minf=0
  IO depths    : 1=100.0%, 2=0.0%, 4=0.0%, 8=0.0%, 16=0.0%, 32=0.0%, >=64=0.0%
     submit    : 0=0.0%, 4=100.0%, 8=0.0%, 16=0.0%, 32=0.0%, 64=0.0%, >=64=0.0%
     complete  : 0=0.0%, 4=100.0%, 8=0.0%, 16=0.0%, 32=0.0%, 64=0.0%, >=64=0.0%
     issued rwts: total=136000,0,0,0 short=0,0,0,0 dropped=0,0,0,0
     latency   : target=0, window=0, percentile=100.00%, depth=1

Run status group 0 (all jobs):
   READ: bw=32.0MiB/s (33.5MB/s), 32.0MiB/s-32.0MiB/s (33.5MB/s-33.5MB/s), io=531MiB (557MB), run=16611-16611msec
