create: (g=0): rw=read, bs=(R) 4096B-4096B, (W) 4096B-4096B, (T) 4096B-4096B, ioengine=filecreate, iodepth=1
...
fio-3.41
Starting 15 threads

create: (groupid=0, jobs=15): err= 0: pid=872268: Sat Mar 14 18:35:41 2026
  read: IOPS=8860, BW=34.6MiB/s (36.3MB/s)(469MiB/13544msec)
    clat (usec): min=38, max=55028, avg=1143.26, stdev=1104.80
    clat percentiles (usec):
     |  1.00th=[   48],  5.00th=[   51], 10.00th=[   55], 20.00th=[   65],
     | 30.00th=[  102], 40.00th=[ 1205], 50.00th=[ 1467], 60.00th=[ 1631],
     | 70.00th=[ 1762], 80.00th=[ 1893], 90.00th=[ 2040], 95.00th=[ 2147],
     | 99.00th=[ 2343], 99.50th=[ 2376], 99.90th=[ 2573], 99.95th=[ 6652],
     | 99.99th=[53740]
   bw (  KiB/s): min=25705, max=49422, per=100.00%, avg=35875.07, stdev=345.87, samples=384
   iops        : min= 6424, max=12353, avg=8968.23, stdev=86.45, samples=384
  cpu          : usr=26.19%, sys=2.96%, ctx=617815, majf=0, minf=0
  IO depths    : 1=100.0%, 2=0.0%, 4=0.0%, 8=0.0%, 16=0.0%, 32=0.0%, >=64=0.0%
     submit    : 0=0.0%, 4=100.0%, 8=0.0%, 16=0.0%, 32=0.0%, 64=0.0%, >=64=0.0%
     complete  : 0=0.0%, 4=100.0%, 8=0.0%, 16=0.0%, 32=0.0%, 64=0.0%, >=64=0.0%
     issued rwts: total=120000,0,0,0 short=0,0,0,0 dropped=0,0,0,0
     latency   : target=0, window=0, percentile=100.00%, depth=1

Run status group 0 (all jobs):
   READ: bw=34.6MiB/s (36.3MB/s), 34.6MiB/s-34.6MiB/s (36.3MB/s-36.3MB/s), io=469MiB (492MB), run=13544-13544msec
