create: (g=0): rw=read, bs=(R) 4096B-4096B, (W) 4096B-4096B, (T) 4096B-4096B, ioengine=filecreate, iodepth=1
...
fio-3.41
Starting 26 threads

create: (groupid=0, jobs=26): err= 0: pid=873983: Sat Mar 14 18:41:02 2026
  read: IOPS=6421, BW=25.1MiB/s (26.3MB/s)(813MiB/32393msec)
    clat (usec): min=42, max=58911, avg=3486.31, stdev=2303.48
    clat percentiles (usec):
     |  1.00th=[   55],  5.00th=[   71], 10.00th=[   98], 20.00th=[ 2442],
     | 30.00th=[ 3228], 40.00th=[ 3589], 50.00th=[ 3916], 60.00th=[ 4293],
     | 70.00th=[ 4621], 80.00th=[ 4883], 90.00th=[ 5211], 95.00th=[ 5538],
     | 99.00th=[ 6063], 99.50th=[ 6259], 99.90th=[17171], 99.95th=[49021],
     | 99.99th=[58459]
   bw (  KiB/s): min=17784, max=31992, per=100.00%, avg=25868.56, stdev=114.11, samples=1652
   iops        : min= 4443, max= 7998, avg=6467.08, stdev=28.53, samples=1652
  cpu          : usr=11.26%, sys=1.81%, ctx=1092642, majf=0, minf=0
  IO depths    : 1=100.0%, 2=0.0%, 4=0.0%, 8=0.0%, 16=0.0%, 32=0.0%, >=64=0.0%
     submit    : 0=0.0%, 4=100.0%, 8=0.0%, 16=0.0%, 32=0.0%, 64=0.0%, >=64=0.0%
     complete  : 0=0.0%, 4=100.0%, 8=0.0%, 16=0.0%, 32=0.0%, 64=0.0%, >=64=0.0%
     issued rwts: total=208000,0,0,0 short=0,0,0,0 dropped=0,0,0,0
     latency   : target=0, window=0, percentile=100.00%, depth=1

Run status group 0 (all jobs):
   READ: bw=25.1MiB/s (26.3MB/s), 25.1MiB/s-25.1MiB/s (26.3MB/s-26.3MB/s), io=813MiB (852MB), run=32393-32393msec
