create: (g=0): rw=read, bs=(R) 4096B-4096B, (W) 4096B-4096B, (T) 4096B-4096B, ioengine=filecreate, iodepth=1
...
fio-3.41
Starting 25 threads

create: (groupid=0, jobs=25): err= 0: pid=880353: Sat Mar 14 19:03:53 2026
  read: IOPS=6353, BW=24.8MiB/s (26.0MB/s)(781MiB/31477msec)
    clat (usec): min=39, max=54208, avg=3422.43, stdev=2304.69
    clat percentiles (usec):
     |  1.00th=[   54],  5.00th=[   71], 10.00th=[   97], 20.00th=[ 2442],
     | 30.00th=[ 3163], 40.00th=[ 3490], 50.00th=[ 3851], 60.00th=[ 4178],
     | 70.00th=[ 4490], 80.00th=[ 4752], 90.00th=[ 5211], 95.00th=[ 5538],
     | 99.00th=[ 5932], 99.50th=[ 6128], 99.90th=[30540], 99.95th=[49021],
     | 99.99th=[53740]
   bw (  KiB/s): min=17729, max=34304, per=100.00%, avg=25540.39, stdev=132.14, samples=1561
   iops        : min= 4428, max= 8576, avg=6385.01, stdev=33.04, samples=1561
  cpu          : usr=10.80%, sys=1.89%, ctx=1051542, majf=0, minf=0
  IO depths    : 1=100.0%, 2=0.0%, 4=0.0%, 8=0.0%, 16=0.0%, 32=0.0%, >=64=0.0%
     submit    : 0=0.0%, 4=100.0%, 8=0.0%, 16=0.0%, 32=0.0%, 64=0.0%, >=64=0.0%
     complete  : 0=0.0%, 4=100.0%, 8=0.0%, 16=0.0%, 32=0.0%, 64=0.0%, >=64=0.0%
     issued rwts: total=200000,0,0,0 short=0,0,0,0 dropped=0,0,0,0
     latency   : target=0, window=0, percentile=100.00%, depth=1

Run status group 0 (all jobs):
   READ: bw=24.8MiB/s (26.0MB/s), 24.8MiB/s-24.8MiB/s (26.0MB/s-26.0MB/s), io=781MiB (819MB), run=31477-31477msec
