create: (g=0): rw=read, bs=(R) 4096B-4096B, (W) 4096B-4096B, (T) 4096B-4096B, ioengine=filecreate, iodepth=1
...
fio-3.41
Starting 18 threads

create: (groupid=0, jobs=18): err= 0: pid=833292: Sat Mar 14 16:15:29 2026
  read: IOPS=7515, BW=29.4MiB/s (30.8MB/s)(563MiB/19161msec)
    clat (usec): min=41, max=53409, avg=1938.77, stdev=1523.93
    clat percentiles (usec):
     |  1.00th=[   52],  5.00th=[   58], 10.00th=[   71], 20.00th=[  106],
     | 30.00th=[ 1795], 40.00th=[ 2073], 50.00th=[ 2278], 60.00th=[ 2442],
     | 70.00th=[ 2606], 80.00th=[ 2737], 90.00th=[ 2900], 95.00th=[ 3032],
     | 99.00th=[ 3228], 99.50th=[ 3294], 99.90th=[11863], 99.95th=[40633],
     | 99.99th=[53216]
   bw (  KiB/s): min=21262, max=35240, per=100.00%, avg=30244.78, stdev=136.15, samples=674
   iops        : min= 5308, max= 8810, avg=7561.00, stdev=34.08, samples=674
  cpu          : usr=15.62%, sys=2.50%, ctx=755740, majf=0, minf=0
  IO depths    : 1=100.0%, 2=0.0%, 4=0.0%, 8=0.0%, 16=0.0%, 32=0.0%, >=64=0.0%
     submit    : 0=0.0%, 4=100.0%, 8=0.0%, 16=0.0%, 32=0.0%, 64=0.0%, >=64=0.0%
     complete  : 0=0.0%, 4=100.0%, 8=0.0%, 16=0.0%, 32=0.0%, 64=0.0%, >=64=0.0%
     issued rwts: total=144000,0,0,0 short=0,0,0,0 dropped=0,0,0,0
     latency   : target=0, window=0, percentile=100.00%, depth=1

Run status group 0 (all jobs):
   READ: bw=29.4MiB/s (30.8MB/s), 29.4MiB/s-29.4MiB/s (30.8MB/s-30.8MB/s), io=563MiB (590MB), run=19161-19161msec
