create: (g=0): rw=read, bs=(R) 4096B-4096B, (W) 4096B-4096B, (T) 4096B-4096B, ioengine=filecreate, iodepth=1
...
fio-3.41
Starting 20 threads

create: (groupid=0, jobs=20): err= 0: pid=853229: Sat Mar 14 17:27:15 2026
  read: IOPS=7001, BW=27.3MiB/s (28.7MB/s)(625MiB/22853msec)
    clat (usec): min=40, max=55674, avg=2374.42, stdev=1690.90
    clat percentiles (usec):
     |  1.00th=[   52],  5.00th=[   60], 10.00th=[   75], 20.00th=[  141],
     | 30.00th=[ 2114], 40.00th=[ 2442], 50.00th=[ 2671], 60.00th=[ 2868],
     | 70.00th=[ 3097], 80.00th=[ 3359], 90.00th=[ 3752], 95.00th=[ 4080],
     | 99.00th=[ 4424], 99.50th=[ 4555], 99.90th=[13304], 99.95th=[35390],
     | 99.99th=[52167]
   bw (  KiB/s): min=19397, max=33656, per=100.00%, avg=28145.43, stdev=165.54, samples=897
   iops        : min= 4848, max= 8414, avg=7036.30, stdev=41.39, samples=897
  cpu          : usr=14.06%, sys=2.32%, ctx=838921, majf=0, minf=0
  IO depths    : 1=100.0%, 2=0.0%, 4=0.0%, 8=0.0%, 16=0.0%, 32=0.0%, >=64=0.0%
     submit    : 0=0.0%, 4=100.0%, 8=0.0%, 16=0.0%, 32=0.0%, 64=0.0%, >=64=0.0%
     complete  : 0=0.0%, 4=100.0%, 8=0.0%, 16=0.0%, 32=0.0%, 64=0.0%, >=64=0.0%
     issued rwts: total=160000,0,0,0 short=0,0,0,0 dropped=0,0,0,0
     latency   : target=0, window=0, percentile=100.00%, depth=1

Run status group 0 (all jobs):
   READ: bw=27.3MiB/s (28.7MB/s), 27.3MiB/s-27.3MiB/s (28.7MB/s-28.7MB/s), io=625MiB (655MB), run=22853-22853msec
