create: (g=0): rw=read, bs=(R) 4096B-4096B, (W) 4096B-4096B, (T) 4096B-4096B, ioengine=filecreate, iodepth=1
...
fio-3.41
Starting 36 threads

create: (groupid=0, jobs=36): err= 0: pid=855438: Sat Mar 14 17:36:21 2026
  read: IOPS=5730, BW=22.4MiB/s (23.5MB/s)(1125MiB/50256msec)
    clat (usec): min=45, max=59008, avg=5663.40, stdev=3046.46
    clat percentiles (usec):
     |  1.00th=[   64],  5.00th=[   92], 10.00th=[  119], 20.00th=[ 5014],
     | 30.00th=[ 5669], 40.00th=[ 5997], 50.00th=[ 6325], 60.00th=[ 6783],
     | 70.00th=[ 7373], 80.00th=[ 7701], 90.00th=[ 8094], 95.00th=[ 8356],
     | 99.00th=[ 8848], 99.50th=[ 9110], 99.90th=[33817], 99.95th=[41157],
     | 99.99th=[57934]
   bw (  KiB/s): min=14937, max=28920, per=100.00%, avg=22966.42, stdev=69.91, samples=3597
   iops        : min= 3734, max= 7230, avg=5741.50, stdev=17.48, samples=3597
  cpu          : usr=8.30%, sys=1.37%, ctx=1516735, majf=0, minf=0
  IO depths    : 1=100.0%, 2=0.0%, 4=0.0%, 8=0.0%, 16=0.0%, 32=0.0%, >=64=0.0%
     submit    : 0=0.0%, 4=100.0%, 8=0.0%, 16=0.0%, 32=0.0%, 64=0.0%, >=64=0.0%
     complete  : 0=0.0%, 4=100.0%, 8=0.0%, 16=0.0%, 32=0.0%, 64=0.0%, >=64=0.0%
     issued rwts: total=288000,0,0,0 short=0,0,0,0 dropped=0,0,0,0
     latency   : target=0, window=0, percentile=100.00%, depth=1

Run status group 0 (all jobs):
   READ: bw=22.4MiB/s (23.5MB/s), 22.4MiB/s-22.4MiB/s (23.5MB/s-23.5MB/s), io=1125MiB (1180MB), run=50256-50256msec
