create: (g=0): rw=read, bs=(R) 4096B-4096B, (W) 4096B-4096B, (T) 4096B-4096B, ioengine=filecreate, iodepth=1
...
fio-3.41
Starting 13 threads

create: (groupid=0, jobs=13): err= 0: pid=832570: Sat Mar 14 16:13:48 2026
  read: IOPS=9426, BW=36.8MiB/s (38.6MB/s)(406MiB/11033msec)
    clat (usec): min=37, max=46586, avg=895.52, stdev=951.06
    clat percentiles (usec):
     |  1.00th=[   47],  5.00th=[   50], 10.00th=[   53], 20.00th=[   63],
     | 30.00th=[   91], 40.00th=[  223], 50.00th=[ 1139], 60.00th=[ 1303],
     | 70.00th=[ 1450], 80.00th=[ 1582], 90.00th=[ 1729], 95.00th=[ 1844],
     | 99.00th=[ 2024], 99.50th=[ 2089], 99.90th=[ 2311], 99.95th=[ 3130],
     | 99.99th=[44303]
   bw (  KiB/s): min=27838, max=59384, per=100.00%, avg=38123.48, stdev=678.76, samples=266
   iops        : min= 6958, max=14846, avg=9530.73, stdev=169.70, samples=266
  cpu          : usr=27.64%, sys=3.52%, ctx=533854, majf=0, minf=0
  IO depths    : 1=100.0%, 2=0.0%, 4=0.0%, 8=0.0%, 16=0.0%, 32=0.0%, >=64=0.0%
     submit    : 0=0.0%, 4=100.0%, 8=0.0%, 16=0.0%, 32=0.0%, 64=0.0%, >=64=0.0%
     complete  : 0=0.0%, 4=100.0%, 8=0.0%, 16=0.0%, 32=0.0%, 64=0.0%, >=64=0.0%
     issued rwts: total=104000,0,0,0 short=0,0,0,0 dropped=0,0,0,0
     latency   : target=0, window=0, percentile=100.00%, depth=1

Run status group 0 (all jobs):
   READ: bw=36.8MiB/s (38.6MB/s), 36.8MiB/s-36.8MiB/s (38.6MB/s-38.6MB/s), io=406MiB (426MB), run=11033-11033msec
