create: (g=0): rw=read, bs=(R) 4096B-4096B, (W) 4096B-4096B, (T) 4096B-4096B, ioengine=filecreate, iodepth=1
...
fio-3.41
Starting 13 threads

create: (groupid=0, jobs=13): err= 0: pid=885030: Sat Mar 14 19:22:11 2026
  read: IOPS=9522, BW=37.2MiB/s (39.0MB/s)(406MiB/10922msec)
    clat (usec): min=35, max=56310, avg=835.90, stdev=1144.87
    clat percentiles (usec):
     |  1.00th=[   46],  5.00th=[   50], 10.00th=[   53], 20.00th=[   62],
     | 30.00th=[   88], 40.00th=[  159], 50.00th=[ 1090], 60.00th=[ 1270],
     | 70.00th=[ 1385], 80.00th=[ 1500], 90.00th=[ 1631], 95.00th=[ 1729],
     | 99.00th=[ 1909], 99.50th=[ 1991], 99.90th=[ 2507], 99.95th=[ 5866],
     | 99.99th=[55837]
   bw (  KiB/s): min=26100, max=59176, per=100.00%, avg=39659.33, stdev=796.50, samples=259
   iops        : min= 6523, max=14794, avg=9914.72, stdev=199.14, samples=259
  cpu          : usr=29.59%, sys=3.56%, ctx=531229, majf=0, minf=0
  IO depths    : 1=100.0%, 2=0.0%, 4=0.0%, 8=0.0%, 16=0.0%, 32=0.0%, >=64=0.0%
     submit    : 0=0.0%, 4=100.0%, 8=0.0%, 16=0.0%, 32=0.0%, 64=0.0%, >=64=0.0%
     complete  : 0=0.0%, 4=100.0%, 8=0.0%, 16=0.0%, 32=0.0%, 64=0.0%, >=64=0.0%
     issued rwts: total=104000,0,0,0 short=0,0,0,0 dropped=0,0,0,0
     latency   : target=0, window=0, percentile=100.00%, depth=1

Run status group 0 (all jobs):
   READ: bw=37.2MiB/s (39.0MB/s), 37.2MiB/s-37.2MiB/s (39.0MB/s-39.0MB/s), io=406MiB (426MB), run=10922-10922msec
