create: (g=0): rw=read, bs=(R) 4096B-4096B, (W) 4096B-4096B, (T) 4096B-4096B, ioengine=filecreate, iodepth=1
...
fio-3.41
Starting 56 threads

create: (groupid=0, jobs=56): err= 0: pid=869776: Sat Mar 14 18:29:39 2026
  read: IOPS=5698, BW=22.3MiB/s (23.3MB/s)(1750MiB/78619msec)
    clat (usec): min=47, max=87503, avg=8878.37, stdev=4233.19
    clat percentiles (usec):
     |  1.00th=[   74],  5.00th=[  109], 10.00th=[  133], 20.00th=[ 8356],
     | 30.00th=[ 8848], 40.00th=[ 9372], 50.00th=[ 9896], 60.00th=[10552],
     | 70.00th=[10945], 80.00th=[11469], 90.00th=[11994], 95.00th=[12256],
     | 99.00th=[12911], 99.50th=[13304], 99.90th=[46400], 99.95th=[55313],
     | 99.99th=[85459]
   bw (  KiB/s): min=16118, max=35106, per=100.00%, avg=22895.25, stdev=45.27, samples=8725
   iops        : min= 4028, max= 8771, avg=5723.75, stdev=11.31, samples=8725
  cpu          : usr=8.32%, sys=0.94%, ctx=2371999, majf=0, minf=0
  IO depths    : 1=100.0%, 2=0.0%, 4=0.0%, 8=0.0%, 16=0.0%, 32=0.0%, >=64=0.0%
     submit    : 0=0.0%, 4=100.0%, 8=0.0%, 16=0.0%, 32=0.0%, 64=0.0%, >=64=0.0%
     complete  : 0=0.0%, 4=100.0%, 8=0.0%, 16=0.0%, 32=0.0%, 64=0.0%, >=64=0.0%
     issued rwts: total=448000,0,0,0 short=0,0,0,0 dropped=0,0,0,0
     latency   : target=0, window=0, percentile=100.00%, depth=1

Run status group 0 (all jobs):
   READ: bw=22.3MiB/s (23.3MB/s), 22.3MiB/s-22.3MiB/s (23.3MB/s-23.3MB/s), io=1750MiB (1835MB), run=78619-78619msec
