create: (g=0): rw=read, bs=(R) 4096B-4096B, (W) 4096B-4096B, (T) 4096B-4096B, ioengine=filecreate, iodepth=1
...
fio-3.41
Starting 26 threads

create: (groupid=0, jobs=26): err= 0: pid=880522: Sat Mar 14 19:04:33 2026
  read: IOPS=6237, BW=24.4MiB/s (25.6MB/s)(813MiB/33345msec)
    clat (usec): min=42, max=60903, avg=3599.09, stdev=2361.58
    clat percentiles (usec):
     |  1.00th=[   55],  5.00th=[   73], 10.00th=[  103], 20.00th=[ 2409],
     | 30.00th=[ 3326], 40.00th=[ 3687], 50.00th=[ 4080], 60.00th=[ 4424],
     | 70.00th=[ 4752], 80.00th=[ 5014], 90.00th=[ 5473], 95.00th=[ 5800],
     | 99.00th=[ 6259], 99.50th=[ 6456], 99.90th=[30802], 99.95th=[47449],
     | 99.99th=[60031]
   bw (  KiB/s): min=18761, max=31480, per=100.00%, avg=25137.48, stdev=112.70, samples=1702
   iops        : min= 4688, max= 7870, avg=6284.29, stdev=28.18, samples=1702
  cpu          : usr=11.04%, sys=1.85%, ctx=1092827, majf=0, minf=0
  IO depths    : 1=100.0%, 2=0.0%, 4=0.0%, 8=0.0%, 16=0.0%, 32=0.0%, >=64=0.0%
     submit    : 0=0.0%, 4=100.0%, 8=0.0%, 16=0.0%, 32=0.0%, 64=0.0%, >=64=0.0%
     complete  : 0=0.0%, 4=100.0%, 8=0.0%, 16=0.0%, 32=0.0%, 64=0.0%, >=64=0.0%
     issued rwts: total=208000,0,0,0 short=0,0,0,0 dropped=0,0,0,0
     latency   : target=0, window=0, percentile=100.00%, depth=1

Run status group 0 (all jobs):
   READ: bw=24.4MiB/s (25.6MB/s), 24.4MiB/s-24.4MiB/s (25.6MB/s-25.6MB/s), io=813MiB (852MB), run=33345-33345msec
