create: (g=0): rw=read, bs=(R) 4096B-4096B, (W) 4096B-4096B, (T) 4096B-4096B, ioengine=filecreate, iodepth=1
...
fio-3.41
Starting 22 threads

create: (groupid=0, jobs=22): err= 0: pid=860074: Sat Mar 14 17:51:54 2026
  read: IOPS=6891, BW=26.9MiB/s (28.2MB/s)(688MiB/25539msec)
    clat (usec): min=41, max=51960, avg=2677.20, stdev=1885.25
    clat percentiles (usec):
     |  1.00th=[   52],  5.00th=[   62], 10.00th=[   78], 20.00th=[  157],
     | 30.00th=[ 2409], 40.00th=[ 2737], 50.00th=[ 2966], 60.00th=[ 3261],
     | 70.00th=[ 3621], 80.00th=[ 3916], 90.00th=[ 4178], 95.00th=[ 4359],
     | 99.00th=[ 4686], 99.50th=[ 4817], 99.90th=[13435], 99.95th=[44303],
     | 99.99th=[51643]
   bw (  KiB/s): min=20828, max=34088, per=100.00%, avg=27803.10, stdev=150.18, samples=1102
   iops        : min= 5206, max= 8522, avg=6950.63, stdev=37.55, samples=1102
  cpu          : usr=13.25%, sys=2.13%, ctx=923536, majf=0, minf=0
  IO depths    : 1=100.0%, 2=0.0%, 4=0.0%, 8=0.0%, 16=0.0%, 32=0.0%, >=64=0.0%
     submit    : 0=0.0%, 4=100.0%, 8=0.0%, 16=0.0%, 32=0.0%, 64=0.0%, >=64=0.0%
     complete  : 0=0.0%, 4=100.0%, 8=0.0%, 16=0.0%, 32=0.0%, 64=0.0%, >=64=0.0%
     issued rwts: total=176000,0,0,0 short=0,0,0,0 dropped=0,0,0,0
     latency   : target=0, window=0, percentile=100.00%, depth=1

Run status group 0 (all jobs):
   READ: bw=26.9MiB/s (28.2MB/s), 26.9MiB/s-26.9MiB/s (28.2MB/s-28.2MB/s), io=688MiB (721MB), run=25539-25539msec
