create: (g=0): rw=read, bs=(R) 4096B-4096B, (W) 4096B-4096B, (T) 4096B-4096B, ioengine=filecreate, iodepth=1
...
fio-3.41
Starting 29 threads

create: (groupid=0, jobs=29): err= 0: pid=867991: Sat Mar 14 18:19:51 2026
  read: IOPS=6270, BW=24.5MiB/s (25.7MB/s)(906MiB/36999msec)
    clat (usec): min=42, max=59485, avg=4080.65, stdev=2525.97
    clat percentiles (usec):
     |  1.00th=[   56],  5.00th=[   77], 10.00th=[  108], 20.00th=[ 3294],
     | 30.00th=[ 3949], 40.00th=[ 4228], 50.00th=[ 4555], 60.00th=[ 4817],
     | 70.00th=[ 5211], 80.00th=[ 5669], 90.00th=[ 6194], 95.00th=[ 6456],
     | 99.00th=[ 6915], 99.50th=[ 7111], 99.90th=[28705], 99.95th=[46400],
     | 99.99th=[58459]
   bw (  KiB/s): min=17513, max=32760, per=100.00%, avg=25263.13, stdev=107.36, samples=2113
   iops        : min= 4375, max= 8190, avg=6315.72, stdev=26.84, samples=2113
  cpu          : usr=9.55%, sys=1.71%, ctx=1220677, majf=0, minf=0
  IO depths    : 1=100.0%, 2=0.0%, 4=0.0%, 8=0.0%, 16=0.0%, 32=0.0%, >=64=0.0%
     submit    : 0=0.0%, 4=100.0%, 8=0.0%, 16=0.0%, 32=0.0%, 64=0.0%, >=64=0.0%
     complete  : 0=0.0%, 4=100.0%, 8=0.0%, 16=0.0%, 32=0.0%, 64=0.0%, >=64=0.0%
     issued rwts: total=232000,0,0,0 short=0,0,0,0 dropped=0,0,0,0
     latency   : target=0, window=0, percentile=100.00%, depth=1

Run status group 0 (all jobs):
   READ: bw=24.5MiB/s (25.7MB/s), 24.5MiB/s-24.5MiB/s (25.7MB/s-25.7MB/s), io=906MiB (950MB), run=36999-36999msec
