create: (g=0): rw=read, bs=(R) 4096B-4096B, (W) 4096B-4096B, (T) 4096B-4096B, ioengine=filecreate, iodepth=1
...
fio-3.41
Starting 9 threads

create: (groupid=0, jobs=9): err= 0: pid=838560: Sat Mar 14 16:36:38 2026
  read: IOPS=11.3k, BW=44.2MiB/s (46.3MB/s)(281MiB/6370msec)
    clat (usec): min=34, max=54084, avg=125.07, stdev=435.47
    clat percentiles (usec):
     |  1.00th=[   42],  5.00th=[   46], 10.00th=[   47], 20.00th=[   49],
     | 30.00th=[   51], 40.00th=[   58], 50.00th=[   71], 60.00th=[   88],
     | 70.00th=[  110], 80.00th=[  141], 90.00th=[  202], 95.00th=[  343],
     | 99.00th=[  906], 99.50th=[ 1012], 99.90th=[ 1205], 99.95th=[ 1565],
     | 99.99th=[ 3621]
   bw (  KiB/s): min=28632, max=110348, per=100.00%, avg=62222.52, stdev=2691.04, samples=80
   iops        : min= 7158, max=27587, avg=15555.63, stdev=672.76, samples=80
  cpu          : usr=67.75%, sys=5.00%, ctx=341159, majf=0, minf=0
  IO depths    : 1=100.0%, 2=0.0%, 4=0.0%, 8=0.0%, 16=0.0%, 32=0.0%, >=64=0.0%
     submit    : 0=0.0%, 4=100.0%, 8=0.0%, 16=0.0%, 32=0.0%, 64=0.0%, >=64=0.0%
     complete  : 0=0.0%, 4=100.0%, 8=0.0%, 16=0.0%, 32=0.0%, 64=0.0%, >=64=0.0%
     issued rwts: total=72000,0,0,0 short=0,0,0,0 dropped=0,0,0,0
     latency   : target=0, window=0, percentile=100.00%, depth=1

Run status group 0 (all jobs):
   READ: bw=44.2MiB/s (46.3MB/s), 44.2MiB/s-44.2MiB/s (46.3MB/s-46.3MB/s), io=281MiB (295MB), run=6370-6370msec
