create: (g=0): rw=read, bs=(R) 4096B-4096B, (W) 4096B-4096B, (T) 4096B-4096B, ioengine=filecreate, iodepth=1
...
fio-3.41
Starting 31 threads

create: (groupid=0, jobs=31): err= 0: pid=861596: Sat Mar 14 17:58:05 2026
  read: IOPS=5898, BW=23.0MiB/s (24.2MB/s)(969MiB/42043msec)
    clat (usec): min=41, max=67656, avg=4666.02, stdev=2831.84
    clat percentiles (usec):
     |  1.00th=[   58],  5.00th=[   83], 10.00th=[  113], 20.00th=[ 3621],
     | 30.00th=[ 4424], 40.00th=[ 4817], 50.00th=[ 5145], 60.00th=[ 5538],
     | 70.00th=[ 6259], 80.00th=[ 6652], 90.00th=[ 6915], 95.00th=[ 7177],
     | 99.00th=[ 7635], 99.50th=[ 7832], 99.90th=[34866], 99.95th=[47973],
     | 99.99th=[66847]
   bw (  KiB/s): min=16387, max=30168, per=100.00%, avg=23693.43, stdev=98.94, samples=2567
   iops        : min= 4095, max= 7542, avg=5923.33, stdev=24.74, samples=2567
  cpu          : usr=9.20%, sys=1.59%, ctx=1303938, majf=0, minf=0
  IO depths    : 1=100.0%, 2=0.0%, 4=0.0%, 8=0.0%, 16=0.0%, 32=0.0%, >=64=0.0%
     submit    : 0=0.0%, 4=100.0%, 8=0.0%, 16=0.0%, 32=0.0%, 64=0.0%, >=64=0.0%
     complete  : 0=0.0%, 4=100.0%, 8=0.0%, 16=0.0%, 32=0.0%, 64=0.0%, >=64=0.0%
     issued rwts: total=248000,0,0,0 short=0,0,0,0 dropped=0,0,0,0
     latency   : target=0, window=0, percentile=100.00%, depth=1

Run status group 0 (all jobs):
   READ: bw=23.0MiB/s (24.2MB/s), 23.0MiB/s-23.0MiB/s (24.2MB/s-24.2MB/s), io=969MiB (1016MB), run=42043-42043msec
