create: (g=0): rw=read, bs=(R) 4096B-4096B, (W) 4096B-4096B, (T) 4096B-4096B, ioengine=filecreate, iodepth=1
...
fio-3.41
Starting 56 threads

create: (groupid=0, jobs=56): err= 0: pid=849964: Sat Mar 14 17:19:09 2026
  read: IOPS=5587, BW=21.8MiB/s (22.9MB/s)(1750MiB/80177msec)
    clat (usec): min=48, max=95760, avg=9035.08, stdev=4319.16
    clat percentiles (usec):
     |  1.00th=[   77],  5.00th=[  111], 10.00th=[  133], 20.00th=[ 8356],
     | 30.00th=[ 9110], 40.00th=[ 9634], 50.00th=[10159], 60.00th=[10683],
     | 70.00th=[11207], 80.00th=[11731], 90.00th=[12125], 95.00th=[12518],
     | 99.00th=[12911], 99.50th=[13304], 99.90th=[49546], 99.95th=[55837],
     | 99.99th=[94897]
   bw (  KiB/s): min=15457, max=36626, per=100.00%, avg=22483.73, stdev=46.72, samples=8872
   iops        : min= 3859, max= 9145, avg=5620.78, stdev=11.67, samples=8872
  cpu          : usr=8.30%, sys=0.94%, ctx=2371417, majf=0, minf=0
  IO depths    : 1=100.0%, 2=0.0%, 4=0.0%, 8=0.0%, 16=0.0%, 32=0.0%, >=64=0.0%
     submit    : 0=0.0%, 4=100.0%, 8=0.0%, 16=0.0%, 32=0.0%, 64=0.0%, >=64=0.0%
     complete  : 0=0.0%, 4=100.0%, 8=0.0%, 16=0.0%, 32=0.0%, 64=0.0%, >=64=0.0%
     issued rwts: total=448000,0,0,0 short=0,0,0,0 dropped=0,0,0,0
     latency   : target=0, window=0, percentile=100.00%, depth=1

Run status group 0 (all jobs):
   READ: bw=21.8MiB/s (22.9MB/s), 21.8MiB/s-21.8MiB/s (22.9MB/s-22.9MB/s), io=1750MiB (1835MB), run=80177-80177msec
