create: (g=0): rw=read, bs=(R) 4096B-4096B, (W) 4096B-4096B, (T) 4096B-4096B, ioengine=filecreate, iodepth=1
...
fio-3.41
Starting 12 threads

create: (groupid=0, jobs=12): err= 0: pid=884891: Sat Mar 14 19:21:56 2026
  read: IOPS=10.4k, BW=40.5MiB/s (42.5MB/s)(375MiB/9253msec)
    clat (usec): min=36, max=57258, avg=489.03, stdev=760.93
    clat percentiles (usec):
     |  1.00th=[   46],  5.00th=[   48], 10.00th=[   50], 20.00th=[   53],
     | 30.00th=[   65], 40.00th=[   85], 50.00th=[  114], 60.00th=[  194],
     | 70.00th=[  971], 80.00th=[ 1139], 90.00th=[ 1270], 95.00th=[ 1369],
     | 99.00th=[ 1516], 99.50th=[ 1582], 99.90th=[ 1762], 99.95th=[ 2540],
     | 99.99th=[43254]
   bw (  KiB/s): min=25151, max=90441, per=100.00%, avg=49888.44, stdev=1249.18, samples=189
   iops        : min= 6280, max=22610, avg=12471.55, stdev=312.36, samples=189
  cpu          : usr=45.52%, sys=3.94%, ctx=477631, majf=0, minf=0
  IO depths    : 1=100.0%, 2=0.0%, 4=0.0%, 8=0.0%, 16=0.0%, 32=0.0%, >=64=0.0%
     submit    : 0=0.0%, 4=100.0%, 8=0.0%, 16=0.0%, 32=0.0%, 64=0.0%, >=64=0.0%
     complete  : 0=0.0%, 4=100.0%, 8=0.0%, 16=0.0%, 32=0.0%, 64=0.0%, >=64=0.0%
     issued rwts: total=96000,0,0,0 short=0,0,0,0 dropped=0,0,0,0
     latency   : target=0, window=0, percentile=100.00%, depth=1

Run status group 0 (all jobs):
   READ: bw=40.5MiB/s (42.5MB/s), 40.5MiB/s-40.5MiB/s (42.5MB/s-42.5MB/s), io=375MiB (393MB), run=9253-9253msec
