create: (g=0): rw=read, bs=(R) 4096B-4096B, (W) 4096B-4096B, (T) 4096B-4096B, ioengine=filecreate, iodepth=1
...
fio-3.41
Starting 14 threads

create: (groupid=0, jobs=14): err= 0: pid=878665: Sat Mar 14 18:58:51 2026
  read: IOPS=8954, BW=35.0MiB/s (36.7MB/s)(438MiB/12508msec)
    clat (usec): min=38, max=63003, avg=1106.47, stdev=1126.29
    clat percentiles (usec):
     |  1.00th=[   49],  5.00th=[   52], 10.00th=[   56], 20.00th=[   72],
     | 30.00th=[  196], 40.00th=[ 1156], 50.00th=[ 1369], 60.00th=[ 1500],
     | 70.00th=[ 1631], 80.00th=[ 1762], 90.00th=[ 1909], 95.00th=[ 2008],
     | 99.00th=[ 2147], 99.50th=[ 2212], 99.90th=[ 2900], 99.95th=[ 6652],
     | 99.99th=[47973]
   bw (  KiB/s): min=26438, max=60096, per=100.00%, avg=36293.63, stdev=512.79, samples=333
   iops        : min= 6606, max=15024, avg=9073.32, stdev=128.21, samples=333
  cpu          : usr=22.79%, sys=2.96%, ctx=582328, majf=0, minf=0
  IO depths    : 1=100.0%, 2=0.0%, 4=0.0%, 8=0.0%, 16=0.0%, 32=0.0%, >=64=0.0%
     submit    : 0=0.0%, 4=100.0%, 8=0.0%, 16=0.0%, 32=0.0%, 64=0.0%, >=64=0.0%
     complete  : 0=0.0%, 4=100.0%, 8=0.0%, 16=0.0%, 32=0.0%, 64=0.0%, >=64=0.0%
     issued rwts: total=112000,0,0,0 short=0,0,0,0 dropped=0,0,0,0
     latency   : target=0, window=0, percentile=100.00%, depth=1

Run status group 0 (all jobs):
   READ: bw=35.0MiB/s (36.7MB/s), 35.0MiB/s-35.0MiB/s (36.7MB/s-36.7MB/s), io=438MiB (459MB), run=12508-12508msec
