create: (g=0): rw=read, bs=(R) 4096B-4096B, (W) 4096B-4096B, (T) 4096B-4096B, ioengine=filecreate, iodepth=1
...
fio-3.41
Starting 3 threads

create: (groupid=0, jobs=3): err= 0: pid=837823: Sat Mar 14 16:35:48 2026
  read: IOPS=6040, BW=23.6MiB/s (24.7MB/s)(93.8MiB/3973msec)
    clat (usec): min=35, max=23621, avg=61.14, stdev=233.54
    clat percentiles (usec):
     |  1.00th=[   41],  5.00th=[   44], 10.00th=[   45], 20.00th=[   46],
     | 30.00th=[   47], 40.00th=[   48], 50.00th=[   49], 60.00th=[   51],
     | 70.00th=[   60], 80.00th=[   73], 90.00th=[   89], 95.00th=[   99],
     | 99.00th=[  126], 99.50th=[  137], 99.90th=[  198], 99.95th=[  293],
     | 99.99th=[17171]
   bw (  KiB/s): min=11672, max=40072, per=90.45%, avg=21856.00, stdev=3145.56, samples=21
   iops        : min= 2918, max=10018, avg=5464.00, stdev=786.39, samples=21
  cpu          : usr=77.45%, sys=5.39%, ctx=104603, majf=0, minf=0
  IO depths    : 1=100.0%, 2=0.0%, 4=0.0%, 8=0.0%, 16=0.0%, 32=0.0%, >=64=0.0%
     submit    : 0=0.0%, 4=100.0%, 8=0.0%, 16=0.0%, 32=0.0%, 64=0.0%, >=64=0.0%
     complete  : 0=0.0%, 4=100.0%, 8=0.0%, 16=0.0%, 32=0.0%, 64=0.0%, >=64=0.0%
     issued rwts: total=24000,0,0,0 short=0,0,0,0 dropped=0,0,0,0
     latency   : target=0, window=0, percentile=100.00%, depth=1

Run status group 0 (all jobs):
   READ: bw=23.6MiB/s (24.7MB/s), 23.6MiB/s-23.6MiB/s (24.7MB/s-24.7MB/s), io=93.8MiB (98.3MB), run=3973-3973msec
