create: (g=0): rw=read, bs=(R) 4096B-4096B, (W) 4096B-4096B, (T) 4096B-4096B, ioengine=filecreate, iodepth=1
...
fio-3.41
Starting 22 threads

create: (groupid=0, jobs=22): err= 0: pid=827345: Sat Mar 14 15:53:29 2026
  read: IOPS=6698, BW=26.2MiB/s (27.4MB/s)(688MiB/26275msec)
    clat (usec): min=41, max=66188, avg=2752.97, stdev=2009.46
    clat percentiles (usec):
     |  1.00th=[   52],  5.00th=[   63], 10.00th=[   81], 20.00th=[  159],
     | 30.00th=[ 2409], 40.00th=[ 2737], 50.00th=[ 2999], 60.00th=[ 3228],
     | 70.00th=[ 3556], 80.00th=[ 4146], 90.00th=[ 4490], 95.00th=[ 4752],
     | 99.00th=[ 5145], 99.50th=[ 5342], 99.90th=[13698], 99.95th=[44303],
     | 99.99th=[57410]
   bw (  KiB/s): min=17404, max=32904, per=100.00%, avg=27072.04, stdev=177.46, samples=1129
   iops        : min= 4348, max= 8226, avg=6767.81, stdev=44.38, samples=1129
  cpu          : usr=13.01%, sys=2.10%, ctx=924101, majf=0, minf=0
  IO depths    : 1=100.0%, 2=0.0%, 4=0.0%, 8=0.0%, 16=0.0%, 32=0.0%, >=64=0.0%
     submit    : 0=0.0%, 4=100.0%, 8=0.0%, 16=0.0%, 32=0.0%, 64=0.0%, >=64=0.0%
     complete  : 0=0.0%, 4=100.0%, 8=0.0%, 16=0.0%, 32=0.0%, 64=0.0%, >=64=0.0%
     issued rwts: total=176000,0,0,0 short=0,0,0,0 dropped=0,0,0,0
     latency   : target=0, window=0, percentile=100.00%, depth=1

Run status group 0 (all jobs):
   READ: bw=26.2MiB/s (27.4MB/s), 26.2MiB/s-26.2MiB/s (27.4MB/s-27.4MB/s), io=688MiB (721MB), run=26275-26275msec
