create: (g=0): rw=read, bs=(R) 4096B-4096B, (W) 4096B-4096B, (T) 4096B-4096B, ioengine=filecreate, iodepth=1
...
fio-3.41
Starting 23 threads

create: (groupid=0, jobs=23): err= 0: pid=748091: Sat Mar 14 13:06:36 2026
  read: IOPS=6615, BW=25.8MiB/s (27.1MB/s)(719MiB/27812msec)
    clat (usec): min=39, max=60346, avg=2966.86, stdev=2208.93
    clat percentiles (usec):
     |  1.00th=[   53],  5.00th=[   64], 10.00th=[   82], 20.00th=[ 1991],
     | 30.00th=[ 2704], 40.00th=[ 2999], 50.00th=[ 3261], 60.00th=[ 3589],
     | 70.00th=[ 3916], 80.00th=[ 4178], 90.00th=[ 4490], 95.00th=[ 4817],
     | 99.00th=[ 5276], 99.50th=[ 5407], 99.90th=[36439], 99.95th=[50070],
     | 99.99th=[60031]
   bw (  KiB/s): min=18303, max=32704, per=100.00%, avg=26595.53, stdev=139.78, samples=1260
   iops        : min= 4574, max= 8176, avg=6648.84, stdev=34.95, samples=1260
  cpu          : usr=12.16%, sys=2.05%, ctx=965752, majf=0, minf=0
  IO depths    : 1=100.0%, 2=0.0%, 4=0.0%, 8=0.0%, 16=0.0%, 32=0.0%, >=64=0.0%
     submit    : 0=0.0%, 4=100.0%, 8=0.0%, 16=0.0%, 32=0.0%, 64=0.0%, >=64=0.0%
     complete  : 0=0.0%, 4=100.0%, 8=0.0%, 16=0.0%, 32=0.0%, 64=0.0%, >=64=0.0%
     issued rwts: total=184000,0,0,0 short=0,0,0,0 dropped=0,0,0,0
     latency   : target=0, window=0, percentile=100.00%, depth=1

Run status group 0 (all jobs):
   READ: bw=25.8MiB/s (27.1MB/s), 25.8MiB/s-25.8MiB/s (27.1MB/s-27.1MB/s), io=719MiB (754MB), run=27812-27812msec
