create: (g=0): rw=read, bs=(R) 4096B-4096B, (W) 4096B-4096B, (T) 4096B-4096B, ioengine=filecreate, iodepth=1
...
fio-3.41
Starting 18 threads

create: (groupid=0, jobs=18): err= 0: pid=740784: Sat Mar 14 12:40:25 2026
  read: IOPS=8040, BW=31.4MiB/s (32.9MB/s)(563MiB/17909msec)
    clat (usec): min=39, max=51805, avg=1814.14, stdev=1255.36
    clat percentiles (usec):
     |  1.00th=[   51],  5.00th=[   55], 10.00th=[   59], 20.00th=[   87],
     | 30.00th=[ 1713], 40.00th=[ 1958], 50.00th=[ 2147], 60.00th=[ 2311],
     | 70.00th=[ 2474], 80.00th=[ 2638], 90.00th=[ 2769], 95.00th=[ 2900],
     | 99.00th=[ 3097], 99.50th=[ 3163], 99.90th=[ 7898], 99.95th=[18482],
     | 99.99th=[38536]
   bw (  KiB/s): min=24647, max=37080, per=100.00%, avg=32290.53, stdev=150.93, samples=628
   iops        : min= 6161, max= 9270, avg=8072.61, stdev=37.74, samples=628
  cpu          : usr=15.63%, sys=2.48%, ctx=753392, majf=0, minf=0
  IO depths    : 1=100.0%, 2=0.0%, 4=0.0%, 8=0.0%, 16=0.0%, 32=0.0%, >=64=0.0%
     submit    : 0=0.0%, 4=100.0%, 8=0.0%, 16=0.0%, 32=0.0%, 64=0.0%, >=64=0.0%
     complete  : 0=0.0%, 4=100.0%, 8=0.0%, 16=0.0%, 32=0.0%, 64=0.0%, >=64=0.0%
     issued rwts: total=144000,0,0,0 short=0,0,0,0 dropped=0,0,0,0
     latency   : target=0, window=0, percentile=100.00%, depth=1

Run status group 0 (all jobs):
   READ: bw=31.4MiB/s (32.9MB/s), 31.4MiB/s-31.4MiB/s (32.9MB/s-32.9MB/s), io=563MiB (590MB), run=17909-17909msec
