create: (g=0): rw=read, bs=(R) 4096B-4096B, (W) 4096B-4096B, (T) 4096B-4096B, ioengine=filecreate, iodepth=1
...
fio-3.41
Starting 31 threads

create: (groupid=0, jobs=31): err= 0: pid=768934: Sat Mar 14 14:23:15 2026
  read: IOPS=5725, BW=22.4MiB/s (23.5MB/s)(969MiB/43315msec)
    clat (usec): min=41, max=56843, avg=4847.03, stdev=2790.80
    clat percentiles (usec):
     |  1.00th=[   60],  5.00th=[   86], 10.00th=[  115], 20.00th=[ 4080],
     | 30.00th=[ 4752], 40.00th=[ 5080], 50.00th=[ 5473], 60.00th=[ 5866],
     | 70.00th=[ 6390], 80.00th=[ 6718], 90.00th=[ 6980], 95.00th=[ 7242],
     | 99.00th=[ 7701], 99.50th=[ 7963], 99.90th=[29754], 99.95th=[47973],
     | 99.99th=[55837]
   bw (  KiB/s): min=16178, max=28952, per=100.00%, avg=22944.19, stdev=86.43, samples=2672
   iops        : min= 4041, max= 7238, avg=5735.98, stdev=21.61, samples=2672
  cpu          : usr=8.76%, sys=1.59%, ctx=1304581, majf=0, minf=0
  IO depths    : 1=100.0%, 2=0.0%, 4=0.0%, 8=0.0%, 16=0.0%, 32=0.0%, >=64=0.0%
     submit    : 0=0.0%, 4=100.0%, 8=0.0%, 16=0.0%, 32=0.0%, 64=0.0%, >=64=0.0%
     complete  : 0=0.0%, 4=100.0%, 8=0.0%, 16=0.0%, 32=0.0%, 64=0.0%, >=64=0.0%
     issued rwts: total=248000,0,0,0 short=0,0,0,0 dropped=0,0,0,0
     latency   : target=0, window=0, percentile=100.00%, depth=1

Run status group 0 (all jobs):
   READ: bw=22.4MiB/s (23.5MB/s), 22.4MiB/s-22.4MiB/s (23.5MB/s-23.5MB/s), io=969MiB (1016MB), run=43315-43315msec
