create: (g=0): rw=read, bs=(R) 4096B-4096B, (W) 4096B-4096B, (T) 4096B-4096B, ioengine=filecreate, iodepth=1
...
fio-3.41
Starting 28 threads

create: (groupid=0, jobs=28): err= 0: pid=781449: Sat Mar 14 15:07:51 2026
  read: IOPS=6005, BW=23.5MiB/s (24.6MB/s)(875MiB/37300msec)
    clat (usec): min=41, max=57738, avg=4091.40, stdev=2490.24
    clat percentiles (usec):
     |  1.00th=[   56],  5.00th=[   78], 10.00th=[  108], 20.00th=[ 3097],
     | 30.00th=[ 3949], 40.00th=[ 4359], 50.00th=[ 4686], 60.00th=[ 4948],
     | 70.00th=[ 5276], 80.00th=[ 5604], 90.00th=[ 6128], 95.00th=[ 6390],
     | 99.00th=[ 6915], 99.50th=[ 7046], 99.90th=[28705], 99.95th=[44303],
     | 99.99th=[53216]
   bw (  KiB/s): min=16936, max=30392, per=100.00%, avg=24184.14, stdev=93.85, samples=2064
   iops        : min= 4230, max= 7598, avg=6045.97, stdev=23.47, samples=2064
  cpu          : usr=9.97%, sys=1.74%, ctx=1177308, majf=0, minf=0
  IO depths    : 1=100.0%, 2=0.0%, 4=0.0%, 8=0.0%, 16=0.0%, 32=0.0%, >=64=0.0%
     submit    : 0=0.0%, 4=100.0%, 8=0.0%, 16=0.0%, 32=0.0%, 64=0.0%, >=64=0.0%
     complete  : 0=0.0%, 4=100.0%, 8=0.0%, 16=0.0%, 32=0.0%, 64=0.0%, >=64=0.0%
     issued rwts: total=224000,0,0,0 short=0,0,0,0 dropped=0,0,0,0
     latency   : target=0, window=0, percentile=100.00%, depth=1

Run status group 0 (all jobs):
   READ: bw=23.5MiB/s (24.6MB/s), 23.5MiB/s-23.5MiB/s (24.6MB/s-24.6MB/s), io=875MiB (918MB), run=37300-37300msec
