create: (g=0): rw=read, bs=(R) 4096B-4096B, (W) 4096B-4096B, (T) 4096B-4096B, ioengine=filecreate, iodepth=1
...
fio-3.41
Starting 64 threads

create: (groupid=0, jobs=64): err= 0: pid=815830: Sat Mar 14 15:45:08 2026
  read: IOPS=5752, BW=22.5MiB/s (23.6MB/s)(2000MiB/89007msec)
    clat (usec): min=42, max=119536, avg=10083.70, stdev=4771.38
    clat percentiles (usec):
     |  1.00th=[    71],  5.00th=[   102], 10.00th=[   133], 20.00th=[  9372],
     | 30.00th=[ 10028], 40.00th=[ 10552], 50.00th=[ 11207], 60.00th=[ 11731],
     | 70.00th=[ 12387], 80.00th=[ 13042], 90.00th=[ 13698], 95.00th=[ 14091],
     | 99.00th=[ 15008], 99.50th=[ 17433], 99.90th=[ 45351], 99.95th=[ 58459],
     | 99.99th=[119014]
   bw (  KiB/s): min=15035, max=36856, per=100.00%, avg=23114.17, stdev=43.11, samples=11315
   iops        : min= 3755, max= 9214, avg=5778.52, stdev=10.78, samples=11315
  cpu          : usr=8.20%, sys=0.83%, ctx=2713611, majf=0, minf=0
  IO depths    : 1=100.0%, 2=0.0%, 4=0.0%, 8=0.0%, 16=0.0%, 32=0.0%, >=64=0.0%
     submit    : 0=0.0%, 4=100.0%, 8=0.0%, 16=0.0%, 32=0.0%, 64=0.0%, >=64=0.0%
     complete  : 0=0.0%, 4=100.0%, 8=0.0%, 16=0.0%, 32=0.0%, 64=0.0%, >=64=0.0%
     issued rwts: total=512000,0,0,0 short=0,0,0,0 dropped=0,0,0,0
     latency   : target=0, window=0, percentile=100.00%, depth=1

Run status group 0 (all jobs):
   READ: bw=22.5MiB/s (23.6MB/s), 22.5MiB/s-22.5MiB/s (23.6MB/s-23.6MB/s), io=2000MiB (2097MB), run=89007-89007msec
