create: (g=0): rw=read, bs=(R) 4096B-4096B, (W) 4096B-4096B, (T) 4096B-4096B, ioengine=filecreate, iodepth=1
...
fio-3.41
Starting 13 threads

create: (groupid=0, jobs=13): err= 0: pid=753095: Sat Mar 14 13:26:06 2026
  read: IOPS=9725, BW=38.0MiB/s (39.8MB/s)(406MiB/10694msec)
    clat (usec): min=35, max=55091, avg=773.47, stdev=875.52
    clat percentiles (usec):
     |  1.00th=[   47],  5.00th=[   50], 10.00th=[   52], 20.00th=[   62],
     | 30.00th=[   86], 40.00th=[  135], 50.00th=[  889], 60.00th=[ 1188],
     | 70.00th=[ 1352], 80.00th=[ 1483], 90.00th=[ 1631], 95.00th=[ 1729],
     | 99.00th=[ 1926], 99.50th=[ 1991], 99.90th=[ 2311], 99.95th=[ 4752],
     | 99.99th=[33424]
   bw (  KiB/s): min=26918, max=73145, per=100.00%, avg=40878.11, stdev=939.57, samples=249
   iops        : min= 6728, max=18286, avg=10219.43, stdev=234.89, samples=249
  cpu          : usr=32.17%, sys=3.43%, ctx=530899, majf=0, minf=0
  IO depths    : 1=100.0%, 2=0.0%, 4=0.0%, 8=0.0%, 16=0.0%, 32=0.0%, >=64=0.0%
     submit    : 0=0.0%, 4=100.0%, 8=0.0%, 16=0.0%, 32=0.0%, 64=0.0%, >=64=0.0%
     complete  : 0=0.0%, 4=100.0%, 8=0.0%, 16=0.0%, 32=0.0%, 64=0.0%, >=64=0.0%
     issued rwts: total=104000,0,0,0 short=0,0,0,0 dropped=0,0,0,0
     latency   : target=0, window=0, percentile=100.00%, depth=1

Run status group 0 (all jobs):
   READ: bw=38.0MiB/s (39.8MB/s), 38.0MiB/s-38.0MiB/s (39.8MB/s-39.8MB/s), io=406MiB (426MB), run=10694-10694msec
