create: (g=0): rw=read, bs=(R) 4096B-4096B, (W) 4096B-4096B, (T) 4096B-4096B, ioengine=filecreate, iodepth=1
...
fio-3.41
Starting 26 threads

create: (groupid=0, jobs=26): err= 0: pid=748585: Sat Mar 14 13:08:30 2026
  read: IOPS=6211, BW=24.3MiB/s (25.4MB/s)(813MiB/33486msec)
    clat (usec): min=40, max=52904, avg=3624.47, stdev=2355.24
    clat percentiles (usec):
     |  1.00th=[   55],  5.00th=[   72], 10.00th=[  101], 20.00th=[ 2409],
     | 30.00th=[ 3326], 40.00th=[ 3720], 50.00th=[ 4113], 60.00th=[ 4424],
     | 70.00th=[ 4752], 80.00th=[ 5080], 90.00th=[ 5538], 95.00th=[ 5866],
     | 99.00th=[ 6259], 99.50th=[ 6390], 99.90th=[34866], 99.95th=[46924],
     | 99.99th=[51643]
   bw (  KiB/s): min=17680, max=33800, per=100.00%, avg=25034.39, stdev=123.51, samples=1712
   iops        : min= 4417, max= 8450, avg=6258.54, stdev=30.88, samples=1712
  cpu          : usr=10.95%, sys=1.86%, ctx=1093208, majf=0, minf=0
  IO depths    : 1=100.0%, 2=0.0%, 4=0.0%, 8=0.0%, 16=0.0%, 32=0.0%, >=64=0.0%
     submit    : 0=0.0%, 4=100.0%, 8=0.0%, 16=0.0%, 32=0.0%, 64=0.0%, >=64=0.0%
     complete  : 0=0.0%, 4=100.0%, 8=0.0%, 16=0.0%, 32=0.0%, 64=0.0%, >=64=0.0%
     issued rwts: total=208000,0,0,0 short=0,0,0,0 dropped=0,0,0,0
     latency   : target=0, window=0, percentile=100.00%, depth=1

Run status group 0 (all jobs):
   READ: bw=24.3MiB/s (25.4MB/s), 24.3MiB/s-24.3MiB/s (25.4MB/s-25.4MB/s), io=813MiB (852MB), run=33486-33486msec
