create: (g=0): rw=read, bs=(R) 4096B-4096B, (W) 4096B-4096B, (T) 4096B-4096B, ioengine=filecreate, iodepth=1
...
fio-3.41
Starting 8 threads

create: (groupid=0, jobs=8): err= 0: pid=752429: Sat Mar 14 13:25:09 2026
  read: IOPS=9808, BW=38.3MiB/s (40.2MB/s)(250MiB/6525msec)
    clat (usec): min=34, max=32183, avg=74.42, stdev=185.39
    clat percentiles (usec):
     |  1.00th=[   42],  5.00th=[   45], 10.00th=[   46], 20.00th=[   48],
     | 30.00th=[   49], 40.00th=[   50], 50.00th=[   53], 60.00th=[   62],
     | 70.00th=[   78], 80.00th=[   94], 90.00th=[  126], 95.00th=[  151],
     | 99.00th=[  223], 99.50th=[  255], 99.90th=[  717], 99.95th=[  988],
     | 99.99th=[ 2606]
   bw (  KiB/s): min=28692, max=108689, per=100.00%, avg=55937.84, stdev=2856.56, samples=71
   iops        : min= 7173, max=27172, avg=13984.26, stdev=714.14, samples=71
  cpu          : usr=78.31%, sys=4.58%, ctx=289153, majf=0, minf=0
  IO depths    : 1=100.0%, 2=0.0%, 4=0.0%, 8=0.0%, 16=0.0%, 32=0.0%, >=64=0.0%
     submit    : 0=0.0%, 4=100.0%, 8=0.0%, 16=0.0%, 32=0.0%, 64=0.0%, >=64=0.0%
     complete  : 0=0.0%, 4=100.0%, 8=0.0%, 16=0.0%, 32=0.0%, 64=0.0%, >=64=0.0%
     issued rwts: total=64000,0,0,0 short=0,0,0,0 dropped=0,0,0,0
     latency   : target=0, window=0, percentile=100.00%, depth=1

Run status group 0 (all jobs):
   READ: bw=38.3MiB/s (40.2MB/s), 38.3MiB/s-38.3MiB/s (40.2MB/s-40.2MB/s), io=250MiB (262MB), run=6525-6525msec
