create: (g=0): rw=read, bs=(R) 4096B-4096B, (W) 4096B-4096B, (T) 4096B-4096B, ioengine=filecreate, iodepth=1
...
fio-3.41
Starting 28 threads

create: (groupid=0, jobs=28): err= 0: pid=804176: Sat Mar 14 15:31:07 2026
  read: IOPS=6108, BW=23.9MiB/s (25.0MB/s)(875MiB/36670msec)
    clat (usec): min=41, max=59737, avg=4022.59, stdev=2438.26
    clat percentiles (usec):
     |  1.00th=[   56],  5.00th=[   75], 10.00th=[  105], 20.00th=[ 2868],
     | 30.00th=[ 3851], 40.00th=[ 4228], 50.00th=[ 4621], 60.00th=[ 4883],
     | 70.00th=[ 5211], 80.00th=[ 5604], 90.00th=[ 5997], 95.00th=[ 6390],
     | 99.00th=[ 6915], 99.50th=[ 7111], 99.90th=[24773], 99.95th=[39584],
     | 99.99th=[55837]
   bw (  KiB/s): min=18828, max=31364, per=100.00%, avg=24580.00, stdev=95.03, samples=2018
   iops        : min= 4706, max= 7839, avg=6144.88, stdev=23.76, samples=2018
  cpu          : usr=10.09%, sys=1.70%, ctx=1176941, majf=0, minf=0
  IO depths    : 1=100.0%, 2=0.0%, 4=0.0%, 8=0.0%, 16=0.0%, 32=0.0%, >=64=0.0%
     submit    : 0=0.0%, 4=100.0%, 8=0.0%, 16=0.0%, 32=0.0%, 64=0.0%, >=64=0.0%
     complete  : 0=0.0%, 4=100.0%, 8=0.0%, 16=0.0%, 32=0.0%, 64=0.0%, >=64=0.0%
     issued rwts: total=224000,0,0,0 short=0,0,0,0 dropped=0,0,0,0
     latency   : target=0, window=0, percentile=100.00%, depth=1

Run status group 0 (all jobs):
   READ: bw=23.9MiB/s (25.0MB/s), 23.9MiB/s-23.9MiB/s (25.0MB/s-25.0MB/s), io=875MiB (918MB), run=36670-36670msec
