create: (g=0): rw=read, bs=(R) 4096B-4096B, (W) 4096B-4096B, (T) 4096B-4096B, ioengine=filecreate, iodepth=1
...
fio-3.41
Starting 27 threads

create: (groupid=0, jobs=27): err= 0: pid=755248: Sat Mar 14 13:32:48 2026
  read: IOPS=5984, BW=23.4MiB/s (24.5MB/s)(844MiB/36093msec)
    clat (usec): min=42, max=61379, avg=3955.28, stdev=2376.44
    clat percentiles (usec):
     |  1.00th=[   56],  5.00th=[   77], 10.00th=[  108], 20.00th=[ 2999],
     | 30.00th=[ 3752], 40.00th=[ 4146], 50.00th=[ 4490], 60.00th=[ 4817],
     | 70.00th=[ 5145], 80.00th=[ 5538], 90.00th=[ 5932], 95.00th=[ 6194],
     | 99.00th=[ 6652], 99.50th=[ 6783], 99.90th=[26608], 99.95th=[36439],
     | 99.99th=[58459]
   bw (  KiB/s): min=18240, max=30000, per=100.00%, avg=24051.26, stdev=100.96, samples=1925
   iops        : min= 4558, max= 7500, avg=6012.73, stdev=25.24, samples=1925
  cpu          : usr=10.26%, sys=1.76%, ctx=1135288, majf=0, minf=0
  IO depths    : 1=100.0%, 2=0.0%, 4=0.0%, 8=0.0%, 16=0.0%, 32=0.0%, >=64=0.0%
     submit    : 0=0.0%, 4=100.0%, 8=0.0%, 16=0.0%, 32=0.0%, 64=0.0%, >=64=0.0%
     complete  : 0=0.0%, 4=100.0%, 8=0.0%, 16=0.0%, 32=0.0%, 64=0.0%, >=64=0.0%
     issued rwts: total=216000,0,0,0 short=0,0,0,0 dropped=0,0,0,0
     latency   : target=0, window=0, percentile=100.00%, depth=1

Run status group 0 (all jobs):
   READ: bw=23.4MiB/s (24.5MB/s), 23.4MiB/s-23.4MiB/s (24.5MB/s-24.5MB/s), io=844MiB (885MB), run=36093-36093msec
