create: (g=0): rw=read, bs=(R) 4096B-4096B, (W) 4096B-4096B, (T) 4096B-4096B, ioengine=filecreate, iodepth=1
...
fio-3.41
Starting 9 threads

create: (groupid=0, jobs=9): err= 0: pid=718775: Sat Mar 14 11:50:49 2026
  read: IOPS=12.0k, BW=46.7MiB/s (49.0MB/s)(281MiB/6020msec)
    clat (usec): min=36, max=57192, avg=124.03, stdev=564.57
    clat percentiles (usec):
     |  1.00th=[   42],  5.00th=[   46], 10.00th=[   48], 20.00th=[   49],
     | 30.00th=[   52], 40.00th=[   62], 50.00th=[   78], 60.00th=[   94],
     | 70.00th=[  119], 80.00th=[  147], 90.00th=[  196], 95.00th=[  269],
     | 99.00th=[  840], 99.50th=[  955], 99.90th=[ 1172], 99.95th=[ 1680],
     | 99.99th=[43254]
   bw (  KiB/s): min=28360, max=117192, per=100.00%, avg=63136.24, stdev=2974.63, samples=79
   iops        : min= 7090, max=29298, avg=15784.06, stdev=743.66, samples=79
  cpu          : usr=66.52%, sys=5.13%, ctx=344975, majf=0, minf=0
  IO depths    : 1=100.0%, 2=0.0%, 4=0.0%, 8=0.0%, 16=0.0%, 32=0.0%, >=64=0.0%
     submit    : 0=0.0%, 4=100.0%, 8=0.0%, 16=0.0%, 32=0.0%, 64=0.0%, >=64=0.0%
     complete  : 0=0.0%, 4=100.0%, 8=0.0%, 16=0.0%, 32=0.0%, 64=0.0%, >=64=0.0%
     issued rwts: total=72000,0,0,0 short=0,0,0,0 dropped=0,0,0,0
     latency   : target=0, window=0, percentile=100.00%, depth=1

Run status group 0 (all jobs):
   READ: bw=46.7MiB/s (49.0MB/s), 46.7MiB/s-46.7MiB/s (49.0MB/s-49.0MB/s), io=281MiB (295MB), run=6020-6020msec
