create: (g=0): rw=read, bs=(R) 4096B-4096B, (W) 4096B-4096B, (T) 4096B-4096B, ioengine=filecreate, iodepth=1
...
fio-3.41
Starting 10 threads

create: (groupid=0, jobs=10): err= 0: pid=796157: Sat Mar 14 15:23:05 2026
  read: IOPS=12.4k, BW=48.5MiB/s (50.9MB/s)(313MiB/6443msec)
    clat (usec): min=32, max=46215, avg=148.97, stdev=468.68
    clat percentiles (usec):
     |  1.00th=[   42],  5.00th=[   46], 10.00th=[   48], 20.00th=[   50],
     | 30.00th=[   53], 40.00th=[   67], 50.00th=[   84], 60.00th=[   99],
     | 70.00th=[  128], 80.00th=[  163], 90.00th=[  231], 95.00th=[  685],
     | 99.00th=[  930], 99.50th=[ 1004], 99.90th=[ 1237], 99.95th=[ 1926],
     | 99.99th=[31065]
   bw (  KiB/s): min=28716, max=111928, per=100.00%, avg=61850.22, stdev=2497.19, samples=100
   iops        : min= 7176, max=27982, avg=15462.20, stdev=624.34, samples=100
  cpu          : usr=66.89%, sys=4.82%, ctx=385488, majf=0, minf=0
  IO depths    : 1=100.0%, 2=0.0%, 4=0.0%, 8=0.0%, 16=0.0%, 32=0.0%, >=64=0.0%
     submit    : 0=0.0%, 4=100.0%, 8=0.0%, 16=0.0%, 32=0.0%, 64=0.0%, >=64=0.0%
     complete  : 0=0.0%, 4=100.0%, 8=0.0%, 16=0.0%, 32=0.0%, 64=0.0%, >=64=0.0%
     issued rwts: total=80000,0,0,0 short=0,0,0,0 dropped=0,0,0,0
     latency   : target=0, window=0, percentile=100.00%, depth=1

Run status group 0 (all jobs):
   READ: bw=48.5MiB/s (50.9MB/s), 48.5MiB/s-48.5MiB/s (50.9MB/s-50.9MB/s), io=313MiB (328MB), run=6443-6443msec
