create: (g=0): rw=read, bs=(R) 4096B-4096B, (W) 4096B-4096B, (T) 4096B-4096B, ioengine=filecreate, iodepth=1
...
fio-3.41
Starting 17 threads

create: (groupid=0, jobs=17): err= 0: pid=740637: Sat Mar 14 12:40:02 2026
  read: IOPS=8167, BW=31.9MiB/s (33.5MB/s)(531MiB/16651msec)
    clat (usec): min=39, max=65808, avg=1626.59, stdev=1403.32
    clat percentiles (usec):
     |  1.00th=[   50],  5.00th=[   54], 10.00th=[   58], 20.00th=[   84],
     | 30.00th=[ 1483], 40.00th=[ 1778], 50.00th=[ 1958], 60.00th=[ 2114],
     | 70.00th=[ 2245], 80.00th=[ 2376], 90.00th=[ 2507], 95.00th=[ 2606],
     | 99.00th=[ 2802], 99.50th=[ 2868], 99.90th=[ 4359], 99.95th=[29230],
     | 99.99th=[50594]
   bw (  KiB/s): min=23992, max=46552, per=100.00%, avg=33022.17, stdev=236.00, samples=550
   iops        : min= 5998, max=11638, avg=8255.52, stdev=59.00, samples=550
  cpu          : usr=17.56%, sys=2.69%, ctx=710758, majf=0, minf=0
  IO depths    : 1=100.0%, 2=0.0%, 4=0.0%, 8=0.0%, 16=0.0%, 32=0.0%, >=64=0.0%
     submit    : 0=0.0%, 4=100.0%, 8=0.0%, 16=0.0%, 32=0.0%, 64=0.0%, >=64=0.0%
     complete  : 0=0.0%, 4=100.0%, 8=0.0%, 16=0.0%, 32=0.0%, 64=0.0%, >=64=0.0%
     issued rwts: total=136000,0,0,0 short=0,0,0,0 dropped=0,0,0,0
     latency   : target=0, window=0, percentile=100.00%, depth=1

Run status group 0 (all jobs):
   READ: bw=31.9MiB/s (33.5MB/s), 31.9MiB/s-31.9MiB/s (33.5MB/s-33.5MB/s), io=531MiB (557MB), run=16651-16651msec
