create: (g=0): rw=read, bs=(R) 4096B-4096B, (W) 4096B-4096B, (T) 4096B-4096B, ioengine=filecreate, iodepth=1
...
fio-3.41
Starting 17 threads

create: (groupid=0, jobs=17): err= 0: pid=766650: Sat Mar 14 14:14:41 2026
  read: IOPS=8184, BW=32.0MiB/s (33.5MB/s)(531MiB/16616msec)
    clat (usec): min=39, max=55348, avg=1656.31, stdev=1457.32
    clat percentiles (usec):
     |  1.00th=[   50],  5.00th=[   54], 10.00th=[   58], 20.00th=[   88],
     | 30.00th=[ 1516], 40.00th=[ 1778], 50.00th=[ 1958], 60.00th=[ 2114],
     | 70.00th=[ 2245], 80.00th=[ 2376], 90.00th=[ 2540], 95.00th=[ 2638],
     | 99.00th=[ 2802], 99.50th=[ 2868], 99.90th=[ 7439], 99.95th=[36439],
     | 99.99th=[49546]
   bw (  KiB/s): min=19103, max=38688, per=100.00%, avg=32778.62, stdev=211.38, samples=559
   iops        : min= 4772, max= 9672, avg=8194.54, stdev=52.87, samples=559
  cpu          : usr=16.74%, sys=2.74%, ctx=711570, majf=0, minf=0
  IO depths    : 1=100.0%, 2=0.0%, 4=0.0%, 8=0.0%, 16=0.0%, 32=0.0%, >=64=0.0%
     submit    : 0=0.0%, 4=100.0%, 8=0.0%, 16=0.0%, 32=0.0%, 64=0.0%, >=64=0.0%
     complete  : 0=0.0%, 4=100.0%, 8=0.0%, 16=0.0%, 32=0.0%, 64=0.0%, >=64=0.0%
     issued rwts: total=136000,0,0,0 short=0,0,0,0 dropped=0,0,0,0
     latency   : target=0, window=0, percentile=100.00%, depth=1

Run status group 0 (all jobs):
   READ: bw=32.0MiB/s (33.5MB/s), 32.0MiB/s-32.0MiB/s (33.5MB/s-33.5MB/s), io=531MiB (557MB), run=16616-16616msec
