create: (g=0): rw=read, bs=(R) 4096B-4096B, (W) 4096B-4096B, (T) 4096B-4096B, ioengine=filecreate, iodepth=1
...
fio-3.41
Starting 60 threads

create: (groupid=0, jobs=60): err= 0: pid=751129: Sat Mar 14 13:22:28 2026
  read: IOPS=5665, BW=22.1MiB/s (23.2MB/s)(1875MiB/84730msec)
    clat (usec): min=47, max=123992, avg=9607.15, stdev=4534.87
    clat percentiles (usec):
     |  1.00th=[    75],  5.00th=[   110], 10.00th=[   133], 20.00th=[  9110],
     | 30.00th=[  9634], 40.00th=[ 10159], 50.00th=[ 10683], 60.00th=[ 11207],
     | 70.00th=[ 11731], 80.00th=[ 12387], 90.00th=[ 12911], 95.00th=[ 13304],
     | 99.00th=[ 13829], 99.50th=[ 14353], 99.90th=[ 38536], 99.95th=[ 48497],
     | 99.99th=[123208]
   bw (  KiB/s): min=14225, max=30644, per=100.00%, avg=22680.67, stdev=38.53, samples=10136
   iops        : min= 3549, max= 7658, avg=5670.07, stdev= 9.63, samples=10136
  cpu          : usr=8.22%, sys=0.88%, ctx=2544883, majf=0, minf=0
  IO depths    : 1=100.0%, 2=0.0%, 4=0.0%, 8=0.0%, 16=0.0%, 32=0.0%, >=64=0.0%
     submit    : 0=0.0%, 4=100.0%, 8=0.0%, 16=0.0%, 32=0.0%, 64=0.0%, >=64=0.0%
     complete  : 0=0.0%, 4=100.0%, 8=0.0%, 16=0.0%, 32=0.0%, 64=0.0%, >=64=0.0%
     issued rwts: total=480000,0,0,0 short=0,0,0,0 dropped=0,0,0,0
     latency   : target=0, window=0, percentile=100.00%, depth=1

Run status group 0 (all jobs):
   READ: bw=22.1MiB/s (23.2MB/s), 22.1MiB/s-22.1MiB/s (23.2MB/s-23.2MB/s), io=1875MiB (1966MB), run=84730-84730msec
