create: (g=0): rw=read, bs=(R) 4096B-4096B, (W) 4096B-4096B, (T) 4096B-4096B, ioengine=filecreate, iodepth=1
...
fio-3.41
Starting 5 threads

create: (groupid=0, jobs=5): err= 0: pid=778072: Sat Mar 14 14:59:04 2026
  read: IOPS=8972, BW=35.0MiB/s (36.8MB/s)(156MiB/4458msec)
    clat (usec): min=36, max=50793, avg=74.84, stdev=405.06
    clat percentiles (usec):
     |  1.00th=[   45],  5.00th=[   46], 10.00th=[   47], 20.00th=[   49],
     | 30.00th=[   50], 40.00th=[   52], 50.00th=[   59], 60.00th=[   68],
     | 70.00th=[   81], 80.00th=[   92], 90.00th=[  112], 95.00th=[  135],
     | 99.00th=[  176], 99.50th=[  190], 99.90th=[  330], 99.95th=[  775],
     | 99.99th=[ 2311]
   bw (  KiB/s): min=15258, max=65352, per=90.40%, avg=32445.39, stdev=3147.70, samples=39
   iops        : min= 3814, max=16338, avg=8111.29, stdev=786.94, samples=39
  cpu          : usr=73.29%, sys=5.52%, ctx=182899, majf=0, minf=0
  IO depths    : 1=100.0%, 2=0.0%, 4=0.0%, 8=0.0%, 16=0.0%, 32=0.0%, >=64=0.0%
     submit    : 0=0.0%, 4=100.0%, 8=0.0%, 16=0.0%, 32=0.0%, 64=0.0%, >=64=0.0%
     complete  : 0=0.0%, 4=100.0%, 8=0.0%, 16=0.0%, 32=0.0%, 64=0.0%, >=64=0.0%
     issued rwts: total=40000,0,0,0 short=0,0,0,0 dropped=0,0,0,0
     latency   : target=0, window=0, percentile=100.00%, depth=1

Run status group 0 (all jobs):
   READ: bw=35.0MiB/s (36.8MB/s), 35.0MiB/s-35.0MiB/s (36.8MB/s-36.8MB/s), io=156MiB (164MB), run=4458-4458msec
