create: (g=0): rw=read, bs=(R) 4096B-4096B, (W) 4096B-4096B, (T) 4096B-4096B, ioengine=filecreate, iodepth=1
...
fio-3.41
Starting 24 threads

create: (groupid=0, jobs=24): err= 0: pid=735222: Sat Mar 14 12:19:45 2026
  read: IOPS=6355, BW=24.8MiB/s (26.0MB/s)(750MiB/30211msec)
    clat (usec): min=41, max=59846, avg=3243.98, stdev=2291.13
    clat percentiles (usec):
     |  1.00th=[   53],  5.00th=[   68], 10.00th=[   90], 20.00th=[ 1795],
     | 30.00th=[ 2933], 40.00th=[ 3261], 50.00th=[ 3523], 60.00th=[ 3818],
     | 70.00th=[ 4146], 80.00th=[ 4817], 90.00th=[ 5211], 95.00th=[ 5407],
     | 99.00th=[ 5800], 99.50th=[ 5932], 99.90th=[33817], 99.95th=[50594],
     | 99.99th=[55837]
   bw (  KiB/s): min=16736, max=33590, per=100.00%, avg=25612.33, stdev=152.12, samples=1420
   iops        : min= 4180, max= 8395, avg=6402.96, stdev=38.03, samples=1420
  cpu          : usr=11.44%, sys=1.99%, ctx=1008619, majf=0, minf=0
  IO depths    : 1=100.0%, 2=0.0%, 4=0.0%, 8=0.0%, 16=0.0%, 32=0.0%, >=64=0.0%
     submit    : 0=0.0%, 4=100.0%, 8=0.0%, 16=0.0%, 32=0.0%, 64=0.0%, >=64=0.0%
     complete  : 0=0.0%, 4=100.0%, 8=0.0%, 16=0.0%, 32=0.0%, 64=0.0%, >=64=0.0%
     issued rwts: total=192000,0,0,0 short=0,0,0,0 dropped=0,0,0,0
     latency   : target=0, window=0, percentile=100.00%, depth=1

Run status group 0 (all jobs):
   READ: bw=24.8MiB/s (26.0MB/s), 24.8MiB/s-24.8MiB/s (26.0MB/s-26.0MB/s), io=750MiB (786MB), run=30211-30211msec
