create: (g=0): rw=read, bs=(R) 4096B-4096B, (W) 4096B-4096B, (T) 4096B-4096B, ioengine=filecreate, iodepth=1
...
fio-3.41
Starting 56 threads

create: (groupid=0, jobs=56): err= 0: pid=737851: Sat Mar 14 12:33:26 2026
  read: IOPS=5705, BW=22.3MiB/s (23.4MB/s)(1750MiB/78514msec)
    clat (usec): min=47, max=92053, avg=8874.35, stdev=4226.55
    clat percentiles (usec):
     |  1.00th=[   73],  5.00th=[  108], 10.00th=[  131], 20.00th=[ 8455],
     | 30.00th=[ 8979], 40.00th=[ 9372], 50.00th=[ 9765], 60.00th=[10421],
     | 70.00th=[10945], 80.00th=[11469], 90.00th=[11994], 95.00th=[12387],
     | 99.00th=[12911], 99.50th=[13304], 99.90th=[43779], 99.95th=[53216],
     | 99.99th=[91751]
   bw (  KiB/s): min=15149, max=33882, per=100.00%, avg=22899.06, stdev=45.51, samples=8742
   iops        : min= 3785, max= 8469, avg=5724.65, stdev=11.38, samples=8742
  cpu          : usr=8.34%, sys=0.94%, ctx=2375151, majf=0, minf=0
  IO depths    : 1=100.0%, 2=0.0%, 4=0.0%, 8=0.0%, 16=0.0%, 32=0.0%, >=64=0.0%
     submit    : 0=0.0%, 4=100.0%, 8=0.0%, 16=0.0%, 32=0.0%, 64=0.0%, >=64=0.0%
     complete  : 0=0.0%, 4=100.0%, 8=0.0%, 16=0.0%, 32=0.0%, 64=0.0%, >=64=0.0%
     issued rwts: total=448000,0,0,0 short=0,0,0,0 dropped=0,0,0,0
     latency   : target=0, window=0, percentile=100.00%, depth=1

Run status group 0 (all jobs):
   READ: bw=22.3MiB/s (23.4MB/s), 22.3MiB/s-22.3MiB/s (23.4MB/s-23.4MB/s), io=1750MiB (1835MB), run=78514-78514msec
