create: (g=0): rw=read, bs=(R) 4096B-4096B, (W) 4096B-4096B, (T) 4096B-4096B, ioengine=filecreate, iodepth=1
...
fio-3.41
Starting 4 threads

create: (groupid=0, jobs=4): err= 0: pid=771442: Sat Mar 14 14:35:27 2026
  read: IOPS=7032, BW=27.5MiB/s (28.8MB/s)(125MiB/4550msec)
    clat (usec): min=34, max=46446, avg=61.40, stdev=358.92
    clat percentiles (usec):
     |  1.00th=[   41],  5.00th=[   43], 10.00th=[   44], 20.00th=[   45],
     | 30.00th=[   47], 40.00th=[   48], 50.00th=[   49], 60.00th=[   51],
     | 70.00th=[   59], 80.00th=[   71], 90.00th=[   89], 95.00th=[  101],
     | 99.00th=[  139], 99.50th=[  153], 99.90th=[  302], 99.95th=[  594],
     | 99.99th=[ 1418]
   bw (  KiB/s): min=15264, max=60816, per=100.00%, avg=31137.52, stdev=3821.26, samples=27
   iops        : min= 3816, max=15204, avg=7784.32, stdev=955.30, samples=27
  cpu          : usr=72.67%, sys=5.49%, ctx=137690, majf=0, minf=0
  IO depths    : 1=100.0%, 2=0.0%, 4=0.0%, 8=0.0%, 16=0.0%, 32=0.0%, >=64=0.0%
     submit    : 0=0.0%, 4=100.0%, 8=0.0%, 16=0.0%, 32=0.0%, 64=0.0%, >=64=0.0%
     complete  : 0=0.0%, 4=100.0%, 8=0.0%, 16=0.0%, 32=0.0%, 64=0.0%, >=64=0.0%
     issued rwts: total=32000,0,0,0 short=0,0,0,0 dropped=0,0,0,0
     latency   : target=0, window=0, percentile=100.00%, depth=1

Run status group 0 (all jobs):
   READ: bw=27.5MiB/s (28.8MB/s), 27.5MiB/s-27.5MiB/s (28.8MB/s-28.8MB/s), io=125MiB (131MB), run=4550-4550msec
