create: (g=0): rw=read, bs=(R) 4096B-4096B, (W) 4096B-4096B, (T) 4096B-4096B, ioengine=filecreate, iodepth=1
...
fio-3.41
Starting 64 threads

create: (groupid=0, jobs=64): err= 0: pid=731843: Sat Mar 14 12:13:09 2026
  read: IOPS=5590, BW=21.8MiB/s (22.9MB/s)(2000MiB/91580msec)
    clat (usec): min=46, max=122142, avg=10383.49, stdev=4745.56
    clat percentiles (usec):
     |  1.00th=[    77],  5.00th=[   112], 10.00th=[   139], 20.00th=[  9896],
     | 30.00th=[ 10421], 40.00th=[ 10945], 50.00th=[ 11469], 60.00th=[ 12125],
     | 70.00th=[ 12780], 80.00th=[ 13304], 90.00th=[ 13829], 95.00th=[ 14091],
     | 99.00th=[ 14746], 99.50th=[ 15139], 99.90th=[ 41681], 99.95th=[ 54789],
     | 99.99th=[121111]
   bw (  KiB/s): min=15895, max=38368, per=100.00%, avg=22458.90, stdev=41.55, samples=11660
   iops        : min= 3973, max= 9592, avg=5614.70, stdev=10.39, samples=11660
  cpu          : usr=8.16%, sys=0.84%, ctx=2717206, majf=0, minf=0
  IO depths    : 1=100.0%, 2=0.0%, 4=0.0%, 8=0.0%, 16=0.0%, 32=0.0%, >=64=0.0%
     submit    : 0=0.0%, 4=100.0%, 8=0.0%, 16=0.0%, 32=0.0%, 64=0.0%, >=64=0.0%
     complete  : 0=0.0%, 4=100.0%, 8=0.0%, 16=0.0%, 32=0.0%, 64=0.0%, >=64=0.0%
     issued rwts: total=512000,0,0,0 short=0,0,0,0 dropped=0,0,0,0
     latency   : target=0, window=0, percentile=100.00%, depth=1

Run status group 0 (all jobs):
   READ: bw=21.8MiB/s (22.9MB/s), 21.8MiB/s-21.8MiB/s (22.9MB/s-22.9MB/s), io=2000MiB (2097MB), run=91580-91580msec
