create: (g=0): rw=read, bs=(R) 4096B-4096B, (W) 4096B-4096B, (T) 4096B-4096B, ioengine=filecreate, iodepth=1
...
fio-3.41
Starting 12 threads

create: (groupid=0, jobs=12): err= 0: pid=739921: Sat Mar 14 12:38:32 2026
  read: IOPS=9696, BW=37.9MiB/s (39.7MB/s)(375MiB/9900msec)
    clat (usec): min=37, max=45113, avg=595.07, stdev=675.76
    clat percentiles (usec):
     |  1.00th=[   45],  5.00th=[   48], 10.00th=[   50], 20.00th=[   55],
     | 30.00th=[   69], 40.00th=[   94], 50.00th=[  161], 60.00th=[  922],
     | 70.00th=[ 1106], 80.00th=[ 1237], 90.00th=[ 1369], 95.00th=[ 1467],
     | 99.00th=[ 1663], 99.50th=[ 1729], 99.90th=[ 1991], 99.95th=[ 3392],
     | 99.99th=[25035]
   bw (  KiB/s): min=24703, max=63608, per=100.00%, avg=42916.57, stdev=928.52, samples=209
   iops        : min= 6173, max=15902, avg=10728.96, stdev=232.15, samples=209
  cpu          : usr=41.58%, sys=3.62%, ctx=481679, majf=0, minf=0
  IO depths    : 1=100.0%, 2=0.0%, 4=0.0%, 8=0.0%, 16=0.0%, 32=0.0%, >=64=0.0%
     submit    : 0=0.0%, 4=100.0%, 8=0.0%, 16=0.0%, 32=0.0%, 64=0.0%, >=64=0.0%
     complete  : 0=0.0%, 4=100.0%, 8=0.0%, 16=0.0%, 32=0.0%, 64=0.0%, >=64=0.0%
     issued rwts: total=96000,0,0,0 short=0,0,0,0 dropped=0,0,0,0
     latency   : target=0, window=0, percentile=100.00%, depth=1

Run status group 0 (all jobs):
   READ: bw=37.9MiB/s (39.7MB/s), 37.9MiB/s-37.9MiB/s (39.7MB/s-39.7MB/s), io=375MiB (393MB), run=9900-9900msec
