create: (g=0): rw=read, bs=(R) 4096B-4096B, (W) 4096B-4096B, (T) 4096B-4096B, ioengine=filecreate, iodepth=1
...
fio-3.41
Starting 48 threads

create: (groupid=0, jobs=48): err= 0: pid=756946: Sat Mar 14 13:41:27 2026
  read: IOPS=5827, BW=22.8MiB/s (23.9MB/s)(1500MiB/65893msec)
    clat (usec): min=45, max=99696, avg=7288.59, stdev=3736.72
    clat percentiles (usec):
     |  1.00th=[   68],  5.00th=[   96], 10.00th=[  126], 20.00th=[ 6849],
     | 30.00th=[ 7439], 40.00th=[ 7767], 50.00th=[ 8160], 60.00th=[ 8455],
     | 70.00th=[ 8979], 80.00th=[ 9503], 90.00th=[10159], 95.00th=[10421],
     | 99.00th=[10945], 99.50th=[11207], 99.90th=[42730], 99.95th=[53740],
     | 99.99th=[99091]
   bw (  KiB/s): min=16615, max=40300, per=100.00%, avg=23488.58, stdev=62.25, samples=6247
   iops        : min= 4153, max=10074, avg=5872.13, stdev=15.56, samples=6247
  cpu          : usr=9.69%, sys=1.08%, ctx=2030797, majf=0, minf=0
  IO depths    : 1=100.0%, 2=0.0%, 4=0.0%, 8=0.0%, 16=0.0%, 32=0.0%, >=64=0.0%
     submit    : 0=0.0%, 4=100.0%, 8=0.0%, 16=0.0%, 32=0.0%, 64=0.0%, >=64=0.0%
     complete  : 0=0.0%, 4=100.0%, 8=0.0%, 16=0.0%, 32=0.0%, 64=0.0%, >=64=0.0%
     issued rwts: total=384000,0,0,0 short=0,0,0,0 dropped=0,0,0,0
     latency   : target=0, window=0, percentile=100.00%, depth=1

Run status group 0 (all jobs):
   READ: bw=22.8MiB/s (23.9MB/s), 22.8MiB/s-22.8MiB/s (23.9MB/s-23.9MB/s), io=1500MiB (1573MB), run=65893-65893msec
