create: (g=0): rw=read, bs=(R) 4096B-4096B, (W) 4096B-4096B, (T) 4096B-4096B, ioengine=filecreate, iodepth=1
fio-3.41
Starting 1 thread

create: (groupid=0, jobs=1): err= 0: pid=717127: Sat Mar 14 11:49:53 2026
  read: IOPS=3401, BW=13.3MiB/s (13.9MB/s)(31.2MiB/2352msec)
    clat (usec): min=37, max=643, avg=44.07, stdev= 9.99
    clat percentiles (usec):
     |  1.00th=[   39],  5.00th=[   40], 10.00th=[   40], 20.00th=[   41],
     | 30.00th=[   41], 40.00th=[   42], 50.00th=[   42], 60.00th=[   43],
     | 70.00th=[   44], 80.00th=[   46], 90.00th=[   52], 95.00th=[   56],
     | 99.00th=[   84], 99.50th=[   89], 99.90th=[  133], 99.95th=[  145],
     | 99.99th=[  644]
   bw (  KiB/s): min= 7088, max=14848, per=82.36%, avg=11206.00, stdev=3365.00, samples=4
   iops        : min= 1772, max= 3712, avg=2801.50, stdev=841.25, samples=4
  cpu          : usr=66.87%, sys=7.32%, ctx=31816, majf=0, minf=0
  IO depths    : 1=100.0%, 2=0.0%, 4=0.0%, 8=0.0%, 16=0.0%, 32=0.0%, >=64=0.0%
     submit    : 0=0.0%, 4=100.0%, 8=0.0%, 16=0.0%, 32=0.0%, 64=0.0%, >=64=0.0%
     complete  : 0=0.0%, 4=100.0%, 8=0.0%, 16=0.0%, 32=0.0%, 64=0.0%, >=64=0.0%
     issued rwts: total=8000,0,0,0 short=0,0,0,0 dropped=0,0,0,0
     latency   : target=0, window=0, percentile=100.00%, depth=1

Run status group 0 (all jobs):
   READ: bw=13.3MiB/s (13.9MB/s), 13.3MiB/s-13.3MiB/s (13.9MB/s-13.9MB/s), io=31.2MiB (32.8MB), run=2352-2352msec
