create: (g=0): rw=read, bs=(R) 4096B-4096B, (W) 4096B-4096B, (T) 4096B-4096B, ioengine=filecreate, iodepth=1
...
fio-3.41
Starting 9 threads

create: (groupid=0, jobs=9): err= 0: pid=746054: Sat Mar 14 13:01:41 2026
  read: IOPS=11.3k, BW=44.1MiB/s (46.2MB/s)(281MiB/6382msec)
    clat (usec): min=36, max=58379, avg=111.55, stdev=529.75
    clat percentiles (usec):
     |  1.00th=[   44],  5.00th=[   45], 10.00th=[   47], 20.00th=[   48],
     | 30.00th=[   50], 40.00th=[   56], 50.00th=[   68], 60.00th=[   83],
     | 70.00th=[   98], 80.00th=[  133], 90.00th=[  188], 95.00th=[  249],
     | 99.00th=[  758], 99.50th=[  873], 99.90th=[ 1188], 99.95th=[ 1713],
     | 99.99th=[35390]
   bw (  KiB/s): min=31600, max=109608, per=100.00%, avg=62370.98, stdev=2620.55, samples=79
   iops        : min= 7900, max=27401, avg=15592.66, stdev=655.10, samples=79
  cpu          : usr=69.03%, sys=5.11%, ctx=337784, majf=0, minf=0
  IO depths    : 1=100.0%, 2=0.0%, 4=0.0%, 8=0.0%, 16=0.0%, 32=0.0%, >=64=0.0%
     submit    : 0=0.0%, 4=100.0%, 8=0.0%, 16=0.0%, 32=0.0%, 64=0.0%, >=64=0.0%
     complete  : 0=0.0%, 4=100.0%, 8=0.0%, 16=0.0%, 32=0.0%, 64=0.0%, >=64=0.0%
     issued rwts: total=72000,0,0,0 short=0,0,0,0 dropped=0,0,0,0
     latency   : target=0, window=0, percentile=100.00%, depth=1

Run status group 0 (all jobs):
   READ: bw=44.1MiB/s (46.2MB/s), 44.1MiB/s-44.1MiB/s (46.2MB/s-46.2MB/s), io=281MiB (295MB), run=6382-6382msec
