create: (g=0): rw=read, bs=(R) 4096B-4096B, (W) 4096B-4096B, (T) 4096B-4096B, ioengine=filecreate, iodepth=1
...
fio-3.41
Starting 60 threads

create: (groupid=0, jobs=60): err= 0: pid=791577: Sat Mar 14 15:20:05 2026
  read: IOPS=5813, BW=22.7MiB/s (23.8MB/s)(1875MiB/82569msec)
    clat (usec): min=43, max=101639, avg=9332.41, stdev=4421.32
    clat percentiles (usec):
     |  1.00th=[    70],  5.00th=[   102], 10.00th=[   130], 20.00th=[  8717],
     | 30.00th=[  9372], 40.00th=[  9765], 50.00th=[ 10290], 60.00th=[ 10814],
     | 70.00th=[ 11600], 80.00th=[ 12125], 90.00th=[ 12780], 95.00th=[ 13173],
     | 99.00th=[ 14091], 99.50th=[ 16188], 99.90th=[ 40109], 99.95th=[ 50070],
     | 99.99th=[100140]
   bw (  KiB/s): min=16223, max=38016, per=100.00%, avg=23357.35, stdev=47.12, samples=9847
   iops        : min= 4055, max= 9503, avg=5839.32, stdev=11.78, samples=9847
  cpu          : usr=8.41%, sys=0.88%, ctx=2543315, majf=0, minf=0
  IO depths    : 1=100.0%, 2=0.0%, 4=0.0%, 8=0.0%, 16=0.0%, 32=0.0%, >=64=0.0%
     submit    : 0=0.0%, 4=100.0%, 8=0.0%, 16=0.0%, 32=0.0%, 64=0.0%, >=64=0.0%
     complete  : 0=0.0%, 4=100.0%, 8=0.0%, 16=0.0%, 32=0.0%, 64=0.0%, >=64=0.0%
     issued rwts: total=480000,0,0,0 short=0,0,0,0 dropped=0,0,0,0
     latency   : target=0, window=0, percentile=100.00%, depth=1

Run status group 0 (all jobs):
   READ: bw=22.7MiB/s (23.8MB/s), 22.7MiB/s-22.7MiB/s (23.8MB/s-23.8MB/s), io=1875MiB (1966MB), run=82569-82569msec
