create: (g=0): rw=read, bs=(R) 4096B-4096B, (W) 4096B-4096B, (T) 4096B-4096B, ioengine=filecreate, iodepth=1
...
fio-3.41
Starting 20 threads

create: (groupid=0, jobs=20): err= 0: pid=722454: Sat Mar 14 11:54:05 2026
  read: IOPS=8082, BW=31.6MiB/s (33.1MB/s)(625MiB/19796msec)
    clat (usec): min=41, max=59575, avg=2051.71, stdev=1574.49
    clat percentiles (usec):
     |  1.00th=[   51],  5.00th=[   55], 10.00th=[   61], 20.00th=[   89],
     | 30.00th=[ 1958], 40.00th=[ 2245], 50.00th=[ 2442], 60.00th=[ 2606],
     | 70.00th=[ 2737], 80.00th=[ 2900], 90.00th=[ 3064], 95.00th=[ 3228],
     | 99.00th=[ 3458], 99.50th=[ 3556], 99.90th=[11600], 99.95th=[40633],
     | 99.99th=[48497]
   bw (  KiB/s): min=21362, max=37073, per=100.00%, avg=32468.67, stdev=141.82, samples=771
   iops        : min= 5340, max= 9267, avg=8117.10, stdev=35.45, samples=771
  cpu          : usr=13.95%, sys=2.19%, ctx=838066, majf=0, minf=0
  IO depths    : 1=100.0%, 2=0.0%, 4=0.0%, 8=0.0%, 16=0.0%, 32=0.0%, >=64=0.0%
     submit    : 0=0.0%, 4=100.0%, 8=0.0%, 16=0.0%, 32=0.0%, 64=0.0%, >=64=0.0%
     complete  : 0=0.0%, 4=100.0%, 8=0.0%, 16=0.0%, 32=0.0%, 64=0.0%, >=64=0.0%
     issued rwts: total=160000,0,0,0 short=0,0,0,0 dropped=0,0,0,0
     latency   : target=0, window=0, percentile=100.00%, depth=1

Run status group 0 (all jobs):
   READ: bw=31.6MiB/s (33.1MB/s), 31.6MiB/s-31.6MiB/s (33.1MB/s-33.1MB/s), io=625MiB (655MB), run=19796-19796msec
