create: (g=0): rw=read, bs=(R) 4096B-4096B, (W) 4096B-4096B, (T) 4096B-4096B, ioengine=filecreate, iodepth=1
...
fio-3.41
Starting 32 threads

create: (groupid=0, jobs=32): err= 0: pid=775656: Sat Mar 14 14:47:39 2026
  read: IOPS=5707, BW=22.3MiB/s (23.4MB/s)(1000MiB/44850msec)
    clat (usec): min=43, max=59817, avg=5032.18, stdev=2949.74
    clat percentiles (usec):
     |  1.00th=[   62],  5.00th=[   88], 10.00th=[  116], 20.00th=[ 4178],
     | 30.00th=[ 4883], 40.00th=[ 5276], 50.00th=[ 5669], 60.00th=[ 6194],
     | 70.00th=[ 6652], 80.00th=[ 6915], 90.00th=[ 7242], 95.00th=[ 7504],
     | 99.00th=[ 7963], 99.50th=[ 8160], 99.90th=[39584], 99.95th=[52691],
     | 99.99th=[59507]
   bw (  KiB/s): min=16461, max=29224, per=100.00%, avg=22891.39, stdev=85.09, samples=2857
   iops        : min= 4112, max= 7306, avg=5722.80, stdev=21.28, samples=2857
  cpu          : usr=8.50%, sys=1.53%, ctx=1346376, majf=0, minf=0
  IO depths    : 1=100.0%, 2=0.0%, 4=0.0%, 8=0.0%, 16=0.0%, 32=0.0%, >=64=0.0%
     submit    : 0=0.0%, 4=100.0%, 8=0.0%, 16=0.0%, 32=0.0%, 64=0.0%, >=64=0.0%
     complete  : 0=0.0%, 4=100.0%, 8=0.0%, 16=0.0%, 32=0.0%, 64=0.0%, >=64=0.0%
     issued rwts: total=256000,0,0,0 short=0,0,0,0 dropped=0,0,0,0
     latency   : target=0, window=0, percentile=100.00%, depth=1

Run status group 0 (all jobs):
   READ: bw=22.3MiB/s (23.4MB/s), 22.3MiB/s-22.3MiB/s (23.4MB/s-23.4MB/s), io=1000MiB (1049MB), run=44850-44850msec
