create: (g=0): rw=read, bs=(R) 4096B-4096B, (W) 4096B-4096B, (T) 4096B-4096B, ioengine=filecreate, iodepth=1
...
fio-3.41
Starting 20 threads

create: (groupid=0, jobs=20): err= 0: pid=799632: Sat Mar 14 15:26:15 2026
  read: IOPS=7169, BW=28.0MiB/s (29.4MB/s)(625MiB/22317msec)
    clat (usec): min=38, max=56392, avg=2306.17, stdev=1797.15
    clat percentiles (usec):
     |  1.00th=[   52],  5.00th=[   58], 10.00th=[   72], 20.00th=[  139],
     | 30.00th=[ 2073], 40.00th=[ 2376], 50.00th=[ 2606], 60.00th=[ 2835],
     | 70.00th=[ 3032], 80.00th=[ 3261], 90.00th=[ 3556], 95.00th=[ 3752],
     | 99.00th=[ 4113], 99.50th=[ 4228], 99.90th=[13173], 99.95th=[47973],
     | 99.99th=[52691]
   bw (  KiB/s): min=18715, max=33952, per=100.00%, avg=28725.57, stdev=153.44, samples=878
   iops        : min= 4676, max= 8488, avg=7181.33, stdev=38.37, samples=878
  cpu          : usr=14.44%, sys=2.31%, ctx=839335, majf=0, minf=0
  IO depths    : 1=100.0%, 2=0.0%, 4=0.0%, 8=0.0%, 16=0.0%, 32=0.0%, >=64=0.0%
     submit    : 0=0.0%, 4=100.0%, 8=0.0%, 16=0.0%, 32=0.0%, 64=0.0%, >=64=0.0%
     complete  : 0=0.0%, 4=100.0%, 8=0.0%, 16=0.0%, 32=0.0%, 64=0.0%, >=64=0.0%
     issued rwts: total=160000,0,0,0 short=0,0,0,0 dropped=0,0,0,0
     latency   : target=0, window=0, percentile=100.00%, depth=1

Run status group 0 (all jobs):
   READ: bw=28.0MiB/s (29.4MB/s), 28.0MiB/s-28.0MiB/s (29.4MB/s-29.4MB/s), io=625MiB (655MB), run=22317-22317msec
