create: (g=0): rw=read, bs=(R) 4096B-4096B, (W) 4096B-4096B, (T) 4096B-4096B, ioengine=filecreate, iodepth=1
...
fio-3.41
Starting 3 threads

create: (groupid=0, jobs=3): err= 0: pid=771322: Sat Mar 14 14:35:21 2026
  read: IOPS=6030, BW=23.6MiB/s (24.7MB/s)(93.8MiB/3980msec)
    clat (usec): min=36, max=55454, avg=61.91, stdev=568.86
    clat percentiles (usec):
     |  1.00th=[   42],  5.00th=[   43], 10.00th=[   44], 20.00th=[   45],
     | 30.00th=[   46], 40.00th=[   47], 50.00th=[   48], 60.00th=[   50],
     | 70.00th=[   56], 80.00th=[   65], 90.00th=[   80], 95.00th=[   92],
     | 99.00th=[  121], 99.50th=[  131], 99.90th=[  217], 99.95th=[  437],
     | 99.99th=[46400]
   bw (  KiB/s): min=10496, max=32592, per=80.57%, avg=19433.33, stdev=2428.01, samples=20
   iops        : min= 2624, max= 8148, avg=4858.33, stdev=607.00, samples=20
  cpu          : usr=73.71%, sys=5.69%, ctx=102111, majf=0, minf=0
  IO depths    : 1=100.0%, 2=0.0%, 4=0.0%, 8=0.0%, 16=0.0%, 32=0.0%, >=64=0.0%
     submit    : 0=0.0%, 4=100.0%, 8=0.0%, 16=0.0%, 32=0.0%, 64=0.0%, >=64=0.0%
     complete  : 0=0.0%, 4=100.0%, 8=0.0%, 16=0.0%, 32=0.0%, 64=0.0%, >=64=0.0%
     issued rwts: total=24000,0,0,0 short=0,0,0,0 dropped=0,0,0,0
     latency   : target=0, window=0, percentile=100.00%, depth=1

Run status group 0 (all jobs):
   READ: bw=23.6MiB/s (24.7MB/s), 23.6MiB/s-23.6MiB/s (24.7MB/s-24.7MB/s), io=93.8MiB (98.3MB), run=3980-3980msec
