create: (g=0): rw=read, bs=(R) 4096B-4096B, (W) 4096B-4096B, (T) 4096B-4096B, ioengine=filecreate, iodepth=1
...
fio-3.41
Starting 44 threads

create: (groupid=0, jobs=44): err= 0: pid=750228: Sat Mar 14 13:16:33 2026
  read: IOPS=5711, BW=22.3MiB/s (23.4MB/s)(1375MiB/61631msec)
    clat (usec): min=45, max=60908, avg=6815.63, stdev=3542.26
    clat percentiles (usec):
     |  1.00th=[   69],  5.00th=[   98], 10.00th=[  125], 20.00th=[ 5866],
     | 30.00th=[ 6587], 40.00th=[ 7177], 50.00th=[ 7832], 60.00th=[ 8291],
     | 70.00th=[ 8717], 80.00th=[ 9110], 90.00th=[ 9503], 95.00th=[ 9896],
     | 99.00th=[10421], 99.50th=[10814], 99.90th=[45351], 99.95th=[50594],
     | 99.99th=[60556]
   bw (  KiB/s): min=15232, max=37472, per=100.00%, avg=23076.05, stdev=69.57, samples=5340
   iops        : min= 3808, max= 9368, avg=5769.01, stdev=17.39, samples=5340
  cpu          : usr=9.42%, sys=1.17%, ctx=1859204, majf=0, minf=0
  IO depths    : 1=100.0%, 2=0.0%, 4=0.0%, 8=0.0%, 16=0.0%, 32=0.0%, >=64=0.0%
     submit    : 0=0.0%, 4=100.0%, 8=0.0%, 16=0.0%, 32=0.0%, 64=0.0%, >=64=0.0%
     complete  : 0=0.0%, 4=100.0%, 8=0.0%, 16=0.0%, 32=0.0%, 64=0.0%, >=64=0.0%
     issued rwts: total=352000,0,0,0 short=0,0,0,0 dropped=0,0,0,0
     latency   : target=0, window=0, percentile=100.00%, depth=1

Run status group 0 (all jobs):
   READ: bw=22.3MiB/s (23.4MB/s), 22.3MiB/s-22.3MiB/s (23.4MB/s-23.4MB/s), io=1375MiB (1442MB), run=61631-61631msec
