create: (g=0): rw=read, bs=(R) 4096B-4096B, (W) 4096B-4096B, (T) 4096B-4096B, ioengine=filecreate, iodepth=1
...
fio-3.41
Starting 40 threads

create: (groupid=0, jobs=40): err= 0: pid=785907: Sat Mar 14 15:13:07 2026
  read: IOPS=5955, BW=23.3MiB/s (24.4MB/s)(1250MiB/53732msec)
    clat (usec): min=41, max=55613, avg=6020.30, stdev=3253.79
    clat percentiles (usec):
     |  1.00th=[   61],  5.00th=[   87], 10.00th=[  118], 20.00th=[ 5276],
     | 30.00th=[ 5997], 40.00th=[ 6456], 50.00th=[ 6849], 60.00th=[ 7177],
     | 70.00th=[ 7635], 80.00th=[ 8160], 90.00th=[ 8586], 95.00th=[ 8979],
     | 99.00th=[ 9634], 99.50th=[10814], 99.90th=[34866], 99.95th=[47973],
     | 99.99th=[54789]
   bw (  KiB/s): min=17320, max=34127, per=100.00%, avg=23919.46, stdev=65.79, samples=4241
   iops        : min= 4330, max= 8527, avg=5979.80, stdev=16.44, samples=4241
  cpu          : usr=8.64%, sys=1.25%, ctx=1687137, majf=0, minf=0
  IO depths    : 1=100.0%, 2=0.0%, 4=0.0%, 8=0.0%, 16=0.0%, 32=0.0%, >=64=0.0%
     submit    : 0=0.0%, 4=100.0%, 8=0.0%, 16=0.0%, 32=0.0%, 64=0.0%, >=64=0.0%
     complete  : 0=0.0%, 4=100.0%, 8=0.0%, 16=0.0%, 32=0.0%, 64=0.0%, >=64=0.0%
     issued rwts: total=320000,0,0,0 short=0,0,0,0 dropped=0,0,0,0
     latency   : target=0, window=0, percentile=100.00%, depth=1

Run status group 0 (all jobs):
   READ: bw=23.3MiB/s (24.4MB/s), 23.3MiB/s-23.3MiB/s (24.4MB/s-24.4MB/s), io=1250MiB (1311MB), run=53732-53732msec
