create: (g=0): rw=read, bs=(R) 4096B-4096B, (W) 4096B-4096B, (T) 4096B-4096B, ioengine=filecreate, iodepth=1
...
fio-3.41
Starting 23 threads

create: (groupid=0, jobs=23): err= 0: pid=741560: Sat Mar 14 12:42:53 2026
  read: IOPS=6491, BW=25.4MiB/s (26.6MB/s)(719MiB/28346msec)
    clat (usec): min=40, max=63036, avg=3013.80, stdev=2196.37
    clat percentiles (usec):
     |  1.00th=[   53],  5.00th=[   65], 10.00th=[   85], 20.00th=[  441],
     | 30.00th=[ 2704], 40.00th=[ 2999], 50.00th=[ 3261], 60.00th=[ 3556],
     | 70.00th=[ 3916], 80.00th=[ 4424], 90.00th=[ 4883], 95.00th=[ 5080],
     | 99.00th=[ 5473], 99.50th=[ 5604], 99.90th=[30016], 99.95th=[47973],
     | 99.99th=[62653]
   bw (  KiB/s): min=18191, max=32304, per=100.00%, avg=26080.73, stdev=159.46, samples=1278
   iops        : min= 4546, max= 8076, avg=6520.11, stdev=39.87, samples=1278
  cpu          : usr=12.26%, sys=2.03%, ctx=966881, majf=0, minf=0
  IO depths    : 1=100.0%, 2=0.0%, 4=0.0%, 8=0.0%, 16=0.0%, 32=0.0%, >=64=0.0%
     submit    : 0=0.0%, 4=100.0%, 8=0.0%, 16=0.0%, 32=0.0%, 64=0.0%, >=64=0.0%
     complete  : 0=0.0%, 4=100.0%, 8=0.0%, 16=0.0%, 32=0.0%, 64=0.0%, >=64=0.0%
     issued rwts: total=184000,0,0,0 short=0,0,0,0 dropped=0,0,0,0
     latency   : target=0, window=0, percentile=100.00%, depth=1

Run status group 0 (all jobs):
   READ: bw=25.4MiB/s (26.6MB/s), 25.4MiB/s-25.4MiB/s (26.6MB/s-26.6MB/s), io=719MiB (754MB), run=28346-28346msec
