create: (g=0): rw=read, bs=(R) 4096B-4096B, (W) 4096B-4096B, (T) 4096B-4096B, ioengine=filecreate, iodepth=1
...
fio-3.41
Starting 2 threads

create: (groupid=0, jobs=2): err= 0: pid=751675: Sat Mar 14 13:24:25 2026
  read: IOPS=4978, BW=19.4MiB/s (20.4MB/s)(62.5MiB/3214msec)
    clat (usec): min=39, max=670, avg=48.37, stdev=12.26
    clat percentiles (usec):
     |  1.00th=[   42],  5.00th=[   42], 10.00th=[   43], 20.00th=[   44],
     | 30.00th=[   44], 40.00th=[   45], 50.00th=[   46], 60.00th=[   46],
     | 70.00th=[   48], 80.00th=[   51], 90.00th=[   59], 95.00th=[   65],
     | 99.00th=[   90], 99.50th=[   97], 99.90th=[  133], 99.95th=[  231],
     | 99.99th=[  660]
   bw (  KiB/s): min= 9566, max=31080, per=86.49%, avg=17223.67, stdev=3635.67, samples=12
   iops        : min= 2391, max= 7770, avg=4305.83, stdev=908.97, samples=12
  cpu          : usr=75.22%, sys=5.91%, ctx=65427, majf=0, minf=0
  IO depths    : 1=100.0%, 2=0.0%, 4=0.0%, 8=0.0%, 16=0.0%, 32=0.0%, >=64=0.0%
     submit    : 0=0.0%, 4=100.0%, 8=0.0%, 16=0.0%, 32=0.0%, 64=0.0%, >=64=0.0%
     complete  : 0=0.0%, 4=100.0%, 8=0.0%, 16=0.0%, 32=0.0%, 64=0.0%, >=64=0.0%
     issued rwts: total=16000,0,0,0 short=0,0,0,0 dropped=0,0,0,0
     latency   : target=0, window=0, percentile=100.00%, depth=1

Run status group 0 (all jobs):
   READ: bw=19.4MiB/s (20.4MB/s), 19.4MiB/s-19.4MiB/s (20.4MB/s-20.4MB/s), io=62.5MiB (65.5MB), run=3214-3214msec
