create: (g=0): rw=read, bs=(R) 4096B-4096B, (W) 4096B-4096B, (T) 4096B-4096B, ioengine=filecreate, iodepth=1
...
fio-3.41
Starting 26 threads

create: (groupid=0, jobs=26): err= 0: pid=755082: Sat Mar 14 13:32:05 2026
  read: IOPS=6205, BW=24.2MiB/s (25.4MB/s)(813MiB/33519msec)
    clat (usec): min=40, max=62070, avg=3615.51, stdev=2315.75
    clat percentiles (usec):
     |  1.00th=[   55],  5.00th=[   72], 10.00th=[  101], 20.00th=[ 2245],
     | 30.00th=[ 3294], 40.00th=[ 3720], 50.00th=[ 4146], 60.00th=[ 4490],
     | 70.00th=[ 4752], 80.00th=[ 5080], 90.00th=[ 5538], 95.00th=[ 5866],
     | 99.00th=[ 6325], 99.50th=[ 6456], 99.90th=[17433], 99.95th=[41681],
     | 99.99th=[58983]
   bw (  KiB/s): min=19193, max=32912, per=100.00%, avg=24960.82, stdev=117.25, samples=1710
   iops        : min= 4798, max= 8228, avg=6240.13, stdev=29.31, samples=1710
  cpu          : usr=11.29%, sys=1.85%, ctx=1092815, majf=0, minf=0
  IO depths    : 1=100.0%, 2=0.0%, 4=0.0%, 8=0.0%, 16=0.0%, 32=0.0%, >=64=0.0%
     submit    : 0=0.0%, 4=100.0%, 8=0.0%, 16=0.0%, 32=0.0%, 64=0.0%, >=64=0.0%
     complete  : 0=0.0%, 4=100.0%, 8=0.0%, 16=0.0%, 32=0.0%, 64=0.0%, >=64=0.0%
     issued rwts: total=208000,0,0,0 short=0,0,0,0 dropped=0,0,0,0
     latency   : target=0, window=0, percentile=100.00%, depth=1

Run status group 0 (all jobs):
   READ: bw=24.2MiB/s (25.4MB/s), 24.2MiB/s-24.2MiB/s (25.4MB/s-25.4MB/s), io=813MiB (852MB), run=33519-33519msec
