create: (g=0): rw=read, bs=(R) 4096B-4096B, (W) 4096B-4096B, (T) 4096B-4096B, ioengine=filecreate, iodepth=1
...
fio-3.41
Starting 36 threads

create: (groupid=0, jobs=36): err= 0: pid=775839: Sat Mar 14 14:48:38 2026
  read: IOPS=5723, BW=22.4MiB/s (23.4MB/s)(1125MiB/50320msec)
    clat (usec): min=45, max=66767, avg=5667.01, stdev=3174.87
    clat percentiles (usec):
     |  1.00th=[   64],  5.00th=[   91], 10.00th=[  119], 20.00th=[ 4948],
     | 30.00th=[ 5669], 40.00th=[ 5997], 50.00th=[ 6390], 60.00th=[ 6915],
     | 70.00th=[ 7373], 80.00th=[ 7701], 90.00th=[ 8029], 95.00th=[ 8291],
     | 99.00th=[ 8848], 99.50th=[ 8979], 99.90th=[33162], 99.95th=[50070],
     | 99.99th=[66323]
   bw (  KiB/s): min=17047, max=28624, per=100.00%, avg=22970.21, stdev=66.64, samples=3580
   iops        : min= 4261, max= 7156, avg=5742.49, stdev=16.66, samples=3580
  cpu          : usr=8.20%, sys=1.38%, ctx=1515906, majf=0, minf=0
  IO depths    : 1=100.0%, 2=0.0%, 4=0.0%, 8=0.0%, 16=0.0%, 32=0.0%, >=64=0.0%
     submit    : 0=0.0%, 4=100.0%, 8=0.0%, 16=0.0%, 32=0.0%, 64=0.0%, >=64=0.0%
     complete  : 0=0.0%, 4=100.0%, 8=0.0%, 16=0.0%, 32=0.0%, 64=0.0%, >=64=0.0%
     issued rwts: total=288000,0,0,0 short=0,0,0,0 dropped=0,0,0,0
     latency   : target=0, window=0, percentile=100.00%, depth=1

Run status group 0 (all jobs):
   READ: bw=22.4MiB/s (23.4MB/s), 22.4MiB/s-22.4MiB/s (23.4MB/s-23.4MB/s), io=1125MiB (1180MB), run=50320-50320msec
