create: (g=0): rw=read, bs=(R) 4096B-4096B, (W) 4096B-4096B, (T) 4096B-4096B, ioengine=filecreate, iodepth=1
...
fio-3.41
Starting 29 threads

create: (groupid=0, jobs=29): err= 0: pid=749103: Sat Mar 14 13:10:44 2026
  read: IOPS=5869, BW=22.9MiB/s (24.0MB/s)(906MiB/39524msec)
    clat (usec): min=43, max=55569, avg=4380.99, stdev=2630.23
    clat percentiles (usec):
     |  1.00th=[   59],  5.00th=[   83], 10.00th=[  112], 20.00th=[ 3654],
     | 30.00th=[ 4293], 40.00th=[ 4621], 50.00th=[ 4948], 60.00th=[ 5211],
     | 70.00th=[ 5604], 80.00th=[ 6063], 90.00th=[ 6456], 95.00th=[ 6718],
     | 99.00th=[ 7111], 99.50th=[ 7308], 99.90th=[39060], 99.95th=[47449],
     | 99.99th=[55313]
   bw (  KiB/s): min=14494, max=32136, per=100.00%, avg=23606.52, stdev=98.83, samples=2271
   iops        : min= 3618, max= 8034, avg=5901.55, stdev=24.71, samples=2271
  cpu          : usr=9.20%, sys=1.71%, ctx=1220515, majf=0, minf=0
  IO depths    : 1=100.0%, 2=0.0%, 4=0.0%, 8=0.0%, 16=0.0%, 32=0.0%, >=64=0.0%
     submit    : 0=0.0%, 4=100.0%, 8=0.0%, 16=0.0%, 32=0.0%, 64=0.0%, >=64=0.0%
     complete  : 0=0.0%, 4=100.0%, 8=0.0%, 16=0.0%, 32=0.0%, 64=0.0%, >=64=0.0%
     issued rwts: total=232000,0,0,0 short=0,0,0,0 dropped=0,0,0,0
     latency   : target=0, window=0, percentile=100.00%, depth=1

Run status group 0 (all jobs):
   READ: bw=22.9MiB/s (24.0MB/s), 22.9MiB/s-22.9MiB/s (24.0MB/s-24.0MB/s), io=906MiB (950MB), run=39524-39524msec
