create: (g=0): rw=read, bs=(R) 4096B-4096B, (W) 4096B-4096B, (T) 4096B-4096B, ioengine=filecreate, iodepth=1
...
fio-3.41
Starting 3 threads

create: (groupid=0, jobs=3): err= 0: pid=751790: Sat Mar 14 13:24:31 2026
  read: IOPS=6003, BW=23.4MiB/s (24.6MB/s)(93.8MiB/3998msec)
    clat (usec): min=36, max=30768, avg=60.57, stdev=232.57
    clat percentiles (usec):
     |  1.00th=[   42],  5.00th=[   44], 10.00th=[   45], 20.00th=[   46],
     | 30.00th=[   47], 40.00th=[   48], 50.00th=[   49], 60.00th=[   51],
     | 70.00th=[   59], 80.00th=[   71], 90.00th=[   91], 95.00th=[  103],
     | 99.00th=[  129], 99.50th=[  141], 99.90th=[  198], 99.95th=[  334],
     | 99.99th=[  848]
   bw (  KiB/s): min=12576, max=51848, per=97.05%, avg=23304.00, stdev=4542.87, samples=22
   iops        : min= 3144, max=12962, avg=5826.00, stdev=1135.72, samples=22
  cpu          : usr=77.27%, sys=6.17%, ctx=104017, majf=0, minf=0
  IO depths    : 1=100.0%, 2=0.0%, 4=0.0%, 8=0.0%, 16=0.0%, 32=0.0%, >=64=0.0%
     submit    : 0=0.0%, 4=100.0%, 8=0.0%, 16=0.0%, 32=0.0%, 64=0.0%, >=64=0.0%
     complete  : 0=0.0%, 4=100.0%, 8=0.0%, 16=0.0%, 32=0.0%, 64=0.0%, >=64=0.0%
     issued rwts: total=24000,0,0,0 short=0,0,0,0 dropped=0,0,0,0
     latency   : target=0, window=0, percentile=100.00%, depth=1

Run status group 0 (all jobs):
   READ: bw=23.4MiB/s (24.6MB/s), 23.4MiB/s-23.4MiB/s (24.6MB/s-24.6MB/s), io=93.8MiB (98.3MB), run=3998-3998msec
