create: (g=0): rw=read, bs=(R) 4096B-4096B, (W) 4096B-4096B, (T) 4096B-4096B, ioengine=filecreate, iodepth=1
...
fio-3.41
Starting 52 threads

create: (groupid=0, jobs=52): err= 0: pid=731126: Sat Mar 14 12:08:08 2026
  read: IOPS=5754, BW=22.5MiB/s (23.6MB/s)(1625MiB/72286msec)
    clat (usec): min=46, max=83934, avg=8116.27, stdev=3946.82
    clat percentiles (usec):
     |  1.00th=[   71],  5.00th=[  103], 10.00th=[  128], 20.00th=[ 7635],
     | 30.00th=[ 8225], 40.00th=[ 8586], 50.00th=[ 9110], 60.00th=[ 9503],
     | 70.00th=[10028], 80.00th=[10552], 90.00th=[11076], 95.00th=[11469],
     | 99.00th=[12125], 99.50th=[12387], 99.90th=[33817], 99.95th=[47973],
     | 99.99th=[83362]
   bw (  KiB/s): min=16912, max=37141, per=100.00%, avg=23146.45, stdev=50.50, samples=7440
   iops        : min= 4228, max= 9282, avg=5786.45, stdev=12.62, samples=7440
  cpu          : usr=8.64%, sys=0.99%, ctx=2200227, majf=0, minf=0
  IO depths    : 1=100.0%, 2=0.0%, 4=0.0%, 8=0.0%, 16=0.0%, 32=0.0%, >=64=0.0%
     submit    : 0=0.0%, 4=100.0%, 8=0.0%, 16=0.0%, 32=0.0%, 64=0.0%, >=64=0.0%
     complete  : 0=0.0%, 4=100.0%, 8=0.0%, 16=0.0%, 32=0.0%, 64=0.0%, >=64=0.0%
     issued rwts: total=416000,0,0,0 short=0,0,0,0 dropped=0,0,0,0
     latency   : target=0, window=0, percentile=100.00%, depth=1

Run status group 0 (all jobs):
   READ: bw=22.5MiB/s (23.6MB/s), 22.5MiB/s-22.5MiB/s (23.6MB/s-23.6MB/s), io=1625MiB (1704MB), run=72286-72286msec
