create: (g=0): rw=read, bs=(R) 4096B-4096B, (W) 4096B-4096B, (T) 4096B-4096B, ioengine=filecreate, iodepth=1
...
fio-3.41
Starting 52 threads

create: (groupid=0, jobs=52): err= 0: pid=763662: Sat Mar 14 14:06:36 2026
  read: IOPS=5799, BW=22.7MiB/s (23.8MB/s)(1625MiB/71731msec)
    clat (usec): min=46, max=96780, avg=8050.14, stdev=4031.10
    clat percentiles (usec):
     |  1.00th=[   71],  5.00th=[  103], 10.00th=[  127], 20.00th=[ 7570],
     | 30.00th=[ 8160], 40.00th=[ 8586], 50.00th=[ 8979], 60.00th=[ 9503],
     | 70.00th=[10028], 80.00th=[10552], 90.00th=[11076], 95.00th=[11469],
     | 99.00th=[12125], 99.50th=[12518], 99.90th=[45351], 99.95th=[52167],
     | 99.99th=[95945]
   bw (  KiB/s): min=15021, max=39075, per=100.00%, avg=23341.68, stdev=55.46, samples=7375
   iops        : min= 3753, max= 9768, avg=5835.28, stdev=13.87, samples=7375
  cpu          : usr=8.56%, sys=1.00%, ctx=2199675, majf=0, minf=0
  IO depths    : 1=100.0%, 2=0.0%, 4=0.0%, 8=0.0%, 16=0.0%, 32=0.0%, >=64=0.0%
     submit    : 0=0.0%, 4=100.0%, 8=0.0%, 16=0.0%, 32=0.0%, 64=0.0%, >=64=0.0%
     complete  : 0=0.0%, 4=100.0%, 8=0.0%, 16=0.0%, 32=0.0%, 64=0.0%, >=64=0.0%
     issued rwts: total=416000,0,0,0 short=0,0,0,0 dropped=0,0,0,0
     latency   : target=0, window=0, percentile=100.00%, depth=1

Run status group 0 (all jobs):
   READ: bw=22.7MiB/s (23.8MB/s), 22.7MiB/s-22.7MiB/s (23.8MB/s-23.8MB/s), io=1625MiB (1704MB), run=71731-71731msec
