create: (g=0): rw=read, bs=(R) 4096B-4096B, (W) 4096B-4096B, (T) 4096B-4096B, ioengine=filecreate, iodepth=1
...
fio-3.41
Starting 60 threads

create: (groupid=0, jobs=60): err= 0: pid=764128: Sat Mar 14 14:09:49 2026
  read: IOPS=5655, BW=22.1MiB/s (23.2MB/s)(1875MiB/84878msec)
    clat (usec): min=47, max=106251, avg=9619.18, stdev=4524.04
    clat percentiles (usec):
     |  1.00th=[    75],  5.00th=[   110], 10.00th=[   133], 20.00th=[  9110],
     | 30.00th=[  9765], 40.00th=[ 10159], 50.00th=[ 10683], 60.00th=[ 11207],
     | 70.00th=[ 11863], 80.00th=[ 12387], 90.00th=[ 12911], 95.00th=[ 13304],
     | 99.00th=[ 13960], 99.50th=[ 14353], 99.90th=[ 45876], 99.95th=[ 56886],
     | 99.99th=[105382]
   bw (  KiB/s): min=16204, max=31419, per=100.00%, avg=22674.25, stdev=38.55, samples=10138
   iops        : min= 4049, max= 7851, avg=5668.46, stdev= 9.63, samples=10138
  cpu          : usr=8.23%, sys=0.87%, ctx=2544899, majf=0, minf=0
  IO depths    : 1=100.0%, 2=0.0%, 4=0.0%, 8=0.0%, 16=0.0%, 32=0.0%, >=64=0.0%
     submit    : 0=0.0%, 4=100.0%, 8=0.0%, 16=0.0%, 32=0.0%, 64=0.0%, >=64=0.0%
     complete  : 0=0.0%, 4=100.0%, 8=0.0%, 16=0.0%, 32=0.0%, 64=0.0%, >=64=0.0%
     issued rwts: total=480000,0,0,0 short=0,0,0,0 dropped=0,0,0,0
     latency   : target=0, window=0, percentile=100.00%, depth=1

Run status group 0 (all jobs):
   READ: bw=22.1MiB/s (23.2MB/s), 22.1MiB/s-22.1MiB/s (23.2MB/s-23.2MB/s), io=1875MiB (1966MB), run=84878-84878msec
