create: (g=0): rw=read, bs=(R) 4096B-4096B, (W) 4096B-4096B, (T) 4096B-4096B, ioengine=filecreate, iodepth=1
...
fio-3.41
Starting 56 threads

create: (groupid=0, jobs=56): err= 0: pid=813125: Sat Mar 14 15:41:45 2026
  read: IOPS=5873, BW=22.9MiB/s (24.1MB/s)(1750MiB/76281msec)
    clat (usec): min=42, max=107312, avg=8624.53, stdev=4283.14
    clat percentiles (usec):
     |  1.00th=[    68],  5.00th=[    98], 10.00th=[   126], 20.00th=[  8029],
     | 30.00th=[  8717], 40.00th=[  9110], 50.00th=[  9503], 60.00th=[ 10028],
     | 70.00th=[ 10683], 80.00th=[ 11338], 90.00th=[ 11863], 95.00th=[ 12256],
     | 99.00th=[ 13173], 99.50th=[ 14877], 99.90th=[ 38536], 99.95th=[ 60031],
     | 99.99th=[106431]
   bw (  KiB/s): min=15351, max=33013, per=100.00%, avg=23569.01, stdev=45.81, samples=8484
   iops        : min= 3837, max= 8253, avg=5892.16, stdev=11.45, samples=8484
  cpu          : usr=8.24%, sys=0.93%, ctx=2371159, majf=0, minf=0
  IO depths    : 1=100.0%, 2=0.0%, 4=0.0%, 8=0.0%, 16=0.0%, 32=0.0%, >=64=0.0%
     submit    : 0=0.0%, 4=100.0%, 8=0.0%, 16=0.0%, 32=0.0%, 64=0.0%, >=64=0.0%
     complete  : 0=0.0%, 4=100.0%, 8=0.0%, 16=0.0%, 32=0.0%, 64=0.0%, >=64=0.0%
     issued rwts: total=448000,0,0,0 short=0,0,0,0 dropped=0,0,0,0
     latency   : target=0, window=0, percentile=100.00%, depth=1

Run status group 0 (all jobs):
   READ: bw=22.9MiB/s (24.1MB/s), 22.9MiB/s-22.9MiB/s (24.1MB/s-24.1MB/s), io=1750MiB (1835MB), run=76281-76281msec
