create: (g=0): rw=read, bs=(R) 4096B-4096B, (W) 4096B-4096B, (T) 4096B-4096B, ioengine=filecreate, iodepth=1
...
fio-3.41
Starting 48 threads

create: (groupid=0, jobs=48): err= 0: pid=810786: Sat Mar 14 15:38:50 2026
  read: IOPS=5952, BW=23.3MiB/s (24.4MB/s)(1500MiB/64511msec)
    clat (usec): min=42, max=92985, avg=7160.65, stdev=3709.70
    clat percentiles (usec):
     |  1.00th=[   65],  5.00th=[   91], 10.00th=[  124], 20.00th=[ 6652],
     | 30.00th=[ 7308], 40.00th=[ 7701], 50.00th=[ 8029], 60.00th=[ 8356],
     | 70.00th=[ 8717], 80.00th=[ 9372], 90.00th=[ 9896], 95.00th=[10290],
     | 99.00th=[11076], 99.50th=[11994], 99.90th=[37487], 99.95th=[57410],
     | 99.99th=[91751]
   bw (  KiB/s): min=16864, max=42189, per=100.00%, avg=23971.99, stdev=64.71, samples=6106
   iops        : min= 4216, max=10546, avg=5992.99, stdev=16.17, samples=6106
  cpu          : usr=9.38%, sys=1.07%, ctx=2027581, majf=0, minf=0
  IO depths    : 1=100.0%, 2=0.0%, 4=0.0%, 8=0.0%, 16=0.0%, 32=0.0%, >=64=0.0%
     submit    : 0=0.0%, 4=100.0%, 8=0.0%, 16=0.0%, 32=0.0%, 64=0.0%, >=64=0.0%
     complete  : 0=0.0%, 4=100.0%, 8=0.0%, 16=0.0%, 32=0.0%, 64=0.0%, >=64=0.0%
     issued rwts: total=384000,0,0,0 short=0,0,0,0 dropped=0,0,0,0
     latency   : target=0, window=0, percentile=100.00%, depth=1

Run status group 0 (all jobs):
   READ: bw=23.3MiB/s (24.4MB/s), 23.3MiB/s-23.3MiB/s (24.4MB/s-24.4MB/s), io=1500MiB (1573MB), run=64511-64511msec
