create: (g=0): rw=read, bs=(R) 4096B-4096B, (W) 4096B-4096B, (T) 4096B-4096B, ioengine=filecreate, iodepth=1
...
fio-3.41
Starting 18 threads

create: (groupid=0, jobs=18): err= 0: pid=798740: Sat Mar 14 15:25:23 2026
  read: IOPS=7397, BW=28.9MiB/s (30.3MB/s)(563MiB/19466msec)
    clat (usec): min=38, max=63986, avg=1959.98, stdev=1692.40
    clat percentiles (usec):
     |  1.00th=[   52],  5.00th=[   57], 10.00th=[   70], 20.00th=[  115],
     | 30.00th=[ 1778], 40.00th=[ 2057], 50.00th=[ 2278], 60.00th=[ 2474],
     | 70.00th=[ 2638], 80.00th=[ 2769], 90.00th=[ 2933], 95.00th=[ 3064],
     | 99.00th=[ 3261], 99.50th=[ 3359], 99.90th=[13566], 99.95th=[43779],
     | 99.99th=[53740]
   bw (  KiB/s): min=19168, max=33800, per=100.00%, avg=29637.05, stdev=139.99, samples=684
   iops        : min= 4792, max= 8450, avg=7409.32, stdev=35.00, samples=684
  cpu          : usr=16.36%, sys=2.51%, ctx=754956, majf=0, minf=0
  IO depths    : 1=100.0%, 2=0.0%, 4=0.0%, 8=0.0%, 16=0.0%, 32=0.0%, >=64=0.0%
     submit    : 0=0.0%, 4=100.0%, 8=0.0%, 16=0.0%, 32=0.0%, 64=0.0%, >=64=0.0%
     complete  : 0=0.0%, 4=100.0%, 8=0.0%, 16=0.0%, 32=0.0%, 64=0.0%, >=64=0.0%
     issued rwts: total=144000,0,0,0 short=0,0,0,0 dropped=0,0,0,0
     latency   : target=0, window=0, percentile=100.00%, depth=1

Run status group 0 (all jobs):
   READ: bw=28.9MiB/s (30.3MB/s), 28.9MiB/s-28.9MiB/s (30.3MB/s-30.3MB/s), io=563MiB (590MB), run=19466-19466msec
