create: (g=0): rw=read, bs=(R) 4096B-4096B, (W) 4096B-4096B, (T) 4096B-4096B, ioengine=filecreate, iodepth=1
...
fio-3.41
Starting 7 threads

create: (groupid=0, jobs=7): err= 0: pid=758822: Sat Mar 14 13:48:40 2026
  read: IOPS=7984, BW=31.2MiB/s (32.7MB/s)(219MiB/7014msec)
    clat (usec): min=36, max=36366, avg=67.57, stdev=216.35
    clat percentiles (usec):
     |  1.00th=[   44],  5.00th=[   46], 10.00th=[   47], 20.00th=[   48],
     | 30.00th=[   49], 40.00th=[   50], 50.00th=[   52], 60.00th=[   59],
     | 70.00th=[   70], 80.00th=[   84], 90.00th=[  100], 95.00th=[  122],
     | 99.00th=[  167], 99.50th=[  190], 99.90th=[  449], 99.95th=[  775],
     | 99.99th=[ 3589]
   bw (  KiB/s): min=17864, max=84920, per=100.00%, avg=37283.73, stdev=2704.42, samples=78
   iops        : min= 4466, max=21230, avg=9320.77, stdev=676.11, samples=78
  cpu          : usr=83.09%, sys=4.14%, ctx=248827, majf=0, minf=0
  IO depths    : 1=100.0%, 2=0.0%, 4=0.0%, 8=0.0%, 16=0.0%, 32=0.0%, >=64=0.0%
     submit    : 0=0.0%, 4=100.0%, 8=0.0%, 16=0.0%, 32=0.0%, 64=0.0%, >=64=0.0%
     complete  : 0=0.0%, 4=100.0%, 8=0.0%, 16=0.0%, 32=0.0%, 64=0.0%, >=64=0.0%
     issued rwts: total=56000,0,0,0 short=0,0,0,0 dropped=0,0,0,0
     latency   : target=0, window=0, percentile=100.00%, depth=1

Run status group 0 (all jobs):
   READ: bw=31.2MiB/s (32.7MB/s), 31.2MiB/s-31.2MiB/s (32.7MB/s-32.7MB/s), io=219MiB (229MB), run=7014-7014msec
