create: (g=0): rw=read, bs=(R) 4096B-4096B, (W) 4096B-4096B, (T) 4096B-4096B, ioengine=filecreate, iodepth=1
...
fio-3.41
Starting 31 threads

create: (groupid=0, jobs=31): err= 0: pid=775476: Sat Mar 14 14:46:46 2026
  read: IOPS=5770, BW=22.5MiB/s (23.6MB/s)(969MiB/42979msec)
    clat (usec): min=40, max=55603, avg=4786.64, stdev=2840.25
    clat percentiles (usec):
     |  1.00th=[   59],  5.00th=[   85], 10.00th=[  115], 20.00th=[ 3818],
     | 30.00th=[ 4555], 40.00th=[ 5014], 50.00th=[ 5407], 60.00th=[ 5866],
     | 70.00th=[ 6390], 80.00th=[ 6652], 90.00th=[ 6980], 95.00th=[ 7242],
     | 99.00th=[ 7701], 99.50th=[ 7898], 99.90th=[39060], 99.95th=[50070],
     | 99.99th=[54789]
   bw (  KiB/s): min=15641, max=29416, per=100.00%, avg=23144.93, stdev=90.19, samples=2629
   iops        : min= 3908, max= 7354, avg=5786.20, stdev=22.55, samples=2629
  cpu          : usr=9.01%, sys=1.57%, ctx=1303816, majf=0, minf=0
  IO depths    : 1=100.0%, 2=0.0%, 4=0.0%, 8=0.0%, 16=0.0%, 32=0.0%, >=64=0.0%
     submit    : 0=0.0%, 4=100.0%, 8=0.0%, 16=0.0%, 32=0.0%, 64=0.0%, >=64=0.0%
     complete  : 0=0.0%, 4=100.0%, 8=0.0%, 16=0.0%, 32=0.0%, 64=0.0%, >=64=0.0%
     issued rwts: total=248000,0,0,0 short=0,0,0,0 dropped=0,0,0,0
     latency   : target=0, window=0, percentile=100.00%, depth=1

Run status group 0 (all jobs):
   READ: bw=22.5MiB/s (23.6MB/s), 22.5MiB/s-22.5MiB/s (23.6MB/s-23.6MB/s), io=969MiB (1016MB), run=42979-42979msec
