create: (g=0): rw=read, bs=(R) 4096B-4096B, (W) 4096B-4096B, (T) 4096B-4096B, ioengine=filecreate, iodepth=1
...
fio-3.41
Starting 4 threads

create: (groupid=0, jobs=4): err= 0: pid=758451: Sat Mar 14 13:48:17 2026
  read: IOPS=8203, BW=32.0MiB/s (33.6MB/s)(125MiB/3901msec)
    clat (usec): min=34, max=26842, avg=62.08, stdev=210.27
    clat percentiles (usec):
     |  1.00th=[   42],  5.00th=[   43], 10.00th=[   44], 20.00th=[   46],
     | 30.00th=[   47], 40.00th=[   48], 50.00th=[   50], 60.00th=[   54],
     | 70.00th=[   62], 80.00th=[   76], 90.00th=[   92], 95.00th=[  106],
     | 99.00th=[  141], 99.50th=[  155], 99.90th=[  235], 99.95th=[  433],
     | 99.99th=[  857]
   bw (  KiB/s): min=17641, max=62047, per=100.00%, avg=33789.32, stdev=3631.44, samples=25
   iops        : min= 4410, max=15511, avg=8447.18, stdev=907.81, samples=25
  cpu          : usr=73.77%, sys=6.02%, ctx=139815, majf=0, minf=0
  IO depths    : 1=100.0%, 2=0.0%, 4=0.0%, 8=0.0%, 16=0.0%, 32=0.0%, >=64=0.0%
     submit    : 0=0.0%, 4=100.0%, 8=0.0%, 16=0.0%, 32=0.0%, 64=0.0%, >=64=0.0%
     complete  : 0=0.0%, 4=100.0%, 8=0.0%, 16=0.0%, 32=0.0%, 64=0.0%, >=64=0.0%
     issued rwts: total=32000,0,0,0 short=0,0,0,0 dropped=0,0,0,0
     latency   : target=0, window=0, percentile=100.00%, depth=1

Run status group 0 (all jobs):
   READ: bw=32.0MiB/s (33.6MB/s), 32.0MiB/s-32.0MiB/s (33.6MB/s-33.6MB/s), io=125MiB (131MB), run=3901-3901msec
