create: (g=0): rw=read, bs=(R) 4096B-4096B, (W) 4096B-4096B, (T) 4096B-4096B, ioengine=filecreate, iodepth=1
...
fio-3.41
Starting 28 threads

create: (groupid=0, jobs=28): err= 0: pid=726939: Sat Mar 14 11:58:54 2026
  read: IOPS=6122, BW=23.9MiB/s (25.1MB/s)(875MiB/36588msec)
    clat (usec): min=41, max=58425, avg=4012.43, stdev=2464.96
    clat percentiles (usec):
     |  1.00th=[   56],  5.00th=[   75], 10.00th=[  106], 20.00th=[ 2933],
     | 30.00th=[ 3851], 40.00th=[ 4228], 50.00th=[ 4555], 60.00th=[ 4883],
     | 70.00th=[ 5145], 80.00th=[ 5538], 90.00th=[ 5997], 95.00th=[ 6325],
     | 99.00th=[ 6849], 99.50th=[ 7111], 99.90th=[29492], 99.95th=[41681],
     | 99.99th=[51643]
   bw (  KiB/s): min=17260, max=31280, per=100.00%, avg=24619.81, stdev=99.23, samples=2020
   iops        : min= 4310, max= 7820, avg=6154.88, stdev=24.82, samples=2020
  cpu          : usr=10.08%, sys=1.73%, ctx=1176930, majf=0, minf=0
  IO depths    : 1=100.0%, 2=0.0%, 4=0.0%, 8=0.0%, 16=0.0%, 32=0.0%, >=64=0.0%
     submit    : 0=0.0%, 4=100.0%, 8=0.0%, 16=0.0%, 32=0.0%, 64=0.0%, >=64=0.0%
     complete  : 0=0.0%, 4=100.0%, 8=0.0%, 16=0.0%, 32=0.0%, 64=0.0%, >=64=0.0%
     issued rwts: total=224000,0,0,0 short=0,0,0,0 dropped=0,0,0,0
     latency   : target=0, window=0, percentile=100.00%, depth=1

Run status group 0 (all jobs):
   READ: bw=23.9MiB/s (25.1MB/s), 23.9MiB/s-23.9MiB/s (25.1MB/s-25.1MB/s), io=875MiB (918MB), run=36588-36588msec
