create: (g=0): rw=read, bs=(R) 4096B-4096B, (W) 4096B-4096B, (T) 4096B-4096B, ioengine=filecreate, iodepth=1
...
fio-3.41
Starting 36 threads

create: (groupid=0, jobs=36): err= 0: pid=749821: Sat Mar 14 13:14:16 2026
  read: IOPS=5772, BW=22.5MiB/s (23.6MB/s)(1125MiB/49896msec)
    clat (usec): min=44, max=61907, avg=5613.13, stdev=3217.18
    clat percentiles (usec):
     |  1.00th=[   63],  5.00th=[   90], 10.00th=[  118], 20.00th=[ 4686],
     | 30.00th=[ 5407], 40.00th=[ 5800], 50.00th=[ 6390], 60.00th=[ 6980],
     | 70.00th=[ 7373], 80.00th=[ 7701], 90.00th=[ 8029], 95.00th=[ 8291],
     | 99.00th=[ 8848], 99.50th=[ 8979], 99.90th=[44827], 99.95th=[55837],
     | 99.99th=[57934]
   bw (  KiB/s): min=16312, max=30917, per=100.00%, avg=23151.77, stdev=79.44, samples=3569
   iops        : min= 4077, max= 7727, avg=5787.78, stdev=19.86, samples=3569
  cpu          : usr=8.37%, sys=1.37%, ctx=1518574, majf=0, minf=0
  IO depths    : 1=100.0%, 2=0.0%, 4=0.0%, 8=0.0%, 16=0.0%, 32=0.0%, >=64=0.0%
     submit    : 0=0.0%, 4=100.0%, 8=0.0%, 16=0.0%, 32=0.0%, 64=0.0%, >=64=0.0%
     complete  : 0=0.0%, 4=100.0%, 8=0.0%, 16=0.0%, 32=0.0%, 64=0.0%, >=64=0.0%
     issued rwts: total=288000,0,0,0 short=0,0,0,0 dropped=0,0,0,0
     latency   : target=0, window=0, percentile=100.00%, depth=1

Run status group 0 (all jobs):
   READ: bw=22.5MiB/s (23.6MB/s), 22.5MiB/s-22.5MiB/s (23.6MB/s-23.6MB/s), io=1125MiB (1180MB), run=49896-49896msec
