create: (g=0): rw=read, bs=(R) 4096B-4096B, (W) 4096B-4096B, (T) 4096B-4096B, ioengine=filecreate, iodepth=1
...
fio-3.41
Starting 26 threads

create: (groupid=0, jobs=26): err= 0: pid=774602: Sat Mar 14 14:42:53 2026
  read: IOPS=6200, BW=24.2MiB/s (25.4MB/s)(813MiB/33546msec)
    clat (usec): min=40, max=58450, avg=3644.18, stdev=2364.28
    clat percentiles (usec):
     |  1.00th=[   55],  5.00th=[   72], 10.00th=[  102], 20.00th=[ 2540],
     | 30.00th=[ 3392], 40.00th=[ 3785], 50.00th=[ 4146], 60.00th=[ 4490],
     | 70.00th=[ 4752], 80.00th=[ 5080], 90.00th=[ 5473], 95.00th=[ 5800],
     | 99.00th=[ 6259], 99.50th=[ 6456], 99.90th=[31327], 99.95th=[47973],
     | 99.99th=[53216]
   bw (  KiB/s): min=16829, max=32544, per=100.00%, avg=24945.87, stdev=114.93, samples=1719
   iops        : min= 4204, max= 8136, avg=6236.42, stdev=28.74, samples=1719
  cpu          : usr=10.77%, sys=1.85%, ctx=1092721, majf=0, minf=0
  IO depths    : 1=100.0%, 2=0.0%, 4=0.0%, 8=0.0%, 16=0.0%, 32=0.0%, >=64=0.0%
     submit    : 0=0.0%, 4=100.0%, 8=0.0%, 16=0.0%, 32=0.0%, 64=0.0%, >=64=0.0%
     complete  : 0=0.0%, 4=100.0%, 8=0.0%, 16=0.0%, 32=0.0%, 64=0.0%, >=64=0.0%
     issued rwts: total=208000,0,0,0 short=0,0,0,0 dropped=0,0,0,0
     latency   : target=0, window=0, percentile=100.00%, depth=1

Run status group 0 (all jobs):
   READ: bw=24.2MiB/s (25.4MB/s), 24.2MiB/s-24.2MiB/s (25.4MB/s-25.4MB/s), io=813MiB (852MB), run=33546-33546msec
