create: (g=0): rw=read, bs=(R) 4096B-4096B, (W) 4096B-4096B, (T) 4096B-4096B, ioengine=filecreate, iodepth=1
...
fio-3.41
Starting 12 threads

create: (groupid=0, jobs=12): err= 0: pid=765944: Sat Mar 14 14:13:12 2026
  read: IOPS=9977, BW=39.0MiB/s (40.9MB/s)(375MiB/9622msec)
    clat (usec): min=37, max=47766, avg=563.77, stdev=719.60
    clat percentiles (usec):
     |  1.00th=[   45],  5.00th=[   48], 10.00th=[   50], 20.00th=[   55],
     | 30.00th=[   70], 40.00th=[   97], 50.00th=[  163], 60.00th=[  824],
     | 70.00th=[ 1074], 80.00th=[ 1205], 90.00th=[ 1336], 95.00th=[ 1434],
     | 99.00th=[ 1598], 99.50th=[ 1663], 99.90th=[ 1958], 99.95th=[ 2376],
     | 99.99th=[37487]
   bw (  KiB/s): min=24360, max=75312, per=100.00%, avg=44399.27, stdev=1207.41, samples=203
   iops        : min= 6087, max=18828, avg=11099.64, stdev=301.87, samples=203
  cpu          : usr=41.40%, sys=3.76%, ctx=482103, majf=0, minf=0
  IO depths    : 1=100.0%, 2=0.0%, 4=0.0%, 8=0.0%, 16=0.0%, 32=0.0%, >=64=0.0%
     submit    : 0=0.0%, 4=100.0%, 8=0.0%, 16=0.0%, 32=0.0%, 64=0.0%, >=64=0.0%
     complete  : 0=0.0%, 4=100.0%, 8=0.0%, 16=0.0%, 32=0.0%, 64=0.0%, >=64=0.0%
     issued rwts: total=96000,0,0,0 short=0,0,0,0 dropped=0,0,0,0
     latency   : target=0, window=0, percentile=100.00%, depth=1

Run status group 0 (all jobs):
   READ: bw=39.0MiB/s (40.9MB/s), 39.0MiB/s-39.0MiB/s (40.9MB/s-40.9MB/s), io=375MiB (393MB), run=9622-9622msec
