create: (g=0): rw=read, bs=(R) 4096B-4096B, (W) 4096B-4096B, (T) 4096B-4096B, ioengine=filecreate, iodepth=1
...
fio-3.41
Starting 21 threads

create: (groupid=0, jobs=21): err= 0: pid=734742: Sat Mar 14 12:18:03 2026
  read: IOPS=6775, BW=26.5MiB/s (27.8MB/s)(656MiB/24795msec)
    clat (usec): min=42, max=58076, avg=2593.38, stdev=1875.72
    clat percentiles (usec):
     |  1.00th=[   52],  5.00th=[   61], 10.00th=[   77], 20.00th=[  685],
     | 30.00th=[ 2311], 40.00th=[ 2638], 50.00th=[ 2868], 60.00th=[ 3130],
     | 70.00th=[ 3458], 80.00th=[ 3818], 90.00th=[ 4047], 95.00th=[ 4228],
     | 99.00th=[ 4555], 99.50th=[ 4621], 99.90th=[14746], 99.95th=[42730],
     | 99.99th=[54789]
   bw (  KiB/s): min=18737, max=33280, per=100.00%, avg=27265.86, stdev=162.35, samples=1022
   iops        : min= 4682, max= 8320, avg=6816.40, stdev=40.59, samples=1022
  cpu          : usr=13.41%, sys=2.20%, ctx=881724, majf=0, minf=0
  IO depths    : 1=100.0%, 2=0.0%, 4=0.0%, 8=0.0%, 16=0.0%, 32=0.0%, >=64=0.0%
     submit    : 0=0.0%, 4=100.0%, 8=0.0%, 16=0.0%, 32=0.0%, 64=0.0%, >=64=0.0%
     complete  : 0=0.0%, 4=100.0%, 8=0.0%, 16=0.0%, 32=0.0%, 64=0.0%, >=64=0.0%
     issued rwts: total=168000,0,0,0 short=0,0,0,0 dropped=0,0,0,0
     latency   : target=0, window=0, percentile=100.00%, depth=1

Run status group 0 (all jobs):
   READ: bw=26.5MiB/s (27.8MB/s), 26.5MiB/s-26.5MiB/s (27.8MB/s-27.8MB/s), io=656MiB (688MB), run=24795-24795msec
