create: (g=0): rw=read, bs=(R) 4096B-4096B, (W) 4096B-4096B, (T) 4096B-4096B, ioengine=filecreate, iodepth=1
...
fio-3.41
Starting 20 threads

create: (groupid=0, jobs=20): err= 0: pid=773624: Sat Mar 14 14:39:26 2026
  read: IOPS=7409, BW=28.9MiB/s (30.3MB/s)(625MiB/21593msec)
    clat (usec): min=40, max=61664, avg=2212.92, stdev=1713.20
    clat percentiles (usec):
     |  1.00th=[   52],  5.00th=[   58], 10.00th=[   70], 20.00th=[  121],
     | 30.00th=[ 2073], 40.00th=[ 2376], 50.00th=[ 2573], 60.00th=[ 2737],
     | 70.00th=[ 2900], 80.00th=[ 3097], 90.00th=[ 3359], 95.00th=[ 3556],
     | 99.00th=[ 3884], 99.50th=[ 4015], 99.90th=[11600], 99.95th=[41681],
     | 99.99th=[59507]
   bw (  KiB/s): min=20697, max=35000, per=100.00%, avg=29811.75, stdev=135.68, samples=838
   iops        : min= 5170, max= 8750, avg=7452.82, stdev=33.94, samples=838
  cpu          : usr=14.43%, sys=2.25%, ctx=839323, majf=0, minf=0
  IO depths    : 1=100.0%, 2=0.0%, 4=0.0%, 8=0.0%, 16=0.0%, 32=0.0%, >=64=0.0%
     submit    : 0=0.0%, 4=100.0%, 8=0.0%, 16=0.0%, 32=0.0%, 64=0.0%, >=64=0.0%
     complete  : 0=0.0%, 4=100.0%, 8=0.0%, 16=0.0%, 32=0.0%, 64=0.0%, >=64=0.0%
     issued rwts: total=160000,0,0,0 short=0,0,0,0 dropped=0,0,0,0
     latency   : target=0, window=0, percentile=100.00%, depth=1

Run status group 0 (all jobs):
   READ: bw=28.9MiB/s (30.3MB/s), 28.9MiB/s-28.9MiB/s (30.3MB/s-30.3MB/s), io=625MiB (655MB), run=21593-21593msec
