create: (g=0): rw=read, bs=(R) 4096B-4096B, (W) 4096B-4096B, (T) 4096B-4096B, ioengine=filecreate, iodepth=1
...
fio-3.41
Starting 21 threads

create: (groupid=0, jobs=21): err= 0: pid=780290: Sat Mar 14 15:03:24 2026
  read: IOPS=6959, BW=27.2MiB/s (28.5MB/s)(656MiB/24141msec)
    clat (usec): min=41, max=66209, avg=2493.49, stdev=1991.26
    clat percentiles (usec):
     |  1.00th=[   52],  5.00th=[   59], 10.00th=[   74], 20.00th=[  141],
     | 30.00th=[ 2212], 40.00th=[ 2540], 50.00th=[ 2802], 60.00th=[ 2999],
     | 70.00th=[ 3195], 80.00th=[ 3556], 90.00th=[ 4015], 95.00th=[ 4359],
     | 99.00th=[ 4817], 99.50th=[ 4948], 99.90th=[14353], 99.95th=[47973],
     | 99.99th=[61604]
   bw (  KiB/s): min=16796, max=36000, per=100.00%, avg=28072.47, stdev=180.37, samples=986
   iops        : min= 4198, max= 9000, avg=7017.94, stdev=45.10, samples=986
  cpu          : usr=14.02%, sys=2.29%, ctx=881063, majf=0, minf=0
  IO depths    : 1=100.0%, 2=0.0%, 4=0.0%, 8=0.0%, 16=0.0%, 32=0.0%, >=64=0.0%
     submit    : 0=0.0%, 4=100.0%, 8=0.0%, 16=0.0%, 32=0.0%, 64=0.0%, >=64=0.0%
     complete  : 0=0.0%, 4=100.0%, 8=0.0%, 16=0.0%, 32=0.0%, 64=0.0%, >=64=0.0%
     issued rwts: total=168000,0,0,0 short=0,0,0,0 dropped=0,0,0,0
     latency   : target=0, window=0, percentile=100.00%, depth=1

Run status group 0 (all jobs):
   READ: bw=27.2MiB/s (28.5MB/s), 27.2MiB/s-27.2MiB/s (28.5MB/s-28.5MB/s), io=656MiB (688MB), run=24141-24141msec
