create: (g=0): rw=read, bs=(R) 4096B-4096B, (W) 4096B-4096B, (T) 4096B-4096B, ioengine=filecreate, iodepth=1
...
fio-3.41
Starting 4 threads

create: (groupid=0, jobs=4): err= 0: pid=732402: Sat Mar 14 12:13:31 2026
  read: IOPS=8097, BW=31.6MiB/s (33.2MB/s)(125MiB/3952msec)
    clat (usec): min=35, max=42923, avg=65.11, stdev=305.99
    clat percentiles (usec):
     |  1.00th=[   40],  5.00th=[   43], 10.00th=[   45], 20.00th=[   47],
     | 30.00th=[   48], 40.00th=[   49], 50.00th=[   50], 60.00th=[   57],
     | 70.00th=[   68], 80.00th=[   82], 90.00th=[   96], 95.00th=[  113],
     | 99.00th=[  145], 99.50th=[  159], 99.90th=[  225], 99.95th=[  363],
     | 99.99th=[  807]
   bw (  KiB/s): min=16026, max=64184, per=100.00%, avg=33775.09, stdev=3986.77, samples=26
   iops        : min= 4005, max=16048, avg=8443.80, stdev=996.97, samples=26
  cpu          : usr=72.91%, sys=5.98%, ctx=141375, majf=0, minf=0
  IO depths    : 1=100.0%, 2=0.0%, 4=0.0%, 8=0.0%, 16=0.0%, 32=0.0%, >=64=0.0%
     submit    : 0=0.0%, 4=100.0%, 8=0.0%, 16=0.0%, 32=0.0%, 64=0.0%, >=64=0.0%
     complete  : 0=0.0%, 4=100.0%, 8=0.0%, 16=0.0%, 32=0.0%, 64=0.0%, >=64=0.0%
     issued rwts: total=32000,0,0,0 short=0,0,0,0 dropped=0,0,0,0
     latency   : target=0, window=0, percentile=100.00%, depth=1

Run status group 0 (all jobs):
   READ: bw=31.6MiB/s (33.2MB/s), 31.6MiB/s-31.6MiB/s (33.2MB/s-33.2MB/s), io=125MiB (131MB), run=3952-3952msec
