create: (g=0): rw=read, bs=(R) 4096B-4096B, (W) 4096B-4096B, (T) 4096B-4096B, ioengine=filecreate, iodepth=1
...
fio-3.41
Starting 26 threads

create: (groupid=0, jobs=26): err= 0: pid=781112: Sat Mar 14 15:06:24 2026
  read: IOPS=6188, BW=24.2MiB/s (25.3MB/s)(813MiB/33613msec)
    clat (usec): min=41, max=60467, avg=3643.18, stdev=2361.70
    clat percentiles (usec):
     |  1.00th=[   55],  5.00th=[   72], 10.00th=[  102], 20.00th=[ 2507],
     | 30.00th=[ 3392], 40.00th=[ 3785], 50.00th=[ 4146], 60.00th=[ 4490],
     | 70.00th=[ 4752], 80.00th=[ 5080], 90.00th=[ 5473], 95.00th=[ 5866],
     | 99.00th=[ 6259], 99.50th=[ 6456], 99.90th=[31327], 99.95th=[46400],
     | 99.99th=[54789]
   bw (  KiB/s): min=16902, max=31288, per=100.00%, avg=24920.11, stdev=111.36, samples=1723
   iops        : min= 4220, max= 7822, avg=6229.94, stdev=27.85, samples=1723
  cpu          : usr=10.98%, sys=1.79%, ctx=1092905, majf=0, minf=0
  IO depths    : 1=100.0%, 2=0.0%, 4=0.0%, 8=0.0%, 16=0.0%, 32=0.0%, >=64=0.0%
     submit    : 0=0.0%, 4=100.0%, 8=0.0%, 16=0.0%, 32=0.0%, 64=0.0%, >=64=0.0%
     complete  : 0=0.0%, 4=100.0%, 8=0.0%, 16=0.0%, 32=0.0%, 64=0.0%, >=64=0.0%
     issued rwts: total=208000,0,0,0 short=0,0,0,0 dropped=0,0,0,0
     latency   : target=0, window=0, percentile=100.00%, depth=1

Run status group 0 (all jobs):
   READ: bw=24.2MiB/s (25.3MB/s), 24.2MiB/s-24.2MiB/s (25.3MB/s-25.3MB/s), io=813MiB (852MB), run=33613-33613msec
