create: (g=0): rw=read, bs=(R) 4096B-4096B, (W) 4096B-4096B, (T) 4096B-4096B, ioengine=filecreate, iodepth=1
...
fio-3.41
Starting 15 threads

create: (groupid=0, jobs=15): err= 0: pid=720451: Sat Mar 14 11:52:11 2026
  read: IOPS=8752, BW=34.2MiB/s (35.9MB/s)(469MiB/13710msec)
    clat (usec): min=38, max=54075, avg=1227.46, stdev=1119.42
    clat percentiles (usec):
     |  1.00th=[   49],  5.00th=[   51], 10.00th=[   55], 20.00th=[   67],
     | 30.00th=[  137], 40.00th=[ 1352], 50.00th=[ 1532], 60.00th=[ 1680],
     | 70.00th=[ 1811], 80.00th=[ 1958], 90.00th=[ 2114], 95.00th=[ 2212],
     | 99.00th=[ 2376], 99.50th=[ 2474], 99.90th=[ 2769], 99.95th=[ 5276],
     | 99.99th=[53740]
   bw (  KiB/s): min=25100, max=49672, per=100.00%, avg=35243.87, stdev=304.41, samples=401
   iops        : min= 6272, max=12418, avg=8810.83, stdev=76.12, samples=401
  cpu          : usr=23.34%, sys=2.89%, ctx=619598, majf=0, minf=0
  IO depths    : 1=100.0%, 2=0.0%, 4=0.0%, 8=0.0%, 16=0.0%, 32=0.0%, >=64=0.0%
     submit    : 0=0.0%, 4=100.0%, 8=0.0%, 16=0.0%, 32=0.0%, 64=0.0%, >=64=0.0%
     complete  : 0=0.0%, 4=100.0%, 8=0.0%, 16=0.0%, 32=0.0%, 64=0.0%, >=64=0.0%
     issued rwts: total=120000,0,0,0 short=0,0,0,0 dropped=0,0,0,0
     latency   : target=0, window=0, percentile=100.00%, depth=1

Run status group 0 (all jobs):
   READ: bw=34.2MiB/s (35.9MB/s), 34.2MiB/s-34.2MiB/s (35.9MB/s-35.9MB/s), io=469MiB (492MB), run=13710-13710msec
