create: (g=0): rw=read, bs=(R) 4096B-4096B, (W) 4096B-4096B, (T) 4096B-4096B, ioengine=filecreate, iodepth=1
...
fio-3.41
Starting 30 threads

create: (groupid=0, jobs=30): err= 0: pid=805581: Sat Mar 14 15:32:41 2026
  read: IOPS=5963, BW=23.3MiB/s (24.4MB/s)(938MiB/40244msec)
    clat (usec): min=42, max=58143, avg=4472.72, stdev=2700.47
    clat percentiles (usec):
     |  1.00th=[   57],  5.00th=[   79], 10.00th=[  110], 20.00th=[ 3589],
     | 30.00th=[ 4359], 40.00th=[ 4686], 50.00th=[ 5014], 60.00th=[ 5342],
     | 70.00th=[ 5800], 80.00th=[ 6259], 90.00th=[ 6652], 95.00th=[ 6915],
     | 99.00th=[ 7439], 99.50th=[ 7767], 99.90th=[42206], 99.95th=[45351],
     | 99.99th=[54789]
   bw (  KiB/s): min=16042, max=29736, per=100.00%, avg=23954.74, stdev=93.80, samples=2383
   iops        : min= 4008, max= 7434, avg=5988.68, stdev=23.45, samples=2383
  cpu          : usr=9.06%, sys=1.63%, ctx=1260582, majf=0, minf=0
  IO depths    : 1=100.0%, 2=0.0%, 4=0.0%, 8=0.0%, 16=0.0%, 32=0.0%, >=64=0.0%
     submit    : 0=0.0%, 4=100.0%, 8=0.0%, 16=0.0%, 32=0.0%, 64=0.0%, >=64=0.0%
     complete  : 0=0.0%, 4=100.0%, 8=0.0%, 16=0.0%, 32=0.0%, 64=0.0%, >=64=0.0%
     issued rwts: total=240000,0,0,0 short=0,0,0,0 dropped=0,0,0,0
     latency   : target=0, window=0, percentile=100.00%, depth=1

Run status group 0 (all jobs):
   READ: bw=23.3MiB/s (24.4MB/s), 23.3MiB/s-23.3MiB/s (24.4MB/s-24.4MB/s), io=938MiB (983MB), run=40244-40244msec
