create: (g=0): rw=read, bs=(R) 4096B-4096B, (W) 4096B-4096B, (T) 4096B-4096B, ioengine=filecreate, iodepth=1
...
fio-3.41
Starting 11 threads

create: (groupid=0, jobs=11): err= 0: pid=733295: Sat Mar 14 12:14:32 2026
  read: IOPS=12.7k, BW=49.5MiB/s (51.9MB/s)(344MiB/6948msec)
    clat (usec): min=33, max=55171, avg=115.47, stdev=508.68
    clat percentiles (usec):
     |  1.00th=[   41],  5.00th=[   46], 10.00th=[   48], 20.00th=[   49],
     | 30.00th=[   52], 40.00th=[   64], 50.00th=[   83], 60.00th=[   96],
     | 70.00th=[  120], 80.00th=[  147], 90.00th=[  192], 95.00th=[  239],
     | 99.00th=[  660], 99.50th=[  832], 99.90th=[ 1172], 99.95th=[ 1614],
     | 99.99th=[41157]
   bw (  KiB/s): min=28234, max=136150, per=100.00%, avg=64155.73, stdev=2908.22, samples=110
   iops        : min= 7054, max=34036, avg=16038.25, stdev=727.06, samples=110
  cpu          : usr=72.62%, sys=4.37%, ctx=423362, majf=0, minf=0
  IO depths    : 1=100.0%, 2=0.0%, 4=0.0%, 8=0.0%, 16=0.0%, 32=0.0%, >=64=0.0%
     submit    : 0=0.0%, 4=100.0%, 8=0.0%, 16=0.0%, 32=0.0%, 64=0.0%, >=64=0.0%
     complete  : 0=0.0%, 4=100.0%, 8=0.0%, 16=0.0%, 32=0.0%, 64=0.0%, >=64=0.0%
     issued rwts: total=88000,0,0,0 short=0,0,0,0 dropped=0,0,0,0
     latency   : target=0, window=0, percentile=100.00%, depth=1

Run status group 0 (all jobs):
   READ: bw=49.5MiB/s (51.9MB/s), 49.5MiB/s-49.5MiB/s (51.9MB/s-51.9MB/s), io=344MiB (360MB), run=6948-6948msec
