create: (g=0): rw=read, bs=(R) 4096B-4096B, (W) 4096B-4096B, (T) 4096B-4096B, ioengine=filecreate, iodepth=1
...
fio-3.41
Starting 20 threads

create: (groupid=0, jobs=20): err= 0: pid=747619: Sat Mar 14 13:05:02 2026
  read: IOPS=7132, BW=27.9MiB/s (29.2MB/s)(625MiB/22433msec)
    clat (usec): min=39, max=55286, avg=2328.09, stdev=1756.31
    clat percentiles (usec):
     |  1.00th=[   52],  5.00th=[   59], 10.00th=[   73], 20.00th=[  153],
     | 30.00th=[ 2147], 40.00th=[ 2409], 50.00th=[ 2638], 60.00th=[ 2835],
     | 70.00th=[ 3064], 80.00th=[ 3294], 90.00th=[ 3556], 95.00th=[ 3785],
     | 99.00th=[ 4113], 99.50th=[ 4228], 99.90th=[12518], 99.95th=[44827],
     | 99.99th=[52167]
   bw (  KiB/s): min=18702, max=33672, per=100.00%, avg=28629.03, stdev=151.21, samples=878
   iops        : min= 4674, max= 8418, avg=7157.22, stdev=37.81, samples=878
  cpu          : usr=14.12%, sys=2.24%, ctx=839346, majf=0, minf=0
  IO depths    : 1=100.0%, 2=0.0%, 4=0.0%, 8=0.0%, 16=0.0%, 32=0.0%, >=64=0.0%
     submit    : 0=0.0%, 4=100.0%, 8=0.0%, 16=0.0%, 32=0.0%, 64=0.0%, >=64=0.0%
     complete  : 0=0.0%, 4=100.0%, 8=0.0%, 16=0.0%, 32=0.0%, 64=0.0%, >=64=0.0%
     issued rwts: total=160000,0,0,0 short=0,0,0,0 dropped=0,0,0,0
     latency   : target=0, window=0, percentile=100.00%, depth=1

Run status group 0 (all jobs):
   READ: bw=27.9MiB/s (29.2MB/s), 27.9MiB/s-27.9MiB/s (29.2MB/s-29.2MB/s), io=625MiB (655MB), run=22433-22433msec
