create: (g=0): rw=read, bs=(R) 4096B-4096B, (W) 4096B-4096B, (T) 4096B-4096B, ioengine=filecreate, iodepth=1
...
fio-3.41
Starting 10 threads

create: (groupid=0, jobs=10): err= 0: pid=772193: Sat Mar 14 14:36:18 2026
  read: IOPS=14.0k, BW=54.5MiB/s (57.1MB/s)(313MiB/5734msec)
    clat (usec): min=37, max=52672, avg=100.35, stdev=433.70
    clat percentiles (usec):
     |  1.00th=[   46],  5.00th=[   47], 10.00th=[   48], 20.00th=[   50],
     | 30.00th=[   55], 40.00th=[   67], 50.00th=[   81], 60.00th=[   92],
     | 70.00th=[  109], 80.00th=[  133], 90.00th=[  167], 95.00th=[  198],
     | 99.00th=[  269], 99.50th=[  322], 99.90th=[ 1090], 99.95th=[ 1450],
     | 99.99th=[ 3720]
   bw (  KiB/s): min=24799, max=139344, per=100.00%, avg=65405.73, stdev=3391.09, samples=92
   iops        : min= 6197, max=34836, avg=16351.15, stdev=847.80, samples=92
  cpu          : usr=70.89%, sys=4.84%, ctx=386292, majf=0, minf=0
  IO depths    : 1=100.0%, 2=0.0%, 4=0.0%, 8=0.0%, 16=0.0%, 32=0.0%, >=64=0.0%
     submit    : 0=0.0%, 4=100.0%, 8=0.0%, 16=0.0%, 32=0.0%, 64=0.0%, >=64=0.0%
     complete  : 0=0.0%, 4=100.0%, 8=0.0%, 16=0.0%, 32=0.0%, 64=0.0%, >=64=0.0%
     issued rwts: total=80000,0,0,0 short=0,0,0,0 dropped=0,0,0,0
     latency   : target=0, window=0, percentile=100.00%, depth=1

Run status group 0 (all jobs):
   READ: bw=54.5MiB/s (57.1MB/s), 54.5MiB/s-54.5MiB/s (57.1MB/s-57.1MB/s), io=313MiB (328MB), run=5734-5734msec
