create: (g=0): rw=read, bs=(R) 4096B-4096B, (W) 4096B-4096B, (T) 4096B-4096B, ioengine=filecreate, iodepth=1
...
fio-3.41
Starting 27 threads

create: (groupid=0, jobs=27): err= 0: pid=761765: Sat Mar 14 13:56:30 2026
  read: IOPS=6033, BW=23.6MiB/s (24.7MB/s)(844MiB/35800msec)
    clat (usec): min=41, max=62536, avg=3893.55, stdev=2461.01
    clat percentiles (usec):
     |  1.00th=[   56],  5.00th=[   75], 10.00th=[  106], 20.00th=[ 2671],
     | 30.00th=[ 3589], 40.00th=[ 3982], 50.00th=[ 4293], 60.00th=[ 4621],
     | 70.00th=[ 5276], 80.00th=[ 5669], 90.00th=[ 5932], 95.00th=[ 6128],
     | 99.00th=[ 6587], 99.50th=[ 6718], 99.90th=[21890], 99.95th=[45876],
     | 99.99th=[56361]
   bw (  KiB/s): min=18213, max=31672, per=100.00%, avg=24302.39, stdev=116.95, samples=1899
   iops        : min= 4552, max= 7918, avg=6075.48, stdev=29.24, samples=1899
  cpu          : usr=10.54%, sys=1.80%, ctx=1135153, majf=0, minf=0
  IO depths    : 1=100.0%, 2=0.0%, 4=0.0%, 8=0.0%, 16=0.0%, 32=0.0%, >=64=0.0%
     submit    : 0=0.0%, 4=100.0%, 8=0.0%, 16=0.0%, 32=0.0%, 64=0.0%, >=64=0.0%
     complete  : 0=0.0%, 4=100.0%, 8=0.0%, 16=0.0%, 32=0.0%, 64=0.0%, >=64=0.0%
     issued rwts: total=216000,0,0,0 short=0,0,0,0 dropped=0,0,0,0
     latency   : target=0, window=0, percentile=100.00%, depth=1

Run status group 0 (all jobs):
   READ: bw=23.6MiB/s (24.7MB/s), 23.6MiB/s-23.6MiB/s (24.7MB/s-24.7MB/s), io=844MiB (885MB), run=35800-35800msec
