create: (g=0): rw=read, bs=(R) 4096B-4096B, (W) 4096B-4096B, (T) 4096B-4096B, ioengine=filecreate, iodepth=1
...
fio-3.41
Starting 11 threads

create: (groupid=0, jobs=11): err= 0: pid=739787: Sat Mar 14 12:38:19 2026
  read: IOPS=11.4k, BW=44.5MiB/s (46.7MB/s)(344MiB/7725msec)
    clat (usec): min=36, max=45049, avg=316.98, stdev=603.52
    clat percentiles (usec):
     |  1.00th=[   42],  5.00th=[   47], 10.00th=[   48], 20.00th=[   51],
     | 30.00th=[   59], 40.00th=[   77], 50.00th=[   96], 60.00th=[  131],
     | 70.00th=[  192], 80.00th=[  783], 90.00th=[ 1029], 95.00th=[ 1156],
     | 99.00th=[ 1319], 99.50th=[ 1385], 99.90th=[ 1565], 99.95th=[ 2638],
     | 99.99th=[31327]
   bw (  KiB/s): min=29337, max=109920, per=100.00%, avg=56158.44, stdev=1881.56, samples=135
   iops        : min= 7332, max=27480, avg=14039.44, stdev=470.41, samples=135
  cpu          : usr=53.00%, sys=4.39%, ctx=432709, majf=0, minf=0
  IO depths    : 1=100.0%, 2=0.0%, 4=0.0%, 8=0.0%, 16=0.0%, 32=0.0%, >=64=0.0%
     submit    : 0=0.0%, 4=100.0%, 8=0.0%, 16=0.0%, 32=0.0%, 64=0.0%, >=64=0.0%
     complete  : 0=0.0%, 4=100.0%, 8=0.0%, 16=0.0%, 32=0.0%, 64=0.0%, >=64=0.0%
     issued rwts: total=88000,0,0,0 short=0,0,0,0 dropped=0,0,0,0
     latency   : target=0, window=0, percentile=100.00%, depth=1

Run status group 0 (all jobs):
   READ: bw=44.5MiB/s (46.7MB/s), 44.5MiB/s-44.5MiB/s (46.7MB/s-46.7MB/s), io=344MiB (360MB), run=7725-7725msec
