create: (g=0): rw=read, bs=(R) 4096B-4096B, (W) 4096B-4096B, (T) 4096B-4096B, ioengine=filecreate, iodepth=1
...
fio-3.41
Starting 52 threads

create: (groupid=0, jobs=52): err= 0: pid=737624: Sat Mar 14 12:31:53 2026
  read: IOPS=5764, BW=22.5MiB/s (23.6MB/s)(1625MiB/72167msec)
    clat (usec): min=43, max=95087, avg=8112.53, stdev=3982.32
    clat percentiles (usec):
     |  1.00th=[   71],  5.00th=[  102], 10.00th=[  128], 20.00th=[ 7635],
     | 30.00th=[ 8225], 40.00th=[ 8586], 50.00th=[ 9110], 60.00th=[ 9503],
     | 70.00th=[10028], 80.00th=[10552], 90.00th=[11076], 95.00th=[11469],
     | 99.00th=[12125], 99.50th=[12387], 99.90th=[35390], 99.95th=[47449],
     | 99.99th=[94897]
   bw (  KiB/s): min=15952, max=37834, per=100.00%, avg=23170.47, stdev=53.02, samples=7427
   iops        : min= 3988, max= 9453, avg=5792.54, stdev=13.25, samples=7427
  cpu          : usr=8.51%, sys=1.00%, ctx=2200382, majf=0, minf=0
  IO depths    : 1=100.0%, 2=0.0%, 4=0.0%, 8=0.0%, 16=0.0%, 32=0.0%, >=64=0.0%
     submit    : 0=0.0%, 4=100.0%, 8=0.0%, 16=0.0%, 32=0.0%, 64=0.0%, >=64=0.0%
     complete  : 0=0.0%, 4=100.0%, 8=0.0%, 16=0.0%, 32=0.0%, 64=0.0%, >=64=0.0%
     issued rwts: total=416000,0,0,0 short=0,0,0,0 dropped=0,0,0,0
     latency   : target=0, window=0, percentile=100.00%, depth=1

Run status group 0 (all jobs):
   READ: bw=22.5MiB/s (23.6MB/s), 22.5MiB/s-22.5MiB/s (23.6MB/s-23.6MB/s), io=1625MiB (1704MB), run=72167-72167msec
