create: (g=0): rw=read, bs=(R) 4096B-4096B, (W) 4096B-4096B, (T) 4096B-4096B, ioengine=filecreate, iodepth=1
...
fio-3.41
Starting 6 threads

create: (groupid=0, jobs=6): err= 0: pid=771683: Sat Mar 14 14:35:41 2026
  read: IOPS=11.9k, BW=46.3MiB/s (48.6MB/s)(188MiB/4049msec)
    clat (usec): min=37, max=49956, avg=81.43, stdev=483.72
    clat percentiles (usec):
     |  1.00th=[   43],  5.00th=[   45], 10.00th=[   47], 20.00th=[   48],
     | 30.00th=[   50], 40.00th=[   52], 50.00th=[   61], 60.00th=[   73],
     | 70.00th=[   87], 80.00th=[  101], 90.00th=[  133], 95.00th=[  149],
     | 99.00th=[  194], 99.50th=[  208], 99.90th=[  562], 99.95th=[  758],
     | 99.99th=[41681]
   bw (  KiB/s): min=22232, max=76952, per=97.92%, avg=46431.12, stdev=2927.12, samples=37
   iops        : min= 5558, max=19238, avg=11607.78, stdev=731.78, samples=37
  cpu          : usr=66.37%, sys=6.20%, ctx=221757, majf=0, minf=0
  IO depths    : 1=100.0%, 2=0.0%, 4=0.0%, 8=0.0%, 16=0.0%, 32=0.0%, >=64=0.0%
     submit    : 0=0.0%, 4=100.0%, 8=0.0%, 16=0.0%, 32=0.0%, 64=0.0%, >=64=0.0%
     complete  : 0=0.0%, 4=100.0%, 8=0.0%, 16=0.0%, 32=0.0%, 64=0.0%, >=64=0.0%
     issued rwts: total=48000,0,0,0 short=0,0,0,0 dropped=0,0,0,0
     latency   : target=0, window=0, percentile=100.00%, depth=1

Run status group 0 (all jobs):
   READ: bw=46.3MiB/s (48.6MB/s), 46.3MiB/s-46.3MiB/s (48.6MB/s-48.6MB/s), io=188MiB (197MB), run=4049-4049msec
