create: (g=0): rw=read, bs=(R) 4096B-4096B, (W) 4096B-4096B, (T) 4096B-4096B, ioengine=filecreate, iodepth=1
...
fio-3.41
Starting 22 threads

create: (groupid=0, jobs=22): err= 0: pid=760945: Sat Mar 14 13:53:16 2026
  read: IOPS=6654, BW=26.0MiB/s (27.3MB/s)(688MiB/26450msec)
    clat (usec): min=39, max=69900, avg=2793.21, stdev=2109.32
    clat percentiles (usec):
     |  1.00th=[   52],  5.00th=[   62], 10.00th=[   79], 20.00th=[  153],
     | 30.00th=[ 2507], 40.00th=[ 2802], 50.00th=[ 3032], 60.00th=[ 3261],
     | 70.00th=[ 3523], 80.00th=[ 4047], 90.00th=[ 4621], 95.00th=[ 4883],
     | 99.00th=[ 5276], 99.50th=[ 5407], 99.90th=[15270], 99.95th=[46400],
     | 99.99th=[52691]
   bw (  KiB/s): min=18916, max=32784, per=100.00%, avg=26746.41, stdev=168.10, samples=1140
   iops        : min= 4728, max= 8196, avg=6686.51, stdev=42.03, samples=1140
  cpu          : usr=12.77%, sys=2.11%, ctx=924719, majf=0, minf=0
  IO depths    : 1=100.0%, 2=0.0%, 4=0.0%, 8=0.0%, 16=0.0%, 32=0.0%, >=64=0.0%
     submit    : 0=0.0%, 4=100.0%, 8=0.0%, 16=0.0%, 32=0.0%, 64=0.0%, >=64=0.0%
     complete  : 0=0.0%, 4=100.0%, 8=0.0%, 16=0.0%, 32=0.0%, 64=0.0%, >=64=0.0%
     issued rwts: total=176000,0,0,0 short=0,0,0,0 dropped=0,0,0,0
     latency   : target=0, window=0, percentile=100.00%, depth=1

Run status group 0 (all jobs):
   READ: bw=26.0MiB/s (27.3MB/s), 26.0MiB/s-26.0MiB/s (27.3MB/s-27.3MB/s), io=688MiB (721MB), run=26450-26450msec
