create: (g=0): rw=read, bs=(R) 4096B-4096B, (W) 4096B-4096B, (T) 4096B-4096B, ioengine=filecreate, iodepth=1
...
fio-3.41
Starting 36 threads

create: (groupid=0, jobs=36): err= 0: pid=807910: Sat Mar 14 15:35:21 2026
  read: IOPS=5983, BW=23.4MiB/s (24.5MB/s)(1125MiB/48135msec)
    clat (usec): min=41, max=55755, avg=5412.44, stdev=3021.71
    clat percentiles (usec):
     |  1.00th=[   59],  5.00th=[   83], 10.00th=[  113], 20.00th=[ 4621],
     | 30.00th=[ 5342], 40.00th=[ 5735], 50.00th=[ 6128], 60.00th=[ 6521],
     | 70.00th=[ 6915], 80.00th=[ 7439], 90.00th=[ 7898], 95.00th=[ 8225],
     | 99.00th=[ 8848], 99.50th=[ 9372], 99.90th=[30278], 99.95th=[45351],
     | 99.99th=[55313]
   bw (  KiB/s): min=18562, max=32205, per=100.00%, avg=24049.78, stdev=73.91, samples=3424
   iops        : min= 4639, max= 8050, avg=6012.37, stdev=18.48, samples=3424
  cpu          : usr=8.39%, sys=1.37%, ctx=1514890, majf=0, minf=0
  IO depths    : 1=100.0%, 2=0.0%, 4=0.0%, 8=0.0%, 16=0.0%, 32=0.0%, >=64=0.0%
     submit    : 0=0.0%, 4=100.0%, 8=0.0%, 16=0.0%, 32=0.0%, 64=0.0%, >=64=0.0%
     complete  : 0=0.0%, 4=100.0%, 8=0.0%, 16=0.0%, 32=0.0%, 64=0.0%, >=64=0.0%
     issued rwts: total=288000,0,0,0 short=0,0,0,0 dropped=0,0,0,0
     latency   : target=0, window=0, percentile=100.00%, depth=1

Run status group 0 (all jobs):
   READ: bw=23.4MiB/s (24.5MB/s), 23.4MiB/s-23.4MiB/s (24.5MB/s-24.5MB/s), io=1125MiB (1180MB), run=48135-48135msec
