create: (g=0): rw=read, bs=(R) 4096B-4096B, (W) 4096B-4096B, (T) 4096B-4096B, ioengine=filecreate, iodepth=1
...
fio-3.41
Starting 7 threads

create: (groupid=0, jobs=7): err= 0: pid=752303: Sat Mar 14 13:25:00 2026
  read: IOPS=7738, BW=30.2MiB/s (31.7MB/s)(219MiB/7237msec)
    clat (usec): min=34, max=29116, avg=71.29, stdev=237.43
    clat percentiles (usec):
     |  1.00th=[   42],  5.00th=[   45], 10.00th=[   46], 20.00th=[   48],
     | 30.00th=[   49], 40.00th=[   50], 50.00th=[   52], 60.00th=[   60],
     | 70.00th=[   73], 80.00th=[   88], 90.00th=[  112], 95.00th=[  139],
     | 99.00th=[  198], 99.50th=[  225], 99.90th=[  578], 99.95th=[  906],
     | 99.99th=[ 2180]
   bw (  KiB/s): min=17573, max=90635, per=100.00%, avg=37753.13, stdev=2872.41, samples=78
   iops        : min= 4392, max=22658, avg=9438.14, stdev=718.07, samples=78
  cpu          : usr=82.42%, sys=4.08%, ctx=249632, majf=0, minf=0
  IO depths    : 1=100.0%, 2=0.0%, 4=0.0%, 8=0.0%, 16=0.0%, 32=0.0%, >=64=0.0%
     submit    : 0=0.0%, 4=100.0%, 8=0.0%, 16=0.0%, 32=0.0%, 64=0.0%, >=64=0.0%
     complete  : 0=0.0%, 4=100.0%, 8=0.0%, 16=0.0%, 32=0.0%, 64=0.0%, >=64=0.0%
     issued rwts: total=56000,0,0,0 short=0,0,0,0 dropped=0,0,0,0
     latency   : target=0, window=0, percentile=100.00%, depth=1

Run status group 0 (all jobs):
   READ: bw=30.2MiB/s (31.7MB/s), 30.2MiB/s-30.2MiB/s (31.7MB/s-31.7MB/s), io=219MiB (229MB), run=7237-7237msec
