create: (g=0): rw=read, bs=(R) 4096B-4096B, (W) 4096B-4096B, (T) 4096B-4096B, ioengine=filecreate, iodepth=1
...
fio-3.41
Starting 7 threads

create: (groupid=0, jobs=7): err= 0: pid=732769: Sat Mar 14 12:13:53 2026
  read: IOPS=8384, BW=32.8MiB/s (34.3MB/s)(219MiB/6679msec)
    clat (usec): min=36, max=32766, avg=71.20, stdev=227.85
    clat percentiles (usec):
     |  1.00th=[   44],  5.00th=[   46], 10.00th=[   47], 20.00th=[   48],
     | 30.00th=[   49], 40.00th=[   50], 50.00th=[   53], 60.00th=[   61],
     | 70.00th=[   75], 80.00th=[   91], 90.00th=[  115], 95.00th=[  135],
     | 99.00th=[  178], 99.50th=[  194], 99.90th=[  502], 99.95th=[  857],
     | 99.99th=[ 1598]
   bw (  KiB/s): min=18145, max=91520, per=100.00%, avg=38108.30, stdev=3094.61, samples=75
   iops        : min= 4534, max=22880, avg=9526.59, stdev=773.69, samples=75
  cpu          : usr=82.74%, sys=3.91%, ctx=250730, majf=0, minf=0
  IO depths    : 1=100.0%, 2=0.0%, 4=0.0%, 8=0.0%, 16=0.0%, 32=0.0%, >=64=0.0%
     submit    : 0=0.0%, 4=100.0%, 8=0.0%, 16=0.0%, 32=0.0%, 64=0.0%, >=64=0.0%
     complete  : 0=0.0%, 4=100.0%, 8=0.0%, 16=0.0%, 32=0.0%, 64=0.0%, >=64=0.0%
     issued rwts: total=56000,0,0,0 short=0,0,0,0 dropped=0,0,0,0
     latency   : target=0, window=0, percentile=100.00%, depth=1

Run status group 0 (all jobs):
   READ: bw=32.8MiB/s (34.3MB/s), 32.8MiB/s-32.8MiB/s (34.3MB/s-34.3MB/s), io=219MiB (229MB), run=6679-6679msec
