create: (g=0): rw=read, bs=(R) 4096B-4096B, (W) 4096B-4096B, (T) 4096B-4096B, ioengine=filecreate, iodepth=1
...
fio-3.41
Starting 25 threads

create: (groupid=0, jobs=25): err= 0: pid=774438: Sat Mar 14 14:42:13 2026
  read: IOPS=6298, BW=24.6MiB/s (25.8MB/s)(781MiB/31752msec)
    clat (usec): min=40, max=55091, avg=3442.52, stdev=2262.15
    clat percentiles (usec):
     |  1.00th=[   54],  5.00th=[   71], 10.00th=[   97], 20.00th=[ 2376],
     | 30.00th=[ 3163], 40.00th=[ 3523], 50.00th=[ 3916], 60.00th=[ 4228],
     | 70.00th=[ 4555], 80.00th=[ 4817], 90.00th=[ 5145], 95.00th=[ 5473],
     | 99.00th=[ 5932], 99.50th=[ 6063], 99.90th=[34341], 99.95th=[43779],
     | 99.99th=[54264]
   bw (  KiB/s): min=18171, max=31792, per=100.00%, avg=25316.55, stdev=120.90, samples=1565
   iops        : min= 4538, max= 7948, avg=6329.04, stdev=30.23, samples=1565
  cpu          : usr=10.95%, sys=1.93%, ctx=1050392, majf=0, minf=0
  IO depths    : 1=100.0%, 2=0.0%, 4=0.0%, 8=0.0%, 16=0.0%, 32=0.0%, >=64=0.0%
     submit    : 0=0.0%, 4=100.0%, 8=0.0%, 16=0.0%, 32=0.0%, 64=0.0%, >=64=0.0%
     complete  : 0=0.0%, 4=100.0%, 8=0.0%, 16=0.0%, 32=0.0%, 64=0.0%, >=64=0.0%
     issued rwts: total=200000,0,0,0 short=0,0,0,0 dropped=0,0,0,0
     latency   : target=0, window=0, percentile=100.00%, depth=1

Run status group 0 (all jobs):
   READ: bw=24.6MiB/s (25.8MB/s), 24.6MiB/s-24.6MiB/s (25.8MB/s-25.8MB/s), io=781MiB (819MB), run=31752-31752msec
