create: (g=0): rw=read, bs=(R) 4096B-4096B, (W) 4096B-4096B, (T) 4096B-4096B, ioengine=filecreate, iodepth=1
...
fio-3.41
Starting 7 threads

create: (groupid=0, jobs=7): err= 0: pid=778320: Sat Mar 14 14:59:20 2026
  read: IOPS=7387, BW=28.9MiB/s (30.3MB/s)(219MiB/7580msec)
    clat (usec): min=36, max=55464, avg=69.95, stdev=378.92
    clat percentiles (usec):
     |  1.00th=[   40],  5.00th=[   43], 10.00th=[   46], 20.00th=[   48],
     | 30.00th=[   49], 40.00th=[   50], 50.00th=[   52], 60.00th=[   58],
     | 70.00th=[   70], 80.00th=[   87], 90.00th=[  104], 95.00th=[  128],
     | 99.00th=[  174], 99.50th=[  196], 99.90th=[  693], 99.95th=[ 1123],
     | 99.99th=[ 3163]
   bw (  KiB/s): min=15243, max=88552, per=100.00%, avg=35188.16, stdev=2872.07, samples=80
   iops        : min= 3810, max=22138, avg=8796.67, stdev=718.05, samples=80
  cpu          : usr=81.02%, sys=3.80%, ctx=247690, majf=0, minf=0
  IO depths    : 1=100.0%, 2=0.0%, 4=0.0%, 8=0.0%, 16=0.0%, 32=0.0%, >=64=0.0%
     submit    : 0=0.0%, 4=100.0%, 8=0.0%, 16=0.0%, 32=0.0%, 64=0.0%, >=64=0.0%
     complete  : 0=0.0%, 4=100.0%, 8=0.0%, 16=0.0%, 32=0.0%, 64=0.0%, >=64=0.0%
     issued rwts: total=56000,0,0,0 short=0,0,0,0 dropped=0,0,0,0
     latency   : target=0, window=0, percentile=100.00%, depth=1

Run status group 0 (all jobs):
   READ: bw=28.9MiB/s (30.3MB/s), 28.9MiB/s-28.9MiB/s (30.3MB/s-30.3MB/s), io=219MiB (229MB), run=7580-7580msec
