create: (g=0): rw=read, bs=(R) 4096B-4096B, (W) 4096B-4096B, (T) 4096B-4096B, ioengine=filecreate, iodepth=1
...
fio-3.41
Starting 7 threads

create: (groupid=0, jobs=7): err= 0: pid=739271: Sat Mar 14 12:37:40 2026
  read: IOPS=8065, BW=31.5MiB/s (33.0MB/s)(219MiB/6943msec)
    clat (usec): min=35, max=42044, avg=73.51, stdev=271.18
    clat percentiles (usec):
     |  1.00th=[   42],  5.00th=[   46], 10.00th=[   47], 20.00th=[   48],
     | 30.00th=[   49], 40.00th=[   51], 50.00th=[   53], 60.00th=[   61],
     | 70.00th=[   73], 80.00th=[   89], 90.00th=[  118], 95.00th=[  149],
     | 99.00th=[  219], 99.50th=[  243], 99.90th=[  603], 99.95th=[  906],
     | 99.99th=[ 1680]
   bw (  KiB/s): min=16859, max=88624, per=100.00%, avg=36791.75, stdev=2911.46, samples=77
   iops        : min= 4214, max=22156, avg=9197.79, stdev=727.88, samples=77
  cpu          : usr=82.04%, sys=4.04%, ctx=250303, majf=0, minf=0
  IO depths    : 1=100.0%, 2=0.0%, 4=0.0%, 8=0.0%, 16=0.0%, 32=0.0%, >=64=0.0%
     submit    : 0=0.0%, 4=100.0%, 8=0.0%, 16=0.0%, 32=0.0%, 64=0.0%, >=64=0.0%
     complete  : 0=0.0%, 4=100.0%, 8=0.0%, 16=0.0%, 32=0.0%, 64=0.0%, >=64=0.0%
     issued rwts: total=56000,0,0,0 short=0,0,0,0 dropped=0,0,0,0
     latency   : target=0, window=0, percentile=100.00%, depth=1

Run status group 0 (all jobs):
   READ: bw=31.5MiB/s (33.0MB/s), 31.5MiB/s-31.5MiB/s (33.0MB/s-33.0MB/s), io=219MiB (229MB), run=6943-6943msec
