create: (g=0): rw=read, bs=(R) 4096B-4096B, (W) 4096B-4096B, (T) 4096B-4096B, ioengine=filecreate, iodepth=1
...
fio-3.41
Starting 25 threads

create: (groupid=0, jobs=25): err= 0: pid=741890: Sat Mar 14 12:44:08 2026
  read: IOPS=6212, BW=24.3MiB/s (25.4MB/s)(781MiB/32193msec)
    clat (usec): min=39, max=65649, avg=3488.31, stdev=2369.70
    clat percentiles (usec):
     |  1.00th=[   54],  5.00th=[   71], 10.00th=[   98], 20.00th=[ 2278],
     | 30.00th=[ 3195], 40.00th=[ 3523], 50.00th=[ 3818], 60.00th=[ 4146],
     | 70.00th=[ 4555], 80.00th=[ 5080], 90.00th=[ 5473], 95.00th=[ 5669],
     | 99.00th=[ 6063], 99.50th=[ 6259], 99.90th=[26870], 99.95th=[47449],
     | 99.99th=[64750]
   bw (  KiB/s): min=17645, max=31608, per=100.00%, avg=24985.88, stdev=134.00, samples=1583
   iops        : min= 4408, max= 7902, avg=6246.27, stdev=33.51, samples=1583
  cpu          : usr=11.10%, sys=1.86%, ctx=1050945, majf=0, minf=0
  IO depths    : 1=100.0%, 2=0.0%, 4=0.0%, 8=0.0%, 16=0.0%, 32=0.0%, >=64=0.0%
     submit    : 0=0.0%, 4=100.0%, 8=0.0%, 16=0.0%, 32=0.0%, 64=0.0%, >=64=0.0%
     complete  : 0=0.0%, 4=100.0%, 8=0.0%, 16=0.0%, 32=0.0%, 64=0.0%, >=64=0.0%
     issued rwts: total=200000,0,0,0 short=0,0,0,0 dropped=0,0,0,0
     latency   : target=0, window=0, percentile=100.00%, depth=1

Run status group 0 (all jobs):
   READ: bw=24.3MiB/s (25.4MB/s), 24.3MiB/s-24.3MiB/s (25.4MB/s-25.4MB/s), io=781MiB (819MB), run=32193-32193msec
