create: (g=0): rw=read, bs=(R) 4096B-4096B, (W) 4096B-4096B, (T) 4096B-4096B, ioengine=filecreate, iodepth=1
...
fio-3.41
Starting 6 threads

create: (groupid=0, jobs=6): err= 0: pid=758696: Sat Mar 14 13:48:31 2026
  read: IOPS=12.4k, BW=48.4MiB/s (50.8MB/s)(188MiB/3871msec)
    clat (usec): min=35, max=43309, avg=80.80, stdev=264.18
    clat percentiles (usec):
     |  1.00th=[   44],  5.00th=[   47], 10.00th=[   48], 20.00th=[   49],
     | 30.00th=[   51], 40.00th=[   55], 50.00th=[   67], 60.00th=[   80],
     | 70.00th=[   91], 80.00th=[  104], 90.00th=[  129], 95.00th=[  145],
     | 99.00th=[  188], 99.50th=[  208], 99.90th=[  537], 99.95th=[  906],
     | 99.99th=[ 2474]
   bw (  KiB/s): min=26592, max=84360, per=97.11%, avg=48165.64, stdev=3151.55, samples=39
   iops        : min= 6648, max=21090, avg=12041.41, stdev=787.89, samples=39
  cpu          : usr=70.45%, sys=6.39%, ctx=224870, majf=0, minf=0
  IO depths    : 1=100.0%, 2=0.0%, 4=0.0%, 8=0.0%, 16=0.0%, 32=0.0%, >=64=0.0%
     submit    : 0=0.0%, 4=100.0%, 8=0.0%, 16=0.0%, 32=0.0%, 64=0.0%, >=64=0.0%
     complete  : 0=0.0%, 4=100.0%, 8=0.0%, 16=0.0%, 32=0.0%, 64=0.0%, >=64=0.0%
     issued rwts: total=48000,0,0,0 short=0,0,0,0 dropped=0,0,0,0
     latency   : target=0, window=0, percentile=100.00%, depth=1

Run status group 0 (all jobs):
   READ: bw=48.4MiB/s (50.8MB/s), 48.4MiB/s-48.4MiB/s (50.8MB/s-50.8MB/s), io=188MiB (197MB), run=3871-3871msec
