create: (g=0): rw=read, bs=(R) 4096B-4096B, (W) 4096B-4096B, (T) 4096B-4096B, ioengine=filecreate, iodepth=1
...
fio-3.41
Starting 15 threads

create: (groupid=0, jobs=15): err= 0: pid=779397: Sat Mar 14 15:01:00 2026
  read: IOPS=8826, BW=34.5MiB/s (36.2MB/s)(469MiB/13595msec)
    clat (usec): min=38, max=52097, avg=1153.42, stdev=1055.37
    clat percentiles (usec):
     |  1.00th=[   48],  5.00th=[   51], 10.00th=[   54], 20.00th=[   65],
     | 30.00th=[  104], 40.00th=[ 1221], 50.00th=[ 1483], 60.00th=[ 1647],
     | 70.00th=[ 1778], 80.00th=[ 1909], 90.00th=[ 2057], 95.00th=[ 2147],
     | 99.00th=[ 2343], 99.50th=[ 2409], 99.90th=[ 2835], 99.95th=[ 7046],
     | 99.99th=[42206]
   bw (  KiB/s): min=22856, max=48904, per=100.00%, avg=35586.35, stdev=360.18, samples=385
   iops        : min= 5713, max=12226, avg=8896.52, stdev=90.06, samples=385
  cpu          : usr=25.65%, sys=2.97%, ctx=617691, majf=0, minf=0
  IO depths    : 1=100.0%, 2=0.0%, 4=0.0%, 8=0.0%, 16=0.0%, 32=0.0%, >=64=0.0%
     submit    : 0=0.0%, 4=100.0%, 8=0.0%, 16=0.0%, 32=0.0%, 64=0.0%, >=64=0.0%
     complete  : 0=0.0%, 4=100.0%, 8=0.0%, 16=0.0%, 32=0.0%, 64=0.0%, >=64=0.0%
     issued rwts: total=120000,0,0,0 short=0,0,0,0 dropped=0,0,0,0
     latency   : target=0, window=0, percentile=100.00%, depth=1

Run status group 0 (all jobs):
   READ: bw=34.5MiB/s (36.2MB/s), 34.5MiB/s-34.5MiB/s (36.2MB/s-36.2MB/s), io=469MiB (492MB), run=13595-13595msec
