create: (g=0): rw=read, bs=(R) 4096B-4096B, (W) 4096B-4096B, (T) 4096B-4096B, ioengine=filecreate, iodepth=1
...
fio-3.41
Starting 19 threads

create: (groupid=0, jobs=19): err= 0: pid=753966: Sat Mar 14 13:28:08 2026
  read: IOPS=7997, BW=31.2MiB/s (32.8MB/s)(594MiB/19005msec)
    clat (usec): min=40, max=60172, avg=1965.57, stdev=1554.45
    clat percentiles (usec):
     |  1.00th=[   51],  5.00th=[   55], 10.00th=[   61], 20.00th=[   91],
     | 30.00th=[ 1860], 40.00th=[ 2114], 50.00th=[ 2343], 60.00th=[ 2507],
     | 70.00th=[ 2638], 80.00th=[ 2802], 90.00th=[ 2966], 95.00th=[ 3097],
     | 99.00th=[ 3294], 99.50th=[ 3392], 99.90th=[12911], 99.95th=[29754],
     | 99.99th=[57934]
   bw (  KiB/s): min=22276, max=40896, per=100.00%, avg=32190.85, stdev=191.98, samples=703
   iops        : min= 5568, max=10224, avg=8047.67, stdev=48.00, samples=703
  cpu          : usr=14.26%, sys=2.32%, ctx=796404, majf=0, minf=0
  IO depths    : 1=100.0%, 2=0.0%, 4=0.0%, 8=0.0%, 16=0.0%, 32=0.0%, >=64=0.0%
     submit    : 0=0.0%, 4=100.0%, 8=0.0%, 16=0.0%, 32=0.0%, 64=0.0%, >=64=0.0%
     complete  : 0=0.0%, 4=100.0%, 8=0.0%, 16=0.0%, 32=0.0%, 64=0.0%, >=64=0.0%
     issued rwts: total=152000,0,0,0 short=0,0,0,0 dropped=0,0,0,0
     latency   : target=0, window=0, percentile=100.00%, depth=1

Run status group 0 (all jobs):
   READ: bw=31.2MiB/s (32.8MB/s), 31.2MiB/s-31.2MiB/s (32.8MB/s-32.8MB/s), io=594MiB (623MB), run=19005-19005msec
