create: (g=0): rw=read, bs=(R) 4096B-4096B, (W) 4096B-4096B, (T) 4096B-4096B, ioengine=filecreate, iodepth=1
...
fio-3.41
Starting 48 threads

create: (groupid=0, jobs=48): err= 0: pid=763438: Sat Mar 14 14:05:11 2026
  read: IOPS=5667, BW=22.1MiB/s (23.2MB/s)(1500MiB/67758msec)
    clat (usec): min=44, max=74239, avg=7495.51, stdev=3726.11
    clat percentiles (usec):
     |  1.00th=[   72],  5.00th=[  104], 10.00th=[  128], 20.00th=[ 6783],
     | 30.00th=[ 7439], 40.00th=[ 7963], 50.00th=[ 8586], 60.00th=[ 8979],
     | 70.00th=[ 9372], 80.00th=[ 9765], 90.00th=[10159], 95.00th=[10552],
     | 99.00th=[11076], 99.50th=[11338], 99.90th=[38536], 99.95th=[55313],
     | 99.99th=[73925]
   bw (  KiB/s): min=15213, max=37085, per=100.00%, avg=22906.85, stdev=57.83, samples=6392
   iops        : min= 3801, max= 9265, avg=5726.65, stdev=14.45, samples=6392
  cpu          : usr=9.35%, sys=1.09%, ctx=2029838, majf=0, minf=0
  IO depths    : 1=100.0%, 2=0.0%, 4=0.0%, 8=0.0%, 16=0.0%, 32=0.0%, >=64=0.0%
     submit    : 0=0.0%, 4=100.0%, 8=0.0%, 16=0.0%, 32=0.0%, 64=0.0%, >=64=0.0%
     complete  : 0=0.0%, 4=100.0%, 8=0.0%, 16=0.0%, 32=0.0%, 64=0.0%, >=64=0.0%
     issued rwts: total=384000,0,0,0 short=0,0,0,0 dropped=0,0,0,0
     latency   : target=0, window=0, percentile=100.00%, depth=1

Run status group 0 (all jobs):
   READ: bw=22.1MiB/s (23.2MB/s), 22.1MiB/s-22.1MiB/s (23.2MB/s-23.2MB/s), io=1500MiB (1573MB), run=67758-67758msec
