create: (g=0): rw=read, bs=(R) 4096B-4096B, (W) 4096B-4096B, (T) 4096B-4096B, ioengine=filecreate, iodepth=1
...
fio-3.41
Starting 32 threads

create: (groupid=0, jobs=32): err= 0: pid=807113: Sat Mar 14 15:34:24 2026
  read: IOPS=5902, BW=23.1MiB/s (24.2MB/s)(1000MiB/43371msec)
    clat (usec): min=39, max=61014, avg=4855.81, stdev=2897.02
    clat percentiles (usec):
     |  1.00th=[   58],  5.00th=[   82], 10.00th=[  111], 20.00th=[ 3982],
     | 30.00th=[ 4752], 40.00th=[ 5080], 50.00th=[ 5342], 60.00th=[ 5800],
     | 70.00th=[ 6390], 80.00th=[ 6783], 90.00th=[ 7177], 95.00th=[ 7439],
     | 99.00th=[ 7963], 99.50th=[ 8717], 99.90th=[32375], 99.95th=[52691],
     | 99.99th=[60556]
   bw (  KiB/s): min=13504, max=30032, per=100.00%, avg=23639.69, stdev=94.66, samples=2762
   iops        : min= 3376, max= 7508, avg=5909.84, stdev=23.67, samples=2762
  cpu          : usr=8.63%, sys=1.53%, ctx=1347044, majf=0, minf=0
  IO depths    : 1=100.0%, 2=0.0%, 4=0.0%, 8=0.0%, 16=0.0%, 32=0.0%, >=64=0.0%
     submit    : 0=0.0%, 4=100.0%, 8=0.0%, 16=0.0%, 32=0.0%, 64=0.0%, >=64=0.0%
     complete  : 0=0.0%, 4=100.0%, 8=0.0%, 16=0.0%, 32=0.0%, 64=0.0%, >=64=0.0%
     issued rwts: total=256000,0,0,0 short=0,0,0,0 dropped=0,0,0,0
     latency   : target=0, window=0, percentile=100.00%, depth=1

Run status group 0 (all jobs):
   READ: bw=23.1MiB/s (24.2MB/s), 23.1MiB/s-23.1MiB/s (24.2MB/s-24.2MB/s), io=1000MiB (1049MB), run=43371-43371msec
