create: (g=0): rw=read, bs=(R) 4096B-4096B, (W) 4096B-4096B, (T) 4096B-4096B, ioengine=filecreate, iodepth=1
...
fio-3.41
Starting 60 threads

create: (groupid=0, jobs=60): err= 0: pid=777166: Sat Mar 14 14:56:47 2026
  read: IOPS=5703, BW=22.3MiB/s (23.4MB/s)(1875MiB/84163msec)
    clat (usec): min=42, max=105433, avg=9526.94, stdev=4456.31
    clat percentiles (usec):
     |  1.00th=[    75],  5.00th=[   109], 10.00th=[   133], 20.00th=[  8979],
     | 30.00th=[  9634], 40.00th=[ 10028], 50.00th=[ 10683], 60.00th=[ 11207],
     | 70.00th=[ 11731], 80.00th=[ 12387], 90.00th=[ 12911], 95.00th=[ 13173],
     | 99.00th=[ 13698], 99.50th=[ 14091], 99.90th=[ 42730], 99.95th=[ 50070],
     | 99.99th=[104334]
   bw (  KiB/s): min=16157, max=32536, per=100.00%, avg=22873.88, stdev=39.28, samples=10011
   iops        : min= 4037, max= 8133, avg=5718.43, stdev= 9.82, samples=10011
  cpu          : usr=8.28%, sys=0.88%, ctx=2542171, majf=0, minf=0
  IO depths    : 1=100.0%, 2=0.0%, 4=0.0%, 8=0.0%, 16=0.0%, 32=0.0%, >=64=0.0%
     submit    : 0=0.0%, 4=100.0%, 8=0.0%, 16=0.0%, 32=0.0%, 64=0.0%, >=64=0.0%
     complete  : 0=0.0%, 4=100.0%, 8=0.0%, 16=0.0%, 32=0.0%, 64=0.0%, >=64=0.0%
     issued rwts: total=480000,0,0,0 short=0,0,0,0 dropped=0,0,0,0
     latency   : target=0, window=0, percentile=100.00%, depth=1

Run status group 0 (all jobs):
   READ: bw=22.3MiB/s (23.4MB/s), 22.3MiB/s-22.3MiB/s (23.4MB/s-23.4MB/s), io=1875MiB (1966MB), run=84163-84163msec
