create: (g=0): rw=read, bs=(R) 4096B-4096B, (W) 4096B-4096B, (T) 4096B-4096B, ioengine=filecreate, iodepth=1
...
fio-3.41
Starting 19 threads

create: (groupid=0, jobs=19): err= 0: pid=760480: Sat Mar 14 13:51:49 2026
  read: IOPS=7974, BW=31.1MiB/s (32.7MB/s)(594MiB/19061msec)
    clat (usec): min=39, max=50978, avg=1960.03, stdev=1471.82
    clat percentiles (usec):
     |  1.00th=[   51],  5.00th=[   55], 10.00th=[   60], 20.00th=[   88],
     | 30.00th=[ 1893], 40.00th=[ 2147], 50.00th=[ 2311], 60.00th=[ 2474],
     | 70.00th=[ 2638], 80.00th=[ 2802], 90.00th=[ 2966], 95.00th=[ 3097],
     | 99.00th=[ 3294], 99.50th=[ 3392], 99.90th=[12387], 99.95th=[23987],
     | 99.99th=[48497]
   bw (  KiB/s): min=23231, max=36472, per=100.00%, avg=32012.08, stdev=145.99, samples=703
   iops        : min= 5803, max= 9118, avg=8002.89, stdev=36.52, samples=703
  cpu          : usr=14.55%, sys=2.29%, ctx=795850, majf=0, minf=0
  IO depths    : 1=100.0%, 2=0.0%, 4=0.0%, 8=0.0%, 16=0.0%, 32=0.0%, >=64=0.0%
     submit    : 0=0.0%, 4=100.0%, 8=0.0%, 16=0.0%, 32=0.0%, 64=0.0%, >=64=0.0%
     complete  : 0=0.0%, 4=100.0%, 8=0.0%, 16=0.0%, 32=0.0%, 64=0.0%, >=64=0.0%
     issued rwts: total=152000,0,0,0 short=0,0,0,0 dropped=0,0,0,0
     latency   : target=0, window=0, percentile=100.00%, depth=1

Run status group 0 (all jobs):
   READ: bw=31.1MiB/s (32.7MB/s), 31.1MiB/s-31.1MiB/s (32.7MB/s-32.7MB/s), io=594MiB (623MB), run=19061-19061msec
