create: (g=0): rw=read, bs=(R) 4096B-4096B, (W) 4096B-4096B, (T) 4096B-4096B, ioengine=filecreate, iodepth=1
...
fio-3.41
Starting 28 threads

create: (groupid=0, jobs=28): err= 0: pid=774950: Sat Mar 14 14:44:20 2026
  read: IOPS=6023, BW=23.5MiB/s (24.7MB/s)(875MiB/37185msec)
    clat (usec): min=41, max=54900, avg=4092.51, stdev=2453.57
    clat percentiles (usec):
     |  1.00th=[   56],  5.00th=[   77], 10.00th=[  108], 20.00th=[ 3130],
     | 30.00th=[ 3949], 40.00th=[ 4359], 50.00th=[ 4686], 60.00th=[ 4948],
     | 70.00th=[ 5276], 80.00th=[ 5669], 90.00th=[ 6128], 95.00th=[ 6456],
     | 99.00th=[ 6849], 99.50th=[ 7046], 99.90th=[28705], 99.95th=[41681],
     | 99.99th=[54264]
   bw (  KiB/s): min=16298, max=30721, per=100.00%, avg=24241.44, stdev=100.88, samples=2049
   iops        : min= 4071, max= 7677, avg=6060.26, stdev=25.22, samples=2049
  cpu          : usr=9.79%, sys=1.71%, ctx=1177836, majf=0, minf=0
  IO depths    : 1=100.0%, 2=0.0%, 4=0.0%, 8=0.0%, 16=0.0%, 32=0.0%, >=64=0.0%
     submit    : 0=0.0%, 4=100.0%, 8=0.0%, 16=0.0%, 32=0.0%, 64=0.0%, >=64=0.0%
     complete  : 0=0.0%, 4=100.0%, 8=0.0%, 16=0.0%, 32=0.0%, 64=0.0%, >=64=0.0%
     issued rwts: total=224000,0,0,0 short=0,0,0,0 dropped=0,0,0,0
     latency   : target=0, window=0, percentile=100.00%, depth=1

Run status group 0 (all jobs):
   READ: bw=23.5MiB/s (24.7MB/s), 23.5MiB/s-23.5MiB/s (24.7MB/s-24.7MB/s), io=875MiB (918MB), run=37185-37185msec
