create: (g=0): rw=read, bs=(R) 4096B-4096B, (W) 4096B-4096B, (T) 4096B-4096B, ioengine=filecreate, iodepth=1
...
fio-3.41
Starting 2 threads

create: (groupid=0, jobs=2): err= 0: pid=764682: Sat Mar 14 14:11:48 2026
  read: IOPS=5047, BW=19.7MiB/s (20.7MB/s)(62.5MiB/3170msec)
    clat (usec): min=39, max=39421, avg=50.32, stdev=311.49
    clat percentiles (usec):
     |  1.00th=[   42],  5.00th=[   42], 10.00th=[   43], 20.00th=[   44],
     | 30.00th=[   44], 40.00th=[   45], 50.00th=[   45], 60.00th=[   46],
     | 70.00th=[   47], 80.00th=[   50], 90.00th=[   58], 95.00th=[   63],
     | 99.00th=[   90], 99.50th=[   95], 99.90th=[  133], 99.95th=[  206],
     | 99.99th=[  660]
   bw (  KiB/s): min= 8416, max=33728, per=88.39%, avg=17846.67, stdev=4216.79, samples=12
   iops        : min= 2104, max= 8432, avg=4461.67, stdev=1054.20, samples=12
  cpu          : usr=72.39%, sys=5.92%, ctx=65017, majf=0, minf=0
  IO depths    : 1=100.0%, 2=0.0%, 4=0.0%, 8=0.0%, 16=0.0%, 32=0.0%, >=64=0.0%
     submit    : 0=0.0%, 4=100.0%, 8=0.0%, 16=0.0%, 32=0.0%, 64=0.0%, >=64=0.0%
     complete  : 0=0.0%, 4=100.0%, 8=0.0%, 16=0.0%, 32=0.0%, 64=0.0%, >=64=0.0%
     issued rwts: total=16000,0,0,0 short=0,0,0,0 dropped=0,0,0,0
     latency   : target=0, window=0, percentile=100.00%, depth=1

Run status group 0 (all jobs):
   READ: bw=19.7MiB/s (20.7MB/s), 19.7MiB/s-19.7MiB/s (20.7MB/s-20.7MB/s), io=62.5MiB (65.5MB), run=3170-3170msec
