create: (g=0): rw=read, bs=(R) 4096B-4096B, (W) 4096B-4096B, (T) 4096B-4096B, ioengine=filecreate, iodepth=1
...
fio-3.41
Starting 17 threads

create: (groupid=0, jobs=17): err= 0: pid=753663: Sat Mar 14 13:27:22 2026
  read: IOPS=7792, BW=30.4MiB/s (31.9MB/s)(531MiB/17453msec)
    clat (usec): min=40, max=58538, avg=1720.04, stdev=1389.12
    clat percentiles (usec):
     |  1.00th=[   51],  5.00th=[   56], 10.00th=[   65], 20.00th=[   95],
     | 30.00th=[ 1582], 40.00th=[ 1844], 50.00th=[ 2024], 60.00th=[ 2180],
     | 70.00th=[ 2311], 80.00th=[ 2474], 90.00th=[ 2606], 95.00th=[ 2737],
     | 99.00th=[ 2900], 99.50th=[ 2966], 99.90th=[ 8225], 99.95th=[19530],
     | 99.99th=[50594]
   bw (  KiB/s): min=22804, max=35400, per=100.00%, avg=31335.15, stdev=141.38, samples=574
   iops        : min= 5694, max= 8850, avg=7833.56, stdev=35.39, samples=574
  cpu          : usr=17.15%, sys=2.70%, ctx=713190, majf=0, minf=0
  IO depths    : 1=100.0%, 2=0.0%, 4=0.0%, 8=0.0%, 16=0.0%, 32=0.0%, >=64=0.0%
     submit    : 0=0.0%, 4=100.0%, 8=0.0%, 16=0.0%, 32=0.0%, 64=0.0%, >=64=0.0%
     complete  : 0=0.0%, 4=100.0%, 8=0.0%, 16=0.0%, 32=0.0%, 64=0.0%, >=64=0.0%
     issued rwts: total=136000,0,0,0 short=0,0,0,0 dropped=0,0,0,0
     latency   : target=0, window=0, percentile=100.00%, depth=1

Run status group 0 (all jobs):
   READ: bw=30.4MiB/s (31.9MB/s), 30.4MiB/s-30.4MiB/s (31.9MB/s-31.9MB/s), io=531MiB (557MB), run=17453-17453msec
