create: (g=0): rw=read, bs=(R) 4096B-4096B, (W) 4096B-4096B, (T) 4096B-4096B, ioengine=filecreate, iodepth=1
...
fio-3.41
Starting 32 threads

create: (groupid=0, jobs=32): err= 0: pid=729858: Sat Mar 14 12:02:09 2026
  read: IOPS=5841, BW=22.8MiB/s (23.9MB/s)(1000MiB/43821msec)
    clat (usec): min=41, max=69578, avg=4912.32, stdev=2896.80
    clat percentiles (usec):
     |  1.00th=[   58],  5.00th=[   84], 10.00th=[  113], 20.00th=[ 3982],
     | 30.00th=[ 4752], 40.00th=[ 5080], 50.00th=[ 5407], 60.00th=[ 5997],
     | 70.00th=[ 6587], 80.00th=[ 6915], 90.00th=[ 7177], 95.00th=[ 7439],
     | 99.00th=[ 7963], 99.50th=[ 8160], 99.90th=[40633], 99.95th=[45876],
     | 99.99th=[67634]
   bw (  KiB/s): min=16601, max=29840, per=100.00%, avg=23445.97, stdev=92.07, samples=2772
   iops        : min= 4148, max= 7460, avg=5861.46, stdev=23.02, samples=2772
  cpu          : usr=8.49%, sys=1.54%, ctx=1345133, majf=0, minf=0
  IO depths    : 1=100.0%, 2=0.0%, 4=0.0%, 8=0.0%, 16=0.0%, 32=0.0%, >=64=0.0%
     submit    : 0=0.0%, 4=100.0%, 8=0.0%, 16=0.0%, 32=0.0%, 64=0.0%, >=64=0.0%
     complete  : 0=0.0%, 4=100.0%, 8=0.0%, 16=0.0%, 32=0.0%, 64=0.0%, >=64=0.0%
     issued rwts: total=256000,0,0,0 short=0,0,0,0 dropped=0,0,0,0
     latency   : target=0, window=0, percentile=100.00%, depth=1

Run status group 0 (all jobs):
   READ: bw=22.8MiB/s (23.9MB/s), 22.8MiB/s-22.8MiB/s (23.9MB/s-23.9MB/s), io=1000MiB (1049MB), run=43821-43821msec
