create: (g=0): rw=read, bs=(R) 4096B-4096B, (W) 4096B-4096B, (T) 4096B-4096B, ioengine=filecreate, iodepth=1
...
fio-3.41
Starting 16 threads

create: (groupid=0, jobs=16): err= 0: pid=797961: Sat Mar 14 15:24:37 2026
  read: IOPS=8553, BW=33.4MiB/s (35.0MB/s)(500MiB/14964msec)
    clat (usec): min=38, max=50809, avg=1436.72, stdev=1183.52
    clat percentiles (usec):
     |  1.00th=[   50],  5.00th=[   54], 10.00th=[   57], 20.00th=[   78],
     | 30.00th=[ 1303], 40.00th=[ 1565], 50.00th=[ 1713], 60.00th=[ 1860],
     | 70.00th=[ 1991], 80.00th=[ 2114], 90.00th=[ 2245], 95.00th=[ 2343],
     | 99.00th=[ 2540], 99.50th=[ 2606], 99.90th=[ 3589], 99.95th=[12780],
     | 99.99th=[46924]
   bw (  KiB/s): min=21996, max=45526, per=100.00%, avg=34422.42, stdev=269.59, samples=461
   iops        : min= 5492, max=11381, avg=8605.22, stdev=67.44, samples=461
  cpu          : usr=18.57%, sys=2.74%, ctx=668709, majf=0, minf=0
  IO depths    : 1=100.0%, 2=0.0%, 4=0.0%, 8=0.0%, 16=0.0%, 32=0.0%, >=64=0.0%
     submit    : 0=0.0%, 4=100.0%, 8=0.0%, 16=0.0%, 32=0.0%, 64=0.0%, >=64=0.0%
     complete  : 0=0.0%, 4=100.0%, 8=0.0%, 16=0.0%, 32=0.0%, 64=0.0%, >=64=0.0%
     issued rwts: total=128000,0,0,0 short=0,0,0,0 dropped=0,0,0,0
     latency   : target=0, window=0, percentile=100.00%, depth=1

Run status group 0 (all jobs):
   READ: bw=33.4MiB/s (35.0MB/s), 33.4MiB/s-33.4MiB/s (35.0MB/s-35.0MB/s), io=500MiB (524MB), run=14964-14964msec
