create: (g=0): rw=read, bs=(R) 4096B-4096B, (W) 4096B-4096B, (T) 4096B-4096B, ioengine=filecreate, iodepth=1
...
fio-3.41
Starting 12 threads

create: (groupid=0, jobs=12): err= 0: pid=772459: Sat Mar 14 14:36:42 2026
  read: IOPS=9910, BW=38.7MiB/s (40.6MB/s)(375MiB/9687msec)
    clat (usec): min=35, max=59594, avg=493.18, stdev=777.02
    clat percentiles (usec):
     |  1.00th=[   43],  5.00th=[   48], 10.00th=[   50], 20.00th=[   54],
     | 30.00th=[   68], 40.00th=[   90], 50.00th=[  129], 60.00th=[  241],
     | 70.00th=[  963], 80.00th=[ 1106], 90.00th=[ 1254], 95.00th=[ 1352],
     | 99.00th=[ 1532], 99.50th=[ 1598], 99.90th=[ 1909], 99.95th=[ 2638],
     | 99.99th=[40109]
   bw (  KiB/s): min=23076, max=76026, per=100.00%, avg=45213.53, stdev=1304.07, samples=197
   iops        : min= 5765, max=19006, avg=11303.10, stdev=326.02, samples=197
  cpu          : usr=46.55%, sys=3.77%, ctx=479179, majf=0, minf=0
  IO depths    : 1=100.0%, 2=0.0%, 4=0.0%, 8=0.0%, 16=0.0%, 32=0.0%, >=64=0.0%
     submit    : 0=0.0%, 4=100.0%, 8=0.0%, 16=0.0%, 32=0.0%, 64=0.0%, >=64=0.0%
     complete  : 0=0.0%, 4=100.0%, 8=0.0%, 16=0.0%, 32=0.0%, 64=0.0%, >=64=0.0%
     issued rwts: total=96000,0,0,0 short=0,0,0,0 dropped=0,0,0,0
     latency   : target=0, window=0, percentile=100.00%, depth=1

Run status group 0 (all jobs):
   READ: bw=38.7MiB/s (40.6MB/s), 38.7MiB/s-38.7MiB/s (40.6MB/s-40.6MB/s), io=375MiB (393MB), run=9687-9687msec
