create: (g=0): rw=read, bs=(R) 4096B-4096B, (W) 4096B-4096B, (T) 4096B-4096B, ioengine=filecreate, iodepth=1
...
fio-3.41
Starting 6 threads

create: (groupid=0, jobs=6): err= 0: pid=718069: Sat Mar 14 11:50:22 2026
  read: IOPS=11.9k, BW=46.5MiB/s (48.8MB/s)(188MiB/4030msec)
    clat (usec): min=37, max=51849, avg=92.23, stdev=522.33
    clat percentiles (usec):
     |  1.00th=[   43],  5.00th=[   46], 10.00th=[   48], 20.00th=[   49],
     | 30.00th=[   51], 40.00th=[   58], 50.00th=[   71], 60.00th=[   86],
     | 70.00th=[   98], 80.00th=[  122], 90.00th=[  149], 95.00th=[  178],
     | 99.00th=[  215], 99.50th=[  235], 99.90th=[  676], 99.95th=[ 1123],
     | 99.99th=[43254]
   bw (  KiB/s): min=19492, max=94584, per=100.00%, avg=48259.11, stdev=4003.08, samples=42
   iops        : min= 4872, max=23646, avg=12064.64, stdev=1000.80, samples=42
  cpu          : usr=66.34%, sys=5.84%, ctx=227244, majf=0, minf=0
  IO depths    : 1=100.0%, 2=0.0%, 4=0.0%, 8=0.0%, 16=0.0%, 32=0.0%, >=64=0.0%
     submit    : 0=0.0%, 4=100.0%, 8=0.0%, 16=0.0%, 32=0.0%, 64=0.0%, >=64=0.0%
     complete  : 0=0.0%, 4=100.0%, 8=0.0%, 16=0.0%, 32=0.0%, 64=0.0%, >=64=0.0%
     issued rwts: total=48000,0,0,0 short=0,0,0,0 dropped=0,0,0,0
     latency   : target=0, window=0, percentile=100.00%, depth=1

Run status group 0 (all jobs):
   READ: bw=46.5MiB/s (48.8MB/s), 46.5MiB/s-46.5MiB/s (48.8MB/s-48.8MB/s), io=188MiB (197MB), run=4030-4030msec
