create: (g=0): rw=read, bs=(R) 4096B-4096B, (W) 4096B-4096B, (T) 4096B-4096B, ioengine=filecreate, iodepth=1
...
fio-3.41
Starting 3 threads

create: (groupid=0, jobs=3): err= 0: pid=732261: Sat Mar 14 12:13:25 2026
  read: IOPS=5952, BW=23.3MiB/s (24.4MB/s)(93.8MiB/4032msec)
    clat (usec): min=35, max=38664, avg=60.56, stdev=336.53
    clat percentiles (usec):
     |  1.00th=[   42],  5.00th=[   43], 10.00th=[   44], 20.00th=[   45],
     | 30.00th=[   46], 40.00th=[   47], 50.00th=[   49], 60.00th=[   51],
     | 70.00th=[   59], 80.00th=[   70], 90.00th=[   85], 95.00th=[   96],
     | 99.00th=[  127], 99.50th=[  137], 99.90th=[  196], 99.95th=[  392],
     | 99.99th=[  898]
   bw (  KiB/s): min=12072, max=54560, per=98.47%, avg=23445.67, stdev=4798.52, samples=22
   iops        : min= 3018, max=13640, avg=5861.42, stdev=1199.63, samples=22
  cpu          : usr=75.76%, sys=6.14%, ctx=103543, majf=0, minf=0
  IO depths    : 1=100.0%, 2=0.0%, 4=0.0%, 8=0.0%, 16=0.0%, 32=0.0%, >=64=0.0%
     submit    : 0=0.0%, 4=100.0%, 8=0.0%, 16=0.0%, 32=0.0%, 64=0.0%, >=64=0.0%
     complete  : 0=0.0%, 4=100.0%, 8=0.0%, 16=0.0%, 32=0.0%, 64=0.0%, >=64=0.0%
     issued rwts: total=24000,0,0,0 short=0,0,0,0 dropped=0,0,0,0
     latency   : target=0, window=0, percentile=100.00%, depth=1

Run status group 0 (all jobs):
   READ: bw=23.3MiB/s (24.4MB/s), 23.3MiB/s-23.3MiB/s (24.4MB/s-24.4MB/s), io=93.8MiB (98.3MB), run=4032-4032msec
