create: (g=0): rw=read, bs=(R) 4096B-4096B, (W) 4096B-4096B, (T) 4096B-4096B, ioengine=filecreate, iodepth=1
...
fio-3.41
Starting 28 threads

create: (groupid=0, jobs=28): err= 0: pid=742398: Sat Mar 14 12:46:16 2026
  read: IOPS=5917, BW=23.1MiB/s (24.2MB/s)(875MiB/37854msec)
    clat (usec): min=42, max=56096, avg=4155.52, stdev=2477.55
    clat percentiles (usec):
     |  1.00th=[   57],  5.00th=[   80], 10.00th=[  110], 20.00th=[ 3130],
     | 30.00th=[ 3982], 40.00th=[ 4424], 50.00th=[ 4752], 60.00th=[ 5014],
     | 70.00th=[ 5342], 80.00th=[ 5800], 90.00th=[ 6194], 95.00th=[ 6456],
     | 99.00th=[ 6915], 99.50th=[ 7111], 99.90th=[29230], 99.95th=[41681],
     | 99.99th=[55837]
   bw (  KiB/s): min=17901, max=29576, per=100.00%, avg=23796.62, stdev=94.64, samples=2095
   iops        : min= 4474, max= 7393, avg=5949.06, stdev=23.66, samples=2095
  cpu          : usr=10.01%, sys=1.76%, ctx=1177611, majf=0, minf=0
  IO depths    : 1=100.0%, 2=0.0%, 4=0.0%, 8=0.0%, 16=0.0%, 32=0.0%, >=64=0.0%
     submit    : 0=0.0%, 4=100.0%, 8=0.0%, 16=0.0%, 32=0.0%, 64=0.0%, >=64=0.0%
     complete  : 0=0.0%, 4=100.0%, 8=0.0%, 16=0.0%, 32=0.0%, 64=0.0%, >=64=0.0%
     issued rwts: total=224000,0,0,0 short=0,0,0,0 dropped=0,0,0,0
     latency   : target=0, window=0, percentile=100.00%, depth=1

Run status group 0 (all jobs):
   READ: bw=23.1MiB/s (24.2MB/s), 23.1MiB/s-23.1MiB/s (24.2MB/s-24.2MB/s), io=875MiB (918MB), run=37854-37854msec
