create: (g=0): rw=read, bs=(R) 4096B-4096B, (W) 4096B-4096B, (T) 4096B-4096B, ioengine=filecreate, iodepth=1
...
fio-3.41
Starting 2 threads

create: (groupid=0, jobs=2): err= 0: pid=732143: Sat Mar 14 12:13:20 2026
  read: IOPS=4929, BW=19.3MiB/s (20.2MB/s)(62.5MiB/3246msec)
    clat (usec): min=39, max=54452, avg=56.00, stdev=497.88
    clat percentiles (usec):
     |  1.00th=[   42],  5.00th=[   42], 10.00th=[   43], 20.00th=[   44],
     | 30.00th=[   45], 40.00th=[   45], 50.00th=[   46], 60.00th=[   47],
     | 70.00th=[   50], 80.00th=[   56], 90.00th=[   61], 95.00th=[   69],
     | 99.00th=[   93], 99.50th=[  102], 99.90th=[  182], 99.95th=[  318],
     | 99.99th=[23987]
   bw (  KiB/s): min= 9112, max=29808, per=83.53%, avg=16469.33, stdev=3452.35, samples=12
   iops        : min= 2278, max= 7452, avg=4117.33, stdev=863.09, samples=12
  cpu          : usr=73.37%, sys=7.15%, ctx=66686, majf=0, minf=0
  IO depths    : 1=100.0%, 2=0.0%, 4=0.0%, 8=0.0%, 16=0.0%, 32=0.0%, >=64=0.0%
     submit    : 0=0.0%, 4=100.0%, 8=0.0%, 16=0.0%, 32=0.0%, 64=0.0%, >=64=0.0%
     complete  : 0=0.0%, 4=100.0%, 8=0.0%, 16=0.0%, 32=0.0%, 64=0.0%, >=64=0.0%
     issued rwts: total=16000,0,0,0 short=0,0,0,0 dropped=0,0,0,0
     latency   : target=0, window=0, percentile=100.00%, depth=1

Run status group 0 (all jobs):
   READ: bw=19.3MiB/s (20.2MB/s), 19.3MiB/s-19.3MiB/s (20.2MB/s-20.2MB/s), io=62.5MiB (65.5MB), run=3246-3246msec
