create: (g=0): rw=read, bs=(R) 4096B-4096B, (W) 4096B-4096B, (T) 4096B-4096B, ioengine=filecreate, iodepth=1
...
fio-3.41
Starting 17 threads

create: (groupid=0, jobs=17): err= 0: pid=747166: Sat Mar 14 13:03:45 2026
  read: IOPS=7660, BW=29.9MiB/s (31.4MB/s)(531MiB/17753msec)
    clat (usec): min=40, max=63217, avg=1764.90, stdev=1574.14
    clat percentiles (usec):
     |  1.00th=[   51],  5.00th=[   57], 10.00th=[   67], 20.00th=[   98],
     | 30.00th=[ 1631], 40.00th=[ 1876], 50.00th=[ 2057], 60.00th=[ 2212],
     | 70.00th=[ 2376], 80.00th=[ 2507], 90.00th=[ 2671], 95.00th=[ 2802],
     | 99.00th=[ 2999], 99.50th=[ 3064], 99.90th=[ 7832], 99.95th=[36963],
     | 99.99th=[60031]
   bw (  KiB/s): min=20586, max=34712, per=100.00%, avg=30666.16, stdev=157.61, samples=593
   iops        : min= 5142, max= 8678, avg=7666.41, stdev=39.43, samples=593
  cpu          : usr=16.60%, sys=2.65%, ctx=712755, majf=0, minf=0
  IO depths    : 1=100.0%, 2=0.0%, 4=0.0%, 8=0.0%, 16=0.0%, 32=0.0%, >=64=0.0%
     submit    : 0=0.0%, 4=100.0%, 8=0.0%, 16=0.0%, 32=0.0%, 64=0.0%, >=64=0.0%
     complete  : 0=0.0%, 4=100.0%, 8=0.0%, 16=0.0%, 32=0.0%, 64=0.0%, >=64=0.0%
     issued rwts: total=136000,0,0,0 short=0,0,0,0 dropped=0,0,0,0
     latency   : target=0, window=0, percentile=100.00%, depth=1

Run status group 0 (all jobs):
   READ: bw=29.9MiB/s (31.4MB/s), 29.9MiB/s-29.9MiB/s (31.4MB/s-31.4MB/s), io=531MiB (557MB), run=17753-17753msec
