create: (g=0): rw=read, bs=(R) 4096B-4096B, (W) 4096B-4096B, (T) 4096B-4096B, ioengine=filecreate, iodepth=1
...
fio-3.41
Starting 3 threads

create: (groupid=0, jobs=3): err= 0: pid=306646: Sat Mar 14 00:59:30 2026
  read: IOPS=5174, BW=20.2MiB/s (21.2MB/s)(93.8MiB/4638msec)
    clat (usec): min=59, max=51334, avg=145.00, stdev=336.39
    clat percentiles (usec):
     |  1.00th=[   80],  5.00th=[   84], 10.00th=[   87], 20.00th=[   93],
     | 30.00th=[  101], 40.00th=[  115], 50.00th=[  129], 60.00th=[  145],
     | 70.00th=[  159], 80.00th=[  182], 90.00th=[  223], 95.00th=[  262],
     | 99.00th=[  347], 99.50th=[  375], 99.90th=[  461], 99.95th=[  734],
     | 99.99th=[ 1500]
   bw (  KiB/s): min= 8040, max=41528, per=97.88%, avg=20260.44, stdev=3469.38, samples=27
   iops        : min= 2010, max=10382, avg=5065.11, stdev=867.34, samples=27
  cpu          : usr=61.78%, sys=3.95%, ctx=88628, majf=0, minf=0
  IO depths    : 1=100.0%, 2=0.0%, 4=0.0%, 8=0.0%, 16=0.0%, 32=0.0%, >=64=0.0%
     submit    : 0=0.0%, 4=100.0%, 8=0.0%, 16=0.0%, 32=0.0%, 64=0.0%, >=64=0.0%
     complete  : 0=0.0%, 4=100.0%, 8=0.0%, 16=0.0%, 32=0.0%, 64=0.0%, >=64=0.0%
     issued rwts: total=24000,0,0,0 short=0,0,0,0 dropped=0,0,0,0
     latency   : target=0, window=0, percentile=100.00%, depth=1

Run status group 0 (all jobs):
   READ: bw=20.2MiB/s (21.2MB/s), 20.2MiB/s-20.2MiB/s (21.2MB/s-21.2MB/s), io=93.8MiB (98.3MB), run=4638-4638msec
