create: (g=0): rw=read, bs=(R) 4096B-4096B, (W) 4096B-4096B, (T) 4096B-4096B, ioengine=filecreate, iodepth=1
...
fio-3.41
Starting 11 threads

create: (groupid=0, jobs=11): err= 0: pid=41895: Fri Mar 13 18:32:56 2026
  read: IOPS=5453, BW=21.3MiB/s (22.3MB/s)(344MiB/16137msec)
    clat (usec): min=55, max=58806, avg=1145.02, stdev=1139.93
    clat percentiles (usec):
     |  1.00th=[  113],  5.00th=[  155], 10.00th=[  200], 20.00th=[  375],
     | 30.00th=[  619], 40.00th=[  955], 50.00th=[ 1237], 60.00th=[ 1401],
     | 70.00th=[ 1565], 80.00th=[ 1729], 90.00th=[ 1942], 95.00th=[ 2114],
     | 99.00th=[ 2376], 99.50th=[ 2474], 99.90th=[ 2933], 99.95th=[13566],
     | 99.99th=[53740]
   bw (  KiB/s): min=14113, max=34264, per=100.00%, avg=23215.04, stdev=436.39, samples=329
   iops        : min= 3524, max= 8566, avg=5803.60, stdev=109.12, samples=329
  cpu          : usr=35.16%, sys=2.79%, ctx=379518, majf=0, minf=0
  IO depths    : 1=100.0%, 2=0.0%, 4=0.0%, 8=0.0%, 16=0.0%, 32=0.0%, >=64=0.0%
     submit    : 0=0.0%, 4=100.0%, 8=0.0%, 16=0.0%, 32=0.0%, 64=0.0%, >=64=0.0%
     complete  : 0=0.0%, 4=100.0%, 8=0.0%, 16=0.0%, 32=0.0%, 64=0.0%, >=64=0.0%
     issued rwts: total=88000,0,0,0 short=0,0,0,0 dropped=0,0,0,0
     latency   : target=0, window=0, percentile=100.00%, depth=1

Run status group 0 (all jobs):
   READ: bw=21.3MiB/s (22.3MB/s), 21.3MiB/s-21.3MiB/s (22.3MB/s-22.3MB/s), io=344MiB (360MB), run=16137-16137msec
