create: (g=0): rw=read, bs=(R) 4096B-4096B, (W) 4096B-4096B, (T) 4096B-4096B, ioengine=filecreate, iodepth=1
...
fio-3.41
Starting 16 threads

create: (groupid=0, jobs=16): err= 0: pid=117058: Fri Mar 13 19:31:50 2026
  read: IOPS=5607, BW=21.9MiB/s (23.0MB/s)(500MiB/22825msec)
    clat (usec): min=53, max=49311, avg=1979.60, stdev=1360.36
    clat percentiles (usec):
     |  1.00th=[  102],  5.00th=[  153], 10.00th=[  265], 20.00th=[  668],
     | 30.00th=[ 1270], 40.00th=[ 1827], 50.00th=[ 2180], 60.00th=[ 2474],
     | 70.00th=[ 2737], 80.00th=[ 2999], 90.00th=[ 3261], 95.00th=[ 3458],
     | 99.00th=[ 3818], 99.50th=[ 3982], 99.90th=[ 8848], 99.95th=[16188],
     | 99.99th=[41157]
   bw (  KiB/s): min=15451, max=37317, per=100.00%, avg=22889.19, stdev=334.57, samples=701
   iops        : min= 3862, max= 9328, avg=5722.22, stdev=83.64, samples=701
  cpu          : usr=26.45%, sys=1.99%, ctx=558516, majf=0, minf=0
  IO depths    : 1=100.0%, 2=0.0%, 4=0.0%, 8=0.0%, 16=0.0%, 32=0.0%, >=64=0.0%
     submit    : 0=0.0%, 4=100.0%, 8=0.0%, 16=0.0%, 32=0.0%, 64=0.0%, >=64=0.0%
     complete  : 0=0.0%, 4=100.0%, 8=0.0%, 16=0.0%, 32=0.0%, 64=0.0%, >=64=0.0%
     issued rwts: total=128000,0,0,0 short=0,0,0,0 dropped=0,0,0,0
     latency   : target=0, window=0, percentile=100.00%, depth=1

Run status group 0 (all jobs):
   READ: bw=21.9MiB/s (23.0MB/s), 21.9MiB/s-21.9MiB/s (23.0MB/s-23.0MB/s), io=500MiB (524MB), run=22825-22825msec
