create: (g=0): rw=read, bs=(R) 4096B-4096B, (W) 4096B-4096B, (T) 4096B-4096B, ioengine=filecreate, iodepth=1
...
fio-3.41
Starting 36 threads

create: (groupid=0, jobs=36): err= 0: pid=313999: Sat Mar 14 01:30:15 2026
  read: IOPS=4477, BW=17.5MiB/s (18.3MB/s)(1125MiB/64326msec)
    clat (usec): min=64, max=59247, avg=7328.79, stdev=2692.25
    clat percentiles (usec):
     |  1.00th=[  127],  5.00th=[  172], 10.00th=[ 6652], 20.00th=[ 7242],
     | 30.00th=[ 7504], 40.00th=[ 7701], 50.00th=[ 7832], 60.00th=[ 7963],
     | 70.00th=[ 8094], 80.00th=[ 8291], 90.00th=[ 8586], 95.00th=[ 8848],
     | 99.00th=[ 9372], 99.50th=[ 9634], 99.90th=[42206], 99.95th=[54789],
     | 99.99th=[58459]
   bw (  KiB/s): min=14136, max=21504, per=100.00%, avg=17921.99, stdev=28.20, samples=4622
   iops        : min= 3534, max= 5376, avg=4480.50, stdev= 7.05, samples=4622
  cpu          : usr=7.84%, sys=1.04%, ctx=1271572, majf=0, minf=0
  IO depths    : 1=100.0%, 2=0.0%, 4=0.0%, 8=0.0%, 16=0.0%, 32=0.0%, >=64=0.0%
     submit    : 0=0.0%, 4=100.0%, 8=0.0%, 16=0.0%, 32=0.0%, 64=0.0%, >=64=0.0%
     complete  : 0=0.0%, 4=100.0%, 8=0.0%, 16=0.0%, 32=0.0%, 64=0.0%, >=64=0.0%
     issued rwts: total=288000,0,0,0 short=0,0,0,0 dropped=0,0,0,0
     latency   : target=0, window=0, percentile=100.00%, depth=1

Run status group 0 (all jobs):
   READ: bw=17.5MiB/s (18.3MB/s), 17.5MiB/s-17.5MiB/s (18.3MB/s-18.3MB/s), io=1125MiB (1180MB), run=64326-64326msec
