create: (g=0): rw=read, bs=(R) 4096B-4096B, (W) 4096B-4096B, (T) 4096B-4096B, ioengine=filecreate, iodepth=1
...
fio-3.41
Starting 7 threads

create: (groupid=0, jobs=7): err= 0: pid=30385: Fri Mar 13 17:34:29 2026
  read: IOPS=6877, BW=26.9MiB/s (28.2MB/s)(219MiB/8142msec)
    clat (usec): min=46, max=58691, avg=228.58, stdev=394.77
    clat percentiles (usec):
     |  1.00th=[   71],  5.00th=[   87], 10.00th=[  100], 20.00th=[  124],
     | 30.00th=[  147], 40.00th=[  172], 50.00th=[  200], 60.00th=[  233],
     | 70.00th=[  269], 80.00th=[  314], 90.00th=[  379], 95.00th=[  445],
     | 99.00th=[  578], 99.50th=[  652], 99.90th=[ 1106], 99.95th=[ 1614],
     | 99.99th=[ 9503]
   bw (  KiB/s): min=10416, max=55141, per=100.00%, avg=29595.68, stdev=1747.82, samples=98
   iops        : min= 2604, max=13785, avg=7398.90, stdev=436.95, samples=98
  cpu          : usr=66.00%, sys=3.53%, ctx=223319, majf=0, minf=0
  IO depths    : 1=100.0%, 2=0.0%, 4=0.0%, 8=0.0%, 16=0.0%, 32=0.0%, >=64=0.0%
     submit    : 0=0.0%, 4=100.0%, 8=0.0%, 16=0.0%, 32=0.0%, 64=0.0%, >=64=0.0%
     complete  : 0=0.0%, 4=100.0%, 8=0.0%, 16=0.0%, 32=0.0%, 64=0.0%, >=64=0.0%
     issued rwts: total=56000,0,0,0 short=0,0,0,0 dropped=0,0,0,0
     latency   : target=0, window=0, percentile=100.00%, depth=1

Run status group 0 (all jobs):
   READ: bw=26.9MiB/s (28.2MB/s), 26.9MiB/s-26.9MiB/s (28.2MB/s-28.2MB/s), io=219MiB (229MB), run=8142-8142msec
