create: (g=0): rw=read, bs=(R) 4096B-4096B, (W) 4096B-4096B, (T) 4096B-4096B, ioengine=filecreate, iodepth=1
...
fio-3.41
Starting 10 threads

create: (groupid=0, jobs=10): err= 0: pid=275621: Fri Mar 13 22:12:48 2026
  read: IOPS=12.5k, BW=48.7MiB/s (51.1MB/s)(313MiB/6414msec)
    clat (usec): min=36, max=68814, avg=139.42, stdev=565.17
    clat percentiles (usec):
     |  1.00th=[   41],  5.00th=[   46], 10.00th=[   48], 20.00th=[   50],
     | 30.00th=[   55], 40.00th=[   71], 50.00th=[   87], 60.00th=[  104],
     | 70.00th=[  131], 80.00th=[  161], 90.00th=[  217], 95.00th=[  529],
     | 99.00th=[  832], 99.50th=[  898], 99.90th=[ 1090], 99.95th=[ 1418],
     | 99.99th=[ 2868]
   bw (  KiB/s): min=25386, max=117808, per=100.00%, avg=61151.73, stdev=2632.87, samples=99
   iops        : min= 6345, max=29452, avg=15287.80, stdev=658.24, samples=99
  cpu          : usr=66.73%, sys=4.66%, ctx=387430, majf=0, minf=0
  IO depths    : 1=100.0%, 2=0.0%, 4=0.0%, 8=0.0%, 16=0.0%, 32=0.0%, >=64=0.0%
     submit    : 0=0.0%, 4=100.0%, 8=0.0%, 16=0.0%, 32=0.0%, 64=0.0%, >=64=0.0%
     complete  : 0=0.0%, 4=100.0%, 8=0.0%, 16=0.0%, 32=0.0%, 64=0.0%, >=64=0.0%
     issued rwts: total=80000,0,0,0 short=0,0,0,0 dropped=0,0,0,0
     latency   : target=0, window=0, percentile=100.00%, depth=1

Run status group 0 (all jobs):
   READ: bw=48.7MiB/s (51.1MB/s), 48.7MiB/s-48.7MiB/s (51.1MB/s-51.1MB/s), io=313MiB (328MB), run=6414-6414msec
