create: (g=0): rw=read, bs=(R) 4096B-4096B, (W) 4096B-4096B, (T) 4096B-4096B, ioengine=filecreate, iodepth=1
...
fio-3.41
Starting 52 threads

create: (groupid=0, jobs=52): err= 0: pid=282972: Fri Mar 13 22:52:53 2026
  read: IOPS=4217, BW=16.5MiB/s (17.3MB/s)(1625MiB/98638msec)
    clat (usec): min=65, max=71350, avg=11243.46, stdev=3654.58
    clat percentiles (usec):
     |  1.00th=[  135],  5.00th=[  192], 10.00th=[10028], 20.00th=[11076],
     | 30.00th=[11469], 40.00th=[11863], 50.00th=[11994], 60.00th=[12256],
     | 70.00th=[12518], 80.00th=[12780], 90.00th=[13173], 95.00th=[13304],
     | 99.00th=[13829], 99.50th=[14222], 99.90th=[50594], 99.95th=[56361],
     | 99.99th=[69731]
   bw (  KiB/s): min=14559, max=31179, per=100.00%, avg=16985.80, stdev=34.39, samples=10140
   iops        : min= 3639, max= 7793, avg=4246.33, stdev= 8.59, samples=10140
  cpu          : usr=7.49%, sys=0.72%, ctx=1828735, majf=0, minf=0
  IO depths    : 1=100.0%, 2=0.0%, 4=0.0%, 8=0.0%, 16=0.0%, 32=0.0%, >=64=0.0%
     submit    : 0=0.0%, 4=100.0%, 8=0.0%, 16=0.0%, 32=0.0%, 64=0.0%, >=64=0.0%
     complete  : 0=0.0%, 4=100.0%, 8=0.0%, 16=0.0%, 32=0.0%, 64=0.0%, >=64=0.0%
     issued rwts: total=416000,0,0,0 short=0,0,0,0 dropped=0,0,0,0
     latency   : target=0, window=0, percentile=100.00%, depth=1

Run status group 0 (all jobs):
   READ: bw=16.5MiB/s (17.3MB/s), 16.5MiB/s-16.5MiB/s (17.3MB/s-17.3MB/s), io=1625MiB (1704MB), run=98638-98638msec
