create: (g=0): rw=read, bs=(R) 4096B-4096B, (W) 4096B-4096B, (T) 4096B-4096B, ioengine=filecreate, iodepth=1
...
fio-3.41
Starting 20 threads

create: (groupid=0, jobs=20): err= 0: pid=123898: Fri Mar 13 19:35:53 2026
  read: IOPS=7247, BW=28.3MiB/s (29.7MB/s)(625MiB/22077msec)
    clat (usec): min=38, max=57035, avg=2283.68, stdev=1672.57
    clat percentiles (usec):
     |  1.00th=[   52],  5.00th=[   58], 10.00th=[   72], 20.00th=[  125],
     | 30.00th=[ 2089], 40.00th=[ 2376], 50.00th=[ 2606], 60.00th=[ 2802],
     | 70.00th=[ 2999], 80.00th=[ 3228], 90.00th=[ 3523], 95.00th=[ 3851],
     | 99.00th=[ 4228], 99.50th=[ 4424], 99.90th=[13435], 99.95th=[35914],
     | 99.99th=[51643]
   bw (  KiB/s): min=20746, max=33880, per=100.00%, avg=29083.98, stdev=144.00, samples=859
   iops        : min= 5182, max= 8470, avg=7270.85, stdev=36.02, samples=859
  cpu          : usr=14.36%, sys=2.30%, ctx=838895, majf=0, minf=0
  IO depths    : 1=100.0%, 2=0.0%, 4=0.0%, 8=0.0%, 16=0.0%, 32=0.0%, >=64=0.0%
     submit    : 0=0.0%, 4=100.0%, 8=0.0%, 16=0.0%, 32=0.0%, 64=0.0%, >=64=0.0%
     complete  : 0=0.0%, 4=100.0%, 8=0.0%, 16=0.0%, 32=0.0%, 64=0.0%, >=64=0.0%
     issued rwts: total=160000,0,0,0 short=0,0,0,0 dropped=0,0,0,0
     latency   : target=0, window=0, percentile=100.00%, depth=1

Run status group 0 (all jobs):
   READ: bw=28.3MiB/s (29.7MB/s), 28.3MiB/s-28.3MiB/s (29.7MB/s-29.7MB/s), io=625MiB (655MB), run=22077-22077msec
