create: (g=0): rw=read, bs=(R) 4096B-4096B, (W) 4096B-4096B, (T) 4096B-4096B, ioengine=filecreate, iodepth=1
...
fio-3.41
Starting 10 threads

create: (groupid=0, jobs=10): err= 0: pid=20314: Fri Mar 13 16:39:19 2026
  read: IOPS=5774, BW=22.6MiB/s (23.7MB/s)(313MiB/13854msec)
    clat (usec): min=61, max=50554, avg=883.37, stdev=1016.14
    clat percentiles (usec):
     |  1.00th=[  103],  5.00th=[  145], 10.00th=[  184], 20.00th=[  322],
     | 30.00th=[  482], 40.00th=[  693], 50.00th=[  938], 60.00th=[ 1090],
     | 70.00th=[ 1205], 80.00th=[ 1336], 90.00th=[ 1467], 95.00th=[ 1582],
     | 99.00th=[ 1811], 99.50th=[ 1893], 99.90th=[ 2245], 99.95th=[10028],
     | 99.99th=[48497]
   bw (  KiB/s): min=14659, max=33576, per=100.00%, avg=26251.79, stdev=424.75, samples=247
   iops        : min= 3662, max= 8394, avg=6562.83, stdev=106.22, samples=247
  cpu          : usr=38.98%, sys=3.04%, ctx=343682, majf=0, minf=0
  IO depths    : 1=100.0%, 2=0.0%, 4=0.0%, 8=0.0%, 16=0.0%, 32=0.0%, >=64=0.0%
     submit    : 0=0.0%, 4=100.0%, 8=0.0%, 16=0.0%, 32=0.0%, 64=0.0%, >=64=0.0%
     complete  : 0=0.0%, 4=100.0%, 8=0.0%, 16=0.0%, 32=0.0%, 64=0.0%, >=64=0.0%
     issued rwts: total=80000,0,0,0 short=0,0,0,0 dropped=0,0,0,0
     latency   : target=0, window=0, percentile=100.00%, depth=1

Run status group 0 (all jobs):
   READ: bw=22.6MiB/s (23.7MB/s), 22.6MiB/s-22.6MiB/s (23.7MB/s-23.7MB/s), io=313MiB (328MB), run=13854-13854msec
