create: (g=0): rw=read, bs=(R) 4096B-4096B, (W) 4096B-4096B, (T) 4096B-4096B, ioengine=filecreate, iodepth=1
...
fio-3.41
Starting 52 threads

create: (groupid=0, jobs=52): err= 0: pid=294016: Fri Mar 13 23:51:00 2026
  read: IOPS=5792, BW=22.6MiB/s (23.7MB/s)(1625MiB/71818msec)
    clat (usec): min=43, max=98306, avg=8063.24, stdev=4023.95
    clat percentiles (usec):
     |  1.00th=[   71],  5.00th=[  102], 10.00th=[  127], 20.00th=[ 7570],
     | 30.00th=[ 8160], 40.00th=[ 8586], 50.00th=[ 8979], 60.00th=[ 9503],
     | 70.00th=[10028], 80.00th=[10552], 90.00th=[11076], 95.00th=[11469],
     | 99.00th=[12125], 99.50th=[12387], 99.90th=[42730], 99.95th=[54789],
     | 99.99th=[96994]
   bw (  KiB/s): min=15647, max=34728, per=100.00%, avg=23277.95, stdev=46.81, samples=7378
   iops        : min= 3911, max= 8680, avg=5819.31, stdev=11.70, samples=7378
  cpu          : usr=8.64%, sys=0.98%, ctx=2198656, majf=0, minf=0
  IO depths    : 1=100.0%, 2=0.0%, 4=0.0%, 8=0.0%, 16=0.0%, 32=0.0%, >=64=0.0%
     submit    : 0=0.0%, 4=100.0%, 8=0.0%, 16=0.0%, 32=0.0%, 64=0.0%, >=64=0.0%
     complete  : 0=0.0%, 4=100.0%, 8=0.0%, 16=0.0%, 32=0.0%, 64=0.0%, >=64=0.0%
     issued rwts: total=416000,0,0,0 short=0,0,0,0 dropped=0,0,0,0
     latency   : target=0, window=0, percentile=100.00%, depth=1

Run status group 0 (all jobs):
   READ: bw=22.6MiB/s (23.7MB/s), 22.6MiB/s-22.6MiB/s (23.7MB/s-23.7MB/s), io=1625MiB (1704MB), run=71818-71818msec
