create: (g=0): rw=read, bs=(R) 4096B-4096B, (W) 4096B-4096B, (T) 4096B-4096B, ioengine=filecreate, iodepth=1
...
fio-3.41
Starting 11 threads

create: (groupid=0, jobs=11): err= 0: pid=31187: Fri Mar 13 17:36:09 2026
  read: IOPS=5613, BW=21.9MiB/s (23.0MB/s)(344MiB/15676msec)
    clat (usec): min=64, max=59455, avg=1090.42, stdev=1014.55
    clat percentiles (usec):
     |  1.00th=[  112],  5.00th=[  153], 10.00th=[  202], 20.00th=[  388],
     | 30.00th=[  594], 40.00th=[  857], 50.00th=[ 1123], 60.00th=[ 1319],
     | 70.00th=[ 1483], 80.00th=[ 1680], 90.00th=[ 1909], 95.00th=[ 2073],
     | 99.00th=[ 2376], 99.50th=[ 2474], 99.90th=[ 2802], 99.95th=[12649],
     | 99.99th=[52691]
   bw (  KiB/s): min=14090, max=35903, per=100.00%, avg=23910.47, stdev=490.20, samples=315
   iops        : min= 3522, max= 8975, avg=5977.58, stdev=122.54, samples=315
  cpu          : usr=35.51%, sys=2.74%, ctx=379806, majf=0, minf=0
  IO depths    : 1=100.0%, 2=0.0%, 4=0.0%, 8=0.0%, 16=0.0%, 32=0.0%, >=64=0.0%
     submit    : 0=0.0%, 4=100.0%, 8=0.0%, 16=0.0%, 32=0.0%, 64=0.0%, >=64=0.0%
     complete  : 0=0.0%, 4=100.0%, 8=0.0%, 16=0.0%, 32=0.0%, 64=0.0%, >=64=0.0%
     issued rwts: total=88000,0,0,0 short=0,0,0,0 dropped=0,0,0,0
     latency   : target=0, window=0, percentile=100.00%, depth=1

Run status group 0 (all jobs):
   READ: bw=21.9MiB/s (23.0MB/s), 21.9MiB/s-21.9MiB/s (23.0MB/s-23.0MB/s), io=344MiB (360MB), run=15676-15676msec
