create: (g=0): rw=read, bs=(R) 4096B-4096B, (W) 4096B-4096B, (T) 4096B-4096B, ioengine=filecreate, iodepth=1
...
fio-3.41
Starting 9 threads

create: (groupid=0, jobs=9): err= 0: pid=196886: Fri Mar 13 20:21:49 2026
  read: IOPS=11.8k, BW=46.2MiB/s (48.5MB/s)(281MiB/6083msec)
    clat (usec): min=35, max=33061, avg=112.44, stdev=277.91
    clat percentiles (usec):
     |  1.00th=[   42],  5.00th=[   46], 10.00th=[   47], 20.00th=[   49],
     | 30.00th=[   51], 40.00th=[   61], 50.00th=[   78], 60.00th=[   94],
     | 70.00th=[  121], 80.00th=[  149], 90.00th=[  196], 95.00th=[  245],
     | 99.00th=[  668], 99.50th=[  799], 99.90th=[ 1074], 99.95th=[ 1237],
     | 99.99th=[ 3884]
   bw (  KiB/s): min=31603, max=117136, per=100.00%, avg=66655.55, stdev=2914.58, samples=79
   iops        : min= 7900, max=29284, avg=16663.82, stdev=728.66, samples=79
  cpu          : usr=70.51%, sys=4.87%, ctx=343851, majf=0, minf=0
  IO depths    : 1=100.0%, 2=0.0%, 4=0.0%, 8=0.0%, 16=0.0%, 32=0.0%, >=64=0.0%
     submit    : 0=0.0%, 4=100.0%, 8=0.0%, 16=0.0%, 32=0.0%, 64=0.0%, >=64=0.0%
     complete  : 0=0.0%, 4=100.0%, 8=0.0%, 16=0.0%, 32=0.0%, 64=0.0%, >=64=0.0%
     issued rwts: total=72000,0,0,0 short=0,0,0,0 dropped=0,0,0,0
     latency   : target=0, window=0, percentile=100.00%, depth=1

Run status group 0 (all jobs):
   READ: bw=46.2MiB/s (48.5MB/s), 46.2MiB/s-46.2MiB/s (48.5MB/s-48.5MB/s), io=281MiB (295MB), run=6083-6083msec
