create: (g=0): rw=read, bs=(R) 4096B-4096B, (W) 4096B-4096B, (T) 4096B-4096B, ioengine=filecreate, iodepth=1
...
fio-3.41
Starting 5 threads

create: (groupid=0, jobs=5): err= 0: pid=19033: Fri Mar 13 16:37:33 2026
  read: IOPS=4943, BW=19.3MiB/s (20.2MB/s)(156MiB/8092msec)
    clat (usec): min=53, max=58156, avg=197.14, stdev=744.73
    clat percentiles (usec):
     |  1.00th=[   72],  5.00th=[   89], 10.00th=[   96], 20.00th=[  113],
     | 30.00th=[  131], 40.00th=[  149], 50.00th=[  167], 60.00th=[  186],
     | 70.00th=[  212], 80.00th=[  251], 90.00th=[  306], 95.00th=[  351],
     | 99.00th=[  449], 99.50th=[  494], 99.90th=[  693], 99.95th=[ 1188],
     | 99.99th=[45876]
   bw (  KiB/s): min= 8924, max=45072, per=100.00%, avg=24887.14, stdev=2011.56, samples=61
   iops        : min= 2229, max=11268, avg=6221.61, stdev=502.94, samples=61
  cpu          : usr=65.10%, sys=3.74%, ctx=149926, majf=0, minf=0
  IO depths    : 1=100.0%, 2=0.0%, 4=0.0%, 8=0.0%, 16=0.0%, 32=0.0%, >=64=0.0%
     submit    : 0=0.0%, 4=100.0%, 8=0.0%, 16=0.0%, 32=0.0%, 64=0.0%, >=64=0.0%
     complete  : 0=0.0%, 4=100.0%, 8=0.0%, 16=0.0%, 32=0.0%, 64=0.0%, >=64=0.0%
     issued rwts: total=40000,0,0,0 short=0,0,0,0 dropped=0,0,0,0
     latency   : target=0, window=0, percentile=100.00%, depth=1

Run status group 0 (all jobs):
   READ: bw=19.3MiB/s (20.2MB/s), 19.3MiB/s-19.3MiB/s (20.2MB/s-20.2MB/s), io=156MiB (164MB), run=8092-8092msec
