create: (g=0): rw=read, bs=(R) 4096B-4096B, (W) 4096B-4096B, (T) 4096B-4096B, ioengine=filecreate, iodepth=1
...
fio-3.41
Starting 11 threads

create: (groupid=0, jobs=11): err= 0: pid=308178: Sat Mar 14 01:02:13 2026
  read: IOPS=6025, BW=23.5MiB/s (24.7MB/s)(344MiB/14604msec)
    clat (usec): min=56, max=59041, avg=937.47, stdev=1001.34
    clat percentiles (usec):
     |  1.00th=[  105],  5.00th=[  141], 10.00th=[  186], 20.00th=[  326],
     | 30.00th=[  474], 40.00th=[  676], 50.00th=[  963], 60.00th=[ 1172],
     | 70.00th=[ 1319], 80.00th=[ 1450], 90.00th=[ 1614], 95.00th=[ 1729],
     | 99.00th=[ 1975], 99.50th=[ 2073], 99.90th=[ 2474], 99.95th=[11863],
     | 99.99th=[48497]
   bw (  KiB/s): min=15775, max=33672, per=100.00%, avg=27845.38, stdev=377.81, samples=284
   iops        : min= 3942, max= 8418, avg=6961.28, stdev=94.47, samples=284
  cpu          : usr=38.94%, sys=2.82%, ctx=378000, majf=0, minf=0
  IO depths    : 1=100.0%, 2=0.0%, 4=0.0%, 8=0.0%, 16=0.0%, 32=0.0%, >=64=0.0%
     submit    : 0=0.0%, 4=100.0%, 8=0.0%, 16=0.0%, 32=0.0%, 64=0.0%, >=64=0.0%
     complete  : 0=0.0%, 4=100.0%, 8=0.0%, 16=0.0%, 32=0.0%, 64=0.0%, >=64=0.0%
     issued rwts: total=88000,0,0,0 short=0,0,0,0 dropped=0,0,0,0
     latency   : target=0, window=0, percentile=100.00%, depth=1

Run status group 0 (all jobs):
   READ: bw=23.5MiB/s (24.7MB/s), 23.5MiB/s-23.5MiB/s (24.7MB/s-24.7MB/s), io=344MiB (360MB), run=14604-14604msec
