create: (g=0): rw=read, bs=(R) 4096B-4096B, (W) 4096B-4096B, (T) 4096B-4096B, ioengine=filecreate, iodepth=1
...
fio-3.41
Starting 2 threads

create: (groupid=0, jobs=2): err= 0: pid=106507: Fri Mar 13 19:26:01 2026
  read: IOPS=3292, BW=12.9MiB/s (13.5MB/s)(62.5MiB/4860msec)
    clat (usec): min=50, max=1939, avg=159.27, stdev=57.78
    clat percentiles (usec):
     |  1.00th=[   82],  5.00th=[   90], 10.00th=[   95], 20.00th=[  112],
     | 30.00th=[  125], 40.00th=[  139], 50.00th=[  155], 60.00th=[  167],
     | 70.00th=[  182], 80.00th=[  196], 90.00th=[  243], 95.00th=[  265],
     | 99.00th=[  289], 99.50th=[  302], 99.90th=[  375], 99.95th=[  437],
     | 99.99th=[ 1844]
   bw (  KiB/s): min= 8072, max=17360, per=89.52%, avg=11789.44, stdev=1389.48, samples=18
   iops        : min= 2018, max= 4340, avg=2947.22, stdev=347.39, samples=18
  cpu          : usr=61.23%, sys=4.25%, ctx=57568, majf=0, minf=0
  IO depths    : 1=100.0%, 2=0.0%, 4=0.0%, 8=0.0%, 16=0.0%, 32=0.0%, >=64=0.0%
     submit    : 0=0.0%, 4=100.0%, 8=0.0%, 16=0.0%, 32=0.0%, 64=0.0%, >=64=0.0%
     complete  : 0=0.0%, 4=100.0%, 8=0.0%, 16=0.0%, 32=0.0%, 64=0.0%, >=64=0.0%
     issued rwts: total=16000,0,0,0 short=0,0,0,0 dropped=0,0,0,0
     latency   : target=0, window=0, percentile=100.00%, depth=1

Run status group 0 (all jobs):
   READ: bw=12.9MiB/s (13.5MB/s), 12.9MiB/s-12.9MiB/s (13.5MB/s-13.5MB/s), io=62.5MiB (65.5MB), run=4860-4860msec
