create: (g=0): rw=read, bs=(R) 4096B-4096B, (W) 4096B-4096B, (T) 4096B-4096B, ioengine=filecreate, iodepth=1
...
fio-3.41
Starting 30 threads

create: (groupid=0, jobs=30): err= 0: pid=291429: Fri Mar 13 23:32:02 2026
  read: IOPS=4546, BW=17.8MiB/s (18.6MB/s)(938MiB/52786msec)
    clat (usec): min=81, max=58263, avg=5914.96, stdev=2259.21
    clat percentiles (usec):
     |  1.00th=[  125],  5.00th=[  163], 10.00th=[ 4883], 20.00th=[ 5669],
     | 30.00th=[ 5932], 40.00th=[ 6128], 50.00th=[ 6325], 60.00th=[ 6456],
     | 70.00th=[ 6652], 80.00th=[ 6849], 90.00th=[ 7242], 95.00th=[ 7570],
     | 99.00th=[ 8291], 99.50th=[ 8586], 99.90th=[22152], 99.95th=[44827],
     | 99.99th=[56361]
   bw (  KiB/s): min=15709, max=21872, per=100.00%, avg=18246.20, stdev=33.43, samples=3134
   iops        : min= 3925, max= 5468, avg=4561.44, stdev= 8.36, samples=3134
  cpu          : usr=8.91%, sys=1.26%, ctx=1058085, majf=0, minf=0
  IO depths    : 1=100.0%, 2=0.0%, 4=0.0%, 8=0.0%, 16=0.0%, 32=0.0%, >=64=0.0%
     submit    : 0=0.0%, 4=100.0%, 8=0.0%, 16=0.0%, 32=0.0%, 64=0.0%, >=64=0.0%
     complete  : 0=0.0%, 4=100.0%, 8=0.0%, 16=0.0%, 32=0.0%, 64=0.0%, >=64=0.0%
     issued rwts: total=240000,0,0,0 short=0,0,0,0 dropped=0,0,0,0
     latency   : target=0, window=0, percentile=100.00%, depth=1

Run status group 0 (all jobs):
   READ: bw=17.8MiB/s (18.6MB/s), 17.8MiB/s-17.8MiB/s (18.6MB/s-18.6MB/s), io=938MiB (983MB), run=52786-52786msec
