create: (g=0): rw=read, bs=(R) 4096B-4096B, (W) 4096B-4096B, (T) 4096B-4096B, ioengine=filecreate, iodepth=1
...
fio-3.41
Starting 24 threads

create: (groupid=0, jobs=24): err= 0: pid=311520: Sat Mar 14 01:14:45 2026
  read: IOPS=6502, BW=25.4MiB/s (26.6MB/s)(750MiB/29528msec)
    clat (usec): min=41, max=51643, avg=3190.57, stdev=2092.92
    clat percentiles (usec):
     |  1.00th=[   53],  5.00th=[   68], 10.00th=[   88], 20.00th=[ 2180],
     | 30.00th=[ 2966], 40.00th=[ 3261], 50.00th=[ 3556], 60.00th=[ 3916],
     | 70.00th=[ 4228], 80.00th=[ 4490], 90.00th=[ 4817], 95.00th=[ 5145],
     | 99.00th=[ 5473], 99.50th=[ 5604], 99.90th=[28443], 99.95th=[43254],
     | 99.99th=[50594]
   bw (  KiB/s): min=19392, max=33864, per=100.00%, avg=26145.84, stdev=132.66, samples=1395
   iops        : min= 4848, max= 8466, avg=6536.43, stdev=33.17, samples=1395
  cpu          : usr=11.27%, sys=1.98%, ctx=1007201, majf=0, minf=0
  IO depths    : 1=100.0%, 2=0.0%, 4=0.0%, 8=0.0%, 16=0.0%, 32=0.0%, >=64=0.0%
     submit    : 0=0.0%, 4=100.0%, 8=0.0%, 16=0.0%, 32=0.0%, 64=0.0%, >=64=0.0%
     complete  : 0=0.0%, 4=100.0%, 8=0.0%, 16=0.0%, 32=0.0%, 64=0.0%, >=64=0.0%
     issued rwts: total=192000,0,0,0 short=0,0,0,0 dropped=0,0,0,0
     latency   : target=0, window=0, percentile=100.00%, depth=1

Run status group 0 (all jobs):
   READ: bw=25.4MiB/s (26.6MB/s), 25.4MiB/s-25.4MiB/s (26.6MB/s-26.6MB/s), io=750MiB (786MB), run=29528-29528msec
