create: (g=0): rw=read, bs=(R) 4096B-4096B, (W) 4096B-4096B, (T) 4096B-4096B, ioengine=filecreate, iodepth=1
...
fio-3.41
Starting 4 threads

create: (groupid=0, jobs=4): err= 0: pid=306938: Sat Mar 14 00:59:48 2026
  read: IOPS=7620, BW=29.8MiB/s (31.2MB/s)(125MiB/4199msec)
    clat (usec): min=36, max=49157, avg=70.84, stdev=594.31
    clat percentiles (usec):
     |  1.00th=[   41],  5.00th=[   44], 10.00th=[   45], 20.00th=[   46],
     | 30.00th=[   47], 40.00th=[   48], 50.00th=[   50], 60.00th=[   58],
     | 70.00th=[   68], 80.00th=[   83], 90.00th=[   99], 95.00th=[  115],
     | 99.00th=[  145], 99.50th=[  159], 99.90th=[  258], 99.95th=[  685],
     | 99.99th=[47449]
   bw (  KiB/s): min=15262, max=62132, per=100.00%, avg=31448.36, stdev=3809.66, samples=27
   iops        : min= 3815, max=15533, avg=7862.02, stdev=952.43, samples=27
  cpu          : usr=71.47%, sys=5.87%, ctx=141684, majf=0, minf=0
  IO depths    : 1=100.0%, 2=0.0%, 4=0.0%, 8=0.0%, 16=0.0%, 32=0.0%, >=64=0.0%
     submit    : 0=0.0%, 4=100.0%, 8=0.0%, 16=0.0%, 32=0.0%, 64=0.0%, >=64=0.0%
     complete  : 0=0.0%, 4=100.0%, 8=0.0%, 16=0.0%, 32=0.0%, 64=0.0%, >=64=0.0%
     issued rwts: total=32000,0,0,0 short=0,0,0,0 dropped=0,0,0,0
     latency   : target=0, window=0, percentile=100.00%, depth=1

Run status group 0 (all jobs):
   READ: bw=29.8MiB/s (31.2MB/s), 29.8MiB/s-29.8MiB/s (31.2MB/s-31.2MB/s), io=125MiB (131MB), run=4199-4199msec
