create: (g=0): rw=read, bs=(R) 4096B-4096B, (W) 4096B-4096B, (T) 4096B-4096B, ioengine=filecreate, iodepth=1
...
fio-3.41
Starting 13 threads

create: (groupid=0, jobs=13): err= 0: pid=21102: Fri Mar 13 16:41:10 2026
  read: IOPS=10.1k, BW=39.6MiB/s (41.5MB/s)(406MiB/10264msec)
    clat (usec): min=36, max=58330, avg=711.31, stdev=945.84
    clat percentiles (usec):
     |  1.00th=[   47],  5.00th=[   49], 10.00th=[   51], 20.00th=[   60],
     | 30.00th=[   84], 40.00th=[  133], 50.00th=[  237], 60.00th=[ 1074],
     | 70.00th=[ 1237], 80.00th=[ 1401], 90.00th=[ 1565], 95.00th=[ 1680],
     | 99.00th=[ 1860], 99.50th=[ 1942], 99.90th=[ 2147], 99.95th=[ 2868],
     | 99.99th=[50070]
   bw (  KiB/s): min=27500, max=81480, per=100.00%, avg=42853.31, stdev=1053.73, samples=239
   iops        : min= 6872, max=20370, avg=10713.05, stdev=263.45, samples=239
  cpu          : usr=34.01%, sys=3.53%, ctx=529454, majf=0, minf=0
  IO depths    : 1=100.0%, 2=0.0%, 4=0.0%, 8=0.0%, 16=0.0%, 32=0.0%, >=64=0.0%
     submit    : 0=0.0%, 4=100.0%, 8=0.0%, 16=0.0%, 32=0.0%, 64=0.0%, >=64=0.0%
     complete  : 0=0.0%, 4=100.0%, 8=0.0%, 16=0.0%, 32=0.0%, 64=0.0%, >=64=0.0%
     issued rwts: total=104000,0,0,0 short=0,0,0,0 dropped=0,0,0,0
     latency   : target=0, window=0, percentile=100.00%, depth=1

Run status group 0 (all jobs):
   READ: bw=39.6MiB/s (41.5MB/s), 39.6MiB/s-39.6MiB/s (41.5MB/s-41.5MB/s), io=406MiB (426MB), run=10264-10264msec
