create: (g=0): rw=read, bs=(R) 4096B-4096B, (W) 4096B-4096B, (T) 4096B-4096B, ioengine=filecreate, iodepth=1
...
fio-3.41
Starting 12 threads

create: (groupid=0, jobs=12): err= 0: pid=297679: Sat Mar 14 00:06:52 2026
  read: IOPS=9863, BW=38.5MiB/s (40.4MB/s)(375MiB/9733msec)
    clat (usec): min=37, max=51905, avg=567.93, stdev=788.03
    clat percentiles (usec):
     |  1.00th=[   46],  5.00th=[   48], 10.00th=[   50], 20.00th=[   55],
     | 30.00th=[   68], 40.00th=[   93], 50.00th=[  143], 60.00th=[  873],
     | 70.00th=[ 1074], 80.00th=[ 1205], 90.00th=[ 1336], 95.00th=[ 1418],
     | 99.00th=[ 1565], 99.50th=[ 1631], 99.90th=[ 1860], 99.95th=[ 3326],
     | 99.99th=[43254]
   bw (  KiB/s): min=23848, max=62672, per=100.00%, avg=43690.32, stdev=921.40, samples=207
   iops        : min= 5959, max=15668, avg=10922.20, stdev=230.38, samples=207
  cpu          : usr=42.45%, sys=3.75%, ctx=481621, majf=0, minf=0
  IO depths    : 1=100.0%, 2=0.0%, 4=0.0%, 8=0.0%, 16=0.0%, 32=0.0%, >=64=0.0%
     submit    : 0=0.0%, 4=100.0%, 8=0.0%, 16=0.0%, 32=0.0%, 64=0.0%, >=64=0.0%
     complete  : 0=0.0%, 4=100.0%, 8=0.0%, 16=0.0%, 32=0.0%, 64=0.0%, >=64=0.0%
     issued rwts: total=96000,0,0,0 short=0,0,0,0 dropped=0,0,0,0
     latency   : target=0, window=0, percentile=100.00%, depth=1

Run status group 0 (all jobs):
   READ: bw=38.5MiB/s (40.4MB/s), 38.5MiB/s-38.5MiB/s (40.4MB/s-40.4MB/s), io=375MiB (393MB), run=9733-9733msec
