create: (g=0): rw=read, bs=(R) 4096B-4096B, (W) 4096B-4096B, (T) 4096B-4096B, ioengine=filecreate, iodepth=1
...
fio-3.41
Starting 23 threads

create: (groupid=0, jobs=23): err= 0: pid=311246: Sat Mar 14 01:13:19 2026
  read: IOPS=6683, BW=26.1MiB/s (27.4MB/s)(719MiB/27532msec)
    clat (usec): min=42, max=59122, avg=2934.87, stdev=2123.07
    clat percentiles (usec):
     |  1.00th=[   52],  5.00th=[   64], 10.00th=[   82], 20.00th=[ 1762],
     | 30.00th=[ 2638], 40.00th=[ 2966], 50.00th=[ 3261], 60.00th=[ 3589],
     | 70.00th=[ 3949], 80.00th=[ 4228], 90.00th=[ 4490], 95.00th=[ 4752],
     | 99.00th=[ 5211], 99.50th=[ 5342], 99.90th=[15008], 99.95th=[50594],
     | 99.99th=[58459]
   bw (  KiB/s): min=19257, max=33856, per=100.00%, avg=26905.61, stdev=148.07, samples=1244
   iops        : min= 4814, max= 8464, avg=6726.39, stdev=37.02, samples=1244
  cpu          : usr=12.12%, sys=2.05%, ctx=965164, majf=0, minf=0
  IO depths    : 1=100.0%, 2=0.0%, 4=0.0%, 8=0.0%, 16=0.0%, 32=0.0%, >=64=0.0%
     submit    : 0=0.0%, 4=100.0%, 8=0.0%, 16=0.0%, 32=0.0%, 64=0.0%, >=64=0.0%
     complete  : 0=0.0%, 4=100.0%, 8=0.0%, 16=0.0%, 32=0.0%, 64=0.0%, >=64=0.0%
     issued rwts: total=184000,0,0,0 short=0,0,0,0 dropped=0,0,0,0
     latency   : target=0, window=0, percentile=100.00%, depth=1

Run status group 0 (all jobs):
   READ: bw=26.1MiB/s (27.4MB/s), 26.1MiB/s-26.1MiB/s (27.4MB/s-27.4MB/s), io=719MiB (754MB), run=27532-27532msec
