create: (g=0): rw=read, bs=(R) 4096B-4096B, (W) 4096B-4096B, (T) 4096B-4096B, ioengine=filecreate, iodepth=1
...
fio-3.41
Starting 25 threads

create: (groupid=0, jobs=25): err= 0: pid=46916: Fri Mar 13 18:48:05 2026
  read: IOPS=7066, BW=27.6MiB/s (28.9MB/s)(781MiB/28302msec)
    clat (usec): min=38, max=56978, avg=3047.69, stdev=2039.28
    clat percentiles (usec):
     |  1.00th=[   52],  5.00th=[   62], 10.00th=[   76], 20.00th=[ 1713],
     | 30.00th=[ 3032], 40.00th=[ 3326], 50.00th=[ 3556], 60.00th=[ 3752],
     | 70.00th=[ 3916], 80.00th=[ 4113], 90.00th=[ 4359], 95.00th=[ 4555],
     | 99.00th=[ 5080], 99.50th=[ 6652], 99.90th=[35914], 99.95th=[40109],
     | 99.99th=[50070]
   bw (  KiB/s): min=20621, max=32912, per=100.00%, avg=28365.36, stdev=83.73, samples=1393
   iops        : min= 5150, max= 8228, avg=7091.25, stdev=20.95, samples=1393
  cpu          : usr=11.59%, sys=1.88%, ctx=1048989, majf=0, minf=0
  IO depths    : 1=100.0%, 2=0.0%, 4=0.0%, 8=0.0%, 16=0.0%, 32=0.0%, >=64=0.0%
     submit    : 0=0.0%, 4=100.0%, 8=0.0%, 16=0.0%, 32=0.0%, 64=0.0%, >=64=0.0%
     complete  : 0=0.0%, 4=100.0%, 8=0.0%, 16=0.0%, 32=0.0%, 64=0.0%, >=64=0.0%
     issued rwts: total=200000,0,0,0 short=0,0,0,0 dropped=0,0,0,0
     latency   : target=0, window=0, percentile=100.00%, depth=1

Run status group 0 (all jobs):
   READ: bw=27.6MiB/s (28.9MB/s), 27.6MiB/s-27.6MiB/s (28.9MB/s-28.9MB/s), io=781MiB (819MB), run=28302-28302msec
