create: (g=0): rw=read, bs=(R) 4096B-4096B, (W) 4096B-4096B, (T) 4096B-4096B, ioengine=filecreate, iodepth=1
...
fio-3.41
Starting 26 threads

create: (groupid=0, jobs=26): err= 0: pid=268712: Fri Mar 13 21:32:37 2026
  read: IOPS=6526, BW=25.5MiB/s (26.7MB/s)(813MiB/31871msec)
    clat (usec): min=39, max=68569, avg=3432.61, stdev=2462.86
    clat percentiles (usec):
     |  1.00th=[   53],  5.00th=[   69], 10.00th=[   93], 20.00th=[ 2245],
     | 30.00th=[ 3163], 40.00th=[ 3523], 50.00th=[ 3818], 60.00th=[ 4047],
     | 70.00th=[ 4359], 80.00th=[ 4883], 90.00th=[ 5473], 95.00th=[ 5669],
     | 99.00th=[ 6128], 99.50th=[ 6259], 99.90th=[40633], 99.95th=[52691],
     | 99.99th=[65274]
   bw (  KiB/s): min=15891, max=32528, per=100.00%, avg=26256.44, stdev=137.09, samples=1626
   iops        : min= 3969, max= 8132, avg=6564.05, stdev=34.28, samples=1626
  cpu          : usr=11.23%, sys=1.80%, ctx=1093053, majf=0, minf=0
  IO depths    : 1=100.0%, 2=0.0%, 4=0.0%, 8=0.0%, 16=0.0%, 32=0.0%, >=64=0.0%
     submit    : 0=0.0%, 4=100.0%, 8=0.0%, 16=0.0%, 32=0.0%, 64=0.0%, >=64=0.0%
     complete  : 0=0.0%, 4=100.0%, 8=0.0%, 16=0.0%, 32=0.0%, 64=0.0%, >=64=0.0%
     issued rwts: total=208000,0,0,0 short=0,0,0,0 dropped=0,0,0,0
     latency   : target=0, window=0, percentile=100.00%, depth=1

Run status group 0 (all jobs):
   READ: bw=25.5MiB/s (26.7MB/s), 25.5MiB/s-25.5MiB/s (26.7MB/s-26.7MB/s), io=813MiB (852MB), run=31871-31871msec
