create: (g=0): rw=read, bs=(R) 4096B-4096B, (W) 4096B-4096B, (T) 4096B-4096B, ioengine=filecreate, iodepth=1
...
fio-3.41
Starting 28 threads

create: (groupid=0, jobs=28): err= 0: pid=141630: Fri Mar 13 19:47:10 2026
  read: IOPS=6206, BW=24.2MiB/s (25.4MB/s)(875MiB/36091msec)
    clat (usec): min=41, max=66037, avg=3943.29, stdev=2424.66
    clat percentiles (usec):
     |  1.00th=[   55],  5.00th=[   74], 10.00th=[  105], 20.00th=[ 2769],
     | 30.00th=[ 3720], 40.00th=[ 4080], 50.00th=[ 4424], 60.00th=[ 4686],
     | 70.00th=[ 5080], 80.00th=[ 5604], 90.00th=[ 6063], 95.00th=[ 6325],
     | 99.00th=[ 6915], 99.50th=[ 7701], 99.90th=[20317], 99.95th=[37487],
     | 99.99th=[65274]
   bw (  KiB/s): min=19050, max=33600, per=100.00%, avg=24996.23, stdev=111.21, samples=1983
   iops        : min= 4762, max= 8400, avg=6248.85, stdev=27.81, samples=1983
  cpu          : usr=10.36%, sys=1.70%, ctx=1176328, majf=0, minf=0
  IO depths    : 1=100.0%, 2=0.0%, 4=0.0%, 8=0.0%, 16=0.0%, 32=0.0%, >=64=0.0%
     submit    : 0=0.0%, 4=100.0%, 8=0.0%, 16=0.0%, 32=0.0%, 64=0.0%, >=64=0.0%
     complete  : 0=0.0%, 4=100.0%, 8=0.0%, 16=0.0%, 32=0.0%, 64=0.0%, >=64=0.0%
     issued rwts: total=224000,0,0,0 short=0,0,0,0 dropped=0,0,0,0
     latency   : target=0, window=0, percentile=100.00%, depth=1

Run status group 0 (all jobs):
   READ: bw=24.2MiB/s (25.4MB/s), 24.2MiB/s-24.2MiB/s (25.4MB/s-25.4MB/s), io=875MiB (918MB), run=36091-36091msec
