create: (g=0): rw=read, bs=(R) 4096B-4096B, (W) 4096B-4096B, (T) 4096B-4096B, ioengine=filecreate, iodepth=1
...
fio-3.41
Starting 10 threads

create: (groupid=0, jobs=10): err= 0: pid=264750: Fri Mar 13 21:16:27 2026
  read: IOPS=12.8k, BW=50.1MiB/s (52.5MB/s)(313MiB/6242msec)
    clat (usec): min=36, max=50255, avg=115.76, stdev=530.38
    clat percentiles (usec):
     |  1.00th=[   40],  5.00th=[   45], 10.00th=[   47], 20.00th=[   50],
     | 30.00th=[   53], 40.00th=[   67], 50.00th=[   84], 60.00th=[   98],
     | 70.00th=[  122], 80.00th=[  145], 90.00th=[  188], 95.00th=[  229],
     | 99.00th=[  668], 99.50th=[  889], 99.90th=[ 1188], 99.95th=[ 1598],
     | 99.99th=[35390]
   bw (  KiB/s): min=27322, max=149630, per=100.00%, avg=66308.08, stdev=3784.59, samples=91
   iops        : min= 6828, max=37406, avg=16576.54, stdev=946.12, samples=91
  cpu          : usr=69.30%, sys=4.82%, ctx=385047, majf=0, minf=0
  IO depths    : 1=100.0%, 2=0.0%, 4=0.0%, 8=0.0%, 16=0.0%, 32=0.0%, >=64=0.0%
     submit    : 0=0.0%, 4=100.0%, 8=0.0%, 16=0.0%, 32=0.0%, 64=0.0%, >=64=0.0%
     complete  : 0=0.0%, 4=100.0%, 8=0.0%, 16=0.0%, 32=0.0%, 64=0.0%, >=64=0.0%
     issued rwts: total=80000,0,0,0 short=0,0,0,0 dropped=0,0,0,0
     latency   : target=0, window=0, percentile=100.00%, depth=1

Run status group 0 (all jobs):
   READ: bw=50.1MiB/s (52.5MB/s), 50.1MiB/s-50.1MiB/s (52.5MB/s-52.5MB/s), io=313MiB (328MB), run=6242-6242msec
