create: (g=0): rw=read, bs=(R) 4096B-4096B, (W) 4096B-4096B, (T) 4096B-4096B, ioengine=filecreate, iodepth=1
...
fio-3.41
Starting 2 threads

create: (groupid=0, jobs=2): err= 0: pid=295624: Sat Mar 14 00:03:15 2026
  read: IOPS=3044, BW=11.9MiB/s (12.5MB/s)(62.5MiB/5256msec)
    clat (usec): min=78, max=42874, avg=177.22, stdev=425.09
    clat percentiles (usec):
     |  1.00th=[   95],  5.00th=[  112], 10.00th=[  117], 20.00th=[  129],
     | 30.00th=[  143], 40.00th=[  155], 50.00th=[  165], 60.00th=[  178],
     | 70.00th=[  188], 80.00th=[  208], 90.00th=[  241], 95.00th=[  269],
     | 99.00th=[  314], 99.50th=[  330], 99.90th=[  404], 99.95th=[  510],
     | 99.99th=[31851]
   bw (  KiB/s): min= 7656, max=19104, per=93.52%, avg=11387.20, stdev=1506.46, samples=20
   iops        : min= 1914, max= 4776, avg=2846.80, stdev=376.62, samples=20
  cpu          : usr=61.30%, sys=4.84%, ctx=56916, majf=0, minf=0
  IO depths    : 1=100.0%, 2=0.0%, 4=0.0%, 8=0.0%, 16=0.0%, 32=0.0%, >=64=0.0%
     submit    : 0=0.0%, 4=100.0%, 8=0.0%, 16=0.0%, 32=0.0%, 64=0.0%, >=64=0.0%
     complete  : 0=0.0%, 4=100.0%, 8=0.0%, 16=0.0%, 32=0.0%, 64=0.0%, >=64=0.0%
     issued rwts: total=16000,0,0,0 short=0,0,0,0 dropped=0,0,0,0
     latency   : target=0, window=0, percentile=100.00%, depth=1

Run status group 0 (all jobs):
   READ: bw=11.9MiB/s (12.5MB/s), 11.9MiB/s-11.9MiB/s (12.5MB/s-12.5MB/s), io=62.5MiB (65.5MB), run=5256-5256msec
