create: (g=0): rw=read, bs=(R) 4096B-4096B, (W) 4096B-4096B, (T) 4096B-4096B, ioengine=filecreate, iodepth=1
...
fio-3.41
Starting 28 threads

create: (groupid=0, jobs=28): err= 0: pid=227645: Fri Mar 13 20:40:52 2026
  read: IOPS=6383, BW=24.9MiB/s (26.1MB/s)(875MiB/35093msec)
    clat (usec): min=38, max=65029, avg=3831.91, stdev=2502.59
    clat percentiles (usec):
     |  1.00th=[   54],  5.00th=[   70], 10.00th=[   97], 20.00th=[ 2343],
     | 30.00th=[ 3687], 40.00th=[ 4047], 50.00th=[ 4359], 60.00th=[ 4621],
     | 70.00th=[ 4948], 80.00th=[ 5276], 90.00th=[ 5735], 95.00th=[ 6194],
     | 99.00th=[ 6783], 99.50th=[ 7242], 99.90th=[32900], 99.95th=[47449],
     | 99.99th=[57410]
   bw (  KiB/s): min=18361, max=31088, per=100.00%, avg=25661.31, stdev=96.61, samples=1924
   iops        : min= 4586, max= 7772, avg=6415.25, stdev=24.16, samples=1924
  cpu          : usr=10.24%, sys=1.72%, ctx=1175501, majf=0, minf=0
  IO depths    : 1=100.0%, 2=0.0%, 4=0.0%, 8=0.0%, 16=0.0%, 32=0.0%, >=64=0.0%
     submit    : 0=0.0%, 4=100.0%, 8=0.0%, 16=0.0%, 32=0.0%, 64=0.0%, >=64=0.0%
     complete  : 0=0.0%, 4=100.0%, 8=0.0%, 16=0.0%, 32=0.0%, 64=0.0%, >=64=0.0%
     issued rwts: total=224000,0,0,0 short=0,0,0,0 dropped=0,0,0,0
     latency   : target=0, window=0, percentile=100.00%, depth=1

Run status group 0 (all jobs):
   READ: bw=24.9MiB/s (26.1MB/s), 24.9MiB/s-24.9MiB/s (26.1MB/s-26.1MB/s), io=875MiB (918MB), run=35093-35093msec
