create: (g=0): rw=read, bs=(R) 4096B-4096B, (W) 4096B-4096B, (T) 4096B-4096B, ioengine=filecreate, iodepth=1
...
fio-3.41
Starting 64 threads

create: (groupid=0, jobs=64): err= 0: pid=262555: Fri Mar 13 21:11:47 2026
  read: IOPS=4233, BW=16.5MiB/s (17.3MB/s)(2000MiB/120952msec)
    clat (usec): min=80, max=67610, avg=13987.92, stdev=4236.45
    clat percentiles (usec):
     |  1.00th=[  139],  5.00th=[  196], 10.00th=[13173], 20.00th=[13960],
     | 30.00th=[14353], 40.00th=[14615], 50.00th=[14877], 60.00th=[15139],
     | 70.00th=[15401], 80.00th=[15664], 90.00th=[16057], 95.00th=[16319],
     | 99.00th=[16909], 99.50th=[17695], 99.90th=[47973], 99.95th=[59507],
     | 99.99th=[66847]
   bw (  KiB/s): min=14336, max=23432, per=100.00%, avg=16961.98, stdev=16.85, samples=15437
   iops        : min= 3584, max= 5856, avg=4240.47, stdev= 4.21, samples=15437
  cpu          : usr=6.84%, sys=0.58%, ctx=2248788, majf=0, minf=0
  IO depths    : 1=100.0%, 2=0.0%, 4=0.0%, 8=0.0%, 16=0.0%, 32=0.0%, >=64=0.0%
     submit    : 0=0.0%, 4=100.0%, 8=0.0%, 16=0.0%, 32=0.0%, 64=0.0%, >=64=0.0%
     complete  : 0=0.0%, 4=100.0%, 8=0.0%, 16=0.0%, 32=0.0%, 64=0.0%, >=64=0.0%
     issued rwts: total=512000,0,0,0 short=0,0,0,0 dropped=0,0,0,0
     latency   : target=0, window=0, percentile=100.00%, depth=1

Run status group 0 (all jobs):
   READ: bw=16.5MiB/s (17.3MB/s), 16.5MiB/s-16.5MiB/s (17.3MB/s-17.3MB/s), io=2000MiB (2097MB), run=120952-120952msec
