create: (g=0): rw=read, bs=(R) 4096B-4096B, (W) 4096B-4096B, (T) 4096B-4096B, ioengine=filecreate, iodepth=1
...
fio-3.41
Starting 31 threads

create: (groupid=0, jobs=31): err= 0: pid=234358: Fri Mar 13 20:45:25 2026
  read: IOPS=4810, BW=18.8MiB/s (19.7MB/s)(969MiB/51551msec)
    clat (usec): min=58, max=61829, avg=5768.97, stdev=2473.34
    clat percentiles (usec):
     |  1.00th=[  114],  5.00th=[  155], 10.00th=[ 3818], 20.00th=[ 5145],
     | 30.00th=[ 5604], 40.00th=[ 5932], 50.00th=[ 6194], 60.00th=[ 6456],
     | 70.00th=[ 6718], 80.00th=[ 6915], 90.00th=[ 7242], 95.00th=[ 7570],
     | 99.00th=[ 9503], 99.50th=[11600], 99.90th=[20579], 99.95th=[48497],
     | 99.99th=[58459]
   bw (  KiB/s): min=14957, max=25982, per=100.00%, avg=19301.39, stdev=49.61, samples=3169
   iops        : min= 3737, max= 6493, avg=4825.29, stdev=12.40, samples=3169
  cpu          : usr=8.96%, sys=1.20%, ctx=1089656, majf=0, minf=0
  IO depths    : 1=100.0%, 2=0.0%, 4=0.0%, 8=0.0%, 16=0.0%, 32=0.0%, >=64=0.0%
     submit    : 0=0.0%, 4=100.0%, 8=0.0%, 16=0.0%, 32=0.0%, 64=0.0%, >=64=0.0%
     complete  : 0=0.0%, 4=100.0%, 8=0.0%, 16=0.0%, 32=0.0%, 64=0.0%, >=64=0.0%
     issued rwts: total=248000,0,0,0 short=0,0,0,0 dropped=0,0,0,0
     latency   : target=0, window=0, percentile=100.00%, depth=1

Run status group 0 (all jobs):
   READ: bw=18.8MiB/s (19.7MB/s), 18.8MiB/s-18.8MiB/s (19.7MB/s-19.7MB/s), io=969MiB (1016MB), run=51551-51551msec
