create: (g=0): rw=read, bs=(R) 4096B-4096B, (W) 4096B-4096B, (T) 4096B-4096B, ioengine=filecreate, iodepth=1
...
fio-3.41
Starting 25 threads

create: (groupid=0, jobs=25): err= 0: pid=45432: Fri Mar 13 18:47:30 2026
  read: IOPS=4774, BW=18.7MiB/s (19.6MB/s)(781MiB/41886msec)
    clat (usec): min=47, max=65919, avg=4496.33, stdev=2202.88
    clat percentiles (usec):
     |  1.00th=[  106],  5.00th=[  153], 10.00th=[ 1450], 20.00th=[ 4113],
     | 30.00th=[ 4555], 40.00th=[ 4752], 50.00th=[ 4948], 60.00th=[ 5080],
     | 70.00th=[ 5276], 80.00th=[ 5407], 90.00th=[ 5669], 95.00th=[ 5866],
     | 99.00th=[ 7504], 99.50th=[ 9372], 99.90th=[17433], 99.95th=[49021],
     | 99.99th=[58459]
   bw (  KiB/s): min=14637, max=33144, per=99.77%, avg=19056.62, stdev=124.70, samples=2065
   iops        : min= 3656, max= 8286, avg=4764.02, stdev=31.17, samples=2065
  cpu          : usr=12.31%, sys=1.44%, ctx=875135, majf=0, minf=17
  IO depths    : 1=100.0%, 2=0.0%, 4=0.0%, 8=0.0%, 16=0.0%, 32=0.0%, >=64=0.0%
     submit    : 0=0.0%, 4=100.0%, 8=0.0%, 16=0.0%, 32=0.0%, 64=0.0%, >=64=0.0%
     complete  : 0=0.0%, 4=100.0%, 8=0.0%, 16=0.0%, 32=0.0%, 64=0.0%, >=64=0.0%
     issued rwts: total=200000,0,0,0 short=0,0,0,0 dropped=0,0,0,0
     latency   : target=0, window=0, percentile=100.00%, depth=1

Run status group 0 (all jobs):
   READ: bw=18.7MiB/s (19.6MB/s), 18.7MiB/s-18.7MiB/s (19.6MB/s-19.6MB/s), io=781MiB (819MB), run=41886-41886msec
