create: (g=0): rw=read, bs=(R) 4096B-4096B, (W) 4096B-4096B, (T) 4096B-4096B, ioengine=filecreate, iodepth=1
...
fio-3.41
Starting 25 threads

create: (groupid=0, jobs=25): err= 0: pid=134127: Fri Mar 13 19:42:21 2026
  read: IOPS=6519, BW=25.5MiB/s (26.7MB/s)(781MiB/30676msec)
    clat (usec): min=40, max=62130, avg=3298.08, stdev=2175.13
    clat percentiles (usec):
     |  1.00th=[   53],  5.00th=[   68], 10.00th=[   91], 20.00th=[ 1942],
     | 30.00th=[ 2966], 40.00th=[ 3326], 50.00th=[ 3654], 60.00th=[ 4015],
     | 70.00th=[ 4359], 80.00th=[ 4686], 90.00th=[ 5145], 95.00th=[ 5473],
     | 99.00th=[ 5997], 99.50th=[ 6259], 99.90th=[15270], 99.95th=[40109],
     | 99.99th=[52691]
   bw (  KiB/s): min=18367, max=34468, per=100.00%, avg=26242.42, stdev=135.68, samples=1511
   iops        : min= 4588, max= 8617, avg=6560.52, stdev=33.93, samples=1511
  cpu          : usr=11.45%, sys=1.86%, ctx=1050115, majf=0, minf=0
  IO depths    : 1=100.0%, 2=0.0%, 4=0.0%, 8=0.0%, 16=0.0%, 32=0.0%, >=64=0.0%
     submit    : 0=0.0%, 4=100.0%, 8=0.0%, 16=0.0%, 32=0.0%, 64=0.0%, >=64=0.0%
     complete  : 0=0.0%, 4=100.0%, 8=0.0%, 16=0.0%, 32=0.0%, 64=0.0%, >=64=0.0%
     issued rwts: total=200000,0,0,0 short=0,0,0,0 dropped=0,0,0,0
     latency   : target=0, window=0, percentile=100.00%, depth=1

Run status group 0 (all jobs):
   READ: bw=25.5MiB/s (26.7MB/s), 25.5MiB/s-25.5MiB/s (26.7MB/s-26.7MB/s), io=781MiB (819MB), run=30676-30676msec
