create: (g=0): rw=read, bs=(R) 4096B-4096B, (W) 4096B-4096B, (T) 4096B-4096B, ioengine=filecreate, iodepth=1
...
fio-3.41
Starting 24 threads

create: (groupid=0, jobs=24): err= 0: pid=130538: Fri Mar 13 19:40:17 2026
  read: IOPS=4663, BW=18.2MiB/s (19.1MB/s)(750MiB/41167msec)
    clat (usec): min=53, max=64127, avg=4379.73, stdev=2136.34
    clat percentiles (usec):
     |  1.00th=[  115],  5.00th=[  161], 10.00th=[ 1483], 20.00th=[ 3556],
     | 30.00th=[ 4113], 40.00th=[ 4490], 50.00th=[ 4817], 60.00th=[ 5080],
     | 70.00th=[ 5276], 80.00th=[ 5538], 90.00th=[ 5800], 95.00th=[ 5997],
     | 99.00th=[ 6652], 99.50th=[ 8455], 99.90th=[19006], 99.95th=[43779],
     | 99.99th=[63701]
   bw (  KiB/s): min=14681, max=30884, per=100.00%, avg=18768.93, stdev=98.23, samples=1943
   iops        : min= 3668, max= 7719, avg=4692.18, stdev=24.55, samples=1943
  cpu          : usr=12.62%, sys=1.46%, ctx=841596, majf=0, minf=21
  IO depths    : 1=100.0%, 2=0.0%, 4=0.0%, 8=0.0%, 16=0.0%, 32=0.0%, >=64=0.0%
     submit    : 0=0.0%, 4=100.0%, 8=0.0%, 16=0.0%, 32=0.0%, 64=0.0%, >=64=0.0%
     complete  : 0=0.0%, 4=100.0%, 8=0.0%, 16=0.0%, 32=0.0%, 64=0.0%, >=64=0.0%
     issued rwts: total=192000,0,0,0 short=0,0,0,0 dropped=0,0,0,0
     latency   : target=0, window=0, percentile=100.00%, depth=1

Run status group 0 (all jobs):
   READ: bw=18.2MiB/s (19.1MB/s), 18.2MiB/s-18.2MiB/s (19.1MB/s-19.1MB/s), io=750MiB (786MB), run=41167-41167msec
