create: (g=0): rw=read, bs=(R) 4096B-4096B, (W) 4096B-4096B, (T) 4096B-4096B, ioengine=filecreate, iodepth=1
...
fio-3.41
Starting 24 threads

create: (groupid=0, jobs=24): err= 0: pid=289719: Fri Mar 13 23:22:02 2026
  read: IOPS=4384, BW=17.1MiB/s (18.0MB/s)(750MiB/43794msec)
    clat (usec): min=76, max=56084, avg=4758.93, stdev=1974.16
    clat percentiles (usec):
     |  1.00th=[  125],  5.00th=[  167], 10.00th=[ 3785], 20.00th=[ 4555],
     | 30.00th=[ 4817], 40.00th=[ 4948], 50.00th=[ 5080], 60.00th=[ 5211],
     | 70.00th=[ 5342], 80.00th=[ 5473], 90.00th=[ 5735], 95.00th=[ 5997],
     | 99.00th=[ 6652], 99.50th=[ 6849], 99.90th=[28181], 99.95th=[44827],
     | 99.99th=[54789]
   bw (  KiB/s): min=14704, max=21932, per=100.00%, avg=17593.63, stdev=46.25, samples=2076
   iops        : min= 3674, max= 5480, avg=4398.31, stdev=11.56, samples=2076
  cpu          : usr=11.22%, sys=1.53%, ctx=846533, majf=0, minf=0
  IO depths    : 1=100.0%, 2=0.0%, 4=0.0%, 8=0.0%, 16=0.0%, 32=0.0%, >=64=0.0%
     submit    : 0=0.0%, 4=100.0%, 8=0.0%, 16=0.0%, 32=0.0%, 64=0.0%, >=64=0.0%
     complete  : 0=0.0%, 4=100.0%, 8=0.0%, 16=0.0%, 32=0.0%, 64=0.0%, >=64=0.0%
     issued rwts: total=192000,0,0,0 short=0,0,0,0 dropped=0,0,0,0
     latency   : target=0, window=0, percentile=100.00%, depth=1

Run status group 0 (all jobs):
   READ: bw=17.1MiB/s (18.0MB/s), 17.1MiB/s-17.1MiB/s (18.0MB/s-18.0MB/s), io=750MiB (786MB), run=43794-43794msec
