create: (g=0): rw=read, bs=(R) 4096B-4096B, (W) 4096B-4096B, (T) 4096B-4096B, ioengine=filecreate, iodepth=1
...
fio-3.41
Starting 15 threads

create: (groupid=0, jobs=15): err= 0: pid=265716: Fri Mar 13 21:19:29 2026
  read: IOPS=4504, BW=17.6MiB/s (18.5MB/s)(469MiB/26639msec)
    clat (usec): min=78, max=61326, avg=2440.09, stdev=1453.57
    clat percentiles (usec):
     |  1.00th=[  124],  5.00th=[  172], 10.00th=[  293], 20.00th=[ 1483],
     | 30.00th=[ 2343], 40.00th=[ 2606], 50.00th=[ 2802], 60.00th=[ 2933],
     | 70.00th=[ 3097], 80.00th=[ 3261], 90.00th=[ 3458], 95.00th=[ 3654],
     | 99.00th=[ 3884], 99.50th=[ 3982], 99.90th=[ 8717], 99.95th=[13829],
     | 99.99th=[58459]
   bw (  KiB/s): min=13490, max=22728, per=100.00%, avg=18229.88, stdev=129.05, samples=783
   iops        : min= 3370, max= 5682, avg=4557.42, stdev=32.27, samples=783
  cpu          : usr=22.87%, sys=2.09%, ctx=524463, majf=0, minf=0
  IO depths    : 1=100.0%, 2=0.0%, 4=0.0%, 8=0.0%, 16=0.0%, 32=0.0%, >=64=0.0%
     submit    : 0=0.0%, 4=100.0%, 8=0.0%, 16=0.0%, 32=0.0%, 64=0.0%, >=64=0.0%
     complete  : 0=0.0%, 4=100.0%, 8=0.0%, 16=0.0%, 32=0.0%, 64=0.0%, >=64=0.0%
     issued rwts: total=120000,0,0,0 short=0,0,0,0 dropped=0,0,0,0
     latency   : target=0, window=0, percentile=100.00%, depth=1

Run status group 0 (all jobs):
   READ: bw=17.6MiB/s (18.5MB/s), 17.6MiB/s-17.6MiB/s (18.5MB/s-18.5MB/s), io=469MiB (492MB), run=26639-26639msec
