create: (g=0): rw=read, bs=(R) 4096B-4096B, (W) 4096B-4096B, (T) 4096B-4096B, ioengine=filecreate, iodepth=1
...
fio-3.41
Starting 10 threads

create: (groupid=0, jobs=10): err= 0: pid=111588: Fri Mar 13 19:28:30 2026
  read: IOPS=13.5k, BW=52.9MiB/s (55.5MB/s)(313MiB/5908msec)
    clat (usec): min=36, max=36264, avg=122.84, stdev=358.14
    clat percentiles (usec):
     |  1.00th=[   43],  5.00th=[   47], 10.00th=[   48], 20.00th=[   50],
     | 30.00th=[   54], 40.00th=[   68], 50.00th=[   84], 60.00th=[   97],
     | 70.00th=[  121], 80.00th=[  145], 90.00th=[  192], 95.00th=[  243],
     | 99.00th=[  938], 99.50th=[ 1057], 99.90th=[ 1352], 99.95th=[ 1647],
     | 99.99th=[23725]
   bw (  KiB/s): min=29176, max=126768, per=100.00%, avg=63770.84, stdev=3085.12, samples=91
   iops        : min= 7294, max=31692, avg=15942.71, stdev=771.28, samples=91
  cpu          : usr=69.67%, sys=4.60%, ctx=386651, majf=0, minf=0
  IO depths    : 1=100.0%, 2=0.0%, 4=0.0%, 8=0.0%, 16=0.0%, 32=0.0%, >=64=0.0%
     submit    : 0=0.0%, 4=100.0%, 8=0.0%, 16=0.0%, 32=0.0%, 64=0.0%, >=64=0.0%
     complete  : 0=0.0%, 4=100.0%, 8=0.0%, 16=0.0%, 32=0.0%, 64=0.0%, >=64=0.0%
     issued rwts: total=80000,0,0,0 short=0,0,0,0 dropped=0,0,0,0
     latency   : target=0, window=0, percentile=100.00%, depth=1

Run status group 0 (all jobs):
   READ: bw=52.9MiB/s (55.5MB/s), 52.9MiB/s-52.9MiB/s (55.5MB/s-55.5MB/s), io=313MiB (328MB), run=5908-5908msec
