create: (g=0): rw=read, bs=(R) 4096B-4096B, (W) 4096B-4096B, (T) 4096B-4096B, ioengine=filecreate, iodepth=1
...
fio-3.41
Starting 48 threads

create: (groupid=0, jobs=48): err= 0: pid=293392: Fri Mar 13 23:46:19 2026
  read: IOPS=4252, BW=16.6MiB/s (17.4MB/s)(1500MiB/90304msec)
    clat (usec): min=77, max=66999, avg=10230.37, stdev=3370.45
    clat percentiles (usec):
     |  1.00th=[  135],  5.00th=[  192], 10.00th=[ 9110], 20.00th=[10028],
     | 30.00th=[10421], 40.00th=[10683], 50.00th=[10945], 60.00th=[11076],
     | 70.00th=[11338], 80.00th=[11600], 90.00th=[11863], 95.00th=[12125],
     | 99.00th=[12780], 99.50th=[13304], 99.90th=[49546], 99.95th=[60031],
     | 99.99th=[65799]
   bw (  KiB/s): min=14342, max=26533, per=100.00%, avg=17115.99, stdev=30.14, samples=8587
   iops        : min= 3584, max= 6631, avg=4278.95, stdev= 7.53, samples=8587
  cpu          : usr=8.06%, sys=0.77%, ctx=1689632, majf=0, minf=10
  IO depths    : 1=100.0%, 2=0.0%, 4=0.0%, 8=0.0%, 16=0.0%, 32=0.0%, >=64=0.0%
     submit    : 0=0.0%, 4=100.0%, 8=0.0%, 16=0.0%, 32=0.0%, 64=0.0%, >=64=0.0%
     complete  : 0=0.0%, 4=100.0%, 8=0.0%, 16=0.0%, 32=0.0%, 64=0.0%, >=64=0.0%
     issued rwts: total=384000,0,0,0 short=0,0,0,0 dropped=0,0,0,0
     latency   : target=0, window=0, percentile=100.00%, depth=1

Run status group 0 (all jobs):
   READ: bw=16.6MiB/s (17.4MB/s), 16.6MiB/s-16.6MiB/s (17.4MB/s-17.4MB/s), io=1500MiB (1573MB), run=90304-90304msec
