create: (g=0): rw=read, bs=(R) 4096B-4096B, (W) 4096B-4096B, (T) 4096B-4096B, ioengine=filecreate, iodepth=1
...
fio-3.41
Starting 9 threads

create: (groupid=0, jobs=9): err= 0: pid=275412: Fri Mar 13 22:12:22 2026
  read: IOPS=11.5k, BW=44.8MiB/s (47.0MB/s)(281MiB/6275msec)
    clat (usec): min=34, max=63191, avg=104.95, stdev=581.51
    clat percentiles (usec):
     |  1.00th=[   42],  5.00th=[   46], 10.00th=[   47], 20.00th=[   49],
     | 30.00th=[   51], 40.00th=[   60], 50.00th=[   73], 60.00th=[   89],
     | 70.00th=[  108], 80.00th=[  137], 90.00th=[  182], 95.00th=[  227],
     | 99.00th=[  383], 99.50th=[  594], 99.90th=[ 1106], 99.95th=[ 1598],
     | 99.99th=[39060]
   bw (  KiB/s): min=27404, max=121112, per=100.00%, avg=62657.33, stdev=3092.59, samples=82
   iops        : min= 6850, max=30278, avg=15664.23, stdev=773.16, samples=82
  cpu          : usr=69.52%, sys=4.97%, ctx=342051, majf=0, minf=0
  IO depths    : 1=100.0%, 2=0.0%, 4=0.0%, 8=0.0%, 16=0.0%, 32=0.0%, >=64=0.0%
     submit    : 0=0.0%, 4=100.0%, 8=0.0%, 16=0.0%, 32=0.0%, 64=0.0%, >=64=0.0%
     complete  : 0=0.0%, 4=100.0%, 8=0.0%, 16=0.0%, 32=0.0%, 64=0.0%, >=64=0.0%
     issued rwts: total=72000,0,0,0 short=0,0,0,0 dropped=0,0,0,0
     latency   : target=0, window=0, percentile=100.00%, depth=1

Run status group 0 (all jobs):
   READ: bw=44.8MiB/s (47.0MB/s), 44.8MiB/s-44.8MiB/s (47.0MB/s-47.0MB/s), io=281MiB (295MB), run=6275-6275msec
