create: (g=0): rw=read, bs=(R) 4096B-4096B, (W) 4096B-4096B, (T) 4096B-4096B, ioengine=filecreate, iodepth=1
...
fio-3.41
Starting 40 threads

create: (groupid=0, jobs=40): err= 0: pid=292885: Fri Mar 13 23:41:38 2026
  read: IOPS=5957, BW=23.3MiB/s (24.4MB/s)(1250MiB/53713msec)
    clat (usec): min=41, max=54281, avg=6011.13, stdev=3190.90
    clat percentiles (usec):
     |  1.00th=[   63],  5.00th=[   89], 10.00th=[  118], 20.00th=[ 5342],
     | 30.00th=[ 5997], 40.00th=[ 6390], 50.00th=[ 6849], 60.00th=[ 7177],
     | 70.00th=[ 7570], 80.00th=[ 8094], 90.00th=[ 8586], 95.00th=[ 8979],
     | 99.00th=[ 9503], 99.50th=[ 9765], 99.90th=[33817], 99.95th=[44303],
     | 99.99th=[53740]
   bw (  KiB/s): min=17022, max=31725, per=100.00%, avg=23899.22, stdev=62.48, samples=4264
   iops        : min= 4254, max= 7927, avg=5974.75, stdev=15.62, samples=4264
  cpu          : usr=8.95%, sys=1.25%, ctx=1688746, majf=0, minf=0
  IO depths    : 1=100.0%, 2=0.0%, 4=0.0%, 8=0.0%, 16=0.0%, 32=0.0%, >=64=0.0%
     submit    : 0=0.0%, 4=100.0%, 8=0.0%, 16=0.0%, 32=0.0%, 64=0.0%, >=64=0.0%
     complete  : 0=0.0%, 4=100.0%, 8=0.0%, 16=0.0%, 32=0.0%, 64=0.0%, >=64=0.0%
     issued rwts: total=320000,0,0,0 short=0,0,0,0 dropped=0,0,0,0
     latency   : target=0, window=0, percentile=100.00%, depth=1

Run status group 0 (all jobs):
   READ: bw=23.3MiB/s (24.4MB/s), 23.3MiB/s-23.3MiB/s (24.4MB/s-24.4MB/s), io=1250MiB (1311MB), run=53713-53713msec
