create: (g=0): rw=read, bs=(R) 4096B-4096B, (W) 4096B-4096B, (T) 4096B-4096B, ioengine=filecreate, iodepth=1
...
fio-3.41
Starting 29 threads

create: (groupid=0, jobs=29): err= 0: pid=25247: Fri Mar 13 17:01:06 2026
  read: IOPS=6019, BW=23.5MiB/s (24.7MB/s)(906MiB/38541msec)
    clat (usec): min=42, max=64720, avg=4251.91, stdev=2648.18
    clat percentiles (usec):
     |  1.00th=[   57],  5.00th=[   79], 10.00th=[  109], 20.00th=[ 3326],
     | 30.00th=[ 4080], 40.00th=[ 4424], 50.00th=[ 4752], 60.00th=[ 5080],
     | 70.00th=[ 5538], 80.00th=[ 5997], 90.00th=[ 6325], 95.00th=[ 6587],
     | 99.00th=[ 7046], 99.50th=[ 7242], 99.90th=[31589], 99.95th=[51643],
     | 99.99th=[57934]
   bw (  KiB/s): min=16462, max=30688, per=100.00%, avg=24216.36, stdev=98.80, samples=2208
   iops        : min= 4110, max= 7672, avg=6054.02, stdev=24.71, samples=2208
  cpu          : usr=9.69%, sys=1.69%, ctx=1219502, majf=0, minf=0
  IO depths    : 1=100.0%, 2=0.0%, 4=0.0%, 8=0.0%, 16=0.0%, 32=0.0%, >=64=0.0%
     submit    : 0=0.0%, 4=100.0%, 8=0.0%, 16=0.0%, 32=0.0%, 64=0.0%, >=64=0.0%
     complete  : 0=0.0%, 4=100.0%, 8=0.0%, 16=0.0%, 32=0.0%, 64=0.0%, >=64=0.0%
     issued rwts: total=232000,0,0,0 short=0,0,0,0 dropped=0,0,0,0
     latency   : target=0, window=0, percentile=100.00%, depth=1

Run status group 0 (all jobs):
   READ: bw=23.5MiB/s (24.7MB/s), 23.5MiB/s-23.5MiB/s (24.7MB/s-24.7MB/s), io=906MiB (950MB), run=38541-38541msec
