create: (g=0): rw=read, bs=(R) 4096B-4096B, (W) 4096B-4096B, (T) 4096B-4096B, ioengine=filecreate, iodepth=1
...
fio-3.41
Starting 2 threads

create: (groupid=0, jobs=2): err= 0: pid=274106: Fri Mar 13 22:10:16 2026
  read: IOPS=4749, BW=18.6MiB/s (19.5MB/s)(62.5MiB/3369msec)
    clat (usec): min=39, max=52439, avg=60.55, stdev=703.12
    clat percentiles (usec):
     |  1.00th=[   42],  5.00th=[   43], 10.00th=[   43], 20.00th=[   44],
     | 30.00th=[   45], 40.00th=[   46], 50.00th=[   47], 60.00th=[   50],
     | 70.00th=[   54], 80.00th=[   57], 90.00th=[   63], 95.00th=[   70],
     | 99.00th=[   94], 99.50th=[  104], 99.90th=[  143], 99.95th=[  297],
     | 99.99th=[51643]
   bw (  KiB/s): min= 8376, max=25856, per=80.42%, avg=15277.33, stdev=2891.40, samples=12
   iops        : min= 2094, max= 6464, avg=3819.33, stdev=722.85, samples=12
  cpu          : usr=72.96%, sys=6.15%, ctx=68437, majf=0, minf=0
  IO depths    : 1=100.0%, 2=0.0%, 4=0.0%, 8=0.0%, 16=0.0%, 32=0.0%, >=64=0.0%
     submit    : 0=0.0%, 4=100.0%, 8=0.0%, 16=0.0%, 32=0.0%, 64=0.0%, >=64=0.0%
     complete  : 0=0.0%, 4=100.0%, 8=0.0%, 16=0.0%, 32=0.0%, 64=0.0%, >=64=0.0%
     issued rwts: total=16000,0,0,0 short=0,0,0,0 dropped=0,0,0,0
     latency   : target=0, window=0, percentile=100.00%, depth=1

Run status group 0 (all jobs):
   READ: bw=18.6MiB/s (19.5MB/s), 18.6MiB/s-18.6MiB/s (19.5MB/s-19.5MB/s), io=62.5MiB (65.5MB), run=3369-3369msec
