create: (g=0): rw=read, bs=(R) 4096B-4096B, (W) 4096B-4096B, (T) 4096B-4096B, ioengine=filecreate, iodepth=1
...
fio-3.41
Starting 3 threads

create: (groupid=0, jobs=3): err= 0: pid=29663: Fri Mar 13 17:33:28 2026
  read: IOPS=4311, BW=16.8MiB/s (17.7MB/s)(93.8MiB/5566msec)
    clat (usec): min=72, max=52376, avg=184.85, stdev=424.82
    clat percentiles (usec):
     |  1.00th=[   96],  5.00th=[  101], 10.00th=[  109], 20.00th=[  117],
     | 30.00th=[  124], 40.00th=[  137], 50.00th=[  161], 60.00th=[  186],
     | 70.00th=[  210], 80.00th=[  235], 90.00th=[  285], 95.00th=[  330],
     | 99.00th=[  437], 99.50th=[  465], 99.90th=[  553], 99.95th=[  734],
     | 99.99th=[ 3130]
   bw (  KiB/s): min= 8059, max=34592, per=100.00%, avg=18344.24, stdev=2513.22, samples=30
   iops        : min= 2014, max= 8648, avg=4585.97, stdev=628.34, samples=30
  cpu          : usr=58.05%, sys=5.76%, ctx=87386, majf=0, minf=0
  IO depths    : 1=100.0%, 2=0.0%, 4=0.0%, 8=0.0%, 16=0.0%, 32=0.0%, >=64=0.0%
     submit    : 0=0.0%, 4=100.0%, 8=0.0%, 16=0.0%, 32=0.0%, 64=0.0%, >=64=0.0%
     complete  : 0=0.0%, 4=100.0%, 8=0.0%, 16=0.0%, 32=0.0%, 64=0.0%, >=64=0.0%
     issued rwts: total=24000,0,0,0 short=0,0,0,0 dropped=0,0,0,0
     latency   : target=0, window=0, percentile=100.00%, depth=1

Run status group 0 (all jobs):
   READ: bw=16.8MiB/s (17.7MB/s), 16.8MiB/s-16.8MiB/s (17.7MB/s-17.7MB/s), io=93.8MiB (98.3MB), run=5566-5566msec
