create: (g=0): rw=read, bs=(R) 4096B-4096B, (W) 4096B-4096B, (T) 4096B-4096B, ioengine=filecreate, iodepth=1
...
fio-3.41
Starting 40 threads

create: (groupid=0, jobs=40): err= 0: pid=160028: Fri Mar 13 19:59:17 2026
  read: IOPS=6071, BW=23.7MiB/s (24.9MB/s)(1250MiB/52709msec)
    clat (usec): min=40, max=72744, avg=5918.43, stdev=3314.53
    clat percentiles (usec):
     |  1.00th=[   59],  5.00th=[   84], 10.00th=[  115], 20.00th=[ 5145],
     | 30.00th=[ 5932], 40.00th=[ 6325], 50.00th=[ 6652], 60.00th=[ 7046],
     | 70.00th=[ 7439], 80.00th=[ 7898], 90.00th=[ 8586], 95.00th=[ 8979],
     | 99.00th=[ 9896], 99.50th=[11863], 99.90th=[32900], 99.95th=[58983],
     | 99.99th=[64750]
   bw (  KiB/s): min=16083, max=33051, per=100.00%, avg=24374.06, stdev=65.67, samples=4170
   iops        : min= 4017, max= 8259, avg=6093.42, stdev=16.41, samples=4170
  cpu          : usr=8.57%, sys=1.24%, ctx=1686454, majf=0, minf=0
  IO depths    : 1=100.0%, 2=0.0%, 4=0.0%, 8=0.0%, 16=0.0%, 32=0.0%, >=64=0.0%
     submit    : 0=0.0%, 4=100.0%, 8=0.0%, 16=0.0%, 32=0.0%, 64=0.0%, >=64=0.0%
     complete  : 0=0.0%, 4=100.0%, 8=0.0%, 16=0.0%, 32=0.0%, 64=0.0%, >=64=0.0%
     issued rwts: total=320000,0,0,0 short=0,0,0,0 dropped=0,0,0,0
     latency   : target=0, window=0, percentile=100.00%, depth=1

Run status group 0 (all jobs):
   READ: bw=23.7MiB/s (24.9MB/s), 23.7MiB/s-23.7MiB/s (24.9MB/s-24.9MB/s), io=1250MiB (1311MB), run=52709-52709msec
