create: (g=0): rw=read, bs=(R) 4096B-4096B, (W) 4096B-4096B, (T) 4096B-4096B, ioengine=filecreate, iodepth=1
...
fio-3.41
Starting 3 threads

create: (groupid=0, jobs=3): err= 0: pid=106913: Fri Mar 13 19:26:11 2026
  read: IOPS=5200, BW=20.3MiB/s (21.3MB/s)(93.8MiB/4615msec)
    clat (usec): min=57, max=50435, avg=146.79, stdev=433.81
    clat percentiles (usec):
     |  1.00th=[   81],  5.00th=[   85], 10.00th=[   87], 20.00th=[   93],
     | 30.00th=[   99], 40.00th=[  110], 50.00th=[  124], 60.00th=[  141],
     | 70.00th=[  157], 80.00th=[  180], 90.00th=[  221], 95.00th=[  265],
     | 99.00th=[  363], 99.50th=[  388], 99.90th=[  603], 99.95th=[ 1385],
     | 99.99th=[18744]
   bw (  KiB/s): min= 8760, max=39608, per=96.93%, avg=20164.22, stdev=3367.62, samples=26
   iops        : min= 2190, max= 9902, avg=5041.06, stdev=841.91, samples=26
  cpu          : usr=63.92%, sys=4.13%, ctx=87725, majf=0, minf=0
  IO depths    : 1=100.0%, 2=0.0%, 4=0.0%, 8=0.0%, 16=0.0%, 32=0.0%, >=64=0.0%
     submit    : 0=0.0%, 4=100.0%, 8=0.0%, 16=0.0%, 32=0.0%, 64=0.0%, >=64=0.0%
     complete  : 0=0.0%, 4=100.0%, 8=0.0%, 16=0.0%, 32=0.0%, 64=0.0%, >=64=0.0%
     issued rwts: total=24000,0,0,0 short=0,0,0,0 dropped=0,0,0,0
     latency   : target=0, window=0, percentile=100.00%, depth=1

Run status group 0 (all jobs):
   READ: bw=20.3MiB/s (21.3MB/s), 20.3MiB/s-20.3MiB/s (21.3MB/s-21.3MB/s), io=93.8MiB (98.3MB), run=4615-4615msec
