create: (g=0): rw=read, bs=(R) 4096B-4096B, (W) 4096B-4096B, (T) 4096B-4096B, ioengine=filecreate, iodepth=1
...
fio-3.41
Starting 18 threads

create: (groupid=0, jobs=18): err= 0: pid=309952: Sat Mar 14 01:07:29 2026
  read: IOPS=8135, BW=31.8MiB/s (33.3MB/s)(563MiB/17700msec)
    clat (usec): min=39, max=57248, avg=1779.06, stdev=1493.68
    clat percentiles (usec):
     |  1.00th=[   50],  5.00th=[   54], 10.00th=[   58], 20.00th=[   86],
     | 30.00th=[ 1614], 40.00th=[ 1893], 50.00th=[ 2114], 60.00th=[ 2278],
     | 70.00th=[ 2442], 80.00th=[ 2573], 90.00th=[ 2737], 95.00th=[ 2835],
     | 99.00th=[ 3032], 99.50th=[ 3097], 99.90th=[ 7963], 99.95th=[40109],
     | 99.99th=[50594]
   bw (  KiB/s): min=22738, max=37768, per=100.00%, avg=32684.52, stdev=171.62, samples=624
   iops        : min= 5678, max= 9442, avg=8170.86, stdev=42.95, samples=624
  cpu          : usr=15.70%, sys=2.46%, ctx=753147, majf=0, minf=0
  IO depths    : 1=100.0%, 2=0.0%, 4=0.0%, 8=0.0%, 16=0.0%, 32=0.0%, >=64=0.0%
     submit    : 0=0.0%, 4=100.0%, 8=0.0%, 16=0.0%, 32=0.0%, 64=0.0%, >=64=0.0%
     complete  : 0=0.0%, 4=100.0%, 8=0.0%, 16=0.0%, 32=0.0%, 64=0.0%, >=64=0.0%
     issued rwts: total=144000,0,0,0 short=0,0,0,0 dropped=0,0,0,0
     latency   : target=0, window=0, percentile=100.00%, depth=1

Run status group 0 (all jobs):
   READ: bw=31.8MiB/s (33.3MB/s), 31.8MiB/s-31.8MiB/s (33.3MB/s-33.3MB/s), io=563MiB (590MB), run=17700-17700msec
