create: (g=0): rw=read, bs=(R) 4096B-4096B, (W) 4096B-4096B, (T) 4096B-4096B, ioengine=filecreate, iodepth=1
...
fio-3.41
Starting 2 threads

create: (groupid=0, jobs=2): err= 0: pid=18635: Fri Mar 13 16:36:58 2026
  read: IOPS=5084, BW=19.9MiB/s (20.8MB/s)(62.5MiB/3147msec)
    clat (usec): min=38, max=660, avg=46.82, stdev=11.47
    clat percentiles (usec):
     |  1.00th=[   41],  5.00th=[   42], 10.00th=[   42], 20.00th=[   43],
     | 30.00th=[   43], 40.00th=[   44], 50.00th=[   45], 60.00th=[   45],
     | 70.00th=[   47], 80.00th=[   49], 90.00th=[   56], 95.00th=[   61],
     | 99.00th=[   88], 99.50th=[   93], 99.90th=[  133], 99.95th=[  223],
     | 99.99th=[  660]
   bw (  KiB/s): min= 8360, max=36208, per=88.81%, avg=18061.33, stdev=4711.03, samples=12
   iops        : min= 2090, max= 9052, avg=4515.33, stdev=1177.76, samples=12
  cpu          : usr=71.88%, sys=6.50%, ctx=64515, majf=0, minf=0
  IO depths    : 1=100.0%, 2=0.0%, 4=0.0%, 8=0.0%, 16=0.0%, 32=0.0%, >=64=0.0%
     submit    : 0=0.0%, 4=100.0%, 8=0.0%, 16=0.0%, 32=0.0%, 64=0.0%, >=64=0.0%
     complete  : 0=0.0%, 4=100.0%, 8=0.0%, 16=0.0%, 32=0.0%, 64=0.0%, >=64=0.0%
     issued rwts: total=16000,0,0,0 short=0,0,0,0 dropped=0,0,0,0
     latency   : target=0, window=0, percentile=100.00%, depth=1

Run status group 0 (all jobs):
   READ: bw=19.9MiB/s (20.8MB/s), 19.9MiB/s-19.9MiB/s (20.8MB/s-20.8MB/s), io=62.5MiB (65.5MB), run=3147-3147msec
