create: (g=0): rw=read, bs=(R) 4096B-4096B, (W) 4096B-4096B, (T) 4096B-4096B, ioengine=filecreate, iodepth=1
...
fio-3.41
Starting 24 threads

create: (groupid=0, jobs=24): err= 0: pid=131812: Fri Mar 13 19:40:53 2026
  read: IOPS=6538, BW=25.5MiB/s (26.8MB/s)(750MiB/29364msec)
    clat (usec): min=40, max=58280, avg=3135.65, stdev=2110.60
    clat percentiles (usec):
     |  1.00th=[   53],  5.00th=[   67], 10.00th=[   88], 20.00th=[ 1434],
     | 30.00th=[ 2802], 40.00th=[ 3130], 50.00th=[ 3425], 60.00th=[ 3851],
     | 70.00th=[ 4178], 80.00th=[ 4490], 90.00th=[ 4948], 95.00th=[ 5276],
     | 99.00th=[ 5735], 99.50th=[ 5997], 99.90th=[17695], 99.95th=[42730],
     | 99.99th=[54789]
   bw (  KiB/s): min=19090, max=32880, per=100.00%, avg=26283.58, stdev=147.61, samples=1381
   iops        : min= 4772, max= 8220, avg=6570.86, stdev=36.91, samples=1381
  cpu          : usr=11.93%, sys=1.94%, ctx=1008557, majf=0, minf=0
  IO depths    : 1=100.0%, 2=0.0%, 4=0.0%, 8=0.0%, 16=0.0%, 32=0.0%, >=64=0.0%
     submit    : 0=0.0%, 4=100.0%, 8=0.0%, 16=0.0%, 32=0.0%, 64=0.0%, >=64=0.0%
     complete  : 0=0.0%, 4=100.0%, 8=0.0%, 16=0.0%, 32=0.0%, 64=0.0%, >=64=0.0%
     issued rwts: total=192000,0,0,0 short=0,0,0,0 dropped=0,0,0,0
     latency   : target=0, window=0, percentile=100.00%, depth=1

Run status group 0 (all jobs):
   READ: bw=25.5MiB/s (26.8MB/s), 25.5MiB/s-25.5MiB/s (26.8MB/s-26.8MB/s), io=750MiB (786MB), run=29364-29364msec
