create: (g=0): rw=read, bs=(R) 4096B-4096B, (W) 4096B-4096B, (T) 4096B-4096B, ioengine=filecreate, iodepth=1
...
fio-3.41
Starting 19 threads

create: (groupid=0, jobs=19): err= 0: pid=266841: Fri Mar 13 21:23:10 2026
  read: IOPS=8029, BW=31.4MiB/s (32.9MB/s)(594MiB/18930msec)
    clat (usec): min=38, max=54444, avg=1935.16, stdev=1584.17
    clat percentiles (usec):
     |  1.00th=[   50],  5.00th=[   55], 10.00th=[   61], 20.00th=[   92],
     | 30.00th=[ 1827], 40.00th=[ 2114], 50.00th=[ 2311], 60.00th=[ 2442],
     | 70.00th=[ 2606], 80.00th=[ 2769], 90.00th=[ 2933], 95.00th=[ 3064],
     | 99.00th=[ 3261], 99.50th=[ 3359], 99.90th=[ 7635], 99.95th=[40109],
     | 99.99th=[53740]
   bw (  KiB/s): min=23567, max=36232, per=99.74%, avg=32035.22, stdev=140.93, samples=701
   iops        : min= 5888, max= 9058, avg=8008.69, stdev=35.25, samples=701
  cpu          : usr=14.92%, sys=2.24%, ctx=796118, majf=0, minf=0
  IO depths    : 1=100.0%, 2=0.0%, 4=0.0%, 8=0.0%, 16=0.0%, 32=0.0%, >=64=0.0%
     submit    : 0=0.0%, 4=100.0%, 8=0.0%, 16=0.0%, 32=0.0%, 64=0.0%, >=64=0.0%
     complete  : 0=0.0%, 4=100.0%, 8=0.0%, 16=0.0%, 32=0.0%, 64=0.0%, >=64=0.0%
     issued rwts: total=152000,0,0,0 short=0,0,0,0 dropped=0,0,0,0
     latency   : target=0, window=0, percentile=100.00%, depth=1

Run status group 0 (all jobs):
   READ: bw=31.4MiB/s (32.9MB/s), 31.4MiB/s-31.4MiB/s (32.9MB/s-32.9MB/s), io=594MiB (623MB), run=18930-18930msec
