create: (g=0): rw=read, bs=(R) 4096B-4096B, (W) 4096B-4096B, (T) 4096B-4096B, ioengine=filecreate, iodepth=1
...
fio-3.41
Starting 28 threads

create: (groupid=0, jobs=28): err= 0: pid=24783: Fri Mar 13 16:58:34 2026
  read: IOPS=4661, BW=18.2MiB/s (19.1MB/s)(875MiB/48052msec)
    clat (usec): min=80, max=65267, avg=5293.33, stdev=2217.56
    clat percentiles (usec):
     |  1.00th=[  124],  5.00th=[  165], 10.00th=[ 4424], 20.00th=[ 5080],
     | 30.00th=[ 5342], 40.00th=[ 5473], 50.00th=[ 5669], 60.00th=[ 5800],
     | 70.00th=[ 5932], 80.00th=[ 6128], 90.00th=[ 6390], 95.00th=[ 6587],
     | 99.00th=[ 6980], 99.50th=[ 7242], 99.90th=[30802], 99.95th=[55313],
     | 99.99th=[64226]
   bw (  KiB/s): min=14770, max=23741, per=100.00%, avg=18713.40, stdev=43.45, samples=2669
   iops        : min= 3690, max= 5935, avg=4678.28, stdev=10.87, samples=2669
  cpu          : usr=10.39%, sys=1.33%, ctx=987247, majf=0, minf=5
  IO depths    : 1=100.0%, 2=0.0%, 4=0.0%, 8=0.0%, 16=0.0%, 32=0.0%, >=64=0.0%
     submit    : 0=0.0%, 4=100.0%, 8=0.0%, 16=0.0%, 32=0.0%, 64=0.0%, >=64=0.0%
     complete  : 0=0.0%, 4=100.0%, 8=0.0%, 16=0.0%, 32=0.0%, 64=0.0%, >=64=0.0%
     issued rwts: total=224000,0,0,0 short=0,0,0,0 dropped=0,0,0,0
     latency   : target=0, window=0, percentile=100.00%, depth=1

Run status group 0 (all jobs):
   READ: bw=18.2MiB/s (19.1MB/s), 18.2MiB/s-18.2MiB/s (19.1MB/s-19.1MB/s), io=875MiB (918MB), run=48052-48052msec
