create: (g=0): rw=read, bs=(R) 4096B-4096B, (W) 4096B-4096B, (T) 4096B-4096B, ioengine=filecreate, iodepth=1
...
fio-3.41
Starting 17 threads

create: (groupid=0, jobs=17): err= 0: pid=266187: Fri Mar 13 21:20:58 2026
  read: IOPS=6322, BW=24.7MiB/s (25.9MB/s)(531MiB/21509msec)
    clat (usec): min=47, max=49663, avg=1768.97, stdev=1434.21
    clat percentiles (usec):
     |  1.00th=[   70],  5.00th=[  108], 10.00th=[  147], 20.00th=[  243],
     | 30.00th=[  420], 40.00th=[ 1237], 50.00th=[ 2278], 60.00th=[ 2540],
     | 70.00th=[ 2737], 80.00th=[ 2933], 90.00th=[ 3163], 95.00th=[ 3359],
     | 99.00th=[ 3687], 99.50th=[ 3851], 99.90th=[ 4359], 99.95th=[12125],
     | 99.99th=[47973]
   bw (  KiB/s): min=14843, max=58856, per=100.00%, avg=26773.55, stdev=655.32, samples=676
   iops        : min= 3706, max=14714, avg=6693.16, stdev=163.83, samples=676
  cpu          : usr=26.90%, sys=2.10%, ctx=585980, majf=0, minf=0
  IO depths    : 1=100.0%, 2=0.0%, 4=0.0%, 8=0.0%, 16=0.0%, 32=0.0%, >=64=0.0%
     submit    : 0=0.0%, 4=100.0%, 8=0.0%, 16=0.0%, 32=0.0%, 64=0.0%, >=64=0.0%
     complete  : 0=0.0%, 4=100.0%, 8=0.0%, 16=0.0%, 32=0.0%, 64=0.0%, >=64=0.0%
     issued rwts: total=136000,0,0,0 short=0,0,0,0 dropped=0,0,0,0
     latency   : target=0, window=0, percentile=100.00%, depth=1

Run status group 0 (all jobs):
   READ: bw=24.7MiB/s (25.9MB/s), 24.7MiB/s-24.7MiB/s (25.9MB/s-25.9MB/s), io=531MiB (557MB), run=21509-21509msec
