create: (g=0): rw=read, bs=(R) 4096B-4096B, (W) 4096B-4096B, (T) 4096B-4096B, ioengine=filecreate, iodepth=1
...
fio-3.41
Starting 5 threads

create: (groupid=0, jobs=5): err= 0: pid=194282: Fri Mar 13 20:20:30 2026
  read: IOPS=8123, BW=31.7MiB/s (33.3MB/s)(156MiB/4924msec)
    clat (usec): min=36, max=66461, avg=71.67, stdev=501.53
    clat percentiles (usec):
     |  1.00th=[   40],  5.00th=[   41], 10.00th=[   44], 20.00th=[   47],
     | 30.00th=[   49], 40.00th=[   50], 50.00th=[   52], 60.00th=[   60],
     | 70.00th=[   73], 80.00th=[   88], 90.00th=[  110], 95.00th=[  133],
     | 99.00th=[  176], 99.50th=[  192], 99.90th=[  388], 99.95th=[  832],
     | 99.99th=[ 1663]
   bw (  KiB/s): min=15269, max=70560, per=100.00%, avg=33149.34, stdev=3385.95, samples=39
   iops        : min= 3816, max=17640, avg=8287.16, stdev=846.52, samples=39
  cpu          : usr=75.19%, sys=5.19%, ctx=178784, majf=0, minf=0
  IO depths    : 1=100.0%, 2=0.0%, 4=0.0%, 8=0.0%, 16=0.0%, 32=0.0%, >=64=0.0%
     submit    : 0=0.0%, 4=100.0%, 8=0.0%, 16=0.0%, 32=0.0%, 64=0.0%, >=64=0.0%
     complete  : 0=0.0%, 4=100.0%, 8=0.0%, 16=0.0%, 32=0.0%, 64=0.0%, >=64=0.0%
     issued rwts: total=40000,0,0,0 short=0,0,0,0 dropped=0,0,0,0
     latency   : target=0, window=0, percentile=100.00%, depth=1

Run status group 0 (all jobs):
   READ: bw=31.7MiB/s (33.3MB/s), 31.7MiB/s-31.7MiB/s (33.3MB/s-33.3MB/s), io=156MiB (164MB), run=4924-4924msec
