create: (g=0): rw=read, bs=(R) 4096B-4096B, (W) 4096B-4096B, (T) 4096B-4096B, ioengine=filecreate, iodepth=1
...
fio-3.41
Starting 13 threads

create: (groupid=0, jobs=13): err= 0: pid=265260: Fri Mar 13 21:17:57 2026
  read: IOPS=5398, BW=21.1MiB/s (22.1MB/s)(406MiB/19265msec)
    clat (usec): min=49, max=51404, avg=1578.16, stdev=1224.80
    clat percentiles (usec):
     |  1.00th=[  103],  5.00th=[  149], 10.00th=[  204], 20.00th=[  490],
     | 30.00th=[  938], 40.00th=[ 1532], 50.00th=[ 1860], 60.00th=[ 2040],
     | 70.00th=[ 2180], 80.00th=[ 2343], 90.00th=[ 2507], 95.00th=[ 2638],
     | 99.00th=[ 2900], 99.50th=[ 2999], 99.90th=[ 3392], 99.95th=[13435],
     | 99.99th=[50070]
   bw (  KiB/s): min=14958, max=35304, per=100.00%, avg=22153.28, stdev=347.37, samples=479
   iops        : min= 3738, max= 8826, avg=5538.28, stdev=86.85, samples=479
  cpu          : usr=28.67%, sys=2.34%, ctx=451115, majf=0, minf=0
  IO depths    : 1=100.0%, 2=0.0%, 4=0.0%, 8=0.0%, 16=0.0%, 32=0.0%, >=64=0.0%
     submit    : 0=0.0%, 4=100.0%, 8=0.0%, 16=0.0%, 32=0.0%, 64=0.0%, >=64=0.0%
     complete  : 0=0.0%, 4=100.0%, 8=0.0%, 16=0.0%, 32=0.0%, 64=0.0%, >=64=0.0%
     issued rwts: total=104000,0,0,0 short=0,0,0,0 dropped=0,0,0,0
     latency   : target=0, window=0, percentile=100.00%, depth=1

Run status group 0 (all jobs):
   READ: bw=21.1MiB/s (22.1MB/s), 21.1MiB/s-21.1MiB/s (22.1MB/s-22.1MB/s), io=406MiB (426MB), run=19265-19265msec
