create: (g=0): rw=read, bs=(R) 4096B-4096B, (W) 4096B-4096B, (T) 4096B-4096B, ioengine=filecreate, iodepth=1
...
fio-3.41
Starting 20 threads

create: (groupid=0, jobs=20): err= 0: pid=310292: Sat Mar 14 01:09:07 2026
  read: IOPS=5421, BW=21.2MiB/s (22.2MB/s)(625MiB/29511msec)
    clat (usec): min=46, max=67854, avg=2781.00, stdev=1894.48
    clat percentiles (usec):
     |  1.00th=[   73],  5.00th=[  121], 10.00th=[  163], 20.00th=[  334],
     | 30.00th=[ 1942], 40.00th=[ 3163], 50.00th=[ 3523], 60.00th=[ 3752],
     | 70.00th=[ 3949], 80.00th=[ 4146], 90.00th=[ 4359], 95.00th=[ 4490],
     | 99.00th=[ 4817], 99.50th=[ 4948], 99.90th=[10814], 99.95th=[15926],
     | 99.99th=[61604]
   bw (  KiB/s): min=14725, max=54904, per=100.00%, avg=22160.50, stdev=432.49, samples=1128
   iops        : min= 3678, max=13726, avg=5539.68, stdev=108.10, samples=1128
  cpu          : usr=19.80%, sys=1.81%, ctx=696286, majf=0, minf=0
  IO depths    : 1=100.0%, 2=0.0%, 4=0.0%, 8=0.0%, 16=0.0%, 32=0.0%, >=64=0.0%
     submit    : 0=0.0%, 4=100.0%, 8=0.0%, 16=0.0%, 32=0.0%, 64=0.0%, >=64=0.0%
     complete  : 0=0.0%, 4=100.0%, 8=0.0%, 16=0.0%, 32=0.0%, 64=0.0%, >=64=0.0%
     issued rwts: total=160000,0,0,0 short=0,0,0,0 dropped=0,0,0,0
     latency   : target=0, window=0, percentile=100.00%, depth=1

Run status group 0 (all jobs):
   READ: bw=21.2MiB/s (22.2MB/s), 21.2MiB/s-21.2MiB/s (22.2MB/s-22.2MB/s), io=625MiB (655MB), run=29511-29511msec
