create: (g=0): rw=read, bs=(R) 4096B-4096B, (W) 4096B-4096B, (T) 4096B-4096B, ioengine=filecreate, iodepth=1
...
fio-3.41
Starting 21 threads

create: (groupid=0, jobs=21): err= 0: pid=125645: Fri Mar 13 19:36:58 2026
  read: IOPS=7189, BW=28.1MiB/s (29.4MB/s)(656MiB/23369msec)
    clat (usec): min=40, max=55394, avg=2424.23, stdev=1680.01
    clat percentiles (usec):
     |  1.00th=[   51],  5.00th=[   58], 10.00th=[   73], 20.00th=[  126],
     | 30.00th=[ 2180], 40.00th=[ 2507], 50.00th=[ 2737], 60.00th=[ 2966],
     | 70.00th=[ 3163], 80.00th=[ 3490], 90.00th=[ 3884], 95.00th=[ 4146],
     | 99.00th=[ 4490], 99.50th=[ 4621], 99.90th=[12780], 99.95th=[35390],
     | 99.99th=[41681]
   bw (  KiB/s): min=21610, max=34520, per=100.00%, avg=28835.77, stdev=149.32, samples=962
   iops        : min= 5402, max= 8630, avg=7208.93, stdev=37.33, samples=962
  cpu          : usr=14.26%, sys=2.18%, ctx=880942, majf=0, minf=0
  IO depths    : 1=100.0%, 2=0.0%, 4=0.0%, 8=0.0%, 16=0.0%, 32=0.0%, >=64=0.0%
     submit    : 0=0.0%, 4=100.0%, 8=0.0%, 16=0.0%, 32=0.0%, 64=0.0%, >=64=0.0%
     complete  : 0=0.0%, 4=100.0%, 8=0.0%, 16=0.0%, 32=0.0%, 64=0.0%, >=64=0.0%
     issued rwts: total=168000,0,0,0 short=0,0,0,0 dropped=0,0,0,0
     latency   : target=0, window=0, percentile=100.00%, depth=1

Run status group 0 (all jobs):
   READ: bw=28.1MiB/s (29.4MB/s), 28.1MiB/s-28.1MiB/s (29.4MB/s-29.4MB/s), io=656MiB (688MB), run=23369-23369msec
