create: (g=0): rw=read, bs=(R) 4096B-4096B, (W) 4096B-4096B, (T) 4096B-4096B, ioengine=filecreate, iodepth=1
...
fio-3.41
Starting 4 threads

create: (groupid=0, jobs=4): err= 0: pid=193764: Fri Mar 13 20:20:15 2026
  read: IOPS=8376, BW=32.7MiB/s (34.3MB/s)(125MiB/3820msec)
    clat (usec): min=35, max=35419, avg=65.15, stdev=264.28
    clat percentiles (usec):
     |  1.00th=[   41],  5.00th=[   43], 10.00th=[   45], 20.00th=[   46],
     | 30.00th=[   47], 40.00th=[   48], 50.00th=[   50], 60.00th=[   56],
     | 70.00th=[   65], 80.00th=[   80], 90.00th=[   97], 95.00th=[  114],
     | 99.00th=[  145], 99.50th=[  161], 99.90th=[  249], 99.95th=[  433],
     | 99.99th=[17957]
   bw (  KiB/s): min=17202, max=70696, per=100.00%, avg=35729.43, stdev=4454.36, samples=26
   iops        : min= 4299, max=17674, avg=8932.14, stdev=1113.66, samples=26
  cpu          : usr=72.70%, sys=6.66%, ctx=140841, majf=0, minf=0
  IO depths    : 1=100.0%, 2=0.0%, 4=0.0%, 8=0.0%, 16=0.0%, 32=0.0%, >=64=0.0%
     submit    : 0=0.0%, 4=100.0%, 8=0.0%, 16=0.0%, 32=0.0%, 64=0.0%, >=64=0.0%
     complete  : 0=0.0%, 4=100.0%, 8=0.0%, 16=0.0%, 32=0.0%, 64=0.0%, >=64=0.0%
     issued rwts: total=32000,0,0,0 short=0,0,0,0 dropped=0,0,0,0
     latency   : target=0, window=0, percentile=100.00%, depth=1

Run status group 0 (all jobs):
   READ: bw=32.7MiB/s (34.3MB/s), 32.7MiB/s-32.7MiB/s (34.3MB/s-34.3MB/s), io=125MiB (131MB), run=3820-3820msec
