create: (g=0): rw=read, bs=(R) 4096B-4096B, (W) 4096B-4096B, (T) 4096B-4096B, ioengine=filecreate, iodepth=1
...
fio-3.41
Starting 13 threads

create: (groupid=0, jobs=13): err= 0: pid=276276: Fri Mar 13 22:14:33 2026
  read: IOPS=9413, BW=36.8MiB/s (38.6MB/s)(406MiB/11048msec)
    clat (usec): min=37, max=54765, avg=826.04, stdev=920.34
    clat percentiles (usec):
     |  1.00th=[   46],  5.00th=[   49], 10.00th=[   52], 20.00th=[   61],
     | 30.00th=[   87], 40.00th=[  163], 50.00th=[ 1029], 60.00th=[ 1221],
     | 70.00th=[ 1369], 80.00th=[ 1500], 90.00th=[ 1647], 95.00th=[ 1762],
     | 99.00th=[ 1942], 99.50th=[ 2008], 99.90th=[ 2245], 99.95th=[ 4621],
     | 99.99th=[45876]
   bw (  KiB/s): min=24248, max=63765, per=100.00%, avg=38962.49, stdev=765.46, samples=260
   iops        : min= 6059, max=15939, avg=9740.25, stdev=191.37, samples=260
  cpu          : usr=30.47%, sys=3.38%, ctx=531237, majf=0, minf=0
  IO depths    : 1=100.0%, 2=0.0%, 4=0.0%, 8=0.0%, 16=0.0%, 32=0.0%, >=64=0.0%
     submit    : 0=0.0%, 4=100.0%, 8=0.0%, 16=0.0%, 32=0.0%, 64=0.0%, >=64=0.0%
     complete  : 0=0.0%, 4=100.0%, 8=0.0%, 16=0.0%, 32=0.0%, 64=0.0%, >=64=0.0%
     issued rwts: total=104000,0,0,0 short=0,0,0,0 dropped=0,0,0,0
     latency   : target=0, window=0, percentile=100.00%, depth=1

Run status group 0 (all jobs):
   READ: bw=36.8MiB/s (38.6MB/s), 36.8MiB/s-36.8MiB/s (38.6MB/s-38.6MB/s), io=406MiB (426MB), run=11048-11048msec
