create: (g=0): rw=read, bs=(R) 4096B-4096B, (W) 4096B-4096B, (T) 4096B-4096B, ioengine=filecreate, iodepth=1
...
fio-3.41
Starting 36 threads

create: (groupid=0, jobs=36): err= 0: pid=36955: Fri Mar 13 18:05:00 2026
  read: IOPS=4478, BW=17.5MiB/s (18.3MB/s)(1125MiB/64311msec)
    clat (usec): min=60, max=64494, avg=7315.31, stdev=2736.24
    clat percentiles (usec):
     |  1.00th=[  127],  5.00th=[  172], 10.00th=[ 6128], 20.00th=[ 7111],
     | 30.00th=[ 7439], 40.00th=[ 7701], 50.00th=[ 7898], 60.00th=[ 8029],
     | 70.00th=[ 8225], 80.00th=[ 8455], 90.00th=[ 8717], 95.00th=[ 8848],
     | 99.00th=[ 9372], 99.50th=[10683], 99.90th=[38536], 99.95th=[52167],
     | 99.99th=[63701]
   bw (  KiB/s): min=14936, max=21152, per=100.00%, avg=17936.75, stdev=25.93, samples=4593
   iops        : min= 3734, max= 5288, avg=4484.19, stdev= 6.48, samples=4593
  cpu          : usr=7.86%, sys=1.03%, ctx=1267160, majf=0, minf=9
  IO depths    : 1=100.0%, 2=0.0%, 4=0.0%, 8=0.0%, 16=0.0%, 32=0.0%, >=64=0.0%
     submit    : 0=0.0%, 4=100.0%, 8=0.0%, 16=0.0%, 32=0.0%, 64=0.0%, >=64=0.0%
     complete  : 0=0.0%, 4=100.0%, 8=0.0%, 16=0.0%, 32=0.0%, 64=0.0%, >=64=0.0%
     issued rwts: total=288000,0,0,0 short=0,0,0,0 dropped=0,0,0,0
     latency   : target=0, window=0, percentile=100.00%, depth=1

Run status group 0 (all jobs):
   READ: bw=17.5MiB/s (18.3MB/s), 17.5MiB/s-17.5MiB/s (18.3MB/s-18.3MB/s), io=1125MiB (1180MB), run=64311-64311msec
