create: (g=0): rw=read, bs=(R) 4096B-4096B, (W) 4096B-4096B, (T) 4096B-4096B, ioengine=filecreate, iodepth=1
...
fio-3.41
Starting 64 threads

create: (groupid=0, jobs=64): err= 0: pid=28932: Fri Mar 13 17:31:15 2026
  read: IOPS=4254, BW=16.6MiB/s (17.4MB/s)(2000MiB/120353msec)
    clat (usec): min=66, max=68785, avg=13963.79, stdev=4253.90
    clat percentiles (usec):
     |  1.00th=[  135],  5.00th=[  192], 10.00th=[13042], 20.00th=[13960],
     | 30.00th=[14353], 40.00th=[14615], 50.00th=[14877], 60.00th=[15139],
     | 70.00th=[15401], 80.00th=[15664], 90.00th=[16057], 95.00th=[16450],
     | 99.00th=[17695], 99.50th=[20317], 99.90th=[42730], 99.95th=[55313],
     | 99.99th=[67634]
   bw (  KiB/s): min=12712, max=24214, per=100.00%, avg=17043.49, stdev=18.39, samples=15363
   iops        : min= 3178, max= 6042, avg=4260.79, stdev= 4.59, samples=15363
  cpu          : usr=6.49%, sys=0.57%, ctx=2249541, majf=0, minf=11
  IO depths    : 1=100.0%, 2=0.0%, 4=0.0%, 8=0.0%, 16=0.0%, 32=0.0%, >=64=0.0%
     submit    : 0=0.0%, 4=100.0%, 8=0.0%, 16=0.0%, 32=0.0%, 64=0.0%, >=64=0.0%
     complete  : 0=0.0%, 4=100.0%, 8=0.0%, 16=0.0%, 32=0.0%, 64=0.0%, >=64=0.0%
     issued rwts: total=512000,0,0,0 short=0,0,0,0 dropped=0,0,0,0
     latency   : target=0, window=0, percentile=100.00%, depth=1

Run status group 0 (all jobs):
   READ: bw=16.6MiB/s (17.4MB/s), 16.6MiB/s-16.6MiB/s (17.4MB/s-17.4MB/s), io=2000MiB (2097MB), run=120353-120353msec
