create: (g=0): rw=read, bs=(R) 4096B-4096B, (W) 4096B-4096B, (T) 4096B-4096B, ioengine=filecreate, iodepth=1
...
fio-3.41
Starting 25 threads

create: (groupid=0, jobs=25): err= 0: pid=34754: Fri Mar 13 17:51:00 2026
  read: IOPS=6497, BW=25.4MiB/s (26.6MB/s)(781MiB/30780msec)
    clat (usec): min=40, max=57857, avg=3320.09, stdev=2183.23
    clat percentiles (usec):
     |  1.00th=[   53],  5.00th=[   68], 10.00th=[   90], 20.00th=[ 2089],
     | 30.00th=[ 3064], 40.00th=[ 3425], 50.00th=[ 3785], 60.00th=[ 4146],
     | 70.00th=[ 4424], 80.00th=[ 4686], 90.00th=[ 5014], 95.00th=[ 5276],
     | 99.00th=[ 5669], 99.50th=[ 5800], 99.90th=[14877], 99.95th=[46924],
     | 99.99th=[51119]
   bw (  KiB/s): min=19260, max=32608, per=100.00%, avg=26096.21, stdev=117.66, samples=1514
   iops        : min= 4814, max= 8152, avg=6523.95, stdev=29.42, samples=1514
  cpu          : usr=11.36%, sys=1.90%, ctx=1049835, majf=0, minf=0
  IO depths    : 1=100.0%, 2=0.0%, 4=0.0%, 8=0.0%, 16=0.0%, 32=0.0%, >=64=0.0%
     submit    : 0=0.0%, 4=100.0%, 8=0.0%, 16=0.0%, 32=0.0%, 64=0.0%, >=64=0.0%
     complete  : 0=0.0%, 4=100.0%, 8=0.0%, 16=0.0%, 32=0.0%, 64=0.0%, >=64=0.0%
     issued rwts: total=200000,0,0,0 short=0,0,0,0 dropped=0,0,0,0
     latency   : target=0, window=0, percentile=100.00%, depth=1

Run status group 0 (all jobs):
   READ: bw=25.4MiB/s (26.6MB/s), 25.4MiB/s-25.4MiB/s (26.6MB/s-26.6MB/s), io=781MiB (819MB), run=30780-30780msec
