create: (g=0): rw=read, bs=(R) 4096B-4096B, (W) 4096B-4096B, (T) 4096B-4096B, ioengine=filecreate, iodepth=1
...
fio-3.41
Starting 22 threads

create: (groupid=0, jobs=22): err= 0: pid=212580: Fri Mar 13 20:31:27 2026
  read: IOPS=4831, BW=18.9MiB/s (19.8MB/s)(688MiB/36428msec)
    clat (usec): min=58, max=63720, avg=3656.18, stdev=1934.03
    clat percentiles (usec):
     |  1.00th=[  114],  5.00th=[  159], 10.00th=[  437], 20.00th=[ 2671],
     | 30.00th=[ 3392], 40.00th=[ 3785], 50.00th=[ 4080], 60.00th=[ 4359],
     | 70.00th=[ 4555], 80.00th=[ 4817], 90.00th=[ 5080], 95.00th=[ 5276],
     | 99.00th=[ 5735], 99.50th=[ 6718], 99.90th=[15795], 99.95th=[38011],
     | 99.99th=[58983]
   bw (  KiB/s): min=13482, max=32683, per=100.00%, avg=19605.12, stdev=135.48, samples=1556
   iops        : min= 3368, max= 8167, avg=4901.17, stdev=33.86, samples=1556
  cpu          : usr=16.16%, sys=1.58%, ctx=770414, majf=0, minf=6
  IO depths    : 1=100.0%, 2=0.0%, 4=0.0%, 8=0.0%, 16=0.0%, 32=0.0%, >=64=0.0%
     submit    : 0=0.0%, 4=100.0%, 8=0.0%, 16=0.0%, 32=0.0%, 64=0.0%, >=64=0.0%
     complete  : 0=0.0%, 4=100.0%, 8=0.0%, 16=0.0%, 32=0.0%, 64=0.0%, >=64=0.0%
     issued rwts: total=176000,0,0,0 short=0,0,0,0 dropped=0,0,0,0
     latency   : target=0, window=0, percentile=100.00%, depth=1

Run status group 0 (all jobs):
   READ: bw=18.9MiB/s (19.8MB/s), 18.9MiB/s-18.9MiB/s (19.8MB/s-19.8MB/s), io=688MiB (721MB), run=36428-36428msec
