create: (g=0): rw=read, bs=(R) 4096B-4096B, (W) 4096B-4096B, (T) 4096B-4096B, ioengine=filecreate, iodepth=1
...
fio-3.41
Starting 25 threads

create: (groupid=0, jobs=25): err= 0: pid=218834: Fri Mar 13 20:35:26 2026
  read: IOPS=4878, BW=19.1MiB/s (20.0MB/s)(781MiB/40997msec)
    clat (usec): min=48, max=65050, avg=4368.57, stdev=2163.22
    clat percentiles (usec):
     |  1.00th=[  112],  5.00th=[  159], 10.00th=[  441], 20.00th=[ 3818],
     | 30.00th=[ 4359], 40.00th=[ 4621], 50.00th=[ 4883], 60.00th=[ 5080],
     | 70.00th=[ 5276], 80.00th=[ 5473], 90.00th=[ 5800], 95.00th=[ 5997],
     | 99.00th=[ 6587], 99.50th=[ 7373], 99.90th=[18220], 99.95th=[39060],
     | 99.99th=[63701]
   bw (  KiB/s): min=15196, max=42608, per=100.00%, avg=19589.32, stdev=154.11, samples=2010
   iops        : min= 3798, max=10652, avg=4897.14, stdev=38.53, samples=2010
  cpu          : usr=12.23%, sys=1.43%, ctx=879681, majf=0, minf=2
  IO depths    : 1=100.0%, 2=0.0%, 4=0.0%, 8=0.0%, 16=0.0%, 32=0.0%, >=64=0.0%
     submit    : 0=0.0%, 4=100.0%, 8=0.0%, 16=0.0%, 32=0.0%, 64=0.0%, >=64=0.0%
     complete  : 0=0.0%, 4=100.0%, 8=0.0%, 16=0.0%, 32=0.0%, 64=0.0%, >=64=0.0%
     issued rwts: total=200000,0,0,0 short=0,0,0,0 dropped=0,0,0,0
     latency   : target=0, window=0, percentile=100.00%, depth=1

Run status group 0 (all jobs):
   READ: bw=19.1MiB/s (20.0MB/s), 19.1MiB/s-19.1MiB/s (20.0MB/s-20.0MB/s), io=781MiB (819MB), run=40997-40997msec
