create: (g=0): rw=read, bs=(R) 4096B-4096B, (W) 4096B-4096B, (T) 4096B-4096B, ioengine=filecreate, iodepth=1
...
fio-3.41
Starting 36 threads

create: (groupid=0, jobs=36): err= 0: pid=270799: Fri Mar 13 21:46:04 2026
  read: IOPS=5840, BW=22.8MiB/s (23.9MB/s)(1125MiB/49307msec)
    clat (usec): min=42, max=53974, avg=5539.84, stdev=3077.66
    clat percentiles (usec):
     |  1.00th=[   61],  5.00th=[   89], 10.00th=[  117], 20.00th=[ 4686],
     | 30.00th=[ 5342], 40.00th=[ 5669], 50.00th=[ 6128], 60.00th=[ 6849],
     | 70.00th=[ 7373], 80.00th=[ 7701], 90.00th=[ 8029], 95.00th=[ 8291],
     | 99.00th=[ 8848], 99.50th=[ 8979], 99.90th=[31589], 99.95th=[46924],
     | 99.99th=[53740]
   bw (  KiB/s): min=17313, max=29928, per=100.00%, avg=23439.67, stdev=81.05, samples=3513
   iops        : min= 4328, max= 7482, avg=5859.90, stdev=20.26, samples=3513
  cpu          : usr=8.43%, sys=1.39%, ctx=1516609, majf=0, minf=0
  IO depths    : 1=100.0%, 2=0.0%, 4=0.0%, 8=0.0%, 16=0.0%, 32=0.0%, >=64=0.0%
     submit    : 0=0.0%, 4=100.0%, 8=0.0%, 16=0.0%, 32=0.0%, 64=0.0%, >=64=0.0%
     complete  : 0=0.0%, 4=100.0%, 8=0.0%, 16=0.0%, 32=0.0%, 64=0.0%, >=64=0.0%
     issued rwts: total=288000,0,0,0 short=0,0,0,0 dropped=0,0,0,0
     latency   : target=0, window=0, percentile=100.00%, depth=1

Run status group 0 (all jobs):
   READ: bw=22.8MiB/s (23.9MB/s), 22.8MiB/s-22.8MiB/s (23.9MB/s-23.9MB/s), io=1125MiB (1180MB), run=49307-49307msec
