create: (g=0): rw=read, bs=(R) 4096B-4096B, (W) 4096B-4096B, (T) 4096B-4096B, ioengine=filecreate, iodepth=1
fio-3.41
Starting 1 thread

create: (groupid=0, jobs=1): err= 0: pid=295462: Sat Mar 14 00:03:05 2026
  read: IOPS=2551, BW=9.96MiB/s (10.4MB/s)(31.2MiB/3136msec)
    clat (usec): min=74, max=351, avg=113.93, stdev=12.83
    clat percentiles (usec):
     |  1.00th=[   93],  5.00th=[  104], 10.00th=[  106], 20.00th=[  109],
     | 30.00th=[  110], 40.00th=[  111], 50.00th=[  113], 60.00th=[  114],
     | 70.00th=[  115], 80.00th=[  118], 90.00th=[  124], 95.00th=[  133],
     | 99.00th=[  161], 99.50th=[  206], 99.90th=[  225], 99.95th=[  247],
     | 99.99th=[  351]
   bw (  KiB/s): min= 6024, max=15800, per=94.71%, avg=9664.00, stdev=3452.52, samples=6
   iops        : min= 1506, max= 3950, avg=2416.00, stdev=863.13, samples=6
  cpu          : usr=57.64%, sys=3.35%, ctx=24115, majf=0, minf=0
  IO depths    : 1=100.0%, 2=0.0%, 4=0.0%, 8=0.0%, 16=0.0%, 32=0.0%, >=64=0.0%
     submit    : 0=0.0%, 4=100.0%, 8=0.0%, 16=0.0%, 32=0.0%, 64=0.0%, >=64=0.0%
     complete  : 0=0.0%, 4=100.0%, 8=0.0%, 16=0.0%, 32=0.0%, 64=0.0%, >=64=0.0%
     issued rwts: total=8000,0,0,0 short=0,0,0,0 dropped=0,0,0,0
     latency   : target=0, window=0, percentile=100.00%, depth=1

Run status group 0 (all jobs):
   READ: bw=9.96MiB/s (10.4MB/s), 9.96MiB/s-9.96MiB/s (10.4MB/s-10.4MB/s), io=31.2MiB (32.8MB), run=3136-3136msec
