create: (g=0): rw=read, bs=(R) 4096B-4096B, (W) 4096B-4096B, (T) 4096B-4096B, ioengine=filecreate, iodepth=1
...
fio-3.41
Starting 4 threads

create: (groupid=0, jobs=4): err= 0: pid=40631: Fri Mar 13 18:30:29 2026
  read: IOPS=8010, BW=31.3MiB/s (32.8MB/s)(125MiB/3995msec)
    clat (usec): min=34, max=48283, avg=66.07, stdev=451.39
    clat percentiles (usec):
     |  1.00th=[   41],  5.00th=[   43], 10.00th=[   44], 20.00th=[   46],
     | 30.00th=[   47], 40.00th=[   48], 50.00th=[   49], 60.00th=[   53],
     | 70.00th=[   63], 80.00th=[   79], 90.00th=[   95], 95.00th=[  113],
     | 99.00th=[  145], 99.50th=[  159], 99.90th=[  208], 99.95th=[  343],
     | 99.99th=[27919]
   bw (  KiB/s): min=15256, max=66896, per=100.00%, avg=34321.83, stdev=4248.00, samples=26
   iops        : min= 3814, max=16724, avg=8580.46, stdev=1062.00, samples=26
  cpu          : usr=70.40%, sys=6.05%, ctx=139677, majf=0, minf=0
  IO depths    : 1=100.0%, 2=0.0%, 4=0.0%, 8=0.0%, 16=0.0%, 32=0.0%, >=64=0.0%
     submit    : 0=0.0%, 4=100.0%, 8=0.0%, 16=0.0%, 32=0.0%, 64=0.0%, >=64=0.0%
     complete  : 0=0.0%, 4=100.0%, 8=0.0%, 16=0.0%, 32=0.0%, 64=0.0%, >=64=0.0%
     issued rwts: total=32000,0,0,0 short=0,0,0,0 dropped=0,0,0,0
     latency   : target=0, window=0, percentile=100.00%, depth=1

Run status group 0 (all jobs):
   READ: bw=31.3MiB/s (32.8MB/s), 31.3MiB/s-31.3MiB/s (32.8MB/s-32.8MB/s), io=125MiB (131MB), run=3995-3995msec
