create: (g=0): rw=read, bs=(R) 4096B-4096B, (W) 4096B-4096B, (T) 4096B-4096B, ioengine=filecreate, iodepth=1
...
fio-3.41
Starting 40 threads

create: (groupid=0, jobs=40): err= 0: pid=303762: Sat Mar 14 00:37:47 2026
  read: IOPS=5908, BW=23.1MiB/s (24.2MB/s)(1250MiB/54158msec)
    clat (usec): min=42, max=64052, avg=6084.10, stdev=3266.42
    clat percentiles (usec):
     |  1.00th=[   63],  5.00th=[   90], 10.00th=[  119], 20.00th=[ 5342],
     | 30.00th=[ 6063], 40.00th=[ 6521], 50.00th=[ 6849], 60.00th=[ 7308],
     | 70.00th=[ 7767], 80.00th=[ 8225], 90.00th=[ 8717], 95.00th=[ 9110],
     | 99.00th=[ 9634], 99.50th=[ 9896], 99.90th=[35390], 99.95th=[45351],
     | 99.99th=[63177]
   bw (  KiB/s): min=18143, max=32816, per=100.00%, avg=23702.61, stdev=63.98, samples=4290
   iops        : min= 4535, max= 8204, avg=5925.62, stdev=16.00, samples=4290
  cpu          : usr=8.58%, sys=1.25%, ctx=1687046, majf=0, minf=0
  IO depths    : 1=100.0%, 2=0.0%, 4=0.0%, 8=0.0%, 16=0.0%, 32=0.0%, >=64=0.0%
     submit    : 0=0.0%, 4=100.0%, 8=0.0%, 16=0.0%, 32=0.0%, 64=0.0%, >=64=0.0%
     complete  : 0=0.0%, 4=100.0%, 8=0.0%, 16=0.0%, 32=0.0%, 64=0.0%, >=64=0.0%
     issued rwts: total=320000,0,0,0 short=0,0,0,0 dropped=0,0,0,0
     latency   : target=0, window=0, percentile=100.00%, depth=1

Run status group 0 (all jobs):
   READ: bw=23.1MiB/s (24.2MB/s), 23.1MiB/s-23.1MiB/s (24.2MB/s-24.2MB/s), io=1250MiB (1311MB), run=54158-54158msec
