create: (g=0): rw=read, bs=(R) 4096B-4096B, (W) 4096B-4096B, (T) 4096B-4096B, ioengine=filecreate, iodepth=1
...
fio-3.41
Starting 25 threads

create: (groupid=0, jobs=25): err= 0: pid=300803: Sat Mar 14 00:19:40 2026
  read: IOPS=4470, BW=17.5MiB/s (18.3MB/s)(781MiB/44739msec)
    clat (usec): min=76, max=57738, avg=4864.46, stdev=1965.31
    clat percentiles (usec):
     |  1.00th=[  124],  5.00th=[  174], 10.00th=[ 3851], 20.00th=[ 4621],
     | 30.00th=[ 4883], 40.00th=[ 5014], 50.00th=[ 5211], 60.00th=[ 5342],
     | 70.00th=[ 5473], 80.00th=[ 5669], 90.00th=[ 5932], 95.00th=[ 6128],
     | 99.00th=[ 6652], 99.50th=[ 6849], 99.90th=[17695], 99.95th=[48497],
     | 99.99th=[56886]
   bw (  KiB/s): min=15280, max=20488, per=100.00%, avg=17954.14, stdev=36.46, samples=2213
   iops        : min= 3820, max= 5122, avg=4488.53, stdev= 9.12, samples=2213
  cpu          : usr=11.20%, sys=1.43%, ctx=882873, majf=0, minf=0
  IO depths    : 1=100.0%, 2=0.0%, 4=0.0%, 8=0.0%, 16=0.0%, 32=0.0%, >=64=0.0%
     submit    : 0=0.0%, 4=100.0%, 8=0.0%, 16=0.0%, 32=0.0%, 64=0.0%, >=64=0.0%
     complete  : 0=0.0%, 4=100.0%, 8=0.0%, 16=0.0%, 32=0.0%, 64=0.0%, >=64=0.0%
     issued rwts: total=200000,0,0,0 short=0,0,0,0 dropped=0,0,0,0
     latency   : target=0, window=0, percentile=100.00%, depth=1

Run status group 0 (all jobs):
   READ: bw=17.5MiB/s (18.3MB/s), 17.5MiB/s-17.5MiB/s (18.3MB/s-18.3MB/s), io=781MiB (819MB), run=44739-44739msec
