create: (g=0): rw=read, bs=(R) 4096B-4096B, (W) 4096B-4096B, (T) 4096B-4096B, ioengine=filecreate, iodepth=1
...
fio-3.41
Starting 22 threads

create: (groupid=0, jobs=22): err= 0: pid=299970: Sat Mar 14 00:15:26 2026
  read: IOPS=4456, BW=17.4MiB/s (18.3MB/s)(688MiB/39492msec)
    clat (usec): min=69, max=62211, avg=4213.77, stdev=1888.11
    clat percentiles (usec):
     |  1.00th=[  126],  5.00th=[  165], 10.00th=[ 3294], 20.00th=[ 4015],
     | 30.00th=[ 4228], 40.00th=[ 4359], 50.00th=[ 4490], 60.00th=[ 4621],
     | 70.00th=[ 4752], 80.00th=[ 4883], 90.00th=[ 5080], 95.00th=[ 5407],
     | 99.00th=[ 6063], 99.50th=[ 6325], 99.90th=[16319], 99.95th=[49021],
     | 99.99th=[55837]
   bw (  KiB/s): min=13816, max=21524, per=100.00%, avg=17882.55, stdev=52.46, samples=1720
   iops        : min= 3450, max= 5380, avg=4470.54, stdev=13.12, samples=1720
  cpu          : usr=12.57%, sys=1.69%, ctx=774924, majf=0, minf=0
  IO depths    : 1=100.0%, 2=0.0%, 4=0.0%, 8=0.0%, 16=0.0%, 32=0.0%, >=64=0.0%
     submit    : 0=0.0%, 4=100.0%, 8=0.0%, 16=0.0%, 32=0.0%, 64=0.0%, >=64=0.0%
     complete  : 0=0.0%, 4=100.0%, 8=0.0%, 16=0.0%, 32=0.0%, 64=0.0%, >=64=0.0%
     issued rwts: total=176000,0,0,0 short=0,0,0,0 dropped=0,0,0,0
     latency   : target=0, window=0, percentile=100.00%, depth=1

Run status group 0 (all jobs):
   READ: bw=17.4MiB/s (18.3MB/s), 17.4MiB/s-17.4MiB/s (18.3MB/s-18.3MB/s), io=688MiB (721MB), run=39492-39492msec
