create: (g=0): rw=read, bs=(R) 4096B-4096B, (W) 4096B-4096B, (T) 4096B-4096B, ioengine=filecreate, iodepth=1
...
fio-3.41
Starting 56 threads

create: (groupid=0, jobs=56): err= 0: pid=175586: Fri Mar 13 20:10:15 2026
  read: IOPS=4457, BW=17.4MiB/s (18.3MB/s)(1750MiB/100494msec)
    clat (usec): min=59, max=67786, avg=11580.11, stdev=3895.58
    clat percentiles (usec):
     |  1.00th=[  126],  5.00th=[  182], 10.00th=[ 9110], 20.00th=[10683],
     | 30.00th=[11469], 40.00th=[12125], 50.00th=[12518], 60.00th=[12911],
     | 70.00th=[13173], 80.00th=[13566], 90.00th=[13960], 95.00th=[14353],
     | 99.00th=[16581], 99.50th=[19268], 99.90th=[48497], 99.95th=[55837],
     | 99.99th=[66323]
   bw (  KiB/s): min=14672, max=25889, per=100.00%, avg=17881.76, stdev=26.28, samples=11199
   iops        : min= 3668, max= 6465, avg=4470.37, stdev= 6.56, samples=11199
  cpu          : usr=6.96%, sys=0.65%, ctx=1966240, majf=0, minf=23
  IO depths    : 1=100.0%, 2=0.0%, 4=0.0%, 8=0.0%, 16=0.0%, 32=0.0%, >=64=0.0%
     submit    : 0=0.0%, 4=100.0%, 8=0.0%, 16=0.0%, 32=0.0%, 64=0.0%, >=64=0.0%
     complete  : 0=0.0%, 4=100.0%, 8=0.0%, 16=0.0%, 32=0.0%, 64=0.0%, >=64=0.0%
     issued rwts: total=448000,0,0,0 short=0,0,0,0 dropped=0,0,0,0
     latency   : target=0, window=0, percentile=100.00%, depth=1

Run status group 0 (all jobs):
   READ: bw=17.4MiB/s (18.3MB/s), 17.4MiB/s-17.4MiB/s (18.3MB/s-18.3MB/s), io=1750MiB (1835MB), run=100494-100494msec
