create: (g=0): rw=read, bs=(R) 4096B-4096B, (W) 4096B-4096B, (T) 4096B-4096B, ioengine=filecreate, iodepth=1
...
fio-3.41
Starting 27 threads

create: (groupid=0, jobs=27): err= 0: pid=139014: Fri Mar 13 19:45:29 2026
  read: IOPS=6262, BW=24.5MiB/s (25.6MB/s)(844MiB/34493msec)
    clat (usec): min=41, max=65790, avg=3744.60, stdev=2401.62
    clat percentiles (usec):
     |  1.00th=[   55],  5.00th=[   72], 10.00th=[  103], 20.00th=[ 2671],
     | 30.00th=[ 3490], 40.00th=[ 3916], 50.00th=[ 4293], 60.00th=[ 4555],
     | 70.00th=[ 4883], 80.00th=[ 5145], 90.00th=[ 5604], 95.00th=[ 5932],
     | 99.00th=[ 6521], 99.50th=[ 6980], 99.90th=[30016], 99.95th=[46400],
     | 99.99th=[59507]
   bw (  KiB/s): min=17797, max=34744, per=100.00%, avg=25255.49, stdev=111.63, samples=1830
   iops        : min= 4446, max= 8686, avg=6313.82, stdev=27.91, samples=1830
  cpu          : usr=10.73%, sys=1.76%, ctx=1134384, majf=0, minf=0
  IO depths    : 1=100.0%, 2=0.0%, 4=0.0%, 8=0.0%, 16=0.0%, 32=0.0%, >=64=0.0%
     submit    : 0=0.0%, 4=100.0%, 8=0.0%, 16=0.0%, 32=0.0%, 64=0.0%, >=64=0.0%
     complete  : 0=0.0%, 4=100.0%, 8=0.0%, 16=0.0%, 32=0.0%, 64=0.0%, >=64=0.0%
     issued rwts: total=216000,0,0,0 short=0,0,0,0 dropped=0,0,0,0
     latency   : target=0, window=0, percentile=100.00%, depth=1

Run status group 0 (all jobs):
   READ: bw=24.5MiB/s (25.6MB/s), 24.5MiB/s-24.5MiB/s (25.6MB/s-25.6MB/s), io=844MiB (885MB), run=34493-34493msec
