create: (g=0): rw=read, bs=(R) 4096B-4096B, (W) 4096B-4096B, (T) 4096B-4096B, ioengine=filecreate, iodepth=1
...
fio-3.41
Starting 48 threads

create: (groupid=0, jobs=48): err= 0: pid=315096: Sat Mar 14 01:38:30 2026
  read: IOPS=4244, BW=16.6MiB/s (17.4MB/s)(1500MiB/90466msec)
    clat (usec): min=74, max=64370, avg=10275.82, stdev=3349.25
    clat percentiles (usec):
     |  1.00th=[  135],  5.00th=[  190], 10.00th=[ 9110], 20.00th=[10028],
     | 30.00th=[10421], 40.00th=[10814], 50.00th=[10945], 60.00th=[11207],
     | 70.00th=[11469], 80.00th=[11600], 90.00th=[11994], 95.00th=[12125],
     | 99.00th=[12780], 99.50th=[13829], 99.90th=[44827], 99.95th=[55837],
     | 99.99th=[63177]
   bw (  KiB/s): min=14215, max=27267, per=100.00%, avg=17075.13, stdev=31.38, samples=8605
   iops        : min= 3553, max= 6815, avg=4268.74, stdev= 7.84, samples=8605
  cpu          : usr=7.85%, sys=0.78%, ctx=1689462, majf=0, minf=15
  IO depths    : 1=100.0%, 2=0.0%, 4=0.0%, 8=0.0%, 16=0.0%, 32=0.0%, >=64=0.0%
     submit    : 0=0.0%, 4=100.0%, 8=0.0%, 16=0.0%, 32=0.0%, 64=0.0%, >=64=0.0%
     complete  : 0=0.0%, 4=100.0%, 8=0.0%, 16=0.0%, 32=0.0%, 64=0.0%, >=64=0.0%
     issued rwts: total=384000,0,0,0 short=0,0,0,0 dropped=0,0,0,0
     latency   : target=0, window=0, percentile=100.00%, depth=1

Run status group 0 (all jobs):
   READ: bw=16.6MiB/s (17.4MB/s), 16.6MiB/s-16.6MiB/s (17.4MB/s-17.4MB/s), io=1500MiB (1573MB), run=90466-90466msec
