create: (g=0): rw=read, bs=(R) 4096B-4096B, (W) 4096B-4096B, (T) 4096B-4096B, ioengine=filecreate, iodepth=1
...
fio-3.41
Starting 23 threads

create: (groupid=0, jobs=23): err= 0: pid=267887: Fri Mar 13 21:28:06 2026
  read: IOPS=6896, BW=26.9MiB/s (28.2MB/s)(719MiB/26681msec)
    clat (usec): min=40, max=67861, avg=2826.26, stdev=2230.32
    clat percentiles (usec):
     |  1.00th=[   52],  5.00th=[   62], 10.00th=[   78], 20.00th=[  914],
     | 30.00th=[ 2606], 40.00th=[ 2900], 50.00th=[ 3130], 60.00th=[ 3359],
     | 70.00th=[ 3654], 80.00th=[ 4015], 90.00th=[ 4359], 95.00th=[ 4621],
     | 99.00th=[ 5080], 99.50th=[ 5211], 99.90th=[35914], 99.95th=[52167],
     | 99.99th=[66847]
   bw (  KiB/s): min=17744, max=35664, per=100.00%, avg=27854.98, stdev=148.52, samples=1198
   iops        : min= 4434, max= 8916, avg=6963.57, stdev=37.14, samples=1198
  cpu          : usr=12.37%, sys=2.07%, ctx=965747, majf=0, minf=0
  IO depths    : 1=100.0%, 2=0.0%, 4=0.0%, 8=0.0%, 16=0.0%, 32=0.0%, >=64=0.0%
     submit    : 0=0.0%, 4=100.0%, 8=0.0%, 16=0.0%, 32=0.0%, 64=0.0%, >=64=0.0%
     complete  : 0=0.0%, 4=100.0%, 8=0.0%, 16=0.0%, 32=0.0%, 64=0.0%, >=64=0.0%
     issued rwts: total=184000,0,0,0 short=0,0,0,0 dropped=0,0,0,0
     latency   : target=0, window=0, percentile=100.00%, depth=1

Run status group 0 (all jobs):
   READ: bw=26.9MiB/s (28.2MB/s), 26.9MiB/s-26.9MiB/s (28.2MB/s-28.2MB/s), io=719MiB (754MB), run=26681-26681msec
