create: (g=0): rw=read, bs=(R) 4096B-4096B, (W) 4096B-4096B, (T) 4096B-4096B, ioengine=filecreate, iodepth=1
...
fio-3.41
Starting 9 threads

create: (groupid=0, jobs=9): err= 0: pid=196462: Fri Mar 13 20:21:40 2026
  read: IOPS=7641, BW=29.8MiB/s (31.3MB/s)(281MiB/9422msec)
    clat (usec): min=41, max=49773, avg=348.72, stdev=573.71
    clat percentiles (usec):
     |  1.00th=[   75],  5.00th=[   99], 10.00th=[  122], 20.00th=[  163],
     | 30.00th=[  204], 40.00th=[  249], 50.00th=[  293], 60.00th=[  347],
     | 70.00th=[  408], 80.00th=[  494], 90.00th=[  619], 95.00th=[  734],
     | 99.00th=[  971], 99.50th=[ 1074], 99.90th=[ 1631], 99.95th=[ 3032],
     | 99.99th=[35390]
   bw (  KiB/s): min=16567, max=59482, per=100.00%, avg=38226.24, stdev=1260.76, samples=134
   iops        : min= 4138, max=14870, avg=9556.28, stdev=315.23, samples=134
  cpu          : usr=57.78%, sys=3.45%, ctx=299209, majf=0, minf=0
  IO depths    : 1=100.0%, 2=0.0%, 4=0.0%, 8=0.0%, 16=0.0%, 32=0.0%, >=64=0.0%
     submit    : 0=0.0%, 4=100.0%, 8=0.0%, 16=0.0%, 32=0.0%, 64=0.0%, >=64=0.0%
     complete  : 0=0.0%, 4=100.0%, 8=0.0%, 16=0.0%, 32=0.0%, 64=0.0%, >=64=0.0%
     issued rwts: total=72000,0,0,0 short=0,0,0,0 dropped=0,0,0,0
     latency   : target=0, window=0, percentile=100.00%, depth=1

Run status group 0 (all jobs):
   READ: bw=29.8MiB/s (31.3MB/s), 29.8MiB/s-29.8MiB/s (31.3MB/s-31.3MB/s), io=281MiB (295MB), run=9422-9422msec
