create: (g=0): rw=read, bs=(R) 4096B-4096B, (W) 4096B-4096B, (T) 4096B-4096B, ioengine=filecreate, iodepth=1
...
fio-3.41
Starting 14 threads

create: (groupid=0, jobs=14): err= 0: pid=31843: Fri Mar 13 17:38:01 2026
  read: IOPS=4985, BW=19.5MiB/s (20.4MB/s)(438MiB/22467msec)
    clat (usec): min=66, max=49503, avg=1978.39, stdev=1128.97
    clat percentiles (usec):
     |  1.00th=[  120],  5.00th=[  169], 10.00th=[  359], 20.00th=[ 1172],
     | 30.00th=[ 1778], 40.00th=[ 2040], 50.00th=[ 2212], 60.00th=[ 2376],
     | 70.00th=[ 2507], 80.00th=[ 2671], 90.00th=[ 2835], 95.00th=[ 2999],
     | 99.00th=[ 3261], 99.50th=[ 3359], 99.90th=[ 7898], 99.95th=[13829],
     | 99.99th=[47449]
   bw (  KiB/s): min=14529, max=30248, per=100.00%, avg=20342.21, stdev=213.60, samples=601
   iops        : min= 3630, max= 7562, avg=5085.47, stdev=53.41, samples=601
  cpu          : usr=24.16%, sys=2.26%, ctx=489945, majf=0, minf=0
  IO depths    : 1=100.0%, 2=0.0%, 4=0.0%, 8=0.0%, 16=0.0%, 32=0.0%, >=64=0.0%
     submit    : 0=0.0%, 4=100.0%, 8=0.0%, 16=0.0%, 32=0.0%, 64=0.0%, >=64=0.0%
     complete  : 0=0.0%, 4=100.0%, 8=0.0%, 16=0.0%, 32=0.0%, 64=0.0%, >=64=0.0%
     issued rwts: total=112000,0,0,0 short=0,0,0,0 dropped=0,0,0,0
     latency   : target=0, window=0, percentile=100.00%, depth=1

Run status group 0 (all jobs):
   READ: bw=19.5MiB/s (20.4MB/s), 19.5MiB/s-19.5MiB/s (20.4MB/s-20.4MB/s), io=438MiB (459MB), run=22467-22467msec
