create: (g=0): rw=read, bs=(R) 4096B-4096B, (W) 4096B-4096B, (T) 4096B-4096B, ioengine=filecreate, iodepth=1
...
fio-3.41
Starting 28 threads

create: (groupid=0, jobs=28): err= 0: pid=226217: Fri Mar 13 20:40:10 2026
  read: IOPS=4739, BW=18.5MiB/s (19.4MB/s)(875MiB/47259msec)
    clat (usec): min=60, max=76126, avg=5177.59, stdev=2257.50
    clat percentiles (usec):
     |  1.00th=[  116],  5.00th=[  159], 10.00th=[ 3228], 20.00th=[ 4621],
     | 30.00th=[ 4948], 40.00th=[ 5211], 50.00th=[ 5473], 60.00th=[ 5735],
     | 70.00th=[ 5997], 80.00th=[ 6325], 90.00th=[ 6718], 95.00th=[ 7046],
     | 99.00th=[ 7832], 99.50th=[ 9634], 99.90th=[18744], 99.95th=[32375],
     | 99.99th=[74974]
   bw (  KiB/s): min=15439, max=23353, per=100.00%, avg=19018.78, stdev=52.62, samples=2617
   iops        : min= 3858, max= 5837, avg=4754.61, stdev=13.15, samples=2617
  cpu          : usr=10.60%, sys=1.29%, ctx=982781, majf=0, minf=12
  IO depths    : 1=100.0%, 2=0.0%, 4=0.0%, 8=0.0%, 16=0.0%, 32=0.0%, >=64=0.0%
     submit    : 0=0.0%, 4=100.0%, 8=0.0%, 16=0.0%, 32=0.0%, 64=0.0%, >=64=0.0%
     complete  : 0=0.0%, 4=100.0%, 8=0.0%, 16=0.0%, 32=0.0%, 64=0.0%, >=64=0.0%
     issued rwts: total=224000,0,0,0 short=0,0,0,0 dropped=0,0,0,0
     latency   : target=0, window=0, percentile=100.00%, depth=1

Run status group 0 (all jobs):
   READ: bw=18.5MiB/s (19.4MB/s), 18.5MiB/s-18.5MiB/s (19.4MB/s-19.4MB/s), io=875MiB (918MB), run=47259-47259msec
