create: (g=0): rw=read, bs=(R) 4096B-4096B, (W) 4096B-4096B, (T) 4096B-4096B, ioengine=filecreate, iodepth=1
...
fio-3.41
Starting 32 threads

create: (groupid=0, jobs=32): err= 0: pid=303077: Sat Mar 14 00:32:57 2026
  read: IOPS=5816, BW=22.7MiB/s (23.8MB/s)(1000MiB/44009msec)
    clat (usec): min=42, max=61022, avg=4923.99, stdev=2903.67
    clat percentiles (usec):
     |  1.00th=[   59],  5.00th=[   85], 10.00th=[  113], 20.00th=[ 4146],
     | 30.00th=[ 4752], 40.00th=[ 5080], 50.00th=[ 5407], 60.00th=[ 5997],
     | 70.00th=[ 6521], 80.00th=[ 6915], 90.00th=[ 7177], 95.00th=[ 7439],
     | 99.00th=[ 7898], 99.50th=[ 8160], 99.90th=[40633], 99.95th=[47973],
     | 99.99th=[60031]
   bw (  KiB/s): min=16303, max=30969, per=100.00%, avg=23352.45, stdev=93.91, samples=2795
   iops        : min= 4074, max= 7740, avg=5838.01, stdev=23.48, samples=2795
  cpu          : usr=8.74%, sys=1.50%, ctx=1346542, majf=0, minf=0
  IO depths    : 1=100.0%, 2=0.0%, 4=0.0%, 8=0.0%, 16=0.0%, 32=0.0%, >=64=0.0%
     submit    : 0=0.0%, 4=100.0%, 8=0.0%, 16=0.0%, 32=0.0%, 64=0.0%, >=64=0.0%
     complete  : 0=0.0%, 4=100.0%, 8=0.0%, 16=0.0%, 32=0.0%, 64=0.0%, >=64=0.0%
     issued rwts: total=256000,0,0,0 short=0,0,0,0 dropped=0,0,0,0
     latency   : target=0, window=0, percentile=100.00%, depth=1

Run status group 0 (all jobs):
   READ: bw=22.7MiB/s (23.8MB/s), 22.7MiB/s-22.7MiB/s (23.8MB/s-23.8MB/s), io=1000MiB (1049MB), run=44009-44009msec
