create: (g=0): rw=read, bs=(R) 4096B-4096B, (W) 4096B-4096B, (T) 4096B-4096B, ioengine=filecreate, iodepth=1
...
fio-3.41
Starting 56 threads

create: (groupid=0, jobs=56): err= 0: pid=261909: Fri Mar 13 21:05:11 2026
  read: IOPS=5753, BW=22.5MiB/s (23.6MB/s)(1750MiB/77871msec)
    clat (usec): min=46, max=105331, avg=8782.23, stdev=4214.61
    clat percentiles (usec):
     |  1.00th=[    72],  5.00th=[   105], 10.00th=[   129], 20.00th=[  8225],
     | 30.00th=[  8848], 40.00th=[  9241], 50.00th=[  9634], 60.00th=[ 10290],
     | 70.00th=[ 10945], 80.00th=[ 11469], 90.00th=[ 11994], 95.00th=[ 12256],
     | 99.00th=[ 12911], 99.50th=[ 13304], 99.90th=[ 39584], 99.95th=[ 46400],
     | 99.99th=[104334]
   bw (  KiB/s): min=16247, max=29272, per=100.00%, avg=23058.83, stdev=40.65, samples=8655
   iops        : min= 4061, max= 7318, avg=5764.68, stdev=10.16, samples=8655
  cpu          : usr=8.58%, sys=0.93%, ctx=2371480, majf=0, minf=0
  IO depths    : 1=100.0%, 2=0.0%, 4=0.0%, 8=0.0%, 16=0.0%, 32=0.0%, >=64=0.0%
     submit    : 0=0.0%, 4=100.0%, 8=0.0%, 16=0.0%, 32=0.0%, 64=0.0%, >=64=0.0%
     complete  : 0=0.0%, 4=100.0%, 8=0.0%, 16=0.0%, 32=0.0%, 64=0.0%, >=64=0.0%
     issued rwts: total=448000,0,0,0 short=0,0,0,0 dropped=0,0,0,0
     latency   : target=0, window=0, percentile=100.00%, depth=1

Run status group 0 (all jobs):
   READ: bw=22.5MiB/s (23.6MB/s), 22.5MiB/s-22.5MiB/s (23.6MB/s-23.6MB/s), io=1750MiB (1835MB), run=77871-77871msec
