create: (g=0): rw=read, bs=(R) 4096B-4096B, (W) 4096B-4096B, (T) 4096B-4096B, ioengine=filecreate, iodepth=1
...
fio-3.41
Starting 18 threads

create: (groupid=0, jobs=18): err= 0: pid=32944: Fri Mar 13 17:41:51 2026
  read: IOPS=8154, BW=31.9MiB/s (33.4MB/s)(563MiB/17659msec)
    clat (usec): min=39, max=56598, avg=1778.92, stdev=1439.98
    clat percentiles (usec):
     |  1.00th=[   50],  5.00th=[   54], 10.00th=[   58], 20.00th=[   86],
     | 30.00th=[ 1647], 40.00th=[ 1909], 50.00th=[ 2114], 60.00th=[ 2278],
     | 70.00th=[ 2409], 80.00th=[ 2573], 90.00th=[ 2737], 95.00th=[ 2835],
     | 99.00th=[ 3032], 99.50th=[ 3097], 99.90th=[ 7439], 99.95th=[39060],
     | 99.99th=[56361]
   bw (  KiB/s): min=22358, max=37744, per=100.00%, avg=32719.32, stdev=167.01, samples=625
   iops        : min= 5582, max= 9436, avg=8179.60, stdev=41.79, samples=625
  cpu          : usr=15.87%, sys=2.28%, ctx=753544, majf=0, minf=0
  IO depths    : 1=100.0%, 2=0.0%, 4=0.0%, 8=0.0%, 16=0.0%, 32=0.0%, >=64=0.0%
     submit    : 0=0.0%, 4=100.0%, 8=0.0%, 16=0.0%, 32=0.0%, 64=0.0%, >=64=0.0%
     complete  : 0=0.0%, 4=100.0%, 8=0.0%, 16=0.0%, 32=0.0%, 64=0.0%, >=64=0.0%
     issued rwts: total=144000,0,0,0 short=0,0,0,0 dropped=0,0,0,0
     latency   : target=0, window=0, percentile=100.00%, depth=1

Run status group 0 (all jobs):
   READ: bw=31.9MiB/s (33.4MB/s), 31.9MiB/s-31.9MiB/s (33.4MB/s-33.4MB/s), io=563MiB (590MB), run=17659-17659msec
