create: (g=0): rw=read, bs=(R) 4096B-4096B, (W) 4096B-4096B, (T) 4096B-4096B, ioengine=filecreate, iodepth=1
...
fio-3.41
Starting 32 threads

create: (groupid=0, jobs=32): err= 0: pid=281389: Fri Mar 13 22:40:04 2026
  read: IOPS=5757, BW=22.5MiB/s (23.6MB/s)(1000MiB/44464msec)
    clat (usec): min=42, max=66704, avg=4989.14, stdev=2920.09
    clat percentiles (usec):
     |  1.00th=[   60],  5.00th=[   87], 10.00th=[  115], 20.00th=[ 4228],
     | 30.00th=[ 4817], 40.00th=[ 5145], 50.00th=[ 5538], 60.00th=[ 6128],
     | 70.00th=[ 6652], 80.00th=[ 6915], 90.00th=[ 7177], 95.00th=[ 7439],
     | 99.00th=[ 7898], 99.50th=[ 8160], 99.90th=[38536], 99.95th=[51119],
     | 99.99th=[66323]
   bw (  KiB/s): min=16572, max=29568, per=100.00%, avg=23122.86, stdev=89.23, samples=2814
   iops        : min= 4140, max= 7392, avg=5780.52, stdev=22.31, samples=2814
  cpu          : usr=8.49%, sys=1.55%, ctx=1345530, majf=0, minf=0
  IO depths    : 1=100.0%, 2=0.0%, 4=0.0%, 8=0.0%, 16=0.0%, 32=0.0%, >=64=0.0%
     submit    : 0=0.0%, 4=100.0%, 8=0.0%, 16=0.0%, 32=0.0%, 64=0.0%, >=64=0.0%
     complete  : 0=0.0%, 4=100.0%, 8=0.0%, 16=0.0%, 32=0.0%, 64=0.0%, >=64=0.0%
     issued rwts: total=256000,0,0,0 short=0,0,0,0 dropped=0,0,0,0
     latency   : target=0, window=0, percentile=100.00%, depth=1

Run status group 0 (all jobs):
   READ: bw=22.5MiB/s (23.6MB/s), 22.5MiB/s-22.5MiB/s (23.6MB/s-23.6MB/s), io=1000MiB (1049MB), run=44464-44464msec
