create: (g=0): rw=read, bs=(R) 4096B-4096B, (W) 4096B-4096B, (T) 4096B-4096B, ioengine=filecreate, iodepth=1
...
fio-3.41
Starting 24 threads

create: (groupid=0, jobs=24): err= 0: pid=268154: Fri Mar 13 21:29:31 2026
  read: IOPS=6475, BW=25.3MiB/s (26.5MB/s)(750MiB/29651msec)
    clat (usec): min=41, max=65797, avg=3183.20, stdev=2296.64
    clat percentiles (usec):
     |  1.00th=[   53],  5.00th=[   68], 10.00th=[   88], 20.00th=[ 2114],
     | 30.00th=[ 2900], 40.00th=[ 3195], 50.00th=[ 3523], 60.00th=[ 3916],
     | 70.00th=[ 4228], 80.00th=[ 4490], 90.00th=[ 4817], 95.00th=[ 5145],
     | 99.00th=[ 5604], 99.50th=[ 5800], 99.90th=[41681], 99.95th=[50070],
     | 99.99th=[64750]
   bw (  KiB/s): min=17163, max=32568, per=100.00%, avg=26089.06, stdev=135.54, samples=1403
   iops        : min= 4290, max= 8142, avg=6522.25, stdev=33.89, samples=1403
  cpu          : usr=11.54%, sys=1.96%, ctx=1008029, majf=0, minf=0
  IO depths    : 1=100.0%, 2=0.0%, 4=0.0%, 8=0.0%, 16=0.0%, 32=0.0%, >=64=0.0%
     submit    : 0=0.0%, 4=100.0%, 8=0.0%, 16=0.0%, 32=0.0%, 64=0.0%, >=64=0.0%
     complete  : 0=0.0%, 4=100.0%, 8=0.0%, 16=0.0%, 32=0.0%, 64=0.0%, >=64=0.0%
     issued rwts: total=192000,0,0,0 short=0,0,0,0 dropped=0,0,0,0
     latency   : target=0, window=0, percentile=100.00%, depth=1

Run status group 0 (all jobs):
   READ: bw=25.3MiB/s (26.5MB/s), 25.3MiB/s-25.3MiB/s (26.5MB/s-26.5MB/s), io=750MiB (786MB), run=29651-29651msec
