create: (g=0): rw=read, bs=(R) 4096B-4096B, (W) 4096B-4096B, (T) 4096B-4096B, ioengine=filecreate, iodepth=1
...
fio-3.41
Starting 27 threads

create: (groupid=0, jobs=27): err= 0: pid=24677: Fri Mar 13 16:57:33 2026
  read: IOPS=6217, BW=24.3MiB/s (25.5MB/s)(844MiB/34743msec)
    clat (usec): min=42, max=65832, avg=3772.57, stdev=2444.24
    clat percentiles (usec):
     |  1.00th=[   55],  5.00th=[   73], 10.00th=[  103], 20.00th=[ 2606],
     | 30.00th=[ 3556], 40.00th=[ 3949], 50.00th=[ 4293], 60.00th=[ 4621],
     | 70.00th=[ 4883], 80.00th=[ 5211], 90.00th=[ 5669], 95.00th=[ 5997],
     | 99.00th=[ 6456], 99.50th=[ 6652], 99.90th=[38011], 99.95th=[46924],
     | 99.99th=[57410]
   bw (  KiB/s): min=16633, max=31056, per=100.00%, avg=25040.75, stdev=102.87, samples=1845
   iops        : min= 4154, max= 7764, avg=6260.12, stdev=25.73, samples=1845
  cpu          : usr=10.66%, sys=1.77%, ctx=1134646, majf=0, minf=0
  IO depths    : 1=100.0%, 2=0.0%, 4=0.0%, 8=0.0%, 16=0.0%, 32=0.0%, >=64=0.0%
     submit    : 0=0.0%, 4=100.0%, 8=0.0%, 16=0.0%, 32=0.0%, 64=0.0%, >=64=0.0%
     complete  : 0=0.0%, 4=100.0%, 8=0.0%, 16=0.0%, 32=0.0%, 64=0.0%, >=64=0.0%
     issued rwts: total=216000,0,0,0 short=0,0,0,0 dropped=0,0,0,0
     latency   : target=0, window=0, percentile=100.00%, depth=1

Run status group 0 (all jobs):
   READ: bw=24.3MiB/s (25.5MB/s), 24.3MiB/s-24.3MiB/s (25.5MB/s-25.5MB/s), io=844MiB (885MB), run=34743-34743msec
