create: (g=0): rw=read, bs=(R) 4096B-4096B, (W) 4096B-4096B, (T) 4096B-4096B, ioengine=filecreate, iodepth=1
...
fio-3.41
Starting 6 threads

create: (groupid=0, jobs=6): err= 0: pid=274689: Fri Mar 13 22:11:07 2026
  read: IOPS=7220, BW=28.2MiB/s (29.6MB/s)(188MiB/6648msec)
    clat (usec): min=72, max=57732, avg=268.37, stdev=632.31
    clat percentiles (usec):
     |  1.00th=[   99],  5.00th=[  110], 10.00th=[  122], 20.00th=[  157],
     | 30.00th=[  190], 40.00th=[  221], 50.00th=[  251], 60.00th=[  281],
     | 70.00th=[  310], 80.00th=[  343], 90.00th=[  400], 95.00th=[  457],
     | 99.00th=[  578], 99.50th=[  644], 99.90th=[ 1029], 99.95th=[ 1500],
     | 99.99th=[46924]
   bw (  KiB/s): min=13310, max=50088, per=100.00%, avg=31285.43, stdev=1658.62, samples=73
   iops        : min= 3327, max=12522, avg=7821.32, stdev=414.67, samples=73
  cpu          : usr=55.86%, sys=5.59%, ctx=197607, majf=0, minf=0
  IO depths    : 1=100.0%, 2=0.0%, 4=0.0%, 8=0.0%, 16=0.0%, 32=0.0%, >=64=0.0%
     submit    : 0=0.0%, 4=100.0%, 8=0.0%, 16=0.0%, 32=0.0%, 64=0.0%, >=64=0.0%
     complete  : 0=0.0%, 4=100.0%, 8=0.0%, 16=0.0%, 32=0.0%, 64=0.0%, >=64=0.0%
     issued rwts: total=48000,0,0,0 short=0,0,0,0 dropped=0,0,0,0
     latency   : target=0, window=0, percentile=100.00%, depth=1

Run status group 0 (all jobs):
   READ: bw=28.2MiB/s (29.6MB/s), 28.2MiB/s-28.2MiB/s (29.6MB/s-29.6MB/s), io=188MiB (197MB), run=6648-6648msec
