create: (g=0): rw=read, bs=(R) 4096B-4096B, (W) 4096B-4096B, (T) 4096B-4096B, ioengine=filecreate, iodepth=1
...
fio-3.41
Starting 11 threads

create: (groupid=0, jobs=11): err= 0: pid=264966: Fri Mar 13 21:16:57 2026
  read: IOPS=11.2k, BW=43.9MiB/s (46.0MB/s)(344MiB/7828msec)
    clat (usec): min=36, max=51118, avg=329.32, stdev=515.21
    clat percentiles (usec):
     |  1.00th=[   46],  5.00th=[   48], 10.00th=[   49], 20.00th=[   53],
     | 30.00th=[   68], 40.00th=[   87], 50.00th=[  113], 60.00th=[  151],
     | 70.00th=[  247], 80.00th=[  783], 90.00th=[  988], 95.00th=[ 1106],
     | 99.00th=[ 1287], 99.50th=[ 1352], 99.90th=[ 1516], 99.95th=[ 2089],
     | 99.99th=[ 3425]
   bw (  KiB/s): min=27487, max=88778, per=100.00%, avg=55225.71, stdev=1538.74, samples=143
   iops        : min= 6868, max=22192, avg=13805.81, stdev=384.70, samples=143
  cpu          : usr=52.08%, sys=4.28%, ctx=438424, majf=0, minf=0
  IO depths    : 1=100.0%, 2=0.0%, 4=0.0%, 8=0.0%, 16=0.0%, 32=0.0%, >=64=0.0%
     submit    : 0=0.0%, 4=100.0%, 8=0.0%, 16=0.0%, 32=0.0%, 64=0.0%, >=64=0.0%
     complete  : 0=0.0%, 4=100.0%, 8=0.0%, 16=0.0%, 32=0.0%, 64=0.0%, >=64=0.0%
     issued rwts: total=88000,0,0,0 short=0,0,0,0 dropped=0,0,0,0
     latency   : target=0, window=0, percentile=100.00%, depth=1

Run status group 0 (all jobs):
   READ: bw=43.9MiB/s (46.0MB/s), 43.9MiB/s-43.9MiB/s (46.0MB/s-46.0MB/s), io=344MiB (360MB), run=7828-7828msec
