create: (g=0): rw=read, bs=(R) 4096B-4096B, (W) 4096B-4096B, (T) 4096B-4096B, ioengine=filecreate, iodepth=1
...
fio-3.41
Starting 6 threads

create: (groupid=0, jobs=6): err= 0: pid=263828: Fri Mar 13 21:14:46 2026
  read: IOPS=7233, BW=28.3MiB/s (29.6MB/s)(188MiB/6636msec)
    clat (usec): min=70, max=53204, avg=288.17, stdev=649.68
    clat percentiles (usec):
     |  1.00th=[   98],  5.00th=[  109], 10.00th=[  123], 20.00th=[  165],
     | 30.00th=[  196], 40.00th=[  233], 50.00th=[  269], 60.00th=[  302],
     | 70.00th=[  338], 80.00th=[  379], 90.00th=[  445], 95.00th=[  502],
     | 99.00th=[  619], 99.50th=[  668], 99.90th=[  906], 99.95th=[ 1549],
     | 99.99th=[47449]
   bw (  KiB/s): min=11480, max=43368, per=100.00%, avg=29849.24, stdev=1484.46, samples=74
   iops        : min= 2869, max=10842, avg=7462.23, stdev=371.14, samples=74
  cpu          : usr=54.01%, sys=5.36%, ctx=198507, majf=0, minf=0
  IO depths    : 1=100.0%, 2=0.0%, 4=0.0%, 8=0.0%, 16=0.0%, 32=0.0%, >=64=0.0%
     submit    : 0=0.0%, 4=100.0%, 8=0.0%, 16=0.0%, 32=0.0%, 64=0.0%, >=64=0.0%
     complete  : 0=0.0%, 4=100.0%, 8=0.0%, 16=0.0%, 32=0.0%, 64=0.0%, >=64=0.0%
     issued rwts: total=48000,0,0,0 short=0,0,0,0 dropped=0,0,0,0
     latency   : target=0, window=0, percentile=100.00%, depth=1

Run status group 0 (all jobs):
   READ: bw=28.3MiB/s (29.6MB/s), 28.3MiB/s-28.3MiB/s (29.6MB/s-29.6MB/s), io=188MiB (197MB), run=6636-6636msec
