create: (g=0): rw=read, bs=(R) 4096B-4096B, (W) 4096B-4096B, (T) 4096B-4096B, ioengine=filecreate, iodepth=1
...
fio-3.41
Starting 48 threads

create: (groupid=0, jobs=48): err= 0: pid=271902: Fri Mar 13 21:54:33 2026
  read: IOPS=5845, BW=22.8MiB/s (23.9MB/s)(1500MiB/65686msec)
    clat (usec): min=42, max=93683, avg=7305.02, stdev=3719.93
    clat percentiles (usec):
     |  1.00th=[   67],  5.00th=[   97], 10.00th=[  125], 20.00th=[ 6849],
     | 30.00th=[ 7373], 40.00th=[ 7767], 50.00th=[ 8160], 60.00th=[ 8455],
     | 70.00th=[ 8979], 80.00th=[ 9634], 90.00th=[10159], 95.00th=[10552],
     | 99.00th=[11076], 99.50th=[11338], 99.90th=[39060], 99.95th=[53216],
     | 99.99th=[92799]
   bw (  KiB/s): min=14766, max=38264, per=100.00%, avg=23522.31, stdev=59.03, samples=6257
   iops        : min= 3690, max= 9566, avg=5880.56, stdev=14.76, samples=6257
  cpu          : usr=9.34%, sys=1.08%, ctx=2030743, majf=0, minf=0
  IO depths    : 1=100.0%, 2=0.0%, 4=0.0%, 8=0.0%, 16=0.0%, 32=0.0%, >=64=0.0%
     submit    : 0=0.0%, 4=100.0%, 8=0.0%, 16=0.0%, 32=0.0%, 64=0.0%, >=64=0.0%
     complete  : 0=0.0%, 4=100.0%, 8=0.0%, 16=0.0%, 32=0.0%, 64=0.0%, >=64=0.0%
     issued rwts: total=384000,0,0,0 short=0,0,0,0 dropped=0,0,0,0
     latency   : target=0, window=0, percentile=100.00%, depth=1

Run status group 0 (all jobs):
   READ: bw=22.8MiB/s (23.9MB/s), 22.8MiB/s-22.8MiB/s (23.9MB/s-23.9MB/s), io=1500MiB (1573MB), run=65686-65686msec
