create: (g=0): rw=read, bs=(R) 4096B-4096B, (W) 4096B-4096B, (T) 4096B-4096B, ioengine=filecreate, iodepth=1
fio-3.41
Starting 1 thread

create: (groupid=0, jobs=1): err= 0: pid=40122: Fri Mar 13 18:29:53 2026
  read: IOPS=3787, BW=14.8MiB/s (15.5MB/s)(31.2MiB/2112msec)
    clat (usec): min=36, max=694, avg=43.32, stdev= 9.98
    clat percentiles (usec):
     |  1.00th=[   39],  5.00th=[   39], 10.00th=[   40], 20.00th=[   41],
     | 30.00th=[   41], 40.00th=[   42], 50.00th=[   42], 60.00th=[   43],
     | 70.00th=[   44], 80.00th=[   45], 90.00th=[   49], 95.00th=[   53],
     | 99.00th=[   69], 99.50th=[   86], 99.90th=[  117], 99.95th=[  141],
     | 99.99th=[  693]
   bw (  KiB/s): min= 8056, max=22312, per=92.02%, avg=13942.00, stdev=6075.22, samples=4
   iops        : min= 2014, max= 5578, avg=3485.50, stdev=1518.81, samples=4
  cpu          : usr=63.24%, sys=10.04%, ctx=31775, majf=0, minf=0
  IO depths    : 1=100.0%, 2=0.0%, 4=0.0%, 8=0.0%, 16=0.0%, 32=0.0%, >=64=0.0%
     submit    : 0=0.0%, 4=100.0%, 8=0.0%, 16=0.0%, 32=0.0%, 64=0.0%, >=64=0.0%
     complete  : 0=0.0%, 4=100.0%, 8=0.0%, 16=0.0%, 32=0.0%, 64=0.0%, >=64=0.0%
     issued rwts: total=8000,0,0,0 short=0,0,0,0 dropped=0,0,0,0
     latency   : target=0, window=0, percentile=100.00%, depth=1

Run status group 0 (all jobs):
   READ: bw=14.8MiB/s (15.5MB/s), 14.8MiB/s-14.8MiB/s (15.5MB/s-15.5MB/s), io=31.2MiB (32.8MB), run=2112-2112msec
