create: (g=0): rw=read, bs=(R) 4096B-4096B, (W) 4096B-4096B, (T) 4096B-4096B, ioengine=filecreate, iodepth=1
...
fio-3.41
Starting 48 threads

create: (groupid=0, jobs=48): err= 0: pid=165983: Fri Mar 13 20:03:44 2026
  read: IOPS=4429, BW=17.3MiB/s (18.1MB/s)(1500MiB/86700msec)
    clat (usec): min=62, max=84470, avg=9780.68, stdev=3504.67
    clat percentiles (usec):
     |  1.00th=[  126],  5.00th=[  184], 10.00th=[ 7177], 20.00th=[ 8717],
     | 30.00th=[ 9503], 40.00th=[10028], 50.00th=[10552], 60.00th=[10945],
     | 70.00th=[11207], 80.00th=[11600], 90.00th=[12125], 95.00th=[12387],
     | 99.00th=[14746], 99.50th=[16909], 99.90th=[45876], 99.95th=[51643],
     | 99.99th=[82314]
   bw (  KiB/s): min=14591, max=28776, per=100.00%, avg=17884.71, stdev=38.76, samples=8210
   iops        : min= 3647, max= 7194, avg=4471.15, stdev= 9.69, samples=8210
  cpu          : usr=8.14%, sys=0.77%, ctx=1682613, majf=0, minf=0
  IO depths    : 1=100.0%, 2=0.0%, 4=0.0%, 8=0.0%, 16=0.0%, 32=0.0%, >=64=0.0%
     submit    : 0=0.0%, 4=100.0%, 8=0.0%, 16=0.0%, 32=0.0%, 64=0.0%, >=64=0.0%
     complete  : 0=0.0%, 4=100.0%, 8=0.0%, 16=0.0%, 32=0.0%, 64=0.0%, >=64=0.0%
     issued rwts: total=384000,0,0,0 short=0,0,0,0 dropped=0,0,0,0
     latency   : target=0, window=0, percentile=100.00%, depth=1

Run status group 0 (all jobs):
   READ: bw=17.3MiB/s (18.1MB/s), 17.3MiB/s-17.3MiB/s (18.1MB/s-18.1MB/s), io=1500MiB (1573MB), run=86700-86700msec
