create: (g=0): rw=read, bs=(R) 4096B-4096B, (W) 4096B-4096B, (T) 4096B-4096B, ioengine=filecreate, iodepth=1
...
fio-3.41
Starting 23 threads

create: (groupid=0, jobs=23): err= 0: pid=278581: Fri Mar 13 22:23:51 2026
  read: IOPS=5046, BW=19.7MiB/s (20.7MB/s)(719MiB/36463msec)
    clat (usec): min=46, max=66261, avg=3661.00, stdev=2003.53
    clat percentiles (usec):
     |  1.00th=[  108],  5.00th=[  151], 10.00th=[  233], 20.00th=[ 2638],
     | 30.00th=[ 3818], 40.00th=[ 4113], 50.00th=[ 4293], 60.00th=[ 4424],
     | 70.00th=[ 4621], 80.00th=[ 4752], 90.00th=[ 4948], 95.00th=[ 5145],
     | 99.00th=[ 5473], 99.50th=[ 5604], 99.90th=[16188], 99.95th=[39584],
     | 99.99th=[64750]
   bw (  KiB/s): min=14888, max=42568, per=100.00%, avg=20408.26, stdev=200.03, samples=1631
   iops        : min= 3722, max=10642, avg=5102.06, stdev=50.01, samples=1631
  cpu          : usr=16.10%, sys=1.66%, ctx=807375, majf=0, minf=0
  IO depths    : 1=100.0%, 2=0.0%, 4=0.0%, 8=0.0%, 16=0.0%, 32=0.0%, >=64=0.0%
     submit    : 0=0.0%, 4=100.0%, 8=0.0%, 16=0.0%, 32=0.0%, 64=0.0%, >=64=0.0%
     complete  : 0=0.0%, 4=100.0%, 8=0.0%, 16=0.0%, 32=0.0%, 64=0.0%, >=64=0.0%
     issued rwts: total=184000,0,0,0 short=0,0,0,0 dropped=0,0,0,0
     latency   : target=0, window=0, percentile=100.00%, depth=1

Run status group 0 (all jobs):
   READ: bw=19.7MiB/s (20.7MB/s), 19.7MiB/s-19.7MiB/s (20.7MB/s-20.7MB/s), io=719MiB (754MB), run=36463-36463msec
