create: (g=0): rw=read, bs=(R) 4096B-4096B, (W) 4096B-4096B, (T) 4096B-4096B, ioengine=filecreate, iodepth=1
...
fio-3.41
Starting 27 threads

create: (groupid=0, jobs=27): err= 0: pid=268996: Fri Mar 13 21:34:17 2026
  read: IOPS=6219, BW=24.3MiB/s (25.5MB/s)(844MiB/34729msec)
    clat (usec): min=42, max=56505, avg=3783.79, stdev=2342.13
    clat percentiles (usec):
     |  1.00th=[   55],  5.00th=[   73], 10.00th=[  103], 20.00th=[ 2769],
     | 30.00th=[ 3589], 40.00th=[ 3982], 50.00th=[ 4359], 60.00th=[ 4621],
     | 70.00th=[ 4883], 80.00th=[ 5211], 90.00th=[ 5604], 95.00th=[ 5997],
     | 99.00th=[ 6456], 99.50th=[ 6587], 99.90th=[27132], 99.95th=[42730],
     | 99.99th=[55837]
   bw (  KiB/s): min=15466, max=30984, per=100.00%, avg=24958.87, stdev=106.89, samples=1865
   iops        : min= 3864, max= 7746, avg=6239.67, stdev=26.73, samples=1865
  cpu          : usr=10.55%, sys=1.75%, ctx=1135700, majf=0, minf=0
  IO depths    : 1=100.0%, 2=0.0%, 4=0.0%, 8=0.0%, 16=0.0%, 32=0.0%, >=64=0.0%
     submit    : 0=0.0%, 4=100.0%, 8=0.0%, 16=0.0%, 32=0.0%, 64=0.0%, >=64=0.0%
     complete  : 0=0.0%, 4=100.0%, 8=0.0%, 16=0.0%, 32=0.0%, 64=0.0%, >=64=0.0%
     issued rwts: total=216000,0,0,0 short=0,0,0,0 dropped=0,0,0,0
     latency   : target=0, window=0, percentile=100.00%, depth=1

Run status group 0 (all jobs):
   READ: bw=24.3MiB/s (25.5MB/s), 24.3MiB/s-24.3MiB/s (25.5MB/s-25.5MB/s), io=844MiB (885MB), run=34729-34729msec
