create: (g=0): rw=read, bs=(R) 4096B-4096B, (W) 4096B-4096B, (T) 4096B-4096B, ioengine=filecreate, iodepth=1
...
fio-3.41
Starting 6 threads

create: (groupid=0, jobs=6): err= 0: pid=40869: Fri Mar 13 18:30:55 2026
  read: IOPS=7303, BW=28.5MiB/s (29.9MB/s)(188MiB/6572msec)
    clat (usec): min=68, max=67167, avg=270.45, stdev=877.53
    clat percentiles (usec):
     |  1.00th=[   97],  5.00th=[  105], 10.00th=[  118], 20.00th=[  147],
     | 30.00th=[  176], 40.00th=[  202], 50.00th=[  233], 60.00th=[  265],
     | 70.00th=[  302], 80.00th=[  351], 90.00th=[  429], 95.00th=[  490],
     | 99.00th=[  619], 99.50th=[  676], 99.90th=[ 1106], 99.95th=[ 2311],
     | 99.99th=[60556]
   bw (  KiB/s): min=12064, max=45272, per=100.00%, avg=31885.21, stdev=1623.17, samples=71
   iops        : min= 3016, max=11318, avg=7971.30, stdev=405.79, samples=71
  cpu          : usr=55.56%, sys=5.00%, ctx=196717, majf=0, minf=0
  IO depths    : 1=100.0%, 2=0.0%, 4=0.0%, 8=0.0%, 16=0.0%, 32=0.0%, >=64=0.0%
     submit    : 0=0.0%, 4=100.0%, 8=0.0%, 16=0.0%, 32=0.0%, 64=0.0%, >=64=0.0%
     complete  : 0=0.0%, 4=100.0%, 8=0.0%, 16=0.0%, 32=0.0%, 64=0.0%, >=64=0.0%
     issued rwts: total=48000,0,0,0 short=0,0,0,0 dropped=0,0,0,0
     latency   : target=0, window=0, percentile=100.00%, depth=1

Run status group 0 (all jobs):
   READ: bw=28.5MiB/s (29.9MB/s), 28.5MiB/s-28.5MiB/s (29.9MB/s-29.9MB/s), io=188MiB (197MB), run=6572-6572msec
