create: (g=0): rw=read, bs=(R) 4096B-4096B, (W) 4096B-4096B, (T) 4096B-4096B, ioengine=filecreate, iodepth=1
...
fio-3.41
Starting 28 threads

create: (groupid=0, jobs=28): err= 0: pid=301677: Sat Mar 14 00:24:34 2026
  read: IOPS=4543, BW=17.7MiB/s (18.6MB/s)(875MiB/49299msec)
    clat (usec): min=76, max=64062, avg=5456.58, stdev=2226.48
    clat percentiles (usec):
     |  1.00th=[  124],  5.00th=[  169], 10.00th=[ 4490], 20.00th=[ 5276],
     | 30.00th=[ 5538], 40.00th=[ 5669], 50.00th=[ 5866], 60.00th=[ 5997],
     | 70.00th=[ 6128], 80.00th=[ 6325], 90.00th=[ 6521], 95.00th=[ 6783],
     | 99.00th=[ 7242], 99.50th=[ 7504], 99.90th=[18482], 99.95th=[53216],
     | 99.99th=[63177]
   bw (  KiB/s): min=15743, max=20794, per=100.00%, avg=18216.11, stdev=29.96, samples=2733
   iops        : min= 3934, max= 5198, avg=4553.97, stdev= 7.49, samples=2733
  cpu          : usr=9.91%, sys=1.35%, ctx=988257, majf=0, minf=0
  IO depths    : 1=100.0%, 2=0.0%, 4=0.0%, 8=0.0%, 16=0.0%, 32=0.0%, >=64=0.0%
     submit    : 0=0.0%, 4=100.0%, 8=0.0%, 16=0.0%, 32=0.0%, 64=0.0%, >=64=0.0%
     complete  : 0=0.0%, 4=100.0%, 8=0.0%, 16=0.0%, 32=0.0%, 64=0.0%, >=64=0.0%
     issued rwts: total=224000,0,0,0 short=0,0,0,0 dropped=0,0,0,0
     latency   : target=0, window=0, percentile=100.00%, depth=1

Run status group 0 (all jobs):
   READ: bw=17.7MiB/s (18.6MB/s), 17.7MiB/s-17.7MiB/s (18.6MB/s-18.6MB/s), io=875MiB (918MB), run=49299-49299msec
