create: (g=0): rw=read, bs=(R) 4096B-4096B, (W) 4096B-4096B, (T) 4096B-4096B, ioengine=filecreate, iodepth=1
...
fio-3.41
Starting 64 threads

create: (groupid=0, jobs=64): err= 0: pid=262818: Fri Mar 13 21:13:34 2026
  read: IOPS=5598, BW=21.9MiB/s (22.9MB/s)(2000MiB/91461msec)
    clat (usec): min=48, max=120531, avg=10361.25, stdev=4737.67
    clat percentiles (usec):
     |  1.00th=[    77],  5.00th=[   112], 10.00th=[   137], 20.00th=[  9896],
     | 30.00th=[ 10552], 40.00th=[ 11076], 50.00th=[ 11600], 60.00th=[ 12125],
     | 70.00th=[ 12649], 80.00th=[ 13173], 90.00th=[ 13698], 95.00th=[ 14091],
     | 99.00th=[ 14746], 99.50th=[ 15139], 99.90th=[ 42206], 99.95th=[ 55313],
     | 99.99th=[120062]
   bw (  KiB/s): min=15173, max=32288, per=100.00%, avg=22473.17, stdev=35.80, samples=11638
   iops        : min= 3791, max= 8066, avg=5618.17, stdev= 8.95, samples=11638
  cpu          : usr=8.24%, sys=0.84%, ctx=2714285, majf=0, minf=0
  IO depths    : 1=100.0%, 2=0.0%, 4=0.0%, 8=0.0%, 16=0.0%, 32=0.0%, >=64=0.0%
     submit    : 0=0.0%, 4=100.0%, 8=0.0%, 16=0.0%, 32=0.0%, 64=0.0%, >=64=0.0%
     complete  : 0=0.0%, 4=100.0%, 8=0.0%, 16=0.0%, 32=0.0%, 64=0.0%, >=64=0.0%
     issued rwts: total=512000,0,0,0 short=0,0,0,0 dropped=0,0,0,0
     latency   : target=0, window=0, percentile=100.00%, depth=1

Run status group 0 (all jobs):
   READ: bw=21.9MiB/s (22.9MB/s), 21.9MiB/s-21.9MiB/s (22.9MB/s-22.9MB/s), io=2000MiB (2097MB), run=91461-91461msec
