create: (g=0): rw=read, bs=(R) 4096B-4096B, (W) 4096B-4096B, (T) 4096B-4096B, ioengine=filecreate, iodepth=1
...
fio-3.41
Starting 29 threads

create: (groupid=0, jobs=29): err= 0: pid=56927: Fri Mar 13 18:54:36 2026
  read: IOPS=4783, BW=18.7MiB/s (19.6MB/s)(906MiB/48499msec)
    clat (usec): min=53, max=65373, avg=5386.57, stdev=2370.65
    clat percentiles (usec):
     |  1.00th=[  113],  5.00th=[  155], 10.00th=[ 3458], 20.00th=[ 4752],
     | 30.00th=[ 5211], 40.00th=[ 5538], 50.00th=[ 5800], 60.00th=[ 6063],
     | 70.00th=[ 6259], 80.00th=[ 6521], 90.00th=[ 6849], 95.00th=[ 7111],
     | 99.00th=[ 8029], 99.50th=[ 9765], 99.90th=[20055], 99.95th=[53740],
     | 99.99th=[64750]
   bw (  KiB/s): min=15374, max=22816, per=100.00%, avg=19170.31, stdev=47.99, samples=2780
   iops        : min= 3842, max= 5704, avg=4792.53, stdev=12.00, samples=2780
  cpu          : usr=9.55%, sys=1.27%, ctx=1016890, majf=0, minf=0
  IO depths    : 1=100.0%, 2=0.0%, 4=0.0%, 8=0.0%, 16=0.0%, 32=0.0%, >=64=0.0%
     submit    : 0=0.0%, 4=100.0%, 8=0.0%, 16=0.0%, 32=0.0%, 64=0.0%, >=64=0.0%
     complete  : 0=0.0%, 4=100.0%, 8=0.0%, 16=0.0%, 32=0.0%, 64=0.0%, >=64=0.0%
     issued rwts: total=232000,0,0,0 short=0,0,0,0 dropped=0,0,0,0
     latency   : target=0, window=0, percentile=100.00%, depth=1

Run status group 0 (all jobs):
   READ: bw=18.7MiB/s (19.6MB/s), 18.7MiB/s-18.7MiB/s (19.6MB/s-19.6MB/s), io=906MiB (950MB), run=48499-48499msec
