create: (g=0): rw=read, bs=(R) 4096B-4096B, (W) 4096B-4096B, (T) 4096B-4096B, ioengine=filecreate, iodepth=1
...
fio-3.41
Starting 64 threads

create: (groupid=0, jobs=64): err= 0: pid=295070: Sat Mar 14 00:01:10 2026
  read: IOPS=4174, BW=16.3MiB/s (17.1MB/s)(2000MiB/122641msec)
    clat (usec): min=68, max=88747, avg=14261.39, stdev=4427.85
    clat percentiles (usec):
     |  1.00th=[  137],  5.00th=[  196], 10.00th=[13435], 20.00th=[14222],
     | 30.00th=[14615], 40.00th=[14877], 50.00th=[15139], 60.00th=[15401],
     | 70.00th=[15664], 80.00th=[15926], 90.00th=[16319], 95.00th=[16712],
     | 99.00th=[17433], 99.50th=[19792], 99.90th=[56361], 99.95th=[64750],
     | 99.99th=[87557]
   bw (  KiB/s): min=13854, max=25318, per=100.00%, avg=16730.06, stdev=18.86, samples=15651
   iops        : min= 3463, max= 6317, avg=4182.45, stdev= 4.71, samples=15651
  cpu          : usr=6.34%, sys=0.58%, ctx=2249805, majf=0, minf=24
  IO depths    : 1=100.0%, 2=0.0%, 4=0.0%, 8=0.0%, 16=0.0%, 32=0.0%, >=64=0.0%
     submit    : 0=0.0%, 4=100.0%, 8=0.0%, 16=0.0%, 32=0.0%, 64=0.0%, >=64=0.0%
     complete  : 0=0.0%, 4=100.0%, 8=0.0%, 16=0.0%, 32=0.0%, 64=0.0%, >=64=0.0%
     issued rwts: total=512000,0,0,0 short=0,0,0,0 dropped=0,0,0,0
     latency   : target=0, window=0, percentile=100.00%, depth=1

Run status group 0 (all jobs):
   READ: bw=16.3MiB/s (17.1MB/s), 16.3MiB/s-16.3MiB/s (17.1MB/s-17.1MB/s), io=2000MiB (2097MB), run=122641-122641msec
