create: (g=0): rw=read, bs=(R) 4096B-4096B, (W) 4096B-4096B, (T) 4096B-4096B, ioengine=filecreate, iodepth=1
...
fio-3.41
Starting 4 threads

create: (groupid=0, jobs=4): err= 0: pid=107637: Fri Mar 13 19:26:29 2026
  read: IOPS=8044, BW=31.4MiB/s (32.9MB/s)(125MiB/3978msec)
    clat (usec): min=36, max=27379, avg=64.29, stdev=155.23
    clat percentiles (usec):
     |  1.00th=[   41],  5.00th=[   44], 10.00th=[   45], 20.00th=[   47],
     | 30.00th=[   48], 40.00th=[   49], 50.00th=[   51], 60.00th=[   58],
     | 70.00th=[   68], 80.00th=[   83], 90.00th=[  100], 95.00th=[  116],
     | 99.00th=[  145], 99.50th=[  159], 99.90th=[  253], 99.95th=[  412],
     | 99.99th=[  791]
   bw (  KiB/s): min=16399, max=62352, per=100.00%, avg=33716.66, stdev=3740.33, samples=26
   iops        : min= 4099, max=15588, avg=8429.06, stdev=935.12, samples=26
  cpu          : usr=72.34%, sys=6.39%, ctx=141283, majf=0, minf=0
  IO depths    : 1=100.0%, 2=0.0%, 4=0.0%, 8=0.0%, 16=0.0%, 32=0.0%, >=64=0.0%
     submit    : 0=0.0%, 4=100.0%, 8=0.0%, 16=0.0%, 32=0.0%, 64=0.0%, >=64=0.0%
     complete  : 0=0.0%, 4=100.0%, 8=0.0%, 16=0.0%, 32=0.0%, 64=0.0%, >=64=0.0%
     issued rwts: total=32000,0,0,0 short=0,0,0,0 dropped=0,0,0,0
     latency   : target=0, window=0, percentile=100.00%, depth=1

Run status group 0 (all jobs):
   READ: bw=31.4MiB/s (32.9MB/s), 31.4MiB/s-31.4MiB/s (32.9MB/s-32.9MB/s), io=125MiB (131MB), run=3978-3978msec
