create: (g=0): rw=read, bs=(R) 4096B-4096B, (W) 4096B-4096B, (T) 4096B-4096B, ioengine=filecreate, iodepth=1
...
fio-3.41
Starting 28 threads

create: (groupid=0, jobs=28): err= 0: pid=269280: Fri Mar 13 21:36:01 2026
  read: IOPS=5995, BW=23.4MiB/s (24.6MB/s)(875MiB/37361msec)
    clat (usec): min=41, max=66010, avg=4096.87, stdev=2671.78
    clat percentiles (usec):
     |  1.00th=[   56],  5.00th=[   77], 10.00th=[  108], 20.00th=[ 2999],
     | 30.00th=[ 3851], 40.00th=[ 4178], 50.00th=[ 4490], 60.00th=[ 4883],
     | 70.00th=[ 5473], 80.00th=[ 5866], 90.00th=[ 6194], 95.00th=[ 6390],
     | 99.00th=[ 6849], 99.50th=[ 7046], 99.90th=[41157], 99.95th=[54789],
     | 99.99th=[57410]
   bw (  KiB/s): min=15296, max=30416, per=100.00%, avg=24081.74, stdev=112.41, samples=2062
   iops        : min= 3820, max= 7604, avg=6020.34, stdev=28.11, samples=2062
  cpu          : usr=10.08%, sys=1.69%, ctx=1176648, majf=0, minf=0
  IO depths    : 1=100.0%, 2=0.0%, 4=0.0%, 8=0.0%, 16=0.0%, 32=0.0%, >=64=0.0%
     submit    : 0=0.0%, 4=100.0%, 8=0.0%, 16=0.0%, 32=0.0%, 64=0.0%, >=64=0.0%
     complete  : 0=0.0%, 4=100.0%, 8=0.0%, 16=0.0%, 32=0.0%, 64=0.0%, >=64=0.0%
     issued rwts: total=224000,0,0,0 short=0,0,0,0 dropped=0,0,0,0
     latency   : target=0, window=0, percentile=100.00%, depth=1

Run status group 0 (all jobs):
   READ: bw=23.4MiB/s (24.6MB/s), 23.4MiB/s-23.4MiB/s (24.6MB/s-24.6MB/s), io=875MiB (918MB), run=37361-37361msec
