create: (g=0): rw=read, bs=(R) 4096B-4096B, (W) 4096B-4096B, (T) 4096B-4096B, ioengine=filecreate, iodepth=1
...
fio-3.41
Starting 11 threads

create: (groupid=0, jobs=11): err= 0: pid=20521: Fri Mar 13 16:39:47 2026
  read: IOPS=6043, BW=23.6MiB/s (24.8MB/s)(344MiB/14562msec)
    clat (usec): min=48, max=55859, avg=947.87, stdev=1028.51
    clat percentiles (usec):
     |  1.00th=[  101],  5.00th=[  141], 10.00th=[  188], 20.00th=[  330],
     | 30.00th=[  490], 40.00th=[  717], 50.00th=[ 1004], 60.00th=[ 1188],
     | 70.00th=[ 1319], 80.00th=[ 1450], 90.00th=[ 1598], 95.00th=[ 1729],
     | 99.00th=[ 2008], 99.50th=[ 2114], 99.90th=[ 2507], 99.95th=[12911],
     | 99.99th=[47973]
   bw (  KiB/s): min=15717, max=34424, per=100.00%, avg=27736.20, stdev=375.51, samples=286
   iops        : min= 3929, max= 8606, avg=6934.04, stdev=93.88, samples=286
  cpu          : usr=38.52%, sys=2.91%, ctx=379043, majf=0, minf=0
  IO depths    : 1=100.0%, 2=0.0%, 4=0.0%, 8=0.0%, 16=0.0%, 32=0.0%, >=64=0.0%
     submit    : 0=0.0%, 4=100.0%, 8=0.0%, 16=0.0%, 32=0.0%, 64=0.0%, >=64=0.0%
     complete  : 0=0.0%, 4=100.0%, 8=0.0%, 16=0.0%, 32=0.0%, 64=0.0%, >=64=0.0%
     issued rwts: total=88000,0,0,0 short=0,0,0,0 dropped=0,0,0,0
     latency   : target=0, window=0, percentile=100.00%, depth=1

Run status group 0 (all jobs):
   READ: bw=23.6MiB/s (24.8MB/s), 23.6MiB/s-23.6MiB/s (24.8MB/s-24.8MB/s), io=344MiB (360MB), run=14562-14562msec
