create: (g=0): rw=read, bs=(R) 4096B-4096B, (W) 4096B-4096B, (T) 4096B-4096B, ioengine=filecreate, iodepth=1
...
fio-3.41
Starting 20 threads

create: (groupid=0, jobs=20): err= 0: pid=122939: Fri Mar 13 19:35:26 2026
  read: IOPS=5429, BW=21.2MiB/s (22.2MB/s)(625MiB/29469msec)
    clat (usec): min=46, max=65577, avg=2799.99, stdev=1944.33
    clat percentiles (usec):
     |  1.00th=[   75],  5.00th=[  128], 10.00th=[  174], 20.00th=[  375],
     | 30.00th=[ 1631], 40.00th=[ 3097], 50.00th=[ 3490], 60.00th=[ 3752],
     | 70.00th=[ 3982], 80.00th=[ 4228], 90.00th=[ 4490], 95.00th=[ 4621],
     | 99.00th=[ 5014], 99.50th=[ 5211], 99.90th=[14484], 99.95th=[15533],
     | 99.99th=[57410]
   bw (  KiB/s): min=15356, max=60584, per=100.00%, avg=22176.24, stdev=459.14, samples=1126
   iops        : min= 3838, max=15146, avg=5543.97, stdev=114.78, samples=1126
  cpu          : usr=19.00%, sys=1.81%, ctx=697443, majf=0, minf=0
  IO depths    : 1=100.0%, 2=0.0%, 4=0.0%, 8=0.0%, 16=0.0%, 32=0.0%, >=64=0.0%
     submit    : 0=0.0%, 4=100.0%, 8=0.0%, 16=0.0%, 32=0.0%, 64=0.0%, >=64=0.0%
     complete  : 0=0.0%, 4=100.0%, 8=0.0%, 16=0.0%, 32=0.0%, 64=0.0%, >=64=0.0%
     issued rwts: total=160000,0,0,0 short=0,0,0,0 dropped=0,0,0,0
     latency   : target=0, window=0, percentile=100.00%, depth=1

Run status group 0 (all jobs):
   READ: bw=21.2MiB/s (22.2MB/s), 21.2MiB/s-21.2MiB/s (22.2MB/s-22.2MB/s), io=625MiB (655MB), run=29469-29469msec
