create: (g=0): rw=read, bs=(R) 4096B-4096B, (W) 4096B-4096B, (T) 4096B-4096B, ioengine=filecreate, iodepth=1
...
fio-3.41
Starting 7 threads

create: (groupid=0, jobs=7): err= 0: pid=30515: Fri Mar 13 17:34:39 2026
  read: IOPS=7473, BW=29.2MiB/s (30.6MB/s)(219MiB/7493msec)
    clat (usec): min=35, max=54814, avg=69.10, stdev=482.39
    clat percentiles (usec):
     |  1.00th=[   40],  5.00th=[   43], 10.00th=[   45], 20.00th=[   47],
     | 30.00th=[   48], 40.00th=[   49], 50.00th=[   50], 60.00th=[   54],
     | 70.00th=[   63], 80.00th=[   81], 90.00th=[  100], 95.00th=[  126],
     | 99.00th=[  180], 99.50th=[  202], 99.90th=[  652], 99.95th=[  930],
     | 99.99th=[ 2704]
   bw (  KiB/s): min=15250, max=82361, per=100.00%, avg=34744.01, stdev=2724.14, samples=77
   iops        : min= 3812, max=20588, avg=8685.50, stdev=680.98, samples=77
  cpu          : usr=81.64%, sys=3.61%, ctx=244796, majf=0, minf=0
  IO depths    : 1=100.0%, 2=0.0%, 4=0.0%, 8=0.0%, 16=0.0%, 32=0.0%, >=64=0.0%
     submit    : 0=0.0%, 4=100.0%, 8=0.0%, 16=0.0%, 32=0.0%, 64=0.0%, >=64=0.0%
     complete  : 0=0.0%, 4=100.0%, 8=0.0%, 16=0.0%, 32=0.0%, 64=0.0%, >=64=0.0%
     issued rwts: total=56000,0,0,0 short=0,0,0,0 dropped=0,0,0,0
     latency   : target=0, window=0, percentile=100.00%, depth=1

Run status group 0 (all jobs):
   READ: bw=29.2MiB/s (30.6MB/s), 29.2MiB/s-29.2MiB/s (30.6MB/s-30.6MB/s), io=219MiB (229MB), run=7493-7493msec
