create: (g=0): rw=read, bs=(R) 4096B-4096B, (W) 4096B-4096B, (T) 4096B-4096B, ioengine=filecreate, iodepth=1
...
fio-3.41
Starting 18 threads

create: (groupid=0, jobs=18): err= 0: pid=119795: Fri Mar 13 19:33:28 2026
  read: IOPS=6106, BW=23.9MiB/s (25.0MB/s)(563MiB/23582msec)
    clat (usec): min=45, max=61612, avg=2059.54, stdev=1755.60
    clat percentiles (usec):
     |  1.00th=[   68],  5.00th=[   95], 10.00th=[  135], 20.00th=[  217],
     | 30.00th=[  441], 40.00th=[ 1500], 50.00th=[ 2638], 60.00th=[ 2933],
     | 70.00th=[ 3195], 80.00th=[ 3425], 90.00th=[ 3720], 95.00th=[ 3916],
     | 99.00th=[ 4293], 99.50th=[ 4424], 99.90th=[10945], 99.95th=[15795],
     | 99.99th=[60031]
   bw (  KiB/s): min=16337, max=64864, per=100.00%, avg=25150.40, stdev=613.63, samples=801
   iops        : min= 4084, max=16216, avg=6287.48, stdev=153.41, samples=801
  cpu          : usr=24.74%, sys=1.98%, ctx=621793, majf=0, minf=0
  IO depths    : 1=100.0%, 2=0.0%, 4=0.0%, 8=0.0%, 16=0.0%, 32=0.0%, >=64=0.0%
     submit    : 0=0.0%, 4=100.0%, 8=0.0%, 16=0.0%, 32=0.0%, 64=0.0%, >=64=0.0%
     complete  : 0=0.0%, 4=100.0%, 8=0.0%, 16=0.0%, 32=0.0%, 64=0.0%, >=64=0.0%
     issued rwts: total=144000,0,0,0 short=0,0,0,0 dropped=0,0,0,0
     latency   : target=0, window=0, percentile=100.00%, depth=1

Run status group 0 (all jobs):
   READ: bw=23.9MiB/s (25.0MB/s), 23.9MiB/s-23.9MiB/s (25.0MB/s-25.0MB/s), io=563MiB (590MB), run=23582-23582msec
