create: (g=0): rw=read, bs=(R) 4096B-4096B, (W) 4096B-4096B, (T) 4096B-4096B, ioengine=filecreate, iodepth=1
...
fio-3.41
Starting 31 threads

create: (groupid=0, jobs=31): err= 0: pid=150085: Fri Mar 13 19:52:40 2026
  read: IOPS=6090, BW=23.8MiB/s (24.9MB/s)(969MiB/40718msec)
    clat (usec): min=43, max=63799, avg=4509.15, stdev=2671.31
    clat percentiles (usec):
     |  1.00th=[   57],  5.00th=[   78], 10.00th=[  109], 20.00th=[ 3556],
     | 30.00th=[ 4424], 40.00th=[ 4752], 50.00th=[ 5080], 60.00th=[ 5407],
     | 70.00th=[ 5800], 80.00th=[ 6194], 90.00th=[ 6718], 95.00th=[ 6980],
     | 99.00th=[ 7635], 99.50th=[ 8160], 99.90th=[27919], 99.95th=[46400],
     | 99.99th=[63177]
   bw (  KiB/s): min=14576, max=30179, per=100.00%, avg=24444.82, stdev=91.35, samples=2501
   iops        : min= 3642, max= 7542, avg=6111.11, stdev=22.84, samples=2501
  cpu          : usr=9.33%, sys=1.57%, ctx=1303451, majf=0, minf=0
  IO depths    : 1=100.0%, 2=0.0%, 4=0.0%, 8=0.0%, 16=0.0%, 32=0.0%, >=64=0.0%
     submit    : 0=0.0%, 4=100.0%, 8=0.0%, 16=0.0%, 32=0.0%, 64=0.0%, >=64=0.0%
     complete  : 0=0.0%, 4=100.0%, 8=0.0%, 16=0.0%, 32=0.0%, 64=0.0%, >=64=0.0%
     issued rwts: total=248000,0,0,0 short=0,0,0,0 dropped=0,0,0,0
     latency   : target=0, window=0, percentile=100.00%, depth=1

Run status group 0 (all jobs):
   READ: bw=23.8MiB/s (24.9MB/s), 23.8MiB/s-23.8MiB/s (24.9MB/s-24.9MB/s), io=969MiB (1016MB), run=40718-40718msec
