create: (g=0): rw=read, bs=(R) 4096B-4096B, (W) 4096B-4096B, (T) 4096B-4096B, ioengine=filecreate, iodepth=1
...
fio-3.41
Starting 40 threads

create: (groupid=0, jobs=40): err= 0: pid=270928: Fri Mar 13 21:47:33 2026
  read: IOPS=4314, BW=16.9MiB/s (17.7MB/s)(1250MiB/74162msec)
    clat (usec): min=78, max=70902, avg=8321.34, stdev=2924.09
    clat percentiles (usec):
     |  1.00th=[  131],  5.00th=[  182], 10.00th=[ 7373], 20.00th=[ 8160],
     | 30.00th=[ 8455], 40.00th=[ 8717], 50.00th=[ 8848], 60.00th=[ 9110],
     | 70.00th=[ 9241], 80.00th=[ 9503], 90.00th=[ 9765], 95.00th=[10028],
     | 99.00th=[10421], 99.50th=[10945], 99.90th=[39584], 99.95th=[52167],
     | 99.99th=[70779]
   bw (  KiB/s): min=14655, max=27695, per=100.00%, avg=17351.52, stdev=35.27, samples=5865
   iops        : min= 3661, max= 6923, avg=4337.85, stdev= 8.82, samples=5865
  cpu          : usr=8.80%, sys=0.93%, ctx=1407478, majf=0, minf=13
  IO depths    : 1=100.0%, 2=0.0%, 4=0.0%, 8=0.0%, 16=0.0%, 32=0.0%, >=64=0.0%
     submit    : 0=0.0%, 4=100.0%, 8=0.0%, 16=0.0%, 32=0.0%, 64=0.0%, >=64=0.0%
     complete  : 0=0.0%, 4=100.0%, 8=0.0%, 16=0.0%, 32=0.0%, 64=0.0%, >=64=0.0%
     issued rwts: total=320000,0,0,0 short=0,0,0,0 dropped=0,0,0,0
     latency   : target=0, window=0, percentile=100.00%, depth=1

Run status group 0 (all jobs):
   READ: bw=16.9MiB/s (17.7MB/s), 16.9MiB/s-16.9MiB/s (17.7MB/s-17.7MB/s), io=1250MiB (1311MB), run=74162-74162msec
