create: (g=0): rw=read, bs=(R) 4096B-4096B, (W) 4096B-4096B, (T) 4096B-4096B, ioengine=filecreate, iodepth=1
...
fio-3.41
Starting 64 threads

create: (groupid=0, jobs=64): err= 0: pid=284263: Fri Mar 13 23:04:31 2026
  read: IOPS=4199, BW=16.4MiB/s (17.2MB/s)(2000MiB/121915msec)
    clat (usec): min=71, max=77429, avg=14136.81, stdev=4339.39
    clat percentiles (usec):
     |  1.00th=[  137],  5.00th=[  194], 10.00th=[13173], 20.00th=[14091],
     | 30.00th=[14484], 40.00th=[14746], 50.00th=[15139], 60.00th=[15270],
     | 70.00th=[15533], 80.00th=[15926], 90.00th=[16188], 95.00th=[16581],
     | 99.00th=[17171], 99.50th=[20317], 99.90th=[51643], 99.95th=[62653],
     | 99.99th=[77071]
   bw (  KiB/s): min=14184, max=23734, per=100.00%, avg=16826.78, stdev=17.51, samples=15554
   iops        : min= 3546, max= 5927, avg=4206.64, stdev= 4.38, samples=15554
  cpu          : usr=6.58%, sys=0.57%, ctx=2248503, majf=0, minf=6
  IO depths    : 1=100.0%, 2=0.0%, 4=0.0%, 8=0.0%, 16=0.0%, 32=0.0%, >=64=0.0%
     submit    : 0=0.0%, 4=100.0%, 8=0.0%, 16=0.0%, 32=0.0%, 64=0.0%, >=64=0.0%
     complete  : 0=0.0%, 4=100.0%, 8=0.0%, 16=0.0%, 32=0.0%, 64=0.0%, >=64=0.0%
     issued rwts: total=512000,0,0,0 short=0,0,0,0 dropped=0,0,0,0
     latency   : target=0, window=0, percentile=100.00%, depth=1

Run status group 0 (all jobs):
   READ: bw=16.4MiB/s (17.2MB/s), 16.4MiB/s-16.4MiB/s (17.2MB/s-17.2MB/s), io=2000MiB (2097MB), run=121915-121915msec
