create: (g=0): rw=read, bs=(R) 4096B-4096B, (W) 4096B-4096B, (T) 4096B-4096B, ioengine=filecreate, iodepth=1
...
fio-3.41
Starting 56 threads

create: (groupid=0, jobs=56): err= 0: pid=92440: Fri Mar 13 19:18:02 2026
  read: IOPS=6029, BW=23.6MiB/s (24.7MB/s)(1750MiB/74302msec)
    clat (usec): min=41, max=82524, avg=8388.21, stdev=4064.59
    clat percentiles (usec):
     |  1.00th=[   64],  5.00th=[   92], 10.00th=[  123], 20.00th=[ 7767],
     | 30.00th=[ 8455], 40.00th=[ 8848], 50.00th=[ 9241], 60.00th=[ 9765],
     | 70.00th=[10290], 80.00th=[11076], 90.00th=[11731], 95.00th=[12125],
     | 99.00th=[13304], 99.50th=[15139], 99.90th=[35914], 99.95th=[46400],
     | 99.99th=[81265]
   bw (  KiB/s): min=15840, max=34288, per=100.00%, avg=24183.13, stdev=47.34, samples=8285
   iops        : min= 3960, max= 8572, avg=6045.77, stdev=11.84, samples=8285
  cpu          : usr=8.46%, sys=0.93%, ctx=2371227, majf=0, minf=0
  IO depths    : 1=100.0%, 2=0.0%, 4=0.0%, 8=0.0%, 16=0.0%, 32=0.0%, >=64=0.0%
     submit    : 0=0.0%, 4=100.0%, 8=0.0%, 16=0.0%, 32=0.0%, 64=0.0%, >=64=0.0%
     complete  : 0=0.0%, 4=100.0%, 8=0.0%, 16=0.0%, 32=0.0%, 64=0.0%, >=64=0.0%
     issued rwts: total=448000,0,0,0 short=0,0,0,0 dropped=0,0,0,0
     latency   : target=0, window=0, percentile=100.00%, depth=1

Run status group 0 (all jobs):
   READ: bw=23.6MiB/s (24.7MB/s), 23.6MiB/s-23.6MiB/s (24.7MB/s-24.7MB/s), io=1750MiB (1835MB), run=74302-74302msec
