create: (g=0): rw=read, bs=(R) 4096B-4096B, (W) 4096B-4096B, (T) 4096B-4096B, ioengine=filecreate, iodepth=1
...
fio-3.41
Starting 7 threads

create: (groupid=0, jobs=7): err= 0: pid=41088: Fri Mar 13 18:31:13 2026
  read: IOPS=6258, BW=24.4MiB/s (25.6MB/s)(219MiB/8948msec)
    clat (usec): min=60, max=62944, avg=251.17, stdev=732.08
    clat percentiles (usec):
     |  1.00th=[   88],  5.00th=[   99], 10.00th=[  114], 20.00th=[  141],
     | 30.00th=[  159], 40.00th=[  184], 50.00th=[  212], 60.00th=[  245],
     | 70.00th=[  281], 80.00th=[  326], 90.00th=[  404], 95.00th=[  478],
     | 99.00th=[  627], 99.50th=[  701], 99.90th=[ 1139], 99.95th=[ 1909],
     | 99.99th=[45876]
   bw (  KiB/s): min=10392, max=58440, per=100.00%, avg=27471.01, stdev=1761.24, samples=107
   iops        : min= 2598, max=14610, avg=6867.75, stdev=440.31, samples=107
  cpu          : usr=67.03%, sys=2.63%, ctx=222179, majf=0, minf=0
  IO depths    : 1=100.0%, 2=0.0%, 4=0.0%, 8=0.0%, 16=0.0%, 32=0.0%, >=64=0.0%
     submit    : 0=0.0%, 4=100.0%, 8=0.0%, 16=0.0%, 32=0.0%, 64=0.0%, >=64=0.0%
     complete  : 0=0.0%, 4=100.0%, 8=0.0%, 16=0.0%, 32=0.0%, 64=0.0%, >=64=0.0%
     issued rwts: total=56000,0,0,0 short=0,0,0,0 dropped=0,0,0,0
     latency   : target=0, window=0, percentile=100.00%, depth=1

Run status group 0 (all jobs):
   READ: bw=24.4MiB/s (25.6MB/s), 24.4MiB/s-24.4MiB/s (25.6MB/s-25.6MB/s), io=219MiB (229MB), run=8948-8948msec
