create: (g=0): rw=read, bs=(R) 4096B-4096B, (W) 4096B-4096B, (T) 4096B-4096B, ioengine=filecreate, iodepth=1
...
fio-3.41
Starting 64 threads

create: (groupid=0, jobs=64): err= 0: pid=316750: Sat Mar 14 01:53:18 2026
  read: IOPS=4185, BW=16.3MiB/s (17.1MB/s)(2000MiB/122334msec)
    clat (usec): min=67, max=72340, avg=14194.96, stdev=4314.93
    clat percentiles (usec):
     |  1.00th=[  137],  5.00th=[  196], 10.00th=[13304], 20.00th=[14091],
     | 30.00th=[14484], 40.00th=[14877], 50.00th=[15139], 60.00th=[15401],
     | 70.00th=[15664], 80.00th=[15926], 90.00th=[16319], 95.00th=[16581],
     | 99.00th=[17171], 99.50th=[19792], 99.90th=[50070], 99.95th=[62653],
     | 99.99th=[70779]
   bw (  KiB/s): min=11223, max=23030, per=100.00%, avg=16747.94, stdev=17.69, samples=15650
   iops        : min= 2805, max= 5753, avg=4186.96, stdev= 4.42, samples=15650
  cpu          : usr=6.56%, sys=0.56%, ctx=2252125, majf=0, minf=20
  IO depths    : 1=100.0%, 2=0.0%, 4=0.0%, 8=0.0%, 16=0.0%, 32=0.0%, >=64=0.0%
     submit    : 0=0.0%, 4=100.0%, 8=0.0%, 16=0.0%, 32=0.0%, 64=0.0%, >=64=0.0%
     complete  : 0=0.0%, 4=100.0%, 8=0.0%, 16=0.0%, 32=0.0%, 64=0.0%, >=64=0.0%
     issued rwts: total=512000,0,0,0 short=0,0,0,0 dropped=0,0,0,0
     latency   : target=0, window=0, percentile=100.00%, depth=1

Run status group 0 (all jobs):
   READ: bw=16.3MiB/s (17.1MB/s), 16.3MiB/s-16.3MiB/s (17.1MB/s-17.1MB/s), io=2000MiB (2097MB), run=122334-122334msec
