create: (g=0): rw=read, bs=(R) 4096B-4096B, (W) 4096B-4096B, (T) 4096B-4096B, ioengine=filecreate, iodepth=1
...
fio-3.41
Starting 40 threads

create: (groupid=0, jobs=40): err= 0: pid=37485: Fri Mar 13 18:08:31 2026
  read: IOPS=5934, BW=23.2MiB/s (24.3MB/s)(1250MiB/53924msec)
    clat (usec): min=39, max=64506, avg=6049.22, stdev=3263.06
    clat percentiles (usec):
     |  1.00th=[   62],  5.00th=[   89], 10.00th=[  117], 20.00th=[ 5407],
     | 30.00th=[ 6128], 40.00th=[ 6521], 50.00th=[ 6915], 60.00th=[ 7308],
     | 70.00th=[ 7701], 80.00th=[ 8029], 90.00th=[ 8455], 95.00th=[ 8848],
     | 99.00th=[ 9503], 99.50th=[10552], 99.90th=[33424], 99.95th=[47449],
     | 99.99th=[57934]
   bw (  KiB/s): min=15190, max=34256, per=100.00%, avg=23829.14, stdev=66.18, samples=4287
   iops        : min= 3796, max= 8564, avg=5957.23, stdev=16.55, samples=4287
  cpu          : usr=8.70%, sys=1.25%, ctx=1688772, majf=0, minf=0
  IO depths    : 1=100.0%, 2=0.0%, 4=0.0%, 8=0.0%, 16=0.0%, 32=0.0%, >=64=0.0%
     submit    : 0=0.0%, 4=100.0%, 8=0.0%, 16=0.0%, 32=0.0%, 64=0.0%, >=64=0.0%
     complete  : 0=0.0%, 4=100.0%, 8=0.0%, 16=0.0%, 32=0.0%, 64=0.0%, >=64=0.0%
     issued rwts: total=320000,0,0,0 short=0,0,0,0 dropped=0,0,0,0
     latency   : target=0, window=0, percentile=100.00%, depth=1

Run status group 0 (all jobs):
   READ: bw=23.2MiB/s (24.3MB/s), 23.2MiB/s-23.2MiB/s (24.3MB/s-24.3MB/s), io=1250MiB (1311MB), run=53924-53924msec
