create: (g=0): rw=read, bs=(R) 4096B-4096B, (W) 4096B-4096B, (T) 4096B-4096B, ioengine=filecreate, iodepth=1
...
fio-3.41
Starting 60 threads

create: (groupid=0, jobs=60): err= 0: pid=273226: Fri Mar 13 22:05:40 2026
  read: IOPS=5724, BW=22.4MiB/s (23.4MB/s)(1875MiB/83856msec)
    clat (usec): min=45, max=102657, avg=9505.12, stdev=4427.74
    clat percentiles (usec):
     |  1.00th=[    74],  5.00th=[   109], 10.00th=[   133], 20.00th=[  8979],
     | 30.00th=[  9503], 40.00th=[ 10028], 50.00th=[ 10552], 60.00th=[ 11207],
     | 70.00th=[ 11731], 80.00th=[ 12256], 90.00th=[ 12780], 95.00th=[ 13173],
     | 99.00th=[ 13698], 99.50th=[ 14091], 99.90th=[ 39584], 99.95th=[ 52167],
     | 99.99th=[101188]
   bw (  KiB/s): min=15744, max=32133, per=100.00%, avg=22981.34, stdev=39.23, samples=9990
   iops        : min= 3936, max= 8032, avg=5745.23, stdev= 9.81, samples=9990
  cpu          : usr=8.14%, sys=0.87%, ctx=2542291, majf=0, minf=0
  IO depths    : 1=100.0%, 2=0.0%, 4=0.0%, 8=0.0%, 16=0.0%, 32=0.0%, >=64=0.0%
     submit    : 0=0.0%, 4=100.0%, 8=0.0%, 16=0.0%, 32=0.0%, 64=0.0%, >=64=0.0%
     complete  : 0=0.0%, 4=100.0%, 8=0.0%, 16=0.0%, 32=0.0%, 64=0.0%, >=64=0.0%
     issued rwts: total=480000,0,0,0 short=0,0,0,0 dropped=0,0,0,0
     latency   : target=0, window=0, percentile=100.00%, depth=1

Run status group 0 (all jobs):
   READ: bw=22.4MiB/s (23.4MB/s), 22.4MiB/s-22.4MiB/s (23.4MB/s-23.4MB/s), io=1875MiB (1966MB), run=83856-83856msec
