create: (g=0): rw=read, bs=(R) 4096B-4096B, (W) 4096B-4096B, (T) 4096B-4096B, ioengine=filecreate, iodepth=1
...
fio-3.41
Starting 52 threads

create: (groupid=0, jobs=52): err= 0: pid=272086: Fri Mar 13 21:56:34 2026
  read: IOPS=4236, BW=16.5MiB/s (17.4MB/s)(1625MiB/98191msec)
    clat (usec): min=64, max=70227, avg=11230.15, stdev=3581.03
    clat percentiles (usec):
     |  1.00th=[  135],  5.00th=[  190], 10.00th=[10159], 20.00th=[11076],
     | 30.00th=[11469], 40.00th=[11731], 50.00th=[11994], 60.00th=[12256],
     | 70.00th=[12518], 80.00th=[12780], 90.00th=[13042], 95.00th=[13304],
     | 99.00th=[13829], 99.50th=[14353], 99.90th=[44303], 99.95th=[56886],
     | 99.99th=[63701]
   bw (  KiB/s): min=13951, max=30196, per=100.00%, avg=17051.20, stdev=31.45, samples=10108
   iops        : min= 3487, max= 7544, avg=4262.69, stdev= 7.85, samples=10108
  cpu          : usr=7.25%, sys=0.70%, ctx=1830239, majf=0, minf=0
  IO depths    : 1=100.0%, 2=0.0%, 4=0.0%, 8=0.0%, 16=0.0%, 32=0.0%, >=64=0.0%
     submit    : 0=0.0%, 4=100.0%, 8=0.0%, 16=0.0%, 32=0.0%, 64=0.0%, >=64=0.0%
     complete  : 0=0.0%, 4=100.0%, 8=0.0%, 16=0.0%, 32=0.0%, 64=0.0%, >=64=0.0%
     issued rwts: total=416000,0,0,0 short=0,0,0,0 dropped=0,0,0,0
     latency   : target=0, window=0, percentile=100.00%, depth=1

Run status group 0 (all jobs):
   READ: bw=16.5MiB/s (17.4MB/s), 16.5MiB/s-16.5MiB/s (17.4MB/s-17.4MB/s), io=1625MiB (1704MB), run=98191-98191msec
