create: (g=0): rw=read, bs=(R) 4096B-4096B, (W) 4096B-4096B, (T) 4096B-4096B, ioengine=filecreate, iodepth=1
...
fio-3.41
Starting 64 threads

create: (groupid=0, jobs=64): err= 0: pid=295340: Sat Mar 14 00:02:58 2026
  read: IOPS=5564, BW=21.7MiB/s (22.8MB/s)(2000MiB/92015msec)
    clat (usec): min=45, max=99625, avg=10421.10, stdev=4738.10
    clat percentiles (usec):
     |  1.00th=[   78],  5.00th=[  112], 10.00th=[  139], 20.00th=[ 9896],
     | 30.00th=[10421], 40.00th=[11076], 50.00th=[11731], 60.00th=[12125],
     | 70.00th=[12649], 80.00th=[13304], 90.00th=[13829], 95.00th=[14091],
     | 99.00th=[14746], 99.50th=[15139], 99.90th=[45876], 99.95th=[60031],
     | 99.99th=[99091]
   bw (  KiB/s): min=15766, max=34264, per=100.00%, avg=22337.81, stdev=36.90, samples=11715
   iops        : min= 3940, max= 8566, avg=5584.40, stdev= 9.23, samples=11715
  cpu          : usr=8.30%, sys=0.84%, ctx=2715873, majf=0, minf=0
  IO depths    : 1=100.0%, 2=0.0%, 4=0.0%, 8=0.0%, 16=0.0%, 32=0.0%, >=64=0.0%
     submit    : 0=0.0%, 4=100.0%, 8=0.0%, 16=0.0%, 32=0.0%, 64=0.0%, >=64=0.0%
     complete  : 0=0.0%, 4=100.0%, 8=0.0%, 16=0.0%, 32=0.0%, 64=0.0%, >=64=0.0%
     issued rwts: total=512000,0,0,0 short=0,0,0,0 dropped=0,0,0,0
     latency   : target=0, window=0, percentile=100.00%, depth=1

Run status group 0 (all jobs):
   READ: bw=21.7MiB/s (22.8MB/s), 21.7MiB/s-21.7MiB/s (22.8MB/s-22.8MB/s), io=2000MiB (2097MB), run=92015-92015msec
