create: (g=0): rw=read, bs=(R) 4096B-4096B, (W) 4096B-4096B, (T) 4096B-4096B, ioengine=filecreate, iodepth=1
...
fio-3.41
Starting 2 threads

create: (groupid=0, jobs=2): err= 0: pid=106741: Fri Mar 13 19:26:05 2026
  read: IOPS=4920, BW=19.2MiB/s (20.2MB/s)(62.5MiB/3252msec)
    clat (usec): min=39, max=39434, avg=51.70, stdev=311.61
    clat percentiles (usec):
     |  1.00th=[   42],  5.00th=[   42], 10.00th=[   43], 20.00th=[   44],
     | 30.00th=[   44], 40.00th=[   45], 50.00th=[   46], 60.00th=[   47],
     | 70.00th=[   49], 80.00th=[   55], 90.00th=[   61], 95.00th=[   69],
     | 99.00th=[   93], 99.50th=[  100], 99.90th=[  123], 99.95th=[  167],
     | 99.99th=[  603]
   bw (  KiB/s): min= 9524, max=29352, per=84.93%, avg=16715.33, stdev=3336.60, samples=12
   iops        : min= 2380, max= 7338, avg=4178.67, stdev=834.25, samples=12
  cpu          : usr=76.08%, sys=5.64%, ctx=66535, majf=0, minf=0
  IO depths    : 1=100.0%, 2=0.0%, 4=0.0%, 8=0.0%, 16=0.0%, 32=0.0%, >=64=0.0%
     submit    : 0=0.0%, 4=100.0%, 8=0.0%, 16=0.0%, 32=0.0%, 64=0.0%, >=64=0.0%
     complete  : 0=0.0%, 4=100.0%, 8=0.0%, 16=0.0%, 32=0.0%, 64=0.0%, >=64=0.0%
     issued rwts: total=16000,0,0,0 short=0,0,0,0 dropped=0,0,0,0
     latency   : target=0, window=0, percentile=100.00%, depth=1

Run status group 0 (all jobs):
   READ: bw=19.2MiB/s (20.2MB/s), 19.2MiB/s-19.2MiB/s (20.2MB/s-20.2MB/s), io=62.5MiB (65.5MB), run=3252-3252msec
