create: (g=0): rw=read, bs=(R) 4096B-4096B, (W) 4096B-4096B, (T) 4096B-4096B, ioengine=filecreate, iodepth=1
...
fio-3.41
Starting 14 threads

create: (groupid=0, jobs=14): err= 0: pid=21177: Fri Mar 13 16:41:39 2026
  read: IOPS=4788, BW=18.7MiB/s (19.6MB/s)(438MiB/23388msec)
    clat (usec): min=60, max=56613, avg=2080.80, stdev=1385.51
    clat percentiles (usec):
     |  1.00th=[  125],  5.00th=[  169], 10.00th=[  486], 20.00th=[ 1385],
     | 30.00th=[ 1811], 40.00th=[ 2114], 50.00th=[ 2311], 60.00th=[ 2442],
     | 70.00th=[ 2606], 80.00th=[ 2737], 90.00th=[ 2933], 95.00th=[ 3064],
     | 99.00th=[ 3326], 99.50th=[ 3392], 99.90th=[ 8979], 99.95th=[13566],
     | 99.99th=[55837]
   bw (  KiB/s): min=14165, max=32689, per=100.00%, avg=19430.09, stdev=237.28, samples=625
   iops        : min= 3540, max= 8170, avg=4857.42, stdev=59.30, samples=625
  cpu          : usr=23.42%, sys=2.52%, ctx=489431, majf=0, minf=0
  IO depths    : 1=100.0%, 2=0.0%, 4=0.0%, 8=0.0%, 16=0.0%, 32=0.0%, >=64=0.0%
     submit    : 0=0.0%, 4=100.0%, 8=0.0%, 16=0.0%, 32=0.0%, 64=0.0%, >=64=0.0%
     complete  : 0=0.0%, 4=100.0%, 8=0.0%, 16=0.0%, 32=0.0%, 64=0.0%, >=64=0.0%
     issued rwts: total=112000,0,0,0 short=0,0,0,0 dropped=0,0,0,0
     latency   : target=0, window=0, percentile=100.00%, depth=1

Run status group 0 (all jobs):
   READ: bw=18.7MiB/s (19.6MB/s), 18.7MiB/s-18.7MiB/s (19.6MB/s-19.6MB/s), io=438MiB (459MB), run=23388-23388msec
