create: (g=0): rw=read, bs=(R) 4096B-4096B, (W) 4096B-4096B, (T) 4096B-4096B, ioengine=filecreate, iodepth=1
...
fio-3.41
Starting 5 threads

create: (groupid=0, jobs=5): err= 0: pid=274508: Fri Mar 13 22:10:49 2026
  read: IOPS=5928, BW=23.2MiB/s (24.3MB/s)(156MiB/6747msec)
    clat (usec): min=63, max=49512, avg=198.82, stdev=522.67
    clat percentiles (usec):
     |  1.00th=[   87],  5.00th=[   93], 10.00th=[   99], 20.00th=[  116],
     | 30.00th=[  137], 40.00th=[  157], 50.00th=[  176], 60.00th=[  196],
     | 70.00th=[  223], 80.00th=[  258], 90.00th=[  310], 95.00th=[  355],
     | 99.00th=[  469], 99.50th=[  523], 99.90th=[  725], 99.95th=[ 1221],
     | 99.99th=[43779]
   bw (  KiB/s): min= 8800, max=48715, per=100.00%, avg=27116.97, stdev=2190.39, samples=56
   iops        : min= 2200, max=12178, avg=6779.18, stdev=547.57, samples=56
  cpu          : usr=62.29%, sys=3.72%, ctx=153782, majf=0, minf=0
  IO depths    : 1=100.0%, 2=0.0%, 4=0.0%, 8=0.0%, 16=0.0%, 32=0.0%, >=64=0.0%
     submit    : 0=0.0%, 4=100.0%, 8=0.0%, 16=0.0%, 32=0.0%, 64=0.0%, >=64=0.0%
     complete  : 0=0.0%, 4=100.0%, 8=0.0%, 16=0.0%, 32=0.0%, 64=0.0%, >=64=0.0%
     issued rwts: total=40000,0,0,0 short=0,0,0,0 dropped=0,0,0,0
     latency   : target=0, window=0, percentile=100.00%, depth=1

Run status group 0 (all jobs):
   READ: bw=23.2MiB/s (24.3MB/s), 23.2MiB/s-23.2MiB/s (24.3MB/s-24.3MB/s), io=156MiB (164MB), run=6747-6747msec
