create: (g=0): rw=read, bs=(R) 4096B-4096B, (W) 4096B-4096B, (T) 4096B-4096B, ioengine=filecreate, iodepth=1
...
fio-3.41
Starting 20 threads

create: (groupid=0, jobs=20): err= 0: pid=33275: Fri Mar 13 17:43:36 2026
  read: IOPS=5201, BW=20.3MiB/s (21.3MB/s)(625MiB/30759msec)
    clat (usec): min=45, max=67816, avg=2983.28, stdev=1923.20
    clat percentiles (usec):
     |  1.00th=[   78],  5.00th=[  133], 10.00th=[  180], 20.00th=[  515],
     | 30.00th=[ 2769], 40.00th=[ 3425], 50.00th=[ 3687], 60.00th=[ 3916],
     | 70.00th=[ 4080], 80.00th=[ 4228], 90.00th=[ 4490], 95.00th=[ 4621],
     | 99.00th=[ 4948], 99.50th=[ 5145], 99.90th=[ 9896], 99.95th=[16581],
     | 99.99th=[58459]
   bw (  KiB/s): min=14860, max=53082, per=100.00%, avg=21028.30, stdev=372.66, samples=1196
   iops        : min= 3714, max=13269, avg=5257.03, stdev=93.16, samples=1196
  cpu          : usr=18.54%, sys=1.85%, ctx=698640, majf=0, minf=13
  IO depths    : 1=100.0%, 2=0.0%, 4=0.0%, 8=0.0%, 16=0.0%, 32=0.0%, >=64=0.0%
     submit    : 0=0.0%, 4=100.0%, 8=0.0%, 16=0.0%, 32=0.0%, 64=0.0%, >=64=0.0%
     complete  : 0=0.0%, 4=100.0%, 8=0.0%, 16=0.0%, 32=0.0%, 64=0.0%, >=64=0.0%
     issued rwts: total=160000,0,0,0 short=0,0,0,0 dropped=0,0,0,0
     latency   : target=0, window=0, percentile=100.00%, depth=1

Run status group 0 (all jobs):
   READ: bw=20.3MiB/s (21.3MB/s), 20.3MiB/s-20.3MiB/s (21.3MB/s-21.3MB/s), io=625MiB (655MB), run=30759-30759msec
