create: (g=0): rw=read, bs=(R) 4096B-4096B, (W) 4096B-4096B, (T) 4096B-4096B, ioengine=filecreate, iodepth=1
...
fio-3.41
Starting 20 threads

create: (groupid=0, jobs=20): err= 0: pid=277801: Fri Mar 13 22:20:16 2026
  read: IOPS=5192, BW=20.3MiB/s (21.3MB/s)(625MiB/30815msec)
    clat (usec): min=46, max=60060, avg=3002.58, stdev=1765.28
    clat percentiles (usec):
     |  1.00th=[   84],  5.00th=[  139], 10.00th=[  188], 20.00th=[ 1037],
     | 30.00th=[ 3064], 40.00th=[ 3425], 50.00th=[ 3589], 60.00th=[ 3752],
     | 70.00th=[ 3916], 80.00th=[ 4047], 90.00th=[ 4293], 95.00th=[ 4424],
     | 99.00th=[ 4752], 99.50th=[ 4883], 99.90th=[14877], 99.95th=[15533],
     | 99.99th=[55837]
   bw (  KiB/s): min=15063, max=50506, per=100.00%, avg=20961.26, stdev=298.92, samples=1201
   iops        : min= 3764, max=12625, avg=5240.23, stdev=74.72, samples=1201
  cpu          : usr=18.42%, sys=1.90%, ctx=700328, majf=0, minf=0
  IO depths    : 1=100.0%, 2=0.0%, 4=0.0%, 8=0.0%, 16=0.0%, 32=0.0%, >=64=0.0%
     submit    : 0=0.0%, 4=100.0%, 8=0.0%, 16=0.0%, 32=0.0%, 64=0.0%, >=64=0.0%
     complete  : 0=0.0%, 4=100.0%, 8=0.0%, 16=0.0%, 32=0.0%, 64=0.0%, >=64=0.0%
     issued rwts: total=160000,0,0,0 short=0,0,0,0 dropped=0,0,0,0
     latency   : target=0, window=0, percentile=100.00%, depth=1

Run status group 0 (all jobs):
   READ: bw=20.3MiB/s (21.3MB/s), 20.3MiB/s-20.3MiB/s (21.3MB/s-21.3MB/s), io=625MiB (655MB), run=30815-30815msec
