create: (g=0): rw=read, bs=(R) 4096B-4096B, (W) 4096B-4096B, (T) 4096B-4096B, ioengine=filecreate, iodepth=1
...
fio-3.41
Starting 32 threads

create: (groupid=0, jobs=32): err= 0: pid=26142: Fri Mar 13 17:06:58 2026
  read: IOPS=5867, BW=22.9MiB/s (24.0MB/s)(1000MiB/43627msec)
    clat (usec): min=41, max=64108, avg=4888.95, stdev=2909.44
    clat percentiles (usec):
     |  1.00th=[   58],  5.00th=[   83], 10.00th=[  112], 20.00th=[ 4047],
     | 30.00th=[ 4752], 40.00th=[ 5080], 50.00th=[ 5407], 60.00th=[ 5932],
     | 70.00th=[ 6521], 80.00th=[ 6849], 90.00th=[ 7177], 95.00th=[ 7439],
     | 99.00th=[ 7963], 99.50th=[ 8455], 99.90th=[33817], 99.95th=[51643],
     | 99.99th=[56361]
   bw (  KiB/s): min=15223, max=30578, per=100.00%, avg=23561.09, stdev=92.41, samples=2762
   iops        : min= 3805, max= 7642, avg=5890.22, stdev=23.10, samples=2762
  cpu          : usr=8.69%, sys=1.54%, ctx=1345199, majf=0, minf=0
  IO depths    : 1=100.0%, 2=0.0%, 4=0.0%, 8=0.0%, 16=0.0%, 32=0.0%, >=64=0.0%
     submit    : 0=0.0%, 4=100.0%, 8=0.0%, 16=0.0%, 32=0.0%, 64=0.0%, >=64=0.0%
     complete  : 0=0.0%, 4=100.0%, 8=0.0%, 16=0.0%, 32=0.0%, 64=0.0%, >=64=0.0%
     issued rwts: total=256000,0,0,0 short=0,0,0,0 dropped=0,0,0,0
     latency   : target=0, window=0, percentile=100.00%, depth=1

Run status group 0 (all jobs):
   READ: bw=22.9MiB/s (24.0MB/s), 22.9MiB/s-22.9MiB/s (24.0MB/s-24.0MB/s), io=1000MiB (1049MB), run=43627-43627msec
