create: (g=0): rw=read, bs=(R) 4096B-4096B, (W) 4096B-4096B, (T) 4096B-4096B, ioengine=filecreate, iodepth=1
...
fio-3.41
Starting 21 threads

create: (groupid=0, jobs=21): err= 0: pid=267355: Fri Mar 13 21:25:25 2026
  read: IOPS=7235, BW=28.3MiB/s (29.6MB/s)(656MiB/23220msec)
    clat (usec): min=41, max=57192, avg=2415.96, stdev=1887.80
    clat percentiles (usec):
     |  1.00th=[   51],  5.00th=[   58], 10.00th=[   72], 20.00th=[  119],
     | 30.00th=[ 2212], 40.00th=[ 2540], 50.00th=[ 2737], 60.00th=[ 2933],
     | 70.00th=[ 3130], 80.00th=[ 3359], 90.00th=[ 3851], 95.00th=[ 4293],
     | 99.00th=[ 4752], 99.50th=[ 4883], 99.90th=[13960], 99.95th=[45351],
     | 99.99th=[55837]
   bw (  KiB/s): min=19238, max=34608, per=100.00%, avg=29192.46, stdev=155.15, samples=952
   iops        : min= 4807, max= 8652, avg=7297.84, stdev=38.81, samples=952
  cpu          : usr=13.80%, sys=2.18%, ctx=880387, majf=0, minf=0
  IO depths    : 1=100.0%, 2=0.0%, 4=0.0%, 8=0.0%, 16=0.0%, 32=0.0%, >=64=0.0%
     submit    : 0=0.0%, 4=100.0%, 8=0.0%, 16=0.0%, 32=0.0%, 64=0.0%, >=64=0.0%
     complete  : 0=0.0%, 4=100.0%, 8=0.0%, 16=0.0%, 32=0.0%, 64=0.0%, >=64=0.0%
     issued rwts: total=168000,0,0,0 short=0,0,0,0 dropped=0,0,0,0
     latency   : target=0, window=0, percentile=100.00%, depth=1

Run status group 0 (all jobs):
   READ: bw=28.3MiB/s (29.6MB/s), 28.3MiB/s-28.3MiB/s (29.6MB/s-29.6MB/s), io=656MiB (688MB), run=23220-23220msec
