create: (g=0): rw=read, bs=(R) 4096B-4096B, (W) 4096B-4096B, (T) 4096B-4096B, ioengine=filecreate, iodepth=1
...
fio-3.41
Starting 28 threads

create: (groupid=0, jobs=28): err= 0: pid=269102: Fri Mar 13 21:35:17 2026
  read: IOPS=4537, BW=17.7MiB/s (18.6MB/s)(875MiB/49366msec)
    clat (usec): min=69, max=63834, avg=5466.56, stdev=2300.09
    clat percentiles (usec):
     |  1.00th=[  124],  5.00th=[  167], 10.00th=[ 4490], 20.00th=[ 5211],
     | 30.00th=[ 5538], 40.00th=[ 5669], 50.00th=[ 5866], 60.00th=[ 5997],
     | 70.00th=[ 6194], 80.00th=[ 6325], 90.00th=[ 6587], 95.00th=[ 6783],
     | 99.00th=[ 7242], 99.50th=[ 7439], 99.90th=[37487], 99.95th=[55313],
     | 99.99th=[62653]
   bw (  KiB/s): min=15079, max=21776, per=100.00%, avg=18205.41, stdev=35.28, samples=2743
   iops        : min= 3766, max= 5444, avg=4551.31, stdev= 8.83, samples=2743
  cpu          : usr=9.89%, sys=1.32%, ctx=987353, majf=0, minf=10
  IO depths    : 1=100.0%, 2=0.0%, 4=0.0%, 8=0.0%, 16=0.0%, 32=0.0%, >=64=0.0%
     submit    : 0=0.0%, 4=100.0%, 8=0.0%, 16=0.0%, 32=0.0%, 64=0.0%, >=64=0.0%
     complete  : 0=0.0%, 4=100.0%, 8=0.0%, 16=0.0%, 32=0.0%, 64=0.0%, >=64=0.0%
     issued rwts: total=224000,0,0,0 short=0,0,0,0 dropped=0,0,0,0
     latency   : target=0, window=0, percentile=100.00%, depth=1

Run status group 0 (all jobs):
   READ: bw=17.7MiB/s (18.6MB/s), 17.7MiB/s-17.7MiB/s (18.6MB/s-18.6MB/s), io=875MiB (918MB), run=49366-49366msec
