create: (g=0): rw=read, bs=(R) 4096B-4096B, (W) 4096B-4096B, (T) 4096B-4096B, ioengine=filecreate, iodepth=1
fio-3.41
Starting 1 thread

create: (groupid=0, jobs=1): err= 0: pid=29336: Fri Mar 13 17:33:07 2026
  read: IOPS=2770, BW=10.8MiB/s (11.3MB/s)(31.2MiB/2888msec)
    clat (usec): min=64, max=351, avg=112.35, stdev=12.73
    clat percentiles (usec):
     |  1.00th=[   89],  5.00th=[  100], 10.00th=[  106], 20.00th=[  108],
     | 30.00th=[  109], 40.00th=[  110], 50.00th=[  111], 60.00th=[  112],
     | 70.00th=[  114], 80.00th=[  116], 90.00th=[  122], 95.00th=[  128],
     | 99.00th=[  153], 99.50th=[  208], 99.90th=[  229], 99.95th=[  306],
     | 99.99th=[  351]
   bw (  KiB/s): min= 6528, max=14304, per=87.87%, avg=9736.00, stdev=2934.76, samples=5
   iops        : min= 1632, max= 3576, avg=2434.00, stdev=733.69, samples=5
  cpu          : usr=54.52%, sys=3.57%, ctx=24100, majf=0, minf=0
  IO depths    : 1=100.0%, 2=0.0%, 4=0.0%, 8=0.0%, 16=0.0%, 32=0.0%, >=64=0.0%
     submit    : 0=0.0%, 4=100.0%, 8=0.0%, 16=0.0%, 32=0.0%, 64=0.0%, >=64=0.0%
     complete  : 0=0.0%, 4=100.0%, 8=0.0%, 16=0.0%, 32=0.0%, 64=0.0%, >=64=0.0%
     issued rwts: total=8000,0,0,0 short=0,0,0,0 dropped=0,0,0,0
     latency   : target=0, window=0, percentile=100.00%, depth=1

Run status group 0 (all jobs):
   READ: bw=10.8MiB/s (11.3MB/s), 10.8MiB/s-10.8MiB/s (11.3MB/s-11.3MB/s), io=31.2MiB (32.8MB), run=2888-2888msec
