create: (g=0): rw=read, bs=(R) 4096B-4096B, (W) 4096B-4096B, (T) 4096B-4096B, ioengine=filecreate, iodepth=1
...
fio-3.41
Starting 64 threads

create: (groupid=0, jobs=64): err= 0: pid=39891: Fri Mar 13 18:29:44 2026
  read: IOPS=5694, BW=22.2MiB/s (23.3MB/s)(2000MiB/89913msec)
    clat (usec): min=48, max=139945, avg=10188.95, stdev=4816.16
    clat percentiles (usec):
     |  1.00th=[    75],  5.00th=[   109], 10.00th=[   135], 20.00th=[  9634],
     | 30.00th=[ 10290], 40.00th=[ 10814], 50.00th=[ 11338], 60.00th=[ 11863],
     | 70.00th=[ 12518], 80.00th=[ 13042], 90.00th=[ 13698], 95.00th=[ 14091],
     | 99.00th=[ 14746], 99.50th=[ 16909], 99.90th=[ 47973], 99.95th=[ 56886],
     | 99.99th=[135267]
   bw (  KiB/s): min=15102, max=33079, per=100.00%, avg=22845.19, stdev=37.21, samples=11437
   iops        : min= 3774, max= 8262, avg=5711.18, stdev= 9.30, samples=11437
  cpu          : usr=8.25%, sys=0.83%, ctx=2713659, majf=0, minf=0
  IO depths    : 1=100.0%, 2=0.0%, 4=0.0%, 8=0.0%, 16=0.0%, 32=0.0%, >=64=0.0%
     submit    : 0=0.0%, 4=100.0%, 8=0.0%, 16=0.0%, 32=0.0%, 64=0.0%, >=64=0.0%
     complete  : 0=0.0%, 4=100.0%, 8=0.0%, 16=0.0%, 32=0.0%, 64=0.0%, >=64=0.0%
     issued rwts: total=512000,0,0,0 short=0,0,0,0 dropped=0,0,0,0
     latency   : target=0, window=0, percentile=100.00%, depth=1

Run status group 0 (all jobs):
   READ: bw=22.2MiB/s (23.3MB/s), 22.2MiB/s-22.2MiB/s (23.3MB/s-23.3MB/s), io=2000MiB (2097MB), run=89913-89913msec
