create: (g=0): rw=read, bs=(R) 4096B-4096B, (W) 4096B-4096B, (T) 4096B-4096B, ioengine=filecreate, iodepth=1
...
fio-3.41
Starting 23 threads

create: (groupid=0, jobs=23): err= 0: pid=128391: Fri Mar 13 19:38:53 2026
  read: IOPS=4909, BW=19.2MiB/s (20.1MB/s)(719MiB/37476msec)
    clat (usec): min=48, max=65013, avg=3858.95, stdev=2137.91
    clat percentiles (usec):
     |  1.00th=[  102],  5.00th=[  155], 10.00th=[  281], 20.00th=[ 2180],
     | 30.00th=[ 3752], 40.00th=[ 4228], 50.00th=[ 4555], 60.00th=[ 4752],
     | 70.00th=[ 4948], 80.00th=[ 5145], 90.00th=[ 5407], 95.00th=[ 5604],
     | 99.00th=[ 6063], 99.50th=[ 6915], 99.90th=[16712], 99.95th=[34866],
     | 99.99th=[63701]
   bw (  KiB/s): min=14688, max=46292, per=100.00%, avg=19757.76, stdev=228.36, samples=1684
   iops        : min= 3672, max=11572, avg=4939.37, stdev=57.08, samples=1684
  cpu          : usr=14.77%, sys=1.51%, ctx=806514, majf=0, minf=17
  IO depths    : 1=100.0%, 2=0.0%, 4=0.0%, 8=0.0%, 16=0.0%, 32=0.0%, >=64=0.0%
     submit    : 0=0.0%, 4=100.0%, 8=0.0%, 16=0.0%, 32=0.0%, 64=0.0%, >=64=0.0%
     complete  : 0=0.0%, 4=100.0%, 8=0.0%, 16=0.0%, 32=0.0%, 64=0.0%, >=64=0.0%
     issued rwts: total=184000,0,0,0 short=0,0,0,0 dropped=0,0,0,0
     latency   : target=0, window=0, percentile=100.00%, depth=1

Run status group 0 (all jobs):
   READ: bw=19.2MiB/s (20.1MB/s), 19.2MiB/s-19.2MiB/s (20.1MB/s-20.1MB/s), io=719MiB (754MB), run=37476-37476msec
