create: (g=0): rw=read, bs=(R) 4096B-4096B, (W) 4096B-4096B, (T) 4096B-4096B, ioengine=filecreate, iodepth=1
...
fio-3.41
Starting 18 threads

create: (groupid=0, jobs=18): err= 0: pid=288301: Fri Mar 13 23:14:59 2026
  read: IOPS=8033, BW=31.4MiB/s (32.9MB/s)(563MiB/17924msec)
    clat (usec): min=39, max=55654, avg=1801.18, stdev=1384.87
    clat percentiles (usec):
     |  1.00th=[   50],  5.00th=[   55], 10.00th=[   61], 20.00th=[   88],
     | 30.00th=[ 1631], 40.00th=[ 1909], 50.00th=[ 2114], 60.00th=[ 2311],
     | 70.00th=[ 2474], 80.00th=[ 2638], 90.00th=[ 2802], 95.00th=[ 2900],
     | 99.00th=[ 3097], 99.50th=[ 3163], 99.90th=[ 7963], 99.95th=[32113],
     | 99.99th=[49546]
   bw (  KiB/s): min=25181, max=37264, per=100.00%, avg=32220.59, stdev=152.94, samples=626
   iops        : min= 6293, max= 9316, avg=8055.01, stdev=38.24, samples=626
  cpu          : usr=15.89%, sys=2.52%, ctx=754005, majf=0, minf=0
  IO depths    : 1=100.0%, 2=0.0%, 4=0.0%, 8=0.0%, 16=0.0%, 32=0.0%, >=64=0.0%
     submit    : 0=0.0%, 4=100.0%, 8=0.0%, 16=0.0%, 32=0.0%, 64=0.0%, >=64=0.0%
     complete  : 0=0.0%, 4=100.0%, 8=0.0%, 16=0.0%, 32=0.0%, 64=0.0%, >=64=0.0%
     issued rwts: total=144000,0,0,0 short=0,0,0,0 dropped=0,0,0,0
     latency   : target=0, window=0, percentile=100.00%, depth=1

Run status group 0 (all jobs):
   READ: bw=31.4MiB/s (32.9MB/s), 31.4MiB/s-31.4MiB/s (32.9MB/s-32.9MB/s), io=563MiB (590MB), run=17924-17924msec
