create: (g=0): rw=read, bs=(R) 4096B-4096B, (W) 4096B-4096B, (T) 4096B-4096B, ioengine=filecreate, iodepth=1
...
fio-3.41
Starting 7 threads

create: (groupid=0, jobs=7): err= 0: pid=296513: Sat Mar 14 00:04:26 2026
  read: IOPS=6381, BW=24.9MiB/s (26.1MB/s)(219MiB/8775msec)
    clat (usec): min=47, max=36915, avg=255.64, stdev=495.09
    clat percentiles (usec):
     |  1.00th=[   86],  5.00th=[   96], 10.00th=[  108], 20.00th=[  135],
     | 30.00th=[  159], 40.00th=[  184], 50.00th=[  219], 60.00th=[  258],
     | 70.00th=[  302], 80.00th=[  351], 90.00th=[  420], 95.00th=[  490],
     | 99.00th=[  627], 99.50th=[  685], 99.90th=[ 1090], 99.95th=[ 3228],
     | 99.99th=[36439]
   bw (  KiB/s): min=12158, max=53728, per=100.00%, avg=27499.26, stdev=1563.69, samples=105
   iops        : min= 3038, max=13432, avg=6874.28, stdev=390.96, samples=105
  cpu          : usr=68.01%, sys=2.57%, ctx=222869, majf=0, minf=0
  IO depths    : 1=100.0%, 2=0.0%, 4=0.0%, 8=0.0%, 16=0.0%, 32=0.0%, >=64=0.0%
     submit    : 0=0.0%, 4=100.0%, 8=0.0%, 16=0.0%, 32=0.0%, 64=0.0%, >=64=0.0%
     complete  : 0=0.0%, 4=100.0%, 8=0.0%, 16=0.0%, 32=0.0%, 64=0.0%, >=64=0.0%
     issued rwts: total=56000,0,0,0 short=0,0,0,0 dropped=0,0,0,0
     latency   : target=0, window=0, percentile=100.00%, depth=1

Run status group 0 (all jobs):
   READ: bw=24.9MiB/s (26.1MB/s), 24.9MiB/s-24.9MiB/s (26.1MB/s-26.1MB/s), io=219MiB (229MB), run=8775-8775msec
