create: (g=0): rw=read, bs=(R) 4096B-4096B, (W) 4096B-4096B, (T) 4096B-4096B, ioengine=filecreate, iodepth=1
...
fio-3.41
Starting 21 threads

create: (groupid=0, jobs=21): err= 0: pid=310549: Sat Mar 14 01:10:08 2026
  read: IOPS=5679, BW=22.2MiB/s (23.3MB/s)(656MiB/29581msec)
    clat (usec): min=42, max=63457, avg=2654.23, stdev=2100.63
    clat percentiles (usec):
     |  1.00th=[   70],  5.00th=[  100], 10.00th=[  143], 20.00th=[  241],
     | 30.00th=[  498], 40.00th=[ 1729], 50.00th=[ 3654], 60.00th=[ 3982],
     | 70.00th=[ 4228], 80.00th=[ 4424], 90.00th=[ 4621], 95.00th=[ 4817],
     | 99.00th=[ 5145], 99.50th=[ 5276], 99.90th=[12518], 99.95th=[16450],
     | 99.99th=[61080]
   bw (  KiB/s): min=14239, max=59372, per=100.00%, avg=23653.68, stdev=531.89, samples=1162
   iops        : min= 3558, max=14843, avg=5913.02, stdev=132.95, samples=1162
  cpu          : usr=21.82%, sys=1.80%, ctx=726664, majf=0, minf=0
  IO depths    : 1=100.0%, 2=0.0%, 4=0.0%, 8=0.0%, 16=0.0%, 32=0.0%, >=64=0.0%
     submit    : 0=0.0%, 4=100.0%, 8=0.0%, 16=0.0%, 32=0.0%, 64=0.0%, >=64=0.0%
     complete  : 0=0.0%, 4=100.0%, 8=0.0%, 16=0.0%, 32=0.0%, 64=0.0%, >=64=0.0%
     issued rwts: total=168000,0,0,0 short=0,0,0,0 dropped=0,0,0,0
     latency   : target=0, window=0, percentile=100.00%, depth=1

Run status group 0 (all jobs):
   READ: bw=22.2MiB/s (23.3MB/s), 22.2MiB/s-22.2MiB/s (23.3MB/s-23.3MB/s), io=656MiB (688MB), run=29581-29581msec
