create: (g=0): rw=read, bs=(R) 4096B-4096B, (W) 4096B-4096B, (T) 4096B-4096B, ioengine=filecreate, iodepth=1
...
fio-3.41
Starting 20 threads

create: (groupid=0, jobs=20): err= 0: pid=266931: Fri Mar 13 21:23:49 2026
  read: IOPS=5090, BW=19.9MiB/s (20.9MB/s)(625MiB/31430msec)
    clat (usec): min=44, max=60814, avg=3071.37, stdev=1900.32
    clat percentiles (usec):
     |  1.00th=[   83],  5.00th=[  141], 10.00th=[  192], 20.00th=[  529],
     | 30.00th=[ 2999], 40.00th=[ 3589], 50.00th=[ 3818], 60.00th=[ 4015],
     | 70.00th=[ 4178], 80.00th=[ 4359], 90.00th=[ 4555], 95.00th=[ 4686],
     | 99.00th=[ 5014], 99.50th=[ 5145], 99.90th=[15270], 99.95th=[16712],
     | 99.99th=[48497]
   bw (  KiB/s): min=15024, max=49400, per=100.00%, avg=20580.28, stdev=367.69, samples=1219
   iops        : min= 3756, max=12350, avg=5145.02, stdev=91.92, samples=1219
  cpu          : usr=17.99%, sys=1.81%, ctx=700434, majf=0, minf=0
  IO depths    : 1=100.0%, 2=0.0%, 4=0.0%, 8=0.0%, 16=0.0%, 32=0.0%, >=64=0.0%
     submit    : 0=0.0%, 4=100.0%, 8=0.0%, 16=0.0%, 32=0.0%, 64=0.0%, >=64=0.0%
     complete  : 0=0.0%, 4=100.0%, 8=0.0%, 16=0.0%, 32=0.0%, 64=0.0%, >=64=0.0%
     issued rwts: total=160000,0,0,0 short=0,0,0,0 dropped=0,0,0,0
     latency   : target=0, window=0, percentile=100.00%, depth=1

Run status group 0 (all jobs):
   READ: bw=19.9MiB/s (20.9MB/s), 19.9MiB/s-19.9MiB/s (20.9MB/s-20.9MB/s), io=625MiB (655MB), run=31430-31430msec
