create: (g=0): rw=read, bs=(R) 4096B-4096B, (W) 4096B-4096B, (T) 4096B-4096B, ioengine=filecreate, iodepth=1
...
fio-3.41
Starting 40 threads

create: (groupid=0, jobs=40): err= 0: pid=303551: Sat Mar 14 00:36:43 2026
  read: IOPS=4291, BW=16.8MiB/s (17.6MB/s)(1250MiB/74573msec)
    clat (usec): min=76, max=65671, avg=8429.95, stdev=2994.97
    clat percentiles (usec):
     |  1.00th=[  131],  5.00th=[  182], 10.00th=[ 7046], 20.00th=[ 8094],
     | 30.00th=[ 8586], 40.00th=[ 8848], 50.00th=[ 9110], 60.00th=[ 9241],
     | 70.00th=[ 9503], 80.00th=[ 9765], 90.00th=[10028], 95.00th=[10159],
     | 99.00th=[10683], 99.50th=[10945], 99.90th=[46400], 99.95th=[54264],
     | 99.99th=[64750]
   bw (  KiB/s): min=14528, max=26113, per=100.00%, avg=17228.02, stdev=33.39, samples=5905
   iops        : min= 3632, max= 6527, avg=4306.97, stdev= 8.34, samples=5905
  cpu          : usr=8.25%, sys=0.94%, ctx=1408009, majf=0, minf=12
  IO depths    : 1=100.0%, 2=0.0%, 4=0.0%, 8=0.0%, 16=0.0%, 32=0.0%, >=64=0.0%
     submit    : 0=0.0%, 4=100.0%, 8=0.0%, 16=0.0%, 32=0.0%, 64=0.0%, >=64=0.0%
     complete  : 0=0.0%, 4=100.0%, 8=0.0%, 16=0.0%, 32=0.0%, 64=0.0%, >=64=0.0%
     issued rwts: total=320000,0,0,0 short=0,0,0,0 dropped=0,0,0,0
     latency   : target=0, window=0, percentile=100.00%, depth=1

Run status group 0 (all jobs):
   READ: bw=16.8MiB/s (17.6MB/s), 16.8MiB/s-16.8MiB/s (17.6MB/s-17.6MB/s), io=1250MiB (1311MB), run=74573-74573msec
