create: (g=0): rw=read, bs=(R) 4096B-4096B, (W) 4096B-4096B, (T) 4096B-4096B, ioengine=filecreate, iodepth=1
...
fio-3.41
Starting 22 threads

create: (groupid=0, jobs=22): err= 0: pid=289353: Fri Mar 13 23:19:47 2026
  read: IOPS=6754, BW=26.4MiB/s (27.7MB/s)(688MiB/26055msec)
    clat (usec): min=41, max=57316, avg=2744.52, stdev=1992.73
    clat percentiles (usec):
     |  1.00th=[   52],  5.00th=[   63], 10.00th=[   82], 20.00th=[  149],
     | 30.00th=[ 2409], 40.00th=[ 2737], 50.00th=[ 2966], 60.00th=[ 3228],
     | 70.00th=[ 3621], 80.00th=[ 4047], 90.00th=[ 4424], 95.00th=[ 4817],
     | 99.00th=[ 5211], 99.50th=[ 5342], 99.90th=[15139], 99.95th=[39584],
     | 99.99th=[54789]
   bw (  KiB/s): min=18465, max=33352, per=100.00%, avg=27225.92, stdev=173.48, samples=1128
   iops        : min= 4616, max= 8338, avg=6806.46, stdev=43.37, samples=1128
  cpu          : usr=13.11%, sys=2.08%, ctx=923468, majf=0, minf=0
  IO depths    : 1=100.0%, 2=0.0%, 4=0.0%, 8=0.0%, 16=0.0%, 32=0.0%, >=64=0.0%
     submit    : 0=0.0%, 4=100.0%, 8=0.0%, 16=0.0%, 32=0.0%, 64=0.0%, >=64=0.0%
     complete  : 0=0.0%, 4=100.0%, 8=0.0%, 16=0.0%, 32=0.0%, 64=0.0%, >=64=0.0%
     issued rwts: total=176000,0,0,0 short=0,0,0,0 dropped=0,0,0,0
     latency   : target=0, window=0, percentile=100.00%, depth=1

Run status group 0 (all jobs):
   READ: bw=26.4MiB/s (27.7MB/s), 26.4MiB/s-26.4MiB/s (27.7MB/s-27.7MB/s), io=688MiB (721MB), run=26055-26055msec
