create: (g=0): rw=read, bs=(R) 4096B-4096B, (W) 4096B-4096B, (T) 4096B-4096B, ioengine=filecreate, iodepth=1
...
fio-3.41
Starting 5 threads

create: (groupid=0, jobs=5): err= 0: pid=19272: Fri Mar 13 16:37:40 2026
  read: IOPS=7611, BW=29.7MiB/s (31.2MB/s)(156MiB/5255msec)
    clat (usec): min=34, max=56311, avg=66.73, stdev=432.37
    clat percentiles (usec):
     |  1.00th=[   41],  5.00th=[   42], 10.00th=[   44], 20.00th=[   46],
     | 30.00th=[   47], 40.00th=[   49], 50.00th=[   50], 60.00th=[   55],
     | 70.00th=[   64], 80.00th=[   79], 90.00th=[   96], 95.00th=[  119],
     | 99.00th=[  163], 99.50th=[  184], 99.90th=[  545], 99.95th=[  783],
     | 99.99th=[ 1401]
   bw (  KiB/s): min=15159, max=64840, per=100.00%, avg=30549.06, stdev=3000.16, samples=42
   iops        : min= 3789, max=16210, avg=7637.16, stdev=750.06, samples=42
  cpu          : usr=76.11%, sys=5.12%, ctx=176096, majf=0, minf=0
  IO depths    : 1=100.0%, 2=0.0%, 4=0.0%, 8=0.0%, 16=0.0%, 32=0.0%, >=64=0.0%
     submit    : 0=0.0%, 4=100.0%, 8=0.0%, 16=0.0%, 32=0.0%, 64=0.0%, >=64=0.0%
     complete  : 0=0.0%, 4=100.0%, 8=0.0%, 16=0.0%, 32=0.0%, 64=0.0%, >=64=0.0%
     issued rwts: total=40000,0,0,0 short=0,0,0,0 dropped=0,0,0,0
     latency   : target=0, window=0, percentile=100.00%, depth=1

Run status group 0 (all jobs):
   READ: bw=29.7MiB/s (31.2MB/s), 29.7MiB/s-29.7MiB/s (31.2MB/s-31.2MB/s), io=156MiB (164MB), run=5255-5255msec
