create: (g=0): rw=read, bs=(R) 4096B-4096B, (W) 4096B-4096B, (T) 4096B-4096B, ioengine=filecreate, iodepth=1
...
fio-3.41
Starting 22 threads

create: (groupid=0, jobs=22): err= 0: pid=278315: Fri Mar 13 22:22:35 2026
  read: IOPS=4635, BW=18.1MiB/s (19.0MB/s)(688MiB/37968msec)
    clat (usec): min=77, max=63101, avg=3935.38, stdev=1705.50
    clat percentiles (usec):
     |  1.00th=[  126],  5.00th=[  172], 10.00th=[ 1893], 20.00th=[ 3425],
     | 30.00th=[ 3884], 40.00th=[ 4146], 50.00th=[ 4359], 60.00th=[ 4490],
     | 70.00th=[ 4621], 80.00th=[ 4817], 90.00th=[ 5014], 95.00th=[ 5145],
     | 99.00th=[ 5473], 99.50th=[ 5604], 99.90th=[15795], 99.95th=[34341],
     | 99.99th=[62129]
   bw (  KiB/s): min=14374, max=23067, per=100.00%, avg=18646.11, stdev=59.10, samples=1639
   iops        : min= 3592, max= 5766, avg=4661.44, stdev=14.77, samples=1639
  cpu          : usr=14.35%, sys=1.68%, ctx=777005, majf=0, minf=0
  IO depths    : 1=100.0%, 2=0.0%, 4=0.0%, 8=0.0%, 16=0.0%, 32=0.0%, >=64=0.0%
     submit    : 0=0.0%, 4=100.0%, 8=0.0%, 16=0.0%, 32=0.0%, 64=0.0%, >=64=0.0%
     complete  : 0=0.0%, 4=100.0%, 8=0.0%, 16=0.0%, 32=0.0%, 64=0.0%, >=64=0.0%
     issued rwts: total=176000,0,0,0 short=0,0,0,0 dropped=0,0,0,0
     latency   : target=0, window=0, percentile=100.00%, depth=1

Run status group 0 (all jobs):
   READ: bw=18.1MiB/s (19.0MB/s), 18.1MiB/s-18.1MiB/s (19.0MB/s-19.0MB/s), io=688MiB (721MB), run=37968-37968msec
