create: (g=0): rw=read, bs=(R) 4096B-4096B, (W) 4096B-4096B, (T) 4096B-4096B, ioengine=filecreate, iodepth=1
...
fio-3.41
Starting 64 threads

create: (groupid=0, jobs=64): err= 0: pid=186677: Fri Mar 13 20:17:47 2026
  read: IOPS=4451, BW=17.4MiB/s (18.2MB/s)(2000MiB/115030msec)
    clat (usec): min=59, max=67792, avg=13359.56, stdev=4461.16
    clat percentiles (usec):
     |  1.00th=[  125],  5.00th=[  182], 10.00th=[10159], 20.00th=[12256],
     | 30.00th=[13304], 40.00th=[13960], 50.00th=[14484], 60.00th=[14877],
     | 70.00th=[15270], 80.00th=[15664], 90.00th=[16188], 95.00th=[16581],
     | 99.00th=[19268], 99.50th=[22414], 99.90th=[45876], 99.95th=[57410],
     | 99.99th=[66847]
   bw (  KiB/s): min=14800, max=24393, per=100.00%, avg=17826.85, stdev=22.84, samples=14647
   iops        : min= 3700, max= 6095, avg=4456.63, stdev= 5.71, samples=14647
  cpu          : usr=6.42%, sys=0.57%, ctx=2243739, majf=0, minf=29
  IO depths    : 1=100.0%, 2=0.0%, 4=0.0%, 8=0.0%, 16=0.0%, 32=0.0%, >=64=0.0%
     submit    : 0=0.0%, 4=100.0%, 8=0.0%, 16=0.0%, 32=0.0%, 64=0.0%, >=64=0.0%
     complete  : 0=0.0%, 4=100.0%, 8=0.0%, 16=0.0%, 32=0.0%, 64=0.0%, >=64=0.0%
     issued rwts: total=512000,0,0,0 short=0,0,0,0 dropped=0,0,0,0
     latency   : target=0, window=0, percentile=100.00%, depth=1

Run status group 0 (all jobs):
   READ: bw=17.4MiB/s (18.2MB/s), 17.4MiB/s-17.4MiB/s (18.2MB/s-18.2MB/s), io=2000MiB (2097MB), run=115030-115030msec
