create: (g=0): rw=read, bs=(R) 4096B-4096B, (W) 4096B-4096B, (T) 4096B-4096B, ioengine=filecreate, iodepth=1
...
fio-3.41
Starting 56 threads

create: (groupid=0, jobs=56): err= 0: pid=294184: Fri Mar 13 23:53:10 2026
  read: IOPS=4198, BW=16.4MiB/s (17.2MB/s)(1750MiB/106694msec)
    clat (usec): min=76, max=65096, avg=12279.91, stdev=3767.03
    clat percentiles (usec):
     |  1.00th=[  137],  5.00th=[  196], 10.00th=[11207], 20.00th=[12125],
     | 30.00th=[12518], 40.00th=[12911], 50.00th=[13042], 60.00th=[13304],
     | 70.00th=[13566], 80.00th=[13829], 90.00th=[14091], 95.00th=[14353],
     | 99.00th=[15008], 99.50th=[17171], 99.90th=[35390], 99.95th=[60556],
     | 99.99th=[63177]
   bw (  KiB/s): min=13448, max=25921, per=100.00%, avg=16830.89, stdev=22.19, samples=11876
   iops        : min= 3362, max= 6473, avg=4207.66, stdev= 5.54, samples=11876
  cpu          : usr=7.06%, sys=0.66%, ctx=1971290, majf=0, minf=23
  IO depths    : 1=100.0%, 2=0.0%, 4=0.0%, 8=0.0%, 16=0.0%, 32=0.0%, >=64=0.0%
     submit    : 0=0.0%, 4=100.0%, 8=0.0%, 16=0.0%, 32=0.0%, 64=0.0%, >=64=0.0%
     complete  : 0=0.0%, 4=100.0%, 8=0.0%, 16=0.0%, 32=0.0%, 64=0.0%, >=64=0.0%
     issued rwts: total=448000,0,0,0 short=0,0,0,0 dropped=0,0,0,0
     latency   : target=0, window=0, percentile=100.00%, depth=1

Run status group 0 (all jobs):
   READ: bw=16.4MiB/s (17.2MB/s), 16.4MiB/s-16.4MiB/s (17.2MB/s-17.2MB/s), io=1750MiB (1835MB), run=106694-106694msec
