create: (g=0): rw=read, bs=(R) 4096B-4096B, (W) 4096B-4096B, (T) 4096B-4096B, ioengine=filecreate, iodepth=1
...
fio-3.41
Starting 8 threads

create: (groupid=0, jobs=8): err= 0: pid=30577: Fri Mar 13 17:34:51 2026
  read: IOPS=6782, BW=26.5MiB/s (27.8MB/s)(250MiB/9436msec)
    clat (usec): min=60, max=60592, avg=403.09, stdev=606.91
    clat percentiles (usec):
     |  1.00th=[   95],  5.00th=[  118], 10.00th=[  143], 20.00th=[  188],
     | 30.00th=[  235], 40.00th=[  281], 50.00th=[  330], 60.00th=[  383],
     | 70.00th=[  461], 80.00th=[  562], 90.00th=[  758], 95.00th=[  938],
     | 99.00th=[ 1270], 99.50th=[ 1385], 99.90th=[ 1729], 99.95th=[ 2343],
     | 99.99th=[ 5080]
   bw (  KiB/s): min=13248, max=52688, per=100.00%, avg=31618.29, stdev=1187.32, samples=128
   iops        : min= 3312, max=13172, avg=7904.57, stdev=296.83, samples=128
  cpu          : usr=53.29%, sys=3.57%, ctx=267999, majf=0, minf=0
  IO depths    : 1=100.0%, 2=0.0%, 4=0.0%, 8=0.0%, 16=0.0%, 32=0.0%, >=64=0.0%
     submit    : 0=0.0%, 4=100.0%, 8=0.0%, 16=0.0%, 32=0.0%, 64=0.0%, >=64=0.0%
     complete  : 0=0.0%, 4=100.0%, 8=0.0%, 16=0.0%, 32=0.0%, 64=0.0%, >=64=0.0%
     issued rwts: total=64000,0,0,0 short=0,0,0,0 dropped=0,0,0,0
     latency   : target=0, window=0, percentile=100.00%, depth=1

Run status group 0 (all jobs):
   READ: bw=26.5MiB/s (27.8MB/s), 26.5MiB/s-26.5MiB/s (27.8MB/s-27.8MB/s), io=250MiB (262MB), run=9436-9436msec
