create: (g=0): rw=read, bs=(R) 4096B-4096B, (W) 4096B-4096B, (T) 4096B-4096B, ioengine=filecreate, iodepth=1
...
fio-3.41
Starting 12 threads

create: (groupid=0, jobs=12): err= 0: pid=286755: Fri Mar 13 23:10:02 2026
  read: IOPS=5096, BW=19.9MiB/s (20.9MB/s)(375MiB/18837msec)
    clat (usec): min=70, max=60068, avg=1483.99, stdev=1141.79
    clat percentiles (usec):
     |  1.00th=[  120],  5.00th=[  165], 10.00th=[  219], 20.00th=[  494],
     | 30.00th=[  963], 40.00th=[ 1385], 50.00th=[ 1663], 60.00th=[ 1860],
     | 70.00th=[ 2040], 80.00th=[ 2212], 90.00th=[ 2409], 95.00th=[ 2540],
     | 99.00th=[ 2769], 99.50th=[ 2868], 99.90th=[ 4621], 99.95th=[13304],
     | 99.99th=[47973]
   bw (  KiB/s): min=12958, max=28984, per=100.00%, avg=20779.93, stdev=246.44, samples=435
   iops        : min= 3239, max= 7246, avg=5194.97, stdev=61.61, samples=435
  cpu          : usr=31.53%, sys=2.60%, ctx=417273, majf=0, minf=0
  IO depths    : 1=100.0%, 2=0.0%, 4=0.0%, 8=0.0%, 16=0.0%, 32=0.0%, >=64=0.0%
     submit    : 0=0.0%, 4=100.0%, 8=0.0%, 16=0.0%, 32=0.0%, 64=0.0%, >=64=0.0%
     complete  : 0=0.0%, 4=100.0%, 8=0.0%, 16=0.0%, 32=0.0%, 64=0.0%, >=64=0.0%
     issued rwts: total=96000,0,0,0 short=0,0,0,0 dropped=0,0,0,0
     latency   : target=0, window=0, percentile=100.00%, depth=1

Run status group 0 (all jobs):
   READ: bw=19.9MiB/s (20.9MB/s), 19.9MiB/s-19.9MiB/s (20.9MB/s-20.9MB/s), io=375MiB (393MB), run=18837-18837msec
