create: (g=0): rw=read, bs=(R) 4096B-4096B, (W) 4096B-4096B, (T) 4096B-4096B, ioengine=filecreate, iodepth=1
...
fio-3.41
Starting 22 threads

create: (groupid=0, jobs=22): err= 0: pid=23142: Fri Mar 13 16:49:32 2026
  read: IOPS=4992, BW=19.5MiB/s (20.4MB/s)(688MiB/35255msec)
    clat (usec): min=46, max=56973, avg=3431.96, stdev=2114.08
    clat percentiles (usec):
     |  1.00th=[   82],  5.00th=[  147], 10.00th=[  198], 20.00th=[  529],
     | 30.00th=[ 3294], 40.00th=[ 4080], 50.00th=[ 4359], 60.00th=[ 4555],
     | 70.00th=[ 4686], 80.00th=[ 4883], 90.00th=[ 5080], 95.00th=[ 5211],
     | 99.00th=[ 5538], 99.50th=[ 5604], 99.90th=[15008], 99.95th=[16450],
     | 99.99th=[53216]
   bw (  KiB/s): min=15166, max=58904, per=100.00%, avg=20757.38, stdev=403.05, samples=1475
   iops        : min= 3790, max=14726, avg=5189.10, stdev=100.76, samples=1475
  cpu          : usr=17.00%, sys=1.62%, ctx=770028, majf=0, minf=12
  IO depths    : 1=100.0%, 2=0.0%, 4=0.0%, 8=0.0%, 16=0.0%, 32=0.0%, >=64=0.0%
     submit    : 0=0.0%, 4=100.0%, 8=0.0%, 16=0.0%, 32=0.0%, 64=0.0%, >=64=0.0%
     complete  : 0=0.0%, 4=100.0%, 8=0.0%, 16=0.0%, 32=0.0%, 64=0.0%, >=64=0.0%
     issued rwts: total=176000,0,0,0 short=0,0,0,0 dropped=0,0,0,0
     latency   : target=0, window=0, percentile=100.00%, depth=1

Run status group 0 (all jobs):
   READ: bw=19.5MiB/s (20.4MB/s), 19.5MiB/s-19.5MiB/s (20.4MB/s-20.4MB/s), io=688MiB (721MB), run=35255-35255msec
