create: (g=0): rw=read, bs=(R) 4096B-4096B, (W) 4096B-4096B, (T) 4096B-4096B, ioengine=filecreate, iodepth=1
...
fio-3.41
Starting 6 threads

create: (groupid=0, jobs=6): err= 0: pid=274818: Fri Mar 13 22:11:13 2026
  read: IOPS=11.1k, BW=43.3MiB/s (45.4MB/s)(188MiB/4326msec)
    clat (usec): min=35, max=54448, avg=91.08, stdev=438.79
    clat percentiles (usec):
     |  1.00th=[   41],  5.00th=[   46], 10.00th=[   47], 20.00th=[   49],
     | 30.00th=[   51], 40.00th=[   58], 50.00th=[   73], 60.00th=[   88],
     | 70.00th=[  101], 80.00th=[  126], 90.00th=[  151], 95.00th=[  176],
     | 99.00th=[  212], 99.50th=[  235], 99.90th=[  537], 99.95th=[  832],
     | 99.99th=[ 3261]
   bw (  KiB/s): min=19008, max=82032, per=100.00%, avg=44917.45, stdev=3343.27, samples=43
   iops        : min= 4751, max=20508, avg=11229.20, stdev=835.85, samples=43
  cpu          : usr=66.48%, sys=5.88%, ctx=226168, majf=0, minf=0
  IO depths    : 1=100.0%, 2=0.0%, 4=0.0%, 8=0.0%, 16=0.0%, 32=0.0%, >=64=0.0%
     submit    : 0=0.0%, 4=100.0%, 8=0.0%, 16=0.0%, 32=0.0%, 64=0.0%, >=64=0.0%
     complete  : 0=0.0%, 4=100.0%, 8=0.0%, 16=0.0%, 32=0.0%, 64=0.0%, >=64=0.0%
     issued rwts: total=48000,0,0,0 short=0,0,0,0 dropped=0,0,0,0
     latency   : target=0, window=0, percentile=100.00%, depth=1

Run status group 0 (all jobs):
   READ: bw=43.3MiB/s (45.4MB/s), 43.3MiB/s-43.3MiB/s (45.4MB/s-45.4MB/s), io=188MiB (197MB), run=4326-4326msec
