create: (g=0): rw=read, bs=(R) 4096B-4096B, (W) 4096B-4096B, (T) 4096B-4096B, ioengine=filecreate, iodepth=1
...
fio-3.41
Starting 32 threads

create: (groupid=0, jobs=32): err= 0: pid=270287: Fri Mar 13 21:42:54 2026
  read: IOPS=4353, BW=17.0MiB/s (17.8MB/s)(1000MiB/58807msec)
    clat (usec): min=81, max=66642, avg=6632.73, stdev=2570.48
    clat percentiles (usec):
     |  1.00th=[  129],  5.00th=[  176], 10.00th=[ 5800], 20.00th=[ 6456],
     | 30.00th=[ 6718], 40.00th=[ 6915], 50.00th=[ 7111], 60.00th=[ 7242],
     | 70.00th=[ 7439], 80.00th=[ 7635], 90.00th=[ 7832], 95.00th=[ 8029],
     | 99.00th=[ 8455], 99.50th=[ 8717], 99.90th=[44303], 99.95th=[56361],
     | 99.99th=[65799]
   bw (  KiB/s): min=13256, max=21165, per=100.00%, avg=17420.47, stdev=31.61, samples=3743
   iops        : min= 3314, max= 5287, avg=4355.07, stdev= 7.90, samples=3743
  cpu          : usr=8.56%, sys=1.13%, ctx=1129183, majf=0, minf=13
  IO depths    : 1=100.0%, 2=0.0%, 4=0.0%, 8=0.0%, 16=0.0%, 32=0.0%, >=64=0.0%
     submit    : 0=0.0%, 4=100.0%, 8=0.0%, 16=0.0%, 32=0.0%, 64=0.0%, >=64=0.0%
     complete  : 0=0.0%, 4=100.0%, 8=0.0%, 16=0.0%, 32=0.0%, 64=0.0%, >=64=0.0%
     issued rwts: total=256000,0,0,0 short=0,0,0,0 dropped=0,0,0,0
     latency   : target=0, window=0, percentile=100.00%, depth=1

Run status group 0 (all jobs):
   READ: bw=17.0MiB/s (17.8MB/s), 17.0MiB/s-17.0MiB/s (17.8MB/s-17.8MB/s), io=1000MiB (1049MB), run=58807-58807msec
