create: (g=0): rw=read, bs=(R) 4096B-4096B, (W) 4096B-4096B, (T) 4096B-4096B, ioengine=filecreate, iodepth=1
...
fio-3.41
Starting 26 threads

create: (groupid=0, jobs=26): err= 0: pid=34856: Fri Mar 13 17:51:55 2026
  read: IOPS=4607, BW=18.0MiB/s (18.9MB/s)(813MiB/45147msec)
    clat (usec): min=79, max=77117, avg=4924.61, stdev=2202.82
    clat percentiles (usec):
     |  1.00th=[  123],  5.00th=[  165], 10.00th=[ 3818], 20.00th=[ 4686],
     | 30.00th=[ 4948], 40.00th=[ 5080], 50.00th=[ 5276], 60.00th=[ 5407],
     | 70.00th=[ 5538], 80.00th=[ 5735], 90.00th=[ 5997], 95.00th=[ 6259],
     | 99.00th=[ 6915], 99.50th=[ 7177], 99.90th=[17695], 99.95th=[53216],
     | 99.99th=[76022]
   bw (  KiB/s): min=15294, max=23128, per=100.00%, avg=18517.72, stdev=42.05, samples=2321
   iops        : min= 3822, max= 5782, avg=4629.39, stdev=10.51, samples=2321
  cpu          : usr=10.95%, sys=1.44%, ctx=916459, majf=0, minf=0
  IO depths    : 1=100.0%, 2=0.0%, 4=0.0%, 8=0.0%, 16=0.0%, 32=0.0%, >=64=0.0%
     submit    : 0=0.0%, 4=100.0%, 8=0.0%, 16=0.0%, 32=0.0%, 64=0.0%, >=64=0.0%
     complete  : 0=0.0%, 4=100.0%, 8=0.0%, 16=0.0%, 32=0.0%, 64=0.0%, >=64=0.0%
     issued rwts: total=208000,0,0,0 short=0,0,0,0 dropped=0,0,0,0
     latency   : target=0, window=0, percentile=100.00%, depth=1

Run status group 0 (all jobs):
   READ: bw=18.0MiB/s (18.9MB/s), 18.0MiB/s-18.0MiB/s (18.9MB/s-18.9MB/s), io=813MiB (852MB), run=45147-45147msec
