create: (g=0): rw=read, bs=(R) 4096B-4096B, (W) 4096B-4096B, (T) 4096B-4096B, ioengine=filecreate, iodepth=1
...
fio-3.41
Starting 31 threads

create: (groupid=0, jobs=31): err= 0: pid=313381: Sat Mar 14 01:26:01 2026
  read: IOPS=4495, BW=17.6MiB/s (18.4MB/s)(969MiB/55164msec)
    clat (usec): min=79, max=65680, avg=6211.64, stdev=2455.06
    clat percentiles (usec):
     |  1.00th=[  125],  5.00th=[  167], 10.00th=[ 5342], 20.00th=[ 6063],
     | 30.00th=[ 6259], 40.00th=[ 6456], 50.00th=[ 6652], 60.00th=[ 6783],
     | 70.00th=[ 6980], 80.00th=[ 7111], 90.00th=[ 7373], 95.00th=[ 7635],
     | 99.00th=[ 8160], 99.50th=[ 8455], 99.90th=[39060], 99.95th=[53740],
     | 99.99th=[64750]
   bw (  KiB/s): min=12208, max=21216, per=100.00%, avg=17995.85, stdev=35.72, samples=3407
   iops        : min= 3051, max= 5304, avg=4498.95, stdev= 8.93, samples=3407
  cpu          : usr=8.64%, sys=1.22%, ctx=1096147, majf=0, minf=0
  IO depths    : 1=100.0%, 2=0.0%, 4=0.0%, 8=0.0%, 16=0.0%, 32=0.0%, >=64=0.0%
     submit    : 0=0.0%, 4=100.0%, 8=0.0%, 16=0.0%, 32=0.0%, 64=0.0%, >=64=0.0%
     complete  : 0=0.0%, 4=100.0%, 8=0.0%, 16=0.0%, 32=0.0%, 64=0.0%, >=64=0.0%
     issued rwts: total=248000,0,0,0 short=0,0,0,0 dropped=0,0,0,0
     latency   : target=0, window=0, percentile=100.00%, depth=1

Run status group 0 (all jobs):
   READ: bw=17.6MiB/s (18.4MB/s), 17.6MiB/s-17.6MiB/s (18.4MB/s-18.4MB/s), io=969MiB (1016MB), run=55164-55164msec
