create: (g=0): rw=read, bs=(R) 4096B-4096B, (W) 4096B-4096B, (T) 4096B-4096B, ioengine=filecreate, iodepth=1
...
fio-3.41
Starting 31 threads

create: (groupid=0, jobs=31): err= 0: pid=25654: Fri Mar 13 17:04:07 2026
  read: IOPS=4557, BW=17.8MiB/s (18.7MB/s)(969MiB/54414msec)
    clat (usec): min=70, max=64175, avg=6093.93, stdev=2468.45
    clat percentiles (usec):
     |  1.00th=[  125],  5.00th=[  165], 10.00th=[ 5014], 20.00th=[ 5866],
     | 30.00th=[ 6194], 40.00th=[ 6390], 50.00th=[ 6587], 60.00th=[ 6718],
     | 70.00th=[ 6849], 80.00th=[ 7046], 90.00th=[ 7308], 95.00th=[ 7504],
     | 99.00th=[ 8029], 99.50th=[ 8225], 99.90th=[31851], 99.95th=[55837],
     | 99.99th=[62653]
   bw (  KiB/s): min=15454, max=23141, per=100.00%, avg=18285.76, stdev=34.85, samples=3346
   iops        : min= 3863, max= 5784, avg=4571.40, stdev= 8.71, samples=3346
  cpu          : usr=9.00%, sys=1.22%, ctx=1093105, majf=0, minf=0
  IO depths    : 1=100.0%, 2=0.0%, 4=0.0%, 8=0.0%, 16=0.0%, 32=0.0%, >=64=0.0%
     submit    : 0=0.0%, 4=100.0%, 8=0.0%, 16=0.0%, 32=0.0%, 64=0.0%, >=64=0.0%
     complete  : 0=0.0%, 4=100.0%, 8=0.0%, 16=0.0%, 32=0.0%, 64=0.0%, >=64=0.0%
     issued rwts: total=248000,0,0,0 short=0,0,0,0 dropped=0,0,0,0
     latency   : target=0, window=0, percentile=100.00%, depth=1

Run status group 0 (all jobs):
   READ: bw=17.8MiB/s (18.7MB/s), 17.8MiB/s-17.8MiB/s (18.7MB/s-18.7MB/s), io=969MiB (1016MB), run=54414-54414msec
