create: (g=0): rw=read, bs=(R) 4096B-4096B, (W) 4096B-4096B, (T) 4096B-4096B, ioengine=filecreate, iodepth=1
...
fio-3.41
Starting 8 threads

create: (groupid=0, jobs=8): err= 0: pid=307565: Sat Mar 14 01:00:54 2026
  read: IOPS=6851, BW=26.8MiB/s (28.1MB/s)(250MiB/9341msec)
    clat (usec): min=63, max=63229, avg=437.12, stdev=766.52
    clat percentiles (usec):
     |  1.00th=[   96],  5.00th=[  118], 10.00th=[  141], 20.00th=[  186],
     | 30.00th=[  237], 40.00th=[  285], 50.00th=[  326], 60.00th=[  379],
     | 70.00th=[  461], 80.00th=[  586], 90.00th=[  898], 95.00th=[ 1188],
     | 99.00th=[ 1532], 99.50th=[ 1647], 99.90th=[ 1958], 99.95th=[ 2999],
     | 99.99th=[52691]
   bw (  KiB/s): min=14403, max=51064, per=100.00%, avg=29674.90, stdev=1217.20, samples=134
   iops        : min= 3600, max=12766, avg=7418.61, stdev=304.30, samples=134
  cpu          : usr=52.03%, sys=3.70%, ctx=267013, majf=0, minf=0
  IO depths    : 1=100.0%, 2=0.0%, 4=0.0%, 8=0.0%, 16=0.0%, 32=0.0%, >=64=0.0%
     submit    : 0=0.0%, 4=100.0%, 8=0.0%, 16=0.0%, 32=0.0%, 64=0.0%, >=64=0.0%
     complete  : 0=0.0%, 4=100.0%, 8=0.0%, 16=0.0%, 32=0.0%, 64=0.0%, >=64=0.0%
     issued rwts: total=64000,0,0,0 short=0,0,0,0 dropped=0,0,0,0
     latency   : target=0, window=0, percentile=100.00%, depth=1

Run status group 0 (all jobs):
   READ: bw=26.8MiB/s (28.1MB/s), 26.8MiB/s-26.8MiB/s (28.1MB/s-28.1MB/s), io=250MiB (262MB), run=9341-9341msec
