create: (g=0): rw=read, bs=(R) 4096B-4096B, (W) 4096B-4096B, (T) 4096B-4096B, ioengine=filecreate, iodepth=1
...
fio-3.41
Starting 31 threads

create: (groupid=0, jobs=31): err= 0: pid=36504: Fri Mar 13 18:01:40 2026
  read: IOPS=5912, BW=23.1MiB/s (24.2MB/s)(969MiB/41942msec)
    clat (usec): min=41, max=62219, avg=4661.93, stdev=2840.20
    clat percentiles (usec):
     |  1.00th=[   57],  5.00th=[   82], 10.00th=[  111], 20.00th=[ 3752],
     | 30.00th=[ 4490], 40.00th=[ 4817], 50.00th=[ 5211], 60.00th=[ 5604],
     | 70.00th=[ 6128], 80.00th=[ 6521], 90.00th=[ 6849], 95.00th=[ 7111],
     | 99.00th=[ 7570], 99.50th=[ 7767], 99.90th=[40109], 99.95th=[53216],
     | 99.99th=[61604]
   bw (  KiB/s): min=16350, max=29784, per=100.00%, avg=23761.12, stdev=92.84, samples=2559
   iops        : min= 4084, max= 7446, avg=5940.15, stdev=23.21, samples=2559
  cpu          : usr=9.08%, sys=1.57%, ctx=1302726, majf=0, minf=0
  IO depths    : 1=100.0%, 2=0.0%, 4=0.0%, 8=0.0%, 16=0.0%, 32=0.0%, >=64=0.0%
     submit    : 0=0.0%, 4=100.0%, 8=0.0%, 16=0.0%, 32=0.0%, 64=0.0%, >=64=0.0%
     complete  : 0=0.0%, 4=100.0%, 8=0.0%, 16=0.0%, 32=0.0%, 64=0.0%, >=64=0.0%
     issued rwts: total=248000,0,0,0 short=0,0,0,0 dropped=0,0,0,0
     latency   : target=0, window=0, percentile=100.00%, depth=1

Run status group 0 (all jobs):
   READ: bw=23.1MiB/s (24.2MB/s), 23.1MiB/s-23.1MiB/s (24.2MB/s-24.2MB/s), io=969MiB (1016MB), run=41942-41942msec
