create: (g=0): rw=read, bs=(R) 4096B-4096B, (W) 4096B-4096B, (T) 4096B-4096B, ioengine=filecreate, iodepth=1
...
fio-3.41
Starting 25 threads

create: (groupid=0, jobs=25): err= 0: pid=300976: Sat Mar 14 00:20:18 2026
  read: IOPS=6424, BW=25.1MiB/s (26.3MB/s)(781MiB/31130msec)
    clat (usec): min=43, max=53153, avg=3361.01, stdev=2253.39
    clat percentiles (usec):
     |  1.00th=[   53],  5.00th=[   70], 10.00th=[   92], 20.00th=[ 2245],
     | 30.00th=[ 3097], 40.00th=[ 3425], 50.00th=[ 3785], 60.00th=[ 4146],
     | 70.00th=[ 4424], 80.00th=[ 4752], 90.00th=[ 5080], 95.00th=[ 5342],
     | 99.00th=[ 5800], 99.50th=[ 5932], 99.90th=[41681], 99.95th=[45876],
     | 99.99th=[51119]
   bw (  KiB/s): min=18643, max=32200, per=100.00%, avg=25882.18, stdev=120.91, samples=1533
   iops        : min= 4660, max= 8050, avg=6470.53, stdev=30.23, samples=1533
  cpu          : usr=11.16%, sys=1.90%, ctx=1050397, majf=0, minf=0
  IO depths    : 1=100.0%, 2=0.0%, 4=0.0%, 8=0.0%, 16=0.0%, 32=0.0%, >=64=0.0%
     submit    : 0=0.0%, 4=100.0%, 8=0.0%, 16=0.0%, 32=0.0%, 64=0.0%, >=64=0.0%
     complete  : 0=0.0%, 4=100.0%, 8=0.0%, 16=0.0%, 32=0.0%, 64=0.0%, >=64=0.0%
     issued rwts: total=200000,0,0,0 short=0,0,0,0 dropped=0,0,0,0
     latency   : target=0, window=0, percentile=100.00%, depth=1

Run status group 0 (all jobs):
   READ: bw=25.1MiB/s (26.3MB/s), 25.1MiB/s-25.1MiB/s (26.3MB/s-26.3MB/s), io=781MiB (819MB), run=31130-31130msec
