create: (g=0): rw=read, bs=(R) 4096B-4096B, (W) 4096B-4096B, (T) 4096B-4096B, ioengine=filecreate, iodepth=1
...
fio-3.41
Starting 3 threads

create: (groupid=0, jobs=3): err= 0: pid=295907: Sat Mar 14 00:03:31 2026
  read: IOPS=5934, BW=23.2MiB/s (24.3MB/s)(93.8MiB/4044msec)
    clat (usec): min=36, max=30350, avg=61.64, stdev=246.17
    clat percentiles (usec):
     |  1.00th=[   41],  5.00th=[   43], 10.00th=[   45], 20.00th=[   46],
     | 30.00th=[   47], 40.00th=[   48], 50.00th=[   49], 60.00th=[   53],
     | 70.00th=[   62], 80.00th=[   75], 90.00th=[   91], 95.00th=[  103],
     | 99.00th=[  129], 99.50th=[  141], 99.90th=[  196], 99.95th=[  429],
     | 99.99th=[  938]
   bw (  KiB/s): min=11824, max=52784, per=99.21%, avg=23551.43, stdev=4586.26, samples=22
   iops        : min= 2956, max=13196, avg=5887.86, stdev=1146.56, samples=22
  cpu          : usr=76.23%, sys=6.41%, ctx=105280, majf=0, minf=0
  IO depths    : 1=100.0%, 2=0.0%, 4=0.0%, 8=0.0%, 16=0.0%, 32=0.0%, >=64=0.0%
     submit    : 0=0.0%, 4=100.0%, 8=0.0%, 16=0.0%, 32=0.0%, 64=0.0%, >=64=0.0%
     complete  : 0=0.0%, 4=100.0%, 8=0.0%, 16=0.0%, 32=0.0%, 64=0.0%, >=64=0.0%
     issued rwts: total=24000,0,0,0 short=0,0,0,0 dropped=0,0,0,0
     latency   : target=0, window=0, percentile=100.00%, depth=1

Run status group 0 (all jobs):
   READ: bw=23.2MiB/s (24.3MB/s), 23.2MiB/s-23.2MiB/s (24.3MB/s-24.3MB/s), io=93.8MiB (98.3MB), run=4044-4044msec
