create: (g=0): rw=read, bs=(R) 4096B-4096B, (W) 4096B-4096B, (T) 4096B-4096B, ioengine=filecreate, iodepth=1
...
fio-3.41
Starting 26 threads

create: (groupid=0, jobs=26): err= 0: pid=49406: Fri Mar 13 18:49:46 2026
  read: IOPS=4861, BW=19.0MiB/s (19.9MB/s)(813MiB/42789msec)
    clat (usec): min=52, max=57969, avg=4563.56, stdev=2135.27
    clat percentiles (usec):
     |  1.00th=[  112],  5.00th=[  159], 10.00th=[  562], 20.00th=[ 3785],
     | 30.00th=[ 4359], 40.00th=[ 4686], 50.00th=[ 5014], 60.00th=[ 5276],
     | 70.00th=[ 5538], 80.00th=[ 5866], 90.00th=[ 6194], 95.00th=[ 6390],
     | 99.00th=[ 7177], 99.50th=[ 8586], 99.90th=[16319], 99.95th=[36439],
     | 99.99th=[55837]
   bw (  KiB/s): min=15301, max=38644, per=100.00%, avg=19636.59, stdev=119.52, samples=2182
   iops        : min= 3824, max= 9661, avg=4909.05, stdev=29.88, samples=2182
  cpu          : usr=12.09%, sys=1.33%, ctx=913914, majf=0, minf=0
  IO depths    : 1=100.0%, 2=0.0%, 4=0.0%, 8=0.0%, 16=0.0%, 32=0.0%, >=64=0.0%
     submit    : 0=0.0%, 4=100.0%, 8=0.0%, 16=0.0%, 32=0.0%, 64=0.0%, >=64=0.0%
     complete  : 0=0.0%, 4=100.0%, 8=0.0%, 16=0.0%, 32=0.0%, 64=0.0%, >=64=0.0%
     issued rwts: total=208000,0,0,0 short=0,0,0,0 dropped=0,0,0,0
     latency   : target=0, window=0, percentile=100.00%, depth=1

Run status group 0 (all jobs):
   READ: bw=19.0MiB/s (19.9MB/s), 19.0MiB/s-19.0MiB/s (19.9MB/s-19.9MB/s), io=813MiB (852MB), run=42789-42789msec
