create: (g=0): rw=read, bs=(R) 4096B-4096B, (W) 4096B-4096B, (T) 4096B-4096B, ioengine=filecreate, iodepth=1
...
fio-3.41
Starting 32 threads

create: (groupid=0, jobs=32): err= 0: pid=292222: Fri Mar 13 23:36:51 2026
  read: IOPS=5680, BW=22.2MiB/s (23.3MB/s)(1000MiB/45067msec)
    clat (usec): min=43, max=69608, avg=5051.48, stdev=2931.39
    clat percentiles (usec):
     |  1.00th=[   62],  5.00th=[   88], 10.00th=[  116], 20.00th=[ 4228],
     | 30.00th=[ 4948], 40.00th=[ 5342], 50.00th=[ 5735], 60.00th=[ 6194],
     | 70.00th=[ 6652], 80.00th=[ 6980], 90.00th=[ 7242], 95.00th=[ 7504],
     | 99.00th=[ 7963], 99.50th=[ 8160], 99.90th=[37487], 99.95th=[47973],
     | 99.99th=[65274]
   bw (  KiB/s): min=16096, max=30160, per=100.00%, avg=22806.82, stdev=83.96, samples=2852
   iops        : min= 4022, max= 7540, avg=5701.68, stdev=20.99, samples=2852
  cpu          : usr=8.62%, sys=1.53%, ctx=1346097, majf=0, minf=0
  IO depths    : 1=100.0%, 2=0.0%, 4=0.0%, 8=0.0%, 16=0.0%, 32=0.0%, >=64=0.0%
     submit    : 0=0.0%, 4=100.0%, 8=0.0%, 16=0.0%, 32=0.0%, 64=0.0%, >=64=0.0%
     complete  : 0=0.0%, 4=100.0%, 8=0.0%, 16=0.0%, 32=0.0%, 64=0.0%, >=64=0.0%
     issued rwts: total=256000,0,0,0 short=0,0,0,0 dropped=0,0,0,0
     latency   : target=0, window=0, percentile=100.00%, depth=1

Run status group 0 (all jobs):
   READ: bw=22.2MiB/s (23.3MB/s), 22.2MiB/s-22.2MiB/s (23.3MB/s-23.3MB/s), io=1000MiB (1049MB), run=45067-45067msec
