create: (g=0): rw=read, bs=(R) 4096B-4096B, (W) 4096B-4096B, (T) 4096B-4096B, ioengine=filecreate, iodepth=1
...
fio-3.41
Starting 14 threads

create: (groupid=0, jobs=14): err= 0: pid=115328: Fri Mar 13 19:30:40 2026
  read: IOPS=9016, BW=35.2MiB/s (36.9MB/s)(438MiB/12422msec)
    clat (usec): min=36, max=58115, avg=1077.39, stdev=963.88
    clat percentiles (usec):
     |  1.00th=[   48],  5.00th=[   51], 10.00th=[   55], 20.00th=[   70],
     | 30.00th=[  155], 40.00th=[ 1139], 50.00th=[ 1336], 60.00th=[ 1483],
     | 70.00th=[ 1614], 80.00th=[ 1745], 90.00th=[ 1876], 95.00th=[ 1991],
     | 99.00th=[ 2147], 99.50th=[ 2212], 99.90th=[ 2507], 99.95th=[ 6456],
     | 99.99th=[42730]
   bw (  KiB/s): min=26847, max=60408, per=100.00%, avg=36925.51, stdev=510.55, samples=328
   iops        : min= 6709, max=15102, avg=9231.18, stdev=127.65, samples=328
  cpu          : usr=23.57%, sys=3.09%, ctx=580883, majf=0, minf=0
  IO depths    : 1=100.0%, 2=0.0%, 4=0.0%, 8=0.0%, 16=0.0%, 32=0.0%, >=64=0.0%
     submit    : 0=0.0%, 4=100.0%, 8=0.0%, 16=0.0%, 32=0.0%, 64=0.0%, >=64=0.0%
     complete  : 0=0.0%, 4=100.0%, 8=0.0%, 16=0.0%, 32=0.0%, 64=0.0%, >=64=0.0%
     issued rwts: total=112000,0,0,0 short=0,0,0,0 dropped=0,0,0,0
     latency   : target=0, window=0, percentile=100.00%, depth=1

Run status group 0 (all jobs):
   READ: bw=35.2MiB/s (36.9MB/s), 35.2MiB/s-35.2MiB/s (36.9MB/s-36.9MB/s), io=438MiB (459MB), run=12422-12422msec
