create: (g=0): rw=read, bs=(R) 4096B-4096B, (W) 4096B-4096B, (T) 4096B-4096B, ioengine=filecreate, iodepth=1
...
fio-3.41
Starting 29 threads

create: (groupid=0, jobs=29): err= 0: pid=25068: Fri Mar 13 17:00:21 2026
  read: IOPS=4487, BW=17.5MiB/s (18.4MB/s)(906MiB/51700msec)
    clat (usec): min=57, max=65939, avg=5719.02, stdev=2274.91
    clat percentiles (usec):
     |  1.00th=[  125],  5.00th=[  167], 10.00th=[ 4621], 20.00th=[ 5407],
     | 30.00th=[ 5735], 40.00th=[ 5932], 50.00th=[ 6128], 60.00th=[ 6325],
     | 70.00th=[ 6521], 80.00th=[ 6718], 90.00th=[ 6980], 95.00th=[ 7177],
     | 99.00th=[ 7635], 99.50th=[ 7898], 99.90th=[19530], 99.95th=[47973],
     | 99.99th=[65274]
   bw (  KiB/s): min=15029, max=22450, per=100.00%, avg=17992.52, stdev=36.02, samples=2963
   iops        : min= 3756, max= 5609, avg=4498.05, stdev= 8.99, samples=2963
  cpu          : usr=10.00%, sys=1.30%, ctx=1019877, majf=0, minf=12
  IO depths    : 1=100.0%, 2=0.0%, 4=0.0%, 8=0.0%, 16=0.0%, 32=0.0%, >=64=0.0%
     submit    : 0=0.0%, 4=100.0%, 8=0.0%, 16=0.0%, 32=0.0%, 64=0.0%, >=64=0.0%
     complete  : 0=0.0%, 4=100.0%, 8=0.0%, 16=0.0%, 32=0.0%, 64=0.0%, >=64=0.0%
     issued rwts: total=232000,0,0,0 short=0,0,0,0 dropped=0,0,0,0
     latency   : target=0, window=0, percentile=100.00%, depth=1

Run status group 0 (all jobs):
   READ: bw=17.5MiB/s (18.4MB/s), 17.5MiB/s-17.5MiB/s (18.4MB/s-18.4MB/s), io=906MiB (950MB), run=51700-51700msec
