create: (g=0): rw=read, bs=(R) 4096B-4096B, (W) 4096B-4096B, (T) 4096B-4096B, ioengine=filecreate, iodepth=1
...
fio-3.41
Starting 23 threads

create: (groupid=0, jobs=23): err= 0: pid=267712: Fri Mar 13 21:27:34 2026
  read: IOPS=4828, BW=18.9MiB/s (19.8MB/s)(719MiB/38111msec)
    clat (usec): min=50, max=67204, avg=3975.41, stdev=2015.93
    clat percentiles (usec):
     |  1.00th=[  118],  5.00th=[  161], 10.00th=[  408], 20.00th=[ 3785],
     | 30.00th=[ 4113], 40.00th=[ 4293], 50.00th=[ 4424], 60.00th=[ 4621],
     | 70.00th=[ 4752], 80.00th=[ 4883], 90.00th=[ 5080], 95.00th=[ 5276],
     | 99.00th=[ 5604], 99.50th=[ 5800], 99.90th=[16057], 99.95th=[45876],
     | 99.99th=[62653]
   bw (  KiB/s): min=15446, max=41472, per=100.00%, avg=19459.63, stdev=151.81, samples=1721
   iops        : min= 3860, max=10368, avg=4864.85, stdev=37.95, samples=1721
  cpu          : usr=13.85%, sys=1.66%, ctx=810076, majf=0, minf=0
  IO depths    : 1=100.0%, 2=0.0%, 4=0.0%, 8=0.0%, 16=0.0%, 32=0.0%, >=64=0.0%
     submit    : 0=0.0%, 4=100.0%, 8=0.0%, 16=0.0%, 32=0.0%, 64=0.0%, >=64=0.0%
     complete  : 0=0.0%, 4=100.0%, 8=0.0%, 16=0.0%, 32=0.0%, 64=0.0%, >=64=0.0%
     issued rwts: total=184000,0,0,0 short=0,0,0,0 dropped=0,0,0,0
     latency   : target=0, window=0, percentile=100.00%, depth=1

Run status group 0 (all jobs):
   READ: bw=18.9MiB/s (19.8MB/s), 18.9MiB/s-18.9MiB/s (19.8MB/s-19.8MB/s), io=719MiB (754MB), run=38111-38111msec
