create: (g=0): rw=read, bs=(R) 4096B-4096B, (W) 4096B-4096B, (T) 4096B-4096B, ioengine=filecreate, iodepth=1
...
fio-3.41
Starting 2 threads

create: (groupid=0, jobs=2): err= 0: pid=18521: Fri Mar 13 16:36:54 2026
  read: IOPS=3192, BW=12.5MiB/s (13.1MB/s)(62.5MiB/5011msec)
    clat (usec): min=52, max=60171, avg=166.50, stdev=697.99
    clat percentiles (usec):
     |  1.00th=[   67],  5.00th=[   72], 10.00th=[   81], 20.00th=[   96],
     | 30.00th=[  114], 40.00th=[  141], 50.00th=[  157], 60.00th=[  169],
     | 70.00th=[  184], 80.00th=[  200], 90.00th=[  241], 95.00th=[  265],
     | 99.00th=[  289], 99.50th=[  302], 99.90th=[  383], 99.95th=[  996],
     | 99.99th=[42730]
   bw (  KiB/s): min= 7216, max=29048, per=99.40%, avg=12695.20, stdev=3115.62, samples=19
   iops        : min= 1804, max= 7262, avg=3173.80, stdev=778.90, samples=19
  cpu          : usr=60.93%, sys=3.48%, ctx=57310, majf=0, minf=0
  IO depths    : 1=100.0%, 2=0.0%, 4=0.0%, 8=0.0%, 16=0.0%, 32=0.0%, >=64=0.0%
     submit    : 0=0.0%, 4=100.0%, 8=0.0%, 16=0.0%, 32=0.0%, 64=0.0%, >=64=0.0%
     complete  : 0=0.0%, 4=100.0%, 8=0.0%, 16=0.0%, 32=0.0%, 64=0.0%, >=64=0.0%
     issued rwts: total=16000,0,0,0 short=0,0,0,0 dropped=0,0,0,0
     latency   : target=0, window=0, percentile=100.00%, depth=1

Run status group 0 (all jobs):
   READ: bw=12.5MiB/s (13.1MB/s), 12.5MiB/s-12.5MiB/s (13.1MB/s-13.1MB/s), io=62.5MiB (65.5MB), run=5011-5011msec
