create: (g=0): rw=read, bs=(R) 4096B-4096B, (W) 4096B-4096B, (T) 4096B-4096B, ioengine=filecreate, iodepth=1
...
fio-3.41
Starting 27 threads

create: (groupid=0, jobs=27): err= 0: pid=53186: Fri Mar 13 18:51:58 2026
  read: IOPS=6385, BW=24.9MiB/s (26.2MB/s)(844MiB/33824msec)
    clat (usec): min=40, max=66403, avg=3693.39, stdev=2419.90
    clat percentiles (usec):
     |  1.00th=[   54],  5.00th=[   70], 10.00th=[   97], 20.00th=[ 2737],
     | 30.00th=[ 3556], 40.00th=[ 3916], 50.00th=[ 4178], 60.00th=[ 4490],
     | 70.00th=[ 4752], 80.00th=[ 5080], 90.00th=[ 5407], 95.00th=[ 5800],
     | 99.00th=[ 6456], 99.50th=[ 6915], 99.90th=[30016], 99.95th=[49021],
     | 99.99th=[63177]
   bw (  KiB/s): min=16885, max=31088, per=100.00%, avg=25665.88, stdev=96.25, samples=1802
   iops        : min= 4216, max= 7772, avg=6416.39, stdev=24.07, samples=1802
  cpu          : usr=10.40%, sys=1.75%, ctx=1133258, majf=0, minf=0
  IO depths    : 1=100.0%, 2=0.0%, 4=0.0%, 8=0.0%, 16=0.0%, 32=0.0%, >=64=0.0%
     submit    : 0=0.0%, 4=100.0%, 8=0.0%, 16=0.0%, 32=0.0%, 64=0.0%, >=64=0.0%
     complete  : 0=0.0%, 4=100.0%, 8=0.0%, 16=0.0%, 32=0.0%, 64=0.0%, >=64=0.0%
     issued rwts: total=216000,0,0,0 short=0,0,0,0 dropped=0,0,0,0
     latency   : target=0, window=0, percentile=100.00%, depth=1

Run status group 0 (all jobs):
   READ: bw=24.9MiB/s (26.2MB/s), 24.9MiB/s-24.9MiB/s (26.2MB/s-26.2MB/s), io=844MiB (885MB), run=33824-33824msec
