create: (g=0): rw=read, bs=(R) 4096B-4096B, (W) 4096B-4096B, (T) 4096B-4096B, ioengine=filecreate, iodepth=1
...
fio-3.41
Starting 28 threads

create: (groupid=0, jobs=28): err= 0: pid=280158: Fri Mar 13 22:32:23 2026
  read: IOPS=6070, BW=23.7MiB/s (24.9MB/s)(875MiB/36897msec)
    clat (usec): min=40, max=60344, avg=4048.49, stdev=2594.68
    clat percentiles (usec):
     |  1.00th=[   56],  5.00th=[   77], 10.00th=[  108], 20.00th=[ 2933],
     | 30.00th=[ 3785], 40.00th=[ 4146], 50.00th=[ 4490], 60.00th=[ 4883],
     | 70.00th=[ 5342], 80.00th=[ 5800], 90.00th=[ 6128], 95.00th=[ 6390],
     | 99.00th=[ 6783], 99.50th=[ 6980], 99.90th=[32900], 99.95th=[53216],
     | 99.99th=[58459]
   bw (  KiB/s): min=17260, max=33088, per=100.00%, avg=24416.18, stdev=116.65, samples=2043
   iops        : min= 4310, max= 8272, avg=6103.97, stdev=29.17, samples=2043
  cpu          : usr=10.07%, sys=1.75%, ctx=1177645, majf=0, minf=0
  IO depths    : 1=100.0%, 2=0.0%, 4=0.0%, 8=0.0%, 16=0.0%, 32=0.0%, >=64=0.0%
     submit    : 0=0.0%, 4=100.0%, 8=0.0%, 16=0.0%, 32=0.0%, 64=0.0%, >=64=0.0%
     complete  : 0=0.0%, 4=100.0%, 8=0.0%, 16=0.0%, 32=0.0%, 64=0.0%, >=64=0.0%
     issued rwts: total=224000,0,0,0 short=0,0,0,0 dropped=0,0,0,0
     latency   : target=0, window=0, percentile=100.00%, depth=1

Run status group 0 (all jobs):
   READ: bw=23.7MiB/s (24.9MB/s), 23.7MiB/s-23.7MiB/s (24.9MB/s-24.9MB/s), io=875MiB (918MB), run=36897-36897msec
