create: (g=0): rw=read, bs=(R) 4096B-4096B, (W) 4096B-4096B, (T) 4096B-4096B, ioengine=filecreate, iodepth=1
...
fio-3.41
Starting 14 threads

create: (groupid=0, jobs=14): err= 0: pid=31994: Fri Mar 13 17:38:17 2026
  read: IOPS=8993, BW=35.1MiB/s (36.8MB/s)(438MiB/12454msec)
    clat (usec): min=37, max=53122, avg=1079.12, stdev=910.15
    clat percentiles (usec):
     |  1.00th=[   48],  5.00th=[   51], 10.00th=[   55], 20.00th=[   70],
     | 30.00th=[  147], 40.00th=[ 1139], 50.00th=[ 1336], 60.00th=[ 1483],
     | 70.00th=[ 1614], 80.00th=[ 1745], 90.00th=[ 1893], 95.00th=[ 1991],
     | 99.00th=[ 2180], 99.50th=[ 2245], 99.90th=[ 3097], 99.95th=[ 5145],
     | 99.99th=[35390]
   bw (  KiB/s): min=24872, max=64224, per=100.00%, avg=36725.34, stdev=549.60, samples=327
   iops        : min= 6216, max=16056, avg=9181.10, stdev=137.41, samples=327
  cpu          : usr=23.43%, sys=3.08%, ctx=580397, majf=0, minf=0
  IO depths    : 1=100.0%, 2=0.0%, 4=0.0%, 8=0.0%, 16=0.0%, 32=0.0%, >=64=0.0%
     submit    : 0=0.0%, 4=100.0%, 8=0.0%, 16=0.0%, 32=0.0%, 64=0.0%, >=64=0.0%
     complete  : 0=0.0%, 4=100.0%, 8=0.0%, 16=0.0%, 32=0.0%, 64=0.0%, >=64=0.0%
     issued rwts: total=112000,0,0,0 short=0,0,0,0 dropped=0,0,0,0
     latency   : target=0, window=0, percentile=100.00%, depth=1

Run status group 0 (all jobs):
   READ: bw=35.1MiB/s (36.8MB/s), 35.1MiB/s-35.1MiB/s (36.8MB/s-36.8MB/s), io=438MiB (459MB), run=12454-12454msec
