create: (g=0): rw=read, bs=(R) 4096B-4096B, (W) 4096B-4096B, (T) 4096B-4096B, ioengine=filecreate, iodepth=1
...
fio-3.41
Starting 64 threads

create: (groupid=0, jobs=64): err= 0: pid=29191: Fri Mar 13 17:33:01 2026
  read: IOPS=5669, BW=22.1MiB/s (23.2MB/s)(2000MiB/90308msec)
    clat (usec): min=45, max=118750, avg=10199.72, stdev=4748.14
    clat percentiles (usec):
     |  1.00th=[    76],  5.00th=[   109], 10.00th=[   135], 20.00th=[  9634],
     | 30.00th=[ 10290], 40.00th=[ 10945], 50.00th=[ 11338], 60.00th=[ 11863],
     | 70.00th=[ 12387], 80.00th=[ 13042], 90.00th=[ 13566], 95.00th=[ 13960],
     | 99.00th=[ 14746], 99.50th=[ 16909], 99.90th=[ 40633], 99.95th=[ 62129],
     | 99.99th=[117965]
   bw (  KiB/s): min=15197, max=31615, per=100.00%, avg=22747.32, stdev=35.27, samples=11502
   iops        : min= 3796, max= 7903, avg=5686.76, stdev= 8.82, samples=11502
  cpu          : usr=8.53%, sys=0.83%, ctx=2715540, majf=0, minf=0
  IO depths    : 1=100.0%, 2=0.0%, 4=0.0%, 8=0.0%, 16=0.0%, 32=0.0%, >=64=0.0%
     submit    : 0=0.0%, 4=100.0%, 8=0.0%, 16=0.0%, 32=0.0%, 64=0.0%, >=64=0.0%
     complete  : 0=0.0%, 4=100.0%, 8=0.0%, 16=0.0%, 32=0.0%, 64=0.0%, >=64=0.0%
     issued rwts: total=512000,0,0,0 short=0,0,0,0 dropped=0,0,0,0
     latency   : target=0, window=0, percentile=100.00%, depth=1

Run status group 0 (all jobs):
   READ: bw=22.1MiB/s (23.2MB/s), 22.1MiB/s-22.1MiB/s (23.2MB/s-23.2MB/s), io=2000MiB (2097MB), run=90308-90308msec
