create: (g=0): rw=read, bs=(R) 4096B-4096B, (W) 4096B-4096B, (T) 4096B-4096B, ioengine=filecreate, iodepth=1
...
fio-3.41
Starting 25 threads

create: (groupid=0, jobs=25): err= 0: pid=34583: Fri Mar 13 17:50:23 2026
  read: IOPS=4614, BW=18.0MiB/s (18.9MB/s)(781MiB/43344msec)
    clat (usec): min=70, max=66270, avg=4708.59, stdev=2068.97
    clat percentiles (usec):
     |  1.00th=[  123],  5.00th=[  163], 10.00th=[ 3818], 20.00th=[ 4490],
     | 30.00th=[ 4752], 40.00th=[ 4883], 50.00th=[ 5014], 60.00th=[ 5145],
     | 70.00th=[ 5276], 80.00th=[ 5473], 90.00th=[ 5735], 95.00th=[ 5932],
     | 99.00th=[ 6390], 99.50th=[ 6587], 99.90th=[17957], 99.95th=[49546],
     | 99.99th=[60556]
   bw (  KiB/s): min=14853, max=21136, per=100.00%, avg=18476.50, stdev=41.73, samples=2145
   iops        : min= 3712, max= 5284, avg=4619.11, stdev=10.43, samples=2145
  cpu          : usr=11.32%, sys=1.50%, ctx=881524, majf=0, minf=0
  IO depths    : 1=100.0%, 2=0.0%, 4=0.0%, 8=0.0%, 16=0.0%, 32=0.0%, >=64=0.0%
     submit    : 0=0.0%, 4=100.0%, 8=0.0%, 16=0.0%, 32=0.0%, 64=0.0%, >=64=0.0%
     complete  : 0=0.0%, 4=100.0%, 8=0.0%, 16=0.0%, 32=0.0%, 64=0.0%, >=64=0.0%
     issued rwts: total=200000,0,0,0 short=0,0,0,0 dropped=0,0,0,0
     latency   : target=0, window=0, percentile=100.00%, depth=1

Run status group 0 (all jobs):
   READ: bw=18.0MiB/s (18.9MB/s), 18.0MiB/s-18.0MiB/s (18.9MB/s-18.9MB/s), io=781MiB (819MB), run=43344-43344msec
