create: (g=0): rw=read, bs=(R) 4096B-4096B, (W) 4096B-4096B, (T) 4096B-4096B, ioengine=filecreate, iodepth=1
...
fio-3.41
Starting 29 threads

create: (groupid=0, jobs=29): err= 0: pid=291317: Fri Mar 13 23:30:57 2026
  read: IOPS=5934, BW=23.2MiB/s (24.3MB/s)(906MiB/39093msec)
    clat (usec): min=40, max=60813, avg=4314.83, stdev=2517.14
    clat percentiles (usec):
     |  1.00th=[   57],  5.00th=[   80], 10.00th=[  110], 20.00th=[ 3392],
     | 30.00th=[ 4178], 40.00th=[ 4555], 50.00th=[ 4883], 60.00th=[ 5211],
     | 70.00th=[ 5604], 80.00th=[ 5997], 90.00th=[ 6390], 95.00th=[ 6652],
     | 99.00th=[ 7177], 99.50th=[ 7308], 99.90th=[23725], 99.95th=[37487],
     | 99.99th=[49546]
   bw (  KiB/s): min=17957, max=30912, per=100.00%, avg=23860.70, stdev=92.40, samples=2235
   iops        : min= 4488, max= 7728, avg=5965.15, stdev=23.10, samples=2235
  cpu          : usr=9.60%, sys=1.73%, ctx=1220489, majf=0, minf=0
  IO depths    : 1=100.0%, 2=0.0%, 4=0.0%, 8=0.0%, 16=0.0%, 32=0.0%, >=64=0.0%
     submit    : 0=0.0%, 4=100.0%, 8=0.0%, 16=0.0%, 32=0.0%, 64=0.0%, >=64=0.0%
     complete  : 0=0.0%, 4=100.0%, 8=0.0%, 16=0.0%, 32=0.0%, 64=0.0%, >=64=0.0%
     issued rwts: total=232000,0,0,0 short=0,0,0,0 dropped=0,0,0,0
     latency   : target=0, window=0, percentile=100.00%, depth=1

Run status group 0 (all jobs):
   READ: bw=23.2MiB/s (24.3MB/s), 23.2MiB/s-23.2MiB/s (24.3MB/s-24.3MB/s), io=906MiB (950MB), run=39093-39093msec
