create: (g=0): rw=read, bs=(R) 4096B-4096B, (W) 4096B-4096B, (T) 4096B-4096B, ioengine=filecreate, iodepth=1
...
fio-3.41
Starting 15 threads

create: (groupid=0, jobs=15): err= 0: pid=32072: Fri Mar 13 17:38:48 2026
  read: IOPS=4791, BW=18.7MiB/s (19.6MB/s)(469MiB/25043msec)
    clat (usec): min=75, max=58019, avg=2190.95, stdev=1426.82
    clat percentiles (usec):
     |  1.00th=[  124],  5.00th=[  167], 10.00th=[  258], 20.00th=[  881],
     | 30.00th=[ 1958], 40.00th=[ 2376], 50.00th=[ 2573], 60.00th=[ 2704],
     | 70.00th=[ 2868], 80.00th=[ 2999], 90.00th=[ 3195], 95.00th=[ 3359],
     | 99.00th=[ 3621], 99.50th=[ 3720], 99.90th=[12911], 99.95th=[14222],
     | 99.99th=[56886]
   bw (  KiB/s): min=14917, max=27040, per=100.00%, avg=19491.77, stdev=159.00, samples=731
   iops        : min= 3728, max= 6760, avg=4872.88, stdev=39.76, samples=731
  cpu          : usr=25.87%, sys=2.09%, ctx=524426, majf=0, minf=0
  IO depths    : 1=100.0%, 2=0.0%, 4=0.0%, 8=0.0%, 16=0.0%, 32=0.0%, >=64=0.0%
     submit    : 0=0.0%, 4=100.0%, 8=0.0%, 16=0.0%, 32=0.0%, 64=0.0%, >=64=0.0%
     complete  : 0=0.0%, 4=100.0%, 8=0.0%, 16=0.0%, 32=0.0%, 64=0.0%, >=64=0.0%
     issued rwts: total=120000,0,0,0 short=0,0,0,0 dropped=0,0,0,0
     latency   : target=0, window=0, percentile=100.00%, depth=1

Run status group 0 (all jobs):
   READ: bw=18.7MiB/s (19.6MB/s), 18.7MiB/s-18.7MiB/s (19.6MB/s-19.6MB/s), io=469MiB (492MB), run=25043-25043msec
