create: (g=0): rw=read, bs=(R) 4096B-4096B, (W) 4096B-4096B, (T) 4096B-4096B, ioengine=filecreate, iodepth=1
...
fio-3.41
Starting 7 threads

create: (groupid=0, jobs=7): err= 0: pid=195454: Fri Mar 13 20:21:06 2026
  read: IOPS=7979, BW=31.2MiB/s (32.7MB/s)(219MiB/7018msec)
    clat (usec): min=36, max=44069, avg=67.63, stdev=253.11
    clat percentiles (usec):
     |  1.00th=[   43],  5.00th=[   45], 10.00th=[   46], 20.00th=[   47],
     | 30.00th=[   49], 40.00th=[   50], 50.00th=[   52], 60.00th=[   58],
     | 70.00th=[   69], 80.00th=[   85], 90.00th=[  102], 95.00th=[  124],
     | 99.00th=[  167], 99.50th=[  186], 99.90th=[  494], 99.95th=[  758],
     | 99.99th=[ 1582]
   bw (  KiB/s): min=15749, max=80257, per=100.00%, avg=35581.17, stdev=2530.96, samples=76
   iops        : min= 3936, max=20064, avg=8895.04, stdev=632.75, samples=76
  cpu          : usr=82.83%, sys=3.63%, ctx=249107, majf=0, minf=0
  IO depths    : 1=100.0%, 2=0.0%, 4=0.0%, 8=0.0%, 16=0.0%, 32=0.0%, >=64=0.0%
     submit    : 0=0.0%, 4=100.0%, 8=0.0%, 16=0.0%, 32=0.0%, 64=0.0%, >=64=0.0%
     complete  : 0=0.0%, 4=100.0%, 8=0.0%, 16=0.0%, 32=0.0%, 64=0.0%, >=64=0.0%
     issued rwts: total=56000,0,0,0 short=0,0,0,0 dropped=0,0,0,0
     latency   : target=0, window=0, percentile=100.00%, depth=1

Run status group 0 (all jobs):
   READ: bw=31.2MiB/s (32.7MB/s), 31.2MiB/s-31.2MiB/s (32.7MB/s-32.7MB/s), io=219MiB (229MB), run=7018-7018msec
