create: (g=0): rw=read, bs=(R) 4096B-4096B, (W) 4096B-4096B, (T) 4096B-4096B, ioengine=filecreate, iodepth=1
...
fio-3.41
Starting 28 threads

create: (groupid=0, jobs=28): err= 0: pid=140155: Fri Mar 13 19:46:27 2026
  read: IOPS=4721, BW=18.4MiB/s (19.3MB/s)(875MiB/47447msec)
    clat (usec): min=59, max=57231, avg=5241.73, stdev=2197.85
    clat percentiles (usec):
     |  1.00th=[  113],  5.00th=[  157], 10.00th=[ 3195], 20.00th=[ 4621],
     | 30.00th=[ 5014], 40.00th=[ 5342], 50.00th=[ 5669], 60.00th=[ 5866],
     | 70.00th=[ 6128], 80.00th=[ 6390], 90.00th=[ 6718], 95.00th=[ 7046],
     | 99.00th=[ 7963], 99.50th=[ 9634], 99.90th=[23462], 99.95th=[43254],
     | 99.99th=[53216]
   bw (  KiB/s): min=15498, max=23135, per=100.00%, avg=18947.61, stdev=51.59, samples=2629
   iops        : min= 3872, max= 5783, avg=4736.84, stdev=12.90, samples=2629
  cpu          : usr=9.92%, sys=1.29%, ctx=982054, majf=0, minf=0
  IO depths    : 1=100.0%, 2=0.0%, 4=0.0%, 8=0.0%, 16=0.0%, 32=0.0%, >=64=0.0%
     submit    : 0=0.0%, 4=100.0%, 8=0.0%, 16=0.0%, 32=0.0%, 64=0.0%, >=64=0.0%
     complete  : 0=0.0%, 4=100.0%, 8=0.0%, 16=0.0%, 32=0.0%, 64=0.0%, >=64=0.0%
     issued rwts: total=224000,0,0,0 short=0,0,0,0 dropped=0,0,0,0
     latency   : target=0, window=0, percentile=100.00%, depth=1

Run status group 0 (all jobs):
   READ: bw=18.4MiB/s (19.3MB/s), 18.4MiB/s-18.4MiB/s (19.3MB/s-19.3MB/s), io=875MiB (918MB), run=47447-47447msec
