create: (g=0): rw=read, bs=(R) 4096B-4096B, (W) 4096B-4096B, (T) 4096B-4096B, ioengine=filecreate, iodepth=1
...
fio-3.41
Starting 13 threads

create: (groupid=0, jobs=13): err= 0: pid=113703: Fri Mar 13 19:29:48 2026
  read: IOPS=7035, BW=27.5MiB/s (28.8MB/s)(406MiB/14782msec)
    clat (usec): min=48, max=52625, avg=976.71, stdev=931.99
    clat percentiles (usec):
     |  1.00th=[   74],  5.00th=[  113], 10.00th=[  153], 20.00th=[  249],
     | 30.00th=[  388], 40.00th=[  603], 50.00th=[  971], 60.00th=[ 1237],
     | 70.00th=[ 1418], 80.00th=[ 1614], 90.00th=[ 1844], 95.00th=[ 2040],
     | 99.00th=[ 2376], 99.50th=[ 2474], 99.90th=[ 2900], 99.95th=[10552],
     | 99.99th=[50070]
   bw (  KiB/s): min=16868, max=57704, per=100.00%, avg=30897.42, stdev=742.87, samples=339
   iops        : min= 4216, max=14426, avg=7724.23, stdev=185.71, samples=339
  cpu          : usr=37.87%, sys=2.68%, ctx=445063, majf=0, minf=0
  IO depths    : 1=100.0%, 2=0.0%, 4=0.0%, 8=0.0%, 16=0.0%, 32=0.0%, >=64=0.0%
     submit    : 0=0.0%, 4=100.0%, 8=0.0%, 16=0.0%, 32=0.0%, 64=0.0%, >=64=0.0%
     complete  : 0=0.0%, 4=100.0%, 8=0.0%, 16=0.0%, 32=0.0%, 64=0.0%, >=64=0.0%
     issued rwts: total=104000,0,0,0 short=0,0,0,0 dropped=0,0,0,0
     latency   : target=0, window=0, percentile=100.00%, depth=1

Run status group 0 (all jobs):
   READ: bw=27.5MiB/s (28.8MB/s), 27.5MiB/s-27.5MiB/s (28.8MB/s-28.8MB/s), io=406MiB (426MB), run=14782-14782msec
