create: (g=0): rw=read, bs=(R) 4096B-4096B, (W) 4096B-4096B, (T) 4096B-4096B, ioengine=filecreate, iodepth=1
...
fio-3.41
Starting 23 threads

create: (groupid=0, jobs=23): err= 0: pid=23408: Fri Mar 13 16:50:52 2026
  read: IOPS=4541, BW=17.7MiB/s (18.6MB/s)(719MiB/40511msec)
    clat (usec): min=73, max=61139, avg=4332.61, stdev=1931.45
    clat percentiles (usec):
     |  1.00th=[  124],  5.00th=[  163], 10.00th=[ 3294], 20.00th=[ 4146],
     | 30.00th=[ 4359], 40.00th=[ 4490], 50.00th=[ 4621], 60.00th=[ 4752],
     | 70.00th=[ 4883], 80.00th=[ 5014], 90.00th=[ 5276], 95.00th=[ 5473],
     | 99.00th=[ 5932], 99.50th=[ 6128], 99.90th=[16319], 99.95th=[43779],
     | 99.99th=[59507]
   bw (  KiB/s): min=13904, max=20624, per=100.00%, avg=18177.43, stdev=49.88, samples=1838
   iops        : min= 3474, max= 5156, avg=4544.33, stdev=12.48, samples=1838
  cpu          : usr=12.36%, sys=1.59%, ctx=810086, majf=0, minf=6
  IO depths    : 1=100.0%, 2=0.0%, 4=0.0%, 8=0.0%, 16=0.0%, 32=0.0%, >=64=0.0%
     submit    : 0=0.0%, 4=100.0%, 8=0.0%, 16=0.0%, 32=0.0%, 64=0.0%, >=64=0.0%
     complete  : 0=0.0%, 4=100.0%, 8=0.0%, 16=0.0%, 32=0.0%, 64=0.0%, >=64=0.0%
     issued rwts: total=184000,0,0,0 short=0,0,0,0 dropped=0,0,0,0
     latency   : target=0, window=0, percentile=100.00%, depth=1

Run status group 0 (all jobs):
   READ: bw=17.7MiB/s (18.6MB/s), 17.7MiB/s-17.7MiB/s (18.6MB/s-18.6MB/s), io=719MiB (754MB), run=40511-40511msec
