create: (g=0): rw=read, bs=(R) 4096B-4096B, (W) 4096B-4096B, (T) 4096B-4096B, ioengine=filecreate, iodepth=1
...
fio-3.41
Starting 12 threads

create: (groupid=0, jobs=12): err= 0: pid=31404: Fri Mar 13 17:36:42 2026
  read: IOPS=5681, BW=22.2MiB/s (23.3MB/s)(375MiB/16896msec)
    clat (usec): min=54, max=59811, avg=1206.86, stdev=921.30
    clat percentiles (usec):
     |  1.00th=[  101],  5.00th=[  145], 10.00th=[  192], 20.00th=[  371],
     | 30.00th=[  611], 40.00th=[ 1020], 50.00th=[ 1401], 60.00th=[ 1565],
     | 70.00th=[ 1713], 80.00th=[ 1844], 90.00th=[ 2024], 95.00th=[ 2147],
     | 99.00th=[ 2409], 99.50th=[ 2507], 99.90th=[ 3032], 99.95th=[10814],
     | 99.99th=[37487]
   bw (  KiB/s): min=14498, max=31952, per=100.00%, avg=24353.58, stdev=355.42, samples=377
   iops        : min= 3624, max= 7988, avg=6088.38, stdev=88.86, samples=377
  cpu          : usr=35.36%, sys=2.70%, ctx=415044, majf=0, minf=0
  IO depths    : 1=100.0%, 2=0.0%, 4=0.0%, 8=0.0%, 16=0.0%, 32=0.0%, >=64=0.0%
     submit    : 0=0.0%, 4=100.0%, 8=0.0%, 16=0.0%, 32=0.0%, 64=0.0%, >=64=0.0%
     complete  : 0=0.0%, 4=100.0%, 8=0.0%, 16=0.0%, 32=0.0%, 64=0.0%, >=64=0.0%
     issued rwts: total=96000,0,0,0 short=0,0,0,0 dropped=0,0,0,0
     latency   : target=0, window=0, percentile=100.00%, depth=1

Run status group 0 (all jobs):
   READ: bw=22.2MiB/s (23.3MB/s), 22.2MiB/s-22.2MiB/s (23.3MB/s-23.3MB/s), io=375MiB (393MB), run=16896-16896msec
