create: (g=0): rw=read, bs=(R) 4096B-4096B, (W) 4096B-4096B, (T) 4096B-4096B, ioengine=filecreate, iodepth=1
...
fio-3.41
Starting 26 threads

create: (groupid=0, jobs=26): err= 0: pid=35033: Fri Mar 13 17:52:34 2026
  read: IOPS=6401, BW=25.0MiB/s (26.2MB/s)(813MiB/32490msec)
    clat (usec): min=41, max=53497, avg=3494.53, stdev=2325.80
    clat percentiles (usec):
     |  1.00th=[   53],  5.00th=[   70], 10.00th=[   94], 20.00th=[ 2147],
     | 30.00th=[ 3195], 40.00th=[ 3621], 50.00th=[ 3982], 60.00th=[ 4293],
     | 70.00th=[ 4621], 80.00th=[ 4883], 90.00th=[ 5276], 95.00th=[ 5669],
     | 99.00th=[ 6128], 99.50th=[ 6325], 99.90th=[34341], 99.95th=[47973],
     | 99.99th=[53216]
   bw (  KiB/s): min=18078, max=34096, per=100.00%, avg=25847.78, stdev=120.01, samples=1658
   iops        : min= 4517, max= 8524, avg=6461.88, stdev=30.01, samples=1658
  cpu          : usr=11.40%, sys=1.82%, ctx=1092477, majf=0, minf=0
  IO depths    : 1=100.0%, 2=0.0%, 4=0.0%, 8=0.0%, 16=0.0%, 32=0.0%, >=64=0.0%
     submit    : 0=0.0%, 4=100.0%, 8=0.0%, 16=0.0%, 32=0.0%, 64=0.0%, >=64=0.0%
     complete  : 0=0.0%, 4=100.0%, 8=0.0%, 16=0.0%, 32=0.0%, 64=0.0%, >=64=0.0%
     issued rwts: total=208000,0,0,0 short=0,0,0,0 dropped=0,0,0,0
     latency   : target=0, window=0, percentile=100.00%, depth=1

Run status group 0 (all jobs):
   READ: bw=25.0MiB/s (26.2MB/s), 25.0MiB/s-25.0MiB/s (26.2MB/s-26.2MB/s), io=813MiB (852MB), run=32490-32490msec
