create: (g=0): rw=read, bs=(R) 4096B-4096B, (W) 4096B-4096B, (T) 4096B-4096B, ioengine=filecreate, iodepth=1
...
fio-3.41
Starting 19 threads

create: (groupid=0, jobs=19): err= 0: pid=266678: Fri Mar 13 21:22:46 2026
  read: IOPS=5576, BW=21.8MiB/s (22.8MB/s)(594MiB/27258msec)
    clat (usec): min=46, max=56613, avg=2532.87, stdev=1785.67
    clat percentiles (usec):
     |  1.00th=[   70],  5.00th=[  113], 10.00th=[  149], 20.00th=[  269],
     | 30.00th=[ 1565], 40.00th=[ 2966], 50.00th=[ 3228], 60.00th=[ 3425],
     | 70.00th=[ 3589], 80.00th=[ 3785], 90.00th=[ 4015], 95.00th=[ 4178],
     | 99.00th=[ 4490], 99.50th=[ 4555], 99.90th=[13304], 99.95th=[15664],
     | 99.99th=[54264]
   bw (  KiB/s): min=15276, max=60805, per=100.00%, avg=22769.59, stdev=480.53, samples=994
   iops        : min= 3818, max=15200, avg=5692.35, stdev=120.13, samples=994
  cpu          : usr=20.76%, sys=2.01%, ctx=660022, majf=0, minf=0
  IO depths    : 1=100.0%, 2=0.0%, 4=0.0%, 8=0.0%, 16=0.0%, 32=0.0%, >=64=0.0%
     submit    : 0=0.0%, 4=100.0%, 8=0.0%, 16=0.0%, 32=0.0%, 64=0.0%, >=64=0.0%
     complete  : 0=0.0%, 4=100.0%, 8=0.0%, 16=0.0%, 32=0.0%, 64=0.0%, >=64=0.0%
     issued rwts: total=152000,0,0,0 short=0,0,0,0 dropped=0,0,0,0
     latency   : target=0, window=0, percentile=100.00%, depth=1

Run status group 0 (all jobs):
   READ: bw=21.8MiB/s (22.8MB/s), 21.8MiB/s-21.8MiB/s (22.8MB/s-22.8MB/s), io=594MiB (623MB), run=27258-27258msec
