create: (g=0): rw=read, bs=(R) 4096B-4096B, (W) 4096B-4096B, (T) 4096B-4096B, ioengine=filecreate, iodepth=1
...
fio-3.41
Starting 48 threads

create: (groupid=0, jobs=48): err= 0: pid=38234: Fri Mar 13 18:14:29 2026
  read: IOPS=5762, BW=22.5MiB/s (23.6MB/s)(1500MiB/66638msec)
    clat (usec): min=45, max=75593, avg=7310.27, stdev=3646.55
    clat percentiles (usec):
     |  1.00th=[   70],  5.00th=[  100], 10.00th=[  127], 20.00th=[ 6456],
     | 30.00th=[ 7177], 40.00th=[ 7635], 50.00th=[ 8225], 60.00th=[ 8717],
     | 70.00th=[ 9241], 80.00th=[ 9634], 90.00th=[10159], 95.00th=[10421],
     | 99.00th=[10945], 99.50th=[11207], 99.90th=[38536], 99.95th=[47449],
     | 99.99th=[74974]
   bw (  KiB/s): min=15982, max=36588, per=100.00%, avg=23387.73, stdev=62.34, samples=6276
   iops        : min= 3994, max= 9147, avg=5846.91, stdev=15.58, samples=6276
  cpu          : usr=9.90%, sys=1.10%, ctx=2029658, majf=0, minf=0
  IO depths    : 1=100.0%, 2=0.0%, 4=0.0%, 8=0.0%, 16=0.0%, 32=0.0%, >=64=0.0%
     submit    : 0=0.0%, 4=100.0%, 8=0.0%, 16=0.0%, 32=0.0%, 64=0.0%, >=64=0.0%
     complete  : 0=0.0%, 4=100.0%, 8=0.0%, 16=0.0%, 32=0.0%, 64=0.0%, >=64=0.0%
     issued rwts: total=384000,0,0,0 short=0,0,0,0 dropped=0,0,0,0
     latency   : target=0, window=0, percentile=100.00%, depth=1

Run status group 0 (all jobs):
   READ: bw=22.5MiB/s (23.6MB/s), 22.5MiB/s-22.5MiB/s (23.6MB/s-23.6MB/s), io=1500MiB (1573MB), run=66638-66638msec
