create: (g=0): rw=read, bs=(R) 4096B-4096B, (W) 4096B-4096B, (T) 4096B-4096B, ioengine=filecreate, iodepth=1
...
fio-3.41
Starting 40 threads

create: (groupid=0, jobs=40): err= 0: pid=26791: Fri Mar 13 17:11:46 2026
  read: IOPS=5990, BW=23.4MiB/s (24.5MB/s)(1250MiB/53416msec)
    clat (usec): min=41, max=58713, avg=5965.21, stdev=3171.23
    clat percentiles (usec):
     |  1.00th=[   61],  5.00th=[   88], 10.00th=[  118], 20.00th=[ 5211],
     | 30.00th=[ 5932], 40.00th=[ 6390], 50.00th=[ 6718], 60.00th=[ 7111],
     | 70.00th=[ 7570], 80.00th=[ 8094], 90.00th=[ 8586], 95.00th=[ 8979],
     | 99.00th=[ 9503], 99.50th=[ 9896], 99.90th=[29492], 99.95th=[38011],
     | 99.99th=[57410]
   bw (  KiB/s): min=17536, max=29944, per=100.00%, avg=24019.47, stdev=62.84, samples=4225
   iops        : min= 4384, max= 7486, avg=6004.86, stdev=15.71, samples=4225
  cpu          : usr=9.06%, sys=1.25%, ctx=1686911, majf=0, minf=0
  IO depths    : 1=100.0%, 2=0.0%, 4=0.0%, 8=0.0%, 16=0.0%, 32=0.0%, >=64=0.0%
     submit    : 0=0.0%, 4=100.0%, 8=0.0%, 16=0.0%, 32=0.0%, 64=0.0%, >=64=0.0%
     complete  : 0=0.0%, 4=100.0%, 8=0.0%, 16=0.0%, 32=0.0%, 64=0.0%, >=64=0.0%
     issued rwts: total=320000,0,0,0 short=0,0,0,0 dropped=0,0,0,0
     latency   : target=0, window=0, percentile=100.00%, depth=1

Run status group 0 (all jobs):
   READ: bw=23.4MiB/s (24.5MB/s), 23.4MiB/s-23.4MiB/s (24.5MB/s-24.5MB/s), io=1250MiB (1311MB), run=53416-53416msec
