create: (g=0): rw=read, bs=(R) 4096B-4096B, (W) 4096B-4096B, (T) 4096B-4096B, ioengine=filecreate, iodepth=1
...
fio-3.41
Starting 9 threads

create: (groupid=0, jobs=9): err= 0: pid=264545: Fri Mar 13 21:16:01 2026
  read: IOPS=11.3k, BW=44.1MiB/s (46.3MB/s)(281MiB/6375msec)
    clat (usec): min=35, max=54795, avg=112.97, stdev=661.45
    clat percentiles (usec):
     |  1.00th=[   44],  5.00th=[   46], 10.00th=[   47], 20.00th=[   48],
     | 30.00th=[   50], 40.00th=[   58], 50.00th=[   70], 60.00th=[   84],
     | 70.00th=[  100], 80.00th=[  135], 90.00th=[  190], 95.00th=[  247],
     | 99.00th=[  619], 99.50th=[  758], 99.90th=[ 1188], 99.95th=[ 2409],
     | 99.99th=[36439]
   bw (  KiB/s): min=29487, max=114320, per=100.00%, avg=63144.50, stdev=2859.01, samples=79
   iops        : min= 7368, max=28580, avg=15785.41, stdev=714.81, samples=79
  cpu          : usr=69.36%, sys=5.14%, ctx=339137, majf=0, minf=0
  IO depths    : 1=100.0%, 2=0.0%, 4=0.0%, 8=0.0%, 16=0.0%, 32=0.0%, >=64=0.0%
     submit    : 0=0.0%, 4=100.0%, 8=0.0%, 16=0.0%, 32=0.0%, 64=0.0%, >=64=0.0%
     complete  : 0=0.0%, 4=100.0%, 8=0.0%, 16=0.0%, 32=0.0%, 64=0.0%, >=64=0.0%
     issued rwts: total=72000,0,0,0 short=0,0,0,0 dropped=0,0,0,0
     latency   : target=0, window=0, percentile=100.00%, depth=1

Run status group 0 (all jobs):
   READ: bw=44.1MiB/s (46.3MB/s), 44.1MiB/s-44.1MiB/s (46.3MB/s-46.3MB/s), io=281MiB (295MB), run=6375-6375msec
