create: (g=0): rw=read, bs=(R) 4096B-4096B, (W) 4096B-4096B, (T) 4096B-4096B, ioengine=filecreate, iodepth=1
...
fio-3.41
Starting 31 threads

create: (groupid=0, jobs=31): err= 0: pid=36321: Fri Mar 13 18:00:50 2026
  read: IOPS=4584, BW=17.9MiB/s (18.8MB/s)(969MiB/54095msec)
    clat (usec): min=72, max=62778, avg=6060.00, stdev=2359.87
    clat percentiles (usec):
     |  1.00th=[  124],  5.00th=[  165], 10.00th=[ 5014], 20.00th=[ 5866],
     | 30.00th=[ 6128], 40.00th=[ 6325], 50.00th=[ 6521], 60.00th=[ 6652],
     | 70.00th=[ 6849], 80.00th=[ 7046], 90.00th=[ 7308], 95.00th=[ 7504],
     | 99.00th=[ 8094], 99.50th=[ 8455], 99.90th=[19530], 99.95th=[53740],
     | 99.99th=[62129]
   bw (  KiB/s): min=15497, max=23376, per=100.00%, avg=18390.75, stdev=33.24, samples=3322
   iops        : min= 3874, max= 5844, avg=4597.66, stdev= 8.31, samples=3322
  cpu          : usr=9.03%, sys=1.22%, ctx=1093713, majf=0, minf=0
  IO depths    : 1=100.0%, 2=0.0%, 4=0.0%, 8=0.0%, 16=0.0%, 32=0.0%, >=64=0.0%
     submit    : 0=0.0%, 4=100.0%, 8=0.0%, 16=0.0%, 32=0.0%, 64=0.0%, >=64=0.0%
     complete  : 0=0.0%, 4=100.0%, 8=0.0%, 16=0.0%, 32=0.0%, 64=0.0%, >=64=0.0%
     issued rwts: total=248000,0,0,0 short=0,0,0,0 dropped=0,0,0,0
     latency   : target=0, window=0, percentile=100.00%, depth=1

Run status group 0 (all jobs):
   READ: bw=17.9MiB/s (18.8MB/s), 17.9MiB/s-17.9MiB/s (18.8MB/s-18.8MB/s), io=969MiB (1016MB), run=54095-54095msec
