create: (g=0): rw=read, bs=(R) 4096B-4096B, (W) 4096B-4096B, (T) 4096B-4096B, ioengine=filecreate, iodepth=1
...
fio-3.41
Starting 12 threads

create: (groupid=0, jobs=12): err= 0: pid=31549: Fri Mar 13 17:36:54 2026
  read: IOPS=10.7k, BW=41.8MiB/s (43.8MB/s)(375MiB/8970msec)
    clat (usec): min=37, max=57765, avg=388.62, stdev=732.85
    clat percentiles (usec):
     |  1.00th=[   46],  5.00th=[   48], 10.00th=[   49], 20.00th=[   52],
     | 30.00th=[   64], 40.00th=[   86], 50.00th=[  113], 60.00th=[  157],
     | 70.00th=[  685], 80.00th=[  938], 90.00th=[ 1090], 95.00th=[ 1205],
     | 99.00th=[ 1385], 99.50th=[ 1450], 99.90th=[ 1745], 99.95th=[ 3064],
     | 99.99th=[41681]
   bw (  KiB/s): min=25820, max=84224, per=100.00%, avg=51507.31, stdev=1316.51, samples=177
   iops        : min= 6451, max=21056, avg=12876.21, stdev=329.15, samples=177
  cpu          : usr=52.50%, sys=3.75%, ctx=476674, majf=0, minf=0
  IO depths    : 1=100.0%, 2=0.0%, 4=0.0%, 8=0.0%, 16=0.0%, 32=0.0%, >=64=0.0%
     submit    : 0=0.0%, 4=100.0%, 8=0.0%, 16=0.0%, 32=0.0%, 64=0.0%, >=64=0.0%
     complete  : 0=0.0%, 4=100.0%, 8=0.0%, 16=0.0%, 32=0.0%, 64=0.0%, >=64=0.0%
     issued rwts: total=96000,0,0,0 short=0,0,0,0 dropped=0,0,0,0
     latency   : target=0, window=0, percentile=100.00%, depth=1

Run status group 0 (all jobs):
   READ: bw=41.8MiB/s (43.8MB/s), 41.8MiB/s-41.8MiB/s (43.8MB/s-43.8MB/s), io=375MiB (393MB), run=8970-8970msec
