create: (g=0): rw=read, bs=(R) 4096B-4096B, (W) 4096B-4096B, (T) 4096B-4096B, ioengine=filecreate, iodepth=1
...
fio-3.41
Starting 4 threads

create: (groupid=0, jobs=4): err= 0: pid=295961: Sat Mar 14 00:03:38 2026
  read: IOPS=6775, BW=26.5MiB/s (27.8MB/s)(125MiB/4723msec)
    clat (usec): min=58, max=48554, avg=167.05, stdev=333.92
    clat percentiles (usec):
     |  1.00th=[   83],  5.00th=[   88], 10.00th=[   92], 20.00th=[  100],
     | 30.00th=[  115], 40.00th=[  135], 50.00th=[  153], 60.00th=[  167],
     | 70.00th=[  188], 80.00th=[  215], 90.00th=[  260], 95.00th=[  293],
     | 99.00th=[  379], 99.50th=[  408], 99.90th=[  545], 99.95th=[ 1123],
     | 99.99th=[ 1418]
   bw (  KiB/s): min=11143, max=39992, per=97.86%, avg=26521.67, stdev=2552.69, samples=36
   iops        : min= 2785, max= 9998, avg=6630.33, stdev=638.20, samples=36
  cpu          : usr=61.82%, sys=4.36%, ctx=123494, majf=0, minf=0
  IO depths    : 1=100.0%, 2=0.0%, 4=0.0%, 8=0.0%, 16=0.0%, 32=0.0%, >=64=0.0%
     submit    : 0=0.0%, 4=100.0%, 8=0.0%, 16=0.0%, 32=0.0%, 64=0.0%, >=64=0.0%
     complete  : 0=0.0%, 4=100.0%, 8=0.0%, 16=0.0%, 32=0.0%, 64=0.0%, >=64=0.0%
     issued rwts: total=32000,0,0,0 short=0,0,0,0 dropped=0,0,0,0
     latency   : target=0, window=0, percentile=100.00%, depth=1

Run status group 0 (all jobs):
   READ: bw=26.5MiB/s (27.8MB/s), 26.5MiB/s-26.5MiB/s (27.8MB/s-27.8MB/s), io=125MiB (131MB), run=4723-4723msec
