create: (g=0): rw=read, bs=(R) 4096B-4096B, (W) 4096B-4096B, (T) 4096B-4096B, ioengine=filecreate, iodepth=1
...
fio-3.41
Starting 18 threads

create: (groupid=0, jobs=18): err= 0: pid=299115: Sat Mar 14 00:11:18 2026
  read: IOPS=8193, BW=32.0MiB/s (33.6MB/s)(563MiB/17574msec)
    clat (usec): min=39, max=67321, avg=1790.92, stdev=1391.51
    clat percentiles (usec):
     |  1.00th=[   50],  5.00th=[   54], 10.00th=[   58], 20.00th=[   84],
     | 30.00th=[ 1663], 40.00th=[ 1909], 50.00th=[ 2114], 60.00th=[ 2278],
     | 70.00th=[ 2442], 80.00th=[ 2606], 90.00th=[ 2737], 95.00th=[ 2868],
     | 99.00th=[ 3032], 99.50th=[ 3130], 99.90th=[11076], 99.95th=[31327],
     | 99.99th=[50070]
   bw (  KiB/s): min=25553, max=37624, per=100.00%, avg=32880.00, stdev=150.79, samples=612
   iops        : min= 6382, max= 9406, avg=8219.74, stdev=37.73, samples=612
  cpu          : usr=15.36%, sys=2.41%, ctx=753858, majf=0, minf=0
  IO depths    : 1=100.0%, 2=0.0%, 4=0.0%, 8=0.0%, 16=0.0%, 32=0.0%, >=64=0.0%
     submit    : 0=0.0%, 4=100.0%, 8=0.0%, 16=0.0%, 32=0.0%, 64=0.0%, >=64=0.0%
     complete  : 0=0.0%, 4=100.0%, 8=0.0%, 16=0.0%, 32=0.0%, 64=0.0%, >=64=0.0%
     issued rwts: total=144000,0,0,0 short=0,0,0,0 dropped=0,0,0,0
     latency   : target=0, window=0, percentile=100.00%, depth=1

Run status group 0 (all jobs):
   READ: bw=32.0MiB/s (33.6MB/s), 32.0MiB/s-32.0MiB/s (33.6MB/s-33.6MB/s), io=563MiB (590MB), run=17574-17574msec
