create: (g=0): rw=read, bs=(R) 4096B-4096B, (W) 4096B-4096B, (T) 4096B-4096B, ioengine=filecreate, iodepth=1
...
fio-3.41
Starting 56 threads

create: (groupid=0, jobs=56): err= 0: pid=261230: Fri Mar 13 21:03:40 2026
  read: IOPS=4265, BW=16.7MiB/s (17.5MB/s)(1750MiB/105034msec)
    clat (usec): min=49, max=77785, avg=12095.99, stdev=3976.37
    clat percentiles (usec):
     |  1.00th=[  133],  5.00th=[  190], 10.00th=[ 9372], 20.00th=[11863],
     | 30.00th=[12518], 40.00th=[12780], 50.00th=[13173], 60.00th=[13304],
     | 70.00th=[13566], 80.00th=[13829], 90.00th=[14091], 95.00th=[14353],
     | 99.00th=[15008], 99.50th=[16909], 99.90th=[50594], 99.95th=[62129],
     | 99.99th=[77071]
   bw (  KiB/s): min=14400, max=28304, per=100.00%, avg=17116.74, stdev=27.67, samples=11675
   iops        : min= 3600, max= 7076, avg=4279.10, stdev= 6.92, samples=11675
  cpu          : usr=6.95%, sys=0.66%, ctx=1968477, majf=0, minf=13
  IO depths    : 1=100.0%, 2=0.0%, 4=0.0%, 8=0.0%, 16=0.0%, 32=0.0%, >=64=0.0%
     submit    : 0=0.0%, 4=100.0%, 8=0.0%, 16=0.0%, 32=0.0%, 64=0.0%, >=64=0.0%
     complete  : 0=0.0%, 4=100.0%, 8=0.0%, 16=0.0%, 32=0.0%, 64=0.0%, >=64=0.0%
     issued rwts: total=448000,0,0,0 short=0,0,0,0 dropped=0,0,0,0
     latency   : target=0, window=0, percentile=100.00%, depth=1

Run status group 0 (all jobs):
   READ: bw=16.7MiB/s (17.5MB/s), 16.7MiB/s-16.7MiB/s (17.5MB/s-17.5MB/s), io=1750MiB (1835MB), run=105034-105034msec
