create: (g=0): rw=read, bs=(R) 4096B-4096B, (W) 4096B-4096B, (T) 4096B-4096B, ioengine=filecreate, iodepth=1
...
fio-3.41
Starting 2 threads

create: (groupid=0, jobs=2): err= 0: pid=29498: Fri Mar 13 17:33:17 2026
  read: IOPS=3459, BW=13.5MiB/s (14.2MB/s)(62.5MiB/4625msec)
    clat (usec): min=78, max=2051, avg=140.22, stdev=50.53
    clat percentiles (usec):
     |  1.00th=[   86],  5.00th=[   91], 10.00th=[   95], 20.00th=[  101],
     | 30.00th=[  110], 40.00th=[  115], 50.00th=[  124], 60.00th=[  137],
     | 70.00th=[  153], 80.00th=[  178], 90.00th=[  215], 95.00th=[  235],
     | 99.00th=[  273], 99.50th=[  285], 99.90th=[  359], 99.95th=[  424],
     | 99.99th=[ 1205]
   bw (  KiB/s): min= 7312, max=25280, per=100.00%, avg=14126.73, stdev=3004.53, samples=16
   iops        : min= 1828, max= 6320, avg=3531.68, stdev=751.13, samples=16
  cpu          : usr=60.20%, sys=3.54%, ctx=54910, majf=0, minf=0
  IO depths    : 1=100.0%, 2=0.0%, 4=0.0%, 8=0.0%, 16=0.0%, 32=0.0%, >=64=0.0%
     submit    : 0=0.0%, 4=100.0%, 8=0.0%, 16=0.0%, 32=0.0%, 64=0.0%, >=64=0.0%
     complete  : 0=0.0%, 4=100.0%, 8=0.0%, 16=0.0%, 32=0.0%, 64=0.0%, >=64=0.0%
     issued rwts: total=16000,0,0,0 short=0,0,0,0 dropped=0,0,0,0
     latency   : target=0, window=0, percentile=100.00%, depth=1

Run status group 0 (all jobs):
   READ: bw=13.5MiB/s (14.2MB/s), 13.5MiB/s-13.5MiB/s (14.2MB/s-14.2MB/s), io=62.5MiB (65.5MB), run=4625-4625msec
