create: (g=0): rw=read, bs=(R) 4096B-4096B, (W) 4096B-4096B, (T) 4096B-4096B, ioengine=filecreate, iodepth=1
...
fio-3.41
Starting 9 threads

create: (groupid=0, jobs=9): err= 0: pid=307765: Sat Mar 14 01:01:19 2026
  read: IOPS=5894, BW=23.0MiB/s (24.1MB/s)(281MiB/12215msec)
    clat (usec): min=75, max=67276, avg=609.01, stdev=893.95
    clat percentiles (usec):
     |  1.00th=[  108],  5.00th=[  145], 10.00th=[  180], 20.00th=[  260],
     | 30.00th=[  343], 40.00th=[  420], 50.00th=[  515], 60.00th=[  619],
     | 70.00th=[  750], 80.00th=[  914], 90.00th=[ 1139], 95.00th=[ 1319],
     | 99.00th=[ 1582], 99.50th=[ 1680], 99.90th=[ 1975], 99.95th=[ 4228],
     | 99.99th=[51643]
   bw (  KiB/s): min=15770, max=42971, per=100.00%, avg=28332.51, stdev=822.11, samples=182
   iops        : min= 3942, max=10742, avg=7083.07, stdev=205.51, samples=182
  cpu          : usr=46.84%, sys=3.46%, ctx=306327, majf=0, minf=0
  IO depths    : 1=100.0%, 2=0.0%, 4=0.0%, 8=0.0%, 16=0.0%, 32=0.0%, >=64=0.0%
     submit    : 0=0.0%, 4=100.0%, 8=0.0%, 16=0.0%, 32=0.0%, 64=0.0%, >=64=0.0%
     complete  : 0=0.0%, 4=100.0%, 8=0.0%, 16=0.0%, 32=0.0%, 64=0.0%, >=64=0.0%
     issued rwts: total=72000,0,0,0 short=0,0,0,0 dropped=0,0,0,0
     latency   : target=0, window=0, percentile=100.00%, depth=1

Run status group 0 (all jobs):
   READ: bw=23.0MiB/s (24.1MB/s), 23.0MiB/s-23.0MiB/s (24.1MB/s-24.1MB/s), io=281MiB (295MB), run=12215-12215msec
