create: (g=0): rw=read, bs=(R) 4096B-4096B, (W) 4096B-4096B, (T) 4096B-4096B, ioengine=filecreate, iodepth=1
...
fio-3.41
Starting 17 threads

create: (groupid=0, jobs=17): err= 0: pid=288052: Fri Mar 13 23:14:04 2026
  read: IOPS=8182, BW=32.0MiB/s (33.5MB/s)(531MiB/16621msec)
    clat (usec): min=39, max=50122, avg=1648.73, stdev=1365.20
    clat percentiles (usec):
     |  1.00th=[   50],  5.00th=[   53], 10.00th=[   58], 20.00th=[   85],
     | 30.00th=[ 1532], 40.00th=[ 1778], 50.00th=[ 1958], 60.00th=[ 2114],
     | 70.00th=[ 2245], 80.00th=[ 2376], 90.00th=[ 2507], 95.00th=[ 2606],
     | 99.00th=[ 2802], 99.50th=[ 2868], 99.90th=[ 7373], 99.95th=[27132],
     | 99.99th=[50070]
   bw (  KiB/s): min=24844, max=39040, per=100.00%, avg=33004.73, stdev=170.23, samples=550
   iops        : min= 6206, max= 9760, avg=8250.94, stdev=42.59, samples=550
  cpu          : usr=16.71%, sys=2.63%, ctx=711325, majf=0, minf=0
  IO depths    : 1=100.0%, 2=0.0%, 4=0.0%, 8=0.0%, 16=0.0%, 32=0.0%, >=64=0.0%
     submit    : 0=0.0%, 4=100.0%, 8=0.0%, 16=0.0%, 32=0.0%, 64=0.0%, >=64=0.0%
     complete  : 0=0.0%, 4=100.0%, 8=0.0%, 16=0.0%, 32=0.0%, 64=0.0%, >=64=0.0%
     issued rwts: total=136000,0,0,0 short=0,0,0,0 dropped=0,0,0,0
     latency   : target=0, window=0, percentile=100.00%, depth=1

Run status group 0 (all jobs):
   READ: bw=32.0MiB/s (33.5MB/s), 32.0MiB/s-32.0MiB/s (33.5MB/s-33.5MB/s), io=531MiB (557MB), run=16621-16621msec
