create: (g=0): rw=read, bs=(R) 4096B-4096B, (W) 4096B-4096B, (T) 4096B-4096B, ioengine=filecreate, iodepth=1
...
fio-3.41
Starting 13 threads

create: (groupid=0, jobs=13): err= 0: pid=297754: Sat Mar 14 00:07:16 2026
  read: IOPS=5470, BW=21.4MiB/s (22.4MB/s)(406MiB/19011msec)
    clat (usec): min=52, max=45904, avg=1557.57, stdev=1131.16
    clat percentiles (usec):
     |  1.00th=[  102],  5.00th=[  149], 10.00th=[  215], 20.00th=[  510],
     | 30.00th=[ 1004], 40.00th=[ 1565], 50.00th=[ 1827], 60.00th=[ 1991],
     | 70.00th=[ 2114], 80.00th=[ 2278], 90.00th=[ 2442], 95.00th=[ 2573],
     | 99.00th=[ 2802], 99.50th=[ 2900], 99.90th=[ 8717], 99.95th=[14222],
     | 99.99th=[42730]
   bw (  KiB/s): min=15119, max=32904, per=100.00%, avg=22447.48, stdev=305.16, samples=468
   iops        : min= 3778, max= 8226, avg=5611.80, stdev=76.30, samples=468
  cpu          : usr=28.65%, sys=2.41%, ctx=451813, majf=0, minf=0
  IO depths    : 1=100.0%, 2=0.0%, 4=0.0%, 8=0.0%, 16=0.0%, 32=0.0%, >=64=0.0%
     submit    : 0=0.0%, 4=100.0%, 8=0.0%, 16=0.0%, 32=0.0%, 64=0.0%, >=64=0.0%
     complete  : 0=0.0%, 4=100.0%, 8=0.0%, 16=0.0%, 32=0.0%, 64=0.0%, >=64=0.0%
     issued rwts: total=104000,0,0,0 short=0,0,0,0 dropped=0,0,0,0
     latency   : target=0, window=0, percentile=100.00%, depth=1

Run status group 0 (all jobs):
   READ: bw=21.4MiB/s (22.4MB/s), 21.4MiB/s-21.4MiB/s (22.4MB/s-22.4MB/s), io=406MiB (426MB), run=19011-19011msec
