create: (g=0): rw=read, bs=(R) 4096B-4096B, (W) 4096B-4096B, (T) 4096B-4096B, ioengine=filecreate, iodepth=1
...
fio-3.41
Starting 6 threads

create: (groupid=0, jobs=6): err= 0: pid=40996: Fri Mar 13 18:31:01 2026
  read: IOPS=12.1k, BW=47.2MiB/s (49.5MB/s)(188MiB/3971msec)
    clat (usec): min=35, max=55238, avg=87.44, stdev=525.96
    clat percentiles (usec):
     |  1.00th=[   45],  5.00th=[   46], 10.00th=[   47], 20.00th=[   49],
     | 30.00th=[   51], 40.00th=[   60], 50.00th=[   72], 60.00th=[   84],
     | 70.00th=[   93], 80.00th=[  110], 90.00th=[  131], 95.00th=[  147],
     | 99.00th=[  190], 99.50th=[  208], 99.90th=[  652], 99.95th=[ 1565],
     | 99.99th=[38011]
   bw (  KiB/s): min=21024, max=81833, per=93.61%, avg=45260.14, stdev=3254.27, samples=39
   iops        : min= 5256, max=20456, avg=11314.71, stdev=813.45, samples=39
  cpu          : usr=67.69%, sys=6.00%, ctx=227100, majf=0, minf=0
  IO depths    : 1=100.0%, 2=0.0%, 4=0.0%, 8=0.0%, 16=0.0%, 32=0.0%, >=64=0.0%
     submit    : 0=0.0%, 4=100.0%, 8=0.0%, 16=0.0%, 32=0.0%, 64=0.0%, >=64=0.0%
     complete  : 0=0.0%, 4=100.0%, 8=0.0%, 16=0.0%, 32=0.0%, 64=0.0%, >=64=0.0%
     issued rwts: total=48000,0,0,0 short=0,0,0,0 dropped=0,0,0,0
     latency   : target=0, window=0, percentile=100.00%, depth=1

Run status group 0 (all jobs):
   READ: bw=47.2MiB/s (49.5MB/s), 47.2MiB/s-47.2MiB/s (49.5MB/s-49.5MB/s), io=188MiB (197MB), run=3971-3971msec
