create: (g=0): rw=read, bs=(R) 4096B-4096B, (W) 4096B-4096B, (T) 4096B-4096B, ioengine=filecreate, iodepth=1
...
fio-3.41
Starting 29 threads

create: (groupid=0, jobs=29): err= 0: pid=280268: Fri Mar 13 22:33:27 2026
  read: IOPS=4482, BW=17.5MiB/s (18.4MB/s)(906MiB/51760msec)
    clat (usec): min=73, max=67490, avg=5714.30, stdev=2301.85
    clat percentiles (usec):
     |  1.00th=[  125],  5.00th=[  167], 10.00th=[ 4686], 20.00th=[ 5473],
     | 30.00th=[ 5735], 40.00th=[ 5932], 50.00th=[ 6128], 60.00th=[ 6325],
     | 70.00th=[ 6456], 80.00th=[ 6652], 90.00th=[ 6915], 95.00th=[ 7111],
     | 99.00th=[ 7570], 99.50th=[ 7767], 99.90th=[19268], 99.95th=[49546],
     | 99.99th=[66847]
   bw (  KiB/s): min=13609, max=22420, per=100.00%, avg=17962.98, stdev=38.44, samples=2978
   iops        : min= 3401, max= 5603, avg=4490.66, stdev= 9.61, samples=2978
  cpu          : usr=10.21%, sys=1.27%, ctx=1020141, majf=0, minf=23
  IO depths    : 1=100.0%, 2=0.0%, 4=0.0%, 8=0.0%, 16=0.0%, 32=0.0%, >=64=0.0%
     submit    : 0=0.0%, 4=100.0%, 8=0.0%, 16=0.0%, 32=0.0%, 64=0.0%, >=64=0.0%
     complete  : 0=0.0%, 4=100.0%, 8=0.0%, 16=0.0%, 32=0.0%, 64=0.0%, >=64=0.0%
     issued rwts: total=232000,0,0,0 short=0,0,0,0 dropped=0,0,0,0
     latency   : target=0, window=0, percentile=100.00%, depth=1

Run status group 0 (all jobs):
   READ: bw=17.5MiB/s (18.4MB/s), 17.5MiB/s-17.5MiB/s (18.4MB/s-18.4MB/s), io=906MiB (950MB), run=51760-51760msec
