create: (g=0): rw=read, bs=(R) 4096B-4096B, (W) 4096B-4096B, (T) 4096B-4096B, ioengine=filecreate, iodepth=1
...
fio-3.41
Starting 40 threads

create: (groupid=0, jobs=40): err= 0: pid=243728: Fri Mar 13 20:51:43 2026
  read: IOPS=4680, BW=18.3MiB/s (19.2MB/s)(1250MiB/68369msec)
    clat (usec): min=59, max=70751, avg=7713.34, stdev=3141.42
    clat percentiles (usec):
     |  1.00th=[  119],  5.00th=[  167], 10.00th=[ 5473], 20.00th=[ 6849],
     | 30.00th=[ 7504], 40.00th=[ 7963], 50.00th=[ 8291], 60.00th=[ 8586],
     | 70.00th=[ 8979], 80.00th=[ 9241], 90.00th=[ 9634], 95.00th=[ 9896],
     | 99.00th=[11863], 99.50th=[14222], 99.90th=[50070], 99.95th=[58983],
     | 99.99th=[69731]
   bw (  KiB/s): min=15336, max=28183, per=100.00%, avg=18800.74, stdev=44.81, samples=5420
   iops        : min= 3834, max= 7042, avg=4700.15, stdev=11.19, samples=5420
  cpu          : usr=8.40%, sys=0.94%, ctx=1402449, majf=0, minf=0
  IO depths    : 1=100.0%, 2=0.0%, 4=0.0%, 8=0.0%, 16=0.0%, 32=0.0%, >=64=0.0%
     submit    : 0=0.0%, 4=100.0%, 8=0.0%, 16=0.0%, 32=0.0%, 64=0.0%, >=64=0.0%
     complete  : 0=0.0%, 4=100.0%, 8=0.0%, 16=0.0%, 32=0.0%, 64=0.0%, >=64=0.0%
     issued rwts: total=320000,0,0,0 short=0,0,0,0 dropped=0,0,0,0
     latency   : target=0, window=0, percentile=100.00%, depth=1

Run status group 0 (all jobs):
   READ: bw=18.3MiB/s (19.2MB/s), 18.3MiB/s-18.3MiB/s (19.2MB/s-19.2MB/s), io=1250MiB (1311MB), run=68369-68369msec
