create: (g=0): rw=read, bs=(R) 4096B-4096B, (W) 4096B-4096B, (T) 4096B-4096B, ioengine=filecreate, iodepth=1
...
fio-3.41
Starting 5 threads

create: (groupid=0, jobs=5): err= 0: pid=40688: Fri Mar 13 18:30:39 2026
  read: IOPS=5177, BW=20.2MiB/s (21.2MB/s)(156MiB/7726msec)
    clat (usec): min=56, max=59580, avg=194.34, stdev=492.43
    clat percentiles (usec):
     |  1.00th=[   80],  5.00th=[   91], 10.00th=[   98], 20.00th=[  115],
     | 30.00th=[  133], 40.00th=[  153], 50.00th=[  172], 60.00th=[  190],
     | 70.00th=[  217], 80.00th=[  255], 90.00th=[  310], 95.00th=[  359],
     | 99.00th=[  449], 99.50th=[  494], 99.90th=[  676], 99.95th=[ 1336],
     | 99.99th=[ 3294]
   bw (  KiB/s): min= 8930, max=43736, per=100.00%, avg=25239.57, stdev=1956.41, samples=60
   iops        : min= 2231, max=10934, avg=6309.75, stdev=489.15, samples=60
  cpu          : usr=64.63%, sys=3.63%, ctx=151267, majf=0, minf=0
  IO depths    : 1=100.0%, 2=0.0%, 4=0.0%, 8=0.0%, 16=0.0%, 32=0.0%, >=64=0.0%
     submit    : 0=0.0%, 4=100.0%, 8=0.0%, 16=0.0%, 32=0.0%, 64=0.0%, >=64=0.0%
     complete  : 0=0.0%, 4=100.0%, 8=0.0%, 16=0.0%, 32=0.0%, 64=0.0%, >=64=0.0%
     issued rwts: total=40000,0,0,0 short=0,0,0,0 dropped=0,0,0,0
     latency   : target=0, window=0, percentile=100.00%, depth=1

Run status group 0 (all jobs):
   READ: bw=20.2MiB/s (21.2MB/s), 20.2MiB/s-20.2MiB/s (21.2MB/s-21.2MB/s), io=156MiB (164MB), run=7726-7726msec
