create: (g=0): rw=read, bs=(R) 4096B-4096B, (W) 4096B-4096B, (T) 4096B-4096B, ioengine=filecreate, iodepth=1
...
fio-3.41
Starting 30 threads

create: (groupid=0, jobs=30): err= 0: pid=36026: Fri Mar 13 17:58:57 2026
  read: IOPS=4576, BW=17.9MiB/s (18.7MB/s)(938MiB/52442msec)
    clat (usec): min=76, max=59976, avg=5839.10, stdev=2344.87
    clat percentiles (usec):
     |  1.00th=[  124],  5.00th=[  165], 10.00th=[ 4817], 20.00th=[ 5604],
     | 30.00th=[ 5866], 40.00th=[ 6063], 50.00th=[ 6259], 60.00th=[ 6390],
     | 70.00th=[ 6587], 80.00th=[ 6783], 90.00th=[ 7046], 95.00th=[ 7308],
     | 99.00th=[ 7767], 99.50th=[ 8094], 99.90th=[19006], 99.95th=[54789],
     | 99.99th=[59507]
   bw (  KiB/s): min=15122, max=22210, per=100.00%, avg=18363.46, stdev=33.58, samples=3129
   iops        : min= 3780, max= 5552, avg=4590.81, stdev= 8.40, samples=3129
  cpu          : usr=9.47%, sys=1.25%, ctx=1059109, majf=0, minf=0
  IO depths    : 1=100.0%, 2=0.0%, 4=0.0%, 8=0.0%, 16=0.0%, 32=0.0%, >=64=0.0%
     submit    : 0=0.0%, 4=100.0%, 8=0.0%, 16=0.0%, 32=0.0%, 64=0.0%, >=64=0.0%
     complete  : 0=0.0%, 4=100.0%, 8=0.0%, 16=0.0%, 32=0.0%, 64=0.0%, >=64=0.0%
     issued rwts: total=240000,0,0,0 short=0,0,0,0 dropped=0,0,0,0
     latency   : target=0, window=0, percentile=100.00%, depth=1

Run status group 0 (all jobs):
   READ: bw=17.9MiB/s (18.7MB/s), 17.9MiB/s-17.9MiB/s (18.7MB/s-18.7MB/s), io=938MiB (983MB), run=52442-52442msec
