create: (g=0): rw=read, bs=(R) 4096B-4096B, (W) 4096B-4096B, (T) 4096B-4096B, ioengine=filecreate, iodepth=1
...
fio-3.41
Starting 44 threads

create: (groupid=0, jobs=44): err= 0: pid=249739: Fri Mar 13 20:55:25 2026
  read: IOPS=6136, BW=24.0MiB/s (25.1MB/s)(1375MiB/57358msec)
    clat (usec): min=40, max=67626, avg=6339.47, stdev=3493.88
    clat percentiles (usec):
     |  1.00th=[   60],  5.00th=[   84], 10.00th=[  116], 20.00th=[ 5473],
     | 30.00th=[ 6194], 40.00th=[ 6652], 50.00th=[ 7046], 60.00th=[ 7439],
     | 70.00th=[ 7963], 80.00th=[ 8586], 90.00th=[ 9110], 95.00th=[ 9634],
     | 99.00th=[10552], 99.50th=[12518], 99.90th=[43779], 99.95th=[54789],
     | 99.99th=[66323]
   bw (  KiB/s): min=17144, max=38960, per=100.00%, avg=24789.68, stdev=70.47, samples=4955
   iops        : min= 4286, max= 9740, avg=6197.40, stdev=17.62, samples=4955
  cpu          : usr=9.32%, sys=1.15%, ctx=1855519, majf=0, minf=0
  IO depths    : 1=100.0%, 2=0.0%, 4=0.0%, 8=0.0%, 16=0.0%, 32=0.0%, >=64=0.0%
     submit    : 0=0.0%, 4=100.0%, 8=0.0%, 16=0.0%, 32=0.0%, 64=0.0%, >=64=0.0%
     complete  : 0=0.0%, 4=100.0%, 8=0.0%, 16=0.0%, 32=0.0%, 64=0.0%, >=64=0.0%
     issued rwts: total=352000,0,0,0 short=0,0,0,0 dropped=0,0,0,0
     latency   : target=0, window=0, percentile=100.00%, depth=1

Run status group 0 (all jobs):
   READ: bw=24.0MiB/s (25.1MB/s), 24.0MiB/s-24.0MiB/s (25.1MB/s-25.1MB/s), io=1375MiB (1442MB), run=57358-57358msec
