create: (g=0): rw=read, bs=(R) 4096B-4096B, (W) 4096B-4096B, (T) 4096B-4096B, ioengine=filecreate, iodepth=1
...
fio-3.41
Starting 20 threads

create: (groupid=0, jobs=20): err= 0: pid=209085: Fri Mar 13 20:29:12 2026
  read: IOPS=5494, BW=21.5MiB/s (22.5MB/s)(625MiB/29119msec)
    clat (usec): min=43, max=66035, avg=2737.76, stdev=1948.52
    clat percentiles (usec):
     |  1.00th=[   71],  5.00th=[  116], 10.00th=[  157], 20.00th=[  314],
     | 30.00th=[ 1762], 40.00th=[ 2933], 50.00th=[ 3326], 60.00th=[ 3621],
     | 70.00th=[ 3916], 80.00th=[ 4228], 90.00th=[ 4490], 95.00th=[ 4686],
     | 99.00th=[ 5014], 99.50th=[ 5211], 99.90th=[14746], 99.95th=[16057],
     | 99.99th=[65274]
   bw (  KiB/s): min=14638, max=55104, per=100.00%, avg=22409.11, stdev=435.93, samples=1113
   iops        : min= 3658, max=13776, avg=5602.22, stdev=108.99, samples=1113
  cpu          : usr=19.78%, sys=1.78%, ctx=694739, majf=0, minf=0
  IO depths    : 1=100.0%, 2=0.0%, 4=0.0%, 8=0.0%, 16=0.0%, 32=0.0%, >=64=0.0%
     submit    : 0=0.0%, 4=100.0%, 8=0.0%, 16=0.0%, 32=0.0%, 64=0.0%, >=64=0.0%
     complete  : 0=0.0%, 4=100.0%, 8=0.0%, 16=0.0%, 32=0.0%, 64=0.0%, >=64=0.0%
     issued rwts: total=160000,0,0,0 short=0,0,0,0 dropped=0,0,0,0
     latency   : target=0, window=0, percentile=100.00%, depth=1

Run status group 0 (all jobs):
   READ: bw=21.5MiB/s (22.5MB/s), 21.5MiB/s-21.5MiB/s (22.5MB/s-22.5MB/s), io=625MiB (655MB), run=29119-29119msec
