create: (g=0): rw=read, bs=(R) 4096B-4096B, (W) 4096B-4096B, (T) 4096B-4096B, ioengine=filecreate, iodepth=1
...
fio-3.41
Starting 7 threads

create: (groupid=0, jobs=7): err= 0: pid=307368: Sat Mar 14 01:00:31 2026
  read: IOPS=5589, BW=21.8MiB/s (22.9MB/s)(219MiB/10018msec)
    clat (usec): min=64, max=47792, avg=270.41, stdev=449.37
    clat percentiles (usec):
     |  1.00th=[   90],  5.00th=[  102], 10.00th=[  119], 20.00th=[  145],
     | 30.00th=[  167], 40.00th=[  190], 50.00th=[  227], 60.00th=[  265],
     | 70.00th=[  314], 80.00th=[  375], 90.00th=[  474], 95.00th=[  553],
     | 99.00th=[  725], 99.50th=[  799], 99.90th=[ 1106], 99.95th=[ 1647],
     | 99.99th=[10552]
   bw (  KiB/s): min=10056, max=53838, per=100.00%, avg=26510.36, stdev=1513.70, samples=113
   iops        : min= 2514, max=13458, avg=6627.34, stdev=378.39, samples=113
  cpu          : usr=66.45%, sys=2.68%, ctx=220254, majf=0, minf=0
  IO depths    : 1=100.0%, 2=0.0%, 4=0.0%, 8=0.0%, 16=0.0%, 32=0.0%, >=64=0.0%
     submit    : 0=0.0%, 4=100.0%, 8=0.0%, 16=0.0%, 32=0.0%, 64=0.0%, >=64=0.0%
     complete  : 0=0.0%, 4=100.0%, 8=0.0%, 16=0.0%, 32=0.0%, 64=0.0%, >=64=0.0%
     issued rwts: total=56000,0,0,0 short=0,0,0,0 dropped=0,0,0,0
     latency   : target=0, window=0, percentile=100.00%, depth=1

Run status group 0 (all jobs):
   READ: bw=21.8MiB/s (22.9MB/s), 21.8MiB/s-21.8MiB/s (22.9MB/s-22.9MB/s), io=219MiB (229MB), run=10018-10018msec
