create: (g=0): rw=read, bs=(R) 4096B-4096B, (W) 4096B-4096B, (T) 4096B-4096B, ioengine=filecreate, iodepth=1
...
fio-3.41
Starting 21 threads

create: (groupid=0, jobs=21): err= 0: pid=124685: Fri Mar 13 19:36:29 2026
  read: IOPS=5949, BW=23.2MiB/s (24.4MB/s)(656MiB/28238msec)
    clat (usec): min=44, max=63695, avg=2673.93, stdev=2006.69
    clat percentiles (usec):
     |  1.00th=[   71],  5.00th=[  115], 10.00th=[  153], 20.00th=[  273],
     | 30.00th=[  586], 40.00th=[ 2966], 50.00th=[ 3458], 60.00th=[ 3720],
     | 70.00th=[ 3949], 80.00th=[ 4178], 90.00th=[ 4424], 95.00th=[ 4621],
     | 99.00th=[ 5014], 99.50th=[ 5211], 99.90th=[14877], 99.95th=[16319],
     | 99.99th=[62653]
   bw (  KiB/s): min=17635, max=59224, per=100.00%, avg=24293.34, stdev=487.76, samples=1140
   iops        : min= 4408, max=14806, avg=6073.24, stdev=121.94, samples=1140
  cpu          : usr=20.13%, sys=1.73%, ctx=729540, majf=0, minf=1
  IO depths    : 1=100.0%, 2=0.0%, 4=0.0%, 8=0.0%, 16=0.0%, 32=0.0%, >=64=0.0%
     submit    : 0=0.0%, 4=100.0%, 8=0.0%, 16=0.0%, 32=0.0%, 64=0.0%, >=64=0.0%
     complete  : 0=0.0%, 4=100.0%, 8=0.0%, 16=0.0%, 32=0.0%, 64=0.0%, >=64=0.0%
     issued rwts: total=168000,0,0,0 short=0,0,0,0 dropped=0,0,0,0
     latency   : target=0, window=0, percentile=100.00%, depth=1

Run status group 0 (all jobs):
   READ: bw=23.2MiB/s (24.4MB/s), 23.2MiB/s-23.2MiB/s (24.4MB/s-24.4MB/s), io=656MiB (688MB), run=28238-28238msec
