create: (g=0): rw=read, bs=(R) 4096B-4096B, (W) 4096B-4096B, (T) 4096B-4096B, ioengine=filecreate, iodepth=1
...
fio-3.41
Starting 7 threads

create: (groupid=0, jobs=7): err= 0: pid=109001: Fri Mar 13 19:27:14 2026
  read: IOPS=6644, BW=26.0MiB/s (27.2MB/s)(219MiB/8428msec)
    clat (usec): min=57, max=41542, avg=229.03, stdev=351.10
    clat percentiles (usec):
     |  1.00th=[   86],  5.00th=[   94], 10.00th=[  102], 20.00th=[  126],
     | 30.00th=[  149], 40.00th=[  167], 50.00th=[  196], 60.00th=[  227],
     | 70.00th=[  262], 80.00th=[  310], 90.00th=[  388], 95.00th=[  453],
     | 99.00th=[  578], 99.50th=[  644], 99.90th=[ 1090], 99.95th=[ 1827],
     | 99.99th=[23725]
   bw (  KiB/s): min=10464, max=58067, per=100.00%, avg=29301.14, stdev=1850.85, samples=99
   iops        : min= 2616, max=14516, avg=7325.23, stdev=462.70, samples=99
  cpu          : usr=68.61%, sys=2.60%, ctx=220676, majf=0, minf=0
  IO depths    : 1=100.0%, 2=0.0%, 4=0.0%, 8=0.0%, 16=0.0%, 32=0.0%, >=64=0.0%
     submit    : 0=0.0%, 4=100.0%, 8=0.0%, 16=0.0%, 32=0.0%, 64=0.0%, >=64=0.0%
     complete  : 0=0.0%, 4=100.0%, 8=0.0%, 16=0.0%, 32=0.0%, 64=0.0%, >=64=0.0%
     issued rwts: total=56000,0,0,0 short=0,0,0,0 dropped=0,0,0,0
     latency   : target=0, window=0, percentile=100.00%, depth=1

Run status group 0 (all jobs):
   READ: bw=26.0MiB/s (27.2MB/s), 26.0MiB/s-26.0MiB/s (27.2MB/s-27.2MB/s), io=219MiB (229MB), run=8428-8428msec
