create: (g=0): rw=read, bs=(R) 4096B-4096B, (W) 4096B-4096B, (T) 4096B-4096B, ioengine=filecreate, iodepth=1
...
fio-3.41
Starting 9 threads

create: (groupid=0, jobs=9): err= 0: pid=297041: Sat Mar 14 00:05:23 2026
  read: IOPS=11.6k, BW=45.3MiB/s (47.5MB/s)(281MiB/6214msec)
    clat (usec): min=33, max=52344, avg=128.00, stdev=370.86
    clat percentiles (usec):
     |  1.00th=[   41],  5.00th=[   45], 10.00th=[   47], 20.00th=[   49],
     | 30.00th=[   51], 40.00th=[   59], 50.00th=[   72], 60.00th=[   88],
     | 70.00th=[  110], 80.00th=[  141], 90.00th=[  202], 95.00th=[  494],
     | 99.00th=[  938], 99.50th=[ 1037], 99.90th=[ 1254], 99.95th=[ 1729],
     | 99.99th=[ 2606]
   bw (  KiB/s): min=32515, max=117424, per=100.00%, avg=64395.36, stdev=3101.33, samples=77
   iops        : min= 8128, max=29356, avg=16098.62, stdev=775.35, samples=77
  cpu          : usr=68.39%, sys=5.14%, ctx=341699, majf=0, minf=0
  IO depths    : 1=100.0%, 2=0.0%, 4=0.0%, 8=0.0%, 16=0.0%, 32=0.0%, >=64=0.0%
     submit    : 0=0.0%, 4=100.0%, 8=0.0%, 16=0.0%, 32=0.0%, 64=0.0%, >=64=0.0%
     complete  : 0=0.0%, 4=100.0%, 8=0.0%, 16=0.0%, 32=0.0%, 64=0.0%, >=64=0.0%
     issued rwts: total=72000,0,0,0 short=0,0,0,0 dropped=0,0,0,0
     latency   : target=0, window=0, percentile=100.00%, depth=1

Run status group 0 (all jobs):
   READ: bw=45.3MiB/s (47.5MB/s), 45.3MiB/s-45.3MiB/s (47.5MB/s-47.5MB/s), io=281MiB (295MB), run=6214-6214msec
