create: (g=0): rw=read, bs=(R) 4096B-4096B, (W) 4096B-4096B, (T) 4096B-4096B, ioengine=filecreate, iodepth=1
fio-3.41
Starting 1 thread

create: (groupid=0, jobs=1): err= 0: pid=295574: Sat Mar 14 00:03:08 2026
  read: IOPS=3382, BW=13.2MiB/s (13.9MB/s)(31.2MiB/2365msec)
    clat (usec): min=37, max=668, avg=44.07, stdev= 9.64
    clat percentiles (usec):
     |  1.00th=[   39],  5.00th=[   40], 10.00th=[   41], 20.00th=[   41],
     | 30.00th=[   42], 40.00th=[   42], 50.00th=[   43], 60.00th=[   44],
     | 70.00th=[   44], 80.00th=[   46], 90.00th=[   49], 95.00th=[   55],
     | 99.00th=[   74], 99.50th=[   88], 99.90th=[  115], 99.95th=[  147],
     | 99.99th=[  668]
   bw (  KiB/s): min= 7088, max=14864, per=81.61%, avg=11042.00, stdev=3412.94, samples=4
   iops        : min= 1772, max= 3716, avg=2760.50, stdev=853.24, samples=4
  cpu          : usr=66.75%, sys=8.33%, ctx=31815, majf=0, minf=0
  IO depths    : 1=100.0%, 2=0.0%, 4=0.0%, 8=0.0%, 16=0.0%, 32=0.0%, >=64=0.0%
     submit    : 0=0.0%, 4=100.0%, 8=0.0%, 16=0.0%, 32=0.0%, 64=0.0%, >=64=0.0%
     complete  : 0=0.0%, 4=100.0%, 8=0.0%, 16=0.0%, 32=0.0%, 64=0.0%, >=64=0.0%
     issued rwts: total=8000,0,0,0 short=0,0,0,0 dropped=0,0,0,0
     latency   : target=0, window=0, percentile=100.00%, depth=1

Run status group 0 (all jobs):
   READ: bw=13.2MiB/s (13.9MB/s), 13.2MiB/s-13.2MiB/s (13.9MB/s-13.9MB/s), io=31.2MiB (32.8MB), run=2365-2365msec
