create: (g=0): rw=read, bs=(R) 4096B-4096B, (W) 4096B-4096B, (T) 4096B-4096B, ioengine=filecreate, iodepth=1
...
fio-3.41
Starting 56 threads

create: (groupid=0, jobs=56): err= 0: pid=38786: Fri Mar 13 18:19:58 2026
  read: IOPS=4183, BW=16.3MiB/s (17.1MB/s)(1750MiB/107087msec)
    clat (usec): min=70, max=70933, avg=12340.25, stdev=3856.49
    clat percentiles (usec):
     |  1.00th=[  137],  5.00th=[  194], 10.00th=[11338], 20.00th=[12256],
     | 30.00th=[12649], 40.00th=[12911], 50.00th=[13173], 60.00th=[13435],
     | 70.00th=[13566], 80.00th=[13829], 90.00th=[14222], 95.00th=[14484],
     | 99.00th=[15664], 99.50th=[17957], 99.90th=[45876], 99.95th=[58983],
     | 99.99th=[69731]
   bw (  KiB/s): min=14400, max=26796, per=100.00%, avg=16789.09, stdev=23.12, samples=11916
   iops        : min= 3600, max= 6689, avg=4197.19, stdev= 5.77, samples=11916
  cpu          : usr=6.91%, sys=0.65%, ctx=1970622, majf=0, minf=20
  IO depths    : 1=100.0%, 2=0.0%, 4=0.0%, 8=0.0%, 16=0.0%, 32=0.0%, >=64=0.0%
     submit    : 0=0.0%, 4=100.0%, 8=0.0%, 16=0.0%, 32=0.0%, 64=0.0%, >=64=0.0%
     complete  : 0=0.0%, 4=100.0%, 8=0.0%, 16=0.0%, 32=0.0%, 64=0.0%, >=64=0.0%
     issued rwts: total=448000,0,0,0 short=0,0,0,0 dropped=0,0,0,0
     latency   : target=0, window=0, percentile=100.00%, depth=1

Run status group 0 (all jobs):
   READ: bw=16.3MiB/s (17.1MB/s), 16.3MiB/s-16.3MiB/s (17.1MB/s-17.1MB/s), io=1750MiB (1835MB), run=107087-107087msec
