create: (g=0): rw=read, bs=(R) 4096B-4096B, (W) 4096B-4096B, (T) 4096B-4096B, ioengine=filecreate, iodepth=1
...
fio-3.41
Starting 19 threads

create: (groupid=0, jobs=19): err= 0: pid=22544: Fri Mar 13 16:46:30 2026
  read: IOPS=7360, BW=28.8MiB/s (30.1MB/s)(594MiB/20650msec)
    clat (usec): min=39, max=73161, avg=2101.99, stdev=1767.80
    clat percentiles (usec):
     |  1.00th=[   51],  5.00th=[   57], 10.00th=[   70], 20.00th=[  127],
     | 30.00th=[ 1844], 40.00th=[ 2180], 50.00th=[ 2442], 60.00th=[ 2638],
     | 70.00th=[ 2835], 80.00th=[ 2999], 90.00th=[ 3195], 95.00th=[ 3326],
     | 99.00th=[ 3589], 99.50th=[ 3687], 99.90th=[11338], 99.95th=[47449],
     | 99.99th=[63701]
   bw (  KiB/s): min=20150, max=34984, per=100.00%, avg=29549.53, stdev=147.01, samples=771
   iops        : min= 5032, max= 8746, avg=7387.25, stdev=36.78, samples=771
  cpu          : usr=15.48%, sys=2.46%, ctx=796970, majf=0, minf=0
  IO depths    : 1=100.0%, 2=0.0%, 4=0.0%, 8=0.0%, 16=0.0%, 32=0.0%, >=64=0.0%
     submit    : 0=0.0%, 4=100.0%, 8=0.0%, 16=0.0%, 32=0.0%, 64=0.0%, >=64=0.0%
     complete  : 0=0.0%, 4=100.0%, 8=0.0%, 16=0.0%, 32=0.0%, 64=0.0%, >=64=0.0%
     issued rwts: total=152000,0,0,0 short=0,0,0,0 dropped=0,0,0,0
     latency   : target=0, window=0, percentile=100.00%, depth=1

Run status group 0 (all jobs):
   READ: bw=28.8MiB/s (30.1MB/s), 28.8MiB/s-28.8MiB/s (30.1MB/s-30.1MB/s), io=594MiB (623MB), run=20650-20650msec
