create: (g=0): rw=read, bs=(R) 4096B-4096B, (W) 4096B-4096B, (T) 4096B-4096B, ioengine=filecreate, iodepth=1
...
fio-3.41
Starting 14 threads

create: (groupid=0, jobs=14): err= 0: pid=287196: Fri Mar 13 23:11:16 2026
  read: IOPS=5912, BW=23.1MiB/s (24.2MB/s)(438MiB/18944msec)
    clat (usec): min=45, max=58094, avg=1587.32, stdev=1166.59
    clat percentiles (usec):
     |  1.00th=[   90],  5.00th=[  137], 10.00th=[  188], 20.00th=[  404],
     | 30.00th=[  783], 40.00th=[ 1516], 50.00th=[ 1893], 60.00th=[ 2114],
     | 70.00th=[ 2278], 80.00th=[ 2409], 90.00th=[ 2606], 95.00th=[ 2769],
     | 99.00th=[ 3032], 99.50th=[ 3130], 99.90th=[ 3556], 99.95th=[13566],
     | 99.99th=[48497]
   bw (  KiB/s): min=17398, max=42008, per=100.00%, avg=23941.57, stdev=409.23, samples=509
   iops        : min= 4346, max=10502, avg=5985.21, stdev=102.32, samples=509
  cpu          : usr=28.29%, sys=2.26%, ctx=486433, majf=0, minf=0
  IO depths    : 1=100.0%, 2=0.0%, 4=0.0%, 8=0.0%, 16=0.0%, 32=0.0%, >=64=0.0%
     submit    : 0=0.0%, 4=100.0%, 8=0.0%, 16=0.0%, 32=0.0%, 64=0.0%, >=64=0.0%
     complete  : 0=0.0%, 4=100.0%, 8=0.0%, 16=0.0%, 32=0.0%, 64=0.0%, >=64=0.0%
     issued rwts: total=112000,0,0,0 short=0,0,0,0 dropped=0,0,0,0
     latency   : target=0, window=0, percentile=100.00%, depth=1

Run status group 0 (all jobs):
   READ: bw=23.1MiB/s (24.2MB/s), 23.1MiB/s-23.1MiB/s (24.2MB/s-24.2MB/s), io=438MiB (459MB), run=18944-18944msec
