create: (g=0): rw=read, bs=(R) 4096B-4096B, (W) 4096B-4096B, (T) 4096B-4096B, ioengine=filecreate, iodepth=1
...
fio-3.41
Starting 16 threads

create: (groupid=0, jobs=16): err= 0: pid=276970: Fri Mar 13 22:16:47 2026
  read: IOPS=8898, BW=34.8MiB/s (36.4MB/s)(500MiB/14384msec)
    clat (usec): min=38, max=58561, avg=1267.14, stdev=1189.07
    clat percentiles (usec):
     |  1.00th=[   48],  5.00th=[   52], 10.00th=[   55], 20.00th=[   70],
     | 30.00th=[  151], 40.00th=[ 1418], 50.00th=[ 1631], 60.00th=[ 1762],
     | 70.00th=[ 1893], 80.00th=[ 2008], 90.00th=[ 2147], 95.00th=[ 2212],
     | 99.00th=[ 2376], 99.50th=[ 2442], 99.90th=[ 3032], 99.95th=[11600],
     | 99.99th=[57410]
   bw (  KiB/s): min=24525, max=58416, per=100.00%, avg=36713.23, stdev=512.72, samples=435
   iops        : min= 6126, max=14604, avg=9178.08, stdev=128.19, samples=435
  cpu          : usr=22.73%, sys=2.75%, ctx=663592, majf=0, minf=0
  IO depths    : 1=100.0%, 2=0.0%, 4=0.0%, 8=0.0%, 16=0.0%, 32=0.0%, >=64=0.0%
     submit    : 0=0.0%, 4=100.0%, 8=0.0%, 16=0.0%, 32=0.0%, 64=0.0%, >=64=0.0%
     complete  : 0=0.0%, 4=100.0%, 8=0.0%, 16=0.0%, 32=0.0%, 64=0.0%, >=64=0.0%
     issued rwts: total=128000,0,0,0 short=0,0,0,0 dropped=0,0,0,0
     latency   : target=0, window=0, percentile=100.00%, depth=1

Run status group 0 (all jobs):
   READ: bw=34.8MiB/s (36.4MB/s), 34.8MiB/s-34.8MiB/s (36.4MB/s-36.4MB/s), io=500MiB (524MB), run=14384-14384msec
