create: (g=0): rw=read, bs=(R) 4096B-4096B, (W) 4096B-4096B, (T) 4096B-4096B, ioengine=filecreate, iodepth=1
...
fio-3.41
Starting 13 threads

create: (groupid=0, jobs=13): err= 0: pid=31622: Fri Mar 13 17:37:18 2026
  read: IOPS=5388, BW=21.0MiB/s (22.1MB/s)(406MiB/19299msec)
    clat (usec): min=46, max=54882, avg=1544.80, stdev=1233.30
    clat percentiles (usec):
     |  1.00th=[  103],  5.00th=[  151], 10.00th=[  215], 20.00th=[  478],
     | 30.00th=[  816], 40.00th=[ 1303], 50.00th=[ 1762], 60.00th=[ 2040],
     | 70.00th=[ 2212], 80.00th=[ 2376], 90.00th=[ 2573], 95.00th=[ 2704],
     | 99.00th=[ 2999], 99.50th=[ 3097], 99.90th=[ 3621], 99.95th=[13698],
     | 99.99th=[49546]
   bw (  KiB/s): min=14183, max=34840, per=100.00%, avg=22516.84, stdev=387.51, samples=473
   iops        : min= 3544, max= 8710, avg=5629.12, stdev=96.89, samples=473
  cpu          : usr=29.25%, sys=2.37%, ctx=452119, majf=0, minf=0
  IO depths    : 1=100.0%, 2=0.0%, 4=0.0%, 8=0.0%, 16=0.0%, 32=0.0%, >=64=0.0%
     submit    : 0=0.0%, 4=100.0%, 8=0.0%, 16=0.0%, 32=0.0%, 64=0.0%, >=64=0.0%
     complete  : 0=0.0%, 4=100.0%, 8=0.0%, 16=0.0%, 32=0.0%, 64=0.0%, >=64=0.0%
     issued rwts: total=104000,0,0,0 short=0,0,0,0 dropped=0,0,0,0
     latency   : target=0, window=0, percentile=100.00%, depth=1

Run status group 0 (all jobs):
   READ: bw=21.0MiB/s (22.1MB/s), 21.0MiB/s-21.0MiB/s (22.1MB/s-22.1MB/s), io=406MiB (426MB), run=19299-19299msec
