create: (g=0): rw=read, bs=(R) 4096B-4096B, (W) 4096B-4096B, (T) 4096B-4096B, ioengine=filecreate, iodepth=1
...
fio-3.41
Starting 64 threads

create: (groupid=0, jobs=64): err= 0: pid=103887: Fri Mar 13 19:25:45 2026
  read: IOPS=6009, BW=23.5MiB/s (24.6MB/s)(2000MiB/85203msec)
    clat (usec): min=38, max=104731, avg=9490.58, stdev=4519.98
    clat percentiles (usec):
     |  1.00th=[    65],  5.00th=[    94], 10.00th=[   128], 20.00th=[  8717],
     | 30.00th=[  9503], 40.00th=[  9896], 50.00th=[ 10421], 60.00th=[ 10945],
     | 70.00th=[ 11469], 80.00th=[ 12256], 90.00th=[ 13304], 95.00th=[ 13960],
     | 99.00th=[ 15270], 99.50th=[ 17171], 99.90th=[ 38011], 99.95th=[ 49546],
     | 99.99th=[103285]
   bw (  KiB/s): min=15464, max=37352, per=100.00%, avg=24114.83, stdev=42.62, samples=10864
   iops        : min= 3866, max= 9338, avg=6028.70, stdev=10.66, samples=10864
  cpu          : usr=9.67%, sys=0.83%, ctx=2715078, majf=0, minf=0
  IO depths    : 1=100.0%, 2=0.0%, 4=0.0%, 8=0.0%, 16=0.0%, 32=0.0%, >=64=0.0%
     submit    : 0=0.0%, 4=100.0%, 8=0.0%, 16=0.0%, 32=0.0%, 64=0.0%, >=64=0.0%
     complete  : 0=0.0%, 4=100.0%, 8=0.0%, 16=0.0%, 32=0.0%, 64=0.0%, >=64=0.0%
     issued rwts: total=512000,0,0,0 short=0,0,0,0 dropped=0,0,0,0
     latency   : target=0, window=0, percentile=100.00%, depth=1

Run status group 0 (all jobs):
   READ: bw=23.5MiB/s (24.6MB/s), 23.5MiB/s-23.5MiB/s (24.6MB/s-24.6MB/s), io=2000MiB (2097MB), run=85203-85203msec
