create: (g=0): rw=read, bs=(R) 4096B-4096B, (W) 4096B-4096B, (T) 4096B-4096B, ioengine=filecreate, iodepth=1
...
fio-3.41
Starting 56 threads

create: (groupid=0, jobs=56): err= 0: pid=89508: Fri Mar 13 19:16:33 2026
  read: IOPS=4407, BW=17.2MiB/s (18.1MB/s)(1750MiB/101648msec)
    clat (usec): min=57, max=74375, avg=11731.77, stdev=3984.08
    clat percentiles (usec):
     |  1.00th=[  126],  5.00th=[  182], 10.00th=[ 9110], 20.00th=[10683],
     | 30.00th=[11600], 40.00th=[12125], 50.00th=[12649], 60.00th=[13042],
     | 70.00th=[13435], 80.00th=[13829], 90.00th=[14222], 95.00th=[14615],
     | 99.00th=[16909], 99.50th=[20055], 99.90th=[45876], 99.95th=[56886],
     | 99.99th=[71828]
   bw (  KiB/s): min=14080, max=27616, per=100.00%, avg=17683.08, stdev=28.64, samples=11320
   iops        : min= 3520, max= 6904, avg=4420.65, stdev= 7.16, samples=11320
  cpu          : usr=6.82%, sys=0.65%, ctx=1967397, majf=0, minf=20
  IO depths    : 1=100.0%, 2=0.0%, 4=0.0%, 8=0.0%, 16=0.0%, 32=0.0%, >=64=0.0%
     submit    : 0=0.0%, 4=100.0%, 8=0.0%, 16=0.0%, 32=0.0%, 64=0.0%, >=64=0.0%
     complete  : 0=0.0%, 4=100.0%, 8=0.0%, 16=0.0%, 32=0.0%, 64=0.0%, >=64=0.0%
     issued rwts: total=448000,0,0,0 short=0,0,0,0 dropped=0,0,0,0
     latency   : target=0, window=0, percentile=100.00%, depth=1

Run status group 0 (all jobs):
   READ: bw=17.2MiB/s (18.1MB/s), 17.2MiB/s-17.2MiB/s (18.1MB/s-18.1MB/s), io=1750MiB (1835MB), run=101648-101648msec
