create: (g=0): rw=read, bs=(R) 4096B-4096B, (W) 4096B-4096B, (T) 4096B-4096B, ioengine=filecreate, iodepth=1
...
fio-3.41
Starting 19 threads

create: (groupid=0, jobs=19): err= 0: pid=299364: Sat Mar 14 00:12:19 2026
  read: IOPS=7910, BW=30.9MiB/s (32.4MB/s)(594MiB/19216msec)
    clat (usec): min=40, max=60406, avg=1966.85, stdev=1687.18
    clat percentiles (usec):
     |  1.00th=[   50],  5.00th=[   55], 10.00th=[   62], 20.00th=[   89],
     | 30.00th=[ 1860], 40.00th=[ 2114], 50.00th=[ 2311], 60.00th=[ 2474],
     | 70.00th=[ 2638], 80.00th=[ 2802], 90.00th=[ 2999], 95.00th=[ 3130],
     | 99.00th=[ 3326], 99.50th=[ 3392], 99.90th=[11207], 99.95th=[46924],
     | 99.99th=[60031]
   bw (  KiB/s): min=20623, max=40014, per=100.00%, avg=31852.53, stdev=173.14, samples=709
   iops        : min= 5154, max=10001, avg=7963.02, stdev=43.27, samples=709
  cpu          : usr=14.33%, sys=2.41%, ctx=795758, majf=0, minf=0
  IO depths    : 1=100.0%, 2=0.0%, 4=0.0%, 8=0.0%, 16=0.0%, 32=0.0%, >=64=0.0%
     submit    : 0=0.0%, 4=100.0%, 8=0.0%, 16=0.0%, 32=0.0%, 64=0.0%, >=64=0.0%
     complete  : 0=0.0%, 4=100.0%, 8=0.0%, 16=0.0%, 32=0.0%, 64=0.0%, >=64=0.0%
     issued rwts: total=152000,0,0,0 short=0,0,0,0 dropped=0,0,0,0
     latency   : target=0, window=0, percentile=100.00%, depth=1

Run status group 0 (all jobs):
   READ: bw=30.9MiB/s (32.4MB/s), 30.9MiB/s-30.9MiB/s (32.4MB/s-32.4MB/s), io=594MiB (623MB), run=19216-19216msec
