create: (g=0): rw=read, bs=(R) 4096B-4096B, (W) 4096B-4096B, (T) 4096B-4096B, ioengine=filecreate, iodepth=1
...
fio-3.41
Starting 2 threads

create: (groupid=0, jobs=2): err= 0: pid=40173: Fri Mar 13 18:30:00 2026
  read: IOPS=3084, BW=12.0MiB/s (12.6MB/s)(62.5MiB/5187msec)
    clat (usec): min=76, max=60316, avg=173.09, stdev=898.19
    clat percentiles (usec):
     |  1.00th=[   87],  5.00th=[   92], 10.00th=[   95], 20.00th=[  102],
     | 30.00th=[  117], 40.00th=[  137], 50.00th=[  155], 60.00th=[  169],
     | 70.00th=[  184], 80.00th=[  196], 90.00th=[  231], 95.00th=[  258],
     | 99.00th=[  289], 99.50th=[  297], 99.90th=[  408], 99.95th=[ 1221],
     | 99.99th=[52691]
   bw (  KiB/s): min= 7088, max=26032, per=98.42%, avg=12143.20, stdev=2728.78, samples=19
   iops        : min= 1772, max= 6508, avg=3035.80, stdev=682.20, samples=19
  cpu          : usr=60.02%, sys=4.13%, ctx=56611, majf=0, minf=0
  IO depths    : 1=100.0%, 2=0.0%, 4=0.0%, 8=0.0%, 16=0.0%, 32=0.0%, >=64=0.0%
     submit    : 0=0.0%, 4=100.0%, 8=0.0%, 16=0.0%, 32=0.0%, 64=0.0%, >=64=0.0%
     complete  : 0=0.0%, 4=100.0%, 8=0.0%, 16=0.0%, 32=0.0%, 64=0.0%, >=64=0.0%
     issued rwts: total=16000,0,0,0 short=0,0,0,0 dropped=0,0,0,0
     latency   : target=0, window=0, percentile=100.00%, depth=1

Run status group 0 (all jobs):
   READ: bw=12.0MiB/s (12.6MB/s), 12.0MiB/s-12.0MiB/s (12.6MB/s-12.6MB/s), io=62.5MiB (65.5MB), run=5187-5187msec
