create: (g=0): rw=read, bs=(R) 4096B-4096B, (W) 4096B-4096B, (T) 4096B-4096B, ioengine=filecreate, iodepth=1
...
fio-3.41
Starting 44 threads

create: (groupid=0, jobs=44): err= 0: pid=164060: Fri Mar 13 20:01:59 2026
  read: IOPS=6117, BW=23.9MiB/s (25.1MB/s)(1375MiB/57540msec)
    clat (usec): min=41, max=74201, avg=6391.76, stdev=3413.07
    clat percentiles (usec):
     |  1.00th=[   60],  5.00th=[   85], 10.00th=[  117], 20.00th=[ 5669],
     | 30.00th=[ 6456], 40.00th=[ 6849], 50.00th=[ 7242], 60.00th=[ 7570],
     | 70.00th=[ 7963], 80.00th=[ 8356], 90.00th=[ 9110], 95.00th=[ 9634],
     | 99.00th=[10421], 99.50th=[12125], 99.90th=[38011], 99.95th=[49546],
     | 99.99th=[60556]
   bw (  KiB/s): min=16216, max=42574, per=100.00%, avg=24661.09, stdev=76.79, samples=4995
   iops        : min= 4054, max=10643, avg=6165.27, stdev=19.20, samples=4995
  cpu          : usr=9.23%, sys=1.13%, ctx=1856913, majf=0, minf=0
  IO depths    : 1=100.0%, 2=0.0%, 4=0.0%, 8=0.0%, 16=0.0%, 32=0.0%, >=64=0.0%
     submit    : 0=0.0%, 4=100.0%, 8=0.0%, 16=0.0%, 32=0.0%, 64=0.0%, >=64=0.0%
     complete  : 0=0.0%, 4=100.0%, 8=0.0%, 16=0.0%, 32=0.0%, 64=0.0%, >=64=0.0%
     issued rwts: total=352000,0,0,0 short=0,0,0,0 dropped=0,0,0,0
     latency   : target=0, window=0, percentile=100.00%, depth=1

Run status group 0 (all jobs):
   READ: bw=23.9MiB/s (25.1MB/s), 23.9MiB/s-23.9MiB/s (25.1MB/s-25.1MB/s), io=1375MiB (1442MB), run=57540-57540msec
