create: (g=0): rw=read, bs=(R) 4096B-4096B, (W) 4096B-4096B, (T) 4096B-4096B, ioengine=filecreate, iodepth=1
...
fio-3.41
Starting 15 threads

create: (groupid=0, jobs=15): err= 0: pid=32224: Fri Mar 13 17:39:06 2026
  read: IOPS=9277, BW=36.2MiB/s (38.0MB/s)(469MiB/12935msec)
    clat (usec): min=37, max=61694, avg=1012.83, stdev=1106.69
    clat percentiles (usec):
     |  1.00th=[   47],  5.00th=[   50], 10.00th=[   52], 20.00th=[   60],
     | 30.00th=[   84], 40.00th=[  151], 50.00th=[ 1352], 60.00th=[ 1565],
     | 70.00th=[ 1713], 80.00th=[ 1844], 90.00th=[ 1991], 95.00th=[ 2114],
     | 99.00th=[ 2311], 99.50th=[ 2376], 99.90th=[ 2900], 99.95th=[ 6980],
     | 99.99th=[46924]
   bw (  KiB/s): min=24469, max=59912, per=100.00%, avg=38105.79, stdev=544.30, samples=362
   iops        : min= 6114, max=14978, avg=9526.08, stdev=136.08, samples=362
  cpu          : usr=29.88%, sys=2.92%, ctx=611666, majf=0, minf=0
  IO depths    : 1=100.0%, 2=0.0%, 4=0.0%, 8=0.0%, 16=0.0%, 32=0.0%, >=64=0.0%
     submit    : 0=0.0%, 4=100.0%, 8=0.0%, 16=0.0%, 32=0.0%, 64=0.0%, >=64=0.0%
     complete  : 0=0.0%, 4=100.0%, 8=0.0%, 16=0.0%, 32=0.0%, 64=0.0%, >=64=0.0%
     issued rwts: total=120000,0,0,0 short=0,0,0,0 dropped=0,0,0,0
     latency   : target=0, window=0, percentile=100.00%, depth=1

Run status group 0 (all jobs):
   READ: bw=36.2MiB/s (38.0MB/s), 36.2MiB/s-36.2MiB/s (38.0MB/s-38.0MB/s), io=469MiB (492MB), run=12935-12935msec
