create: (g=0): rw=read, bs=(R) 4096B-4096B, (W) 4096B-4096B, (T) 4096B-4096B, ioengine=filecreate, iodepth=1
...
fio-3.41
Starting 26 threads

create: (groupid=0, jobs=26): err= 0: pid=301079: Sat Mar 14 00:21:15 2026
  read: IOPS=4509, BW=17.6MiB/s (18.5MB/s)(813MiB/46126msec)
    clat (usec): min=72, max=62528, avg=5056.68, stdev=2187.15
    clat percentiles (usec):
     |  1.00th=[  126],  5.00th=[  163], 10.00th=[ 4015], 20.00th=[ 4817],
     | 30.00th=[ 5080], 40.00th=[ 5276], 50.00th=[ 5407], 60.00th=[ 5538],
     | 70.00th=[ 5735], 80.00th=[ 5866], 90.00th=[ 6128], 95.00th=[ 6390],
     | 99.00th=[ 6915], 99.50th=[ 7111], 99.90th=[20317], 99.95th=[53216],
     | 99.99th=[61604]
   bw (  KiB/s): min=14353, max=23442, per=100.00%, avg=18110.45, stdev=50.75, samples=2366
   iops        : min= 3585, max= 5859, avg=4527.52, stdev=12.68, samples=2366
  cpu          : usr=10.49%, sys=1.42%, ctx=915344, majf=0, minf=0
  IO depths    : 1=100.0%, 2=0.0%, 4=0.0%, 8=0.0%, 16=0.0%, 32=0.0%, >=64=0.0%
     submit    : 0=0.0%, 4=100.0%, 8=0.0%, 16=0.0%, 32=0.0%, 64=0.0%, >=64=0.0%
     complete  : 0=0.0%, 4=100.0%, 8=0.0%, 16=0.0%, 32=0.0%, 64=0.0%, >=64=0.0%
     issued rwts: total=208000,0,0,0 short=0,0,0,0 dropped=0,0,0,0
     latency   : target=0, window=0, percentile=100.00%, depth=1

Run status group 0 (all jobs):
   READ: bw=17.6MiB/s (18.5MB/s), 17.6MiB/s-17.6MiB/s (18.5MB/s-18.5MB/s), io=813MiB (852MB), run=46126-46126msec
