create: (g=0): rw=read, bs=(R) 4096B-4096B, (W) 4096B-4096B, (T) 4096B-4096B, ioengine=filecreate, iodepth=1
...
fio-3.41
Starting 4 threads

create: (groupid=0, jobs=4): err= 0: pid=107368: Fri Mar 13 19:26:23 2026
  read: IOPS=6973, BW=27.2MiB/s (28.6MB/s)(125MiB/4589msec)
    clat (usec): min=52, max=42176, avg=174.79, stdev=530.47
    clat percentiles (usec):
     |  1.00th=[   83],  5.00th=[   89], 10.00th=[   94], 20.00th=[  103],
     | 30.00th=[  119], 40.00th=[  135], 50.00th=[  151], 60.00th=[  167],
     | 70.00th=[  186], 80.00th=[  217], 90.00th=[  265], 95.00th=[  306],
     | 99.00th=[  400], 99.50th=[  445], 99.90th=[  750], 99.95th=[ 1762],
     | 99.99th=[33162]
   bw (  KiB/s): min=10900, max=41848, per=98.69%, avg=27528.89, stdev=2595.35, samples=35
   iops        : min= 2725, max=10462, avg=6882.22, stdev=648.84, samples=35
  cpu          : usr=60.49%, sys=4.64%, ctx=123292, majf=0, minf=0
  IO depths    : 1=100.0%, 2=0.0%, 4=0.0%, 8=0.0%, 16=0.0%, 32=0.0%, >=64=0.0%
     submit    : 0=0.0%, 4=100.0%, 8=0.0%, 16=0.0%, 32=0.0%, 64=0.0%, >=64=0.0%
     complete  : 0=0.0%, 4=100.0%, 8=0.0%, 16=0.0%, 32=0.0%, 64=0.0%, >=64=0.0%
     issued rwts: total=32000,0,0,0 short=0,0,0,0 dropped=0,0,0,0
     latency   : target=0, window=0, percentile=100.00%, depth=1

Run status group 0 (all jobs):
   READ: bw=27.2MiB/s (28.6MB/s), 27.2MiB/s-27.2MiB/s (28.6MB/s-28.6MB/s), io=125MiB (131MB), run=4589-4589msec
