create: (g=0): rw=read, bs=(R) 4096B-4096B, (W) 4096B-4096B, (T) 4096B-4096B, ioengine=filecreate, iodepth=1
...
fio-3.41
Starting 31 threads

create: (groupid=0, jobs=31): err= 0: pid=291728: Fri Mar 13 23:33:57 2026
  read: IOPS=4703, BW=18.4MiB/s (19.3MB/s)(969MiB/52727msec)
    clat (usec): min=71, max=59320, avg=5891.68, stdev=2426.64
    clat percentiles (usec):
     |  1.00th=[  123],  5.00th=[  155], 10.00th=[ 4752], 20.00th=[ 5735],
     | 30.00th=[ 5997], 40.00th=[ 6194], 50.00th=[ 6325], 60.00th=[ 6521],
     | 70.00th=[ 6652], 80.00th=[ 6849], 90.00th=[ 7111], 95.00th=[ 7308],
     | 99.00th=[ 7767], 99.50th=[ 8094], 99.90th=[37487], 99.95th=[53216],
     | 99.99th=[57934]
   bw (  KiB/s): min=15422, max=25064, per=100.00%, avg=18893.63, stdev=40.98, samples=3233
   iops        : min= 3853, max= 6266, avg=4723.38, stdev=10.25, samples=3233
  cpu          : usr=9.11%, sys=1.27%, ctx=1093672, majf=0, minf=0
  IO depths    : 1=100.0%, 2=0.0%, 4=0.0%, 8=0.0%, 16=0.0%, 32=0.0%, >=64=0.0%
     submit    : 0=0.0%, 4=100.0%, 8=0.0%, 16=0.0%, 32=0.0%, 64=0.0%, >=64=0.0%
     complete  : 0=0.0%, 4=100.0%, 8=0.0%, 16=0.0%, 32=0.0%, 64=0.0%, >=64=0.0%
     issued rwts: total=248000,0,0,0 short=0,0,0,0 dropped=0,0,0,0
     latency   : target=0, window=0, percentile=100.00%, depth=1

Run status group 0 (all jobs):
   READ: bw=18.4MiB/s (19.3MB/s), 18.4MiB/s-18.4MiB/s (19.3MB/s-19.3MB/s), io=969MiB (1016MB), run=52727-52727msec
