create: (g=0): rw=read, bs=(R) 4096B-4096B, (W) 4096B-4096B, (T) 4096B-4096B, ioengine=filecreate, iodepth=1
...
fio-3.41
Starting 6 threads

create: (groupid=0, jobs=6): err= 0: pid=194537: Fri Mar 13 20:20:39 2026
  read: IOPS=8720, BW=34.1MiB/s (35.7MB/s)(188MiB/5504msec)
    clat (usec): min=43, max=64116, avg=247.51, stdev=692.51
    clat percentiles (usec):
     |  1.00th=[   75],  5.00th=[   89], 10.00th=[   97], 20.00th=[  123],
     | 30.00th=[  149], 40.00th=[  174], 50.00th=[  202], 60.00th=[  239],
     | 70.00th=[  289], 80.00th=[  347], 90.00th=[  420], 95.00th=[  482],
     | 99.00th=[  603], 99.50th=[  660], 99.90th=[ 1090], 99.95th=[ 1762],
     | 99.99th=[44827]
   bw (  KiB/s): min=15588, max=47592, per=100.00%, avg=35035.96, stdev=1571.41, samples=62
   iops        : min= 3896, max=11898, avg=8758.89, stdev=392.88, samples=62
  cpu          : usr=55.68%, sys=4.09%, ctx=197483, majf=0, minf=0
  IO depths    : 1=100.0%, 2=0.0%, 4=0.0%, 8=0.0%, 16=0.0%, 32=0.0%, >=64=0.0%
     submit    : 0=0.0%, 4=100.0%, 8=0.0%, 16=0.0%, 32=0.0%, 64=0.0%, >=64=0.0%
     complete  : 0=0.0%, 4=100.0%, 8=0.0%, 16=0.0%, 32=0.0%, 64=0.0%, >=64=0.0%
     issued rwts: total=48000,0,0,0 short=0,0,0,0 dropped=0,0,0,0
     latency   : target=0, window=0, percentile=100.00%, depth=1

Run status group 0 (all jobs):
   READ: bw=34.1MiB/s (35.7MB/s), 34.1MiB/s-34.1MiB/s (35.7MB/s-35.7MB/s), io=188MiB (197MB), run=5504-5504msec
