create: (g=0): rw=read, bs=(R) 4096B-4096B, (W) 4096B-4096B, (T) 4096B-4096B, ioengine=filecreate, iodepth=1
...
fio-3.41
Starting 31 threads

create: (groupid=0, jobs=31): err= 0: pid=269984: Fri Mar 13 21:40:51 2026
  read: IOPS=4615, BW=18.0MiB/s (18.9MB/s)(969MiB/53733msec)
    clat (usec): min=65, max=63391, avg=5952.24, stdev=2450.63
    clat percentiles (usec):
     |  1.00th=[  125],  5.00th=[  161], 10.00th=[ 4555], 20.00th=[ 5604],
     | 30.00th=[ 5997], 40.00th=[ 6194], 50.00th=[ 6456], 60.00th=[ 6652],
     | 70.00th=[ 6849], 80.00th=[ 7046], 90.00th=[ 7308], 95.00th=[ 7504],
     | 99.00th=[ 7963], 99.50th=[ 8225], 99.90th=[29230], 99.95th=[51119],
     | 99.99th=[61604]
   bw (  KiB/s): min=15868, max=22947, per=100.00%, avg=18500.30, stdev=32.89, samples=3300
   iops        : min= 3966, max= 5733, avg=4625.02, stdev= 8.21, samples=3300
  cpu          : usr=10.05%, sys=1.25%, ctx=1088706, majf=0, minf=13
  IO depths    : 1=100.0%, 2=0.0%, 4=0.0%, 8=0.0%, 16=0.0%, 32=0.0%, >=64=0.0%
     submit    : 0=0.0%, 4=100.0%, 8=0.0%, 16=0.0%, 32=0.0%, 64=0.0%, >=64=0.0%
     complete  : 0=0.0%, 4=100.0%, 8=0.0%, 16=0.0%, 32=0.0%, 64=0.0%, >=64=0.0%
     issued rwts: total=248000,0,0,0 short=0,0,0,0 dropped=0,0,0,0
     latency   : target=0, window=0, percentile=100.00%, depth=1

Run status group 0 (all jobs):
   READ: bw=18.0MiB/s (18.9MB/s), 18.0MiB/s-18.0MiB/s (18.9MB/s-18.9MB/s), io=969MiB (1016MB), run=53733-53733msec
