create: (g=0): rw=read, bs=(R) 4096B-4096B, (W) 4096B-4096B, (T) 4096B-4096B, ioengine=filecreate, iodepth=1
...
fio-3.41
Starting 21 threads

create: (groupid=0, jobs=21): err= 0: pid=267187: Fri Mar 13 21:24:57 2026
  read: IOPS=5138, BW=20.1MiB/s (21.0MB/s)(656MiB/32693msec)
    clat (usec): min=44, max=57598, avg=3190.12, stdev=2025.10
    clat percentiles (usec):
     |  1.00th=[   74],  5.00th=[  128], 10.00th=[  172], 20.00th=[  383],
     | 30.00th=[ 2966], 40.00th=[ 3752], 50.00th=[ 4047], 60.00th=[ 4228],
     | 70.00th=[ 4424], 80.00th=[ 4621], 90.00th=[ 4817], 95.00th=[ 5014],
     | 99.00th=[ 5276], 99.50th=[ 5407], 99.90th=[15270], 99.95th=[16909],
     | 99.99th=[56886]
   bw (  KiB/s): min=14940, max=61969, per=100.00%, avg=20957.03, stdev=409.16, samples=1328
   iops        : min= 3734, max=15491, avg=5239.21, stdev=102.28, samples=1328
  cpu          : usr=17.75%, sys=1.68%, ctx=733936, majf=0, minf=0
  IO depths    : 1=100.0%, 2=0.0%, 4=0.0%, 8=0.0%, 16=0.0%, 32=0.0%, >=64=0.0%
     submit    : 0=0.0%, 4=100.0%, 8=0.0%, 16=0.0%, 32=0.0%, 64=0.0%, >=64=0.0%
     complete  : 0=0.0%, 4=100.0%, 8=0.0%, 16=0.0%, 32=0.0%, 64=0.0%, >=64=0.0%
     issued rwts: total=168000,0,0,0 short=0,0,0,0 dropped=0,0,0,0
     latency   : target=0, window=0, percentile=100.00%, depth=1

Run status group 0 (all jobs):
   READ: bw=20.1MiB/s (21.0MB/s), 20.1MiB/s-20.1MiB/s (21.0MB/s-21.0MB/s), io=656MiB (688MB), run=32693-32693msec
