create: (g=0): rw=read, bs=(R) 4096B-4096B, (W) 4096B-4096B, (T) 4096B-4096B, ioengine=filecreate, iodepth=1
...
fio-3.41
Starting 60 threads

create: (groupid=0, jobs=60): err= 0: pid=39450: Fri Mar 13 18:25:26 2026
  read: IOPS=5719, BW=22.3MiB/s (23.4MB/s)(1875MiB/83930msec)
    clat (usec): min=47, max=105420, avg=9443.46, stdev=4461.34
    clat percentiles (usec):
     |  1.00th=[    74],  5.00th=[   109], 10.00th=[   133], 20.00th=[  8717],
     | 30.00th=[  9503], 40.00th=[ 10028], 50.00th=[ 10552], 60.00th=[ 11076],
     | 70.00th=[ 11600], 80.00th=[ 12125], 90.00th=[ 12780], 95.00th=[ 13042],
     | 99.00th=[ 13698], 99.50th=[ 14222], 99.90th=[ 43779], 99.95th=[ 57410],
     | 99.99th=[104334]
   bw (  KiB/s): min=15717, max=36002, per=100.00%, avg=23005.70, stdev=42.72, samples=9970
   iops        : min= 3927, max= 8994, avg=5751.31, stdev=10.67, samples=9970
  cpu          : usr=8.59%, sys=0.88%, ctx=2542438, majf=0, minf=0
  IO depths    : 1=100.0%, 2=0.0%, 4=0.0%, 8=0.0%, 16=0.0%, 32=0.0%, >=64=0.0%
     submit    : 0=0.0%, 4=100.0%, 8=0.0%, 16=0.0%, 32=0.0%, 64=0.0%, >=64=0.0%
     complete  : 0=0.0%, 4=100.0%, 8=0.0%, 16=0.0%, 32=0.0%, 64=0.0%, >=64=0.0%
     issued rwts: total=480000,0,0,0 short=0,0,0,0 dropped=0,0,0,0
     latency   : target=0, window=0, percentile=100.00%, depth=1

Run status group 0 (all jobs):
   READ: bw=22.3MiB/s (23.4MB/s), 22.3MiB/s-22.3MiB/s (23.4MB/s-23.4MB/s), io=1875MiB (1966MB), run=83930-83930msec
