create: (g=0): rw=read, bs=(R) 4096B-4096B, (W) 4096B-4096B, (T) 4096B-4096B, ioengine=filecreate, iodepth=1
...
fio-3.41
Starting 40 threads

create: (groupid=0, jobs=40): err= 0: pid=157972: Fri Mar 13 19:58:14 2026
  read: IOPS=4594, BW=17.9MiB/s (18.8MB/s)(1250MiB/69641msec)
    clat (usec): min=57, max=63572, avg=7928.51, stdev=3003.05
    clat percentiles (usec):
     |  1.00th=[  121],  5.00th=[  169], 10.00th=[ 5932], 20.00th=[ 7242],
     | 30.00th=[ 7832], 40.00th=[ 8225], 50.00th=[ 8586], 60.00th=[ 8848],
     | 70.00th=[ 9110], 80.00th=[ 9372], 90.00th=[ 9634], 95.00th=[10028],
     | 99.00th=[11863], 99.50th=[14353], 99.90th=[42730], 99.95th=[51643],
     | 99.99th=[62653]
   bw (  KiB/s): min=15536, max=26163, per=100.00%, avg=18434.15, stdev=39.07, samples=5520
   iops        : min= 3884, max= 6538, avg=4608.51, stdev= 9.76, samples=5520
  cpu          : usr=7.74%, sys=0.93%, ctx=1404245, majf=0, minf=0
  IO depths    : 1=100.0%, 2=0.0%, 4=0.0%, 8=0.0%, 16=0.0%, 32=0.0%, >=64=0.0%
     submit    : 0=0.0%, 4=100.0%, 8=0.0%, 16=0.0%, 32=0.0%, 64=0.0%, >=64=0.0%
     complete  : 0=0.0%, 4=100.0%, 8=0.0%, 16=0.0%, 32=0.0%, 64=0.0%, >=64=0.0%
     issued rwts: total=320000,0,0,0 short=0,0,0,0 dropped=0,0,0,0
     latency   : target=0, window=0, percentile=100.00%, depth=1

Run status group 0 (all jobs):
   READ: bw=17.9MiB/s (18.8MB/s), 17.9MiB/s-17.9MiB/s (18.8MB/s-18.8MB/s), io=1250MiB (1311MB), run=69641-69641msec
