create: (g=0): rw=read, bs=(R) 4096B-4096B, (W) 4096B-4096B, (T) 4096B-4096B, ioengine=filecreate, iodepth=1
...
fio-3.41
Starting 52 threads

create: (groupid=0, jobs=52): err= 0: pid=84569: Fri Mar 13 19:13:09 2026
  read: IOPS=4500, BW=17.6MiB/s (18.4MB/s)(1625MiB/92428msec)
    clat (usec): min=56, max=68264, avg=10572.56, stdev=3645.21
    clat percentiles (usec):
     |  1.00th=[  124],  5.00th=[  180], 10.00th=[ 8029], 20.00th=[ 9765],
     | 30.00th=[10421], 40.00th=[10945], 50.00th=[11469], 60.00th=[11731],
     | 70.00th=[12125], 80.00th=[12387], 90.00th=[12780], 95.00th=[13173],
     | 99.00th=[15533], 99.50th=[18220], 99.90th=[42206], 99.95th=[54264],
     | 99.99th=[66847]
   bw (  KiB/s): min=15152, max=29439, per=100.00%, avg=18066.16, stdev=32.34, samples=9542
   iops        : min= 3788, max= 7359, avg=4516.45, stdev= 8.08, samples=9542
  cpu          : usr=7.47%, sys=0.71%, ctx=1824523, majf=0, minf=21
  IO depths    : 1=100.0%, 2=0.0%, 4=0.0%, 8=0.0%, 16=0.0%, 32=0.0%, >=64=0.0%
     submit    : 0=0.0%, 4=100.0%, 8=0.0%, 16=0.0%, 32=0.0%, 64=0.0%, >=64=0.0%
     complete  : 0=0.0%, 4=100.0%, 8=0.0%, 16=0.0%, 32=0.0%, 64=0.0%, >=64=0.0%
     issued rwts: total=416000,0,0,0 short=0,0,0,0 dropped=0,0,0,0
     latency   : target=0, window=0, percentile=100.00%, depth=1

Run status group 0 (all jobs):
   READ: bw=17.6MiB/s (18.4MB/s), 17.6MiB/s-17.6MiB/s (18.4MB/s-18.4MB/s), io=1625MiB (1704MB), run=92428-92428msec
