create: (g=0): rw=read, bs=(R) 4096B-4096B, (W) 4096B-4096B, (T) 4096B-4096B, ioengine=filecreate, iodepth=1
...
fio-3.41
Starting 19 threads

create: (groupid=0, jobs=19): err= 0: pid=43886: Fri Mar 13 18:39:29 2026
  read: IOPS=4400, BW=17.2MiB/s (18.0MB/s)(594MiB/34545msec)
    clat (usec): min=66, max=58263, avg=3545.88, stdev=1659.69
    clat percentiles (usec):
     |  1.00th=[  124],  5.00th=[  167], 10.00th=[ 2180], 20.00th=[ 3163],
     | 30.00th=[ 3490], 40.00th=[ 3687], 50.00th=[ 3818], 60.00th=[ 3949],
     | 70.00th=[ 4080], 80.00th=[ 4228], 90.00th=[ 4490], 95.00th=[ 4686],
     | 99.00th=[ 5080], 99.50th=[ 5276], 99.90th=[14877], 99.95th=[43779],
     | 99.99th=[55837]
   bw (  KiB/s): min=14493, max=22384, per=100.00%, avg=17662.17, stdev=63.48, samples=1296
   iops        : min= 3620, max= 5596, avg=4415.48, stdev=15.88, samples=1296
  cpu          : usr=15.32%, sys=1.92%, ctx=668440, majf=0, minf=0
  IO depths    : 1=100.0%, 2=0.0%, 4=0.0%, 8=0.0%, 16=0.0%, 32=0.0%, >=64=0.0%
     submit    : 0=0.0%, 4=100.0%, 8=0.0%, 16=0.0%, 32=0.0%, 64=0.0%, >=64=0.0%
     complete  : 0=0.0%, 4=100.0%, 8=0.0%, 16=0.0%, 32=0.0%, 64=0.0%, >=64=0.0%
     issued rwts: total=152000,0,0,0 short=0,0,0,0 dropped=0,0,0,0
     latency   : target=0, window=0, percentile=100.00%, depth=1

Run status group 0 (all jobs):
   READ: bw=17.2MiB/s (18.0MB/s), 17.2MiB/s-17.2MiB/s (18.0MB/s-18.0MB/s), io=594MiB (623MB), run=34545-34545msec
