create: (g=0): rw=read, bs=(R) 4096B-4096B, (W) 4096B-4096B, (T) 4096B-4096B, ioengine=filecreate, iodepth=1
...
fio-3.41
Starting 60 threads

create: (groupid=0, jobs=60): err= 0: pid=262084: Fri Mar 13 21:07:35 2026
  read: IOPS=4176, BW=16.3MiB/s (17.1MB/s)(1875MiB/114941msec)
    clat (usec): min=78, max=79782, avg=13316.59, stdev=4066.12
    clat percentiles (usec):
     |  1.00th=[  137],  5.00th=[  196], 10.00th=[12387], 20.00th=[13304],
     | 30.00th=[13698], 40.00th=[13960], 50.00th=[14222], 60.00th=[14484],
     | 70.00th=[14615], 80.00th=[14877], 90.00th=[15270], 95.00th=[15533],
     | 99.00th=[16188], 99.50th=[18220], 99.90th=[42206], 99.95th=[61080],
     | 99.99th=[79168]
   bw (  KiB/s): min=13191, max=23379, per=100.00%, avg=16729.95, stdev=18.05, samples=13761
   iops        : min= 3297, max= 5842, avg=4182.43, stdev= 4.51, samples=13761
  cpu          : usr=6.63%, sys=0.60%, ctx=2112084, majf=0, minf=10
  IO depths    : 1=100.0%, 2=0.0%, 4=0.0%, 8=0.0%, 16=0.0%, 32=0.0%, >=64=0.0%
     submit    : 0=0.0%, 4=100.0%, 8=0.0%, 16=0.0%, 32=0.0%, 64=0.0%, >=64=0.0%
     complete  : 0=0.0%, 4=100.0%, 8=0.0%, 16=0.0%, 32=0.0%, 64=0.0%, >=64=0.0%
     issued rwts: total=480000,0,0,0 short=0,0,0,0 dropped=0,0,0,0
     latency   : target=0, window=0, percentile=100.00%, depth=1

Run status group 0 (all jobs):
   READ: bw=16.3MiB/s (17.1MB/s), 16.3MiB/s-16.3MiB/s (17.1MB/s-17.1MB/s), io=1875MiB (1966MB), run=114941-114941msec
