create: (g=0): rw=read, bs=(R) 4096B-4096B, (W) 4096B-4096B, (T) 4096B-4096B, ioengine=filecreate, iodepth=1
...
fio-3.41
Starting 64 threads

create: (groupid=0, jobs=64): err= 0: pid=39632: Fri Mar 13 18:27:58 2026
  read: IOPS=4188, BW=16.4MiB/s (17.2MB/s)(2000MiB/122236msec)
    clat (usec): min=79, max=83632, avg=14199.32, stdev=4363.90
    clat percentiles (usec):
     |  1.00th=[  137],  5.00th=[  194], 10.00th=[13173], 20.00th=[14091],
     | 30.00th=[14484], 40.00th=[14877], 50.00th=[15139], 60.00th=[15401],
     | 70.00th=[15664], 80.00th=[15926], 90.00th=[16319], 95.00th=[16581],
     | 99.00th=[17957], 99.50th=[21103], 99.90th=[47973], 99.95th=[58459],
     | 99.99th=[82314]
   bw (  KiB/s): min=11991, max=23244, per=100.00%, avg=16770.52, stdev=17.32, samples=15617
   iops        : min= 2997, max= 5810, avg=4192.56, stdev= 4.33, samples=15617
  cpu          : usr=6.43%, sys=0.56%, ctx=2249378, majf=0, minf=30
  IO depths    : 1=100.0%, 2=0.0%, 4=0.0%, 8=0.0%, 16=0.0%, 32=0.0%, >=64=0.0%
     submit    : 0=0.0%, 4=100.0%, 8=0.0%, 16=0.0%, 32=0.0%, 64=0.0%, >=64=0.0%
     complete  : 0=0.0%, 4=100.0%, 8=0.0%, 16=0.0%, 32=0.0%, 64=0.0%, >=64=0.0%
     issued rwts: total=512000,0,0,0 short=0,0,0,0 dropped=0,0,0,0
     latency   : target=0, window=0, percentile=100.00%, depth=1

Run status group 0 (all jobs):
   READ: bw=16.4MiB/s (17.2MB/s), 16.4MiB/s-16.4MiB/s (17.2MB/s-17.2MB/s), io=2000MiB (2097MB), run=122236-122236msec
