create: (g=0): rw=read, bs=(R) 4096B-4096B, (W) 4096B-4096B, (T) 4096B-4096B, ioengine=filecreate, iodepth=1
...
fio-3.41
Starting 18 threads

create: (groupid=0, jobs=18): err= 0: pid=32780: Fri Mar 13 17:41:28 2026
  read: IOPS=6272, BW=24.5MiB/s (25.7MB/s)(563MiB/22956msec)
    clat (usec): min=44, max=61825, avg=1936.56, stdev=1684.20
    clat percentiles (usec):
     |  1.00th=[   68],  5.00th=[   89], 10.00th=[  131], 20.00th=[  206],
     | 30.00th=[  363], 40.00th=[ 1004], 50.00th=[ 2409], 60.00th=[ 2835],
     | 70.00th=[ 3130], 80.00th=[ 3359], 90.00th=[ 3621], 95.00th=[ 3818],
     | 99.00th=[ 4146], 99.50th=[ 4293], 99.90th=[ 7177], 99.95th=[15533],
     | 99.99th=[60031]
   bw (  KiB/s): min=16800, max=63763, per=100.00%, avg=26243.89, stdev=666.61, samples=773
   iops        : min= 4200, max=15940, avg=6560.81, stdev=166.63, samples=773
  cpu          : usr=25.84%, sys=2.10%, ctx=619371, majf=0, minf=0
  IO depths    : 1=100.0%, 2=0.0%, 4=0.0%, 8=0.0%, 16=0.0%, 32=0.0%, >=64=0.0%
     submit    : 0=0.0%, 4=100.0%, 8=0.0%, 16=0.0%, 32=0.0%, 64=0.0%, >=64=0.0%
     complete  : 0=0.0%, 4=100.0%, 8=0.0%, 16=0.0%, 32=0.0%, 64=0.0%, >=64=0.0%
     issued rwts: total=144000,0,0,0 short=0,0,0,0 dropped=0,0,0,0
     latency   : target=0, window=0, percentile=100.00%, depth=1

Run status group 0 (all jobs):
   READ: bw=24.5MiB/s (25.7MB/s), 24.5MiB/s-24.5MiB/s (25.7MB/s-25.7MB/s), io=563MiB (590MB), run=22956-22956msec
