create: (g=0): rw=read, bs=(R) 4096B-4096B, (W) 4096B-4096B, (T) 4096B-4096B, ioengine=filecreate, iodepth=1
...
fio-3.41
Starting 16 threads

create: (groupid=0, jobs=16): err= 0: pid=203176: Fri Mar 13 20:25:32 2026
  read: IOPS=6634, BW=25.9MiB/s (27.2MB/s)(500MiB/19292msec)
    clat (usec): min=50, max=65590, avg=1537.22, stdev=1200.28
    clat percentiles (usec):
     |  1.00th=[   74],  5.00th=[  120], 10.00th=[  161], 20.00th=[  281],
     | 30.00th=[  457], 40.00th=[ 1205], 50.00th=[ 1762], 60.00th=[ 2147],
     | 70.00th=[ 2376], 80.00th=[ 2540], 90.00th=[ 2769], 95.00th=[ 2966],
     | 99.00th=[ 3294], 99.50th=[ 3425], 99.90th=[ 3916], 99.95th=[11731],
     | 99.99th=[33424]
   bw (  KiB/s): min=15251, max=56633, per=100.00%, avg=27994.57, stdev=636.45, samples=570
   iops        : min= 3806, max=14158, avg=6998.32, stdev=159.13, samples=570
  cpu          : usr=29.48%, sys=2.20%, ctx=552466, majf=0, minf=0
  IO depths    : 1=100.0%, 2=0.0%, 4=0.0%, 8=0.0%, 16=0.0%, 32=0.0%, >=64=0.0%
     submit    : 0=0.0%, 4=100.0%, 8=0.0%, 16=0.0%, 32=0.0%, 64=0.0%, >=64=0.0%
     complete  : 0=0.0%, 4=100.0%, 8=0.0%, 16=0.0%, 32=0.0%, 64=0.0%, >=64=0.0%
     issued rwts: total=128000,0,0,0 short=0,0,0,0 dropped=0,0,0,0
     latency   : target=0, window=0, percentile=100.00%, depth=1

Run status group 0 (all jobs):
   READ: bw=25.9MiB/s (27.2MB/s), 25.9MiB/s-25.9MiB/s (27.2MB/s-27.2MB/s), io=500MiB (524MB), run=19292-19292msec
