create: (g=0): rw=read, bs=(R) 4096B-4096B, (W) 4096B-4096B, (T) 4096B-4096B, ioengine=filecreate, iodepth=1
...
fio-3.41
Starting 9 threads

create: (groupid=0, jobs=9): err= 0: pid=275276: Fri Mar 13 22:12:13 2026
  read: IOPS=6719, BW=26.2MiB/s (27.5MB/s)(281MiB/10715msec)
    clat (usec): min=55, max=52798, avg=589.86, stdev=758.91
    clat percentiles (usec):
     |  1.00th=[   89],  5.00th=[  118], 10.00th=[  145], 20.00th=[  208],
     | 30.00th=[  281], 40.00th=[  343], 50.00th=[  420], 60.00th=[  529],
     | 70.00th=[  693], 80.00th=[  996], 90.00th=[ 1303], 95.00th=[ 1483],
     | 99.00th=[ 1762], 99.50th=[ 1876], 99.90th=[ 2114], 99.95th=[ 2671],
     | 99.99th=[47449]
   bw (  KiB/s): min=15745, max=54784, per=100.00%, avg=29473.34, stdev=1067.05, samples=172
   iops        : min= 3936, max=13696, avg=7368.32, stdev=266.77, samples=172
  cpu          : usr=45.33%, sys=3.50%, ctx=304356, majf=0, minf=0
  IO depths    : 1=100.0%, 2=0.0%, 4=0.0%, 8=0.0%, 16=0.0%, 32=0.0%, >=64=0.0%
     submit    : 0=0.0%, 4=100.0%, 8=0.0%, 16=0.0%, 32=0.0%, 64=0.0%, >=64=0.0%
     complete  : 0=0.0%, 4=100.0%, 8=0.0%, 16=0.0%, 32=0.0%, 64=0.0%, >=64=0.0%
     issued rwts: total=72000,0,0,0 short=0,0,0,0 dropped=0,0,0,0
     latency   : target=0, window=0, percentile=100.00%, depth=1

Run status group 0 (all jobs):
   READ: bw=26.2MiB/s (27.5MB/s), 26.2MiB/s-26.2MiB/s (27.5MB/s-27.5MB/s), io=281MiB (295MB), run=10715-10715msec
