create: (g=0): rw=read, bs=(R) 4096B-4096B, (W) 4096B-4096B, (T) 4096B-4096B, ioengine=filecreate, iodepth=1
...
fio-3.41
Starting 30 threads

create: (groupid=0, jobs=30): err= 0: pid=302259: Sat Mar 14 00:28:09 2026
  read: IOPS=4564, BW=17.8MiB/s (18.7MB/s)(938MiB/52584msec)
    clat (usec): min=75, max=60502, avg=5885.44, stdev=2423.40
    clat percentiles (usec):
     |  1.00th=[  125],  5.00th=[  163], 10.00th=[ 4817], 20.00th=[ 5669],
     | 30.00th=[ 5932], 40.00th=[ 6128], 50.00th=[ 6259], 60.00th=[ 6456],
     | 70.00th=[ 6652], 80.00th=[ 6849], 90.00th=[ 7177], 95.00th=[ 7439],
     | 99.00th=[ 8094], 99.50th=[ 8291], 99.90th=[33162], 99.95th=[51119],
     | 99.99th=[60031]
   bw (  KiB/s): min=14548, max=20600, per=100.00%, avg=18283.49, stdev=32.50, samples=3113
   iops        : min= 3635, max= 5150, avg=4570.85, stdev= 8.13, samples=3113
  cpu          : usr=8.92%, sys=1.28%, ctx=1058012, majf=0, minf=0
  IO depths    : 1=100.0%, 2=0.0%, 4=0.0%, 8=0.0%, 16=0.0%, 32=0.0%, >=64=0.0%
     submit    : 0=0.0%, 4=100.0%, 8=0.0%, 16=0.0%, 32=0.0%, 64=0.0%, >=64=0.0%
     complete  : 0=0.0%, 4=100.0%, 8=0.0%, 16=0.0%, 32=0.0%, 64=0.0%, >=64=0.0%
     issued rwts: total=240000,0,0,0 short=0,0,0,0 dropped=0,0,0,0
     latency   : target=0, window=0, percentile=100.00%, depth=1

Run status group 0 (all jobs):
   READ: bw=17.8MiB/s (18.7MB/s), 17.8MiB/s-17.8MiB/s (18.7MB/s-18.7MB/s), io=938MiB (983MB), run=52584-52584msec
