create: (g=0): rw=read, bs=(R) 4096B-4096B, (W) 4096B-4096B, (T) 4096B-4096B, ioengine=filecreate, iodepth=1
...
fio-3.41
Starting 5 threads

create: (groupid=0, jobs=5): err= 0: pid=285451: Fri Mar 13 23:07:22 2026
  read: IOPS=6799, BW=26.6MiB/s (27.8MB/s)(156MiB/5883msec)
    clat (usec): min=37, max=36517, avg=60.60, stdev=205.13
    clat percentiles (usec):
     |  1.00th=[   40],  5.00th=[   42], 10.00th=[   45], 20.00th=[   46],
     | 30.00th=[   47], 40.00th=[   48], 50.00th=[   50], 60.00th=[   51],
     | 70.00th=[   58], 80.00th=[   70], 90.00th=[   90], 95.00th=[  102],
     | 99.00th=[  141], 99.50th=[  155], 99.90th=[  594], 99.95th=[  783],
     | 99.99th=[ 1811]
   bw (  KiB/s): min=15258, max=62328, per=100.00%, avg=29207.45, stdev=2832.22, samples=44
   iops        : min= 3814, max=15582, avg=7301.81, stdev=708.07, samples=44
  cpu          : usr=80.17%, sys=4.61%, ctx=171941, majf=0, minf=0
  IO depths    : 1=100.0%, 2=0.0%, 4=0.0%, 8=0.0%, 16=0.0%, 32=0.0%, >=64=0.0%
     submit    : 0=0.0%, 4=100.0%, 8=0.0%, 16=0.0%, 32=0.0%, 64=0.0%, >=64=0.0%
     complete  : 0=0.0%, 4=100.0%, 8=0.0%, 16=0.0%, 32=0.0%, 64=0.0%, >=64=0.0%
     issued rwts: total=40000,0,0,0 short=0,0,0,0 dropped=0,0,0,0
     latency   : target=0, window=0, percentile=100.00%, depth=1

Run status group 0 (all jobs):
   READ: bw=26.6MiB/s (27.8MB/s), 26.6MiB/s-26.6MiB/s (27.8MB/s-27.8MB/s), io=156MiB (164MB), run=5883-5883msec
