create: (g=0): rw=read, bs=(R) 4096B-4096B, (W) 4096B-4096B, (T) 4096B-4096B, ioengine=filecreate, iodepth=1
...
fio-3.41
Starting 5 threads

create: (groupid=0, jobs=5): err= 0: pid=30012: Fri Mar 13 17:33:55 2026
  read: IOPS=5879, BW=23.0MiB/s (24.1MB/s)(156MiB/6803msec)
    clat (usec): min=68, max=55696, avg=222.08, stdev=811.07
    clat percentiles (usec):
     |  1.00th=[   96],  5.00th=[  102], 10.00th=[  109], 20.00th=[  123],
     | 30.00th=[  143], 40.00th=[  163], 50.00th=[  184], 60.00th=[  206],
     | 70.00th=[  237], 80.00th=[  281], 90.00th=[  343], 95.00th=[  408],
     | 99.00th=[  545], 99.50th=[  594], 99.90th=[  791], 99.95th=[ 1057],
     | 99.99th=[46924]
   bw (  KiB/s): min= 9930, max=48656, per=100.00%, avg=25276.55, stdev=2098.57, samples=58
   iops        : min= 2482, max=12163, avg=6319.02, stdev=524.61, samples=58
  cpu          : usr=61.79%, sys=4.12%, ctx=154692, majf=0, minf=0
  IO depths    : 1=100.0%, 2=0.0%, 4=0.0%, 8=0.0%, 16=0.0%, 32=0.0%, >=64=0.0%
     submit    : 0=0.0%, 4=100.0%, 8=0.0%, 16=0.0%, 32=0.0%, 64=0.0%, >=64=0.0%
     complete  : 0=0.0%, 4=100.0%, 8=0.0%, 16=0.0%, 32=0.0%, 64=0.0%, >=64=0.0%
     issued rwts: total=40000,0,0,0 short=0,0,0,0 dropped=0,0,0,0
     latency   : target=0, window=0, percentile=100.00%, depth=1

Run status group 0 (all jobs):
   READ: bw=23.0MiB/s (24.1MB/s), 23.0MiB/s-23.0MiB/s (24.1MB/s-24.1MB/s), io=156MiB (164MB), run=6803-6803msec
