create: (g=0): rw=read, bs=(R) 4096B-4096B, (W) 4096B-4096B, (T) 4096B-4096B, ioengine=filecreate, iodepth=1
...
fio-3.41
Starting 29 threads

create: (groupid=0, jobs=29): err= 0: pid=35887: Fri Mar 13 17:57:51 2026
  read: IOPS=6106, BW=23.9MiB/s (25.0MB/s)(906MiB/37995msec)
    clat (usec): min=41, max=56299, avg=4166.82, stdev=2543.23
    clat percentiles (usec):
     |  1.00th=[   56],  5.00th=[   78], 10.00th=[  108], 20.00th=[ 3032],
     | 30.00th=[ 3982], 40.00th=[ 4359], 50.00th=[ 4752], 60.00th=[ 5014],
     | 70.00th=[ 5407], 80.00th=[ 5866], 90.00th=[ 6259], 95.00th=[ 6521],
     | 99.00th=[ 6980], 99.50th=[ 7111], 99.90th=[32113], 99.95th=[46400],
     | 99.99th=[55837]
   bw (  KiB/s): min=18096, max=32008, per=100.00%, avg=24614.08, stdev=98.96, samples=2166
   iops        : min= 4521, max= 8000, avg=6153.40, stdev=24.74, samples=2166
  cpu          : usr=9.88%, sys=1.73%, ctx=1219342, majf=0, minf=0
  IO depths    : 1=100.0%, 2=0.0%, 4=0.0%, 8=0.0%, 16=0.0%, 32=0.0%, >=64=0.0%
     submit    : 0=0.0%, 4=100.0%, 8=0.0%, 16=0.0%, 32=0.0%, 64=0.0%, >=64=0.0%
     complete  : 0=0.0%, 4=100.0%, 8=0.0%, 16=0.0%, 32=0.0%, 64=0.0%, >=64=0.0%
     issued rwts: total=232000,0,0,0 short=0,0,0,0 dropped=0,0,0,0
     latency   : target=0, window=0, percentile=100.00%, depth=1

Run status group 0 (all jobs):
   READ: bw=23.9MiB/s (25.0MB/s), 23.9MiB/s-23.9MiB/s (25.0MB/s-25.0MB/s), io=906MiB (950MB), run=37995-37995msec
