create: (g=0): rw=read, bs=(R) 4096B-4096B, (W) 4096B-4096B, (T) 4096B-4096B, ioengine=filecreate, iodepth=1
...
fio-3.41
Starting 5 threads

create: (groupid=0, jobs=5): err= 0: pid=108178: Fri Mar 13 19:26:47 2026
  read: IOPS=6648, BW=26.0MiB/s (27.2MB/s)(156MiB/6016msec)
    clat (usec): min=36, max=43139, avg=62.54, stdev=420.97
    clat percentiles (usec):
     |  1.00th=[   40],  5.00th=[   42], 10.00th=[   44], 20.00th=[   46],
     | 30.00th=[   47], 40.00th=[   49], 50.00th=[   50], 60.00th=[   51],
     | 70.00th=[   56], 80.00th=[   65], 90.00th=[   87], 95.00th=[  100],
     | 99.00th=[  141], 99.50th=[  157], 99.90th=[  262], 99.95th=[  619],
     | 99.99th=[30278]
   bw (  KiB/s): min=15264, max=65947, per=100.00%, avg=31469.65, stdev=3050.01, samples=43
   iops        : min= 3816, max=16486, avg=7867.35, stdev=762.44, samples=43
  cpu          : usr=78.65%, sys=4.83%, ctx=170776, majf=0, minf=0
  IO depths    : 1=100.0%, 2=0.0%, 4=0.0%, 8=0.0%, 16=0.0%, 32=0.0%, >=64=0.0%
     submit    : 0=0.0%, 4=100.0%, 8=0.0%, 16=0.0%, 32=0.0%, 64=0.0%, >=64=0.0%
     complete  : 0=0.0%, 4=100.0%, 8=0.0%, 16=0.0%, 32=0.0%, 64=0.0%, >=64=0.0%
     issued rwts: total=40000,0,0,0 short=0,0,0,0 dropped=0,0,0,0
     latency   : target=0, window=0, percentile=100.00%, depth=1

Run status group 0 (all jobs):
   READ: bw=26.0MiB/s (27.2MB/s), 26.0MiB/s-26.0MiB/s (27.2MB/s-27.2MB/s), io=156MiB (164MB), run=6016-6016msec
