create: (g=0): rw=read, bs=(R) 4096B-4096B, (W) 4096B-4096B, (T) 4096B-4096B, ioengine=filecreate, iodepth=1
...
fio-3.41
Starting 12 threads

create: (groupid=0, jobs=12): err= 0: pid=265182: Fri Mar 13 21:17:33 2026
  read: IOPS=10.5k, BW=40.9MiB/s (42.8MB/s)(375MiB/9179msec)
    clat (usec): min=36, max=66660, avg=466.33, stdev=758.01
    clat percentiles (usec):
     |  1.00th=[   45],  5.00th=[   48], 10.00th=[   50], 20.00th=[   53],
     | 30.00th=[   67], 40.00th=[   88], 50.00th=[  118], 60.00th=[  174],
     | 70.00th=[  963], 80.00th=[ 1123], 90.00th=[ 1254], 95.00th=[ 1352],
     | 99.00th=[ 1500], 99.50th=[ 1565], 99.90th=[ 1745], 99.95th=[ 2008],
     | 99.99th=[39060]
   bw (  KiB/s): min=24659, max=103120, per=100.00%, avg=49770.71, stdev=1533.18, samples=187
   iops        : min= 6159, max=25780, avg=12442.11, stdev=383.33, samples=187
  cpu          : usr=46.67%, sys=3.79%, ctx=477899, majf=0, minf=0
  IO depths    : 1=100.0%, 2=0.0%, 4=0.0%, 8=0.0%, 16=0.0%, 32=0.0%, >=64=0.0%
     submit    : 0=0.0%, 4=100.0%, 8=0.0%, 16=0.0%, 32=0.0%, 64=0.0%, >=64=0.0%
     complete  : 0=0.0%, 4=100.0%, 8=0.0%, 16=0.0%, 32=0.0%, 64=0.0%, >=64=0.0%
     issued rwts: total=96000,0,0,0 short=0,0,0,0 dropped=0,0,0,0
     latency   : target=0, window=0, percentile=100.00%, depth=1

Run status group 0 (all jobs):
   READ: bw=40.9MiB/s (42.8MB/s), 40.9MiB/s-40.9MiB/s (42.8MB/s-42.8MB/s), io=375MiB (393MB), run=9179-9179msec
