create: (g=0): rw=read, bs=(R) 4096B-4096B, (W) 4096B-4096B, (T) 4096B-4096B, ioengine=filecreate, iodepth=1
...
fio-3.41
Starting 13 threads

create: (groupid=0, jobs=13): err= 0: pid=297899: Sat Mar 14 00:07:30 2026
  read: IOPS=9579, BW=37.4MiB/s (39.2MB/s)(406MiB/10857msec)
    clat (usec): min=37, max=40089, avg=813.42, stdev=871.43
    clat percentiles (usec):
     |  1.00th=[   46],  5.00th=[   49], 10.00th=[   52], 20.00th=[   61],
     | 30.00th=[   85], 40.00th=[  147], 50.00th=[  971], 60.00th=[ 1205],
     | 70.00th=[ 1369], 80.00th=[ 1516], 90.00th=[ 1680], 95.00th=[ 1795],
     | 99.00th=[ 1975], 99.50th=[ 2040], 99.90th=[ 2212], 99.95th=[ 3621],
     | 99.99th=[39584]
   bw (  KiB/s): min=26984, max=67144, per=100.00%, avg=39886.75, stdev=846.11, samples=259
   iops        : min= 6744, max=16786, avg=9971.43, stdev=211.54, samples=259
  cpu          : usr=31.04%, sys=3.55%, ctx=530754, majf=0, minf=0
  IO depths    : 1=100.0%, 2=0.0%, 4=0.0%, 8=0.0%, 16=0.0%, 32=0.0%, >=64=0.0%
     submit    : 0=0.0%, 4=100.0%, 8=0.0%, 16=0.0%, 32=0.0%, 64=0.0%, >=64=0.0%
     complete  : 0=0.0%, 4=100.0%, 8=0.0%, 16=0.0%, 32=0.0%, 64=0.0%, >=64=0.0%
     issued rwts: total=104000,0,0,0 short=0,0,0,0 dropped=0,0,0,0
     latency   : target=0, window=0, percentile=100.00%, depth=1

Run status group 0 (all jobs):
   READ: bw=37.4MiB/s (39.2MB/s), 37.4MiB/s-37.4MiB/s (39.2MB/s-39.2MB/s), io=406MiB (426MB), run=10857-10857msec
