create: (g=0): rw=read, bs=(R) 4096B-4096B, (W) 4096B-4096B, (T) 4096B-4096B, ioengine=filecreate, iodepth=1
...
fio-3.41
Starting 9 threads

create: (groupid=0, jobs=9): err= 0: pid=891445: Sat Mar 14 20:04:16 2026
  read: IOPS=10.3k, BW=40.1MiB/s (42.1MB/s)(281MiB/7013msec)
    clat (usec): min=36, max=56621, avg=108.22, stdev=559.70
    clat percentiles (usec):
     |  1.00th=[   40],  5.00th=[   43], 10.00th=[   45], 20.00th=[   48],
     | 30.00th=[   50], 40.00th=[   53], 50.00th=[   63], 60.00th=[   78],
     | 70.00th=[   96], 80.00th=[  130], 90.00th=[  188], 95.00th=[  247],
     | 99.00th=[  725], 99.50th=[  840], 99.90th=[ 1090], 99.95th=[ 1811],
     | 99.99th=[38011]
   bw (  KiB/s): min=27858, max=130848, per=100.00%, avg=63885.59, stdev=3550.99, samples=80
   iops        : min= 6964, max=32712, avg=15971.16, stdev=887.76, samples=80
  cpu          : usr=69.82%, sys=4.68%, ctx=334625, majf=0, minf=0
  IO depths    : 1=100.0%, 2=0.0%, 4=0.0%, 8=0.0%, 16=0.0%, 32=0.0%, >=64=0.0%
     submit    : 0=0.0%, 4=100.0%, 8=0.0%, 16=0.0%, 32=0.0%, 64=0.0%, >=64=0.0%
     complete  : 0=0.0%, 4=100.0%, 8=0.0%, 16=0.0%, 32=0.0%, 64=0.0%, >=64=0.0%
     issued rwts: total=72000,0,0,0 short=0,0,0,0 dropped=0,0,0,0
     latency   : target=0, window=0, percentile=100.00%, depth=1

Run status group 0 (all jobs):
   READ: bw=40.1MiB/s (42.1MB/s), 40.1MiB/s-40.1MiB/s (42.1MB/s-42.1MB/s), io=281MiB (295MB), run=7013-7013msec
