create: (g=0): rw=read, bs=(R) 4096B-4096B, (W) 4096B-4096B, (T) 4096B-4096B, ioengine=filecreate, iodepth=1
...
fio-3.41
Starting 5 threads

create: (groupid=0, jobs=5): err= 0: pid=1030223: Sat Mar 14 23:45:12 2026
  read: IOPS=7344, BW=28.7MiB/s (30.1MB/s)(156MiB/5446msec)
    clat (usec): min=36, max=46908, avg=64.97, stdev=387.74
    clat percentiles (usec):
     |  1.00th=[   40],  5.00th=[   42], 10.00th=[   45], 20.00th=[   47],
     | 30.00th=[   48], 40.00th=[   50], 50.00th=[   51], 60.00th=[   53],
     | 70.00th=[   62], 80.00th=[   76], 90.00th=[   94], 95.00th=[  111],
     | 99.00th=[  151], 99.50th=[  169], 99.90th=[  351], 99.95th=[  660],
     | 99.99th=[ 1926]
   bw (  KiB/s): min=15268, max=62200, per=100.00%, avg=30503.31, stdev=2847.89, samples=41
   iops        : min= 3816, max=15550, avg=7625.69, stdev=712.00, samples=41
  cpu          : usr=76.45%, sys=4.81%, ctx=173369, majf=0, minf=0
  IO depths    : 1=100.0%, 2=0.0%, 4=0.0%, 8=0.0%, 16=0.0%, 32=0.0%, >=64=0.0%
     submit    : 0=0.0%, 4=100.0%, 8=0.0%, 16=0.0%, 32=0.0%, 64=0.0%, >=64=0.0%
     complete  : 0=0.0%, 4=100.0%, 8=0.0%, 16=0.0%, 32=0.0%, 64=0.0%, >=64=0.0%
     issued rwts: total=40000,0,0,0 short=0,0,0,0 dropped=0,0,0,0
     latency   : target=0, window=0, percentile=100.00%, depth=1

Run status group 0 (all jobs):
   READ: bw=28.7MiB/s (30.1MB/s), 28.7MiB/s-28.7MiB/s (30.1MB/s-30.1MB/s), io=156MiB (164MB), run=5446-5446msec
