create: (g=0): rw=read, bs=(R) 4096B-4096B, (W) 4096B-4096B, (T) 4096B-4096B, ioengine=filecreate, iodepth=1
...
fio-3.41
Starting 64 threads

create: (groupid=0, jobs=64): err= 0: pid=903479: Sat Mar 14 20:52:16 2026
  read: IOPS=5522, BW=21.6MiB/s (22.6MB/s)(2000MiB/92711msec)
    clat (usec): min=44, max=98264, avg=10497.68, stdev=4720.21
    clat percentiles (usec):
     |  1.00th=[   78],  5.00th=[  112], 10.00th=[  141], 20.00th=[10028],
     | 30.00th=[10552], 40.00th=[11207], 50.00th=[11731], 60.00th=[12256],
     | 70.00th=[12780], 80.00th=[13304], 90.00th=[13829], 95.00th=[14222],
     | 99.00th=[14746], 99.50th=[15270], 99.90th=[48497], 99.95th=[56886],
     | 99.99th=[98042]
   bw (  KiB/s): min=13994, max=32016, per=100.00%, avg=22127.43, stdev=34.97, samples=11830
   iops        : min= 3494, max= 8004, avg=5531.82, stdev= 8.74, samples=11830
  cpu          : usr=8.40%, sys=0.83%, ctx=2719957, majf=0, minf=0
  IO depths    : 1=100.0%, 2=0.0%, 4=0.0%, 8=0.0%, 16=0.0%, 32=0.0%, >=64=0.0%
     submit    : 0=0.0%, 4=100.0%, 8=0.0%, 16=0.0%, 32=0.0%, 64=0.0%, >=64=0.0%
     complete  : 0=0.0%, 4=100.0%, 8=0.0%, 16=0.0%, 32=0.0%, 64=0.0%, >=64=0.0%
     issued rwts: total=512000,0,0,0 short=0,0,0,0 dropped=0,0,0,0
     latency   : target=0, window=0, percentile=100.00%, depth=1

Run status group 0 (all jobs):
   READ: bw=21.6MiB/s (22.6MB/s), 21.6MiB/s-21.6MiB/s (22.6MB/s-22.6MB/s), io=2000MiB (2097MB), run=92711-92711msec
