create: (g=0): rw=read, bs=(R) 4096B-4096B, (W) 4096B-4096B, (T) 4096B-4096B, ioengine=filecreate, iodepth=1
...
fio-3.41
Starting 48 threads

create: (groupid=0, jobs=48): err= 0: pid=895917: Sat Mar 14 20:21:05 2026
  read: IOPS=5678, BW=22.2MiB/s (23.3MB/s)(1500MiB/67626msec)
    clat (usec): min=45, max=83513, avg=7483.01, stdev=3770.80
    clat percentiles (usec):
     |  1.00th=[   73],  5.00th=[  103], 10.00th=[  129], 20.00th=[ 6783],
     | 30.00th=[ 7439], 40.00th=[ 7963], 50.00th=[ 8455], 60.00th=[ 8979],
     | 70.00th=[ 9372], 80.00th=[ 9765], 90.00th=[10290], 95.00th=[10552],
     | 99.00th=[11076], 99.50th=[11338], 99.90th=[44303], 99.95th=[57934],
     | 99.99th=[83362]
   bw (  KiB/s): min=14687, max=37462, per=100.00%, avg=22962.97, stdev=59.85, samples=6394
   iops        : min= 3671, max= 9364, avg=5740.73, stdev=14.96, samples=6394
  cpu          : usr=9.35%, sys=1.09%, ctx=2031081, majf=0, minf=0
  IO depths    : 1=100.0%, 2=0.0%, 4=0.0%, 8=0.0%, 16=0.0%, 32=0.0%, >=64=0.0%
     submit    : 0=0.0%, 4=100.0%, 8=0.0%, 16=0.0%, 32=0.0%, 64=0.0%, >=64=0.0%
     complete  : 0=0.0%, 4=100.0%, 8=0.0%, 16=0.0%, 32=0.0%, 64=0.0%, >=64=0.0%
     issued rwts: total=384000,0,0,0 short=0,0,0,0 dropped=0,0,0,0
     latency   : target=0, window=0, percentile=100.00%, depth=1

Run status group 0 (all jobs):
   READ: bw=22.2MiB/s (23.3MB/s), 22.2MiB/s-22.2MiB/s (23.3MB/s-23.3MB/s), io=1500MiB (1573MB), run=67626-67626msec
