create: (g=0): rw=read, bs=(R) 4096B-4096B, (W) 4096B-4096B, (T) 4096B-4096B, ioengine=filecreate, iodepth=1
fio-3.41
Starting 1 thread

create: (groupid=0, jobs=1): err= 0: pid=910285: Sat Mar 14 21:17:08 2026
  read: IOPS=3359, BW=13.1MiB/s (13.8MB/s)(31.2MiB/2381msec)
    clat (usec): min=37, max=657, avg=44.10, stdev= 9.37
    clat percentiles (usec):
     |  1.00th=[   39],  5.00th=[   40], 10.00th=[   41], 20.00th=[   41],
     | 30.00th=[   42], 40.00th=[   42], 50.00th=[   43], 60.00th=[   44],
     | 70.00th=[   44], 80.00th=[   46], 90.00th=[   49], 95.00th=[   54],
     | 99.00th=[   75], 99.50th=[   88], 99.90th=[  109], 99.95th=[  139],
     | 99.99th=[  660]
   bw (  KiB/s): min= 7088, max=15088, per=81.16%, avg=10908.00, stdev=3558.63, samples=4
   iops        : min= 1772, max= 3772, avg=2727.00, stdev=889.66, samples=4
  cpu          : usr=67.69%, sys=7.39%, ctx=31821, majf=0, minf=0
  IO depths    : 1=100.0%, 2=0.0%, 4=0.0%, 8=0.0%, 16=0.0%, 32=0.0%, >=64=0.0%
     submit    : 0=0.0%, 4=100.0%, 8=0.0%, 16=0.0%, 32=0.0%, 64=0.0%, >=64=0.0%
     complete  : 0=0.0%, 4=100.0%, 8=0.0%, 16=0.0%, 32=0.0%, 64=0.0%, >=64=0.0%
     issued rwts: total=8000,0,0,0 short=0,0,0,0 dropped=0,0,0,0
     latency   : target=0, window=0, percentile=100.00%, depth=1

Run status group 0 (all jobs):
   READ: bw=13.1MiB/s (13.8MB/s), 13.1MiB/s-13.1MiB/s (13.8MB/s-13.8MB/s), io=31.2MiB (32.8MB), run=2381-2381msec
