create: (g=0): rw=read, bs=(R) 4096B-4096B, (W) 4096B-4096B, (T) 4096B-4096B, ioengine=filecreate, iodepth=1
...
fio-3.41
Starting 28 threads

create: (groupid=0, jobs=28): err= 0: pid=1005539: Sat Mar 14 23:30:19 2026
  read: IOPS=6447, BW=25.2MiB/s (26.4MB/s)(875MiB/34743msec)
    clat (usec): min=41, max=53570, avg=3812.27, stdev=2371.68
    clat percentiles (usec):
     |  1.00th=[   55],  5.00th=[   71], 10.00th=[  100], 20.00th=[ 2933],
     | 30.00th=[ 3720], 40.00th=[ 4047], 50.00th=[ 4359], 60.00th=[ 4555],
     | 70.00th=[ 4883], 80.00th=[ 5145], 90.00th=[ 5604], 95.00th=[ 5997],
     | 99.00th=[ 6718], 99.50th=[ 7242], 99.90th=[29754], 99.95th=[43779],
     | 99.99th=[53216]
   bw (  KiB/s): min=17587, max=31248, per=100.00%, avg=25923.86, stdev=93.07, samples=1921
   iops        : min= 4394, max= 7812, avg=6480.92, stdev=23.27, samples=1921
  cpu          : usr=10.08%, sys=1.70%, ctx=1177170, majf=0, minf=0
  IO depths    : 1=100.0%, 2=0.0%, 4=0.0%, 8=0.0%, 16=0.0%, 32=0.0%, >=64=0.0%
     submit    : 0=0.0%, 4=100.0%, 8=0.0%, 16=0.0%, 32=0.0%, 64=0.0%, >=64=0.0%
     complete  : 0=0.0%, 4=100.0%, 8=0.0%, 16=0.0%, 32=0.0%, 64=0.0%, >=64=0.0%
     issued rwts: total=224000,0,0,0 short=0,0,0,0 dropped=0,0,0,0
     latency   : target=0, window=0, percentile=100.00%, depth=1

Run status group 0 (all jobs):
   READ: bw=25.2MiB/s (26.4MB/s), 25.2MiB/s-25.2MiB/s (26.4MB/s-26.4MB/s), io=875MiB (918MB), run=34743-34743msec
