create: (g=0): rw=read, bs=(R) 4096B-4096B, (W) 4096B-4096B, (T) 4096B-4096B, ioengine=filecreate, iodepth=1
...
fio-3.41
Starting 60 threads

create: (groupid=0, jobs=60): err= 0: pid=923068: Sat Mar 14 22:04:50 2026
  read: IOPS=5572, BW=21.8MiB/s (22.8MB/s)(1875MiB/86142msec)
    clat (usec): min=47, max=97453, avg=9736.43, stdev=4509.54
    clat percentiles (usec):
     |  1.00th=[   78],  5.00th=[  113], 10.00th=[  137], 20.00th=[ 9110],
     | 30.00th=[ 9765], 40.00th=[10421], 50.00th=[10945], 60.00th=[11469],
     | 70.00th=[11994], 80.00th=[12387], 90.00th=[12911], 95.00th=[13304],
     | 99.00th=[13829], 99.50th=[14222], 99.90th=[48497], 99.95th=[53740],
     | 99.99th=[96994]
   bw (  KiB/s): min=15128, max=36402, per=100.00%, avg=22393.42, stdev=43.58, samples=10240
   iops        : min= 3782, max= 9094, avg=5598.24, stdev=10.89, samples=10240
  cpu          : usr=8.23%, sys=0.89%, ctx=2543911, majf=0, minf=0
  IO depths    : 1=100.0%, 2=0.0%, 4=0.0%, 8=0.0%, 16=0.0%, 32=0.0%, >=64=0.0%
     submit    : 0=0.0%, 4=100.0%, 8=0.0%, 16=0.0%, 32=0.0%, 64=0.0%, >=64=0.0%
     complete  : 0=0.0%, 4=100.0%, 8=0.0%, 16=0.0%, 32=0.0%, 64=0.0%, >=64=0.0%
     issued rwts: total=480000,0,0,0 short=0,0,0,0 dropped=0,0,0,0
     latency   : target=0, window=0, percentile=100.00%, depth=1

Run status group 0 (all jobs):
   READ: bw=21.8MiB/s (22.8MB/s), 21.8MiB/s-21.8MiB/s (22.8MB/s-22.8MB/s), io=1875MiB (1966MB), run=86142-86142msec
