create: (g=0): rw=read, bs=(R) 4096B-4096B, (W) 4096B-4096B, (T) 4096B-4096B, ioengine=filecreate, iodepth=1
...
fio-3.41
Starting 48 threads

create: (groupid=0, jobs=48): err= 0: pid=928987: Sat Mar 14 22:24:40 2026
  read: IOPS=5995, BW=23.4MiB/s (24.6MB/s)(1500MiB/64043msec)
    clat (usec): min=45, max=85528, avg=7096.82, stdev=3617.85
    clat percentiles (usec):
     |  1.00th=[   67],  5.00th=[   94], 10.00th=[  124], 20.00th=[ 6521],
     | 30.00th=[ 7111], 40.00th=[ 7570], 50.00th=[ 7963], 60.00th=[ 8291],
     | 70.00th=[ 8717], 80.00th=[ 9372], 90.00th=[ 9896], 95.00th=[10290],
     | 99.00th=[10814], 99.50th=[11076], 99.90th=[34341], 99.95th=[50594],
     | 99.99th=[85459]
   bw (  KiB/s): min=15375, max=42114, per=100.00%, avg=24156.04, stdev=67.05, samples=6066
   iops        : min= 3843, max=10525, avg=6038.97, stdev=16.76, samples=6066
  cpu          : usr=9.51%, sys=1.08%, ctx=2030352, majf=0, minf=0
  IO depths    : 1=100.0%, 2=0.0%, 4=0.0%, 8=0.0%, 16=0.0%, 32=0.0%, >=64=0.0%
     submit    : 0=0.0%, 4=100.0%, 8=0.0%, 16=0.0%, 32=0.0%, 64=0.0%, >=64=0.0%
     complete  : 0=0.0%, 4=100.0%, 8=0.0%, 16=0.0%, 32=0.0%, 64=0.0%, >=64=0.0%
     issued rwts: total=384000,0,0,0 short=0,0,0,0 dropped=0,0,0,0
     latency   : target=0, window=0, percentile=100.00%, depth=1

Run status group 0 (all jobs):
   READ: bw=23.4MiB/s (24.6MB/s), 23.4MiB/s-23.4MiB/s (24.6MB/s-24.6MB/s), io=1500MiB (1573MB), run=64043-64043msec
