create: (g=0): rw=read, bs=(R) 4096B-4096B, (W) 4096B-4096B, (T) 4096B-4096B, ioengine=filecreate, iodepth=1
...
fio-3.41
Starting 64 threads

create: (groupid=0, jobs=64): err= 0: pid=1070972: Sun Mar 15 00:09:01 2026
  read: IOPS=5862, BW=22.9MiB/s (24.0MB/s)(2000MiB/87329msec)
    clat (usec): min=43, max=114896, avg=9877.67, stdev=4666.34
    clat percentiles (usec):
     |  1.00th=[    68],  5.00th=[    97], 10.00th=[   131], 20.00th=[  9110],
     | 30.00th=[  9896], 40.00th=[ 10290], 50.00th=[ 10814], 60.00th=[ 11338],
     | 70.00th=[ 12125], 80.00th=[ 12911], 90.00th=[ 13566], 95.00th=[ 14091],
     | 99.00th=[ 15139], 99.50th=[ 17433], 99.90th=[ 39060], 99.95th=[ 53216],
     | 99.99th=[113771]
   bw (  KiB/s): min=17472, max=34205, per=100.00%, avg=23542.85, stdev=40.32, samples=11108
   iops        : min= 4368, max= 8549, avg=5885.66, stdev=10.08, samples=11108
  cpu          : usr=8.36%, sys=0.84%, ctx=2712827, majf=0, minf=0
  IO depths    : 1=100.0%, 2=0.0%, 4=0.0%, 8=0.0%, 16=0.0%, 32=0.0%, >=64=0.0%
     submit    : 0=0.0%, 4=100.0%, 8=0.0%, 16=0.0%, 32=0.0%, 64=0.0%, >=64=0.0%
     complete  : 0=0.0%, 4=100.0%, 8=0.0%, 16=0.0%, 32=0.0%, 64=0.0%, >=64=0.0%
     issued rwts: total=512000,0,0,0 short=0,0,0,0 dropped=0,0,0,0
     latency   : target=0, window=0, percentile=100.00%, depth=1

Run status group 0 (all jobs):
   READ: bw=22.9MiB/s (24.0MB/s), 22.9MiB/s-22.9MiB/s (24.0MB/s-24.0MB/s), io=2000MiB (2097MB), run=87329-87329msec
