create: (g=0): rw=read, bs=(R) 4096B-4096B, (W) 4096B-4096B, (T) 4096B-4096B, ioengine=filecreate, iodepth=1
...
fio-3.41
Starting 29 threads

create: (groupid=0, jobs=29): err= 0: pid=1047746: Sat Mar 14 23:55:37 2026
  read: IOPS=6382, BW=24.9MiB/s (26.1MB/s)(906MiB/36351msec)
    clat (usec): min=41, max=56205, avg=4005.20, stdev=2536.44
    clat percentiles (usec):
     |  1.00th=[   54],  5.00th=[   71], 10.00th=[  101], 20.00th=[ 2900],
     | 30.00th=[ 3884], 40.00th=[ 4228], 50.00th=[ 4490], 60.00th=[ 4752],
     | 70.00th=[ 5014], 80.00th=[ 5407], 90.00th=[ 6194], 95.00th=[ 6587],
     | 99.00th=[ 7177], 99.50th=[ 7635], 99.90th=[35914], 99.95th=[46924],
     | 99.99th=[55837]
   bw (  KiB/s): min=19024, max=31304, per=100.00%, avg=25695.19, stdev=97.73, samples=2071
   iops        : min= 4756, max= 7826, avg=6423.73, stdev=24.43, samples=2071
  cpu          : usr=9.67%, sys=1.68%, ctx=1218881, majf=0, minf=0
  IO depths    : 1=100.0%, 2=0.0%, 4=0.0%, 8=0.0%, 16=0.0%, 32=0.0%, >=64=0.0%
     submit    : 0=0.0%, 4=100.0%, 8=0.0%, 16=0.0%, 32=0.0%, 64=0.0%, >=64=0.0%
     complete  : 0=0.0%, 4=100.0%, 8=0.0%, 16=0.0%, 32=0.0%, 64=0.0%, >=64=0.0%
     issued rwts: total=232000,0,0,0 short=0,0,0,0 dropped=0,0,0,0
     latency   : target=0, window=0, percentile=100.00%, depth=1

Run status group 0 (all jobs):
   READ: bw=24.9MiB/s (26.1MB/s), 24.9MiB/s-24.9MiB/s (26.1MB/s-26.1MB/s), io=906MiB (950MB), run=36351-36351msec
