create: (g=0): rw=read, bs=(R) 4096B-4096B, (W) 4096B-4096B, (T) 4096B-4096B, ioengine=filecreate, iodepth=1
...
fio-3.41
Starting 40 threads

create: (groupid=0, jobs=40): err= 0: pid=935180: Sat Mar 14 22:46:40 2026
  read: IOPS=6099, BW=23.8MiB/s (25.0MB/s)(1250MiB/52466msec)
    clat (usec): min=43, max=58896, avg=5856.09, stdev=3159.63
    clat percentiles (usec):
     |  1.00th=[   62],  5.00th=[   88], 10.00th=[  118], 20.00th=[ 5145],
     | 30.00th=[ 5800], 40.00th=[ 6194], 50.00th=[ 6587], 60.00th=[ 6980],
     | 70.00th=[ 7308], 80.00th=[ 7832], 90.00th=[ 8455], 95.00th=[ 8848],
     | 99.00th=[ 9503], 99.50th=[ 9765], 99.90th=[32637], 99.95th=[45876],
     | 99.99th=[55837]
   bw (  KiB/s): min=17868, max=32962, per=100.00%, avg=24500.81, stdev=66.88, samples=4160
   iops        : min= 4464, max= 8238, avg=6125.09, stdev=16.72, samples=4160
  cpu          : usr=9.05%, sys=1.24%, ctx=1688682, majf=0, minf=0
  IO depths    : 1=100.0%, 2=0.0%, 4=0.0%, 8=0.0%, 16=0.0%, 32=0.0%, >=64=0.0%
     submit    : 0=0.0%, 4=100.0%, 8=0.0%, 16=0.0%, 32=0.0%, 64=0.0%, >=64=0.0%
     complete  : 0=0.0%, 4=100.0%, 8=0.0%, 16=0.0%, 32=0.0%, 64=0.0%, >=64=0.0%
     issued rwts: total=320000,0,0,0 short=0,0,0,0 dropped=0,0,0,0
     latency   : target=0, window=0, percentile=100.00%, depth=1

Run status group 0 (all jobs):
   READ: bw=23.8MiB/s (25.0MB/s), 23.8MiB/s-23.8MiB/s (25.0MB/s-25.0MB/s), io=1250MiB (1311MB), run=52466-52466msec
