create: (g=0): rw=read, bs=(R) 4096B-4096B, (W) 4096B-4096B, (T) 4096B-4096B, ioengine=filecreate, iodepth=1
...
fio-3.41
Starting 14 threads

create: (groupid=0, jobs=14): err= 0: pid=952239: Sat Mar 14 22:58:16 2026
  read: IOPS=8816, BW=34.4MiB/s (36.1MB/s)(438MiB/12703msec)
    clat (usec): min=38, max=53758, avg=1122.20, stdev=979.76
    clat percentiles (usec):
     |  1.00th=[   49],  5.00th=[   52], 10.00th=[   56], 20.00th=[   71],
     | 30.00th=[  424], 40.00th=[ 1205], 50.00th=[ 1369], 60.00th=[ 1516],
     | 70.00th=[ 1631], 80.00th=[ 1762], 90.00th=[ 1893], 95.00th=[ 1991],
     | 99.00th=[ 2147], 99.50th=[ 2245], 99.90th=[ 2606], 99.95th=[ 9110],
     | 99.99th=[39584]
   bw (  KiB/s): min=26769, max=50184, per=100.00%, avg=36054.75, stdev=359.64, samples=341
   iops        : min= 6688, max=12546, avg=9013.33, stdev=89.93, samples=341
  cpu          : usr=22.68%, sys=3.13%, ctx=581719, majf=0, minf=0
  IO depths    : 1=100.0%, 2=0.0%, 4=0.0%, 8=0.0%, 16=0.0%, 32=0.0%, >=64=0.0%
     submit    : 0=0.0%, 4=100.0%, 8=0.0%, 16=0.0%, 32=0.0%, 64=0.0%, >=64=0.0%
     complete  : 0=0.0%, 4=100.0%, 8=0.0%, 16=0.0%, 32=0.0%, 64=0.0%, >=64=0.0%
     issued rwts: total=112000,0,0,0 short=0,0,0,0 dropped=0,0,0,0
     latency   : target=0, window=0, percentile=100.00%, depth=1

Run status group 0 (all jobs):
   READ: bw=34.4MiB/s (36.1MB/s), 34.4MiB/s-34.4MiB/s (36.1MB/s-36.1MB/s), io=438MiB (459MB), run=12703-12703msec
