create: (g=0): rw=read, bs=(R) 4096B-4096B, (W) 4096B-4096B, (T) 4096B-4096B, ioengine=filecreate, iodepth=1
...
fio-3.41
Starting 30 threads

create: (groupid=0, jobs=30): err= 0: pid=907970: Sat Mar 14 21:04:06 2026
  read: IOPS=6333, BW=24.7MiB/s (25.9MB/s)(938MiB/37893msec)
    clat (usec): min=43, max=67543, avg=4184.08, stdev=2615.91
    clat percentiles (usec):
     |  1.00th=[   56],  5.00th=[   76], 10.00th=[  106], 20.00th=[ 3425],
     | 30.00th=[ 4113], 40.00th=[ 4424], 50.00th=[ 4621], 60.00th=[ 4883],
     | 70.00th=[ 5145], 80.00th=[ 5800], 90.00th=[ 6390], 95.00th=[ 6718],
     | 99.00th=[ 7111], 99.50th=[ 7308], 99.90th=[36439], 99.95th=[49021],
     | 99.99th=[56361]
   bw (  KiB/s): min=15214, max=32822, per=100.00%, avg=25483.17, stdev=107.10, samples=2248
   iops        : min= 3802, max= 8205, avg=6370.70, stdev=26.78, samples=2248
  cpu          : usr=9.48%, sys=1.62%, ctx=1264121, majf=0, minf=0
  IO depths    : 1=100.0%, 2=0.0%, 4=0.0%, 8=0.0%, 16=0.0%, 32=0.0%, >=64=0.0%
     submit    : 0=0.0%, 4=100.0%, 8=0.0%, 16=0.0%, 32=0.0%, 64=0.0%, >=64=0.0%
     complete  : 0=0.0%, 4=100.0%, 8=0.0%, 16=0.0%, 32=0.0%, 64=0.0%, >=64=0.0%
     issued rwts: total=240000,0,0,0 short=0,0,0,0 dropped=0,0,0,0
     latency   : target=0, window=0, percentile=100.00%, depth=1

Run status group 0 (all jobs):
   READ: bw=24.7MiB/s (25.9MB/s), 24.7MiB/s-24.7MiB/s (25.9MB/s-25.9MB/s), io=938MiB (983MB), run=37893-37893msec
