create: (g=0): rw=read, bs=(R) 4096B-4096B, (W) 4096B-4096B, (T) 4096B-4096B, ioengine=filecreate, iodepth=1
...
fio-3.41
Starting 17 threads

create: (groupid=0, jobs=17): err= 0: pid=925659: Sat Mar 14 22:10:30 2026
  read: IOPS=8453, BW=33.0MiB/s (34.6MB/s)(531MiB/16088msec)
    clat (usec): min=39, max=54743, avg=1575.03, stdev=1393.63
    clat percentiles (usec):
     |  1.00th=[   51],  5.00th=[   55], 10.00th=[   58], 20.00th=[   87],
     | 30.00th=[ 1418], 40.00th=[ 1680], 50.00th=[ 1860], 60.00th=[ 2008],
     | 70.00th=[ 2147], 80.00th=[ 2278], 90.00th=[ 2409], 95.00th=[ 2507],
     | 99.00th=[ 2704], 99.50th=[ 2769], 99.90th=[ 3458], 99.95th=[36963],
     | 99.99th=[52167]
   bw (  KiB/s): min=22267, max=41064, per=100.00%, avg=34018.04, stdev=207.98, samples=535
   iops        : min= 5560, max=10266, avg=8504.27, stdev=52.04, samples=535
  cpu          : usr=17.51%, sys=2.60%, ctx=711330, majf=0, minf=0
  IO depths    : 1=100.0%, 2=0.0%, 4=0.0%, 8=0.0%, 16=0.0%, 32=0.0%, >=64=0.0%
     submit    : 0=0.0%, 4=100.0%, 8=0.0%, 16=0.0%, 32=0.0%, 64=0.0%, >=64=0.0%
     complete  : 0=0.0%, 4=100.0%, 8=0.0%, 16=0.0%, 32=0.0%, 64=0.0%, >=64=0.0%
     issued rwts: total=136000,0,0,0 short=0,0,0,0 dropped=0,0,0,0
     latency   : target=0, window=0, percentile=100.00%, depth=1

Run status group 0 (all jobs):
   READ: bw=33.0MiB/s (34.6MB/s), 33.0MiB/s-33.0MiB/s (34.6MB/s-34.6MB/s), io=531MiB (557MB), run=16088-16088msec
