create: (g=0): rw=read, bs=(R) 4096B-4096B, (W) 4096B-4096B, (T) 4096B-4096B, ioengine=filecreate, iodepth=1
...
fio-3.41
Starting 23 threads

create: (groupid=0, jobs=23): err= 0: pid=959062: Sat Mar 14 23:02:22 2026
  read: IOPS=6884, BW=26.9MiB/s (28.2MB/s)(719MiB/26728msec)
    clat (usec): min=39, max=62751, avg=2834.98, stdev=2062.45
    clat percentiles (usec):
     |  1.00th=[   53],  5.00th=[   63], 10.00th=[   79], 20.00th=[ 1549],
     | 30.00th=[ 2638], 40.00th=[ 2933], 50.00th=[ 3163], 60.00th=[ 3392],
     | 70.00th=[ 3687], 80.00th=[ 4015], 90.00th=[ 4359], 95.00th=[ 4555],
     | 99.00th=[ 4948], 99.50th=[ 5276], 99.90th=[15008], 99.95th=[46400],
     | 99.99th=[61604]
   bw (  KiB/s): min=18565, max=33267, per=100.00%, avg=27752.21, stdev=138.94, samples=1204
   iops        : min= 4638, max= 8316, avg=6937.95, stdev=34.74, samples=1204
  cpu          : usr=12.28%, sys=2.04%, ctx=965813, majf=0, minf=0
  IO depths    : 1=100.0%, 2=0.0%, 4=0.0%, 8=0.0%, 16=0.0%, 32=0.0%, >=64=0.0%
     submit    : 0=0.0%, 4=100.0%, 8=0.0%, 16=0.0%, 32=0.0%, 64=0.0%, >=64=0.0%
     complete  : 0=0.0%, 4=100.0%, 8=0.0%, 16=0.0%, 32=0.0%, 64=0.0%, >=64=0.0%
     issued rwts: total=184000,0,0,0 short=0,0,0,0 dropped=0,0,0,0
     latency   : target=0, window=0, percentile=100.00%, depth=1

Run status group 0 (all jobs):
   READ: bw=26.9MiB/s (28.2MB/s), 26.9MiB/s-26.9MiB/s (28.2MB/s-28.2MB/s), io=719MiB (754MB), run=26728-26728msec
