create: (g=0): rw=read, bs=(R) 4096B-4096B, (W) 4096B-4096B, (T) 4096B-4096B, ioengine=filecreate, iodepth=1
...
fio-3.41
Starting 31 threads

create: (groupid=0, jobs=31): err= 0: pid=894922: Sat Mar 14 20:15:30 2026
  read: IOPS=6056, BW=23.7MiB/s (24.8MB/s)(969MiB/40945msec)
    clat (usec): min=42, max=56601, avg=4545.86, stdev=2697.93
    clat percentiles (usec):
     |  1.00th=[   58],  5.00th=[   83], 10.00th=[  112], 20.00th=[ 3687],
     | 30.00th=[ 4359], 40.00th=[ 4686], 50.00th=[ 4948], 60.00th=[ 5276],
     | 70.00th=[ 5997], 80.00th=[ 6521], 90.00th=[ 6849], 95.00th=[ 7111],
     | 99.00th=[ 7570], 99.50th=[ 7767], 99.90th=[31589], 99.95th=[45351],
     | 99.99th=[53216]
   bw (  KiB/s): min=16704, max=30456, per=100.00%, avg=24333.00, stdev=99.70, samples=2502
   iops        : min= 4173, max= 7614, avg=6083.21, stdev=24.93, samples=2502
  cpu          : usr=9.16%, sys=1.61%, ctx=1304815, majf=0, minf=0
  IO depths    : 1=100.0%, 2=0.0%, 4=0.0%, 8=0.0%, 16=0.0%, 32=0.0%, >=64=0.0%
     submit    : 0=0.0%, 4=100.0%, 8=0.0%, 16=0.0%, 32=0.0%, 64=0.0%, >=64=0.0%
     complete  : 0=0.0%, 4=100.0%, 8=0.0%, 16=0.0%, 32=0.0%, 64=0.0%, >=64=0.0%
     issued rwts: total=248000,0,0,0 short=0,0,0,0 dropped=0,0,0,0
     latency   : target=0, window=0, percentile=100.00%, depth=1

Run status group 0 (all jobs):
   READ: bw=23.7MiB/s (24.8MB/s), 23.7MiB/s-23.7MiB/s (24.8MB/s-24.8MB/s), io=969MiB (1016MB), run=40945-40945msec
