create: (g=0): rw=read, bs=(R) 4096B-4096B, (W) 4096B-4096B, (T) 4096B-4096B, ioengine=filecreate, iodepth=1
...
fio-3.41
Starting 60 threads

create: (groupid=0, jobs=60): err= 0: pid=909842: Sat Mar 14 21:15:09 2026
  read: IOPS=5695, BW=22.2MiB/s (23.3MB/s)(1875MiB/84284msec)
    clat (usec): min=45, max=110408, avg=9528.87, stdev=4446.33
    clat percentiles (usec):
     |  1.00th=[    75],  5.00th=[   110], 10.00th=[   135], 20.00th=[  8979],
     | 30.00th=[  9503], 40.00th=[ 10028], 50.00th=[ 10683], 60.00th=[ 11207],
     | 70.00th=[ 11731], 80.00th=[ 12256], 90.00th=[ 12780], 95.00th=[ 13173],
     | 99.00th=[ 13698], 99.50th=[ 13960], 99.90th=[ 41157], 99.95th=[ 50594],
     | 99.99th=[109577]
   bw (  KiB/s): min=14143, max=31694, per=100.00%, avg=22837.81, stdev=39.65, samples=10060
   iops        : min= 3535, max= 7914, avg=5709.36, stdev= 9.91, samples=10060
  cpu          : usr=8.37%, sys=0.89%, ctx=2544985, majf=0, minf=0
  IO depths    : 1=100.0%, 2=0.0%, 4=0.0%, 8=0.0%, 16=0.0%, 32=0.0%, >=64=0.0%
     submit    : 0=0.0%, 4=100.0%, 8=0.0%, 16=0.0%, 32=0.0%, 64=0.0%, >=64=0.0%
     complete  : 0=0.0%, 4=100.0%, 8=0.0%, 16=0.0%, 32=0.0%, 64=0.0%, >=64=0.0%
     issued rwts: total=480000,0,0,0 short=0,0,0,0 dropped=0,0,0,0
     latency   : target=0, window=0, percentile=100.00%, depth=1

Run status group 0 (all jobs):
   READ: bw=22.2MiB/s (23.3MB/s), 22.2MiB/s-22.2MiB/s (23.3MB/s-23.3MB/s), io=1875MiB (1966MB), run=84284-84284msec
