create: (g=0): rw=read, bs=(R) 4096B-4096B, (W) 4096B-4096B, (T) 4096B-4096B, ioengine=filecreate, iodepth=1
...
fio-3.41
Starting 36 threads

create: (groupid=0, jobs=36): err= 0: pid=915135: Sat Mar 14 21:31:35 2026
  read: IOPS=6109, BW=23.9MiB/s (25.0MB/s)(1125MiB/47139msec)
    clat (usec): min=42, max=66215, avg=5272.58, stdev=3057.30
    clat percentiles (usec):
     |  1.00th=[   59],  5.00th=[   85], 10.00th=[  114], 20.00th=[ 4490],
     | 30.00th=[ 5145], 40.00th=[ 5538], 50.00th=[ 5932], 60.00th=[ 6259],
     | 70.00th=[ 6783], 80.00th=[ 7308], 90.00th=[ 7767], 95.00th=[ 8029],
     | 99.00th=[ 8455], 99.50th=[ 8717], 99.90th=[41157], 99.95th=[50070],
     | 99.99th=[60556]
   bw (  KiB/s): min=13447, max=32256, per=100.00%, avg=24498.34, stdev=85.85, samples=3378
   iops        : min= 3361, max= 8064, avg=6124.39, stdev=21.47, samples=3378
  cpu          : usr=8.75%, sys=1.39%, ctx=1520065, majf=0, minf=0
  IO depths    : 1=100.0%, 2=0.0%, 4=0.0%, 8=0.0%, 16=0.0%, 32=0.0%, >=64=0.0%
     submit    : 0=0.0%, 4=100.0%, 8=0.0%, 16=0.0%, 32=0.0%, 64=0.0%, >=64=0.0%
     complete  : 0=0.0%, 4=100.0%, 8=0.0%, 16=0.0%, 32=0.0%, 64=0.0%, >=64=0.0%
     issued rwts: total=288000,0,0,0 short=0,0,0,0 dropped=0,0,0,0
     latency   : target=0, window=0, percentile=100.00%, depth=1

Run status group 0 (all jobs):
   READ: bw=23.9MiB/s (25.0MB/s), 23.9MiB/s-23.9MiB/s (25.0MB/s-25.0MB/s), io=1125MiB (1180MB), run=47139-47139msec
