create: (g=0): rw=read, bs=(R) 4096B-4096B, (W) 4096B-4096B, (T) 4096B-4096B, ioengine=filecreate, iodepth=1
...
fio-3.41
Starting 31 threads

create: (groupid=0, jobs=31): err= 0: pid=901534: Sat Mar 14 20:40:16 2026
  read: IOPS=6154, BW=24.0MiB/s (25.2MB/s)(969MiB/40297msec)
    clat (usec): min=41, max=51995, avg=4473.52, stdev=2625.98
    clat percentiles (usec):
     |  1.00th=[   56],  5.00th=[   79], 10.00th=[  109], 20.00th=[ 3556],
     | 30.00th=[ 4293], 40.00th=[ 4621], 50.00th=[ 4883], 60.00th=[ 5276],
     | 70.00th=[ 5866], 80.00th=[ 6390], 90.00th=[ 6718], 95.00th=[ 6980],
     | 99.00th=[ 7439], 99.50th=[ 7635], 99.90th=[33424], 99.95th=[41681],
     | 99.99th=[48497]
   bw (  KiB/s): min=16631, max=32131, per=100.00%, avg=24751.04, stdev=104.81, samples=2480
   iops        : min= 4156, max= 8032, avg=6187.72, stdev=26.20, samples=2480
  cpu          : usr=9.09%, sys=1.61%, ctx=1305243, majf=0, minf=0
  IO depths    : 1=100.0%, 2=0.0%, 4=0.0%, 8=0.0%, 16=0.0%, 32=0.0%, >=64=0.0%
     submit    : 0=0.0%, 4=100.0%, 8=0.0%, 16=0.0%, 32=0.0%, 64=0.0%, >=64=0.0%
     complete  : 0=0.0%, 4=100.0%, 8=0.0%, 16=0.0%, 32=0.0%, 64=0.0%, >=64=0.0%
     issued rwts: total=248000,0,0,0 short=0,0,0,0 dropped=0,0,0,0
     latency   : target=0, window=0, percentile=100.00%, depth=1

Run status group 0 (all jobs):
   READ: bw=24.0MiB/s (25.2MB/s), 24.0MiB/s-24.0MiB/s (25.2MB/s-25.2MB/s), io=969MiB (1016MB), run=40297-40297msec
