create: (g=0): rw=read, bs=(R) 4096B-4096B, (W) 4096B-4096B, (T) 4096B-4096B, ioengine=filecreate, iodepth=1
...
fio-3.41
Starting 13 threads

create: (groupid=0, jobs=13): err= 0: pid=911840: Sat Mar 14 21:19:26 2026
  read: IOPS=9726, BW=38.0MiB/s (39.8MB/s)(406MiB/10692msec)
    clat (usec): min=38, max=62351, avg=750.54, stdev=1047.79
    clat percentiles (usec):
     |  1.00th=[   48],  5.00th=[   50], 10.00th=[   53], 20.00th=[   63],
     | 30.00th=[   92], 40.00th=[  169], 50.00th=[  824], 60.00th=[ 1037],
     | 70.00th=[ 1237], 80.00th=[ 1401], 90.00th=[ 1582], 95.00th=[ 1680],
     | 99.00th=[ 1860], 99.50th=[ 1926], 99.90th=[ 2180], 99.95th=[ 5211],
     | 99.99th=[61604]
   bw (  KiB/s): min=23992, max=77040, per=100.00%, avg=41998.50, stdev=1050.79, samples=249
   iops        : min= 5995, max=19260, avg=10499.36, stdev=262.72, samples=249
  cpu          : usr=32.68%, sys=3.49%, ctx=532594, majf=0, minf=0
  IO depths    : 1=100.0%, 2=0.0%, 4=0.0%, 8=0.0%, 16=0.0%, 32=0.0%, >=64=0.0%
     submit    : 0=0.0%, 4=100.0%, 8=0.0%, 16=0.0%, 32=0.0%, 64=0.0%, >=64=0.0%
     complete  : 0=0.0%, 4=100.0%, 8=0.0%, 16=0.0%, 32=0.0%, 64=0.0%, >=64=0.0%
     issued rwts: total=104000,0,0,0 short=0,0,0,0 dropped=0,0,0,0
     latency   : target=0, window=0, percentile=100.00%, depth=1

Run status group 0 (all jobs):
   READ: bw=38.0MiB/s (39.8MB/s), 38.0MiB/s-38.0MiB/s (39.8MB/s-39.8MB/s), io=406MiB (426MB), run=10692-10692msec
