create: (g=0): rw=read, bs=(R) 4096B-4096B, (W) 4096B-4096B, (T) 4096B-4096B, ioengine=filecreate, iodepth=1
...
fio-3.41
Starting 18 threads

create: (groupid=0, jobs=18): err= 0: pid=919190: Sat Mar 14 21:46:02 2026
  read: IOPS=8024, BW=31.3MiB/s (32.9MB/s)(563MiB/17945msec)
    clat (usec): min=39, max=48120, avg=1787.86, stdev=1386.31
    clat percentiles (usec):
     |  1.00th=[   52],  5.00th=[   57], 10.00th=[   67], 20.00th=[   98],
     | 30.00th=[ 1631], 40.00th=[ 1876], 50.00th=[ 2073], 60.00th=[ 2245],
     | 70.00th=[ 2409], 80.00th=[ 2573], 90.00th=[ 2769], 95.00th=[ 2900],
     | 99.00th=[ 3130], 99.50th=[ 3195], 99.90th=[ 9503], 99.95th=[35390],
     | 99.99th=[47973]
   bw (  KiB/s): min=22600, max=37072, per=100.00%, avg=32264.48, stdev=167.55, samples=627
   iops        : min= 5650, max= 9268, avg=8066.12, stdev=41.89, samples=627
  cpu          : usr=16.35%, sys=2.51%, ctx=754844, majf=0, minf=0
  IO depths    : 1=100.0%, 2=0.0%, 4=0.0%, 8=0.0%, 16=0.0%, 32=0.0%, >=64=0.0%
     submit    : 0=0.0%, 4=100.0%, 8=0.0%, 16=0.0%, 32=0.0%, 64=0.0%, >=64=0.0%
     complete  : 0=0.0%, 4=100.0%, 8=0.0%, 16=0.0%, 32=0.0%, 64=0.0%, >=64=0.0%
     issued rwts: total=144000,0,0,0 short=0,0,0,0 dropped=0,0,0,0
     latency   : target=0, window=0, percentile=100.00%, depth=1

Run status group 0 (all jobs):
   READ: bw=31.3MiB/s (32.9MB/s), 31.3MiB/s-31.3MiB/s (32.9MB/s-32.9MB/s), io=563MiB (590MB), run=17945-17945msec
