create: (g=0): rw=read, bs=(R) 4096B-4096B, (W) 4096B-4096B, (T) 4096B-4096B, ioengine=filecreate, iodepth=1
...
fio-3.41
Starting 13 threads

create: (groupid=0, jobs=13): err= 0: pid=891999: Sat Mar 14 20:05:14 2026
  read: IOPS=9587, BW=37.4MiB/s (39.3MB/s)(406MiB/10848msec)
    clat (usec): min=38, max=59064, avg=813.82, stdev=992.11
    clat percentiles (usec):
     |  1.00th=[   47],  5.00th=[   50], 10.00th=[   53], 20.00th=[   64],
     | 30.00th=[   95], 40.00th=[  188], 50.00th=[ 1020], 60.00th=[ 1188],
     | 70.00th=[ 1336], 80.00th=[ 1450], 90.00th=[ 1598], 95.00th=[ 1713],
     | 99.00th=[ 1893], 99.50th=[ 1958], 99.90th=[ 2147], 99.95th=[ 4686],
     | 99.99th=[45351]
   bw (  KiB/s): min=25397, max=64720, per=100.00%, avg=40358.98, stdev=817.15, samples=258
   iops        : min= 6347, max=16180, avg=10089.63, stdev=204.30, samples=258
  cpu          : usr=29.94%, sys=3.45%, ctx=533343, majf=0, minf=0
  IO depths    : 1=100.0%, 2=0.0%, 4=0.0%, 8=0.0%, 16=0.0%, 32=0.0%, >=64=0.0%
     submit    : 0=0.0%, 4=100.0%, 8=0.0%, 16=0.0%, 32=0.0%, 64=0.0%, >=64=0.0%
     complete  : 0=0.0%, 4=100.0%, 8=0.0%, 16=0.0%, 32=0.0%, 64=0.0%, >=64=0.0%
     issued rwts: total=104000,0,0,0 short=0,0,0,0 dropped=0,0,0,0
     latency   : target=0, window=0, percentile=100.00%, depth=1

Run status group 0 (all jobs):
   READ: bw=37.4MiB/s (39.3MB/s), 37.4MiB/s-37.4MiB/s (39.3MB/s-39.3MB/s), io=406MiB (426MB), run=10848-10848msec
