create: (g=0): rw=read, bs=(R) 4096B-4096B, (W) 4096B-4096B, (T) 4096B-4096B, ioengine=filecreate, iodepth=1
...
fio-3.41
Starting 5 threads

create: (groupid=0, jobs=5): err= 0: pid=917378: Sat Mar 14 21:42:30 2026
  read: IOPS=7727, BW=30.2MiB/s (31.7MB/s)(156MiB/5176msec)
    clat (usec): min=34, max=1824, avg=65.85, stdev=37.95
    clat percentiles (usec):
     |  1.00th=[   42],  5.00th=[   44], 10.00th=[   46], 20.00th=[   48],
     | 30.00th=[   49], 40.00th=[   50], 50.00th=[   52], 60.00th=[   59],
     | 70.00th=[   69], 80.00th=[   85], 90.00th=[  101], 95.00th=[  123],
     | 99.00th=[  163], 99.50th=[  182], 99.90th=[  383], 99.95th=[  742],
     | 99.99th=[ 1336]
   bw (  KiB/s): min=13999, max=74592, per=100.00%, avg=31544.49, stdev=3675.24, samples=43
   iops        : min= 3499, max=18648, avg=7886.01, stdev=918.83, samples=43
  cpu          : usr=75.80%, sys=5.15%, ctx=177270, majf=0, minf=0
  IO depths    : 1=100.0%, 2=0.0%, 4=0.0%, 8=0.0%, 16=0.0%, 32=0.0%, >=64=0.0%
     submit    : 0=0.0%, 4=100.0%, 8=0.0%, 16=0.0%, 32=0.0%, 64=0.0%, >=64=0.0%
     complete  : 0=0.0%, 4=100.0%, 8=0.0%, 16=0.0%, 32=0.0%, 64=0.0%, >=64=0.0%
     issued rwts: total=40000,0,0,0 short=0,0,0,0 dropped=0,0,0,0
     latency   : target=0, window=0, percentile=100.00%, depth=1

Run status group 0 (all jobs):
   READ: bw=30.2MiB/s (31.7MB/s), 30.2MiB/s-30.2MiB/s (31.7MB/s-31.7MB/s), io=156MiB (164MB), run=5176-5176msec
