create: (g=0): rw=read, bs=(R) 4096B-4096B, (W) 4096B-4096B, (T) 4096B-4096B, ioengine=filecreate, iodepth=1
...
fio-3.41
Starting 11 threads

create: (groupid=0, jobs=11): err= 0: pid=931398: Sat Mar 14 22:33:05 2026
  read: IOPS=12.5k, BW=48.9MiB/s (51.3MB/s)(344MiB/7032msec)
    clat (usec): min=36, max=55137, avg=163.55, stdev=755.83
    clat percentiles (usec):
     |  1.00th=[   41],  5.00th=[   47], 10.00th=[   48], 20.00th=[   50],
     | 30.00th=[   55], 40.00th=[   68], 50.00th=[   86], 60.00th=[  102],
     | 70.00th=[  133], 80.00th=[  169], 90.00th=[  243], 95.00th=[  734],
     | 99.00th=[ 1045], 99.50th=[ 1123], 99.90th=[ 1336], 99.95th=[ 3687],
     | 99.99th=[46924]
   bw (  KiB/s): min=25370, max=134729, per=100.00%, avg=62503.00, stdev=2701.62, samples=119
   iops        : min= 6341, max=33681, avg=15625.51, stdev=675.39, samples=119
  cpu          : usr=67.44%, sys=4.28%, ctx=425350, majf=0, minf=0
  IO depths    : 1=100.0%, 2=0.0%, 4=0.0%, 8=0.0%, 16=0.0%, 32=0.0%, >=64=0.0%
     submit    : 0=0.0%, 4=100.0%, 8=0.0%, 16=0.0%, 32=0.0%, 64=0.0%, >=64=0.0%
     complete  : 0=0.0%, 4=100.0%, 8=0.0%, 16=0.0%, 32=0.0%, 64=0.0%, >=64=0.0%
     issued rwts: total=88000,0,0,0 short=0,0,0,0 dropped=0,0,0,0
     latency   : target=0, window=0, percentile=100.00%, depth=1

Run status group 0 (all jobs):
   READ: bw=48.9MiB/s (51.3MB/s), 48.9MiB/s-48.9MiB/s (51.3MB/s-51.3MB/s), io=344MiB (360MB), run=7032-7032msec
