create: (g=0): rw=read, bs=(R) 4096B-4096B, (W) 4096B-4096B, (T) 4096B-4096B, ioengine=filecreate, iodepth=1
...
fio-3.41
Starting 19 threads

create: (groupid=0, jobs=19): err= 0: pid=892899: Sat Mar 14 20:07:31 2026
  read: IOPS=8313, BW=32.5MiB/s (34.1MB/s)(594MiB/18283msec)
    clat (usec): min=39, max=51150, avg=1835.98, stdev=1391.99
    clat percentiles (usec):
     |  1.00th=[   51],  5.00th=[   55], 10.00th=[   60], 20.00th=[   87],
     | 30.00th=[ 1663], 40.00th=[ 1958], 50.00th=[ 2180], 60.00th=[ 2343],
     | 70.00th=[ 2507], 80.00th=[ 2671], 90.00th=[ 2835], 95.00th=[ 2966],
     | 99.00th=[ 3195], 99.50th=[ 3261], 99.90th=[10421], 99.95th=[33817],
     | 99.99th=[46400]
   bw (  KiB/s): min=23414, max=40472, per=100.00%, avg=33446.86, stdev=171.04, samples=675
   iops        : min= 5850, max=10115, avg=8361.48, stdev=42.76, samples=675
  cpu          : usr=15.80%, sys=2.34%, ctx=795939, majf=0, minf=0
  IO depths    : 1=100.0%, 2=0.0%, 4=0.0%, 8=0.0%, 16=0.0%, 32=0.0%, >=64=0.0%
     submit    : 0=0.0%, 4=100.0%, 8=0.0%, 16=0.0%, 32=0.0%, 64=0.0%, >=64=0.0%
     complete  : 0=0.0%, 4=100.0%, 8=0.0%, 16=0.0%, 32=0.0%, 64=0.0%, >=64=0.0%
     issued rwts: total=152000,0,0,0 short=0,0,0,0 dropped=0,0,0,0
     latency   : target=0, window=0, percentile=100.00%, depth=1

Run status group 0 (all jobs):
   READ: bw=32.5MiB/s (34.1MB/s), 32.5MiB/s-32.5MiB/s (34.1MB/s-34.1MB/s), io=594MiB (623MB), run=18283-18283msec
