create: (g=0): rw=read, bs=(R) 4096B-4096B, (W) 4096B-4096B, (T) 4096B-4096B, ioengine=filecreate, iodepth=1
...
fio-3.41
Starting 25 threads

create: (groupid=0, jobs=25): err= 0: pid=893868: Sat Mar 14 20:10:53 2026
  read: IOPS=6435, BW=25.1MiB/s (26.4MB/s)(781MiB/31077msec)
    clat (usec): min=40, max=59097, avg=3342.55, stdev=2343.38
    clat percentiles (usec):
     |  1.00th=[   54],  5.00th=[   69], 10.00th=[   92], 20.00th=[ 2073],
     | 30.00th=[ 3032], 40.00th=[ 3359], 50.00th=[ 3654], 60.00th=[ 3949],
     | 70.00th=[ 4293], 80.00th=[ 4883], 90.00th=[ 5342], 95.00th=[ 5538],
     | 99.00th=[ 5997], 99.50th=[ 6128], 99.90th=[36963], 99.95th=[49021],
     | 99.99th=[56886]
   bw (  KiB/s): min=18096, max=32368, per=100.00%, avg=25922.71, stdev=140.11, samples=1516
   iops        : min= 4522, max= 8092, avg=6480.51, stdev=35.04, samples=1516
  cpu          : usr=11.30%, sys=1.87%, ctx=1050649, majf=0, minf=0
  IO depths    : 1=100.0%, 2=0.0%, 4=0.0%, 8=0.0%, 16=0.0%, 32=0.0%, >=64=0.0%
     submit    : 0=0.0%, 4=100.0%, 8=0.0%, 16=0.0%, 32=0.0%, 64=0.0%, >=64=0.0%
     complete  : 0=0.0%, 4=100.0%, 8=0.0%, 16=0.0%, 32=0.0%, 64=0.0%, >=64=0.0%
     issued rwts: total=200000,0,0,0 short=0,0,0,0 dropped=0,0,0,0
     latency   : target=0, window=0, percentile=100.00%, depth=1

Run status group 0 (all jobs):
   READ: bw=25.1MiB/s (26.4MB/s), 25.1MiB/s-25.1MiB/s (26.4MB/s-26.4MB/s), io=781MiB (819MB), run=31077-31077msec
