create: (g=0): rw=read, bs=(R) 4096B-4096B, (W) 4096B-4096B, (T) 4096B-4096B, ioengine=filecreate, iodepth=1
...
fio-3.41
Starting 52 threads

create: (groupid=0, jobs=52): err= 0: pid=915978: Sat Mar 14 21:36:39 2026
  read: IOPS=5803, BW=22.7MiB/s (23.8MB/s)(1625MiB/71681msec)
    clat (usec): min=45, max=87060, avg=8069.88, stdev=3940.84
    clat percentiles (usec):
     |  1.00th=[   71],  5.00th=[  103], 10.00th=[  127], 20.00th=[ 7570],
     | 30.00th=[ 8094], 40.00th=[ 8586], 50.00th=[ 8979], 60.00th=[ 9503],
     | 70.00th=[10028], 80.00th=[10552], 90.00th=[11076], 95.00th=[11338],
     | 99.00th=[11994], 99.50th=[12518], 99.90th=[40633], 99.95th=[48497],
     | 99.99th=[86508]
   bw (  KiB/s): min=14448, max=34055, per=100.00%, avg=23317.86, stdev=48.50, samples=7387
   iops        : min= 3612, max= 8512, avg=5829.38, stdev=12.12, samples=7387
  cpu          : usr=8.47%, sys=0.99%, ctx=2200676, majf=0, minf=9
  IO depths    : 1=100.0%, 2=0.0%, 4=0.0%, 8=0.0%, 16=0.0%, 32=0.0%, >=64=0.0%
     submit    : 0=0.0%, 4=100.0%, 8=0.0%, 16=0.0%, 32=0.0%, 64=0.0%, >=64=0.0%
     complete  : 0=0.0%, 4=100.0%, 8=0.0%, 16=0.0%, 32=0.0%, 64=0.0%, >=64=0.0%
     issued rwts: total=416000,0,0,0 short=0,0,0,0 dropped=0,0,0,0
     latency   : target=0, window=0, percentile=100.00%, depth=1

Run status group 0 (all jobs):
   READ: bw=22.7MiB/s (23.8MB/s), 22.7MiB/s-22.7MiB/s (23.8MB/s-23.8MB/s), io=1625MiB (1704MB), run=71681-71681msec
