create: (g=0): rw=read, bs=(R) 4096B-4096B, (W) 4096B-4096B, (T) 4096B-4096B, ioengine=filecreate, iodepth=1
...
fio-3.41
Starting 3 threads

create: (groupid=0, jobs=3): err= 0: pid=923749: Sat Mar 14 22:07:04 2026
  read: IOPS=6222, BW=24.3MiB/s (25.5MB/s)(93.8MiB/3857msec)
    clat (usec): min=36, max=842, avg=58.52, stdev=24.07
    clat percentiles (usec):
     |  1.00th=[   42],  5.00th=[   44], 10.00th=[   45], 20.00th=[   46],
     | 30.00th=[   47], 40.00th=[   48], 50.00th=[   49], 60.00th=[   51],
     | 70.00th=[   59], 80.00th=[   72], 90.00th=[   89], 95.00th=[   99],
     | 99.00th=[  137], 99.50th=[  147], 99.90th=[  204], 99.95th=[  334],
     | 99.99th=[  799]
   bw (  KiB/s): min=11384, max=46888, per=96.22%, avg=23950.86, stdev=3992.94, samples=21
   iops        : min= 2846, max=11722, avg=5987.71, stdev=998.24, samples=21
  cpu          : usr=73.39%, sys=4.82%, ctx=103115, majf=0, minf=0
  IO depths    : 1=100.0%, 2=0.0%, 4=0.0%, 8=0.0%, 16=0.0%, 32=0.0%, >=64=0.0%
     submit    : 0=0.0%, 4=100.0%, 8=0.0%, 16=0.0%, 32=0.0%, 64=0.0%, >=64=0.0%
     complete  : 0=0.0%, 4=100.0%, 8=0.0%, 16=0.0%, 32=0.0%, 64=0.0%, >=64=0.0%
     issued rwts: total=24000,0,0,0 short=0,0,0,0 dropped=0,0,0,0
     latency   : target=0, window=0, percentile=100.00%, depth=1

Run status group 0 (all jobs):
   READ: bw=24.3MiB/s (25.5MB/s), 24.3MiB/s-24.3MiB/s (25.5MB/s-25.5MB/s), io=93.8MiB (98.3MB), run=3857-3857msec
