create: (g=0): rw=read, bs=(R) 4096B-4096B, (W) 4096B-4096B, (T) 4096B-4096B, ioengine=filecreate, iodepth=1
...
fio-3.41
Starting 9 threads

create: (groupid=0, jobs=9): err= 0: pid=917897: Sat Mar 14 21:43:15 2026
  read: IOPS=10.9k, BW=42.5MiB/s (44.6MB/s)(281MiB/6616msec)
    clat (usec): min=35, max=59842, avg=102.97, stdev=389.95
    clat percentiles (usec):
     |  1.00th=[   42],  5.00th=[   46], 10.00th=[   47], 20.00th=[   49],
     | 30.00th=[   51], 40.00th=[   58], 50.00th=[   72], 60.00th=[   87],
     | 70.00th=[  102], 80.00th=[  133], 90.00th=[  184], 95.00th=[  235],
     | 99.00th=[  490], 99.50th=[  668], 99.90th=[ 1037], 99.95th=[ 1516],
     | 99.99th=[ 3523]
   bw (  KiB/s): min=24229, max=110171, per=100.00%, avg=60713.86, stdev=2823.88, samples=81
   iops        : min= 6056, max=27542, avg=15178.00, stdev=705.96, samples=81
  cpu          : usr=70.71%, sys=4.35%, ctx=339442, majf=0, minf=0
  IO depths    : 1=100.0%, 2=0.0%, 4=0.0%, 8=0.0%, 16=0.0%, 32=0.0%, >=64=0.0%
     submit    : 0=0.0%, 4=100.0%, 8=0.0%, 16=0.0%, 32=0.0%, 64=0.0%, >=64=0.0%
     complete  : 0=0.0%, 4=100.0%, 8=0.0%, 16=0.0%, 32=0.0%, 64=0.0%, >=64=0.0%
     issued rwts: total=72000,0,0,0 short=0,0,0,0 dropped=0,0,0,0
     latency   : target=0, window=0, percentile=100.00%, depth=1

Run status group 0 (all jobs):
   READ: bw=42.5MiB/s (44.6MB/s), 42.5MiB/s-42.5MiB/s (44.6MB/s-44.6MB/s), io=281MiB (295MB), run=6616-6616msec
