create: (g=0): rw=read, bs=(R) 4096B-4096B, (W) 4096B-4096B, (T) 4096B-4096B, ioengine=filecreate, iodepth=1
...
fio-3.41
Starting 24 threads

create: (groupid=0, jobs=24): err= 0: pid=920150: Sat Mar 14 21:49:15 2026
  read: IOPS=6595, BW=25.8MiB/s (27.0MB/s)(750MiB/29109msec)
    clat (usec): min=43, max=55783, avg=3124.39, stdev=2223.95
    clat percentiles (usec):
     |  1.00th=[   53],  5.00th=[   68], 10.00th=[   87], 20.00th=[ 1991],
     | 30.00th=[ 2835], 40.00th=[ 3163], 50.00th=[ 3425], 60.00th=[ 3752],
     | 70.00th=[ 4080], 80.00th=[ 4424], 90.00th=[ 4817], 95.00th=[ 5211],
     | 99.00th=[ 5604], 99.50th=[ 5735], 99.90th=[36439], 99.95th=[51119],
     | 99.99th=[54264]
   bw (  KiB/s): min=17779, max=33600, per=100.00%, avg=26570.08, stdev=143.91, samples=1376
   iops        : min= 4442, max= 8400, avg=6642.47, stdev=35.98, samples=1376
  cpu          : usr=11.55%, sys=1.97%, ctx=1008493, majf=0, minf=0
  IO depths    : 1=100.0%, 2=0.0%, 4=0.0%, 8=0.0%, 16=0.0%, 32=0.0%, >=64=0.0%
     submit    : 0=0.0%, 4=100.0%, 8=0.0%, 16=0.0%, 32=0.0%, 64=0.0%, >=64=0.0%
     complete  : 0=0.0%, 4=100.0%, 8=0.0%, 16=0.0%, 32=0.0%, 64=0.0%, >=64=0.0%
     issued rwts: total=192000,0,0,0 short=0,0,0,0 dropped=0,0,0,0
     latency   : target=0, window=0, percentile=100.00%, depth=1

Run status group 0 (all jobs):
   READ: bw=25.8MiB/s (27.0MB/s), 25.8MiB/s-25.8MiB/s (27.0MB/s-27.0MB/s), io=750MiB (786MB), run=29109-29109msec
