create: (g=0): rw=read, bs=(R) 4096B-4096B, (W) 4096B-4096B, (T) 4096B-4096B, ioengine=filecreate, iodepth=1
...
fio-3.41
Starting 64 threads

create: (groupid=0, jobs=64): err= 0: pid=896866: Sat Mar 14 20:27:37 2026
  read: IOPS=5553, BW=21.7MiB/s (22.7MB/s)(2000MiB/92193msec)
    clat (usec): min=49, max=94377, avg=10457.34, stdev=4777.79
    clat percentiles (usec):
     |  1.00th=[   79],  5.00th=[  113], 10.00th=[  139], 20.00th=[10028],
     | 30.00th=[10552], 40.00th=[11076], 50.00th=[11731], 60.00th=[12256],
     | 70.00th=[12780], 80.00th=[13304], 90.00th=[13960], 95.00th=[14222],
     | 99.00th=[14877], 99.50th=[15139], 99.90th=[50594], 99.95th=[60031],
     | 99.99th=[93848]
   bw (  KiB/s): min=14747, max=33152, per=100.00%, avg=22294.65, stdev=35.73, samples=11724
   iops        : min= 3683, max= 8288, avg=5573.62, stdev= 8.93, samples=11724
  cpu          : usr=8.07%, sys=0.84%, ctx=2714437, majf=0, minf=0
  IO depths    : 1=100.0%, 2=0.0%, 4=0.0%, 8=0.0%, 16=0.0%, 32=0.0%, >=64=0.0%
     submit    : 0=0.0%, 4=100.0%, 8=0.0%, 16=0.0%, 32=0.0%, 64=0.0%, >=64=0.0%
     complete  : 0=0.0%, 4=100.0%, 8=0.0%, 16=0.0%, 32=0.0%, 64=0.0%, >=64=0.0%
     issued rwts: total=512000,0,0,0 short=0,0,0,0 dropped=0,0,0,0
     latency   : target=0, window=0, percentile=100.00%, depth=1

Run status group 0 (all jobs):
   READ: bw=21.7MiB/s (22.7MB/s), 21.7MiB/s-21.7MiB/s (22.7MB/s-22.7MB/s), io=2000MiB (2097MB), run=92193-92193msec
