create: (g=0): rw=read, bs=(R) 4096B-4096B, (W) 4096B-4096B, (T) 4096B-4096B, ioengine=filecreate, iodepth=1
...
fio-3.41
Starting 20 threads

create: (groupid=0, jobs=20): err= 0: pid=906277: Sat Mar 14 20:57:28 2026
  read: IOPS=7359, BW=28.7MiB/s (30.1MB/s)(625MiB/21741msec)
    clat (usec): min=40, max=60715, avg=2234.52, stdev=1756.29
    clat percentiles (usec):
     |  1.00th=[   52],  5.00th=[   58], 10.00th=[   72], 20.00th=[  124],
     | 30.00th=[ 2008], 40.00th=[ 2311], 50.00th=[ 2540], 60.00th=[ 2769],
     | 70.00th=[ 2966], 80.00th=[ 3195], 90.00th=[ 3458], 95.00th=[ 3654],
     | 99.00th=[ 3982], 99.50th=[ 4080], 99.90th=[12780], 99.95th=[47973],
     | 99.99th=[53216]
   bw (  KiB/s): min=19017, max=34968, per=100.00%, avg=29566.13, stdev=155.41, samples=854
   iops        : min= 4752, max= 8742, avg=7391.48, stdev=38.86, samples=854
  cpu          : usr=14.29%, sys=2.39%, ctx=839781, majf=0, minf=0
  IO depths    : 1=100.0%, 2=0.0%, 4=0.0%, 8=0.0%, 16=0.0%, 32=0.0%, >=64=0.0%
     submit    : 0=0.0%, 4=100.0%, 8=0.0%, 16=0.0%, 32=0.0%, 64=0.0%, >=64=0.0%
     complete  : 0=0.0%, 4=100.0%, 8=0.0%, 16=0.0%, 32=0.0%, 64=0.0%, >=64=0.0%
     issued rwts: total=160000,0,0,0 short=0,0,0,0 dropped=0,0,0,0
     latency   : target=0, window=0, percentile=100.00%, depth=1

Run status group 0 (all jobs):
   READ: bw=28.7MiB/s (30.1MB/s), 28.7MiB/s-28.7MiB/s (30.1MB/s-30.1MB/s), io=625MiB (655MB), run=21741-21741msec
