create: (g=0): rw=read, bs=(R) 4096B-4096B, (W) 4096B-4096B, (T) 4096B-4096B, ioengine=filecreate, iodepth=1
...
fio-3.41
Starting 6 threads

create: (groupid=0, jobs=6): err= 0: pid=910890: Sat Mar 14 21:17:52 2026
  read: IOPS=11.8k, BW=46.1MiB/s (48.3MB/s)(188MiB/4071msec)
    clat (usec): min=36, max=59703, avg=89.15, stdev=491.47
    clat percentiles (usec):
     |  1.00th=[   45],  5.00th=[   47], 10.00th=[   48], 20.00th=[   50],
     | 30.00th=[   52], 40.00th=[   61], 50.00th=[   75], 60.00th=[   87],
     | 70.00th=[   97], 80.00th=[  115], 90.00th=[  137], 95.00th=[  155],
     | 99.00th=[  198], 99.50th=[  219], 99.90th=[  523], 99.95th=[ 1172],
     | 99.99th=[41157]
   bw (  KiB/s): min=18648, max=100768, per=100.00%, avg=48723.47, stdev=4330.22, samples=43
   iops        : min= 4662, max=25192, avg=12180.87, stdev=1082.55, samples=43
  cpu          : usr=65.77%, sys=6.15%, ctx=228137, majf=0, minf=0
  IO depths    : 1=100.0%, 2=0.0%, 4=0.0%, 8=0.0%, 16=0.0%, 32=0.0%, >=64=0.0%
     submit    : 0=0.0%, 4=100.0%, 8=0.0%, 16=0.0%, 32=0.0%, 64=0.0%, >=64=0.0%
     complete  : 0=0.0%, 4=100.0%, 8=0.0%, 16=0.0%, 32=0.0%, 64=0.0%, >=64=0.0%
     issued rwts: total=48000,0,0,0 short=0,0,0,0 dropped=0,0,0,0
     latency   : target=0, window=0, percentile=100.00%, depth=1

Run status group 0 (all jobs):
   READ: bw=46.1MiB/s (48.3MB/s), 46.1MiB/s-46.1MiB/s (48.3MB/s-48.3MB/s), io=188MiB (197MB), run=4071-4071msec
