create: (g=0): rw=read, bs=(R) 4096B-4096B, (W) 4096B-4096B, (T) 4096B-4096B, ioengine=filecreate, iodepth=1
...
fio-3.41
Starting 52 threads

create: (groupid=0, jobs=52): err= 0: pid=937551: Sat Mar 14 22:50:36 2026
  read: IOPS=6001, BW=23.4MiB/s (24.6MB/s)(1625MiB/69321msec)
    clat (usec): min=43, max=90339, avg=7708.90, stdev=3963.96
    clat percentiles (usec):
     |  1.00th=[   64],  5.00th=[   92], 10.00th=[  124], 20.00th=[ 6849],
     | 30.00th=[ 7504], 40.00th=[ 7963], 50.00th=[ 8455], 60.00th=[ 8979],
     | 70.00th=[ 9503], 80.00th=[10290], 90.00th=[10945], 95.00th=[11469],
     | 99.00th=[12256], 99.50th=[14484], 99.90th=[41681], 99.95th=[53740],
     | 99.99th=[89654]
   bw (  KiB/s): min=15141, max=39266, per=100.00%, avg=24270.19, stdev=62.81, samples=7092
   iops        : min= 3783, max= 9816, avg=6067.35, stdev=15.70, samples=7092
  cpu          : usr=9.00%, sys=1.00%, ctx=2199077, majf=0, minf=0
  IO depths    : 1=100.0%, 2=0.0%, 4=0.0%, 8=0.0%, 16=0.0%, 32=0.0%, >=64=0.0%
     submit    : 0=0.0%, 4=100.0%, 8=0.0%, 16=0.0%, 32=0.0%, 64=0.0%, >=64=0.0%
     complete  : 0=0.0%, 4=100.0%, 8=0.0%, 16=0.0%, 32=0.0%, 64=0.0%, >=64=0.0%
     issued rwts: total=416000,0,0,0 short=0,0,0,0 dropped=0,0,0,0
     latency   : target=0, window=0, percentile=100.00%, depth=1

Run status group 0 (all jobs):
   READ: bw=23.4MiB/s (24.6MB/s), 23.4MiB/s-23.4MiB/s (24.6MB/s-24.6MB/s), io=1625MiB (1704MB), run=69321-69321msec
