create: (g=0): rw=read, bs=(R) 4096B-4096B, (W) 4096B-4096B, (T) 4096B-4096B, ioengine=filecreate, iodepth=1
...
fio-3.41
Starting 44 threads

create: (groupid=0, jobs=44): err= 0: pid=902311: Sat Mar 14 20:44:24 2026
  read: IOPS=6020, BW=23.5MiB/s (24.7MB/s)(1375MiB/58471msec)
    clat (usec): min=45, max=59196, avg=6469.89, stdev=3356.62
    clat percentiles (usec):
     |  1.00th=[   65],  5.00th=[   93], 10.00th=[  122], 20.00th=[ 5800],
     | 30.00th=[ 6456], 40.00th=[ 6849], 50.00th=[ 7242], 60.00th=[ 7635],
     | 70.00th=[ 8029], 80.00th=[ 8586], 90.00th=[ 9241], 95.00th=[ 9634],
     | 99.00th=[10159], 99.50th=[10421], 99.90th=[37487], 99.95th=[49021],
     | 99.99th=[57934]
   bw (  KiB/s): min=16303, max=34811, per=100.00%, avg=24232.25, stdev=59.33, samples=5065
   iops        : min= 4075, max= 8696, avg=6057.99, stdev=14.83, samples=5065
  cpu          : usr=9.52%, sys=1.18%, ctx=1859168, majf=0, minf=0
  IO depths    : 1=100.0%, 2=0.0%, 4=0.0%, 8=0.0%, 16=0.0%, 32=0.0%, >=64=0.0%
     submit    : 0=0.0%, 4=100.0%, 8=0.0%, 16=0.0%, 32=0.0%, 64=0.0%, >=64=0.0%
     complete  : 0=0.0%, 4=100.0%, 8=0.0%, 16=0.0%, 32=0.0%, 64=0.0%, >=64=0.0%
     issued rwts: total=352000,0,0,0 short=0,0,0,0 dropped=0,0,0,0
     latency   : target=0, window=0, percentile=100.00%, depth=1

Run status group 0 (all jobs):
   READ: bw=23.5MiB/s (24.7MB/s), 23.5MiB/s-23.5MiB/s (24.7MB/s-24.7MB/s), io=1375MiB (1442MB), run=58471-58471msec
