create: (g=0): rw=read, bs=(R) 4096B-4096B, (W) 4096B-4096B, (T) 4096B-4096B, ioengine=filecreate, iodepth=1
...
fio-3.41
Starting 52 threads

create: (groupid=0, jobs=52): err= 0: pid=978438: Sat Mar 14 23:15:02 2026
  read: IOPS=6035, BW=23.6MiB/s (24.7MB/s)(1625MiB/68928msec)
    clat (usec): min=43, max=93830, avg=7709.82, stdev=3949.35
    clat percentiles (usec):
     |  1.00th=[   64],  5.00th=[   91], 10.00th=[  123], 20.00th=[ 7046],
     | 30.00th=[ 7701], 40.00th=[ 8160], 50.00th=[ 8586], 60.00th=[ 9110],
     | 70.00th=[ 9503], 80.00th=[10028], 90.00th=[10814], 95.00th=[11338],
     | 99.00th=[12256], 99.50th=[14222], 99.90th=[41157], 99.95th=[54264],
     | 99.99th=[92799]
   bw (  KiB/s): min=15814, max=39010, per=100.00%, avg=24308.25, stdev=57.24, samples=7072
   iops        : min= 3952, max= 9748, avg=6076.90, stdev=14.30, samples=7072
  cpu          : usr=8.81%, sys=0.99%, ctx=2198056, majf=0, minf=0
  IO depths    : 1=100.0%, 2=0.0%, 4=0.0%, 8=0.0%, 16=0.0%, 32=0.0%, >=64=0.0%
     submit    : 0=0.0%, 4=100.0%, 8=0.0%, 16=0.0%, 32=0.0%, 64=0.0%, >=64=0.0%
     complete  : 0=0.0%, 4=100.0%, 8=0.0%, 16=0.0%, 32=0.0%, 64=0.0%, >=64=0.0%
     issued rwts: total=416000,0,0,0 short=0,0,0,0 dropped=0,0,0,0
     latency   : target=0, window=0, percentile=100.00%, depth=1

Run status group 0 (all jobs):
   READ: bw=23.6MiB/s (24.7MB/s), 23.6MiB/s-23.6MiB/s (24.7MB/s-24.7MB/s), io=1625MiB (1704MB), run=68928-68928msec
