create: (g=0): rw=read, bs=(R) 4096B-4096B, (W) 4096B-4096B, (T) 4096B-4096B, ioengine=filecreate, iodepth=1
...
fio-3.41
Starting 17 threads

create: (groupid=0, jobs=17): err= 0: pid=912427: Sat Mar 14 21:20:50 2026
  read: IOPS=8385, BW=32.8MiB/s (34.3MB/s)(531MiB/16218msec)
    clat (usec): min=39, max=55071, avg=1619.27, stdev=1515.00
    clat percentiles (usec):
     |  1.00th=[   51],  5.00th=[   55], 10.00th=[   58], 20.00th=[   86],
     | 30.00th=[ 1500], 40.00th=[ 1729], 50.00th=[ 1893], 60.00th=[ 2040],
     | 70.00th=[ 2180], 80.00th=[ 2311], 90.00th=[ 2442], 95.00th=[ 2540],
     | 99.00th=[ 2737], 99.50th=[ 2802], 99.90th=[ 7635], 99.95th=[44827],
     | 99.99th=[52167]
   bw (  KiB/s): min=23546, max=39000, per=100.00%, avg=33673.91, stdev=186.46, samples=542
   iops        : min= 5878, max= 9750, avg=8418.19, stdev=46.67, samples=542
  cpu          : usr=16.45%, sys=2.71%, ctx=711053, majf=0, minf=0
  IO depths    : 1=100.0%, 2=0.0%, 4=0.0%, 8=0.0%, 16=0.0%, 32=0.0%, >=64=0.0%
     submit    : 0=0.0%, 4=100.0%, 8=0.0%, 16=0.0%, 32=0.0%, 64=0.0%, >=64=0.0%
     complete  : 0=0.0%, 4=100.0%, 8=0.0%, 16=0.0%, 32=0.0%, 64=0.0%, >=64=0.0%
     issued rwts: total=136000,0,0,0 short=0,0,0,0 dropped=0,0,0,0
     latency   : target=0, window=0, percentile=100.00%, depth=1

Run status group 0 (all jobs):
   READ: bw=32.8MiB/s (34.3MB/s), 32.8MiB/s-32.8MiB/s (34.3MB/s-34.3MB/s), io=531MiB (557MB), run=16218-16218msec
