create: (g=0): rw=read, bs=(R) 4096B-4096B, (W) 4096B-4096B, (T) 4096B-4096B, ioengine=filecreate, iodepth=1
...
fio-3.41
Starting 4 threads

create: (groupid=0, jobs=4): err= 0: pid=917255: Sat Mar 14 21:42:20 2026
  read: IOPS=7924, BW=31.0MiB/s (32.5MB/s)(125MiB/4038msec)
    clat (usec): min=35, max=51876, avg=64.74, stdev=397.29
    clat percentiles (usec):
     |  1.00th=[   41],  5.00th=[   43], 10.00th=[   45], 20.00th=[   47],
     | 30.00th=[   48], 40.00th=[   49], 50.00th=[   50], 60.00th=[   56],
     | 70.00th=[   65], 80.00th=[   78], 90.00th=[   93], 95.00th=[  106],
     | 99.00th=[  143], 99.50th=[  159], 99.90th=[  302], 99.95th=[  529],
     | 99.99th=[ 1205]
   bw (  KiB/s): min=15261, max=62952, per=100.00%, avg=32362.31, stdev=4003.56, samples=26
   iops        : min= 3815, max=15738, avg=8090.54, stdev=1000.90, samples=26
  cpu          : usr=70.85%, sys=6.30%, ctx=139941, majf=0, minf=0
  IO depths    : 1=100.0%, 2=0.0%, 4=0.0%, 8=0.0%, 16=0.0%, 32=0.0%, >=64=0.0%
     submit    : 0=0.0%, 4=100.0%, 8=0.0%, 16=0.0%, 32=0.0%, 64=0.0%, >=64=0.0%
     complete  : 0=0.0%, 4=100.0%, 8=0.0%, 16=0.0%, 32=0.0%, 64=0.0%, >=64=0.0%
     issued rwts: total=32000,0,0,0 short=0,0,0,0 dropped=0,0,0,0
     latency   : target=0, window=0, percentile=100.00%, depth=1

Run status group 0 (all jobs):
   READ: bw=31.0MiB/s (32.5MB/s), 31.0MiB/s-31.0MiB/s (32.5MB/s-32.5MB/s), io=125MiB (131MB), run=4038-4038msec
