create: (g=0): rw=read, bs=(R) 4096B-4096B, (W) 4096B-4096B, (T) 4096B-4096B, ioengine=filecreate, iodepth=1
...
fio-3.41
Starting 31 threads

create: (groupid=0, jobs=31): err= 0: pid=1050341: Sat Mar 14 23:57:18 2026
  read: IOPS=6104, BW=23.8MiB/s (25.0MB/s)(969MiB/40625msec)
    clat (usec): min=42, max=62953, avg=4517.34, stdev=2761.47
    clat percentiles (usec):
     |  1.00th=[   56],  5.00th=[   76], 10.00th=[  106], 20.00th=[ 3621],
     | 30.00th=[ 4424], 40.00th=[ 4752], 50.00th=[ 5014], 60.00th=[ 5342],
     | 70.00th=[ 5669], 80.00th=[ 6259], 90.00th=[ 6783], 95.00th=[ 7177],
     | 99.00th=[ 7832], 99.50th=[ 8848], 99.90th=[28443], 99.95th=[45876],
     | 99.99th=[61080]
   bw (  KiB/s): min=15217, max=31816, per=100.00%, avg=24559.41, stdev=94.44, samples=2486
   iops        : min= 3803, max= 7954, avg=6139.76, stdev=23.61, samples=2486
  cpu          : usr=9.08%, sys=1.56%, ctx=1303789, majf=0, minf=0
  IO depths    : 1=100.0%, 2=0.0%, 4=0.0%, 8=0.0%, 16=0.0%, 32=0.0%, >=64=0.0%
     submit    : 0=0.0%, 4=100.0%, 8=0.0%, 16=0.0%, 32=0.0%, 64=0.0%, >=64=0.0%
     complete  : 0=0.0%, 4=100.0%, 8=0.0%, 16=0.0%, 32=0.0%, 64=0.0%, >=64=0.0%
     issued rwts: total=248000,0,0,0 short=0,0,0,0 dropped=0,0,0,0
     latency   : target=0, window=0, percentile=100.00%, depth=1

Run status group 0 (all jobs):
   READ: bw=23.8MiB/s (25.0MB/s), 23.8MiB/s-23.8MiB/s (25.0MB/s-25.0MB/s), io=969MiB (1016MB), run=40625-40625msec
