create: (g=0): rw=read, bs=(R) 4096B-4096B, (W) 4096B-4096B, (T) 4096B-4096B, ioengine=filecreate, iodepth=1
...
fio-3.41
Starting 12 threads

create: (groupid=0, jobs=12): err= 0: pid=911699: Sat Mar 14 21:19:09 2026
  read: IOPS=10.5k, BW=41.1MiB/s (43.1MB/s)(375MiB/9114msec)
    clat (usec): min=35, max=54281, avg=477.05, stdev=883.67
    clat percentiles (usec):
     |  1.00th=[   44],  5.00th=[   49], 10.00th=[   50], 20.00th=[   53],
     | 30.00th=[   67], 40.00th=[   88], 50.00th=[  119], 60.00th=[  182],
     | 70.00th=[  955], 80.00th=[ 1123], 90.00th=[ 1254], 95.00th=[ 1336],
     | 99.00th=[ 1483], 99.50th=[ 1532], 99.90th=[ 2040], 99.95th=[ 6783],
     | 99.99th=[41681]
   bw (  KiB/s): min=24604, max=90056, per=100.00%, avg=49027.74, stdev=1301.73, samples=187
   iops        : min= 6151, max=22514, avg=12256.94, stdev=325.43, samples=187
  cpu          : usr=46.43%, sys=3.51%, ctx=477875, majf=0, minf=0
  IO depths    : 1=100.0%, 2=0.0%, 4=0.0%, 8=0.0%, 16=0.0%, 32=0.0%, >=64=0.0%
     submit    : 0=0.0%, 4=100.0%, 8=0.0%, 16=0.0%, 32=0.0%, 64=0.0%, >=64=0.0%
     complete  : 0=0.0%, 4=100.0%, 8=0.0%, 16=0.0%, 32=0.0%, 64=0.0%, >=64=0.0%
     issued rwts: total=96000,0,0,0 short=0,0,0,0 dropped=0,0,0,0
     latency   : target=0, window=0, percentile=100.00%, depth=1

Run status group 0 (all jobs):
   READ: bw=41.1MiB/s (43.1MB/s), 41.1MiB/s-41.1MiB/s (43.1MB/s-43.1MB/s), io=375MiB (393MB), run=9114-9114msec
