create: (g=0): rw=read, bs=(R) 4096B-4096B, (W) 4096B-4096B, (T) 4096B-4096B, ioengine=filecreate, iodepth=1
...
fio-3.41
Starting 25 threads

create: (groupid=0, jobs=25): err= 0: pid=1043075: Sat Mar 14 23:52:41 2026
  read: IOPS=6538, BW=25.5MiB/s (26.8MB/s)(781MiB/30586msec)
    clat (usec): min=40, max=66037, avg=3310.35, stdev=2313.17
    clat percentiles (usec):
     |  1.00th=[   53],  5.00th=[   67], 10.00th=[   87], 20.00th=[ 1631],
     | 30.00th=[ 3097], 40.00th=[ 3425], 50.00th=[ 3654], 60.00th=[ 3916],
     | 70.00th=[ 4228], 80.00th=[ 4686], 90.00th=[ 5211], 95.00th=[ 5473],
     | 99.00th=[ 5997], 99.50th=[ 6259], 99.90th=[27132], 99.95th=[51119],
     | 99.99th=[58459]
   bw (  KiB/s): min=17647, max=34768, per=100.00%, avg=26316.96, stdev=132.72, samples=1506
   iops        : min= 4409, max= 8692, avg=6579.20, stdev=33.18, samples=1506
  cpu          : usr=11.02%, sys=1.89%, ctx=1050391, majf=0, minf=0
  IO depths    : 1=100.0%, 2=0.0%, 4=0.0%, 8=0.0%, 16=0.0%, 32=0.0%, >=64=0.0%
     submit    : 0=0.0%, 4=100.0%, 8=0.0%, 16=0.0%, 32=0.0%, 64=0.0%, >=64=0.0%
     complete  : 0=0.0%, 4=100.0%, 8=0.0%, 16=0.0%, 32=0.0%, 64=0.0%, >=64=0.0%
     issued rwts: total=200000,0,0,0 short=0,0,0,0 dropped=0,0,0,0
     latency   : target=0, window=0, percentile=100.00%, depth=1

Run status group 0 (all jobs):
   READ: bw=25.5MiB/s (26.8MB/s), 25.5MiB/s-25.5MiB/s (26.8MB/s-26.8MB/s), io=781MiB (819MB), run=30586-30586msec
