create: (g=0): rw=read, bs=(R) 4096B-4096B, (W) 4096B-4096B, (T) 4096B-4096B, ioengine=filecreate, iodepth=1
...
fio-3.41
Starting 22 threads

create: (groupid=0, jobs=22): err= 0: pid=1040033: Sat Mar 14 23:50:47 2026
  read: IOPS=6965, BW=27.2MiB/s (28.5MB/s)(688MiB/25267msec)
    clat (usec): min=40, max=59444, avg=2666.03, stdev=1930.31
    clat percentiles (usec):
     |  1.00th=[   52],  5.00th=[   61], 10.00th=[   76], 20.00th=[  210],
     | 30.00th=[ 2442], 40.00th=[ 2737], 50.00th=[ 2999], 60.00th=[ 3228],
     | 70.00th=[ 3490], 80.00th=[ 3851], 90.00th=[ 4146], 95.00th=[ 4293],
     | 99.00th=[ 4686], 99.50th=[ 4883], 99.90th=[15401], 99.95th=[48497],
     | 99.99th=[51119]
   bw (  KiB/s): min=20892, max=33376, per=100.00%, avg=27955.64, stdev=137.74, samples=1094
   iops        : min= 5220, max= 8344, avg=6988.73, stdev=34.45, samples=1094
  cpu          : usr=12.93%, sys=2.10%, ctx=924228, majf=0, minf=0
  IO depths    : 1=100.0%, 2=0.0%, 4=0.0%, 8=0.0%, 16=0.0%, 32=0.0%, >=64=0.0%
     submit    : 0=0.0%, 4=100.0%, 8=0.0%, 16=0.0%, 32=0.0%, 64=0.0%, >=64=0.0%
     complete  : 0=0.0%, 4=100.0%, 8=0.0%, 16=0.0%, 32=0.0%, 64=0.0%, >=64=0.0%
     issued rwts: total=176000,0,0,0 short=0,0,0,0 dropped=0,0,0,0
     latency   : target=0, window=0, percentile=100.00%, depth=1

Run status group 0 (all jobs):
   READ: bw=27.2MiB/s (28.5MB/s), 27.2MiB/s-27.2MiB/s (28.5MB/s-28.5MB/s), io=688MiB (721MB), run=25267-25267msec
