create: (g=0): rw=read, bs=(R) 4096B-4096B, (W) 4096B-4096B, (T) 4096B-4096B, ioengine=filecreate, iodepth=1
...
fio-3.41
Starting 17 threads

create: (groupid=0, jobs=17): err= 0: pid=899203: Sat Mar 14 20:31:25 2026
  read: IOPS=8151, BW=31.8MiB/s (33.4MB/s)(531MiB/16685msec)
    clat (usec): min=40, max=54634, avg=1677.16, stdev=1430.65
    clat percentiles (usec):
     |  1.00th=[   51],  5.00th=[   55], 10.00th=[   58], 20.00th=[   87],
     | 30.00th=[ 1565], 40.00th=[ 1811], 50.00th=[ 1991], 60.00th=[ 2147],
     | 70.00th=[ 2245], 80.00th=[ 2376], 90.00th=[ 2540], 95.00th=[ 2638],
     | 99.00th=[ 2835], 99.50th=[ 2900], 99.90th=[11207], 99.95th=[38536],
     | 99.99th=[48497]
   bw (  KiB/s): min=23439, max=37992, per=100.00%, avg=32640.62, stdev=176.22, samples=560
   iops        : min= 5855, max= 9498, avg=8159.99, stdev=44.08, samples=560
  cpu          : usr=16.17%, sys=2.53%, ctx=712144, majf=0, minf=0
  IO depths    : 1=100.0%, 2=0.0%, 4=0.0%, 8=0.0%, 16=0.0%, 32=0.0%, >=64=0.0%
     submit    : 0=0.0%, 4=100.0%, 8=0.0%, 16=0.0%, 32=0.0%, 64=0.0%, >=64=0.0%
     complete  : 0=0.0%, 4=100.0%, 8=0.0%, 16=0.0%, 32=0.0%, 64=0.0%, >=64=0.0%
     issued rwts: total=136000,0,0,0 short=0,0,0,0 dropped=0,0,0,0
     latency   : target=0, window=0, percentile=100.00%, depth=1

Run status group 0 (all jobs):
   READ: bw=31.8MiB/s (33.4MB/s), 31.8MiB/s-31.8MiB/s (33.4MB/s-33.4MB/s), io=531MiB (557MB), run=16685-16685msec
