create: (g=0): rw=read, bs=(R) 4096B-4096B, (W) 4096B-4096B, (T) 4096B-4096B, ioengine=filecreate, iodepth=1
...
fio-3.41
Starting 24 threads

create: (groupid=0, jobs=24): err= 0: pid=960067: Sat Mar 14 23:02:58 2026
  read: IOPS=6835, BW=26.7MiB/s (28.0MB/s)(750MiB/28089msec)
    clat (usec): min=40, max=65922, avg=2994.49, stdev=2280.79
    clat percentiles (usec):
     |  1.00th=[   52],  5.00th=[   63], 10.00th=[   79], 20.00th=[  184],
     | 30.00th=[ 2704], 40.00th=[ 3064], 50.00th=[ 3326], 60.00th=[ 3621],
     | 70.00th=[ 3884], 80.00th=[ 4228], 90.00th=[ 4686], 95.00th=[ 5145],
     | 99.00th=[ 5604], 99.50th=[ 5800], 99.90th=[16712], 99.95th=[54789],
     | 99.99th=[60556]
   bw (  KiB/s): min=17462, max=36032, per=100.00%, avg=27504.32, stdev=151.23, samples=1320
   iops        : min= 4363, max= 9008, avg=6875.97, stdev=37.82, samples=1320
  cpu          : usr=11.89%, sys=1.95%, ctx=1008014, majf=0, minf=0
  IO depths    : 1=100.0%, 2=0.0%, 4=0.0%, 8=0.0%, 16=0.0%, 32=0.0%, >=64=0.0%
     submit    : 0=0.0%, 4=100.0%, 8=0.0%, 16=0.0%, 32=0.0%, 64=0.0%, >=64=0.0%
     complete  : 0=0.0%, 4=100.0%, 8=0.0%, 16=0.0%, 32=0.0%, 64=0.0%, >=64=0.0%
     issued rwts: total=192000,0,0,0 short=0,0,0,0 dropped=0,0,0,0
     latency   : target=0, window=0, percentile=100.00%, depth=1

Run status group 0 (all jobs):
   READ: bw=26.7MiB/s (28.0MB/s), 26.7MiB/s-26.7MiB/s (28.0MB/s-28.0MB/s), io=750MiB (786MB), run=28089-28089msec
