create: (g=0): rw=read, bs=(R) 4096B-4096B, (W) 4096B-4096B, (T) 4096B-4096B, ioengine=filecreate, iodepth=1
...
fio-3.41
Starting 30 threads

create: (groupid=0, jobs=30): err= 0: pid=894740: Sat Mar 14 20:14:38 2026
  read: IOPS=6112, BW=23.9MiB/s (25.0MB/s)(938MiB/39267msec)
    clat (usec): min=42, max=52459, avg=4350.08, stdev=2576.93
    clat percentiles (usec):
     |  1.00th=[   57],  5.00th=[   80], 10.00th=[  110], 20.00th=[ 3556],
     | 30.00th=[ 4228], 40.00th=[ 4490], 50.00th=[ 4752], 60.00th=[ 5080],
     | 70.00th=[ 5604], 80.00th=[ 6194], 90.00th=[ 6587], 95.00th=[ 6849],
     | 99.00th=[ 7242], 99.50th=[ 7439], 99.90th=[37487], 99.95th=[42730],
     | 99.99th=[50070]
   bw (  KiB/s): min=17450, max=30272, per=100.00%, avg=24566.72, stdev=100.89, samples=2325
   iops        : min= 4360, max= 7568, avg=6141.64, stdev=25.23, samples=2325
  cpu          : usr=9.32%, sys=1.65%, ctx=1262405, majf=0, minf=0
  IO depths    : 1=100.0%, 2=0.0%, 4=0.0%, 8=0.0%, 16=0.0%, 32=0.0%, >=64=0.0%
     submit    : 0=0.0%, 4=100.0%, 8=0.0%, 16=0.0%, 32=0.0%, 64=0.0%, >=64=0.0%
     complete  : 0=0.0%, 4=100.0%, 8=0.0%, 16=0.0%, 32=0.0%, 64=0.0%, >=64=0.0%
     issued rwts: total=240000,0,0,0 short=0,0,0,0 dropped=0,0,0,0
     latency   : target=0, window=0, percentile=100.00%, depth=1

Run status group 0 (all jobs):
   READ: bw=23.9MiB/s (25.0MB/s), 23.9MiB/s-23.9MiB/s (25.0MB/s-25.0MB/s), io=938MiB (983MB), run=39267-39267msec
