create: (g=0): rw=read, bs=(R) 4096B-4096B, (W) 4096B-4096B, (T) 4096B-4096B, ioengine=filecreate, iodepth=1
...
fio-3.41
Starting 18 threads

create: (groupid=0, jobs=18): err= 0: pid=954853: Sat Mar 14 22:59:48 2026
  read: IOPS=7592, BW=29.7MiB/s (31.1MB/s)(563MiB/18966msec)
    clat (usec): min=39, max=58847, avg=1909.63, stdev=1587.48
    clat percentiles (usec):
     |  1.00th=[   52],  5.00th=[   57], 10.00th=[   70], 20.00th=[  103],
     | 30.00th=[ 1745], 40.00th=[ 2024], 50.00th=[ 2245], 60.00th=[ 2409],
     | 70.00th=[ 2573], 80.00th=[ 2704], 90.00th=[ 2868], 95.00th=[ 2999],
     | 99.00th=[ 3228], 99.50th=[ 3326], 99.90th=[10945], 99.95th=[42206],
     | 99.99th=[53216]
   bw (  KiB/s): min=21693, max=36815, per=100.00%, avg=30464.11, stdev=146.46, samples=670
   iops        : min= 5423, max= 9202, avg=7615.94, stdev=36.60, samples=670
  cpu          : usr=16.12%, sys=2.47%, ctx=756423, majf=0, minf=0
  IO depths    : 1=100.0%, 2=0.0%, 4=0.0%, 8=0.0%, 16=0.0%, 32=0.0%, >=64=0.0%
     submit    : 0=0.0%, 4=100.0%, 8=0.0%, 16=0.0%, 32=0.0%, 64=0.0%, >=64=0.0%
     complete  : 0=0.0%, 4=100.0%, 8=0.0%, 16=0.0%, 32=0.0%, 64=0.0%, >=64=0.0%
     issued rwts: total=144000,0,0,0 short=0,0,0,0 dropped=0,0,0,0
     latency   : target=0, window=0, percentile=100.00%, depth=1

Run status group 0 (all jobs):
   READ: bw=29.7MiB/s (31.1MB/s), 29.7MiB/s-29.7MiB/s (31.1MB/s-31.1MB/s), io=563MiB (590MB), run=18966-18966msec
