create: (g=0): rw=read, bs=(R) 4096B-4096B, (W) 4096B-4096B, (T) 4096B-4096B, ioengine=filecreate, iodepth=1
...
fio-3.41
Starting 26 threads

create: (groupid=0, jobs=26): err= 0: pid=933721: Sat Mar 14 22:39:54 2026
  read: IOPS=6891, BW=26.9MiB/s (28.2MB/s)(813MiB/30182msec)
    clat (usec): min=43, max=62737, avg=3265.12, stdev=2278.64
    clat percentiles (usec):
     |  1.00th=[   53],  5.00th=[   68], 10.00th=[   87], 20.00th=[ 2376],
     | 30.00th=[ 3064], 40.00th=[ 3392], 50.00th=[ 3654], 60.00th=[ 3916],
     | 70.00th=[ 4178], 80.00th=[ 4555], 90.00th=[ 4948], 95.00th=[ 5145],
     | 99.00th=[ 5538], 99.50th=[ 5669], 99.90th=[36963], 99.95th=[51119],
     | 99.99th=[52691]
   bw (  KiB/s): min=17912, max=34085, per=100.00%, avg=27759.62, stdev=121.79, samples=1546
   iops        : min= 4472, max= 8521, avg=6939.80, stdev=30.46, samples=1546
  cpu          : usr=11.02%, sys=1.84%, ctx=1092984, majf=0, minf=0
  IO depths    : 1=100.0%, 2=0.0%, 4=0.0%, 8=0.0%, 16=0.0%, 32=0.0%, >=64=0.0%
     submit    : 0=0.0%, 4=100.0%, 8=0.0%, 16=0.0%, 32=0.0%, 64=0.0%, >=64=0.0%
     complete  : 0=0.0%, 4=100.0%, 8=0.0%, 16=0.0%, 32=0.0%, 64=0.0%, >=64=0.0%
     issued rwts: total=208000,0,0,0 short=0,0,0,0 dropped=0,0,0,0
     latency   : target=0, window=0, percentile=100.00%, depth=1

Run status group 0 (all jobs):
   READ: bw=26.9MiB/s (28.2MB/s), 26.9MiB/s-26.9MiB/s (28.2MB/s-28.2MB/s), io=813MiB (852MB), run=30182-30182msec
