create: (g=0): rw=read, bs=(R) 4096B-4096B, (W) 4096B-4096B, (T) 4096B-4096B, ioengine=filecreate, iodepth=1
fio-3.41
Starting 1 thread

create: (groupid=0, jobs=1): err= 0: pid=988017: Sat Mar 14 23:20:06 2026
  read: IOPS=3424, BW=13.4MiB/s (14.0MB/s)(31.2MiB/2336msec)
    clat (usec): min=37, max=683, avg=44.86, stdev= 9.94
    clat percentiles (usec):
     |  1.00th=[   40],  5.00th=[   41], 10.00th=[   41], 20.00th=[   42],
     | 30.00th=[   43], 40.00th=[   43], 50.00th=[   44], 60.00th=[   44],
     | 70.00th=[   45], 80.00th=[   46], 90.00th=[   50], 95.00th=[   56],
     | 99.00th=[   81], 99.50th=[   88], 99.90th=[  123], 99.95th=[  135],
     | 99.99th=[  685]
   bw (  KiB/s): min= 7088, max=15248, per=83.15%, avg=11390.00, stdev=3449.80, samples=4
   iops        : min= 1772, max= 3812, avg=2847.50, stdev=862.45, samples=4
  cpu          : usr=68.31%, sys=6.77%, ctx=31830, majf=0, minf=0
  IO depths    : 1=100.0%, 2=0.0%, 4=0.0%, 8=0.0%, 16=0.0%, 32=0.0%, >=64=0.0%
     submit    : 0=0.0%, 4=100.0%, 8=0.0%, 16=0.0%, 32=0.0%, 64=0.0%, >=64=0.0%
     complete  : 0=0.0%, 4=100.0%, 8=0.0%, 16=0.0%, 32=0.0%, 64=0.0%, >=64=0.0%
     issued rwts: total=8000,0,0,0 short=0,0,0,0 dropped=0,0,0,0
     latency   : target=0, window=0, percentile=100.00%, depth=1

Run status group 0 (all jobs):
   READ: bw=13.4MiB/s (14.0MB/s), 13.4MiB/s-13.4MiB/s (14.0MB/s-14.0MB/s), io=31.2MiB (32.8MB), run=2336-2336msec
