create: (g=0): rw=read, bs=(R) 4096B-4096B, (W) 4096B-4096B, (T) 4096B-4096B, ioengine=filecreate, iodepth=1
...
fio-3.41
Starting 30 threads

create: (groupid=0, jobs=30): err= 0: pid=914583: Sat Mar 14 21:28:50 2026
  read: IOPS=5914, BW=23.1MiB/s (24.2MB/s)(938MiB/40580msec)
    clat (usec): min=44, max=59546, avg=4510.97, stdev=2708.64
    clat percentiles (usec):
     |  1.00th=[   58],  5.00th=[   83], 10.00th=[  112], 20.00th=[ 3589],
     | 30.00th=[ 4293], 40.00th=[ 4621], 50.00th=[ 5014], 60.00th=[ 5407],
     | 70.00th=[ 5932], 80.00th=[ 6390], 90.00th=[ 6718], 95.00th=[ 6915],
     | 99.00th=[ 7373], 99.50th=[ 7570], 99.90th=[32375], 99.95th=[48497],
     | 99.99th=[55837]
   bw (  KiB/s): min=15408, max=31624, per=100.00%, avg=23771.29, stdev=100.03, samples=2409
   iops        : min= 3850, max= 7906, avg=5942.80, stdev=25.01, samples=2409
  cpu          : usr=9.05%, sys=1.67%, ctx=1262467, majf=0, minf=0
  IO depths    : 1=100.0%, 2=0.0%, 4=0.0%, 8=0.0%, 16=0.0%, 32=0.0%, >=64=0.0%
     submit    : 0=0.0%, 4=100.0%, 8=0.0%, 16=0.0%, 32=0.0%, 64=0.0%, >=64=0.0%
     complete  : 0=0.0%, 4=100.0%, 8=0.0%, 16=0.0%, 32=0.0%, 64=0.0%, >=64=0.0%
     issued rwts: total=240000,0,0,0 short=0,0,0,0 dropped=0,0,0,0
     latency   : target=0, window=0, percentile=100.00%, depth=1

Run status group 0 (all jobs):
   READ: bw=23.1MiB/s (24.2MB/s), 23.1MiB/s-23.1MiB/s (24.2MB/s-24.2MB/s), io=938MiB (983MB), run=40580-40580msec
