create: (g=0): rw=read, bs=(R) 4096B-4096B, (W) 4096B-4096B, (T) 4096B-4096B, ioengine=filecreate, iodepth=1
...
fio-3.41
Starting 21 threads

create: (groupid=0, jobs=21): err= 0: pid=919661: Sat Mar 14 21:47:29 2026
  read: IOPS=7113, BW=27.8MiB/s (29.1MB/s)(656MiB/23618msec)
    clat (usec): min=40, max=62172, avg=2436.04, stdev=1847.52
    clat percentiles (usec):
     |  1.00th=[   52],  5.00th=[   59], 10.00th=[   73], 20.00th=[  147],
     | 30.00th=[ 2212], 40.00th=[ 2507], 50.00th=[ 2769], 60.00th=[ 2966],
     | 70.00th=[ 3195], 80.00th=[ 3490], 90.00th=[ 3818], 95.00th=[ 4015],
     | 99.00th=[ 4293], 99.50th=[ 4424], 99.90th=[12911], 99.95th=[46400],
     | 99.99th=[52691]
   bw (  KiB/s): min=18304, max=36576, per=100.00%, avg=28634.99, stdev=162.06, samples=971
   iops        : min= 4574, max= 9144, avg=7158.71, stdev=40.52, samples=971
  cpu          : usr=14.23%, sys=2.18%, ctx=881315, majf=0, minf=0
  IO depths    : 1=100.0%, 2=0.0%, 4=0.0%, 8=0.0%, 16=0.0%, 32=0.0%, >=64=0.0%
     submit    : 0=0.0%, 4=100.0%, 8=0.0%, 16=0.0%, 32=0.0%, 64=0.0%, >=64=0.0%
     complete  : 0=0.0%, 4=100.0%, 8=0.0%, 16=0.0%, 32=0.0%, 64=0.0%, >=64=0.0%
     issued rwts: total=168000,0,0,0 short=0,0,0,0 dropped=0,0,0,0
     latency   : target=0, window=0, percentile=100.00%, depth=1

Run status group 0 (all jobs):
   READ: bw=27.8MiB/s (29.1MB/s), 27.8MiB/s-27.8MiB/s (29.1MB/s-29.1MB/s), io=656MiB (688MB), run=23618-23618msec
