create: (g=0): rw=read, bs=(R) 4096B-4096B, (W) 4096B-4096B, (T) 4096B-4096B, ioengine=filecreate, iodepth=1
...
fio-3.41
Starting 60 threads

create: (groupid=0, jobs=60): err= 0: pid=916455: Sat Mar 14 21:39:56 2026
  read: IOPS=5639, BW=22.0MiB/s (23.1MB/s)(1875MiB/85107msec)
    clat (usec): min=43, max=106251, avg=9598.38, stdev=4396.92
    clat percentiles (usec):
     |  1.00th=[    75],  5.00th=[   110], 10.00th=[   137], 20.00th=[  8979],
     | 30.00th=[  9503], 40.00th=[ 10028], 50.00th=[ 10683], 60.00th=[ 11207],
     | 70.00th=[ 11863], 80.00th=[ 12387], 90.00th=[ 12911], 95.00th=[ 13173],
     | 99.00th=[ 13698], 99.50th=[ 14091], 99.90th=[ 37487], 99.95th=[ 46400],
     | 99.99th=[105382]
   bw (  KiB/s): min=14372, max=34376, per=100.00%, avg=22641.60, stdev=41.16, samples=10158
   iops        : min= 3590, max= 8594, avg=5660.38, stdev=10.29, samples=10158
  cpu          : usr=8.62%, sys=0.87%, ctx=2544900, majf=0, minf=3
  IO depths    : 1=100.0%, 2=0.0%, 4=0.0%, 8=0.0%, 16=0.0%, 32=0.0%, >=64=0.0%
     submit    : 0=0.0%, 4=100.0%, 8=0.0%, 16=0.0%, 32=0.0%, 64=0.0%, >=64=0.0%
     complete  : 0=0.0%, 4=100.0%, 8=0.0%, 16=0.0%, 32=0.0%, 64=0.0%, >=64=0.0%
     issued rwts: total=480000,0,0,0 short=0,0,0,0 dropped=0,0,0,0
     latency   : target=0, window=0, percentile=100.00%, depth=1

Run status group 0 (all jobs):
   READ: bw=22.0MiB/s (23.1MB/s), 22.0MiB/s-22.0MiB/s (23.1MB/s-23.1MB/s), io=1875MiB (1966MB), run=85107-85107msec
