create: (g=0): rw=read, bs=(R) 4096B-4096B, (W) 4096B-4096B, (T) 4096B-4096B, ioengine=filecreate, iodepth=1
...
fio-3.41
Starting 44 threads

create: (groupid=0, jobs=44): err= 0: pid=974476: Sat Mar 14 23:12:19 2026
  read: IOPS=6194, BW=24.2MiB/s (25.4MB/s)(1375MiB/56828msec)
    clat (usec): min=42, max=65815, avg=6314.59, stdev=3381.18
    clat percentiles (usec):
     |  1.00th=[   60],  5.00th=[   84], 10.00th=[  116], 20.00th=[ 5604],
     | 30.00th=[ 6325], 40.00th=[ 6783], 50.00th=[ 7111], 60.00th=[ 7504],
     | 70.00th=[ 7898], 80.00th=[ 8291], 90.00th=[ 8848], 95.00th=[ 9503],
     | 99.00th=[10421], 99.50th=[11994], 99.90th=[34866], 99.95th=[49021],
     | 99.99th=[63701]
   bw (  KiB/s): min=15183, max=37360, per=100.00%, avg=24937.56, stdev=62.75, samples=4927
   iops        : min= 3795, max= 9333, avg=6234.32, stdev=15.68, samples=4927
  cpu          : usr=9.19%, sys=1.13%, ctx=1856627, majf=0, minf=0
  IO depths    : 1=100.0%, 2=0.0%, 4=0.0%, 8=0.0%, 16=0.0%, 32=0.0%, >=64=0.0%
     submit    : 0=0.0%, 4=100.0%, 8=0.0%, 16=0.0%, 32=0.0%, 64=0.0%, >=64=0.0%
     complete  : 0=0.0%, 4=100.0%, 8=0.0%, 16=0.0%, 32=0.0%, 64=0.0%, >=64=0.0%
     issued rwts: total=352000,0,0,0 short=0,0,0,0 dropped=0,0,0,0
     latency   : target=0, window=0, percentile=100.00%, depth=1

Run status group 0 (all jobs):
   READ: bw=24.2MiB/s (25.4MB/s), 24.2MiB/s-24.2MiB/s (25.4MB/s-25.4MB/s), io=1375MiB (1442MB), run=56828-56828msec
