create: (g=0): rw=read, bs=(R) 4096B-4096B, (W) 4096B-4096B, (T) 4096B-4096B, ioengine=filecreate, iodepth=1
...
fio-3.41
Starting 31 threads

create: (groupid=0, jobs=31): err= 0: pid=927993: Sat Mar 14 22:19:16 2026
  read: IOPS=6232, BW=24.3MiB/s (25.5MB/s)(969MiB/39792msec)
    clat (usec): min=43, max=55757, avg=4408.09, stdev=2600.60
    clat percentiles (usec):
     |  1.00th=[   57],  5.00th=[   79], 10.00th=[  110], 20.00th=[ 3621],
     | 30.00th=[ 4293], 40.00th=[ 4621], 50.00th=[ 4883], 60.00th=[ 5211],
     | 70.00th=[ 5604], 80.00th=[ 6128], 90.00th=[ 6652], 95.00th=[ 6980],
     | 99.00th=[ 7439], 99.50th=[ 7635], 99.90th=[34866], 99.95th=[42206],
     | 99.99th=[52691]
   bw (  KiB/s): min=16416, max=33154, per=100.00%, avg=25081.36, stdev=100.00, samples=2444
   iops        : min= 4100, max= 8288, avg=6270.28, stdev=25.00, samples=2444
  cpu          : usr=9.20%, sys=1.63%, ctx=1305762, majf=0, minf=0
  IO depths    : 1=100.0%, 2=0.0%, 4=0.0%, 8=0.0%, 16=0.0%, 32=0.0%, >=64=0.0%
     submit    : 0=0.0%, 4=100.0%, 8=0.0%, 16=0.0%, 32=0.0%, 64=0.0%, >=64=0.0%
     complete  : 0=0.0%, 4=100.0%, 8=0.0%, 16=0.0%, 32=0.0%, 64=0.0%, >=64=0.0%
     issued rwts: total=248000,0,0,0 short=0,0,0,0 dropped=0,0,0,0
     latency   : target=0, window=0, percentile=100.00%, depth=1

Run status group 0 (all jobs):
   READ: bw=24.3MiB/s (25.5MB/s), 24.3MiB/s-24.3MiB/s (25.5MB/s-25.5MB/s), io=969MiB (1016MB), run=39792-39792msec
