create: (g=0): rw=read, bs=(R) 4096B-4096B, (W) 4096B-4096B, (T) 4096B-4096B, ioengine=filecreate, iodepth=1
...
fio-3.41
Starting 10 threads

create: (groupid=0, jobs=10): err= 0: pid=1032197: Sat Mar 14 23:46:09 2026
  read: IOPS=13.4k, BW=52.4MiB/s (54.9MB/s)(313MiB/5967msec)
    clat (usec): min=36, max=53567, avg=112.64, stdev=526.17
    clat percentiles (usec):
     |  1.00th=[   45],  5.00th=[   47], 10.00th=[   48], 20.00th=[   50],
     | 30.00th=[   56], 40.00th=[   70], 50.00th=[   87], 60.00th=[  100],
     | 70.00th=[  126], 80.00th=[  151], 90.00th=[  192], 95.00th=[  225],
     | 99.00th=[  306], 99.50th=[  594], 99.90th=[ 1045], 99.95th=[ 1696],
     | 99.99th=[36963]
   bw (  KiB/s): min=26742, max=118392, per=100.00%, avg=61931.05, stdev=2811.55, samples=93
   iops        : min= 6681, max=29598, avg=15482.30, stdev=702.94, samples=93
  cpu          : usr=70.13%, sys=4.67%, ctx=387640, majf=0, minf=0
  IO depths    : 1=100.0%, 2=0.0%, 4=0.0%, 8=0.0%, 16=0.0%, 32=0.0%, >=64=0.0%
     submit    : 0=0.0%, 4=100.0%, 8=0.0%, 16=0.0%, 32=0.0%, 64=0.0%, >=64=0.0%
     complete  : 0=0.0%, 4=100.0%, 8=0.0%, 16=0.0%, 32=0.0%, 64=0.0%, >=64=0.0%
     issued rwts: total=80000,0,0,0 short=0,0,0,0 dropped=0,0,0,0
     latency   : target=0, window=0, percentile=100.00%, depth=1

Run status group 0 (all jobs):
   READ: bw=52.4MiB/s (54.9MB/s), 52.4MiB/s-52.4MiB/s (54.9MB/s-54.9MB/s), io=313MiB (328MB), run=5967-5967msec
