create: (g=0): rw=read, bs=(R) 4096B-4096B, (W) 4096B-4096B, (T) 4096B-4096B, ioengine=filecreate, iodepth=1
...
fio-3.41
Starting 56 threads

create: (groupid=0, jobs=56): err= 0: pid=916210: Sat Mar 14 21:38:12 2026
  read: IOPS=5800, BW=22.7MiB/s (23.8MB/s)(1750MiB/77241msec)
    clat (usec): min=46, max=74127, avg=8504.15, stdev=4164.71
    clat percentiles (usec):
     |  1.00th=[   71],  5.00th=[  105], 10.00th=[  133], 20.00th=[ 7439],
     | 30.00th=[ 8094], 40.00th=[ 8717], 50.00th=[ 9372], 60.00th=[10159],
     | 70.00th=[10683], 80.00th=[11338], 90.00th=[11863], 95.00th=[12256],
     | 99.00th=[12780], 99.50th=[13042], 99.90th=[50070], 99.95th=[54264],
     | 99.99th=[73925]
   bw (  KiB/s): min=16518, max=38882, per=100.00%, avg=23386.85, stdev=53.63, samples=8543
   iops        : min= 4128, max= 9720, avg=5846.60, stdev=13.41, samples=8543
  cpu          : usr=10.16%, sys=0.95%, ctx=2372587, majf=0, minf=0
  IO depths    : 1=100.0%, 2=0.0%, 4=0.0%, 8=0.0%, 16=0.0%, 32=0.0%, >=64=0.0%
     submit    : 0=0.0%, 4=100.0%, 8=0.0%, 16=0.0%, 32=0.0%, 64=0.0%, >=64=0.0%
     complete  : 0=0.0%, 4=100.0%, 8=0.0%, 16=0.0%, 32=0.0%, 64=0.0%, >=64=0.0%
     issued rwts: total=448000,0,0,0 short=0,0,0,0 dropped=0,0,0,0
     latency   : target=0, window=0, percentile=100.00%, depth=1

Run status group 0 (all jobs):
   READ: bw=22.7MiB/s (23.8MB/s), 22.7MiB/s-22.7MiB/s (23.8MB/s-23.8MB/s), io=1750MiB (1835MB), run=77241-77241msec
