create: (g=0): rw=read, bs=(R) 4096B-4096B, (W) 4096B-4096B, (T) 4096B-4096B, ioengine=filecreate, iodepth=1
...
fio-3.41
Starting 17 threads

create: (groupid=0, jobs=17): err= 0: pid=932272: Sat Mar 14 22:35:04 2026
  read: IOPS=8430, BW=32.9MiB/s (34.5MB/s)(531MiB/16131msec)
    clat (usec): min=39, max=55335, avg=1581.12, stdev=1376.41
    clat percentiles (usec):
     |  1.00th=[   50],  5.00th=[   55], 10.00th=[   58], 20.00th=[   86],
     | 30.00th=[ 1434], 40.00th=[ 1696], 50.00th=[ 1876], 60.00th=[ 2024],
     | 70.00th=[ 2147], 80.00th=[ 2278], 90.00th=[ 2409], 95.00th=[ 2540],
     | 99.00th=[ 2704], 99.50th=[ 2769], 99.90th=[ 5997], 99.95th=[31589],
     | 99.99th=[51643]
   bw (  KiB/s): min=23780, max=42688, per=100.00%, avg=33997.31, stdev=209.70, samples=534
   iops        : min= 5940, max=10672, avg=8499.10, stdev=52.46, samples=534
  cpu          : usr=17.27%, sys=2.63%, ctx=711072, majf=0, minf=0
  IO depths    : 1=100.0%, 2=0.0%, 4=0.0%, 8=0.0%, 16=0.0%, 32=0.0%, >=64=0.0%
     submit    : 0=0.0%, 4=100.0%, 8=0.0%, 16=0.0%, 32=0.0%, 64=0.0%, >=64=0.0%
     complete  : 0=0.0%, 4=100.0%, 8=0.0%, 16=0.0%, 32=0.0%, 64=0.0%, >=64=0.0%
     issued rwts: total=136000,0,0,0 short=0,0,0,0 dropped=0,0,0,0
     latency   : target=0, window=0, percentile=100.00%, depth=1

Run status group 0 (all jobs):
   READ: bw=32.9MiB/s (34.5MB/s), 32.9MiB/s-32.9MiB/s (34.5MB/s-34.5MB/s), io=531MiB (557MB), run=16131-16131msec
