create: (g=0): rw=read, bs=(R) 4096B-4096B, (W) 4096B-4096B, (T) 4096B-4096B, ioengine=filecreate, iodepth=1
fio-3.41
Starting 1 thread

create: (groupid=0, jobs=1): err= 0: pid=1029020: Sat Mar 14 23:44:38 2026
  read: IOPS=3376, BW=13.2MiB/s (13.8MB/s)(31.2MiB/2369msec)
    clat (usec): min=37, max=793, avg=44.76, stdev=12.74
    clat percentiles (usec):
     |  1.00th=[   39],  5.00th=[   40], 10.00th=[   41], 20.00th=[   42],
     | 30.00th=[   42], 40.00th=[   43], 50.00th=[   43], 60.00th=[   44],
     | 70.00th=[   45], 80.00th=[   46], 90.00th=[   50], 95.00th=[   55],
     | 99.00th=[   82], 99.50th=[   89], 99.90th=[  122], 99.95th=[  147],
     | 99.99th=[  791]
   bw (  KiB/s): min= 7088, max=14504, per=81.86%, avg=11058.00, stdev=3245.72, samples=4
   iops        : min= 1772, max= 3626, avg=2764.50, stdev=811.43, samples=4
  cpu          : usr=67.99%, sys=6.04%, ctx=31819, majf=0, minf=0
  IO depths    : 1=100.0%, 2=0.0%, 4=0.0%, 8=0.0%, 16=0.0%, 32=0.0%, >=64=0.0%
     submit    : 0=0.0%, 4=100.0%, 8=0.0%, 16=0.0%, 32=0.0%, 64=0.0%, >=64=0.0%
     complete  : 0=0.0%, 4=100.0%, 8=0.0%, 16=0.0%, 32=0.0%, 64=0.0%, >=64=0.0%
     issued rwts: total=8000,0,0,0 short=0,0,0,0 dropped=0,0,0,0
     latency   : target=0, window=0, percentile=100.00%, depth=1

Run status group 0 (all jobs):
   READ: bw=13.2MiB/s (13.8MB/s), 13.2MiB/s-13.2MiB/s (13.8MB/s-13.8MB/s), io=31.2MiB (32.8MB), run=2369-2369msec
