create: (g=0): rw=read, bs=(R) 4096B-4096B, (W) 4096B-4096B, (T) 4096B-4096B, ioengine=filecreate, iodepth=1
...
fio-3.41
Starting 11 threads

create: (groupid=0, jobs=11): err= 0: pid=904943: Sat Mar 14 20:54:10 2026
  read: IOPS=12.8k, BW=50.2MiB/s (52.6MB/s)(344MiB/6853msec)
    clat (usec): min=37, max=56527, avg=112.54, stdev=489.72
    clat percentiles (usec):
     |  1.00th=[   42],  5.00th=[   47], 10.00th=[   49], 20.00th=[   50],
     | 30.00th=[   54], 40.00th=[   67], 50.00th=[   86], 60.00th=[   99],
     | 70.00th=[  125], 80.00th=[  149], 90.00th=[  190], 95.00th=[  225],
     | 99.00th=[  326], 99.50th=[  725], 99.90th=[ 1369], 99.95th=[ 1762],
     | 99.99th=[25822]
   bw (  KiB/s): min=26830, max=143919, per=100.00%, avg=64084.66, stdev=3073.01, samples=114
   iops        : min= 6707, max=35978, avg=16020.91, stdev=768.22, samples=114
  cpu          : usr=72.67%, sys=4.20%, ctx=424102, majf=0, minf=0
  IO depths    : 1=100.0%, 2=0.0%, 4=0.0%, 8=0.0%, 16=0.0%, 32=0.0%, >=64=0.0%
     submit    : 0=0.0%, 4=100.0%, 8=0.0%, 16=0.0%, 32=0.0%, 64=0.0%, >=64=0.0%
     complete  : 0=0.0%, 4=100.0%, 8=0.0%, 16=0.0%, 32=0.0%, 64=0.0%, >=64=0.0%
     issued rwts: total=88000,0,0,0 short=0,0,0,0 dropped=0,0,0,0
     latency   : target=0, window=0, percentile=100.00%, depth=1

Run status group 0 (all jobs):
   READ: bw=50.2MiB/s (52.6MB/s), 50.2MiB/s-50.2MiB/s (52.6MB/s-52.6MB/s), io=344MiB (360MB), run=6853-6853msec
