create: (g=0): rw=read, bs=(R) 4096B-4096B, (W) 4096B-4096B, (T) 4096B-4096B, ioengine=filecreate, iodepth=1
...
fio-3.41
Starting 56 threads

create: (groupid=0, jobs=56): err= 0: pid=1065857: Sun Mar 15 00:05:38 2026
  read: IOPS=6048, BW=23.6MiB/s (24.8MB/s)(1750MiB/74065msec)
    clat (usec): min=42, max=85251, avg=8380.18, stdev=4130.45
    clat percentiles (usec):
     |  1.00th=[   65],  5.00th=[   93], 10.00th=[  124], 20.00th=[ 7701],
     | 30.00th=[ 8455], 40.00th=[ 8848], 50.00th=[ 9241], 60.00th=[ 9765],
     | 70.00th=[10290], 80.00th=[10945], 90.00th=[11731], 95.00th=[12125],
     | 99.00th=[13304], 99.50th=[15270], 99.90th=[38011], 99.95th=[49546],
     | 99.99th=[84411]
   bw (  KiB/s): min=16111, max=37410, per=100.00%, avg=24285.76, stdev=50.52, samples=8240
   iops        : min= 4027, max= 9343, avg=6071.32, stdev=12.62, samples=8240
  cpu          : usr=8.23%, sys=0.92%, ctx=2370950, majf=0, minf=0
  IO depths    : 1=100.0%, 2=0.0%, 4=0.0%, 8=0.0%, 16=0.0%, 32=0.0%, >=64=0.0%
     submit    : 0=0.0%, 4=100.0%, 8=0.0%, 16=0.0%, 32=0.0%, 64=0.0%, >=64=0.0%
     complete  : 0=0.0%, 4=100.0%, 8=0.0%, 16=0.0%, 32=0.0%, 64=0.0%, >=64=0.0%
     issued rwts: total=448000,0,0,0 short=0,0,0,0 dropped=0,0,0,0
     latency   : target=0, window=0, percentile=100.00%, depth=1

Run status group 0 (all jobs):
   READ: bw=23.6MiB/s (24.8MB/s), 23.6MiB/s-23.6MiB/s (24.8MB/s-24.8MB/s), io=1750MiB (1835MB), run=74065-74065msec
