create: (g=0): rw=read, bs=(R) 4096B-4096B, (W) 4096B-4096B, (T) 4096B-4096B, ioengine=filecreate, iodepth=1
...
fio-3.41
Starting 12 threads

create: (groupid=0, jobs=12): err= 0: pid=931541: Sat Mar 14 22:33:21 2026
  read: IOPS=10.2k, BW=39.8MiB/s (41.7MB/s)(375MiB/9419msec)
    clat (usec): min=36, max=49106, avg=310.42, stdev=493.69
    clat percentiles (usec):
     |  1.00th=[   43],  5.00th=[   48], 10.00th=[   49], 20.00th=[   51],
     | 30.00th=[   55], 40.00th=[   68], 50.00th=[   85], 60.00th=[  103],
     | 70.00th=[  147], 80.00th=[  857], 90.00th=[ 1057], 95.00th=[ 1172],
     | 99.00th=[ 1352], 99.50th=[ 1418], 99.90th=[ 1631], 99.95th=[ 2737],
     | 99.99th=[ 9241]
   bw (  KiB/s): min=21885, max=84552, per=100.00%, avg=51713.74, stdev=1423.76, samples=183
   iops        : min= 5468, max=21138, avg=12928.14, stdev=355.96, samples=183
  cpu          : usr=60.09%, sys=3.74%, ctx=463537, majf=0, minf=0
  IO depths    : 1=100.0%, 2=0.0%, 4=0.0%, 8=0.0%, 16=0.0%, 32=0.0%, >=64=0.0%
     submit    : 0=0.0%, 4=100.0%, 8=0.0%, 16=0.0%, 32=0.0%, 64=0.0%, >=64=0.0%
     complete  : 0=0.0%, 4=100.0%, 8=0.0%, 16=0.0%, 32=0.0%, 64=0.0%, >=64=0.0%
     issued rwts: total=96000,0,0,0 short=0,0,0,0 dropped=0,0,0,0
     latency   : target=0, window=0, percentile=100.00%, depth=1

Run status group 0 (all jobs):
   READ: bw=39.8MiB/s (41.7MB/s), 39.8MiB/s-39.8MiB/s (41.7MB/s-41.7MB/s), io=375MiB (393MB), run=9419-9419msec
