create: (g=0): rw=read, bs=(R) 4096B-4096B, (W) 4096B-4096B, (T) 4096B-4096B, ioengine=filecreate, iodepth=1
...
fio-3.41
Starting 52 threads

create: (groupid=0, jobs=52): err= 0: pid=909364: Sat Mar 14 21:11:52 2026
  read: IOPS=5743, BW=22.4MiB/s (23.5MB/s)(1625MiB/72429msec)
    clat (usec): min=43, max=97835, avg=8070.90, stdev=4029.33
    clat percentiles (usec):
     |  1.00th=[   72],  5.00th=[  105], 10.00th=[  129], 20.00th=[ 7177],
     | 30.00th=[ 7898], 40.00th=[ 8455], 50.00th=[ 9110], 60.00th=[ 9634],
     | 70.00th=[10159], 80.00th=[10552], 90.00th=[11076], 95.00th=[11469],
     | 99.00th=[11994], 99.50th=[12256], 99.90th=[44303], 99.95th=[54789],
     | 99.99th=[96994]
   bw (  KiB/s): min=15141, max=35563, per=100.00%, avg=23210.40, stdev=53.69, samples=7398
   iops        : min= 3783, max= 8890, avg=5802.40, stdev=13.42, samples=7398
  cpu          : usr=8.77%, sys=1.01%, ctx=2199767, majf=0, minf=0
  IO depths    : 1=100.0%, 2=0.0%, 4=0.0%, 8=0.0%, 16=0.0%, 32=0.0%, >=64=0.0%
     submit    : 0=0.0%, 4=100.0%, 8=0.0%, 16=0.0%, 32=0.0%, 64=0.0%, >=64=0.0%
     complete  : 0=0.0%, 4=100.0%, 8=0.0%, 16=0.0%, 32=0.0%, 64=0.0%, >=64=0.0%
     issued rwts: total=416000,0,0,0 short=0,0,0,0 dropped=0,0,0,0
     latency   : target=0, window=0, percentile=100.00%, depth=1

Run status group 0 (all jobs):
   READ: bw=22.4MiB/s (23.5MB/s), 22.4MiB/s-22.4MiB/s (23.5MB/s-23.5MB/s), io=1625MiB (1704MB), run=72429-72429msec
