create: (g=0): rw=read, bs=(R) 4096B-4096B, (W) 4096B-4096B, (T) 4096B-4096B, ioengine=filecreate, iodepth=1
...
fio-3.41
Starting 29 threads

create: (groupid=0, jobs=29): err= 0: pid=1006751: Sat Mar 14 23:31:07 2026
  read: IOPS=6194, BW=24.2MiB/s (25.4MB/s)(906MiB/37451msec)
    clat (usec): min=39, max=72492, avg=4138.98, stdev=2631.75
    clat percentiles (usec):
     |  1.00th=[   56],  5.00th=[   74], 10.00th=[  105], 20.00th=[ 3130],
     | 30.00th=[ 3982], 40.00th=[ 4359], 50.00th=[ 4686], 60.00th=[ 4948],
     | 70.00th=[ 5276], 80.00th=[ 5669], 90.00th=[ 6194], 95.00th=[ 6587],
     | 99.00th=[ 7242], 99.50th=[ 8094], 99.90th=[28443], 99.95th=[48497],
     | 99.99th=[71828]
   bw (  KiB/s): min=18821, max=30080, per=100.00%, avg=24882.05, stdev=88.34, samples=2138
   iops        : min= 4704, max= 7520, avg=6220.43, stdev=22.09, samples=2138
  cpu          : usr=9.59%, sys=1.68%, ctx=1218936, majf=0, minf=0
  IO depths    : 1=100.0%, 2=0.0%, 4=0.0%, 8=0.0%, 16=0.0%, 32=0.0%, >=64=0.0%
     submit    : 0=0.0%, 4=100.0%, 8=0.0%, 16=0.0%, 32=0.0%, 64=0.0%, >=64=0.0%
     complete  : 0=0.0%, 4=100.0%, 8=0.0%, 16=0.0%, 32=0.0%, 64=0.0%, >=64=0.0%
     issued rwts: total=232000,0,0,0 short=0,0,0,0 dropped=0,0,0,0
     latency   : target=0, window=0, percentile=100.00%, depth=1

Run status group 0 (all jobs):
   READ: bw=24.2MiB/s (25.4MB/s), 24.2MiB/s-24.2MiB/s (25.4MB/s-25.4MB/s), io=906MiB (950MB), run=37451-37451msec
