create: (g=0): rw=read, bs=(R) 4096B-4096B, (W) 4096B-4096B, (T) 4096B-4096B, ioengine=filecreate, iodepth=1
...
fio-3.41
Starting 29 threads

create: (groupid=0, jobs=29): err= 0: pid=927631: Sat Mar 14 22:17:38 2026
  read: IOPS=6047, BW=23.6MiB/s (24.8MB/s)(906MiB/38361msec)
    clat (usec): min=42, max=64980, avg=4241.01, stdev=2583.94
    clat percentiles (usec):
     |  1.00th=[   57],  5.00th=[   79], 10.00th=[  110], 20.00th=[ 3425],
     | 30.00th=[ 4113], 40.00th=[ 4424], 50.00th=[ 4752], 60.00th=[ 5080],
     | 70.00th=[ 5407], 80.00th=[ 5932], 90.00th=[ 6325], 95.00th=[ 6587],
     | 99.00th=[ 7046], 99.50th=[ 7242], 99.90th=[34341], 99.95th=[47449],
     | 99.99th=[50594]
   bw (  KiB/s): min=17312, max=29760, per=100.00%, avg=24305.62, stdev=93.26, samples=2194
   iops        : min= 4325, max= 7440, avg=6076.36, stdev=23.32, samples=2194
  cpu          : usr=9.50%, sys=1.67%, ctx=1219621, majf=0, minf=0
  IO depths    : 1=100.0%, 2=0.0%, 4=0.0%, 8=0.0%, 16=0.0%, 32=0.0%, >=64=0.0%
     submit    : 0=0.0%, 4=100.0%, 8=0.0%, 16=0.0%, 32=0.0%, 64=0.0%, >=64=0.0%
     complete  : 0=0.0%, 4=100.0%, 8=0.0%, 16=0.0%, 32=0.0%, 64=0.0%, >=64=0.0%
     issued rwts: total=232000,0,0,0 short=0,0,0,0 dropped=0,0,0,0
     latency   : target=0, window=0, percentile=100.00%, depth=1

Run status group 0 (all jobs):
   READ: bw=23.6MiB/s (24.8MB/s), 23.6MiB/s-23.6MiB/s (24.8MB/s-24.8MB/s), io=906MiB (950MB), run=38361-38361msec
