create: (g=0): rw=read, bs=(R) 4096B-4096B, (W) 4096B-4096B, (T) 4096B-4096B, ioengine=filecreate, iodepth=1
...
fio-3.41
Starting 16 threads

create: (groupid=0, jobs=16): err= 0: pid=925506: Sat Mar 14 22:10:07 2026
  read: IOPS=8745, BW=34.2MiB/s (35.8MB/s)(500MiB/14636msec)
    clat (usec): min=40, max=56689, avg=1394.70, stdev=1168.34
    clat percentiles (usec):
     |  1.00th=[   51],  5.00th=[   55], 10.00th=[   57], 20.00th=[   78],
     | 30.00th=[ 1254], 40.00th=[ 1500], 50.00th=[ 1663], 60.00th=[ 1795],
     | 70.00th=[ 1926], 80.00th=[ 2040], 90.00th=[ 2180], 95.00th=[ 2278],
     | 99.00th=[ 2442], 99.50th=[ 2540], 99.90th=[ 3720], 99.95th=[10945],
     | 99.99th=[50594]
   bw (  KiB/s): min=25666, max=44048, per=100.00%, avg=35330.12, stdev=230.99, samples=451
   iops        : min= 6413, max=11012, avg=8832.41, stdev=57.77, samples=451
  cpu          : usr=18.80%, sys=2.88%, ctx=669196, majf=0, minf=0
  IO depths    : 1=100.0%, 2=0.0%, 4=0.0%, 8=0.0%, 16=0.0%, 32=0.0%, >=64=0.0%
     submit    : 0=0.0%, 4=100.0%, 8=0.0%, 16=0.0%, 32=0.0%, 64=0.0%, >=64=0.0%
     complete  : 0=0.0%, 4=100.0%, 8=0.0%, 16=0.0%, 32=0.0%, 64=0.0%, >=64=0.0%
     issued rwts: total=128000,0,0,0 short=0,0,0,0 dropped=0,0,0,0
     latency   : target=0, window=0, percentile=100.00%, depth=1

Run status group 0 (all jobs):
   READ: bw=34.2MiB/s (35.8MB/s), 34.2MiB/s-34.2MiB/s (35.8MB/s-35.8MB/s), io=500MiB (524MB), run=14636-14636msec
