create: (g=0): rw=read, bs=(R) 4096B-4096B, (W) 4096B-4096B, (T) 4096B-4096B, ioengine=filecreate, iodepth=1
...
fio-3.41
Starting 18 threads

create: (groupid=0, jobs=18): err= 0: pid=892743: Sat Mar 14 20:07:05 2026
  read: IOPS=8112, BW=31.7MiB/s (33.2MB/s)(563MiB/17751msec)
    clat (usec): min=40, max=58465, avg=1796.92, stdev=1506.03
    clat percentiles (usec):
     |  1.00th=[   51],  5.00th=[   55], 10.00th=[   59], 20.00th=[   88],
     | 30.00th=[ 1647], 40.00th=[ 1893], 50.00th=[ 2114], 60.00th=[ 2278],
     | 70.00th=[ 2442], 80.00th=[ 2606], 90.00th=[ 2769], 95.00th=[ 2868],
     | 99.00th=[ 3064], 99.50th=[ 3130], 99.90th=[ 6194], 99.95th=[41157],
     | 99.99th=[51119]
   bw (  KiB/s): min=22968, max=37880, per=100.00%, avg=32479.62, stdev=170.03, samples=629
   iops        : min= 5740, max= 9470, avg=8119.85, stdev=42.52, samples=629
  cpu          : usr=15.54%, sys=2.47%, ctx=753672, majf=0, minf=0
  IO depths    : 1=100.0%, 2=0.0%, 4=0.0%, 8=0.0%, 16=0.0%, 32=0.0%, >=64=0.0%
     submit    : 0=0.0%, 4=100.0%, 8=0.0%, 16=0.0%, 32=0.0%, 64=0.0%, >=64=0.0%
     complete  : 0=0.0%, 4=100.0%, 8=0.0%, 16=0.0%, 32=0.0%, 64=0.0%, >=64=0.0%
     issued rwts: total=144000,0,0,0 short=0,0,0,0 dropped=0,0,0,0
     latency   : target=0, window=0, percentile=100.00%, depth=1

Run status group 0 (all jobs):
   READ: bw=31.7MiB/s (33.2MB/s), 31.7MiB/s-31.7MiB/s (33.2MB/s-33.2MB/s), io=563MiB (590MB), run=17751-17751msec
