create: (g=0): rw=read, bs=(R) 4096B-4096B, (W) 4096B-4096B, (T) 4096B-4096B, ioengine=filecreate, iodepth=1
...
fio-3.41
Starting 30 threads

create: (groupid=0, jobs=30): err= 0: pid=921194: Sat Mar 14 21:53:39 2026
  read: IOPS=6319, BW=24.7MiB/s (25.9MB/s)(938MiB/37975msec)
    clat (usec): min=41, max=57201, avg=4185.59, stdev=2598.80
    clat percentiles (usec):
     |  1.00th=[   56],  5.00th=[   76], 10.00th=[  108], 20.00th=[ 3228],
     | 30.00th=[ 4047], 40.00th=[ 4359], 50.00th=[ 4621], 60.00th=[ 4883],
     | 70.00th=[ 5276], 80.00th=[ 5932], 90.00th=[ 6456], 95.00th=[ 6718],
     | 99.00th=[ 7111], 99.50th=[ 7308], 99.90th=[34866], 99.95th=[47449],
     | 99.99th=[56886]
   bw (  KiB/s): min=17246, max=31600, per=100.00%, avg=25419.54, stdev=105.54, samples=2236
   iops        : min= 4310, max= 7900, avg=6354.74, stdev=26.39, samples=2236
  cpu          : usr=9.53%, sys=1.65%, ctx=1262697, majf=0, minf=0
  IO depths    : 1=100.0%, 2=0.0%, 4=0.0%, 8=0.0%, 16=0.0%, 32=0.0%, >=64=0.0%
     submit    : 0=0.0%, 4=100.0%, 8=0.0%, 16=0.0%, 32=0.0%, 64=0.0%, >=64=0.0%
     complete  : 0=0.0%, 4=100.0%, 8=0.0%, 16=0.0%, 32=0.0%, 64=0.0%, >=64=0.0%
     issued rwts: total=240000,0,0,0 short=0,0,0,0 dropped=0,0,0,0
     latency   : target=0, window=0, percentile=100.00%, depth=1

Run status group 0 (all jobs):
   READ: bw=24.7MiB/s (25.9MB/s), 24.7MiB/s-24.7MiB/s (25.9MB/s-25.9MB/s), io=938MiB (983MB), run=37975-37975msec
