create: (g=0): rw=read, bs=(R) 4096B-4096B, (W) 4096B-4096B, (T) 4096B-4096B, ioengine=filecreate, iodepth=1
...
fio-3.41
Starting 22 threads

create: (groupid=0, jobs=22): err= 0: pid=919820: Sat Mar 14 21:48:01 2026
  read: IOPS=7458, BW=29.1MiB/s (30.5MB/s)(688MiB/23598msec)
    clat (usec): min=39, max=62648, avg=2443.92, stdev=1844.94
    clat percentiles (usec):
     |  1.00th=[   52],  5.00th=[   60], 10.00th=[   74], 20.00th=[  578],
     | 30.00th=[ 2212], 40.00th=[ 2540], 50.00th=[ 2769], 60.00th=[ 2999],
     | 70.00th=[ 3195], 80.00th=[ 3458], 90.00th=[ 3818], 95.00th=[ 4047],
     | 99.00th=[ 4359], 99.50th=[ 4490], 99.90th=[14353], 99.95th=[41157],
     | 99.99th=[55313]
   bw (  KiB/s): min=20707, max=35584, per=100.00%, avg=29997.14, stdev=148.04, samples=1007
   iops        : min= 5173, max= 8896, avg=7499.06, stdev=37.02, samples=1007
  cpu          : usr=13.88%, sys=2.11%, ctx=924727, majf=0, minf=0
  IO depths    : 1=100.0%, 2=0.0%, 4=0.0%, 8=0.0%, 16=0.0%, 32=0.0%, >=64=0.0%
     submit    : 0=0.0%, 4=100.0%, 8=0.0%, 16=0.0%, 32=0.0%, 64=0.0%, >=64=0.0%
     complete  : 0=0.0%, 4=100.0%, 8=0.0%, 16=0.0%, 32=0.0%, 64=0.0%, >=64=0.0%
     issued rwts: total=176000,0,0,0 short=0,0,0,0 dropped=0,0,0,0
     latency   : target=0, window=0, percentile=100.00%, depth=1

Run status group 0 (all jobs):
   READ: bw=29.1MiB/s (30.5MB/s), 29.1MiB/s-29.1MiB/s (30.5MB/s-30.5MB/s), io=688MiB (721MB), run=23598-23598msec
