create: (g=0): rw=read, bs=(R) 4096B-4096B, (W) 4096B-4096B, (T) 4096B-4096B, ioengine=filecreate, iodepth=1
...
fio-3.41
Starting 24 threads

create: (groupid=0, jobs=24): err= 0: pid=900312: Sat Mar 14 20:34:59 2026
  read: IOPS=7135, BW=27.9MiB/s (29.2MB/s)(750MiB/26908msec)
    clat (usec): min=42, max=53999, avg=2858.11, stdev=1990.32
    clat percentiles (usec):
     |  1.00th=[   53],  5.00th=[   64], 10.00th=[   80], 20.00th=[ 1860],
     | 30.00th=[ 2671], 40.00th=[ 2966], 50.00th=[ 3195], 60.00th=[ 3425],
     | 70.00th=[ 3752], 80.00th=[ 4080], 90.00th=[ 4359], 95.00th=[ 4490],
     | 99.00th=[ 4817], 99.50th=[ 5014], 99.90th=[16581], 99.95th=[45351],
     | 99.99th=[50594]
   bw (  KiB/s): min=20477, max=34456, per=100.00%, avg=28667.31, stdev=130.04, samples=1266
   iops        : min= 5115, max= 8614, avg=7166.67, stdev=32.52, samples=1266
  cpu          : usr=12.23%, sys=1.98%, ctx=1009077, majf=0, minf=0
  IO depths    : 1=100.0%, 2=0.0%, 4=0.0%, 8=0.0%, 16=0.0%, 32=0.0%, >=64=0.0%
     submit    : 0=0.0%, 4=100.0%, 8=0.0%, 16=0.0%, 32=0.0%, 64=0.0%, >=64=0.0%
     complete  : 0=0.0%, 4=100.0%, 8=0.0%, 16=0.0%, 32=0.0%, 64=0.0%, >=64=0.0%
     issued rwts: total=192000,0,0,0 short=0,0,0,0 dropped=0,0,0,0
     latency   : target=0, window=0, percentile=100.00%, depth=1

Run status group 0 (all jobs):
   READ: bw=27.9MiB/s (29.2MB/s), 27.9MiB/s-27.9MiB/s (29.2MB/s-29.2MB/s), io=750MiB (786MB), run=26908-26908msec
