create: (g=0): rw=read, bs=(R) 4096B-4096B, (W) 4096B-4096B, (T) 4096B-4096B, ioengine=filecreate, iodepth=1
...
fio-3.41
Starting 60 threads

create: (groupid=0, jobs=60): err= 0: pid=896614: Sat Mar 14 20:25:47 2026
  read: IOPS=5597, BW=21.9MiB/s (22.9MB/s)(1875MiB/85750msec)
    clat (usec): min=46, max=90521, avg=9664.18, stdev=4517.32
    clat percentiles (usec):
     |  1.00th=[   77],  5.00th=[  111], 10.00th=[  135], 20.00th=[ 9110],
     | 30.00th=[ 9634], 40.00th=[10290], 50.00th=[10945], 60.00th=[11338],
     | 70.00th=[11863], 80.00th=[12387], 90.00th=[12911], 95.00th=[13304],
     | 99.00th=[13829], 99.50th=[14091], 99.90th=[36439], 99.95th=[60556],
     | 99.99th=[89654]
   bw (  KiB/s): min=16142, max=34408, per=100.00%, avg=22486.77, stdev=39.80, samples=10188
   iops        : min= 4034, max= 8602, avg=5621.57, stdev= 9.95, samples=10188
  cpu          : usr=8.52%, sys=0.88%, ctx=2543897, majf=0, minf=0
  IO depths    : 1=100.0%, 2=0.0%, 4=0.0%, 8=0.0%, 16=0.0%, 32=0.0%, >=64=0.0%
     submit    : 0=0.0%, 4=100.0%, 8=0.0%, 16=0.0%, 32=0.0%, 64=0.0%, >=64=0.0%
     complete  : 0=0.0%, 4=100.0%, 8=0.0%, 16=0.0%, 32=0.0%, 64=0.0%, >=64=0.0%
     issued rwts: total=480000,0,0,0 short=0,0,0,0 dropped=0,0,0,0
     latency   : target=0, window=0, percentile=100.00%, depth=1

Run status group 0 (all jobs):
   READ: bw=21.9MiB/s (22.9MB/s), 21.9MiB/s-21.9MiB/s (22.9MB/s-22.9MB/s), io=1875MiB (1966MB), run=85750-85750msec
