create: (g=0): rw=read, bs=(R) 4096B-4096B, (W) 4096B-4096B, (T) 4096B-4096B, ioengine=filecreate, iodepth=1
...
fio-3.41
Starting 25 threads

create: (groupid=0, jobs=25): err= 0: pid=900479: Sat Mar 14 20:35:39 2026
  read: IOPS=6632, BW=25.9MiB/s (27.2MB/s)(781MiB/30155msec)
    clat (usec): min=41, max=56555, avg=3245.43, stdev=2232.26
    clat percentiles (usec):
     |  1.00th=[   54],  5.00th=[   69], 10.00th=[   89], 20.00th=[ 2245],
     | 30.00th=[ 2966], 40.00th=[ 3294], 50.00th=[ 3621], 60.00th=[ 3949],
     | 70.00th=[ 4293], 80.00th=[ 4555], 90.00th=[ 4883], 95.00th=[ 5145],
     | 99.00th=[ 5604], 99.50th=[ 5735], 99.90th=[32900], 99.95th=[49021],
     | 99.99th=[55837]
   bw (  KiB/s): min=18162, max=33464, per=100.00%, avg=26723.86, stdev=126.62, samples=1483
   iops        : min= 4537, max= 8366, avg=6680.89, stdev=31.66, samples=1483
  cpu          : usr=11.37%, sys=1.92%, ctx=1050521, majf=0, minf=0
  IO depths    : 1=100.0%, 2=0.0%, 4=0.0%, 8=0.0%, 16=0.0%, 32=0.0%, >=64=0.0%
     submit    : 0=0.0%, 4=100.0%, 8=0.0%, 16=0.0%, 32=0.0%, 64=0.0%, >=64=0.0%
     complete  : 0=0.0%, 4=100.0%, 8=0.0%, 16=0.0%, 32=0.0%, 64=0.0%, >=64=0.0%
     issued rwts: total=200000,0,0,0 short=0,0,0,0 dropped=0,0,0,0
     latency   : target=0, window=0, percentile=100.00%, depth=1

Run status group 0 (all jobs):
   READ: bw=25.9MiB/s (27.2MB/s), 25.9MiB/s-25.9MiB/s (27.2MB/s-27.2MB/s), io=781MiB (819MB), run=30155-30155msec
