create: (g=0): rw=read, bs=(R) 4096B-4096B, (W) 4096B-4096B, (T) 4096B-4096B, ioengine=filecreate, iodepth=1
...
fio-3.41
Starting 48 threads

create: (groupid=0, jobs=48): err= 0: pid=976344: Sat Mar 14 23:13:38 2026
  read: IOPS=5901, BW=23.1MiB/s (24.2MB/s)(1500MiB/65071msec)
    clat (usec): min=43, max=87584, avg=7195.01, stdev=3848.04
    clat percentiles (usec):
     |  1.00th=[   64],  5.00th=[   92], 10.00th=[  124], 20.00th=[ 6325],
     | 30.00th=[ 6980], 40.00th=[ 7439], 50.00th=[ 7963], 60.00th=[ 8455],
     | 70.00th=[ 8979], 80.00th=[ 9503], 90.00th=[10028], 95.00th=[10552],
     | 99.00th=[11469], 99.50th=[14091], 99.90th=[46924], 99.95th=[61080],
     | 99.99th=[86508]
   bw (  KiB/s): min=14326, max=38832, per=100.00%, avg=23903.16, stdev=68.12, samples=6144
   iops        : min= 3579, max= 9706, avg=5975.75, stdev=17.03, samples=6144
  cpu          : usr=9.28%, sys=1.08%, ctx=2029454, majf=0, minf=0
  IO depths    : 1=100.0%, 2=0.0%, 4=0.0%, 8=0.0%, 16=0.0%, 32=0.0%, >=64=0.0%
     submit    : 0=0.0%, 4=100.0%, 8=0.0%, 16=0.0%, 32=0.0%, 64=0.0%, >=64=0.0%
     complete  : 0=0.0%, 4=100.0%, 8=0.0%, 16=0.0%, 32=0.0%, 64=0.0%, >=64=0.0%
     issued rwts: total=384000,0,0,0 short=0,0,0,0 dropped=0,0,0,0
     latency   : target=0, window=0, percentile=100.00%, depth=1

Run status group 0 (all jobs):
   READ: bw=23.1MiB/s (24.2MB/s), 23.1MiB/s-23.1MiB/s (24.2MB/s-24.2MB/s), io=1500MiB (1573MB), run=65071-65071msec
