create: (g=0): rw=read, bs=(R) 4096B-4096B, (W) 4096B-4096B, (T) 4096B-4096B, ioengine=filecreate, iodepth=1
...
fio-3.41
Starting 14 threads

create: (groupid=0, jobs=14): err= 0: pid=1034148: Sat Mar 14 23:47:15 2026
  read: IOPS=8967, BW=35.0MiB/s (36.7MB/s)(438MiB/12489msec)
    clat (usec): min=39, max=53754, avg=1098.02, stdev=975.27
    clat percentiles (usec):
     |  1.00th=[   49],  5.00th=[   52], 10.00th=[   56], 20.00th=[   71],
     | 30.00th=[  157], 40.00th=[ 1172], 50.00th=[ 1369], 60.00th=[ 1500],
     | 70.00th=[ 1631], 80.00th=[ 1778], 90.00th=[ 1926], 95.00th=[ 2024],
     | 99.00th=[ 2212], 99.50th=[ 2278], 99.90th=[ 3621], 99.95th=[12125],
     | 99.99th=[30016]
   bw (  KiB/s): min=26908, max=56352, per=100.00%, avg=36169.13, stdev=497.65, samples=329
   iops        : min= 6725, max=14088, avg=9042.14, stdev=124.42, samples=329
  cpu          : usr=23.46%, sys=3.24%, ctx=581150, majf=0, minf=0
  IO depths    : 1=100.0%, 2=0.0%, 4=0.0%, 8=0.0%, 16=0.0%, 32=0.0%, >=64=0.0%
     submit    : 0=0.0%, 4=100.0%, 8=0.0%, 16=0.0%, 32=0.0%, 64=0.0%, >=64=0.0%
     complete  : 0=0.0%, 4=100.0%, 8=0.0%, 16=0.0%, 32=0.0%, 64=0.0%, >=64=0.0%
     issued rwts: total=112000,0,0,0 short=0,0,0,0 dropped=0,0,0,0
     latency   : target=0, window=0, percentile=100.00%, depth=1

Run status group 0 (all jobs):
   READ: bw=35.0MiB/s (36.7MB/s), 35.0MiB/s-35.0MiB/s (36.7MB/s-36.7MB/s), io=438MiB (459MB), run=12489-12489msec
