create: (g=0): rw=read, bs=(R) 4096B-4096B, (W) 4096B-4096B, (T) 4096B-4096B, ioengine=filecreate, iodepth=1
...
fio-3.41
Starting 48 threads

create: (groupid=0, jobs=48): err= 0: pid=935600: Sat Mar 14 22:49:11 2026
  read: IOPS=6001, BW=23.4MiB/s (24.6MB/s)(1500MiB/63981msec)
    clat (usec): min=41, max=92897, avg=7040.94, stdev=3669.43
    clat percentiles (usec):
     |  1.00th=[   63],  5.00th=[   90], 10.00th=[  122], 20.00th=[ 6325],
     | 30.00th=[ 6915], 40.00th=[ 7308], 50.00th=[ 7701], 60.00th=[ 8225],
     | 70.00th=[ 8717], 80.00th=[ 9372], 90.00th=[10028], 95.00th=[10552],
     | 99.00th=[11469], 99.50th=[13698], 99.90th=[38011], 99.95th=[45351],
     | 99.99th=[91751]
   bw (  KiB/s): min=15620, max=40552, per=100.00%, avg=24338.61, stdev=69.62, samples=6036
   iops        : min= 3902, max=10136, avg=6084.57, stdev=17.40, samples=6036
  cpu          : usr=9.70%, sys=1.07%, ctx=2029189, majf=0, minf=0
  IO depths    : 1=100.0%, 2=0.0%, 4=0.0%, 8=0.0%, 16=0.0%, 32=0.0%, >=64=0.0%
     submit    : 0=0.0%, 4=100.0%, 8=0.0%, 16=0.0%, 32=0.0%, 64=0.0%, >=64=0.0%
     complete  : 0=0.0%, 4=100.0%, 8=0.0%, 16=0.0%, 32=0.0%, 64=0.0%, >=64=0.0%
     issued rwts: total=384000,0,0,0 short=0,0,0,0 dropped=0,0,0,0
     latency   : target=0, window=0, percentile=100.00%, depth=1

Run status group 0 (all jobs):
   READ: bw=23.4MiB/s (24.6MB/s), 23.4MiB/s-23.4MiB/s (24.6MB/s-24.6MB/s), io=1500MiB (1573MB), run=63981-63981msec
