create: (g=0): rw=read, bs=(R) 4096B-4096B, (W) 4096B-4096B, (T) 4096B-4096B, ioengine=filecreate, iodepth=1
...
fio-3.41
Starting 15 threads

create: (groupid=0, jobs=15): err= 0: pid=892293: Sat Mar 14 20:05:53 2026
  read: IOPS=9228, BW=36.0MiB/s (37.8MB/s)(469MiB/13003msec)
    clat (usec): min=38, max=44855, avg=1030.92, stdev=1080.39
    clat percentiles (usec):
     |  1.00th=[   48],  5.00th=[   50], 10.00th=[   53], 20.00th=[   61],
     | 30.00th=[   86], 40.00th=[  184], 50.00th=[ 1401], 60.00th=[ 1565],
     | 70.00th=[ 1696], 80.00th=[ 1827], 90.00th=[ 1975], 95.00th=[ 2089],
     | 99.00th=[ 2278], 99.50th=[ 2343], 99.90th=[ 3032], 99.95th=[ 7767],
     | 99.99th=[43254]
   bw (  KiB/s): min=25297, max=61248, per=100.00%, avg=37820.37, stdev=602.72, samples=367
   iops        : min= 6318, max=15312, avg=9454.84, stdev=150.70, samples=367
  cpu          : usr=29.70%, sys=2.83%, ctx=612732, majf=0, minf=0
  IO depths    : 1=100.0%, 2=0.0%, 4=0.0%, 8=0.0%, 16=0.0%, 32=0.0%, >=64=0.0%
     submit    : 0=0.0%, 4=100.0%, 8=0.0%, 16=0.0%, 32=0.0%, 64=0.0%, >=64=0.0%
     complete  : 0=0.0%, 4=100.0%, 8=0.0%, 16=0.0%, 32=0.0%, 64=0.0%, >=64=0.0%
     issued rwts: total=120000,0,0,0 short=0,0,0,0 dropped=0,0,0,0
     latency   : target=0, window=0, percentile=100.00%, depth=1

Run status group 0 (all jobs):
   READ: bw=36.0MiB/s (37.8MB/s), 36.0MiB/s-36.0MiB/s (37.8MB/s-37.8MB/s), io=469MiB (492MB), run=13003-13003msec
