create: (g=0): rw=read, bs=(R) 4096B-4096B, (W) 4096B-4096B, (T) 4096B-4096B, ioengine=filecreate, iodepth=1
...
fio-3.41
Starting 19 threads

create: (groupid=0, jobs=19): err= 0: pid=919345: Sat Mar 14 21:46:30 2026
  read: IOPS=7510, BW=29.3MiB/s (30.8MB/s)(594MiB/20238msec)
    clat (usec): min=40, max=59636, avg=2063.85, stdev=1721.01
    clat percentiles (usec):
     |  1.00th=[   52],  5.00th=[   58], 10.00th=[   72], 20.00th=[  121],
     | 30.00th=[ 1844], 40.00th=[ 2180], 50.00th=[ 2409], 60.00th=[ 2606],
     | 70.00th=[ 2769], 80.00th=[ 2933], 90.00th=[ 3130], 95.00th=[ 3261],
     | 99.00th=[ 3458], 99.50th=[ 3556], 99.90th=[12780], 99.95th=[47449],
     | 99.99th=[56886]
   bw (  KiB/s): min=21049, max=35536, per=100.00%, avg=30208.61, stdev=144.36, samples=754
   iops        : min= 5256, max= 8884, avg=7551.99, stdev=36.12, samples=754
  cpu          : usr=15.09%, sys=2.39%, ctx=797339, majf=0, minf=0
  IO depths    : 1=100.0%, 2=0.0%, 4=0.0%, 8=0.0%, 16=0.0%, 32=0.0%, >=64=0.0%
     submit    : 0=0.0%, 4=100.0%, 8=0.0%, 16=0.0%, 32=0.0%, 64=0.0%, >=64=0.0%
     complete  : 0=0.0%, 4=100.0%, 8=0.0%, 16=0.0%, 32=0.0%, 64=0.0%, >=64=0.0%
     issued rwts: total=152000,0,0,0 short=0,0,0,0 dropped=0,0,0,0
     latency   : target=0, window=0, percentile=100.00%, depth=1

Run status group 0 (all jobs):
   READ: bw=29.3MiB/s (30.8MB/s), 29.3MiB/s-29.3MiB/s (30.8MB/s-30.8MB/s), io=594MiB (623MB), run=20238-20238msec
