create: (g=0): rw=read, bs=(R) 4096B-4096B, (W) 4096B-4096B, (T) 4096B-4096B, ioengine=filecreate, iodepth=1
...
fio-3.41
Starting 28 threads

create: (groupid=0, jobs=28): err= 0: pid=900995: Sat Mar 14 20:37:47 2026
  read: IOPS=6364, BW=24.9MiB/s (26.1MB/s)(875MiB/35196msec)
    clat (usec): min=42, max=68654, avg=3856.01, stdev=2445.98
    clat percentiles (usec):
     |  1.00th=[   55],  5.00th=[   74], 10.00th=[  104], 20.00th=[ 2835],
     | 30.00th=[ 3654], 40.00th=[ 3982], 50.00th=[ 4228], 60.00th=[ 4490],
     | 70.00th=[ 4883], 80.00th=[ 5473], 90.00th=[ 5997], 95.00th=[ 6259],
     | 99.00th=[ 6652], 99.50th=[ 6783], 99.90th=[34341], 99.95th=[41681],
     | 99.99th=[67634]
   bw (  KiB/s): min=17726, max=33408, per=100.00%, avg=25608.94, stdev=117.67, samples=1939
   iops        : min= 4429, max= 8348, avg=6402.12, stdev=29.42, samples=1939
  cpu          : usr=10.09%, sys=1.74%, ctx=1178380, majf=0, minf=0
  IO depths    : 1=100.0%, 2=0.0%, 4=0.0%, 8=0.0%, 16=0.0%, 32=0.0%, >=64=0.0%
     submit    : 0=0.0%, 4=100.0%, 8=0.0%, 16=0.0%, 32=0.0%, 64=0.0%, >=64=0.0%
     complete  : 0=0.0%, 4=100.0%, 8=0.0%, 16=0.0%, 32=0.0%, 64=0.0%, >=64=0.0%
     issued rwts: total=224000,0,0,0 short=0,0,0,0 dropped=0,0,0,0
     latency   : target=0, window=0, percentile=100.00%, depth=1

Run status group 0 (all jobs):
   READ: bw=24.9MiB/s (26.1MB/s), 24.9MiB/s-24.9MiB/s (26.1MB/s-26.1MB/s), io=875MiB (918MB), run=35196-35196msec
