create: (g=0): rw=read, bs=(R) 4096B-4096B, (W) 4096B-4096B, (T) 4096B-4096B, ioengine=filecreate, iodepth=1
...
fio-3.41
Starting 6 threads

create: (groupid=0, jobs=6): err= 0: pid=989615: Sat Mar 14 23:20:50 2026
  read: IOPS=11.0k, BW=42.9MiB/s (45.0MB/s)(188MiB/4366msec)
    clat (usec): min=34, max=52582, avg=87.38, stdev=446.06
    clat percentiles (usec):
     |  1.00th=[   42],  5.00th=[   45], 10.00th=[   47], 20.00th=[   49],
     | 30.00th=[   50], 40.00th=[   53], 50.00th=[   64], 60.00th=[   79],
     | 70.00th=[   94], 80.00th=[  117], 90.00th=[  147], 95.00th=[  174],
     | 99.00th=[  212], 99.50th=[  235], 99.90th=[  562], 99.95th=[  799],
     | 99.99th=[37487]
   bw (  KiB/s): min=19392, max=78768, per=100.00%, avg=44713.49, stdev=3154.96, samples=41
   iops        : min= 4848, max=19692, avg=11178.37, stdev=788.74, samples=41
  cpu          : usr=67.23%, sys=5.70%, ctx=223273, majf=0, minf=0
  IO depths    : 1=100.0%, 2=0.0%, 4=0.0%, 8=0.0%, 16=0.0%, 32=0.0%, >=64=0.0%
     submit    : 0=0.0%, 4=100.0%, 8=0.0%, 16=0.0%, 32=0.0%, 64=0.0%, >=64=0.0%
     complete  : 0=0.0%, 4=100.0%, 8=0.0%, 16=0.0%, 32=0.0%, 64=0.0%, >=64=0.0%
     issued rwts: total=48000,0,0,0 short=0,0,0,0 dropped=0,0,0,0
     latency   : target=0, window=0, percentile=100.00%, depth=1

Run status group 0 (all jobs):
   READ: bw=42.9MiB/s (45.0MB/s), 42.9MiB/s-42.9MiB/s (45.0MB/s-45.0MB/s), io=188MiB (197MB), run=4366-4366msec
