create: (g=0): rw=read, bs=(R) 4096B-4096B, (W) 4096B-4096B, (T) 4096B-4096B, ioengine=filecreate, iodepth=1
...
fio-3.41
Starting 4 threads

create: (groupid=0, jobs=4): err= 0: pid=890806: Sat Mar 14 20:03:21 2026
  read: IOPS=7866, BW=30.7MiB/s (32.2MB/s)(125MiB/4068msec)
    clat (usec): min=34, max=52703, avg=62.05, stdev=295.81
    clat percentiles (usec):
     |  1.00th=[   42],  5.00th=[   43], 10.00th=[   44], 20.00th=[   46],
     | 30.00th=[   47], 40.00th=[   48], 50.00th=[   50], 60.00th=[   53],
     | 70.00th=[   62], 80.00th=[   75], 90.00th=[   91], 95.00th=[  108],
     | 99.00th=[  145], 99.50th=[  167], 99.90th=[  338], 99.95th=[  603],
     | 99.99th=[ 1004]
   bw (  KiB/s): min=15256, max=52049, per=95.41%, avg=30022.50, stdev=2940.53, samples=25
   iops        : min= 3814, max=13012, avg=7505.59, stdev=735.11, samples=25
  cpu          : usr=70.73%, sys=6.26%, ctx=138683, majf=0, minf=0
  IO depths    : 1=100.0%, 2=0.0%, 4=0.0%, 8=0.0%, 16=0.0%, 32=0.0%, >=64=0.0%
     submit    : 0=0.0%, 4=100.0%, 8=0.0%, 16=0.0%, 32=0.0%, 64=0.0%, >=64=0.0%
     complete  : 0=0.0%, 4=100.0%, 8=0.0%, 16=0.0%, 32=0.0%, 64=0.0%, >=64=0.0%
     issued rwts: total=32000,0,0,0 short=0,0,0,0 dropped=0,0,0,0
     latency   : target=0, window=0, percentile=100.00%, depth=1

Run status group 0 (all jobs):
   READ: bw=30.7MiB/s (32.2MB/s), 30.7MiB/s-30.7MiB/s (32.2MB/s-32.2MB/s), io=125MiB (131MB), run=4068-4068msec
