create: (g=0): rw=read, bs=(R) 4096B-4096B, (W) 4096B-4096B, (T) 4096B-4096B, ioengine=filecreate, iodepth=1
...
fio-3.41
Starting 10 threads

create: (groupid=0, jobs=10): err= 0: pid=931261: Sat Mar 14 22:32:52 2026
  read: IOPS=13.9k, BW=54.4MiB/s (57.0MB/s)(313MiB/5744msec)
    clat (usec): min=38, max=55868, avg=133.49, stdev=586.40
    clat percentiles (usec):
     |  1.00th=[   47],  5.00th=[   48], 10.00th=[   50], 20.00th=[   52],
     | 30.00th=[   64], 40.00th=[   82], 50.00th=[   95], 60.00th=[  117],
     | 70.00th=[  137], 80.00th=[  161], 90.00th=[  200], 95.00th=[  251],
     | 99.00th=[  791], 99.50th=[  906], 99.90th=[ 1156], 99.95th=[ 2057],
     | 99.99th=[45876]
   bw (  KiB/s): min=25199, max=132418, per=100.00%, avg=63617.55, stdev=3178.52, samples=94
   iops        : min= 6299, max=33103, avg=15904.18, stdev=794.59, samples=94
  cpu          : usr=66.40%, sys=4.88%, ctx=394323, majf=0, minf=0
  IO depths    : 1=100.0%, 2=0.0%, 4=0.0%, 8=0.0%, 16=0.0%, 32=0.0%, >=64=0.0%
     submit    : 0=0.0%, 4=100.0%, 8=0.0%, 16=0.0%, 32=0.0%, 64=0.0%, >=64=0.0%
     complete  : 0=0.0%, 4=100.0%, 8=0.0%, 16=0.0%, 32=0.0%, 64=0.0%, >=64=0.0%
     issued rwts: total=80000,0,0,0 short=0,0,0,0 dropped=0,0,0,0
     latency   : target=0, window=0, percentile=100.00%, depth=1

Run status group 0 (all jobs):
   READ: bw=54.4MiB/s (57.0MB/s), 54.4MiB/s-54.4MiB/s (57.0MB/s-57.0MB/s), io=313MiB (328MB), run=5744-5744msec
