create: (g=0): rw=read, bs=(R) 4096B-4096B, (W) 4096B-4096B, (T) 4096B-4096B, ioengine=filecreate, iodepth=1
...
fio-3.41
Starting 7 threads

create: (groupid=0, jobs=7): err= 0: pid=924248: Sat Mar 14 22:07:43 2026
  read: IOPS=8217, BW=32.1MiB/s (33.7MB/s)(219MiB/6815msec)
    clat (usec): min=37, max=42074, avg=71.17, stdev=185.31
    clat percentiles (usec):
     |  1.00th=[   45],  5.00th=[   47], 10.00th=[   47], 20.00th=[   48],
     | 30.00th=[   50], 40.00th=[   51], 50.00th=[   53], 60.00th=[   62],
     | 70.00th=[   76], 80.00th=[   91], 90.00th=[  115], 95.00th=[  135],
     | 99.00th=[  178], 99.50th=[  196], 99.90th=[  685], 99.95th=[ 1057],
     | 99.99th=[ 2147]
   bw (  KiB/s): min=15242, max=100984, per=100.00%, avg=38164.62, stdev=3319.03, samples=79
   iops        : min= 3810, max=25246, avg=9540.87, stdev=829.78, samples=79
  cpu          : usr=80.20%, sys=4.08%, ctx=250313, majf=0, minf=0
  IO depths    : 1=100.0%, 2=0.0%, 4=0.0%, 8=0.0%, 16=0.0%, 32=0.0%, >=64=0.0%
     submit    : 0=0.0%, 4=100.0%, 8=0.0%, 16=0.0%, 32=0.0%, 64=0.0%, >=64=0.0%
     complete  : 0=0.0%, 4=100.0%, 8=0.0%, 16=0.0%, 32=0.0%, 64=0.0%, >=64=0.0%
     issued rwts: total=56000,0,0,0 short=0,0,0,0 dropped=0,0,0,0
     latency   : target=0, window=0, percentile=100.00%, depth=1

Run status group 0 (all jobs):
   READ: bw=32.1MiB/s (33.7MB/s), 32.1MiB/s-32.1MiB/s (33.7MB/s-33.7MB/s), io=219MiB (229MB), run=6815-6815msec
