create: (g=0): rw=read, bs=(R) 4096B-4096B, (W) 4096B-4096B, (T) 4096B-4096B, ioengine=filecreate, iodepth=1
...
fio-3.41
Starting 52 threads

create: (groupid=0, jobs=52): err= 0: pid=922594: Sat Mar 14 22:01:31 2026
  read: IOPS=5797, BW=22.6MiB/s (23.7MB/s)(1625MiB/71761msec)
    clat (usec): min=47, max=96442, avg=7996.10, stdev=3967.50
    clat percentiles (usec):
     |  1.00th=[   70],  5.00th=[  101], 10.00th=[  128], 20.00th=[ 7439],
     | 30.00th=[ 8029], 40.00th=[ 8455], 50.00th=[ 8848], 60.00th=[ 9372],
     | 70.00th=[ 9896], 80.00th=[10421], 90.00th=[10945], 95.00th=[11469],
     | 99.00th=[12125], 99.50th=[12387], 99.90th=[45351], 99.95th=[53216],
     | 99.99th=[95945]
   bw (  KiB/s): min=13741, max=35937, per=100.00%, avg=23340.14, stdev=52.55, samples=7390
   iops        : min= 3433, max= 8978, avg=5834.87, stdev=13.13, samples=7390
  cpu          : usr=9.11%, sys=1.02%, ctx=2202898, majf=0, minf=0
  IO depths    : 1=100.0%, 2=0.0%, 4=0.0%, 8=0.0%, 16=0.0%, 32=0.0%, >=64=0.0%
     submit    : 0=0.0%, 4=100.0%, 8=0.0%, 16=0.0%, 32=0.0%, 64=0.0%, >=64=0.0%
     complete  : 0=0.0%, 4=100.0%, 8=0.0%, 16=0.0%, 32=0.0%, 64=0.0%, >=64=0.0%
     issued rwts: total=416000,0,0,0 short=0,0,0,0 dropped=0,0,0,0
     latency   : target=0, window=0, percentile=100.00%, depth=1

Run status group 0 (all jobs):
   READ: bw=22.6MiB/s (23.7MB/s), 22.6MiB/s-22.6MiB/s (23.7MB/s-23.7MB/s), io=1625MiB (1704MB), run=71761-71761msec
