create: (g=0): rw=read, bs=(R) 4096B-4096B, (W) 4096B-4096B, (T) 4096B-4096B, ioengine=filecreate, iodepth=1
...
fio-3.41
Starting 19 threads

create: (groupid=0, jobs=19): err= 0: pid=955632: Sat Mar 14 23:00:15 2026
  read: IOPS=8107, BW=31.7MiB/s (33.2MB/s)(594MiB/18749msec)
    clat (usec): min=38, max=56480, avg=1908.52, stdev=1519.81
    clat percentiles (usec):
     |  1.00th=[   51],  5.00th=[   55], 10.00th=[   59], 20.00th=[   87],
     | 30.00th=[ 1811], 40.00th=[ 2089], 50.00th=[ 2278], 60.00th=[ 2442],
     | 70.00th=[ 2573], 80.00th=[ 2704], 90.00th=[ 2900], 95.00th=[ 3032],
     | 99.00th=[ 3261], 99.50th=[ 3359], 99.90th=[11338], 99.95th=[38536],
     | 99.99th=[51119]
   bw (  KiB/s): min=20152, max=38232, per=100.00%, avg=32608.66, stdev=172.35, samples=696
   iops        : min= 5035, max= 9558, avg=8152.08, stdev=43.10, samples=696
  cpu          : usr=14.82%, sys=2.33%, ctx=795444, majf=0, minf=0
  IO depths    : 1=100.0%, 2=0.0%, 4=0.0%, 8=0.0%, 16=0.0%, 32=0.0%, >=64=0.0%
     submit    : 0=0.0%, 4=100.0%, 8=0.0%, 16=0.0%, 32=0.0%, 64=0.0%, >=64=0.0%
     complete  : 0=0.0%, 4=100.0%, 8=0.0%, 16=0.0%, 32=0.0%, 64=0.0%, >=64=0.0%
     issued rwts: total=152000,0,0,0 short=0,0,0,0 dropped=0,0,0,0
     latency   : target=0, window=0, percentile=100.00%, depth=1

Run status group 0 (all jobs):
   READ: bw=31.7MiB/s (33.2MB/s), 31.7MiB/s-31.7MiB/s (33.2MB/s-33.2MB/s), io=594MiB (623MB), run=18749-18749msec
