create: (g=0): rw=read, bs=(R) 4096B-4096B, (W) 4096B-4096B, (T) 4096B-4096B, ioengine=filecreate, iodepth=1
...
fio-3.41
Starting 12 threads

create: (groupid=0, jobs=12): err= 0: pid=924929: Sat Mar 14 22:08:48 2026
  read: IOPS=10.7k, BW=41.8MiB/s (43.9MB/s)(375MiB/8962msec)
    clat (usec): min=34, max=56704, avg=397.80, stdev=666.58
    clat percentiles (usec):
     |  1.00th=[   43],  5.00th=[   48], 10.00th=[   49], 20.00th=[   52],
     | 30.00th=[   62], 40.00th=[   82], 50.00th=[  103], 60.00th=[  151],
     | 70.00th=[  783], 80.00th=[  979], 90.00th=[ 1106], 95.00th=[ 1188],
     | 99.00th=[ 1319], 99.50th=[ 1369], 99.90th=[ 1729], 99.95th=[ 3752],
     | 99.99th=[29492]
   bw (  KiB/s): min=21836, max=93204, per=100.00%, avg=50489.51, stdev=1434.97, samples=178
   iops        : min= 5455, max=23300, avg=12622.04, stdev=358.76, samples=178
  cpu          : usr=50.70%, sys=3.77%, ctx=475241, majf=0, minf=0
  IO depths    : 1=100.0%, 2=0.0%, 4=0.0%, 8=0.0%, 16=0.0%, 32=0.0%, >=64=0.0%
     submit    : 0=0.0%, 4=100.0%, 8=0.0%, 16=0.0%, 32=0.0%, 64=0.0%, >=64=0.0%
     complete  : 0=0.0%, 4=100.0%, 8=0.0%, 16=0.0%, 32=0.0%, 64=0.0%, >=64=0.0%
     issued rwts: total=96000,0,0,0 short=0,0,0,0 dropped=0,0,0,0
     latency   : target=0, window=0, percentile=100.00%, depth=1

Run status group 0 (all jobs):
   READ: bw=41.8MiB/s (43.9MB/s), 41.8MiB/s-41.8MiB/s (43.9MB/s-43.9MB/s), io=375MiB (393MB), run=8962-8962msec
