create: (g=0): rw=read, bs=(R) 4096B-4096B, (W) 4096B-4096B, (T) 4096B-4096B, ioengine=filecreate, iodepth=1
...
fio-3.41
Starting 8 threads

create: (groupid=0, jobs=8): err= 0: pid=891314: Sat Mar 14 20:04:04 2026
  read: IOPS=10.5k, BW=40.9MiB/s (42.9MB/s)(250MiB/6108msec)
    clat (usec): min=35, max=53237, avg=84.01, stdev=370.72
    clat percentiles (usec):
     |  1.00th=[   42],  5.00th=[   46], 10.00th=[   48], 20.00th=[   49],
     | 30.00th=[   51], 40.00th=[   54], 50.00th=[   64], 60.00th=[   77],
     | 70.00th=[   91], 80.00th=[  108], 90.00th=[  139], 95.00th=[  165],
     | 99.00th=[  225], 99.50th=[  253], 99.90th=[  742], 99.95th=[ 1057],
     | 99.99th=[ 4752]
   bw (  KiB/s): min=23976, max=119936, per=100.00%, avg=55679.67, stdev=3689.29, samples=72
   iops        : min= 5994, max=29984, avg=13919.92, stdev=922.32, samples=72
  cpu          : usr=73.67%, sys=4.72%, ctx=296905, majf=0, minf=0
  IO depths    : 1=100.0%, 2=0.0%, 4=0.0%, 8=0.0%, 16=0.0%, 32=0.0%, >=64=0.0%
     submit    : 0=0.0%, 4=100.0%, 8=0.0%, 16=0.0%, 32=0.0%, 64=0.0%, >=64=0.0%
     complete  : 0=0.0%, 4=100.0%, 8=0.0%, 16=0.0%, 32=0.0%, 64=0.0%, >=64=0.0%
     issued rwts: total=64000,0,0,0 short=0,0,0,0 dropped=0,0,0,0
     latency   : target=0, window=0, percentile=100.00%, depth=1

Run status group 0 (all jobs):
   READ: bw=40.9MiB/s (42.9MB/s), 40.9MiB/s-40.9MiB/s (42.9MB/s-42.9MB/s), io=250MiB (262MB), run=6108-6108msec
