create: (g=0): rw=read, bs=(R) 4096B-4096B, (W) 4096B-4096B, (T) 4096B-4096B, ioengine=filecreate, iodepth=1
...
fio-3.41
Starting 7 threads

create: (groupid=0, jobs=7): err= 0: pid=989959: Sat Mar 14 23:21:03 2026
  read: IOPS=7002, BW=27.4MiB/s (28.7MB/s)(219MiB/7997msec)
    clat (usec): min=36, max=60039, avg=66.78, stdev=259.55
    clat percentiles (usec):
     |  1.00th=[   41],  5.00th=[   45], 10.00th=[   46], 20.00th=[   48],
     | 30.00th=[   49], 40.00th=[   50], 50.00th=[   51], 60.00th=[   56],
     | 70.00th=[   65], 80.00th=[   83], 90.00th=[  101], 95.00th=[  125],
     | 99.00th=[  161], 99.50th=[  182], 99.90th=[  635], 99.95th=[ 1106],
     | 99.99th=[ 2999]
   bw (  KiB/s): min=15232, max=86170, per=100.00%, avg=34764.22, stdev=2802.69, samples=83
   iops        : min= 3808, max=21542, avg=8690.87, stdev=700.66, samples=83
  cpu          : usr=82.04%, sys=3.26%, ctx=245286, majf=0, minf=0
  IO depths    : 1=100.0%, 2=0.0%, 4=0.0%, 8=0.0%, 16=0.0%, 32=0.0%, >=64=0.0%
     submit    : 0=0.0%, 4=100.0%, 8=0.0%, 16=0.0%, 32=0.0%, 64=0.0%, >=64=0.0%
     complete  : 0=0.0%, 4=100.0%, 8=0.0%, 16=0.0%, 32=0.0%, 64=0.0%, >=64=0.0%
     issued rwts: total=56000,0,0,0 short=0,0,0,0 dropped=0,0,0,0
     latency   : target=0, window=0, percentile=100.00%, depth=1

Run status group 0 (all jobs):
   READ: bw=27.4MiB/s (28.7MB/s), 27.4MiB/s-27.4MiB/s (28.7MB/s-28.7MB/s), io=219MiB (229MB), run=7997-7997msec
