create: (g=0): rw=read, bs=(R) 4096B-4096B, (W) 4096B-4096B, (T) 4096B-4096B, ioengine=filecreate, iodepth=1
...
fio-3.41
Starting 27 threads

create: (groupid=0, jobs=27): err= 0: pid=920662: Sat Mar 14 21:51:17 2026
  read: IOPS=6288, BW=24.6MiB/s (25.8MB/s)(844MiB/34350msec)
    clat (usec): min=41, max=60387, avg=3744.20, stdev=2434.75
    clat percentiles (usec):
     |  1.00th=[   55],  5.00th=[   73], 10.00th=[  104], 20.00th=[ 2671],
     | 30.00th=[ 3458], 40.00th=[ 3851], 50.00th=[ 4228], 60.00th=[ 4555],
     | 70.00th=[ 4883], 80.00th=[ 5211], 90.00th=[ 5735], 95.00th=[ 6063],
     | 99.00th=[ 6521], 99.50th=[ 6652], 99.90th=[36963], 99.95th=[50594],
     | 99.99th=[56361]
   bw (  KiB/s): min=18791, max=31800, per=100.00%, avg=25305.20, stdev=112.53, samples=1825
   iops        : min= 4696, max= 7950, avg=6326.24, stdev=28.14, samples=1825
  cpu          : usr=10.42%, sys=1.77%, ctx=1135411, majf=0, minf=0
  IO depths    : 1=100.0%, 2=0.0%, 4=0.0%, 8=0.0%, 16=0.0%, 32=0.0%, >=64=0.0%
     submit    : 0=0.0%, 4=100.0%, 8=0.0%, 16=0.0%, 32=0.0%, 64=0.0%, >=64=0.0%
     complete  : 0=0.0%, 4=100.0%, 8=0.0%, 16=0.0%, 32=0.0%, 64=0.0%, >=64=0.0%
     issued rwts: total=216000,0,0,0 short=0,0,0,0 dropped=0,0,0,0
     latency   : target=0, window=0, percentile=100.00%, depth=1

Run status group 0 (all jobs):
   READ: bw=24.6MiB/s (25.8MB/s), 24.6MiB/s-24.6MiB/s (25.8MB/s-25.8MB/s), io=844MiB (885MB), run=34350-34350msec
