create: (g=0): rw=read, bs=(R) 4096B-4096B, (W) 4096B-4096B, (T) 4096B-4096B, ioengine=filecreate, iodepth=1
...
fio-3.41
Starting 8 threads

create: (groupid=0, jobs=8): err= 0: pid=904536: Sat Mar 14 20:53:32 2026
  read: IOPS=10.3k, BW=40.4MiB/s (42.4MB/s)(250MiB/6189msec)
    clat (usec): min=37, max=51886, avg=80.01, stdev=383.08
    clat percentiles (usec):
     |  1.00th=[   43],  5.00th=[   45], 10.00th=[   46], 20.00th=[   48],
     | 30.00th=[   50], 40.00th=[   51], 50.00th=[   57], 60.00th=[   68],
     | 70.00th=[   81], 80.00th=[   97], 90.00th=[  133], 95.00th=[  161],
     | 99.00th=[  229], 99.50th=[  255], 99.90th=[  750], 99.95th=[ 1319],
     | 99.99th=[ 7504]
   bw (  KiB/s): min=25296, max=113664, per=100.00%, avg=54084.93, stdev=3239.72, samples=70
   iops        : min= 6324, max=28416, avg=13521.23, stdev=809.93, samples=70
  cpu          : usr=74.86%, sys=4.84%, ctx=290836, majf=0, minf=0
  IO depths    : 1=100.0%, 2=0.0%, 4=0.0%, 8=0.0%, 16=0.0%, 32=0.0%, >=64=0.0%
     submit    : 0=0.0%, 4=100.0%, 8=0.0%, 16=0.0%, 32=0.0%, 64=0.0%, >=64=0.0%
     complete  : 0=0.0%, 4=100.0%, 8=0.0%, 16=0.0%, 32=0.0%, 64=0.0%, >=64=0.0%
     issued rwts: total=64000,0,0,0 short=0,0,0,0 dropped=0,0,0,0
     latency   : target=0, window=0, percentile=100.00%, depth=1

Run status group 0 (all jobs):
   READ: bw=40.4MiB/s (42.4MB/s), 40.4MiB/s-40.4MiB/s (42.4MB/s-42.4MB/s), io=250MiB (262MB), run=6189-6189msec
