create: (g=0): rw=read, bs=(R) 4096B-4096B, (W) 4096B-4096B, (T) 4096B-4096B, ioengine=filecreate, iodepth=1
...
fio-3.41
Starting 8 threads

create: (groupid=0, jobs=8): err= 0: pid=1031355: Sat Mar 14 23:45:45 2026
  read: IOPS=10.3k, BW=40.2MiB/s (42.1MB/s)(250MiB/6222msec)
    clat (usec): min=35, max=58339, avg=83.61, stdev=427.91
    clat percentiles (usec):
     |  1.00th=[   43],  5.00th=[   46], 10.00th=[   47], 20.00th=[   49],
     | 30.00th=[   50], 40.00th=[   53], 50.00th=[   62], 60.00th=[   75],
     | 70.00th=[   89], 80.00th=[  104], 90.00th=[  137], 95.00th=[  169],
     | 99.00th=[  239], 99.50th=[  273], 99.90th=[  775], 99.95th=[ 1074],
     | 99.99th=[ 1713]
   bw (  KiB/s): min=22487, max=112226, per=100.00%, avg=56031.40, stdev=3360.62, samples=71
   iops        : min= 5621, max=28056, avg=14007.68, stdev=840.15, samples=71
  cpu          : usr=72.82%, sys=5.00%, ctx=296450, majf=0, minf=0
  IO depths    : 1=100.0%, 2=0.0%, 4=0.0%, 8=0.0%, 16=0.0%, 32=0.0%, >=64=0.0%
     submit    : 0=0.0%, 4=100.0%, 8=0.0%, 16=0.0%, 32=0.0%, 64=0.0%, >=64=0.0%
     complete  : 0=0.0%, 4=100.0%, 8=0.0%, 16=0.0%, 32=0.0%, 64=0.0%, >=64=0.0%
     issued rwts: total=64000,0,0,0 short=0,0,0,0 dropped=0,0,0,0
     latency   : target=0, window=0, percentile=100.00%, depth=1

Run status group 0 (all jobs):
   READ: bw=40.2MiB/s (42.1MB/s), 40.2MiB/s-40.2MiB/s (42.1MB/s-42.1MB/s), io=250MiB (262MB), run=6222-6222msec
