create: (g=0): rw=read, bs=(R) 4096B-4096B, (W) 4096B-4096B, (T) 4096B-4096B, ioengine=filecreate, iodepth=1
...
fio-3.41
Starting 20 threads

create: (groupid=0, jobs=20): err= 0: pid=956419: Sat Mar 14 23:00:44 2026
  read: IOPS=7423, BW=29.0MiB/s (30.4MB/s)(625MiB/21552msec)
    clat (usec): min=41, max=57650, avg=2216.50, stdev=1673.68
    clat percentiles (usec):
     |  1.00th=[   52],  5.00th=[   58], 10.00th=[   71], 20.00th=[  126],
     | 30.00th=[ 2040], 40.00th=[ 2343], 50.00th=[ 2573], 60.00th=[ 2737],
     | 70.00th=[ 2933], 80.00th=[ 3130], 90.00th=[ 3392], 95.00th=[ 3556],
     | 99.00th=[ 3916], 99.50th=[ 4047], 99.90th=[10683], 99.95th=[41157],
     | 99.99th=[53740]
   bw (  KiB/s): min=21730, max=39232, per=100.00%, avg=29983.02, stdev=154.56, samples=844
   iops        : min= 5430, max= 9808, avg=7495.68, stdev=38.65, samples=844
  cpu          : usr=14.22%, sys=2.27%, ctx=838991, majf=0, minf=0
  IO depths    : 1=100.0%, 2=0.0%, 4=0.0%, 8=0.0%, 16=0.0%, 32=0.0%, >=64=0.0%
     submit    : 0=0.0%, 4=100.0%, 8=0.0%, 16=0.0%, 32=0.0%, 64=0.0%, >=64=0.0%
     complete  : 0=0.0%, 4=100.0%, 8=0.0%, 16=0.0%, 32=0.0%, 64=0.0%, >=64=0.0%
     issued rwts: total=160000,0,0,0 short=0,0,0,0 dropped=0,0,0,0
     latency   : target=0, window=0, percentile=100.00%, depth=1

Run status group 0 (all jobs):
   READ: bw=29.0MiB/s (30.4MB/s), 29.0MiB/s-29.0MiB/s (30.4MB/s-30.4MB/s), io=625MiB (655MB), run=21552-21552msec
