create: (g=0): rw=read, bs=(R) 4096B-4096B, (W) 4096B-4096B, (T) 4096B-4096B, ioengine=filecreate, iodepth=1
...
fio-3.41
Starting 25 threads

create: (groupid=0, jobs=25): err= 0: pid=907091: Sat Mar 14 21:00:23 2026
  read: IOPS=6617, BW=25.8MiB/s (27.1MB/s)(781MiB/30223msec)
    clat (usec): min=40, max=57767, avg=3247.25, stdev=2185.20
    clat percentiles (usec):
     |  1.00th=[   54],  5.00th=[   68], 10.00th=[   89], 20.00th=[ 2147],
     | 30.00th=[ 2966], 40.00th=[ 3326], 50.00th=[ 3654], 60.00th=[ 4015],
     | 70.00th=[ 4293], 80.00th=[ 4555], 90.00th=[ 4883], 95.00th=[ 5145],
     | 99.00th=[ 5473], 99.50th=[ 5604], 99.90th=[19268], 99.95th=[47973],
     | 99.99th=[57410]
   bw (  KiB/s): min=20246, max=33368, per=100.00%, avg=26622.03, stdev=124.86, samples=1491
   iops        : min= 5060, max= 8342, avg=6655.44, stdev=31.22, samples=1491
  cpu          : usr=11.66%, sys=1.88%, ctx=1050978, majf=0, minf=0
  IO depths    : 1=100.0%, 2=0.0%, 4=0.0%, 8=0.0%, 16=0.0%, 32=0.0%, >=64=0.0%
     submit    : 0=0.0%, 4=100.0%, 8=0.0%, 16=0.0%, 32=0.0%, 64=0.0%, >=64=0.0%
     complete  : 0=0.0%, 4=100.0%, 8=0.0%, 16=0.0%, 32=0.0%, 64=0.0%, >=64=0.0%
     issued rwts: total=200000,0,0,0 short=0,0,0,0 dropped=0,0,0,0
     latency   : target=0, window=0, percentile=100.00%, depth=1

Run status group 0 (all jobs):
   READ: bw=25.8MiB/s (27.1MB/s), 25.8MiB/s-25.8MiB/s (27.1MB/s-27.1MB/s), io=781MiB (819MB), run=30223-30223msec
