create: (g=0): rw=read, bs=(R) 4096B-4096B, (W) 4096B-4096B, (T) 4096B-4096B, ioengine=filecreate, iodepth=1
...
fio-3.41
Starting 20 threads

create: (groupid=0, jobs=20): err= 0: pid=899664: Sat Mar 14 20:32:45 2026
  read: IOPS=8028, BW=31.4MiB/s (32.9MB/s)(625MiB/19930msec)
    clat (usec): min=39, max=57458, avg=2016.46, stdev=1602.92
    clat percentiles (usec):
     |  1.00th=[   52],  5.00th=[   57], 10.00th=[   68], 20.00th=[  108],
     | 30.00th=[ 1860], 40.00th=[ 2147], 50.00th=[ 2343], 60.00th=[ 2540],
     | 70.00th=[ 2704], 80.00th=[ 2868], 90.00th=[ 3064], 95.00th=[ 3228],
     | 99.00th=[ 3490], 99.50th=[ 3556], 99.90th=[11469], 99.95th=[41681],
     | 99.99th=[55313]
   bw (  KiB/s): min=21396, max=37352, per=100.00%, avg=32283.66, stdev=147.58, samples=774
   iops        : min= 5348, max= 9338, avg=8070.89, stdev=36.90, samples=774
  cpu          : usr=14.99%, sys=2.34%, ctx=840188, majf=0, minf=0
  IO depths    : 1=100.0%, 2=0.0%, 4=0.0%, 8=0.0%, 16=0.0%, 32=0.0%, >=64=0.0%
     submit    : 0=0.0%, 4=100.0%, 8=0.0%, 16=0.0%, 32=0.0%, 64=0.0%, >=64=0.0%
     complete  : 0=0.0%, 4=100.0%, 8=0.0%, 16=0.0%, 32=0.0%, 64=0.0%, >=64=0.0%
     issued rwts: total=160000,0,0,0 short=0,0,0,0 dropped=0,0,0,0
     latency   : target=0, window=0, percentile=100.00%, depth=1

Run status group 0 (all jobs):
   READ: bw=31.4MiB/s (32.9MB/s), 31.4MiB/s-31.4MiB/s (32.9MB/s-32.9MB/s), io=625MiB (655MB), run=19930-19930msec
