create: (g=0): rw=read, bs=(R) 4096B-4096B, (W) 4096B-4096B, (T) 4096B-4096B, ioengine=filecreate, iodepth=1
...
fio-3.41
Starting 15 threads

create: (groupid=0, jobs=15): err= 0: pid=931974: Sat Mar 14 22:34:19 2026
  read: IOPS=8806, BW=34.4MiB/s (36.1MB/s)(469MiB/13627msec)
    clat (usec): min=36, max=50793, avg=1198.46, stdev=1224.64
    clat percentiles (usec):
     |  1.00th=[   49],  5.00th=[   52], 10.00th=[   55], 20.00th=[   67],
     | 30.00th=[  118], 40.00th=[ 1303], 50.00th=[ 1516], 60.00th=[ 1663],
     | 70.00th=[ 1811], 80.00th=[ 1942], 90.00th=[ 2089], 95.00th=[ 2180],
     | 99.00th=[ 2343], 99.50th=[ 2409], 99.90th=[ 3294], 99.95th=[11863],
     | 99.99th=[50070]
   bw (  KiB/s): min=23690, max=43400, per=99.53%, avg=35057.70, stdev=304.88, samples=389
   iops        : min= 5918, max=10850, avg=8764.22, stdev=76.26, samples=389
  cpu          : usr=24.70%, sys=2.87%, ctx=619162, majf=0, minf=0
  IO depths    : 1=100.0%, 2=0.0%, 4=0.0%, 8=0.0%, 16=0.0%, 32=0.0%, >=64=0.0%
     submit    : 0=0.0%, 4=100.0%, 8=0.0%, 16=0.0%, 32=0.0%, 64=0.0%, >=64=0.0%
     complete  : 0=0.0%, 4=100.0%, 8=0.0%, 16=0.0%, 32=0.0%, 64=0.0%, >=64=0.0%
     issued rwts: total=120000,0,0,0 short=0,0,0,0 dropped=0,0,0,0
     latency   : target=0, window=0, percentile=100.00%, depth=1

Run status group 0 (all jobs):
   READ: bw=34.4MiB/s (36.1MB/s), 34.4MiB/s-34.4MiB/s (36.1MB/s-36.1MB/s), io=469MiB (492MB), run=13627-13627msec
