create: (g=0): rw=read, bs=(R) 4096B-4096B, (W) 4096B-4096B, (T) 4096B-4096B, ioengine=filecreate, iodepth=1
...
fio-3.41
Starting 8 threads

create: (groupid=0, jobs=8): err= 0: pid=990405: Sat Mar 14 23:21:15 2026
  read: IOPS=9347, BW=36.5MiB/s (38.3MB/s)(250MiB/6847msec)
    clat (usec): min=36, max=53522, avg=80.43, stdev=407.77
    clat percentiles (usec):
     |  1.00th=[   42],  5.00th=[   45], 10.00th=[   47], 20.00th=[   48],
     | 30.00th=[   49], 40.00th=[   51], 50.00th=[   57], 60.00th=[   68],
     | 70.00th=[   83], 80.00th=[   98], 90.00th=[  130], 95.00th=[  157],
     | 99.00th=[  227], 99.50th=[  255], 99.90th=[  881], 99.95th=[ 1811],
     | 99.99th=[ 3425]
   bw (  KiB/s): min=21824, max=105168, per=100.00%, avg=52219.18, stdev=3013.60, samples=71
   iops        : min= 5453, max=26292, avg=13054.24, stdev=753.46, samples=71
  cpu          : usr=74.88%, sys=4.82%, ctx=291469, majf=0, minf=0
  IO depths    : 1=100.0%, 2=0.0%, 4=0.0%, 8=0.0%, 16=0.0%, 32=0.0%, >=64=0.0%
     submit    : 0=0.0%, 4=100.0%, 8=0.0%, 16=0.0%, 32=0.0%, 64=0.0%, >=64=0.0%
     complete  : 0=0.0%, 4=100.0%, 8=0.0%, 16=0.0%, 32=0.0%, 64=0.0%, >=64=0.0%
     issued rwts: total=64000,0,0,0 short=0,0,0,0 dropped=0,0,0,0
     latency   : target=0, window=0, percentile=100.00%, depth=1

Run status group 0 (all jobs):
   READ: bw=36.5MiB/s (38.3MB/s), 36.5MiB/s-36.5MiB/s (38.3MB/s-38.3MB/s), io=250MiB (262MB), run=6847-6847msec
